[2024-04-22T06:13:23.456+0000] {processor.py:153} INFO - Started process (PID=43464) to work on /usr/local/python/3.10.13/lib/python3.10/site-packages/airflow/example_dags/example_latest_only.py
[2024-04-22T06:13:23.457+0000] {processor.py:743} INFO - Processing file /usr/local/python/3.10.13/lib/python3.10/site-packages/airflow/example_dags/example_latest_only.py for tasks to queue
[2024-04-22T06:13:23.458+0000] {logging_mixin.py:137} INFO - [2024-04-22T06:13:23.457+0000] {dagbag.py:538} INFO - Filling up the DagBag from /usr/local/python/3.10.13/lib/python3.10/site-packages/airflow/example_dags/example_latest_only.py
[2024-04-22T06:13:23.469+0000] {processor.py:753} INFO - DAG(s) dict_keys(['latest_only']) retrieved from /usr/local/python/3.10.13/lib/python3.10/site-packages/airflow/example_dags/example_latest_only.py
[2024-04-22T06:13:23.622+0000] {logging_mixin.py:137} INFO - [2024-04-22T06:13:23.621+0000] {manager.py:504} INFO - Created Permission View: can delete on DAG:latest_only
[2024-04-22T06:13:23.659+0000] {logging_mixin.py:137} INFO - [2024-04-22T06:13:23.659+0000] {manager.py:504} INFO - Created Permission View: can edit on DAG:latest_only
[2024-04-22T06:13:23.698+0000] {logging_mixin.py:137} INFO - [2024-04-22T06:13:23.697+0000] {manager.py:504} INFO - Created Permission View: can read on DAG:latest_only
[2024-04-22T06:13:23.698+0000] {logging_mixin.py:137} INFO - [2024-04-22T06:13:23.698+0000] {dag.py:2690} INFO - Sync 1 DAGs
[2024-04-22T06:13:23.708+0000] {logging_mixin.py:137} INFO - [2024-04-22T06:13:23.708+0000] {dag.py:2711} INFO - Creating ORM DAG for latest_only
[2024-04-22T06:13:23.715+0000] {logging_mixin.py:137} INFO - [2024-04-22T06:13:23.715+0000] {dag.py:3437} INFO - Setting next_dagrun for latest_only to 2024-04-22T02:13:23.715190+00:00, run_after=2024-04-22T06:13:23.715190+00:00
[2024-04-22T06:13:23.773+0000] {processor.py:175} INFO - Processing /usr/local/python/3.10.13/lib/python3.10/site-packages/airflow/example_dags/example_latest_only.py took 0.319 seconds
[2024-04-22T06:14:08.582+0000] {processor.py:153} INFO - Started process (PID=43757) to work on /usr/local/python/3.10.13/lib/python3.10/site-packages/airflow/example_dags/example_latest_only.py
[2024-04-22T06:14:08.582+0000] {processor.py:743} INFO - Processing file /usr/local/python/3.10.13/lib/python3.10/site-packages/airflow/example_dags/example_latest_only.py for tasks to queue
[2024-04-22T06:14:08.583+0000] {logging_mixin.py:137} INFO - [2024-04-22T06:14:08.583+0000] {dagbag.py:538} INFO - Filling up the DagBag from /usr/local/python/3.10.13/lib/python3.10/site-packages/airflow/example_dags/example_latest_only.py
[2024-04-22T06:14:08.594+0000] {processor.py:753} INFO - DAG(s) dict_keys(['latest_only']) retrieved from /usr/local/python/3.10.13/lib/python3.10/site-packages/airflow/example_dags/example_latest_only.py
[2024-04-22T06:14:08.608+0000] {logging_mixin.py:137} INFO - [2024-04-22T06:14:08.608+0000] {dag.py:2690} INFO - Sync 1 DAGs
[2024-04-22T06:14:08.623+0000] {logging_mixin.py:137} INFO - [2024-04-22T06:14:08.623+0000] {dag.py:3437} INFO - Setting next_dagrun for latest_only to 2024-04-22T02:14:08.622972+00:00, run_after=2024-04-22T06:14:08.622972+00:00
[2024-04-22T06:14:08.673+0000] {processor.py:175} INFO - Processing /usr/local/python/3.10.13/lib/python3.10/site-packages/airflow/example_dags/example_latest_only.py took 0.094 seconds
[2024-04-22T06:14:47.778+0000] {processor.py:153} INFO - Started process (PID=44027) to work on /usr/local/python/3.10.13/lib/python3.10/site-packages/airflow/example_dags/example_latest_only.py
[2024-04-22T06:14:47.779+0000] {processor.py:743} INFO - Processing file /usr/local/python/3.10.13/lib/python3.10/site-packages/airflow/example_dags/example_latest_only.py for tasks to queue
[2024-04-22T06:14:47.779+0000] {logging_mixin.py:137} INFO - [2024-04-22T06:14:47.779+0000] {dagbag.py:538} INFO - Filling up the DagBag from /usr/local/python/3.10.13/lib/python3.10/site-packages/airflow/example_dags/example_latest_only.py
[2024-04-22T06:14:47.797+0000] {processor.py:753} INFO - DAG(s) dict_keys(['latest_only']) retrieved from /usr/local/python/3.10.13/lib/python3.10/site-packages/airflow/example_dags/example_latest_only.py
[2024-04-22T06:14:47.813+0000] {logging_mixin.py:137} INFO - [2024-04-22T06:14:47.812+0000] {dag.py:2690} INFO - Sync 1 DAGs
[2024-04-22T06:14:47.833+0000] {logging_mixin.py:137} INFO - [2024-04-22T06:14:47.833+0000] {dag.py:3437} INFO - Setting next_dagrun for latest_only to 2024-04-22T02:14:47.832956+00:00, run_after=2024-04-22T06:14:47.832956+00:00
[2024-04-22T06:14:47.883+0000] {processor.py:175} INFO - Processing /usr/local/python/3.10.13/lib/python3.10/site-packages/airflow/example_dags/example_latest_only.py took 0.108 seconds
[2024-04-22T06:15:28.044+0000] {processor.py:153} INFO - Started process (PID=44301) to work on /usr/local/python/3.10.13/lib/python3.10/site-packages/airflow/example_dags/example_latest_only.py
[2024-04-22T06:15:28.045+0000] {processor.py:743} INFO - Processing file /usr/local/python/3.10.13/lib/python3.10/site-packages/airflow/example_dags/example_latest_only.py for tasks to queue
[2024-04-22T06:15:28.047+0000] {logging_mixin.py:137} INFO - [2024-04-22T06:15:28.046+0000] {dagbag.py:538} INFO - Filling up the DagBag from /usr/local/python/3.10.13/lib/python3.10/site-packages/airflow/example_dags/example_latest_only.py
[2024-04-22T06:15:28.057+0000] {processor.py:753} INFO - DAG(s) dict_keys(['latest_only']) retrieved from /usr/local/python/3.10.13/lib/python3.10/site-packages/airflow/example_dags/example_latest_only.py
[2024-04-22T06:15:28.071+0000] {logging_mixin.py:137} INFO - [2024-04-22T06:15:28.071+0000] {dag.py:2690} INFO - Sync 1 DAGs
[2024-04-22T06:15:28.085+0000] {logging_mixin.py:137} INFO - [2024-04-22T06:15:28.085+0000] {dag.py:3437} INFO - Setting next_dagrun for latest_only to 2024-04-22T02:15:28.085492+00:00, run_after=2024-04-22T06:15:28.085492+00:00
[2024-04-22T06:15:28.133+0000] {processor.py:175} INFO - Processing /usr/local/python/3.10.13/lib/python3.10/site-packages/airflow/example_dags/example_latest_only.py took 0.091 seconds
[2024-04-22T06:16:12.074+0000] {processor.py:153} INFO - Started process (PID=44590) to work on /usr/local/python/3.10.13/lib/python3.10/site-packages/airflow/example_dags/example_latest_only.py
[2024-04-22T06:16:12.074+0000] {processor.py:743} INFO - Processing file /usr/local/python/3.10.13/lib/python3.10/site-packages/airflow/example_dags/example_latest_only.py for tasks to queue
[2024-04-22T06:16:12.075+0000] {logging_mixin.py:137} INFO - [2024-04-22T06:16:12.075+0000] {dagbag.py:538} INFO - Filling up the DagBag from /usr/local/python/3.10.13/lib/python3.10/site-packages/airflow/example_dags/example_latest_only.py
[2024-04-22T06:16:12.086+0000] {processor.py:753} INFO - DAG(s) dict_keys(['latest_only']) retrieved from /usr/local/python/3.10.13/lib/python3.10/site-packages/airflow/example_dags/example_latest_only.py
[2024-04-22T06:16:12.099+0000] {logging_mixin.py:137} INFO - [2024-04-22T06:16:12.099+0000] {dag.py:2690} INFO - Sync 1 DAGs
[2024-04-22T06:16:12.114+0000] {logging_mixin.py:137} INFO - [2024-04-22T06:16:12.114+0000] {dag.py:3437} INFO - Setting next_dagrun for latest_only to 2024-04-22T02:16:12.114156+00:00, run_after=2024-04-22T06:16:12.114156+00:00
[2024-04-22T06:16:12.162+0000] {processor.py:175} INFO - Processing /usr/local/python/3.10.13/lib/python3.10/site-packages/airflow/example_dags/example_latest_only.py took 0.090 seconds
[2024-04-22T06:16:53.672+0000] {processor.py:153} INFO - Started process (PID=44877) to work on /usr/local/python/3.10.13/lib/python3.10/site-packages/airflow/example_dags/example_latest_only.py
[2024-04-22T06:16:53.673+0000] {processor.py:743} INFO - Processing file /usr/local/python/3.10.13/lib/python3.10/site-packages/airflow/example_dags/example_latest_only.py for tasks to queue
[2024-04-22T06:16:53.673+0000] {logging_mixin.py:137} INFO - [2024-04-22T06:16:53.673+0000] {dagbag.py:538} INFO - Filling up the DagBag from /usr/local/python/3.10.13/lib/python3.10/site-packages/airflow/example_dags/example_latest_only.py
[2024-04-22T06:16:53.684+0000] {processor.py:753} INFO - DAG(s) dict_keys(['latest_only']) retrieved from /usr/local/python/3.10.13/lib/python3.10/site-packages/airflow/example_dags/example_latest_only.py
[2024-04-22T06:16:53.698+0000] {logging_mixin.py:137} INFO - [2024-04-22T06:16:53.698+0000] {dag.py:2690} INFO - Sync 1 DAGs
[2024-04-22T06:16:53.713+0000] {logging_mixin.py:137} INFO - [2024-04-22T06:16:53.713+0000] {dag.py:3437} INFO - Setting next_dagrun for latest_only to 2024-04-22T02:16:53.713139+00:00, run_after=2024-04-22T06:16:53.713139+00:00
[2024-04-22T06:16:53.759+0000] {processor.py:175} INFO - Processing /usr/local/python/3.10.13/lib/python3.10/site-packages/airflow/example_dags/example_latest_only.py took 0.089 seconds
[2024-04-22T06:17:36.598+0000] {processor.py:153} INFO - Started process (PID=45166) to work on /usr/local/python/3.10.13/lib/python3.10/site-packages/airflow/example_dags/example_latest_only.py
[2024-04-22T06:17:36.599+0000] {processor.py:743} INFO - Processing file /usr/local/python/3.10.13/lib/python3.10/site-packages/airflow/example_dags/example_latest_only.py for tasks to queue
[2024-04-22T06:17:36.600+0000] {logging_mixin.py:137} INFO - [2024-04-22T06:17:36.599+0000] {dagbag.py:538} INFO - Filling up the DagBag from /usr/local/python/3.10.13/lib/python3.10/site-packages/airflow/example_dags/example_latest_only.py
[2024-04-22T06:17:36.611+0000] {processor.py:753} INFO - DAG(s) dict_keys(['latest_only']) retrieved from /usr/local/python/3.10.13/lib/python3.10/site-packages/airflow/example_dags/example_latest_only.py
[2024-04-22T06:17:36.629+0000] {logging_mixin.py:137} INFO - [2024-04-22T06:17:36.629+0000] {dag.py:2690} INFO - Sync 1 DAGs
[2024-04-22T06:17:36.651+0000] {logging_mixin.py:137} INFO - [2024-04-22T06:17:36.651+0000] {dag.py:3437} INFO - Setting next_dagrun for latest_only to 2024-04-22T02:17:36.651552+00:00, run_after=2024-04-22T06:17:36.651552+00:00
[2024-04-22T06:17:36.709+0000] {processor.py:175} INFO - Processing /usr/local/python/3.10.13/lib/python3.10/site-packages/airflow/example_dags/example_latest_only.py took 0.113 seconds
[2024-04-22T06:18:17.368+0000] {processor.py:153} INFO - Started process (PID=45505) to work on /usr/local/python/3.10.13/lib/python3.10/site-packages/airflow/example_dags/example_latest_only.py
[2024-04-22T06:18:17.368+0000] {processor.py:743} INFO - Processing file /usr/local/python/3.10.13/lib/python3.10/site-packages/airflow/example_dags/example_latest_only.py for tasks to queue
[2024-04-22T06:18:17.369+0000] {logging_mixin.py:137} INFO - [2024-04-22T06:18:17.369+0000] {dagbag.py:538} INFO - Filling up the DagBag from /usr/local/python/3.10.13/lib/python3.10/site-packages/airflow/example_dags/example_latest_only.py
[2024-04-22T06:18:17.380+0000] {processor.py:753} INFO - DAG(s) dict_keys(['latest_only']) retrieved from /usr/local/python/3.10.13/lib/python3.10/site-packages/airflow/example_dags/example_latest_only.py
[2024-04-22T06:18:17.394+0000] {logging_mixin.py:137} INFO - [2024-04-22T06:18:17.394+0000] {dag.py:2690} INFO - Sync 1 DAGs
[2024-04-22T06:18:17.409+0000] {logging_mixin.py:137} INFO - [2024-04-22T06:18:17.409+0000] {dag.py:3437} INFO - Setting next_dagrun for latest_only to 2024-04-22T02:18:17.408920+00:00, run_after=2024-04-22T06:18:17.408920+00:00
[2024-04-22T06:18:17.458+0000] {processor.py:175} INFO - Processing /usr/local/python/3.10.13/lib/python3.10/site-packages/airflow/example_dags/example_latest_only.py took 0.093 seconds
[2024-04-22T06:18:59.183+0000] {processor.py:153} INFO - Started process (PID=45809) to work on /usr/local/python/3.10.13/lib/python3.10/site-packages/airflow/example_dags/example_latest_only.py
[2024-04-22T06:18:59.184+0000] {processor.py:743} INFO - Processing file /usr/local/python/3.10.13/lib/python3.10/site-packages/airflow/example_dags/example_latest_only.py for tasks to queue
[2024-04-22T06:18:59.184+0000] {logging_mixin.py:137} INFO - [2024-04-22T06:18:59.184+0000] {dagbag.py:538} INFO - Filling up the DagBag from /usr/local/python/3.10.13/lib/python3.10/site-packages/airflow/example_dags/example_latest_only.py
[2024-04-22T06:18:59.196+0000] {processor.py:753} INFO - DAG(s) dict_keys(['latest_only']) retrieved from /usr/local/python/3.10.13/lib/python3.10/site-packages/airflow/example_dags/example_latest_only.py
[2024-04-22T06:18:59.212+0000] {logging_mixin.py:137} INFO - [2024-04-22T06:18:59.212+0000] {dag.py:2690} INFO - Sync 1 DAGs
[2024-04-22T06:18:59.228+0000] {logging_mixin.py:137} INFO - [2024-04-22T06:18:59.228+0000] {dag.py:3437} INFO - Setting next_dagrun for latest_only to 2024-04-22T02:18:59.227971+00:00, run_after=2024-04-22T06:18:59.227971+00:00
[2024-04-22T06:18:59.276+0000] {processor.py:175} INFO - Processing /usr/local/python/3.10.13/lib/python3.10/site-packages/airflow/example_dags/example_latest_only.py took 0.095 seconds
[2024-04-22T06:19:39.480+0000] {processor.py:153} INFO - Started process (PID=46061) to work on /usr/local/python/3.10.13/lib/python3.10/site-packages/airflow/example_dags/example_latest_only.py
[2024-04-22T06:19:39.481+0000] {processor.py:743} INFO - Processing file /usr/local/python/3.10.13/lib/python3.10/site-packages/airflow/example_dags/example_latest_only.py for tasks to queue
[2024-04-22T06:19:39.481+0000] {logging_mixin.py:137} INFO - [2024-04-22T06:19:39.481+0000] {dagbag.py:538} INFO - Filling up the DagBag from /usr/local/python/3.10.13/lib/python3.10/site-packages/airflow/example_dags/example_latest_only.py
[2024-04-22T06:19:39.492+0000] {processor.py:753} INFO - DAG(s) dict_keys(['latest_only']) retrieved from /usr/local/python/3.10.13/lib/python3.10/site-packages/airflow/example_dags/example_latest_only.py
[2024-04-22T06:19:39.506+0000] {logging_mixin.py:137} INFO - [2024-04-22T06:19:39.505+0000] {dag.py:2690} INFO - Sync 1 DAGs
[2024-04-22T06:19:39.520+0000] {logging_mixin.py:137} INFO - [2024-04-22T06:19:39.520+0000] {dag.py:3437} INFO - Setting next_dagrun for latest_only to 2024-04-22T02:19:39.520594+00:00, run_after=2024-04-22T06:19:39.520594+00:00
[2024-04-22T06:19:39.566+0000] {processor.py:175} INFO - Processing /usr/local/python/3.10.13/lib/python3.10/site-packages/airflow/example_dags/example_latest_only.py took 0.089 seconds
[2024-04-22T06:20:24.916+0000] {processor.py:153} INFO - Started process (PID=46389) to work on /usr/local/python/3.10.13/lib/python3.10/site-packages/airflow/example_dags/example_latest_only.py
[2024-04-22T06:20:24.917+0000] {processor.py:743} INFO - Processing file /usr/local/python/3.10.13/lib/python3.10/site-packages/airflow/example_dags/example_latest_only.py for tasks to queue
[2024-04-22T06:20:24.917+0000] {logging_mixin.py:137} INFO - [2024-04-22T06:20:24.917+0000] {dagbag.py:538} INFO - Filling up the DagBag from /usr/local/python/3.10.13/lib/python3.10/site-packages/airflow/example_dags/example_latest_only.py
[2024-04-22T06:20:24.929+0000] {processor.py:753} INFO - DAG(s) dict_keys(['latest_only']) retrieved from /usr/local/python/3.10.13/lib/python3.10/site-packages/airflow/example_dags/example_latest_only.py
[2024-04-22T06:20:24.942+0000] {logging_mixin.py:137} INFO - [2024-04-22T06:20:24.942+0000] {dag.py:2690} INFO - Sync 1 DAGs
[2024-04-22T06:20:24.957+0000] {logging_mixin.py:137} INFO - [2024-04-22T06:20:24.957+0000] {dag.py:3437} INFO - Setting next_dagrun for latest_only to 2024-04-22T02:20:24.957302+00:00, run_after=2024-04-22T06:20:24.957302+00:00
[2024-04-22T06:20:25.005+0000] {processor.py:175} INFO - Processing /usr/local/python/3.10.13/lib/python3.10/site-packages/airflow/example_dags/example_latest_only.py took 0.091 seconds
[2024-04-22T06:21:09.493+0000] {processor.py:153} INFO - Started process (PID=46683) to work on /usr/local/python/3.10.13/lib/python3.10/site-packages/airflow/example_dags/example_latest_only.py
[2024-04-22T06:21:09.493+0000] {processor.py:743} INFO - Processing file /usr/local/python/3.10.13/lib/python3.10/site-packages/airflow/example_dags/example_latest_only.py for tasks to queue
[2024-04-22T06:21:09.494+0000] {logging_mixin.py:137} INFO - [2024-04-22T06:21:09.494+0000] {dagbag.py:538} INFO - Filling up the DagBag from /usr/local/python/3.10.13/lib/python3.10/site-packages/airflow/example_dags/example_latest_only.py
[2024-04-22T06:21:09.504+0000] {processor.py:753} INFO - DAG(s) dict_keys(['latest_only']) retrieved from /usr/local/python/3.10.13/lib/python3.10/site-packages/airflow/example_dags/example_latest_only.py
[2024-04-22T06:21:09.518+0000] {logging_mixin.py:137} INFO - [2024-04-22T06:21:09.517+0000] {dag.py:2690} INFO - Sync 1 DAGs
[2024-04-22T06:21:09.533+0000] {logging_mixin.py:137} INFO - [2024-04-22T06:21:09.533+0000] {dag.py:3437} INFO - Setting next_dagrun for latest_only to 2024-04-22T02:21:09.533317+00:00, run_after=2024-04-22T06:21:09.533317+00:00
[2024-04-22T06:21:09.715+0000] {processor.py:175} INFO - Processing /usr/local/python/3.10.13/lib/python3.10/site-packages/airflow/example_dags/example_latest_only.py took 0.225 seconds
[2024-04-22T06:21:55.072+0000] {processor.py:153} INFO - Started process (PID=46999) to work on /usr/local/python/3.10.13/lib/python3.10/site-packages/airflow/example_dags/example_latest_only.py
[2024-04-22T06:21:55.073+0000] {processor.py:743} INFO - Processing file /usr/local/python/3.10.13/lib/python3.10/site-packages/airflow/example_dags/example_latest_only.py for tasks to queue
[2024-04-22T06:21:55.074+0000] {logging_mixin.py:137} INFO - [2024-04-22T06:21:55.074+0000] {dagbag.py:538} INFO - Filling up the DagBag from /usr/local/python/3.10.13/lib/python3.10/site-packages/airflow/example_dags/example_latest_only.py
[2024-04-22T06:21:55.086+0000] {processor.py:753} INFO - DAG(s) dict_keys(['latest_only']) retrieved from /usr/local/python/3.10.13/lib/python3.10/site-packages/airflow/example_dags/example_latest_only.py
[2024-04-22T06:21:55.099+0000] {logging_mixin.py:137} INFO - [2024-04-22T06:21:55.099+0000] {dag.py:2690} INFO - Sync 1 DAGs
[2024-04-22T06:21:55.209+0000] {logging_mixin.py:137} INFO - [2024-04-22T06:21:55.209+0000] {dag.py:3437} INFO - Setting next_dagrun for latest_only to 2024-04-22T02:21:55.209234+00:00, run_after=2024-04-22T06:21:55.209234+00:00
[2024-04-22T06:21:55.257+0000] {processor.py:175} INFO - Processing /usr/local/python/3.10.13/lib/python3.10/site-packages/airflow/example_dags/example_latest_only.py took 0.186 seconds
[2024-04-22T06:22:45.395+0000] {processor.py:153} INFO - Started process (PID=47429) to work on /usr/local/python/3.10.13/lib/python3.10/site-packages/airflow/example_dags/example_latest_only.py
[2024-04-22T06:22:45.395+0000] {processor.py:743} INFO - Processing file /usr/local/python/3.10.13/lib/python3.10/site-packages/airflow/example_dags/example_latest_only.py for tasks to queue
[2024-04-22T06:22:45.396+0000] {logging_mixin.py:137} INFO - [2024-04-22T06:22:45.396+0000] {dagbag.py:538} INFO - Filling up the DagBag from /usr/local/python/3.10.13/lib/python3.10/site-packages/airflow/example_dags/example_latest_only.py
[2024-04-22T06:22:45.407+0000] {processor.py:753} INFO - DAG(s) dict_keys(['latest_only']) retrieved from /usr/local/python/3.10.13/lib/python3.10/site-packages/airflow/example_dags/example_latest_only.py
[2024-04-22T06:22:45.421+0000] {logging_mixin.py:137} INFO - [2024-04-22T06:22:45.421+0000] {dag.py:2690} INFO - Sync 1 DAGs
[2024-04-22T06:22:45.521+0000] {logging_mixin.py:137} INFO - [2024-04-22T06:22:45.521+0000] {dag.py:3437} INFO - Setting next_dagrun for latest_only to 2024-04-22T02:22:45.521167+00:00, run_after=2024-04-22T06:22:45.521167+00:00
[2024-04-22T06:22:45.570+0000] {processor.py:175} INFO - Processing /usr/local/python/3.10.13/lib/python3.10/site-packages/airflow/example_dags/example_latest_only.py took 0.177 seconds
[2024-04-22T06:23:29.488+0000] {processor.py:153} INFO - Started process (PID=47843) to work on /usr/local/python/3.10.13/lib/python3.10/site-packages/airflow/example_dags/example_latest_only.py
[2024-04-22T06:23:29.489+0000] {processor.py:743} INFO - Processing file /usr/local/python/3.10.13/lib/python3.10/site-packages/airflow/example_dags/example_latest_only.py for tasks to queue
[2024-04-22T06:23:29.490+0000] {logging_mixin.py:137} INFO - [2024-04-22T06:23:29.489+0000] {dagbag.py:538} INFO - Filling up the DagBag from /usr/local/python/3.10.13/lib/python3.10/site-packages/airflow/example_dags/example_latest_only.py
[2024-04-22T06:23:29.502+0000] {processor.py:753} INFO - DAG(s) dict_keys(['latest_only']) retrieved from /usr/local/python/3.10.13/lib/python3.10/site-packages/airflow/example_dags/example_latest_only.py
[2024-04-22T06:23:29.637+0000] {logging_mixin.py:137} INFO - [2024-04-22T06:23:29.637+0000] {dag.py:2690} INFO - Sync 1 DAGs
[2024-04-22T06:23:29.650+0000] {logging_mixin.py:137} INFO - [2024-04-22T06:23:29.650+0000] {dag.py:3437} INFO - Setting next_dagrun for latest_only to 2024-04-22T02:23:29.650619+00:00, run_after=2024-04-22T06:23:29.650619+00:00
[2024-04-22T06:23:29.700+0000] {processor.py:175} INFO - Processing /usr/local/python/3.10.13/lib/python3.10/site-packages/airflow/example_dags/example_latest_only.py took 0.214 seconds
[2024-04-22T06:24:12.647+0000] {processor.py:153} INFO - Started process (PID=48286) to work on /usr/local/python/3.10.13/lib/python3.10/site-packages/airflow/example_dags/example_latest_only.py
[2024-04-22T06:24:12.648+0000] {processor.py:743} INFO - Processing file /usr/local/python/3.10.13/lib/python3.10/site-packages/airflow/example_dags/example_latest_only.py for tasks to queue
[2024-04-22T06:24:12.649+0000] {logging_mixin.py:137} INFO - [2024-04-22T06:24:12.649+0000] {dagbag.py:538} INFO - Filling up the DagBag from /usr/local/python/3.10.13/lib/python3.10/site-packages/airflow/example_dags/example_latest_only.py
[2024-04-22T06:24:12.764+0000] {processor.py:753} INFO - DAG(s) dict_keys(['latest_only']) retrieved from /usr/local/python/3.10.13/lib/python3.10/site-packages/airflow/example_dags/example_latest_only.py
[2024-04-22T06:24:12.775+0000] {logging_mixin.py:137} INFO - [2024-04-22T06:24:12.775+0000] {dag.py:2690} INFO - Sync 1 DAGs
[2024-04-22T06:24:12.789+0000] {logging_mixin.py:137} INFO - [2024-04-22T06:24:12.789+0000] {dag.py:3437} INFO - Setting next_dagrun for latest_only to 2024-04-22T02:24:12.789185+00:00, run_after=2024-04-22T06:24:12.789185+00:00
[2024-04-22T06:24:12.834+0000] {processor.py:175} INFO - Processing /usr/local/python/3.10.13/lib/python3.10/site-packages/airflow/example_dags/example_latest_only.py took 0.190 seconds
[2024-04-22T06:24:56.108+0000] {processor.py:153} INFO - Started process (PID=48779) to work on /usr/local/python/3.10.13/lib/python3.10/site-packages/airflow/example_dags/example_latest_only.py
[2024-04-22T06:24:56.109+0000] {processor.py:743} INFO - Processing file /usr/local/python/3.10.13/lib/python3.10/site-packages/airflow/example_dags/example_latest_only.py for tasks to queue
[2024-04-22T06:24:56.109+0000] {logging_mixin.py:137} INFO - [2024-04-22T06:24:56.109+0000] {dagbag.py:538} INFO - Filling up the DagBag from /usr/local/python/3.10.13/lib/python3.10/site-packages/airflow/example_dags/example_latest_only.py
[2024-04-22T06:24:56.220+0000] {processor.py:753} INFO - DAG(s) dict_keys(['latest_only']) retrieved from /usr/local/python/3.10.13/lib/python3.10/site-packages/airflow/example_dags/example_latest_only.py
[2024-04-22T06:24:56.236+0000] {logging_mixin.py:137} INFO - [2024-04-22T06:24:56.235+0000] {dag.py:2690} INFO - Sync 1 DAGs
[2024-04-22T06:24:56.266+0000] {logging_mixin.py:137} INFO - [2024-04-22T06:24:56.266+0000] {dag.py:3437} INFO - Setting next_dagrun for latest_only to 2024-04-22T02:24:56.266169+00:00, run_after=2024-04-22T06:24:56.266169+00:00
[2024-04-22T06:24:56.322+0000] {processor.py:175} INFO - Processing /usr/local/python/3.10.13/lib/python3.10/site-packages/airflow/example_dags/example_latest_only.py took 0.216 seconds
[2024-04-22T06:25:39.024+0000] {processor.py:153} INFO - Started process (PID=49253) to work on /usr/local/python/3.10.13/lib/python3.10/site-packages/airflow/example_dags/example_latest_only.py
[2024-04-22T06:25:39.025+0000] {processor.py:743} INFO - Processing file /usr/local/python/3.10.13/lib/python3.10/site-packages/airflow/example_dags/example_latest_only.py for tasks to queue
[2024-04-22T06:25:39.025+0000] {logging_mixin.py:137} INFO - [2024-04-22T06:25:39.025+0000] {dagbag.py:538} INFO - Filling up the DagBag from /usr/local/python/3.10.13/lib/python3.10/site-packages/airflow/example_dags/example_latest_only.py
[2024-04-22T06:25:39.038+0000] {processor.py:753} INFO - DAG(s) dict_keys(['latest_only']) retrieved from /usr/local/python/3.10.13/lib/python3.10/site-packages/airflow/example_dags/example_latest_only.py
[2024-04-22T06:25:39.051+0000] {logging_mixin.py:137} INFO - [2024-04-22T06:25:39.051+0000] {dag.py:2690} INFO - Sync 1 DAGs
[2024-04-22T06:25:39.067+0000] {logging_mixin.py:137} INFO - [2024-04-22T06:25:39.067+0000] {dag.py:3437} INFO - Setting next_dagrun for latest_only to 2024-04-22T02:25:39.067374+00:00, run_after=2024-04-22T06:25:39.067374+00:00
[2024-04-22T06:25:39.116+0000] {processor.py:175} INFO - Processing /usr/local/python/3.10.13/lib/python3.10/site-packages/airflow/example_dags/example_latest_only.py took 0.095 seconds
[2024-04-22T06:26:18.311+0000] {processor.py:153} INFO - Started process (PID=49601) to work on /usr/local/python/3.10.13/lib/python3.10/site-packages/airflow/example_dags/example_latest_only.py
[2024-04-22T06:26:18.312+0000] {processor.py:743} INFO - Processing file /usr/local/python/3.10.13/lib/python3.10/site-packages/airflow/example_dags/example_latest_only.py for tasks to queue
[2024-04-22T06:26:18.312+0000] {logging_mixin.py:137} INFO - [2024-04-22T06:26:18.312+0000] {dagbag.py:538} INFO - Filling up the DagBag from /usr/local/python/3.10.13/lib/python3.10/site-packages/airflow/example_dags/example_latest_only.py
[2024-04-22T06:26:18.328+0000] {processor.py:753} INFO - DAG(s) dict_keys(['latest_only']) retrieved from /usr/local/python/3.10.13/lib/python3.10/site-packages/airflow/example_dags/example_latest_only.py
[2024-04-22T06:26:18.342+0000] {logging_mixin.py:137} INFO - [2024-04-22T06:26:18.342+0000] {dag.py:2690} INFO - Sync 1 DAGs
[2024-04-22T06:26:18.358+0000] {logging_mixin.py:137} INFO - [2024-04-22T06:26:18.358+0000] {dag.py:3437} INFO - Setting next_dagrun for latest_only to 2024-04-22T02:26:18.358005+00:00, run_after=2024-04-22T06:26:18.358005+00:00
[2024-04-22T06:26:18.406+0000] {processor.py:175} INFO - Processing /usr/local/python/3.10.13/lib/python3.10/site-packages/airflow/example_dags/example_latest_only.py took 0.097 seconds
[2024-04-22T06:26:59.174+0000] {processor.py:153} INFO - Started process (PID=50006) to work on /usr/local/python/3.10.13/lib/python3.10/site-packages/airflow/example_dags/example_latest_only.py
[2024-04-22T06:26:59.175+0000] {processor.py:743} INFO - Processing file /usr/local/python/3.10.13/lib/python3.10/site-packages/airflow/example_dags/example_latest_only.py for tasks to queue
[2024-04-22T06:26:59.176+0000] {logging_mixin.py:137} INFO - [2024-04-22T06:26:59.175+0000] {dagbag.py:538} INFO - Filling up the DagBag from /usr/local/python/3.10.13/lib/python3.10/site-packages/airflow/example_dags/example_latest_only.py
[2024-04-22T06:26:59.190+0000] {processor.py:753} INFO - DAG(s) dict_keys(['latest_only']) retrieved from /usr/local/python/3.10.13/lib/python3.10/site-packages/airflow/example_dags/example_latest_only.py
[2024-04-22T06:26:59.209+0000] {logging_mixin.py:137} INFO - [2024-04-22T06:26:59.209+0000] {dag.py:2690} INFO - Sync 1 DAGs
[2024-04-22T06:26:59.232+0000] {logging_mixin.py:137} INFO - [2024-04-22T06:26:59.232+0000] {dag.py:3437} INFO - Setting next_dagrun for latest_only to 2024-04-22T02:26:59.231807+00:00, run_after=2024-04-22T06:26:59.231807+00:00
[2024-04-22T06:26:59.281+0000] {processor.py:175} INFO - Processing /usr/local/python/3.10.13/lib/python3.10/site-packages/airflow/example_dags/example_latest_only.py took 0.109 seconds
[2024-04-22T06:27:39.906+0000] {processor.py:153} INFO - Started process (PID=50360) to work on /usr/local/python/3.10.13/lib/python3.10/site-packages/airflow/example_dags/example_latest_only.py
[2024-04-22T06:27:39.907+0000] {processor.py:743} INFO - Processing file /usr/local/python/3.10.13/lib/python3.10/site-packages/airflow/example_dags/example_latest_only.py for tasks to queue
[2024-04-22T06:27:39.909+0000] {logging_mixin.py:137} INFO - [2024-04-22T06:27:39.909+0000] {dagbag.py:538} INFO - Filling up the DagBag from /usr/local/python/3.10.13/lib/python3.10/site-packages/airflow/example_dags/example_latest_only.py
[2024-04-22T06:27:39.924+0000] {processor.py:753} INFO - DAG(s) dict_keys(['latest_only']) retrieved from /usr/local/python/3.10.13/lib/python3.10/site-packages/airflow/example_dags/example_latest_only.py
[2024-04-22T06:27:39.945+0000] {logging_mixin.py:137} INFO - [2024-04-22T06:27:39.945+0000] {dag.py:2690} INFO - Sync 1 DAGs
[2024-04-22T06:27:39.962+0000] {logging_mixin.py:137} INFO - [2024-04-22T06:27:39.962+0000] {dag.py:3437} INFO - Setting next_dagrun for latest_only to 2024-04-22T02:27:39.962034+00:00, run_after=2024-04-22T06:27:39.962034+00:00
[2024-04-22T06:27:40.010+0000] {processor.py:175} INFO - Processing /usr/local/python/3.10.13/lib/python3.10/site-packages/airflow/example_dags/example_latest_only.py took 0.107 seconds
