[2024-04-22T06:13:12.911+0000] {processor.py:153} INFO - Started process (PID=43389) to work on /usr/local/python/3.10.13/lib/python3.10/site-packages/airflow/example_dags/example_complex.py
[2024-04-22T06:13:12.912+0000] {processor.py:743} INFO - Processing file /usr/local/python/3.10.13/lib/python3.10/site-packages/airflow/example_dags/example_complex.py for tasks to queue
[2024-04-22T06:13:12.912+0000] {logging_mixin.py:137} INFO - [2024-04-22T06:13:12.912+0000] {dagbag.py:538} INFO - Filling up the DagBag from /usr/local/python/3.10.13/lib/python3.10/site-packages/airflow/example_dags/example_complex.py
[2024-04-22T06:13:12.933+0000] {logging_mixin.py:137} INFO - [2024-04-22T06:13:12.933+0000] {taskmixin.py:205} WARNING - Dependency <Task(BashOperator): create_entry_group>, delete_entry_group already registered for DAG: example_complex
[2024-04-22T06:13:12.933+0000] {logging_mixin.py:137} INFO - [2024-04-22T06:13:12.933+0000] {taskmixin.py:205} WARNING - Dependency <Task(BashOperator): delete_entry_group>, create_entry_group already registered for DAG: example_complex
[2024-04-22T06:13:12.934+0000] {logging_mixin.py:137} INFO - [2024-04-22T06:13:12.934+0000] {taskmixin.py:205} WARNING - Dependency <Task(BashOperator): create_entry_gcs>, delete_entry already registered for DAG: example_complex
[2024-04-22T06:13:12.934+0000] {logging_mixin.py:137} INFO - [2024-04-22T06:13:12.934+0000] {taskmixin.py:205} WARNING - Dependency <Task(BashOperator): delete_entry>, create_entry_gcs already registered for DAG: example_complex
[2024-04-22T06:13:12.935+0000] {logging_mixin.py:137} INFO - [2024-04-22T06:13:12.935+0000] {taskmixin.py:205} WARNING - Dependency <Task(BashOperator): create_tag>, delete_tag already registered for DAG: example_complex
[2024-04-22T06:13:12.936+0000] {logging_mixin.py:137} INFO - [2024-04-22T06:13:12.935+0000] {taskmixin.py:205} WARNING - Dependency <Task(BashOperator): delete_tag>, create_tag already registered for DAG: example_complex
[2024-04-22T06:13:12.946+0000] {processor.py:753} INFO - DAG(s) dict_keys(['example_complex']) retrieved from /usr/local/python/3.10.13/lib/python3.10/site-packages/airflow/example_dags/example_complex.py
[2024-04-22T06:13:13.132+0000] {logging_mixin.py:137} INFO - [2024-04-22T06:13:13.132+0000] {manager.py:504} INFO - Created Permission View: can delete on DAG:example_complex
[2024-04-22T06:13:13.170+0000] {logging_mixin.py:137} INFO - [2024-04-22T06:13:13.170+0000] {manager.py:504} INFO - Created Permission View: can edit on DAG:example_complex
[2024-04-22T06:13:13.207+0000] {logging_mixin.py:137} INFO - [2024-04-22T06:13:13.207+0000] {manager.py:504} INFO - Created Permission View: can read on DAG:example_complex
[2024-04-22T06:13:13.207+0000] {logging_mixin.py:137} INFO - [2024-04-22T06:13:13.207+0000] {dag.py:2690} INFO - Sync 1 DAGs
[2024-04-22T06:13:13.215+0000] {logging_mixin.py:137} INFO - [2024-04-22T06:13:13.215+0000] {dag.py:2711} INFO - Creating ORM DAG for example_complex
[2024-04-22T06:13:13.222+0000] {logging_mixin.py:137} INFO - [2024-04-22T06:13:13.222+0000] {dag.py:3437} INFO - Setting next_dagrun for example_complex to None, run_after=None
[2024-04-22T06:13:13.273+0000] {processor.py:175} INFO - Processing /usr/local/python/3.10.13/lib/python3.10/site-packages/airflow/example_dags/example_complex.py took 0.364 seconds
[2024-04-22T06:13:58.039+0000] {processor.py:153} INFO - Started process (PID=43687) to work on /usr/local/python/3.10.13/lib/python3.10/site-packages/airflow/example_dags/example_complex.py
[2024-04-22T06:13:58.039+0000] {processor.py:743} INFO - Processing file /usr/local/python/3.10.13/lib/python3.10/site-packages/airflow/example_dags/example_complex.py for tasks to queue
[2024-04-22T06:13:58.040+0000] {logging_mixin.py:137} INFO - [2024-04-22T06:13:58.040+0000] {dagbag.py:538} INFO - Filling up the DagBag from /usr/local/python/3.10.13/lib/python3.10/site-packages/airflow/example_dags/example_complex.py
[2024-04-22T06:13:58.050+0000] {logging_mixin.py:137} INFO - [2024-04-22T06:13:58.049+0000] {taskmixin.py:205} WARNING - Dependency <Task(BashOperator): create_entry_group>, delete_entry_group already registered for DAG: example_complex
[2024-04-22T06:13:58.050+0000] {logging_mixin.py:137} INFO - [2024-04-22T06:13:58.050+0000] {taskmixin.py:205} WARNING - Dependency <Task(BashOperator): delete_entry_group>, create_entry_group already registered for DAG: example_complex
[2024-04-22T06:13:58.050+0000] {logging_mixin.py:137} INFO - [2024-04-22T06:13:58.050+0000] {taskmixin.py:205} WARNING - Dependency <Task(BashOperator): create_entry_gcs>, delete_entry already registered for DAG: example_complex
[2024-04-22T06:13:58.050+0000] {logging_mixin.py:137} INFO - [2024-04-22T06:13:58.050+0000] {taskmixin.py:205} WARNING - Dependency <Task(BashOperator): delete_entry>, create_entry_gcs already registered for DAG: example_complex
[2024-04-22T06:13:58.051+0000] {logging_mixin.py:137} INFO - [2024-04-22T06:13:58.051+0000] {taskmixin.py:205} WARNING - Dependency <Task(BashOperator): create_tag>, delete_tag already registered for DAG: example_complex
[2024-04-22T06:13:58.051+0000] {logging_mixin.py:137} INFO - [2024-04-22T06:13:58.051+0000] {taskmixin.py:205} WARNING - Dependency <Task(BashOperator): delete_tag>, create_tag already registered for DAG: example_complex
[2024-04-22T06:13:58.057+0000] {processor.py:753} INFO - DAG(s) dict_keys(['example_complex']) retrieved from /usr/local/python/3.10.13/lib/python3.10/site-packages/airflow/example_dags/example_complex.py
[2024-04-22T06:13:58.078+0000] {logging_mixin.py:137} INFO - [2024-04-22T06:13:58.078+0000] {dag.py:2690} INFO - Sync 1 DAGs
[2024-04-22T06:13:58.092+0000] {logging_mixin.py:137} INFO - [2024-04-22T06:13:58.092+0000] {dag.py:3437} INFO - Setting next_dagrun for example_complex to None, run_after=None
[2024-04-22T06:13:58.137+0000] {processor.py:175} INFO - Processing /usr/local/python/3.10.13/lib/python3.10/site-packages/airflow/example_dags/example_complex.py took 0.100 seconds
[2024-04-22T06:14:38.149+0000] {processor.py:153} INFO - Started process (PID=43961) to work on /usr/local/python/3.10.13/lib/python3.10/site-packages/airflow/example_dags/example_complex.py
[2024-04-22T06:14:38.150+0000] {processor.py:743} INFO - Processing file /usr/local/python/3.10.13/lib/python3.10/site-packages/airflow/example_dags/example_complex.py for tasks to queue
[2024-04-22T06:14:38.151+0000] {logging_mixin.py:137} INFO - [2024-04-22T06:14:38.151+0000] {dagbag.py:538} INFO - Filling up the DagBag from /usr/local/python/3.10.13/lib/python3.10/site-packages/airflow/example_dags/example_complex.py
[2024-04-22T06:14:38.165+0000] {logging_mixin.py:137} INFO - [2024-04-22T06:14:38.165+0000] {taskmixin.py:205} WARNING - Dependency <Task(BashOperator): create_entry_group>, delete_entry_group already registered for DAG: example_complex
[2024-04-22T06:14:38.166+0000] {logging_mixin.py:137} INFO - [2024-04-22T06:14:38.165+0000] {taskmixin.py:205} WARNING - Dependency <Task(BashOperator): delete_entry_group>, create_entry_group already registered for DAG: example_complex
[2024-04-22T06:14:38.166+0000] {logging_mixin.py:137} INFO - [2024-04-22T06:14:38.166+0000] {taskmixin.py:205} WARNING - Dependency <Task(BashOperator): create_entry_gcs>, delete_entry already registered for DAG: example_complex
[2024-04-22T06:14:38.166+0000] {logging_mixin.py:137} INFO - [2024-04-22T06:14:38.166+0000] {taskmixin.py:205} WARNING - Dependency <Task(BashOperator): delete_entry>, create_entry_gcs already registered for DAG: example_complex
[2024-04-22T06:14:38.166+0000] {logging_mixin.py:137} INFO - [2024-04-22T06:14:38.166+0000] {taskmixin.py:205} WARNING - Dependency <Task(BashOperator): create_tag>, delete_tag already registered for DAG: example_complex
[2024-04-22T06:14:38.167+0000] {logging_mixin.py:137} INFO - [2024-04-22T06:14:38.167+0000] {taskmixin.py:205} WARNING - Dependency <Task(BashOperator): delete_tag>, create_tag already registered for DAG: example_complex
[2024-04-22T06:14:38.174+0000] {processor.py:753} INFO - DAG(s) dict_keys(['example_complex']) retrieved from /usr/local/python/3.10.13/lib/python3.10/site-packages/airflow/example_dags/example_complex.py
[2024-04-22T06:14:38.193+0000] {logging_mixin.py:137} INFO - [2024-04-22T06:14:38.193+0000] {dag.py:2690} INFO - Sync 1 DAGs
[2024-04-22T06:14:38.208+0000] {logging_mixin.py:137} INFO - [2024-04-22T06:14:38.208+0000] {dag.py:3437} INFO - Setting next_dagrun for example_complex to None, run_after=None
[2024-04-22T06:14:38.255+0000] {processor.py:175} INFO - Processing /usr/local/python/3.10.13/lib/python3.10/site-packages/airflow/example_dags/example_complex.py took 0.109 seconds
[2024-04-22T06:15:17.597+0000] {processor.py:153} INFO - Started process (PID=44231) to work on /usr/local/python/3.10.13/lib/python3.10/site-packages/airflow/example_dags/example_complex.py
[2024-04-22T06:15:17.598+0000] {processor.py:743} INFO - Processing file /usr/local/python/3.10.13/lib/python3.10/site-packages/airflow/example_dags/example_complex.py for tasks to queue
[2024-04-22T06:15:17.598+0000] {logging_mixin.py:137} INFO - [2024-04-22T06:15:17.598+0000] {dagbag.py:538} INFO - Filling up the DagBag from /usr/local/python/3.10.13/lib/python3.10/site-packages/airflow/example_dags/example_complex.py
[2024-04-22T06:15:17.610+0000] {logging_mixin.py:137} INFO - [2024-04-22T06:15:17.610+0000] {taskmixin.py:205} WARNING - Dependency <Task(BashOperator): create_entry_group>, delete_entry_group already registered for DAG: example_complex
[2024-04-22T06:15:17.610+0000] {logging_mixin.py:137} INFO - [2024-04-22T06:15:17.610+0000] {taskmixin.py:205} WARNING - Dependency <Task(BashOperator): delete_entry_group>, create_entry_group already registered for DAG: example_complex
[2024-04-22T06:15:17.611+0000] {logging_mixin.py:137} INFO - [2024-04-22T06:15:17.611+0000] {taskmixin.py:205} WARNING - Dependency <Task(BashOperator): create_entry_gcs>, delete_entry already registered for DAG: example_complex
[2024-04-22T06:15:17.611+0000] {logging_mixin.py:137} INFO - [2024-04-22T06:15:17.611+0000] {taskmixin.py:205} WARNING - Dependency <Task(BashOperator): delete_entry>, create_entry_gcs already registered for DAG: example_complex
[2024-04-22T06:15:17.611+0000] {logging_mixin.py:137} INFO - [2024-04-22T06:15:17.611+0000] {taskmixin.py:205} WARNING - Dependency <Task(BashOperator): create_tag>, delete_tag already registered for DAG: example_complex
[2024-04-22T06:15:17.611+0000] {logging_mixin.py:137} INFO - [2024-04-22T06:15:17.611+0000] {taskmixin.py:205} WARNING - Dependency <Task(BashOperator): delete_tag>, create_tag already registered for DAG: example_complex
[2024-04-22T06:15:17.618+0000] {processor.py:753} INFO - DAG(s) dict_keys(['example_complex']) retrieved from /usr/local/python/3.10.13/lib/python3.10/site-packages/airflow/example_dags/example_complex.py
[2024-04-22T06:15:17.636+0000] {logging_mixin.py:137} INFO - [2024-04-22T06:15:17.636+0000] {dag.py:2690} INFO - Sync 1 DAGs
[2024-04-22T06:15:17.650+0000] {logging_mixin.py:137} INFO - [2024-04-22T06:15:17.650+0000] {dag.py:3437} INFO - Setting next_dagrun for example_complex to None, run_after=None
[2024-04-22T06:15:17.697+0000] {processor.py:175} INFO - Processing /usr/local/python/3.10.13/lib/python3.10/site-packages/airflow/example_dags/example_complex.py took 0.102 seconds
[2024-04-22T06:15:59.294+0000] {processor.py:153} INFO - Started process (PID=44511) to work on /usr/local/python/3.10.13/lib/python3.10/site-packages/airflow/example_dags/example_complex.py
[2024-04-22T06:15:59.295+0000] {processor.py:743} INFO - Processing file /usr/local/python/3.10.13/lib/python3.10/site-packages/airflow/example_dags/example_complex.py for tasks to queue
[2024-04-22T06:15:59.296+0000] {logging_mixin.py:137} INFO - [2024-04-22T06:15:59.296+0000] {dagbag.py:538} INFO - Filling up the DagBag from /usr/local/python/3.10.13/lib/python3.10/site-packages/airflow/example_dags/example_complex.py
[2024-04-22T06:15:59.305+0000] {logging_mixin.py:137} INFO - [2024-04-22T06:15:59.305+0000] {taskmixin.py:205} WARNING - Dependency <Task(BashOperator): create_entry_group>, delete_entry_group already registered for DAG: example_complex
[2024-04-22T06:15:59.305+0000] {logging_mixin.py:137} INFO - [2024-04-22T06:15:59.305+0000] {taskmixin.py:205} WARNING - Dependency <Task(BashOperator): delete_entry_group>, create_entry_group already registered for DAG: example_complex
[2024-04-22T06:15:59.305+0000] {logging_mixin.py:137} INFO - [2024-04-22T06:15:59.305+0000] {taskmixin.py:205} WARNING - Dependency <Task(BashOperator): create_entry_gcs>, delete_entry already registered for DAG: example_complex
[2024-04-22T06:15:59.305+0000] {logging_mixin.py:137} INFO - [2024-04-22T06:15:59.305+0000] {taskmixin.py:205} WARNING - Dependency <Task(BashOperator): delete_entry>, create_entry_gcs already registered for DAG: example_complex
[2024-04-22T06:15:59.306+0000] {logging_mixin.py:137} INFO - [2024-04-22T06:15:59.306+0000] {taskmixin.py:205} WARNING - Dependency <Task(BashOperator): create_tag>, delete_tag already registered for DAG: example_complex
[2024-04-22T06:15:59.306+0000] {logging_mixin.py:137} INFO - [2024-04-22T06:15:59.306+0000] {taskmixin.py:205} WARNING - Dependency <Task(BashOperator): delete_tag>, create_tag already registered for DAG: example_complex
[2024-04-22T06:15:59.313+0000] {processor.py:753} INFO - DAG(s) dict_keys(['example_complex']) retrieved from /usr/local/python/3.10.13/lib/python3.10/site-packages/airflow/example_dags/example_complex.py
[2024-04-22T06:15:59.331+0000] {logging_mixin.py:137} INFO - [2024-04-22T06:15:59.331+0000] {dag.py:2690} INFO - Sync 1 DAGs
[2024-04-22T06:15:59.346+0000] {logging_mixin.py:137} INFO - [2024-04-22T06:15:59.346+0000] {dag.py:3437} INFO - Setting next_dagrun for example_complex to None, run_after=None
[2024-04-22T06:15:59.392+0000] {processor.py:175} INFO - Processing /usr/local/python/3.10.13/lib/python3.10/site-packages/airflow/example_dags/example_complex.py took 0.100 seconds
[2024-04-22T06:16:39.763+0000] {processor.py:153} INFO - Started process (PID=44788) to work on /usr/local/python/3.10.13/lib/python3.10/site-packages/airflow/example_dags/example_complex.py
[2024-04-22T06:16:39.764+0000] {processor.py:743} INFO - Processing file /usr/local/python/3.10.13/lib/python3.10/site-packages/airflow/example_dags/example_complex.py for tasks to queue
[2024-04-22T06:16:39.765+0000] {logging_mixin.py:137} INFO - [2024-04-22T06:16:39.764+0000] {dagbag.py:538} INFO - Filling up the DagBag from /usr/local/python/3.10.13/lib/python3.10/site-packages/airflow/example_dags/example_complex.py
[2024-04-22T06:16:39.774+0000] {logging_mixin.py:137} INFO - [2024-04-22T06:16:39.774+0000] {taskmixin.py:205} WARNING - Dependency <Task(BashOperator): create_entry_group>, delete_entry_group already registered for DAG: example_complex
[2024-04-22T06:16:39.774+0000] {logging_mixin.py:137} INFO - [2024-04-22T06:16:39.774+0000] {taskmixin.py:205} WARNING - Dependency <Task(BashOperator): delete_entry_group>, create_entry_group already registered for DAG: example_complex
[2024-04-22T06:16:39.775+0000] {logging_mixin.py:137} INFO - [2024-04-22T06:16:39.775+0000] {taskmixin.py:205} WARNING - Dependency <Task(BashOperator): create_entry_gcs>, delete_entry already registered for DAG: example_complex
[2024-04-22T06:16:39.775+0000] {logging_mixin.py:137} INFO - [2024-04-22T06:16:39.775+0000] {taskmixin.py:205} WARNING - Dependency <Task(BashOperator): delete_entry>, create_entry_gcs already registered for DAG: example_complex
[2024-04-22T06:16:39.775+0000] {logging_mixin.py:137} INFO - [2024-04-22T06:16:39.775+0000] {taskmixin.py:205} WARNING - Dependency <Task(BashOperator): create_tag>, delete_tag already registered for DAG: example_complex
[2024-04-22T06:16:39.775+0000] {logging_mixin.py:137} INFO - [2024-04-22T06:16:39.775+0000] {taskmixin.py:205} WARNING - Dependency <Task(BashOperator): delete_tag>, create_tag already registered for DAG: example_complex
[2024-04-22T06:16:39.782+0000] {processor.py:753} INFO - DAG(s) dict_keys(['example_complex']) retrieved from /usr/local/python/3.10.13/lib/python3.10/site-packages/airflow/example_dags/example_complex.py
[2024-04-22T06:16:39.800+0000] {logging_mixin.py:137} INFO - [2024-04-22T06:16:39.800+0000] {dag.py:2690} INFO - Sync 1 DAGs
[2024-04-22T06:16:39.816+0000] {logging_mixin.py:137} INFO - [2024-04-22T06:16:39.816+0000] {dag.py:3437} INFO - Setting next_dagrun for example_complex to None, run_after=None
[2024-04-22T06:16:39.862+0000] {processor.py:175} INFO - Processing /usr/local/python/3.10.13/lib/python3.10/site-packages/airflow/example_dags/example_complex.py took 0.101 seconds
[2024-04-22T06:17:20.056+0000] {processor.py:153} INFO - Started process (PID=45066) to work on /usr/local/python/3.10.13/lib/python3.10/site-packages/airflow/example_dags/example_complex.py
[2024-04-22T06:17:20.057+0000] {processor.py:743} INFO - Processing file /usr/local/python/3.10.13/lib/python3.10/site-packages/airflow/example_dags/example_complex.py for tasks to queue
[2024-04-22T06:17:20.058+0000] {logging_mixin.py:137} INFO - [2024-04-22T06:17:20.057+0000] {dagbag.py:538} INFO - Filling up the DagBag from /usr/local/python/3.10.13/lib/python3.10/site-packages/airflow/example_dags/example_complex.py
[2024-04-22T06:17:20.072+0000] {logging_mixin.py:137} INFO - [2024-04-22T06:17:20.072+0000] {taskmixin.py:205} WARNING - Dependency <Task(BashOperator): create_entry_group>, delete_entry_group already registered for DAG: example_complex
[2024-04-22T06:17:20.072+0000] {logging_mixin.py:137} INFO - [2024-04-22T06:17:20.072+0000] {taskmixin.py:205} WARNING - Dependency <Task(BashOperator): delete_entry_group>, create_entry_group already registered for DAG: example_complex
[2024-04-22T06:17:20.073+0000] {logging_mixin.py:137} INFO - [2024-04-22T06:17:20.073+0000] {taskmixin.py:205} WARNING - Dependency <Task(BashOperator): create_entry_gcs>, delete_entry already registered for DAG: example_complex
[2024-04-22T06:17:20.073+0000] {logging_mixin.py:137} INFO - [2024-04-22T06:17:20.073+0000] {taskmixin.py:205} WARNING - Dependency <Task(BashOperator): delete_entry>, create_entry_gcs already registered for DAG: example_complex
[2024-04-22T06:17:20.074+0000] {logging_mixin.py:137} INFO - [2024-04-22T06:17:20.073+0000] {taskmixin.py:205} WARNING - Dependency <Task(BashOperator): create_tag>, delete_tag already registered for DAG: example_complex
[2024-04-22T06:17:20.074+0000] {logging_mixin.py:137} INFO - [2024-04-22T06:17:20.074+0000] {taskmixin.py:205} WARNING - Dependency <Task(BashOperator): delete_tag>, create_tag already registered for DAG: example_complex
[2024-04-22T06:17:20.084+0000] {processor.py:753} INFO - DAG(s) dict_keys(['example_complex']) retrieved from /usr/local/python/3.10.13/lib/python3.10/site-packages/airflow/example_dags/example_complex.py
[2024-04-22T06:17:20.112+0000] {logging_mixin.py:137} INFO - [2024-04-22T06:17:20.112+0000] {dag.py:2690} INFO - Sync 1 DAGs
[2024-04-22T06:17:20.135+0000] {logging_mixin.py:137} INFO - [2024-04-22T06:17:20.134+0000] {dag.py:3437} INFO - Setting next_dagrun for example_complex to None, run_after=None
[2024-04-22T06:17:20.181+0000] {processor.py:175} INFO - Processing /usr/local/python/3.10.13/lib/python3.10/site-packages/airflow/example_dags/example_complex.py took 0.127 seconds
[2024-04-22T06:18:01.787+0000] {processor.py:153} INFO - Started process (PID=45405) to work on /usr/local/python/3.10.13/lib/python3.10/site-packages/airflow/example_dags/example_complex.py
[2024-04-22T06:18:01.788+0000] {processor.py:743} INFO - Processing file /usr/local/python/3.10.13/lib/python3.10/site-packages/airflow/example_dags/example_complex.py for tasks to queue
[2024-04-22T06:18:01.788+0000] {logging_mixin.py:137} INFO - [2024-04-22T06:18:01.788+0000] {dagbag.py:538} INFO - Filling up the DagBag from /usr/local/python/3.10.13/lib/python3.10/site-packages/airflow/example_dags/example_complex.py
[2024-04-22T06:18:01.797+0000] {logging_mixin.py:137} INFO - [2024-04-22T06:18:01.797+0000] {taskmixin.py:205} WARNING - Dependency <Task(BashOperator): create_entry_group>, delete_entry_group already registered for DAG: example_complex
[2024-04-22T06:18:01.798+0000] {logging_mixin.py:137} INFO - [2024-04-22T06:18:01.798+0000] {taskmixin.py:205} WARNING - Dependency <Task(BashOperator): delete_entry_group>, create_entry_group already registered for DAG: example_complex
[2024-04-22T06:18:01.798+0000] {logging_mixin.py:137} INFO - [2024-04-22T06:18:01.798+0000] {taskmixin.py:205} WARNING - Dependency <Task(BashOperator): create_entry_gcs>, delete_entry already registered for DAG: example_complex
[2024-04-22T06:18:01.798+0000] {logging_mixin.py:137} INFO - [2024-04-22T06:18:01.798+0000] {taskmixin.py:205} WARNING - Dependency <Task(BashOperator): delete_entry>, create_entry_gcs already registered for DAG: example_complex
[2024-04-22T06:18:01.799+0000] {logging_mixin.py:137} INFO - [2024-04-22T06:18:01.798+0000] {taskmixin.py:205} WARNING - Dependency <Task(BashOperator): create_tag>, delete_tag already registered for DAG: example_complex
[2024-04-22T06:18:01.799+0000] {logging_mixin.py:137} INFO - [2024-04-22T06:18:01.799+0000] {taskmixin.py:205} WARNING - Dependency <Task(BashOperator): delete_tag>, create_tag already registered for DAG: example_complex
[2024-04-22T06:18:01.805+0000] {processor.py:753} INFO - DAG(s) dict_keys(['example_complex']) retrieved from /usr/local/python/3.10.13/lib/python3.10/site-packages/airflow/example_dags/example_complex.py
[2024-04-22T06:18:01.832+0000] {logging_mixin.py:137} INFO - [2024-04-22T06:18:01.831+0000] {dag.py:2690} INFO - Sync 1 DAGs
[2024-04-22T06:18:01.847+0000] {logging_mixin.py:137} INFO - [2024-04-22T06:18:01.847+0000] {dag.py:3437} INFO - Setting next_dagrun for example_complex to None, run_after=None
[2024-04-22T06:18:01.898+0000] {processor.py:175} INFO - Processing /usr/local/python/3.10.13/lib/python3.10/site-packages/airflow/example_dags/example_complex.py took 0.113 seconds
[2024-04-22T06:18:43.448+0000] {processor.py:153} INFO - Started process (PID=45691) to work on /usr/local/python/3.10.13/lib/python3.10/site-packages/airflow/example_dags/example_complex.py
[2024-04-22T06:18:43.448+0000] {processor.py:743} INFO - Processing file /usr/local/python/3.10.13/lib/python3.10/site-packages/airflow/example_dags/example_complex.py for tasks to queue
[2024-04-22T06:18:43.449+0000] {logging_mixin.py:137} INFO - [2024-04-22T06:18:43.449+0000] {dagbag.py:538} INFO - Filling up the DagBag from /usr/local/python/3.10.13/lib/python3.10/site-packages/airflow/example_dags/example_complex.py
[2024-04-22T06:18:43.458+0000] {logging_mixin.py:137} INFO - [2024-04-22T06:18:43.458+0000] {taskmixin.py:205} WARNING - Dependency <Task(BashOperator): create_entry_group>, delete_entry_group already registered for DAG: example_complex
[2024-04-22T06:18:43.458+0000] {logging_mixin.py:137} INFO - [2024-04-22T06:18:43.458+0000] {taskmixin.py:205} WARNING - Dependency <Task(BashOperator): delete_entry_group>, create_entry_group already registered for DAG: example_complex
[2024-04-22T06:18:43.458+0000] {logging_mixin.py:137} INFO - [2024-04-22T06:18:43.458+0000] {taskmixin.py:205} WARNING - Dependency <Task(BashOperator): create_entry_gcs>, delete_entry already registered for DAG: example_complex
[2024-04-22T06:18:43.459+0000] {logging_mixin.py:137} INFO - [2024-04-22T06:18:43.459+0000] {taskmixin.py:205} WARNING - Dependency <Task(BashOperator): delete_entry>, create_entry_gcs already registered for DAG: example_complex
[2024-04-22T06:18:43.459+0000] {logging_mixin.py:137} INFO - [2024-04-22T06:18:43.459+0000] {taskmixin.py:205} WARNING - Dependency <Task(BashOperator): create_tag>, delete_tag already registered for DAG: example_complex
[2024-04-22T06:18:43.459+0000] {logging_mixin.py:137} INFO - [2024-04-22T06:18:43.459+0000] {taskmixin.py:205} WARNING - Dependency <Task(BashOperator): delete_tag>, create_tag already registered for DAG: example_complex
[2024-04-22T06:18:43.466+0000] {processor.py:753} INFO - DAG(s) dict_keys(['example_complex']) retrieved from /usr/local/python/3.10.13/lib/python3.10/site-packages/airflow/example_dags/example_complex.py
[2024-04-22T06:18:43.485+0000] {logging_mixin.py:137} INFO - [2024-04-22T06:18:43.485+0000] {dag.py:2690} INFO - Sync 1 DAGs
[2024-04-22T06:18:43.499+0000] {logging_mixin.py:137} INFO - [2024-04-22T06:18:43.499+0000] {dag.py:3437} INFO - Setting next_dagrun for example_complex to None, run_after=None
[2024-04-22T06:18:43.545+0000] {processor.py:175} INFO - Processing /usr/local/python/3.10.13/lib/python3.10/site-packages/airflow/example_dags/example_complex.py took 0.099 seconds
[2024-04-22T06:19:25.131+0000] {processor.py:153} INFO - Started process (PID=45975) to work on /usr/local/python/3.10.13/lib/python3.10/site-packages/airflow/example_dags/example_complex.py
[2024-04-22T06:19:25.132+0000] {processor.py:743} INFO - Processing file /usr/local/python/3.10.13/lib/python3.10/site-packages/airflow/example_dags/example_complex.py for tasks to queue
[2024-04-22T06:19:25.132+0000] {logging_mixin.py:137} INFO - [2024-04-22T06:19:25.132+0000] {dagbag.py:538} INFO - Filling up the DagBag from /usr/local/python/3.10.13/lib/python3.10/site-packages/airflow/example_dags/example_complex.py
[2024-04-22T06:19:25.142+0000] {logging_mixin.py:137} INFO - [2024-04-22T06:19:25.142+0000] {taskmixin.py:205} WARNING - Dependency <Task(BashOperator): create_entry_group>, delete_entry_group already registered for DAG: example_complex
[2024-04-22T06:19:25.142+0000] {logging_mixin.py:137} INFO - [2024-04-22T06:19:25.142+0000] {taskmixin.py:205} WARNING - Dependency <Task(BashOperator): delete_entry_group>, create_entry_group already registered for DAG: example_complex
[2024-04-22T06:19:25.142+0000] {logging_mixin.py:137} INFO - [2024-04-22T06:19:25.142+0000] {taskmixin.py:205} WARNING - Dependency <Task(BashOperator): create_entry_gcs>, delete_entry already registered for DAG: example_complex
[2024-04-22T06:19:25.142+0000] {logging_mixin.py:137} INFO - [2024-04-22T06:19:25.142+0000] {taskmixin.py:205} WARNING - Dependency <Task(BashOperator): delete_entry>, create_entry_gcs already registered for DAG: example_complex
[2024-04-22T06:19:25.143+0000] {logging_mixin.py:137} INFO - [2024-04-22T06:19:25.143+0000] {taskmixin.py:205} WARNING - Dependency <Task(BashOperator): create_tag>, delete_tag already registered for DAG: example_complex
[2024-04-22T06:19:25.143+0000] {logging_mixin.py:137} INFO - [2024-04-22T06:19:25.143+0000] {taskmixin.py:205} WARNING - Dependency <Task(BashOperator): delete_tag>, create_tag already registered for DAG: example_complex
[2024-04-22T06:19:25.150+0000] {processor.py:753} INFO - DAG(s) dict_keys(['example_complex']) retrieved from /usr/local/python/3.10.13/lib/python3.10/site-packages/airflow/example_dags/example_complex.py
[2024-04-22T06:19:25.168+0000] {logging_mixin.py:137} INFO - [2024-04-22T06:19:25.168+0000] {dag.py:2690} INFO - Sync 1 DAGs
[2024-04-22T06:19:25.185+0000] {logging_mixin.py:137} INFO - [2024-04-22T06:19:25.185+0000] {dag.py:3437} INFO - Setting next_dagrun for example_complex to None, run_after=None
[2024-04-22T06:19:25.230+0000] {processor.py:175} INFO - Processing /usr/local/python/3.10.13/lib/python3.10/site-packages/airflow/example_dags/example_complex.py took 0.102 seconds
[2024-04-22T06:20:07.024+0000] {processor.py:153} INFO - Started process (PID=46260) to work on /usr/local/python/3.10.13/lib/python3.10/site-packages/airflow/example_dags/example_complex.py
[2024-04-22T06:20:07.024+0000] {processor.py:743} INFO - Processing file /usr/local/python/3.10.13/lib/python3.10/site-packages/airflow/example_dags/example_complex.py for tasks to queue
[2024-04-22T06:20:07.025+0000] {logging_mixin.py:137} INFO - [2024-04-22T06:20:07.025+0000] {dagbag.py:538} INFO - Filling up the DagBag from /usr/local/python/3.10.13/lib/python3.10/site-packages/airflow/example_dags/example_complex.py
[2024-04-22T06:20:07.034+0000] {logging_mixin.py:137} INFO - [2024-04-22T06:20:07.034+0000] {taskmixin.py:205} WARNING - Dependency <Task(BashOperator): create_entry_group>, delete_entry_group already registered for DAG: example_complex
[2024-04-22T06:20:07.034+0000] {logging_mixin.py:137} INFO - [2024-04-22T06:20:07.034+0000] {taskmixin.py:205} WARNING - Dependency <Task(BashOperator): delete_entry_group>, create_entry_group already registered for DAG: example_complex
[2024-04-22T06:20:07.034+0000] {logging_mixin.py:137} INFO - [2024-04-22T06:20:07.034+0000] {taskmixin.py:205} WARNING - Dependency <Task(BashOperator): create_entry_gcs>, delete_entry already registered for DAG: example_complex
[2024-04-22T06:20:07.035+0000] {logging_mixin.py:137} INFO - [2024-04-22T06:20:07.035+0000] {taskmixin.py:205} WARNING - Dependency <Task(BashOperator): delete_entry>, create_entry_gcs already registered for DAG: example_complex
[2024-04-22T06:20:07.035+0000] {logging_mixin.py:137} INFO - [2024-04-22T06:20:07.035+0000] {taskmixin.py:205} WARNING - Dependency <Task(BashOperator): create_tag>, delete_tag already registered for DAG: example_complex
[2024-04-22T06:20:07.035+0000] {logging_mixin.py:137} INFO - [2024-04-22T06:20:07.035+0000] {taskmixin.py:205} WARNING - Dependency <Task(BashOperator): delete_tag>, create_tag already registered for DAG: example_complex
[2024-04-22T06:20:07.042+0000] {processor.py:753} INFO - DAG(s) dict_keys(['example_complex']) retrieved from /usr/local/python/3.10.13/lib/python3.10/site-packages/airflow/example_dags/example_complex.py
[2024-04-22T06:20:07.060+0000] {logging_mixin.py:137} INFO - [2024-04-22T06:20:07.060+0000] {dag.py:2690} INFO - Sync 1 DAGs
[2024-04-22T06:20:07.075+0000] {logging_mixin.py:137} INFO - [2024-04-22T06:20:07.075+0000] {dag.py:3437} INFO - Setting next_dagrun for example_complex to None, run_after=None
[2024-04-22T06:20:07.125+0000] {processor.py:175} INFO - Processing /usr/local/python/3.10.13/lib/python3.10/site-packages/airflow/example_dags/example_complex.py took 0.103 seconds
[2024-04-22T06:20:55.491+0000] {processor.py:153} INFO - Started process (PID=46591) to work on /usr/local/python/3.10.13/lib/python3.10/site-packages/airflow/example_dags/example_complex.py
[2024-04-22T06:20:55.492+0000] {processor.py:743} INFO - Processing file /usr/local/python/3.10.13/lib/python3.10/site-packages/airflow/example_dags/example_complex.py for tasks to queue
[2024-04-22T06:20:55.493+0000] {logging_mixin.py:137} INFO - [2024-04-22T06:20:55.492+0000] {dagbag.py:538} INFO - Filling up the DagBag from /usr/local/python/3.10.13/lib/python3.10/site-packages/airflow/example_dags/example_complex.py
[2024-04-22T06:20:55.502+0000] {logging_mixin.py:137} INFO - [2024-04-22T06:20:55.502+0000] {taskmixin.py:205} WARNING - Dependency <Task(BashOperator): create_entry_group>, delete_entry_group already registered for DAG: example_complex
[2024-04-22T06:20:55.502+0000] {logging_mixin.py:137} INFO - [2024-04-22T06:20:55.502+0000] {taskmixin.py:205} WARNING - Dependency <Task(BashOperator): delete_entry_group>, create_entry_group already registered for DAG: example_complex
[2024-04-22T06:20:55.502+0000] {logging_mixin.py:137} INFO - [2024-04-22T06:20:55.502+0000] {taskmixin.py:205} WARNING - Dependency <Task(BashOperator): create_entry_gcs>, delete_entry already registered for DAG: example_complex
[2024-04-22T06:20:55.502+0000] {logging_mixin.py:137} INFO - [2024-04-22T06:20:55.502+0000] {taskmixin.py:205} WARNING - Dependency <Task(BashOperator): delete_entry>, create_entry_gcs already registered for DAG: example_complex
[2024-04-22T06:20:55.503+0000] {logging_mixin.py:137} INFO - [2024-04-22T06:20:55.503+0000] {taskmixin.py:205} WARNING - Dependency <Task(BashOperator): create_tag>, delete_tag already registered for DAG: example_complex
[2024-04-22T06:20:55.503+0000] {logging_mixin.py:137} INFO - [2024-04-22T06:20:55.503+0000] {taskmixin.py:205} WARNING - Dependency <Task(BashOperator): delete_tag>, create_tag already registered for DAG: example_complex
[2024-04-22T06:20:55.510+0000] {processor.py:753} INFO - DAG(s) dict_keys(['example_complex']) retrieved from /usr/local/python/3.10.13/lib/python3.10/site-packages/airflow/example_dags/example_complex.py
[2024-04-22T06:20:55.529+0000] {logging_mixin.py:137} INFO - [2024-04-22T06:20:55.529+0000] {dag.py:2690} INFO - Sync 1 DAGs
[2024-04-22T06:20:55.545+0000] {logging_mixin.py:137} INFO - [2024-04-22T06:20:55.545+0000] {dag.py:3437} INFO - Setting next_dagrun for example_complex to None, run_after=None
[2024-04-22T06:20:55.688+0000] {processor.py:175} INFO - Processing /usr/local/python/3.10.13/lib/python3.10/site-packages/airflow/example_dags/example_complex.py took 0.199 seconds
[2024-04-22T06:21:40.124+0000] {processor.py:153} INFO - Started process (PID=46880) to work on /usr/local/python/3.10.13/lib/python3.10/site-packages/airflow/example_dags/example_complex.py
[2024-04-22T06:21:40.124+0000] {processor.py:743} INFO - Processing file /usr/local/python/3.10.13/lib/python3.10/site-packages/airflow/example_dags/example_complex.py for tasks to queue
[2024-04-22T06:21:40.125+0000] {logging_mixin.py:137} INFO - [2024-04-22T06:21:40.125+0000] {dagbag.py:538} INFO - Filling up the DagBag from /usr/local/python/3.10.13/lib/python3.10/site-packages/airflow/example_dags/example_complex.py
[2024-04-22T06:21:40.134+0000] {logging_mixin.py:137} INFO - [2024-04-22T06:21:40.134+0000] {taskmixin.py:205} WARNING - Dependency <Task(BashOperator): create_entry_group>, delete_entry_group already registered for DAG: example_complex
[2024-04-22T06:21:40.134+0000] {logging_mixin.py:137} INFO - [2024-04-22T06:21:40.134+0000] {taskmixin.py:205} WARNING - Dependency <Task(BashOperator): delete_entry_group>, create_entry_group already registered for DAG: example_complex
[2024-04-22T06:21:40.135+0000] {logging_mixin.py:137} INFO - [2024-04-22T06:21:40.134+0000] {taskmixin.py:205} WARNING - Dependency <Task(BashOperator): create_entry_gcs>, delete_entry already registered for DAG: example_complex
[2024-04-22T06:21:40.135+0000] {logging_mixin.py:137} INFO - [2024-04-22T06:21:40.135+0000] {taskmixin.py:205} WARNING - Dependency <Task(BashOperator): delete_entry>, create_entry_gcs already registered for DAG: example_complex
[2024-04-22T06:21:40.135+0000] {logging_mixin.py:137} INFO - [2024-04-22T06:21:40.135+0000] {taskmixin.py:205} WARNING - Dependency <Task(BashOperator): create_tag>, delete_tag already registered for DAG: example_complex
[2024-04-22T06:21:40.136+0000] {logging_mixin.py:137} INFO - [2024-04-22T06:21:40.135+0000] {taskmixin.py:205} WARNING - Dependency <Task(BashOperator): delete_tag>, create_tag already registered for DAG: example_complex
[2024-04-22T06:21:40.143+0000] {processor.py:753} INFO - DAG(s) dict_keys(['example_complex']) retrieved from /usr/local/python/3.10.13/lib/python3.10/site-packages/airflow/example_dags/example_complex.py
[2024-04-22T06:21:40.161+0000] {logging_mixin.py:137} INFO - [2024-04-22T06:21:40.161+0000] {dag.py:2690} INFO - Sync 1 DAGs
[2024-04-22T06:21:40.300+0000] {logging_mixin.py:137} INFO - [2024-04-22T06:21:40.300+0000] {dag.py:3437} INFO - Setting next_dagrun for example_complex to None, run_after=None
[2024-04-22T06:21:40.363+0000] {processor.py:175} INFO - Processing /usr/local/python/3.10.13/lib/python3.10/site-packages/airflow/example_dags/example_complex.py took 0.242 seconds
[2024-04-22T06:22:20.196+0000] {processor.py:153} INFO - Started process (PID=47213) to work on /usr/local/python/3.10.13/lib/python3.10/site-packages/airflow/example_dags/example_complex.py
[2024-04-22T06:22:20.197+0000] {processor.py:743} INFO - Processing file /usr/local/python/3.10.13/lib/python3.10/site-packages/airflow/example_dags/example_complex.py for tasks to queue
[2024-04-22T06:22:20.197+0000] {logging_mixin.py:137} INFO - [2024-04-22T06:22:20.197+0000] {dagbag.py:538} INFO - Filling up the DagBag from /usr/local/python/3.10.13/lib/python3.10/site-packages/airflow/example_dags/example_complex.py
[2024-04-22T06:22:20.211+0000] {logging_mixin.py:137} INFO - [2024-04-22T06:22:20.211+0000] {taskmixin.py:205} WARNING - Dependency <Task(BashOperator): create_entry_group>, delete_entry_group already registered for DAG: example_complex
[2024-04-22T06:22:20.211+0000] {logging_mixin.py:137} INFO - [2024-04-22T06:22:20.211+0000] {taskmixin.py:205} WARNING - Dependency <Task(BashOperator): delete_entry_group>, create_entry_group already registered for DAG: example_complex
[2024-04-22T06:22:20.212+0000] {logging_mixin.py:137} INFO - [2024-04-22T06:22:20.212+0000] {taskmixin.py:205} WARNING - Dependency <Task(BashOperator): create_entry_gcs>, delete_entry already registered for DAG: example_complex
[2024-04-22T06:22:20.212+0000] {logging_mixin.py:137} INFO - [2024-04-22T06:22:20.212+0000] {taskmixin.py:205} WARNING - Dependency <Task(BashOperator): delete_entry>, create_entry_gcs already registered for DAG: example_complex
[2024-04-22T06:22:20.213+0000] {logging_mixin.py:137} INFO - [2024-04-22T06:22:20.212+0000] {taskmixin.py:205} WARNING - Dependency <Task(BashOperator): create_tag>, delete_tag already registered for DAG: example_complex
[2024-04-22T06:22:20.213+0000] {logging_mixin.py:137} INFO - [2024-04-22T06:22:20.213+0000] {taskmixin.py:205} WARNING - Dependency <Task(BashOperator): delete_tag>, create_tag already registered for DAG: example_complex
[2024-04-22T06:22:20.222+0000] {processor.py:753} INFO - DAG(s) dict_keys(['example_complex']) retrieved from /usr/local/python/3.10.13/lib/python3.10/site-packages/airflow/example_dags/example_complex.py
[2024-04-22T06:22:20.242+0000] {logging_mixin.py:137} INFO - [2024-04-22T06:22:20.242+0000] {dag.py:2690} INFO - Sync 1 DAGs
[2024-04-22T06:22:20.350+0000] {logging_mixin.py:137} INFO - [2024-04-22T06:22:20.350+0000] {dag.py:3437} INFO - Setting next_dagrun for example_complex to None, run_after=None
[2024-04-22T06:22:20.406+0000] {processor.py:175} INFO - Processing /usr/local/python/3.10.13/lib/python3.10/site-packages/airflow/example_dags/example_complex.py took 0.213 seconds
[2024-04-22T06:23:02.188+0000] {processor.py:153} INFO - Started process (PID=47578) to work on /usr/local/python/3.10.13/lib/python3.10/site-packages/airflow/example_dags/example_complex.py
[2024-04-22T06:23:02.189+0000] {processor.py:743} INFO - Processing file /usr/local/python/3.10.13/lib/python3.10/site-packages/airflow/example_dags/example_complex.py for tasks to queue
[2024-04-22T06:23:02.189+0000] {logging_mixin.py:137} INFO - [2024-04-22T06:23:02.189+0000] {dagbag.py:538} INFO - Filling up the DagBag from /usr/local/python/3.10.13/lib/python3.10/site-packages/airflow/example_dags/example_complex.py
[2024-04-22T06:23:02.199+0000] {logging_mixin.py:137} INFO - [2024-04-22T06:23:02.199+0000] {taskmixin.py:205} WARNING - Dependency <Task(BashOperator): create_entry_group>, delete_entry_group already registered for DAG: example_complex
[2024-04-22T06:23:02.199+0000] {logging_mixin.py:137} INFO - [2024-04-22T06:23:02.199+0000] {taskmixin.py:205} WARNING - Dependency <Task(BashOperator): delete_entry_group>, create_entry_group already registered for DAG: example_complex
[2024-04-22T06:23:02.199+0000] {logging_mixin.py:137} INFO - [2024-04-22T06:23:02.199+0000] {taskmixin.py:205} WARNING - Dependency <Task(BashOperator): create_entry_gcs>, delete_entry already registered for DAG: example_complex
[2024-04-22T06:23:02.200+0000] {logging_mixin.py:137} INFO - [2024-04-22T06:23:02.199+0000] {taskmixin.py:205} WARNING - Dependency <Task(BashOperator): delete_entry>, create_entry_gcs already registered for DAG: example_complex
[2024-04-22T06:23:02.200+0000] {logging_mixin.py:137} INFO - [2024-04-22T06:23:02.200+0000] {taskmixin.py:205} WARNING - Dependency <Task(BashOperator): create_tag>, delete_tag already registered for DAG: example_complex
[2024-04-22T06:23:02.200+0000] {logging_mixin.py:137} INFO - [2024-04-22T06:23:02.200+0000] {taskmixin.py:205} WARNING - Dependency <Task(BashOperator): delete_tag>, create_tag already registered for DAG: example_complex
[2024-04-22T06:23:02.207+0000] {processor.py:753} INFO - DAG(s) dict_keys(['example_complex']) retrieved from /usr/local/python/3.10.13/lib/python3.10/site-packages/airflow/example_dags/example_complex.py
[2024-04-22T06:23:02.321+0000] {logging_mixin.py:137} INFO - [2024-04-22T06:23:02.321+0000] {dag.py:2690} INFO - Sync 1 DAGs
[2024-04-22T06:23:02.335+0000] {logging_mixin.py:137} INFO - [2024-04-22T06:23:02.335+0000] {dag.py:3437} INFO - Setting next_dagrun for example_complex to None, run_after=None
[2024-04-22T06:23:02.383+0000] {processor.py:175} INFO - Processing /usr/local/python/3.10.13/lib/python3.10/site-packages/airflow/example_dags/example_complex.py took 0.197 seconds
[2024-04-22T06:23:46.660+0000] {processor.py:153} INFO - Started process (PID=48030) to work on /usr/local/python/3.10.13/lib/python3.10/site-packages/airflow/example_dags/example_complex.py
[2024-04-22T06:23:46.661+0000] {processor.py:743} INFO - Processing file /usr/local/python/3.10.13/lib/python3.10/site-packages/airflow/example_dags/example_complex.py for tasks to queue
[2024-04-22T06:23:46.661+0000] {logging_mixin.py:137} INFO - [2024-04-22T06:23:46.661+0000] {dagbag.py:538} INFO - Filling up the DagBag from /usr/local/python/3.10.13/lib/python3.10/site-packages/airflow/example_dags/example_complex.py
[2024-04-22T06:23:46.671+0000] {logging_mixin.py:137} INFO - [2024-04-22T06:23:46.670+0000] {taskmixin.py:205} WARNING - Dependency <Task(BashOperator): create_entry_group>, delete_entry_group already registered for DAG: example_complex
[2024-04-22T06:23:46.671+0000] {logging_mixin.py:137} INFO - [2024-04-22T06:23:46.671+0000] {taskmixin.py:205} WARNING - Dependency <Task(BashOperator): delete_entry_group>, create_entry_group already registered for DAG: example_complex
[2024-04-22T06:23:46.671+0000] {logging_mixin.py:137} INFO - [2024-04-22T06:23:46.671+0000] {taskmixin.py:205} WARNING - Dependency <Task(BashOperator): create_entry_gcs>, delete_entry already registered for DAG: example_complex
[2024-04-22T06:23:46.671+0000] {logging_mixin.py:137} INFO - [2024-04-22T06:23:46.671+0000] {taskmixin.py:205} WARNING - Dependency <Task(BashOperator): delete_entry>, create_entry_gcs already registered for DAG: example_complex
[2024-04-22T06:23:46.672+0000] {logging_mixin.py:137} INFO - [2024-04-22T06:23:46.672+0000] {taskmixin.py:205} WARNING - Dependency <Task(BashOperator): create_tag>, delete_tag already registered for DAG: example_complex
[2024-04-22T06:23:46.672+0000] {logging_mixin.py:137} INFO - [2024-04-22T06:23:46.672+0000] {taskmixin.py:205} WARNING - Dependency <Task(BashOperator): delete_tag>, create_tag already registered for DAG: example_complex
[2024-04-22T06:23:46.679+0000] {processor.py:753} INFO - DAG(s) dict_keys(['example_complex']) retrieved from /usr/local/python/3.10.13/lib/python3.10/site-packages/airflow/example_dags/example_complex.py
[2024-04-22T06:23:46.794+0000] {logging_mixin.py:137} INFO - [2024-04-22T06:23:46.794+0000] {dag.py:2690} INFO - Sync 1 DAGs
[2024-04-22T06:23:46.807+0000] {logging_mixin.py:137} INFO - [2024-04-22T06:23:46.807+0000] {dag.py:3437} INFO - Setting next_dagrun for example_complex to None, run_after=None
[2024-04-22T06:23:46.853+0000] {processor.py:175} INFO - Processing /usr/local/python/3.10.13/lib/python3.10/site-packages/airflow/example_dags/example_complex.py took 0.195 seconds
[2024-04-22T06:24:28.679+0000] {processor.py:153} INFO - Started process (PID=48460) to work on /usr/local/python/3.10.13/lib/python3.10/site-packages/airflow/example_dags/example_complex.py
[2024-04-22T06:24:28.680+0000] {processor.py:743} INFO - Processing file /usr/local/python/3.10.13/lib/python3.10/site-packages/airflow/example_dags/example_complex.py for tasks to queue
[2024-04-22T06:24:28.680+0000] {logging_mixin.py:137} INFO - [2024-04-22T06:24:28.680+0000] {dagbag.py:538} INFO - Filling up the DagBag from /usr/local/python/3.10.13/lib/python3.10/site-packages/airflow/example_dags/example_complex.py
[2024-04-22T06:24:28.690+0000] {logging_mixin.py:137} INFO - [2024-04-22T06:24:28.690+0000] {taskmixin.py:205} WARNING - Dependency <Task(BashOperator): create_entry_group>, delete_entry_group already registered for DAG: example_complex
[2024-04-22T06:24:28.690+0000] {logging_mixin.py:137} INFO - [2024-04-22T06:24:28.690+0000] {taskmixin.py:205} WARNING - Dependency <Task(BashOperator): delete_entry_group>, create_entry_group already registered for DAG: example_complex
[2024-04-22T06:24:28.690+0000] {logging_mixin.py:137} INFO - [2024-04-22T06:24:28.690+0000] {taskmixin.py:205} WARNING - Dependency <Task(BashOperator): create_entry_gcs>, delete_entry already registered for DAG: example_complex
[2024-04-22T06:24:28.690+0000] {logging_mixin.py:137} INFO - [2024-04-22T06:24:28.690+0000] {taskmixin.py:205} WARNING - Dependency <Task(BashOperator): delete_entry>, create_entry_gcs already registered for DAG: example_complex
[2024-04-22T06:24:28.691+0000] {logging_mixin.py:137} INFO - [2024-04-22T06:24:28.691+0000] {taskmixin.py:205} WARNING - Dependency <Task(BashOperator): create_tag>, delete_tag already registered for DAG: example_complex
[2024-04-22T06:24:28.691+0000] {logging_mixin.py:137} INFO - [2024-04-22T06:24:28.691+0000] {taskmixin.py:205} WARNING - Dependency <Task(BashOperator): delete_tag>, create_tag already registered for DAG: example_complex
[2024-04-22T06:24:28.791+0000] {processor.py:753} INFO - DAG(s) dict_keys(['example_complex']) retrieved from /usr/local/python/3.10.13/lib/python3.10/site-packages/airflow/example_dags/example_complex.py
[2024-04-22T06:24:28.808+0000] {logging_mixin.py:137} INFO - [2024-04-22T06:24:28.808+0000] {dag.py:2690} INFO - Sync 1 DAGs
[2024-04-22T06:24:28.822+0000] {logging_mixin.py:137} INFO - [2024-04-22T06:24:28.822+0000] {dag.py:3437} INFO - Setting next_dagrun for example_complex to None, run_after=None
[2024-04-22T06:24:28.868+0000] {processor.py:175} INFO - Processing /usr/local/python/3.10.13/lib/python3.10/site-packages/airflow/example_dags/example_complex.py took 0.191 seconds
[2024-04-22T06:25:11.771+0000] {processor.py:153} INFO - Started process (PID=48939) to work on /usr/local/python/3.10.13/lib/python3.10/site-packages/airflow/example_dags/example_complex.py
[2024-04-22T06:25:11.772+0000] {processor.py:743} INFO - Processing file /usr/local/python/3.10.13/lib/python3.10/site-packages/airflow/example_dags/example_complex.py for tasks to queue
[2024-04-22T06:25:11.773+0000] {logging_mixin.py:137} INFO - [2024-04-22T06:25:11.773+0000] {dagbag.py:538} INFO - Filling up the DagBag from /usr/local/python/3.10.13/lib/python3.10/site-packages/airflow/example_dags/example_complex.py
[2024-04-22T06:25:11.879+0000] {logging_mixin.py:137} INFO - [2024-04-22T06:25:11.879+0000] {taskmixin.py:205} WARNING - Dependency <Task(BashOperator): create_entry_group>, delete_entry_group already registered for DAG: example_complex
[2024-04-22T06:25:11.879+0000] {logging_mixin.py:137} INFO - [2024-04-22T06:25:11.879+0000] {taskmixin.py:205} WARNING - Dependency <Task(BashOperator): delete_entry_group>, create_entry_group already registered for DAG: example_complex
[2024-04-22T06:25:11.879+0000] {logging_mixin.py:137} INFO - [2024-04-22T06:25:11.879+0000] {taskmixin.py:205} WARNING - Dependency <Task(BashOperator): create_entry_gcs>, delete_entry already registered for DAG: example_complex
[2024-04-22T06:25:11.880+0000] {logging_mixin.py:137} INFO - [2024-04-22T06:25:11.879+0000] {taskmixin.py:205} WARNING - Dependency <Task(BashOperator): delete_entry>, create_entry_gcs already registered for DAG: example_complex
[2024-04-22T06:25:11.880+0000] {logging_mixin.py:137} INFO - [2024-04-22T06:25:11.880+0000] {taskmixin.py:205} WARNING - Dependency <Task(BashOperator): create_tag>, delete_tag already registered for DAG: example_complex
[2024-04-22T06:25:11.880+0000] {logging_mixin.py:137} INFO - [2024-04-22T06:25:11.880+0000] {taskmixin.py:205} WARNING - Dependency <Task(BashOperator): delete_tag>, create_tag already registered for DAG: example_complex
[2024-04-22T06:25:11.886+0000] {processor.py:753} INFO - DAG(s) dict_keys(['example_complex']) retrieved from /usr/local/python/3.10.13/lib/python3.10/site-packages/airflow/example_dags/example_complex.py
[2024-04-22T06:25:11.902+0000] {logging_mixin.py:137} INFO - [2024-04-22T06:25:11.902+0000] {dag.py:2690} INFO - Sync 1 DAGs
[2024-04-22T06:25:11.916+0000] {logging_mixin.py:137} INFO - [2024-04-22T06:25:11.915+0000] {dag.py:3437} INFO - Setting next_dagrun for example_complex to None, run_after=None
[2024-04-22T06:25:11.979+0000] {processor.py:175} INFO - Processing /usr/local/python/3.10.13/lib/python3.10/site-packages/airflow/example_dags/example_complex.py took 0.210 seconds
[2024-04-22T06:25:57.480+0000] {processor.py:153} INFO - Started process (PID=49428) to work on /usr/local/python/3.10.13/lib/python3.10/site-packages/airflow/example_dags/example_complex.py
[2024-04-22T06:25:57.481+0000] {processor.py:743} INFO - Processing file /usr/local/python/3.10.13/lib/python3.10/site-packages/airflow/example_dags/example_complex.py for tasks to queue
[2024-04-22T06:25:57.482+0000] {logging_mixin.py:137} INFO - [2024-04-22T06:25:57.481+0000] {dagbag.py:538} INFO - Filling up the DagBag from /usr/local/python/3.10.13/lib/python3.10/site-packages/airflow/example_dags/example_complex.py
[2024-04-22T06:25:57.491+0000] {logging_mixin.py:137} INFO - [2024-04-22T06:25:57.491+0000] {taskmixin.py:205} WARNING - Dependency <Task(BashOperator): create_entry_group>, delete_entry_group already registered for DAG: example_complex
[2024-04-22T06:25:57.491+0000] {logging_mixin.py:137} INFO - [2024-04-22T06:25:57.491+0000] {taskmixin.py:205} WARNING - Dependency <Task(BashOperator): delete_entry_group>, create_entry_group already registered for DAG: example_complex
[2024-04-22T06:25:57.491+0000] {logging_mixin.py:137} INFO - [2024-04-22T06:25:57.491+0000] {taskmixin.py:205} WARNING - Dependency <Task(BashOperator): create_entry_gcs>, delete_entry already registered for DAG: example_complex
[2024-04-22T06:25:57.491+0000] {logging_mixin.py:137} INFO - [2024-04-22T06:25:57.491+0000] {taskmixin.py:205} WARNING - Dependency <Task(BashOperator): delete_entry>, create_entry_gcs already registered for DAG: example_complex
[2024-04-22T06:25:57.492+0000] {logging_mixin.py:137} INFO - [2024-04-22T06:25:57.492+0000] {taskmixin.py:205} WARNING - Dependency <Task(BashOperator): create_tag>, delete_tag already registered for DAG: example_complex
[2024-04-22T06:25:57.492+0000] {logging_mixin.py:137} INFO - [2024-04-22T06:25:57.492+0000] {taskmixin.py:205} WARNING - Dependency <Task(BashOperator): delete_tag>, create_tag already registered for DAG: example_complex
[2024-04-22T06:25:57.499+0000] {processor.py:753} INFO - DAG(s) dict_keys(['example_complex']) retrieved from /usr/local/python/3.10.13/lib/python3.10/site-packages/airflow/example_dags/example_complex.py
[2024-04-22T06:25:57.517+0000] {logging_mixin.py:137} INFO - [2024-04-22T06:25:57.517+0000] {dag.py:2690} INFO - Sync 1 DAGs
[2024-04-22T06:25:57.532+0000] {logging_mixin.py:137} INFO - [2024-04-22T06:25:57.532+0000] {dag.py:3437} INFO - Setting next_dagrun for example_complex to None, run_after=None
[2024-04-22T06:25:57.585+0000] {processor.py:175} INFO - Processing /usr/local/python/3.10.13/lib/python3.10/site-packages/airflow/example_dags/example_complex.py took 0.107 seconds
[2024-04-22T06:26:36.724+0000] {processor.py:153} INFO - Started process (PID=49768) to work on /usr/local/python/3.10.13/lib/python3.10/site-packages/airflow/example_dags/example_complex.py
[2024-04-22T06:26:36.725+0000] {processor.py:743} INFO - Processing file /usr/local/python/3.10.13/lib/python3.10/site-packages/airflow/example_dags/example_complex.py for tasks to queue
[2024-04-22T06:26:36.725+0000] {logging_mixin.py:137} INFO - [2024-04-22T06:26:36.725+0000] {dagbag.py:538} INFO - Filling up the DagBag from /usr/local/python/3.10.13/lib/python3.10/site-packages/airflow/example_dags/example_complex.py
[2024-04-22T06:26:36.735+0000] {logging_mixin.py:137} INFO - [2024-04-22T06:26:36.735+0000] {taskmixin.py:205} WARNING - Dependency <Task(BashOperator): create_entry_group>, delete_entry_group already registered for DAG: example_complex
[2024-04-22T06:26:36.735+0000] {logging_mixin.py:137} INFO - [2024-04-22T06:26:36.735+0000] {taskmixin.py:205} WARNING - Dependency <Task(BashOperator): delete_entry_group>, create_entry_group already registered for DAG: example_complex
[2024-04-22T06:26:36.735+0000] {logging_mixin.py:137} INFO - [2024-04-22T06:26:36.735+0000] {taskmixin.py:205} WARNING - Dependency <Task(BashOperator): create_entry_gcs>, delete_entry already registered for DAG: example_complex
[2024-04-22T06:26:36.735+0000] {logging_mixin.py:137} INFO - [2024-04-22T06:26:36.735+0000] {taskmixin.py:205} WARNING - Dependency <Task(BashOperator): delete_entry>, create_entry_gcs already registered for DAG: example_complex
[2024-04-22T06:26:36.736+0000] {logging_mixin.py:137} INFO - [2024-04-22T06:26:36.736+0000] {taskmixin.py:205} WARNING - Dependency <Task(BashOperator): create_tag>, delete_tag already registered for DAG: example_complex
[2024-04-22T06:26:36.736+0000] {logging_mixin.py:137} INFO - [2024-04-22T06:26:36.736+0000] {taskmixin.py:205} WARNING - Dependency <Task(BashOperator): delete_tag>, create_tag already registered for DAG: example_complex
[2024-04-22T06:26:36.743+0000] {processor.py:753} INFO - DAG(s) dict_keys(['example_complex']) retrieved from /usr/local/python/3.10.13/lib/python3.10/site-packages/airflow/example_dags/example_complex.py
[2024-04-22T06:26:36.761+0000] {logging_mixin.py:137} INFO - [2024-04-22T06:26:36.761+0000] {dag.py:2690} INFO - Sync 1 DAGs
[2024-04-22T06:26:36.776+0000] {logging_mixin.py:137} INFO - [2024-04-22T06:26:36.776+0000] {dag.py:3437} INFO - Setting next_dagrun for example_complex to None, run_after=None
[2024-04-22T06:26:36.822+0000] {processor.py:175} INFO - Processing /usr/local/python/3.10.13/lib/python3.10/site-packages/airflow/example_dags/example_complex.py took 0.100 seconds
[2024-04-22T06:27:18.785+0000] {processor.py:153} INFO - Started process (PID=50185) to work on /usr/local/python/3.10.13/lib/python3.10/site-packages/airflow/example_dags/example_complex.py
[2024-04-22T06:27:18.785+0000] {processor.py:743} INFO - Processing file /usr/local/python/3.10.13/lib/python3.10/site-packages/airflow/example_dags/example_complex.py for tasks to queue
[2024-04-22T06:27:18.786+0000] {logging_mixin.py:137} INFO - [2024-04-22T06:27:18.786+0000] {dagbag.py:538} INFO - Filling up the DagBag from /usr/local/python/3.10.13/lib/python3.10/site-packages/airflow/example_dags/example_complex.py
[2024-04-22T06:27:18.796+0000] {logging_mixin.py:137} INFO - [2024-04-22T06:27:18.795+0000] {taskmixin.py:205} WARNING - Dependency <Task(BashOperator): create_entry_group>, delete_entry_group already registered for DAG: example_complex
[2024-04-22T06:27:18.796+0000] {logging_mixin.py:137} INFO - [2024-04-22T06:27:18.796+0000] {taskmixin.py:205} WARNING - Dependency <Task(BashOperator): delete_entry_group>, create_entry_group already registered for DAG: example_complex
[2024-04-22T06:27:18.796+0000] {logging_mixin.py:137} INFO - [2024-04-22T06:27:18.796+0000] {taskmixin.py:205} WARNING - Dependency <Task(BashOperator): create_entry_gcs>, delete_entry already registered for DAG: example_complex
[2024-04-22T06:27:18.796+0000] {logging_mixin.py:137} INFO - [2024-04-22T06:27:18.796+0000] {taskmixin.py:205} WARNING - Dependency <Task(BashOperator): delete_entry>, create_entry_gcs already registered for DAG: example_complex
[2024-04-22T06:27:18.797+0000] {logging_mixin.py:137} INFO - [2024-04-22T06:27:18.797+0000] {taskmixin.py:205} WARNING - Dependency <Task(BashOperator): create_tag>, delete_tag already registered for DAG: example_complex
[2024-04-22T06:27:18.797+0000] {logging_mixin.py:137} INFO - [2024-04-22T06:27:18.797+0000] {taskmixin.py:205} WARNING - Dependency <Task(BashOperator): delete_tag>, create_tag already registered for DAG: example_complex
[2024-04-22T06:27:18.803+0000] {processor.py:753} INFO - DAG(s) dict_keys(['example_complex']) retrieved from /usr/local/python/3.10.13/lib/python3.10/site-packages/airflow/example_dags/example_complex.py
[2024-04-22T06:27:18.824+0000] {logging_mixin.py:137} INFO - [2024-04-22T06:27:18.824+0000] {dag.py:2690} INFO - Sync 1 DAGs
[2024-04-22T06:27:18.838+0000] {logging_mixin.py:137} INFO - [2024-04-22T06:27:18.838+0000] {dag.py:3437} INFO - Setting next_dagrun for example_complex to None, run_after=None
[2024-04-22T06:27:18.887+0000] {processor.py:175} INFO - Processing /usr/local/python/3.10.13/lib/python3.10/site-packages/airflow/example_dags/example_complex.py took 0.104 seconds
