[2024-04-22T06:13:09.936+0000] {processor.py:153} INFO - Started process (PID=43362) to work on /usr/local/python/3.10.13/lib/python3.10/site-packages/airflow/example_dags/example_trigger_controller_dag.py
[2024-04-22T06:13:09.937+0000] {processor.py:743} INFO - Processing file /usr/local/python/3.10.13/lib/python3.10/site-packages/airflow/example_dags/example_trigger_controller_dag.py for tasks to queue
[2024-04-22T06:13:09.937+0000] {logging_mixin.py:137} INFO - [2024-04-22T06:13:09.937+0000] {dagbag.py:538} INFO - Filling up the DagBag from /usr/local/python/3.10.13/lib/python3.10/site-packages/airflow/example_dags/example_trigger_controller_dag.py
[2024-04-22T06:13:09.947+0000] {processor.py:753} INFO - DAG(s) dict_keys(['example_trigger_controller_dag']) retrieved from /usr/local/python/3.10.13/lib/python3.10/site-packages/airflow/example_dags/example_trigger_controller_dag.py
[2024-04-22T06:13:10.124+0000] {logging_mixin.py:137} INFO - [2024-04-22T06:13:10.124+0000] {manager.py:504} INFO - Created Permission View: can delete on DAG:example_trigger_controller_dag
[2024-04-22T06:13:10.162+0000] {logging_mixin.py:137} INFO - [2024-04-22T06:13:10.162+0000] {manager.py:504} INFO - Created Permission View: can edit on DAG:example_trigger_controller_dag
[2024-04-22T06:13:10.201+0000] {logging_mixin.py:137} INFO - [2024-04-22T06:13:10.201+0000] {manager.py:504} INFO - Created Permission View: can read on DAG:example_trigger_controller_dag
[2024-04-22T06:13:10.203+0000] {logging_mixin.py:137} INFO - [2024-04-22T06:13:10.203+0000] {dag.py:2690} INFO - Sync 1 DAGs
[2024-04-22T06:13:10.218+0000] {logging_mixin.py:137} INFO - [2024-04-22T06:13:10.218+0000] {dag.py:2711} INFO - Creating ORM DAG for example_trigger_controller_dag
[2024-04-22T06:13:10.226+0000] {logging_mixin.py:137} INFO - [2024-04-22T06:13:10.226+0000] {dag.py:3437} INFO - Setting next_dagrun for example_trigger_controller_dag to 2021-01-01T00:00:00+00:00, run_after=2021-01-01T00:00:00+00:00
[2024-04-22T06:13:10.278+0000] {processor.py:175} INFO - Processing /usr/local/python/3.10.13/lib/python3.10/site-packages/airflow/example_dags/example_trigger_controller_dag.py took 0.344 seconds
[2024-04-22T06:13:56.518+0000] {processor.py:153} INFO - Started process (PID=43679) to work on /usr/local/python/3.10.13/lib/python3.10/site-packages/airflow/example_dags/example_trigger_controller_dag.py
[2024-04-22T06:13:56.518+0000] {processor.py:743} INFO - Processing file /usr/local/python/3.10.13/lib/python3.10/site-packages/airflow/example_dags/example_trigger_controller_dag.py for tasks to queue
[2024-04-22T06:13:56.519+0000] {logging_mixin.py:137} INFO - [2024-04-22T06:13:56.519+0000] {dagbag.py:538} INFO - Filling up the DagBag from /usr/local/python/3.10.13/lib/python3.10/site-packages/airflow/example_dags/example_trigger_controller_dag.py
[2024-04-22T06:13:56.531+0000] {processor.py:753} INFO - DAG(s) dict_keys(['example_trigger_controller_dag']) retrieved from /usr/local/python/3.10.13/lib/python3.10/site-packages/airflow/example_dags/example_trigger_controller_dag.py
[2024-04-22T06:13:56.546+0000] {logging_mixin.py:137} INFO - [2024-04-22T06:13:56.545+0000] {dag.py:2690} INFO - Sync 1 DAGs
[2024-04-22T06:13:56.560+0000] {logging_mixin.py:137} INFO - [2024-04-22T06:13:56.560+0000] {dag.py:3437} INFO - Setting next_dagrun for example_trigger_controller_dag to 2021-01-01T00:00:00+00:00, run_after=2021-01-01T00:00:00+00:00
[2024-04-22T06:13:56.606+0000] {processor.py:175} INFO - Processing /usr/local/python/3.10.13/lib/python3.10/site-packages/airflow/example_dags/example_trigger_controller_dag.py took 0.091 seconds
[2024-04-22T06:14:35.771+0000] {processor.py:153} INFO - Started process (PID=43947) to work on /usr/local/python/3.10.13/lib/python3.10/site-packages/airflow/example_dags/example_trigger_controller_dag.py
[2024-04-22T06:14:35.772+0000] {processor.py:743} INFO - Processing file /usr/local/python/3.10.13/lib/python3.10/site-packages/airflow/example_dags/example_trigger_controller_dag.py for tasks to queue
[2024-04-22T06:14:35.772+0000] {logging_mixin.py:137} INFO - [2024-04-22T06:14:35.772+0000] {dagbag.py:538} INFO - Filling up the DagBag from /usr/local/python/3.10.13/lib/python3.10/site-packages/airflow/example_dags/example_trigger_controller_dag.py
[2024-04-22T06:14:35.782+0000] {processor.py:753} INFO - DAG(s) dict_keys(['example_trigger_controller_dag']) retrieved from /usr/local/python/3.10.13/lib/python3.10/site-packages/airflow/example_dags/example_trigger_controller_dag.py
[2024-04-22T06:14:35.797+0000] {logging_mixin.py:137} INFO - [2024-04-22T06:14:35.797+0000] {dag.py:2690} INFO - Sync 1 DAGs
[2024-04-22T06:14:35.812+0000] {logging_mixin.py:137} INFO - [2024-04-22T06:14:35.812+0000] {dag.py:3437} INFO - Setting next_dagrun for example_trigger_controller_dag to 2021-01-01T00:00:00+00:00, run_after=2021-01-01T00:00:00+00:00
[2024-04-22T06:14:35.859+0000] {processor.py:175} INFO - Processing /usr/local/python/3.10.13/lib/python3.10/site-packages/airflow/example_dags/example_trigger_controller_dag.py took 0.090 seconds
[2024-04-22T06:15:14.798+0000] {processor.py:153} INFO - Started process (PID=44198) to work on /usr/local/python/3.10.13/lib/python3.10/site-packages/airflow/example_dags/example_trigger_controller_dag.py
[2024-04-22T06:15:14.799+0000] {processor.py:743} INFO - Processing file /usr/local/python/3.10.13/lib/python3.10/site-packages/airflow/example_dags/example_trigger_controller_dag.py for tasks to queue
[2024-04-22T06:15:14.800+0000] {logging_mixin.py:137} INFO - [2024-04-22T06:15:14.799+0000] {dagbag.py:538} INFO - Filling up the DagBag from /usr/local/python/3.10.13/lib/python3.10/site-packages/airflow/example_dags/example_trigger_controller_dag.py
[2024-04-22T06:15:14.810+0000] {processor.py:753} INFO - DAG(s) dict_keys(['example_trigger_controller_dag']) retrieved from /usr/local/python/3.10.13/lib/python3.10/site-packages/airflow/example_dags/example_trigger_controller_dag.py
[2024-04-22T06:15:14.824+0000] {logging_mixin.py:137} INFO - [2024-04-22T06:15:14.824+0000] {dag.py:2690} INFO - Sync 1 DAGs
[2024-04-22T06:15:14.838+0000] {logging_mixin.py:137} INFO - [2024-04-22T06:15:14.838+0000] {dag.py:3437} INFO - Setting next_dagrun for example_trigger_controller_dag to 2021-01-01T00:00:00+00:00, run_after=2021-01-01T00:00:00+00:00
[2024-04-22T06:15:14.890+0000] {processor.py:175} INFO - Processing /usr/local/python/3.10.13/lib/python3.10/site-packages/airflow/example_dags/example_trigger_controller_dag.py took 0.093 seconds
[2024-04-22T06:15:56.598+0000] {processor.py:153} INFO - Started process (PID=44496) to work on /usr/local/python/3.10.13/lib/python3.10/site-packages/airflow/example_dags/example_trigger_controller_dag.py
[2024-04-22T06:15:56.598+0000] {processor.py:743} INFO - Processing file /usr/local/python/3.10.13/lib/python3.10/site-packages/airflow/example_dags/example_trigger_controller_dag.py for tasks to queue
[2024-04-22T06:15:56.599+0000] {logging_mixin.py:137} INFO - [2024-04-22T06:15:56.599+0000] {dagbag.py:538} INFO - Filling up the DagBag from /usr/local/python/3.10.13/lib/python3.10/site-packages/airflow/example_dags/example_trigger_controller_dag.py
[2024-04-22T06:15:56.609+0000] {processor.py:753} INFO - DAG(s) dict_keys(['example_trigger_controller_dag']) retrieved from /usr/local/python/3.10.13/lib/python3.10/site-packages/airflow/example_dags/example_trigger_controller_dag.py
[2024-04-22T06:15:56.623+0000] {logging_mixin.py:137} INFO - [2024-04-22T06:15:56.623+0000] {dag.py:2690} INFO - Sync 1 DAGs
[2024-04-22T06:15:56.638+0000] {logging_mixin.py:137} INFO - [2024-04-22T06:15:56.638+0000] {dag.py:3437} INFO - Setting next_dagrun for example_trigger_controller_dag to 2021-01-01T00:00:00+00:00, run_after=2021-01-01T00:00:00+00:00
[2024-04-22T06:15:56.687+0000] {processor.py:175} INFO - Processing /usr/local/python/3.10.13/lib/python3.10/site-packages/airflow/example_dags/example_trigger_controller_dag.py took 0.093 seconds
[2024-04-22T06:16:37.396+0000] {processor.py:153} INFO - Started process (PID=44780) to work on /usr/local/python/3.10.13/lib/python3.10/site-packages/airflow/example_dags/example_trigger_controller_dag.py
[2024-04-22T06:16:37.397+0000] {processor.py:743} INFO - Processing file /usr/local/python/3.10.13/lib/python3.10/site-packages/airflow/example_dags/example_trigger_controller_dag.py for tasks to queue
[2024-04-22T06:16:37.397+0000] {logging_mixin.py:137} INFO - [2024-04-22T06:16:37.397+0000] {dagbag.py:538} INFO - Filling up the DagBag from /usr/local/python/3.10.13/lib/python3.10/site-packages/airflow/example_dags/example_trigger_controller_dag.py
[2024-04-22T06:16:37.407+0000] {processor.py:753} INFO - DAG(s) dict_keys(['example_trigger_controller_dag']) retrieved from /usr/local/python/3.10.13/lib/python3.10/site-packages/airflow/example_dags/example_trigger_controller_dag.py
[2024-04-22T06:16:37.421+0000] {logging_mixin.py:137} INFO - [2024-04-22T06:16:37.421+0000] {dag.py:2690} INFO - Sync 1 DAGs
[2024-04-22T06:16:37.437+0000] {logging_mixin.py:137} INFO - [2024-04-22T06:16:37.437+0000] {dag.py:3437} INFO - Setting next_dagrun for example_trigger_controller_dag to 2021-01-01T00:00:00+00:00, run_after=2021-01-01T00:00:00+00:00
[2024-04-22T06:16:37.485+0000] {processor.py:175} INFO - Processing /usr/local/python/3.10.13/lib/python3.10/site-packages/airflow/example_dags/example_trigger_controller_dag.py took 0.091 seconds
[2024-04-22T06:17:17.584+0000] {processor.py:153} INFO - Started process (PID=45052) to work on /usr/local/python/3.10.13/lib/python3.10/site-packages/airflow/example_dags/example_trigger_controller_dag.py
[2024-04-22T06:17:17.585+0000] {processor.py:743} INFO - Processing file /usr/local/python/3.10.13/lib/python3.10/site-packages/airflow/example_dags/example_trigger_controller_dag.py for tasks to queue
[2024-04-22T06:17:17.586+0000] {logging_mixin.py:137} INFO - [2024-04-22T06:17:17.585+0000] {dagbag.py:538} INFO - Filling up the DagBag from /usr/local/python/3.10.13/lib/python3.10/site-packages/airflow/example_dags/example_trigger_controller_dag.py
[2024-04-22T06:17:17.595+0000] {processor.py:753} INFO - DAG(s) dict_keys(['example_trigger_controller_dag']) retrieved from /usr/local/python/3.10.13/lib/python3.10/site-packages/airflow/example_dags/example_trigger_controller_dag.py
[2024-04-22T06:17:17.609+0000] {logging_mixin.py:137} INFO - [2024-04-22T06:17:17.609+0000] {dag.py:2690} INFO - Sync 1 DAGs
[2024-04-22T06:17:17.627+0000] {logging_mixin.py:137} INFO - [2024-04-22T06:17:17.627+0000] {dag.py:3437} INFO - Setting next_dagrun for example_trigger_controller_dag to 2021-01-01T00:00:00+00:00, run_after=2021-01-01T00:00:00+00:00
[2024-04-22T06:17:17.687+0000] {processor.py:175} INFO - Processing /usr/local/python/3.10.13/lib/python3.10/site-packages/airflow/example_dags/example_trigger_controller_dag.py took 0.104 seconds
[2024-04-22T06:17:59.421+0000] {processor.py:153} INFO - Started process (PID=45397) to work on /usr/local/python/3.10.13/lib/python3.10/site-packages/airflow/example_dags/example_trigger_controller_dag.py
[2024-04-22T06:17:59.421+0000] {processor.py:743} INFO - Processing file /usr/local/python/3.10.13/lib/python3.10/site-packages/airflow/example_dags/example_trigger_controller_dag.py for tasks to queue
[2024-04-22T06:17:59.422+0000] {logging_mixin.py:137} INFO - [2024-04-22T06:17:59.422+0000] {dagbag.py:538} INFO - Filling up the DagBag from /usr/local/python/3.10.13/lib/python3.10/site-packages/airflow/example_dags/example_trigger_controller_dag.py
[2024-04-22T06:17:59.432+0000] {processor.py:753} INFO - DAG(s) dict_keys(['example_trigger_controller_dag']) retrieved from /usr/local/python/3.10.13/lib/python3.10/site-packages/airflow/example_dags/example_trigger_controller_dag.py
[2024-04-22T06:17:59.446+0000] {logging_mixin.py:137} INFO - [2024-04-22T06:17:59.446+0000] {dag.py:2690} INFO - Sync 1 DAGs
[2024-04-22T06:17:59.462+0000] {logging_mixin.py:137} INFO - [2024-04-22T06:17:59.461+0000] {dag.py:3437} INFO - Setting next_dagrun for example_trigger_controller_dag to 2021-01-01T00:00:00+00:00, run_after=2021-01-01T00:00:00+00:00
[2024-04-22T06:17:59.508+0000] {processor.py:175} INFO - Processing /usr/local/python/3.10.13/lib/python3.10/site-packages/airflow/example_dags/example_trigger_controller_dag.py took 0.090 seconds
[2024-04-22T06:18:41.080+0000] {processor.py:153} INFO - Started process (PID=45677) to work on /usr/local/python/3.10.13/lib/python3.10/site-packages/airflow/example_dags/example_trigger_controller_dag.py
[2024-04-22T06:18:41.081+0000] {processor.py:743} INFO - Processing file /usr/local/python/3.10.13/lib/python3.10/site-packages/airflow/example_dags/example_trigger_controller_dag.py for tasks to queue
[2024-04-22T06:18:41.082+0000] {logging_mixin.py:137} INFO - [2024-04-22T06:18:41.081+0000] {dagbag.py:538} INFO - Filling up the DagBag from /usr/local/python/3.10.13/lib/python3.10/site-packages/airflow/example_dags/example_trigger_controller_dag.py
[2024-04-22T06:18:41.091+0000] {processor.py:753} INFO - DAG(s) dict_keys(['example_trigger_controller_dag']) retrieved from /usr/local/python/3.10.13/lib/python3.10/site-packages/airflow/example_dags/example_trigger_controller_dag.py
[2024-04-22T06:18:41.105+0000] {logging_mixin.py:137} INFO - [2024-04-22T06:18:41.105+0000] {dag.py:2690} INFO - Sync 1 DAGs
[2024-04-22T06:18:41.120+0000] {logging_mixin.py:137} INFO - [2024-04-22T06:18:41.120+0000] {dag.py:3437} INFO - Setting next_dagrun for example_trigger_controller_dag to 2021-01-01T00:00:00+00:00, run_after=2021-01-01T00:00:00+00:00
[2024-04-22T06:18:41.166+0000] {processor.py:175} INFO - Processing /usr/local/python/3.10.13/lib/python3.10/site-packages/airflow/example_dags/example_trigger_controller_dag.py took 0.088 seconds
[2024-04-22T06:19:23.196+0000] {processor.py:153} INFO - Started process (PID=45961) to work on /usr/local/python/3.10.13/lib/python3.10/site-packages/airflow/example_dags/example_trigger_controller_dag.py
[2024-04-22T06:19:23.197+0000] {processor.py:743} INFO - Processing file /usr/local/python/3.10.13/lib/python3.10/site-packages/airflow/example_dags/example_trigger_controller_dag.py for tasks to queue
[2024-04-22T06:19:23.197+0000] {logging_mixin.py:137} INFO - [2024-04-22T06:19:23.197+0000] {dagbag.py:538} INFO - Filling up the DagBag from /usr/local/python/3.10.13/lib/python3.10/site-packages/airflow/example_dags/example_trigger_controller_dag.py
[2024-04-22T06:19:23.208+0000] {processor.py:753} INFO - DAG(s) dict_keys(['example_trigger_controller_dag']) retrieved from /usr/local/python/3.10.13/lib/python3.10/site-packages/airflow/example_dags/example_trigger_controller_dag.py
[2024-04-22T06:19:23.222+0000] {logging_mixin.py:137} INFO - [2024-04-22T06:19:23.222+0000] {dag.py:2690} INFO - Sync 1 DAGs
[2024-04-22T06:19:23.236+0000] {logging_mixin.py:137} INFO - [2024-04-22T06:19:23.236+0000] {dag.py:3437} INFO - Setting next_dagrun for example_trigger_controller_dag to 2021-01-01T00:00:00+00:00, run_after=2021-01-01T00:00:00+00:00
[2024-04-22T06:19:23.284+0000] {processor.py:175} INFO - Processing /usr/local/python/3.10.13/lib/python3.10/site-packages/airflow/example_dags/example_trigger_controller_dag.py took 0.090 seconds
[2024-04-22T06:20:05.104+0000] {processor.py:153} INFO - Started process (PID=46252) to work on /usr/local/python/3.10.13/lib/python3.10/site-packages/airflow/example_dags/example_trigger_controller_dag.py
[2024-04-22T06:20:05.105+0000] {processor.py:743} INFO - Processing file /usr/local/python/3.10.13/lib/python3.10/site-packages/airflow/example_dags/example_trigger_controller_dag.py for tasks to queue
[2024-04-22T06:20:05.105+0000] {logging_mixin.py:137} INFO - [2024-04-22T06:20:05.105+0000] {dagbag.py:538} INFO - Filling up the DagBag from /usr/local/python/3.10.13/lib/python3.10/site-packages/airflow/example_dags/example_trigger_controller_dag.py
[2024-04-22T06:20:05.115+0000] {processor.py:753} INFO - DAG(s) dict_keys(['example_trigger_controller_dag']) retrieved from /usr/local/python/3.10.13/lib/python3.10/site-packages/airflow/example_dags/example_trigger_controller_dag.py
[2024-04-22T06:20:05.129+0000] {logging_mixin.py:137} INFO - [2024-04-22T06:20:05.129+0000] {dag.py:2690} INFO - Sync 1 DAGs
[2024-04-22T06:20:05.143+0000] {logging_mixin.py:137} INFO - [2024-04-22T06:20:05.143+0000] {dag.py:3437} INFO - Setting next_dagrun for example_trigger_controller_dag to 2021-01-01T00:00:00+00:00, run_after=2021-01-01T00:00:00+00:00
[2024-04-22T06:20:05.189+0000] {processor.py:175} INFO - Processing /usr/local/python/3.10.13/lib/python3.10/site-packages/airflow/example_dags/example_trigger_controller_dag.py took 0.087 seconds
[2024-04-22T06:20:53.320+0000] {processor.py:153} INFO - Started process (PID=46583) to work on /usr/local/python/3.10.13/lib/python3.10/site-packages/airflow/example_dags/example_trigger_controller_dag.py
[2024-04-22T06:20:53.321+0000] {processor.py:743} INFO - Processing file /usr/local/python/3.10.13/lib/python3.10/site-packages/airflow/example_dags/example_trigger_controller_dag.py for tasks to queue
[2024-04-22T06:20:53.322+0000] {logging_mixin.py:137} INFO - [2024-04-22T06:20:53.322+0000] {dagbag.py:538} INFO - Filling up the DagBag from /usr/local/python/3.10.13/lib/python3.10/site-packages/airflow/example_dags/example_trigger_controller_dag.py
[2024-04-22T06:20:53.332+0000] {processor.py:753} INFO - DAG(s) dict_keys(['example_trigger_controller_dag']) retrieved from /usr/local/python/3.10.13/lib/python3.10/site-packages/airflow/example_dags/example_trigger_controller_dag.py
[2024-04-22T06:20:53.345+0000] {logging_mixin.py:137} INFO - [2024-04-22T06:20:53.345+0000] {dag.py:2690} INFO - Sync 1 DAGs
[2024-04-22T06:20:53.360+0000] {logging_mixin.py:137} INFO - [2024-04-22T06:20:53.360+0000] {dag.py:3437} INFO - Setting next_dagrun for example_trigger_controller_dag to 2021-01-01T00:00:00+00:00, run_after=2021-01-01T00:00:00+00:00
[2024-04-22T06:20:53.500+0000] {processor.py:175} INFO - Processing /usr/local/python/3.10.13/lib/python3.10/site-packages/airflow/example_dags/example_trigger_controller_dag.py took 0.181 seconds
[2024-04-22T06:21:37.990+0000] {processor.py:153} INFO - Started process (PID=46872) to work on /usr/local/python/3.10.13/lib/python3.10/site-packages/airflow/example_dags/example_trigger_controller_dag.py
[2024-04-22T06:21:37.991+0000] {processor.py:743} INFO - Processing file /usr/local/python/3.10.13/lib/python3.10/site-packages/airflow/example_dags/example_trigger_controller_dag.py for tasks to queue
[2024-04-22T06:21:37.991+0000] {logging_mixin.py:137} INFO - [2024-04-22T06:21:37.991+0000] {dagbag.py:538} INFO - Filling up the DagBag from /usr/local/python/3.10.13/lib/python3.10/site-packages/airflow/example_dags/example_trigger_controller_dag.py
[2024-04-22T06:21:38.001+0000] {processor.py:753} INFO - DAG(s) dict_keys(['example_trigger_controller_dag']) retrieved from /usr/local/python/3.10.13/lib/python3.10/site-packages/airflow/example_dags/example_trigger_controller_dag.py
[2024-04-22T06:21:38.016+0000] {logging_mixin.py:137} INFO - [2024-04-22T06:21:38.016+0000] {dag.py:2690} INFO - Sync 1 DAGs
[2024-04-22T06:21:38.119+0000] {logging_mixin.py:137} INFO - [2024-04-22T06:21:38.119+0000] {dag.py:3437} INFO - Setting next_dagrun for example_trigger_controller_dag to 2021-01-01T00:00:00+00:00, run_after=2021-01-01T00:00:00+00:00
[2024-04-22T06:21:38.167+0000] {processor.py:175} INFO - Processing /usr/local/python/3.10.13/lib/python3.10/site-packages/airflow/example_dags/example_trigger_controller_dag.py took 0.179 seconds
[2024-04-22T06:22:17.520+0000] {processor.py:153} INFO - Started process (PID=47180) to work on /usr/local/python/3.10.13/lib/python3.10/site-packages/airflow/example_dags/example_trigger_controller_dag.py
[2024-04-22T06:22:17.521+0000] {processor.py:743} INFO - Processing file /usr/local/python/3.10.13/lib/python3.10/site-packages/airflow/example_dags/example_trigger_controller_dag.py for tasks to queue
[2024-04-22T06:22:17.521+0000] {logging_mixin.py:137} INFO - [2024-04-22T06:22:17.521+0000] {dagbag.py:538} INFO - Filling up the DagBag from /usr/local/python/3.10.13/lib/python3.10/site-packages/airflow/example_dags/example_trigger_controller_dag.py
[2024-04-22T06:22:17.531+0000] {processor.py:753} INFO - DAG(s) dict_keys(['example_trigger_controller_dag']) retrieved from /usr/local/python/3.10.13/lib/python3.10/site-packages/airflow/example_dags/example_trigger_controller_dag.py
[2024-04-22T06:22:17.545+0000] {logging_mixin.py:137} INFO - [2024-04-22T06:22:17.545+0000] {dag.py:2690} INFO - Sync 1 DAGs
[2024-04-22T06:22:17.670+0000] {logging_mixin.py:137} INFO - [2024-04-22T06:22:17.670+0000] {dag.py:3437} INFO - Setting next_dagrun for example_trigger_controller_dag to 2021-01-01T00:00:00+00:00, run_after=2021-01-01T00:00:00+00:00
[2024-04-22T06:22:17.721+0000] {processor.py:175} INFO - Processing /usr/local/python/3.10.13/lib/python3.10/site-packages/airflow/example_dags/example_trigger_controller_dag.py took 0.203 seconds
[2024-04-22T06:22:59.906+0000] {processor.py:153} INFO - Started process (PID=47551) to work on /usr/local/python/3.10.13/lib/python3.10/site-packages/airflow/example_dags/example_trigger_controller_dag.py
[2024-04-22T06:22:59.906+0000] {processor.py:743} INFO - Processing file /usr/local/python/3.10.13/lib/python3.10/site-packages/airflow/example_dags/example_trigger_controller_dag.py for tasks to queue
[2024-04-22T06:22:59.907+0000] {logging_mixin.py:137} INFO - [2024-04-22T06:22:59.907+0000] {dagbag.py:538} INFO - Filling up the DagBag from /usr/local/python/3.10.13/lib/python3.10/site-packages/airflow/example_dags/example_trigger_controller_dag.py
[2024-04-22T06:22:59.917+0000] {processor.py:753} INFO - DAG(s) dict_keys(['example_trigger_controller_dag']) retrieved from /usr/local/python/3.10.13/lib/python3.10/site-packages/airflow/example_dags/example_trigger_controller_dag.py
[2024-04-22T06:22:59.931+0000] {logging_mixin.py:137} INFO - [2024-04-22T06:22:59.931+0000] {dag.py:2690} INFO - Sync 1 DAGs
[2024-04-22T06:23:00.036+0000] {logging_mixin.py:137} INFO - [2024-04-22T06:23:00.036+0000] {dag.py:3437} INFO - Setting next_dagrun for example_trigger_controller_dag to 2021-01-01T00:00:00+00:00, run_after=2021-01-01T00:00:00+00:00
[2024-04-22T06:23:00.082+0000] {processor.py:175} INFO - Processing /usr/local/python/3.10.13/lib/python3.10/site-packages/airflow/example_dags/example_trigger_controller_dag.py took 0.179 seconds
[2024-04-22T06:23:44.057+0000] {processor.py:153} INFO - Started process (PID=48001) to work on /usr/local/python/3.10.13/lib/python3.10/site-packages/airflow/example_dags/example_trigger_controller_dag.py
[2024-04-22T06:23:44.058+0000] {processor.py:743} INFO - Processing file /usr/local/python/3.10.13/lib/python3.10/site-packages/airflow/example_dags/example_trigger_controller_dag.py for tasks to queue
[2024-04-22T06:23:44.059+0000] {logging_mixin.py:137} INFO - [2024-04-22T06:23:44.059+0000] {dagbag.py:538} INFO - Filling up the DagBag from /usr/local/python/3.10.13/lib/python3.10/site-packages/airflow/example_dags/example_trigger_controller_dag.py
[2024-04-22T06:23:44.072+0000] {processor.py:753} INFO - DAG(s) dict_keys(['example_trigger_controller_dag']) retrieved from /usr/local/python/3.10.13/lib/python3.10/site-packages/airflow/example_dags/example_trigger_controller_dag.py
[2024-04-22T06:23:44.181+0000] {logging_mixin.py:137} INFO - [2024-04-22T06:23:44.181+0000] {dag.py:2690} INFO - Sync 1 DAGs
[2024-04-22T06:23:44.194+0000] {logging_mixin.py:137} INFO - [2024-04-22T06:23:44.194+0000] {dag.py:3437} INFO - Setting next_dagrun for example_trigger_controller_dag to 2021-01-01T00:00:00+00:00, run_after=2021-01-01T00:00:00+00:00
[2024-04-22T06:23:44.239+0000] {processor.py:175} INFO - Processing /usr/local/python/3.10.13/lib/python3.10/site-packages/airflow/example_dags/example_trigger_controller_dag.py took 0.185 seconds
[2024-04-22T06:24:26.163+0000] {processor.py:153} INFO - Started process (PID=48448) to work on /usr/local/python/3.10.13/lib/python3.10/site-packages/airflow/example_dags/example_trigger_controller_dag.py
[2024-04-22T06:24:26.163+0000] {processor.py:743} INFO - Processing file /usr/local/python/3.10.13/lib/python3.10/site-packages/airflow/example_dags/example_trigger_controller_dag.py for tasks to queue
[2024-04-22T06:24:26.164+0000] {logging_mixin.py:137} INFO - [2024-04-22T06:24:26.164+0000] {dagbag.py:538} INFO - Filling up the DagBag from /usr/local/python/3.10.13/lib/python3.10/site-packages/airflow/example_dags/example_trigger_controller_dag.py
[2024-04-22T06:24:26.268+0000] {processor.py:753} INFO - DAG(s) dict_keys(['example_trigger_controller_dag']) retrieved from /usr/local/python/3.10.13/lib/python3.10/site-packages/airflow/example_dags/example_trigger_controller_dag.py
[2024-04-22T06:24:26.279+0000] {logging_mixin.py:137} INFO - [2024-04-22T06:24:26.279+0000] {dag.py:2690} INFO - Sync 1 DAGs
[2024-04-22T06:24:26.293+0000] {logging_mixin.py:137} INFO - [2024-04-22T06:24:26.293+0000] {dag.py:3437} INFO - Setting next_dagrun for example_trigger_controller_dag to 2021-01-01T00:00:00+00:00, run_after=2021-01-01T00:00:00+00:00
[2024-04-22T06:24:26.340+0000] {processor.py:175} INFO - Processing /usr/local/python/3.10.13/lib/python3.10/site-packages/airflow/example_dags/example_trigger_controller_dag.py took 0.180 seconds
[2024-04-22T06:25:09.199+0000] {processor.py:153} INFO - Started process (PID=48915) to work on /usr/local/python/3.10.13/lib/python3.10/site-packages/airflow/example_dags/example_trigger_controller_dag.py
[2024-04-22T06:25:09.199+0000] {processor.py:743} INFO - Processing file /usr/local/python/3.10.13/lib/python3.10/site-packages/airflow/example_dags/example_trigger_controller_dag.py for tasks to queue
[2024-04-22T06:25:09.200+0000] {logging_mixin.py:137} INFO - [2024-04-22T06:25:09.200+0000] {dagbag.py:538} INFO - Filling up the DagBag from /usr/local/python/3.10.13/lib/python3.10/site-packages/airflow/example_dags/example_trigger_controller_dag.py
[2024-04-22T06:25:09.303+0000] {processor.py:753} INFO - DAG(s) dict_keys(['example_trigger_controller_dag']) retrieved from /usr/local/python/3.10.13/lib/python3.10/site-packages/airflow/example_dags/example_trigger_controller_dag.py
[2024-04-22T06:25:09.314+0000] {logging_mixin.py:137} INFO - [2024-04-22T06:25:09.314+0000] {dag.py:2690} INFO - Sync 1 DAGs
[2024-04-22T06:25:09.328+0000] {logging_mixin.py:137} INFO - [2024-04-22T06:25:09.327+0000] {dag.py:3437} INFO - Setting next_dagrun for example_trigger_controller_dag to 2021-01-01T00:00:00+00:00, run_after=2021-01-01T00:00:00+00:00
[2024-04-22T06:25:09.378+0000] {processor.py:175} INFO - Processing /usr/local/python/3.10.13/lib/python3.10/site-packages/airflow/example_dags/example_trigger_controller_dag.py took 0.181 seconds
[2024-04-22T06:25:48.661+0000] {processor.py:153} INFO - Started process (PID=49323) to work on /usr/local/python/3.10.13/lib/python3.10/site-packages/airflow/example_dags/example_trigger_controller_dag.py
[2024-04-22T06:25:48.661+0000] {processor.py:743} INFO - Processing file /usr/local/python/3.10.13/lib/python3.10/site-packages/airflow/example_dags/example_trigger_controller_dag.py for tasks to queue
[2024-04-22T06:25:48.662+0000] {logging_mixin.py:137} INFO - [2024-04-22T06:25:48.662+0000] {dagbag.py:538} INFO - Filling up the DagBag from /usr/local/python/3.10.13/lib/python3.10/site-packages/airflow/example_dags/example_trigger_controller_dag.py
[2024-04-22T06:25:48.672+0000] {processor.py:753} INFO - DAG(s) dict_keys(['example_trigger_controller_dag']) retrieved from /usr/local/python/3.10.13/lib/python3.10/site-packages/airflow/example_dags/example_trigger_controller_dag.py
[2024-04-22T06:25:48.686+0000] {logging_mixin.py:137} INFO - [2024-04-22T06:25:48.686+0000] {dag.py:2690} INFO - Sync 1 DAGs
[2024-04-22T06:25:48.701+0000] {logging_mixin.py:137} INFO - [2024-04-22T06:25:48.701+0000] {dag.py:3437} INFO - Setting next_dagrun for example_trigger_controller_dag to 2021-01-01T00:00:00+00:00, run_after=2021-01-01T00:00:00+00:00
[2024-04-22T06:25:48.747+0000] {processor.py:175} INFO - Processing /usr/local/python/3.10.13/lib/python3.10/site-packages/airflow/example_dags/example_trigger_controller_dag.py took 0.089 seconds
[2024-04-22T06:26:27.727+0000] {processor.py:153} INFO - Started process (PID=49693) to work on /usr/local/python/3.10.13/lib/python3.10/site-packages/airflow/example_dags/example_trigger_controller_dag.py
[2024-04-22T06:26:27.728+0000] {processor.py:743} INFO - Processing file /usr/local/python/3.10.13/lib/python3.10/site-packages/airflow/example_dags/example_trigger_controller_dag.py for tasks to queue
[2024-04-22T06:26:27.729+0000] {logging_mixin.py:137} INFO - [2024-04-22T06:26:27.729+0000] {dagbag.py:538} INFO - Filling up the DagBag from /usr/local/python/3.10.13/lib/python3.10/site-packages/airflow/example_dags/example_trigger_controller_dag.py
[2024-04-22T06:26:27.742+0000] {processor.py:753} INFO - DAG(s) dict_keys(['example_trigger_controller_dag']) retrieved from /usr/local/python/3.10.13/lib/python3.10/site-packages/airflow/example_dags/example_trigger_controller_dag.py
[2024-04-22T06:26:27.761+0000] {logging_mixin.py:137} INFO - [2024-04-22T06:26:27.760+0000] {dag.py:2690} INFO - Sync 1 DAGs
[2024-04-22T06:26:27.776+0000] {logging_mixin.py:137} INFO - [2024-04-22T06:26:27.776+0000] {dag.py:3437} INFO - Setting next_dagrun for example_trigger_controller_dag to 2021-01-01T00:00:00+00:00, run_after=2021-01-01T00:00:00+00:00
[2024-04-22T06:26:27.823+0000] {processor.py:175} INFO - Processing /usr/local/python/3.10.13/lib/python3.10/site-packages/airflow/example_dags/example_trigger_controller_dag.py took 0.098 seconds
[2024-04-22T06:27:10.846+0000] {processor.py:153} INFO - Started process (PID=50117) to work on /usr/local/python/3.10.13/lib/python3.10/site-packages/airflow/example_dags/example_trigger_controller_dag.py
[2024-04-22T06:27:10.847+0000] {processor.py:743} INFO - Processing file /usr/local/python/3.10.13/lib/python3.10/site-packages/airflow/example_dags/example_trigger_controller_dag.py for tasks to queue
[2024-04-22T06:27:10.847+0000] {logging_mixin.py:137} INFO - [2024-04-22T06:27:10.847+0000] {dagbag.py:538} INFO - Filling up the DagBag from /usr/local/python/3.10.13/lib/python3.10/site-packages/airflow/example_dags/example_trigger_controller_dag.py
[2024-04-22T06:27:10.858+0000] {processor.py:753} INFO - DAG(s) dict_keys(['example_trigger_controller_dag']) retrieved from /usr/local/python/3.10.13/lib/python3.10/site-packages/airflow/example_dags/example_trigger_controller_dag.py
[2024-04-22T06:27:10.872+0000] {logging_mixin.py:137} INFO - [2024-04-22T06:27:10.872+0000] {dag.py:2690} INFO - Sync 1 DAGs
[2024-04-22T06:27:10.887+0000] {logging_mixin.py:137} INFO - [2024-04-22T06:27:10.887+0000] {dag.py:3437} INFO - Setting next_dagrun for example_trigger_controller_dag to 2021-01-01T00:00:00+00:00, run_after=2021-01-01T00:00:00+00:00
[2024-04-22T06:27:10.933+0000] {processor.py:175} INFO - Processing /usr/local/python/3.10.13/lib/python3.10/site-packages/airflow/example_dags/example_trigger_controller_dag.py took 0.089 seconds
[2024-04-22T06:27:50.854+0000] {processor.py:153} INFO - Started process (PID=50448) to work on /usr/local/python/3.10.13/lib/python3.10/site-packages/airflow/example_dags/example_trigger_controller_dag.py
[2024-04-22T06:27:50.854+0000] {processor.py:743} INFO - Processing file /usr/local/python/3.10.13/lib/python3.10/site-packages/airflow/example_dags/example_trigger_controller_dag.py for tasks to queue
[2024-04-22T06:27:50.855+0000] {logging_mixin.py:137} INFO - [2024-04-22T06:27:50.855+0000] {dagbag.py:538} INFO - Filling up the DagBag from /usr/local/python/3.10.13/lib/python3.10/site-packages/airflow/example_dags/example_trigger_controller_dag.py
[2024-04-22T06:27:50.866+0000] {processor.py:753} INFO - DAG(s) dict_keys(['example_trigger_controller_dag']) retrieved from /usr/local/python/3.10.13/lib/python3.10/site-packages/airflow/example_dags/example_trigger_controller_dag.py
[2024-04-22T06:27:50.880+0000] {logging_mixin.py:137} INFO - [2024-04-22T06:27:50.880+0000] {dag.py:2690} INFO - Sync 1 DAGs
[2024-04-22T06:27:50.895+0000] {logging_mixin.py:137} INFO - [2024-04-22T06:27:50.895+0000] {dag.py:3437} INFO - Setting next_dagrun for example_trigger_controller_dag to 2021-01-01T00:00:00+00:00, run_after=2021-01-01T00:00:00+00:00
[2024-04-22T06:27:50.942+0000] {processor.py:175} INFO - Processing /usr/local/python/3.10.13/lib/python3.10/site-packages/airflow/example_dags/example_trigger_controller_dag.py took 0.090 seconds
