[2024-04-22T06:13:02.516+0000] {processor.py:153} INFO - Started process (PID=43302) to work on /usr/local/python/3.10.13/lib/python3.10/site-packages/airflow/example_dags/example_short_circuit_decorator.py
[2024-04-22T06:13:02.516+0000] {processor.py:743} INFO - Processing file /usr/local/python/3.10.13/lib/python3.10/site-packages/airflow/example_dags/example_short_circuit_decorator.py for tasks to queue
[2024-04-22T06:13:02.517+0000] {logging_mixin.py:137} INFO - [2024-04-22T06:13:02.517+0000] {dagbag.py:538} INFO - Filling up the DagBag from /usr/local/python/3.10.13/lib/python3.10/site-packages/airflow/example_dags/example_short_circuit_decorator.py
[2024-04-22T06:13:02.545+0000] {processor.py:753} INFO - DAG(s) dict_keys(['example_short_circuit_decorator']) retrieved from /usr/local/python/3.10.13/lib/python3.10/site-packages/airflow/example_dags/example_short_circuit_decorator.py
[2024-04-22T06:13:02.733+0000] {logging_mixin.py:137} INFO - [2024-04-22T06:13:02.733+0000] {manager.py:504} INFO - Created Permission View: can delete on DAG:example_short_circuit_decorator
[2024-04-22T06:13:02.773+0000] {logging_mixin.py:137} INFO - [2024-04-22T06:13:02.772+0000] {manager.py:504} INFO - Created Permission View: can edit on DAG:example_short_circuit_decorator
[2024-04-22T06:13:02.827+0000] {logging_mixin.py:137} INFO - [2024-04-22T06:13:02.827+0000] {manager.py:504} INFO - Created Permission View: can read on DAG:example_short_circuit_decorator
[2024-04-22T06:13:02.828+0000] {logging_mixin.py:137} INFO - [2024-04-22T06:13:02.827+0000] {dag.py:2690} INFO - Sync 1 DAGs
[2024-04-22T06:13:02.836+0000] {logging_mixin.py:137} INFO - [2024-04-22T06:13:02.836+0000] {dag.py:2711} INFO - Creating ORM DAG for example_short_circuit_decorator
[2024-04-22T06:13:02.843+0000] {logging_mixin.py:137} INFO - [2024-04-22T06:13:02.843+0000] {dag.py:3437} INFO - Setting next_dagrun for example_short_circuit_decorator to 2024-04-21T06:13:02.843122+00:00, run_after=2024-04-22T06:13:02.843122+00:00
[2024-04-22T06:13:02.897+0000] {processor.py:175} INFO - Processing /usr/local/python/3.10.13/lib/python3.10/site-packages/airflow/example_dags/example_short_circuit_decorator.py took 0.385 seconds
[2024-04-22T06:13:48.774+0000] {processor.py:153} INFO - Started process (PID=43624) to work on /usr/local/python/3.10.13/lib/python3.10/site-packages/airflow/example_dags/example_short_circuit_decorator.py
[2024-04-22T06:13:48.775+0000] {processor.py:743} INFO - Processing file /usr/local/python/3.10.13/lib/python3.10/site-packages/airflow/example_dags/example_short_circuit_decorator.py for tasks to queue
[2024-04-22T06:13:48.776+0000] {logging_mixin.py:137} INFO - [2024-04-22T06:13:48.776+0000] {dagbag.py:538} INFO - Filling up the DagBag from /usr/local/python/3.10.13/lib/python3.10/site-packages/airflow/example_dags/example_short_circuit_decorator.py
[2024-04-22T06:13:48.799+0000] {processor.py:753} INFO - DAG(s) dict_keys(['example_short_circuit_decorator']) retrieved from /usr/local/python/3.10.13/lib/python3.10/site-packages/airflow/example_dags/example_short_circuit_decorator.py
[2024-04-22T06:13:48.814+0000] {logging_mixin.py:137} INFO - [2024-04-22T06:13:48.814+0000] {dag.py:2690} INFO - Sync 1 DAGs
[2024-04-22T06:13:48.829+0000] {logging_mixin.py:137} INFO - [2024-04-22T06:13:48.829+0000] {dag.py:3437} INFO - Setting next_dagrun for example_short_circuit_decorator to 2024-04-21T06:13:48.829337+00:00, run_after=2024-04-22T06:13:48.829337+00:00
[2024-04-22T06:13:48.876+0000] {processor.py:175} INFO - Processing /usr/local/python/3.10.13/lib/python3.10/site-packages/airflow/example_dags/example_short_circuit_decorator.py took 0.104 seconds
[2024-04-22T06:14:28.877+0000] {processor.py:153} INFO - Started process (PID=43897) to work on /usr/local/python/3.10.13/lib/python3.10/site-packages/airflow/example_dags/example_short_circuit_decorator.py
[2024-04-22T06:14:28.878+0000] {processor.py:743} INFO - Processing file /usr/local/python/3.10.13/lib/python3.10/site-packages/airflow/example_dags/example_short_circuit_decorator.py for tasks to queue
[2024-04-22T06:14:28.878+0000] {logging_mixin.py:137} INFO - [2024-04-22T06:14:28.878+0000] {dagbag.py:538} INFO - Filling up the DagBag from /usr/local/python/3.10.13/lib/python3.10/site-packages/airflow/example_dags/example_short_circuit_decorator.py
[2024-04-22T06:14:28.901+0000] {processor.py:753} INFO - DAG(s) dict_keys(['example_short_circuit_decorator']) retrieved from /usr/local/python/3.10.13/lib/python3.10/site-packages/airflow/example_dags/example_short_circuit_decorator.py
[2024-04-22T06:14:28.917+0000] {logging_mixin.py:137} INFO - [2024-04-22T06:14:28.916+0000] {dag.py:2690} INFO - Sync 1 DAGs
[2024-04-22T06:14:28.932+0000] {logging_mixin.py:137} INFO - [2024-04-22T06:14:28.932+0000] {dag.py:3437} INFO - Setting next_dagrun for example_short_circuit_decorator to 2024-04-21T06:14:28.932053+00:00, run_after=2024-04-22T06:14:28.932053+00:00
[2024-04-22T06:14:28.981+0000] {processor.py:175} INFO - Processing /usr/local/python/3.10.13/lib/python3.10/site-packages/airflow/example_dags/example_short_circuit_decorator.py took 0.106 seconds
[2024-04-22T06:15:07.055+0000] {processor.py:153} INFO - Started process (PID=44161) to work on /usr/local/python/3.10.13/lib/python3.10/site-packages/airflow/example_dags/example_short_circuit_decorator.py
[2024-04-22T06:15:07.056+0000] {processor.py:743} INFO - Processing file /usr/local/python/3.10.13/lib/python3.10/site-packages/airflow/example_dags/example_short_circuit_decorator.py for tasks to queue
[2024-04-22T06:15:07.056+0000] {logging_mixin.py:137} INFO - [2024-04-22T06:15:07.056+0000] {dagbag.py:538} INFO - Filling up the DagBag from /usr/local/python/3.10.13/lib/python3.10/site-packages/airflow/example_dags/example_short_circuit_decorator.py
[2024-04-22T06:15:07.079+0000] {processor.py:753} INFO - DAG(s) dict_keys(['example_short_circuit_decorator']) retrieved from /usr/local/python/3.10.13/lib/python3.10/site-packages/airflow/example_dags/example_short_circuit_decorator.py
[2024-04-22T06:15:07.094+0000] {logging_mixin.py:137} INFO - [2024-04-22T06:15:07.094+0000] {dag.py:2690} INFO - Sync 1 DAGs
[2024-04-22T06:15:07.109+0000] {logging_mixin.py:137} INFO - [2024-04-22T06:15:07.109+0000] {dag.py:3437} INFO - Setting next_dagrun for example_short_circuit_decorator to 2024-04-21T06:15:07.109164+00:00, run_after=2024-04-22T06:15:07.109164+00:00
[2024-04-22T06:15:07.157+0000] {processor.py:175} INFO - Processing /usr/local/python/3.10.13/lib/python3.10/site-packages/airflow/example_dags/example_short_circuit_decorator.py took 0.105 seconds
[2024-04-22T06:15:48.009+0000] {processor.py:153} INFO - Started process (PID=44441) to work on /usr/local/python/3.10.13/lib/python3.10/site-packages/airflow/example_dags/example_short_circuit_decorator.py
[2024-04-22T06:15:48.010+0000] {processor.py:743} INFO - Processing file /usr/local/python/3.10.13/lib/python3.10/site-packages/airflow/example_dags/example_short_circuit_decorator.py for tasks to queue
[2024-04-22T06:15:48.011+0000] {logging_mixin.py:137} INFO - [2024-04-22T06:15:48.011+0000] {dagbag.py:538} INFO - Filling up the DagBag from /usr/local/python/3.10.13/lib/python3.10/site-packages/airflow/example_dags/example_short_circuit_decorator.py
[2024-04-22T06:15:48.033+0000] {processor.py:753} INFO - DAG(s) dict_keys(['example_short_circuit_decorator']) retrieved from /usr/local/python/3.10.13/lib/python3.10/site-packages/airflow/example_dags/example_short_circuit_decorator.py
[2024-04-22T06:15:48.049+0000] {logging_mixin.py:137} INFO - [2024-04-22T06:15:48.049+0000] {dag.py:2690} INFO - Sync 1 DAGs
[2024-04-22T06:15:48.070+0000] {logging_mixin.py:137} INFO - [2024-04-22T06:15:48.070+0000] {dag.py:3437} INFO - Setting next_dagrun for example_short_circuit_decorator to 2024-04-21T06:15:48.070087+00:00, run_after=2024-04-22T06:15:48.070087+00:00
[2024-04-22T06:15:48.122+0000] {processor.py:175} INFO - Processing /usr/local/python/3.10.13/lib/python3.10/site-packages/airflow/example_dags/example_short_circuit_decorator.py took 0.115 seconds
[2024-04-22T06:16:27.500+0000] {processor.py:153} INFO - Started process (PID=44710) to work on /usr/local/python/3.10.13/lib/python3.10/site-packages/airflow/example_dags/example_short_circuit_decorator.py
[2024-04-22T06:16:27.500+0000] {processor.py:743} INFO - Processing file /usr/local/python/3.10.13/lib/python3.10/site-packages/airflow/example_dags/example_short_circuit_decorator.py for tasks to queue
[2024-04-22T06:16:27.501+0000] {logging_mixin.py:137} INFO - [2024-04-22T06:16:27.501+0000] {dagbag.py:538} INFO - Filling up the DagBag from /usr/local/python/3.10.13/lib/python3.10/site-packages/airflow/example_dags/example_short_circuit_decorator.py
[2024-04-22T06:16:27.525+0000] {processor.py:753} INFO - DAG(s) dict_keys(['example_short_circuit_decorator']) retrieved from /usr/local/python/3.10.13/lib/python3.10/site-packages/airflow/example_dags/example_short_circuit_decorator.py
[2024-04-22T06:16:27.546+0000] {logging_mixin.py:137} INFO - [2024-04-22T06:16:27.545+0000] {dag.py:2690} INFO - Sync 1 DAGs
[2024-04-22T06:16:27.561+0000] {logging_mixin.py:137} INFO - [2024-04-22T06:16:27.561+0000] {dag.py:3437} INFO - Setting next_dagrun for example_short_circuit_decorator to 2024-04-21T06:16:27.560958+00:00, run_after=2024-04-22T06:16:27.560958+00:00
[2024-04-22T06:16:27.606+0000] {processor.py:175} INFO - Processing /usr/local/python/3.10.13/lib/python3.10/site-packages/airflow/example_dags/example_short_circuit_decorator.py took 0.109 seconds
[2024-04-22T06:17:07.673+0000] {processor.py:153} INFO - Started process (PID=44982) to work on /usr/local/python/3.10.13/lib/python3.10/site-packages/airflow/example_dags/example_short_circuit_decorator.py
[2024-04-22T06:17:07.674+0000] {processor.py:743} INFO - Processing file /usr/local/python/3.10.13/lib/python3.10/site-packages/airflow/example_dags/example_short_circuit_decorator.py for tasks to queue
[2024-04-22T06:17:07.675+0000] {logging_mixin.py:137} INFO - [2024-04-22T06:17:07.675+0000] {dagbag.py:538} INFO - Filling up the DagBag from /usr/local/python/3.10.13/lib/python3.10/site-packages/airflow/example_dags/example_short_circuit_decorator.py
[2024-04-22T06:17:07.697+0000] {processor.py:753} INFO - DAG(s) dict_keys(['example_short_circuit_decorator']) retrieved from /usr/local/python/3.10.13/lib/python3.10/site-packages/airflow/example_dags/example_short_circuit_decorator.py
[2024-04-22T06:17:07.712+0000] {logging_mixin.py:137} INFO - [2024-04-22T06:17:07.712+0000] {dag.py:2690} INFO - Sync 1 DAGs
[2024-04-22T06:17:07.727+0000] {logging_mixin.py:137} INFO - [2024-04-22T06:17:07.727+0000] {dag.py:3437} INFO - Setting next_dagrun for example_short_circuit_decorator to 2024-04-21T06:17:07.727451+00:00, run_after=2024-04-22T06:17:07.727451+00:00
[2024-04-22T06:17:07.773+0000] {processor.py:175} INFO - Processing /usr/local/python/3.10.13/lib/python3.10/site-packages/airflow/example_dags/example_short_circuit_decorator.py took 0.101 seconds
[2024-04-22T06:17:47.553+0000] {processor.py:153} INFO - Started process (PID=45242) to work on /usr/local/python/3.10.13/lib/python3.10/site-packages/airflow/example_dags/example_short_circuit_decorator.py
[2024-04-22T06:17:47.554+0000] {processor.py:743} INFO - Processing file /usr/local/python/3.10.13/lib/python3.10/site-packages/airflow/example_dags/example_short_circuit_decorator.py for tasks to queue
[2024-04-22T06:17:47.555+0000] {logging_mixin.py:137} INFO - [2024-04-22T06:17:47.555+0000] {dagbag.py:538} INFO - Filling up the DagBag from /usr/local/python/3.10.13/lib/python3.10/site-packages/airflow/example_dags/example_short_circuit_decorator.py
[2024-04-22T06:17:47.585+0000] {processor.py:753} INFO - DAG(s) dict_keys(['example_short_circuit_decorator']) retrieved from /usr/local/python/3.10.13/lib/python3.10/site-packages/airflow/example_dags/example_short_circuit_decorator.py
[2024-04-22T06:17:47.609+0000] {logging_mixin.py:137} INFO - [2024-04-22T06:17:47.609+0000] {dag.py:2690} INFO - Sync 1 DAGs
[2024-04-22T06:17:47.628+0000] {logging_mixin.py:137} INFO - [2024-04-22T06:17:47.628+0000] {dag.py:3437} INFO - Setting next_dagrun for example_short_circuit_decorator to 2024-04-21T06:17:47.627992+00:00, run_after=2024-04-22T06:17:47.627992+00:00
[2024-04-22T06:17:47.681+0000] {processor.py:175} INFO - Processing /usr/local/python/3.10.13/lib/python3.10/site-packages/airflow/example_dags/example_short_circuit_decorator.py took 0.131 seconds
[2024-04-22T06:18:29.457+0000] {processor.py:153} INFO - Started process (PID=45604) to work on /usr/local/python/3.10.13/lib/python3.10/site-packages/airflow/example_dags/example_short_circuit_decorator.py
[2024-04-22T06:18:29.458+0000] {processor.py:743} INFO - Processing file /usr/local/python/3.10.13/lib/python3.10/site-packages/airflow/example_dags/example_short_circuit_decorator.py for tasks to queue
[2024-04-22T06:18:29.459+0000] {logging_mixin.py:137} INFO - [2024-04-22T06:18:29.459+0000] {dagbag.py:538} INFO - Filling up the DagBag from /usr/local/python/3.10.13/lib/python3.10/site-packages/airflow/example_dags/example_short_circuit_decorator.py
[2024-04-22T06:18:29.480+0000] {processor.py:753} INFO - DAG(s) dict_keys(['example_short_circuit_decorator']) retrieved from /usr/local/python/3.10.13/lib/python3.10/site-packages/airflow/example_dags/example_short_circuit_decorator.py
[2024-04-22T06:18:29.495+0000] {logging_mixin.py:137} INFO - [2024-04-22T06:18:29.495+0000] {dag.py:2690} INFO - Sync 1 DAGs
[2024-04-22T06:18:29.510+0000] {logging_mixin.py:137} INFO - [2024-04-22T06:18:29.510+0000] {dag.py:3437} INFO - Setting next_dagrun for example_short_circuit_decorator to 2024-04-21T06:18:29.510007+00:00, run_after=2024-04-22T06:18:29.510007+00:00
[2024-04-22T06:18:29.557+0000] {processor.py:175} INFO - Processing /usr/local/python/3.10.13/lib/python3.10/site-packages/airflow/example_dags/example_short_circuit_decorator.py took 0.102 seconds
[2024-04-22T06:19:11.154+0000] {processor.py:153} INFO - Started process (PID=45888) to work on /usr/local/python/3.10.13/lib/python3.10/site-packages/airflow/example_dags/example_short_circuit_decorator.py
[2024-04-22T06:19:11.155+0000] {processor.py:743} INFO - Processing file /usr/local/python/3.10.13/lib/python3.10/site-packages/airflow/example_dags/example_short_circuit_decorator.py for tasks to queue
[2024-04-22T06:19:11.156+0000] {logging_mixin.py:137} INFO - [2024-04-22T06:19:11.156+0000] {dagbag.py:538} INFO - Filling up the DagBag from /usr/local/python/3.10.13/lib/python3.10/site-packages/airflow/example_dags/example_short_circuit_decorator.py
[2024-04-22T06:19:11.177+0000] {processor.py:753} INFO - DAG(s) dict_keys(['example_short_circuit_decorator']) retrieved from /usr/local/python/3.10.13/lib/python3.10/site-packages/airflow/example_dags/example_short_circuit_decorator.py
[2024-04-22T06:19:11.192+0000] {logging_mixin.py:137} INFO - [2024-04-22T06:19:11.192+0000] {dag.py:2690} INFO - Sync 1 DAGs
[2024-04-22T06:19:11.206+0000] {logging_mixin.py:137} INFO - [2024-04-22T06:19:11.206+0000] {dag.py:3437} INFO - Setting next_dagrun for example_short_circuit_decorator to 2024-04-21T06:19:11.206374+00:00, run_after=2024-04-22T06:19:11.206374+00:00
[2024-04-22T06:19:11.253+0000] {processor.py:175} INFO - Processing /usr/local/python/3.10.13/lib/python3.10/site-packages/airflow/example_dags/example_short_circuit_decorator.py took 0.101 seconds
[2024-04-22T06:19:52.265+0000] {processor.py:153} INFO - Started process (PID=46163) to work on /usr/local/python/3.10.13/lib/python3.10/site-packages/airflow/example_dags/example_short_circuit_decorator.py
[2024-04-22T06:19:52.266+0000] {processor.py:743} INFO - Processing file /usr/local/python/3.10.13/lib/python3.10/site-packages/airflow/example_dags/example_short_circuit_decorator.py for tasks to queue
[2024-04-22T06:19:52.266+0000] {logging_mixin.py:137} INFO - [2024-04-22T06:19:52.266+0000] {dagbag.py:538} INFO - Filling up the DagBag from /usr/local/python/3.10.13/lib/python3.10/site-packages/airflow/example_dags/example_short_circuit_decorator.py
[2024-04-22T06:19:52.295+0000] {processor.py:753} INFO - DAG(s) dict_keys(['example_short_circuit_decorator']) retrieved from /usr/local/python/3.10.13/lib/python3.10/site-packages/airflow/example_dags/example_short_circuit_decorator.py
[2024-04-22T06:19:52.310+0000] {logging_mixin.py:137} INFO - [2024-04-22T06:19:52.310+0000] {dag.py:2690} INFO - Sync 1 DAGs
[2024-04-22T06:19:52.325+0000] {logging_mixin.py:137} INFO - [2024-04-22T06:19:52.325+0000] {dag.py:3437} INFO - Setting next_dagrun for example_short_circuit_decorator to 2024-04-21T06:19:52.325081+00:00, run_after=2024-04-22T06:19:52.325081+00:00
[2024-04-22T06:19:52.492+0000] {processor.py:175} INFO - Processing /usr/local/python/3.10.13/lib/python3.10/site-packages/airflow/example_dags/example_short_circuit_decorator.py took 0.230 seconds
[2024-04-22T06:20:37.576+0000] {processor.py:153} INFO - Started process (PID=46466) to work on /usr/local/python/3.10.13/lib/python3.10/site-packages/airflow/example_dags/example_short_circuit_decorator.py
[2024-04-22T06:20:37.576+0000] {processor.py:743} INFO - Processing file /usr/local/python/3.10.13/lib/python3.10/site-packages/airflow/example_dags/example_short_circuit_decorator.py for tasks to queue
[2024-04-22T06:20:37.577+0000] {logging_mixin.py:137} INFO - [2024-04-22T06:20:37.577+0000] {dagbag.py:538} INFO - Filling up the DagBag from /usr/local/python/3.10.13/lib/python3.10/site-packages/airflow/example_dags/example_short_circuit_decorator.py
[2024-04-22T06:20:37.598+0000] {processor.py:753} INFO - DAG(s) dict_keys(['example_short_circuit_decorator']) retrieved from /usr/local/python/3.10.13/lib/python3.10/site-packages/airflow/example_dags/example_short_circuit_decorator.py
[2024-04-22T06:20:37.614+0000] {logging_mixin.py:137} INFO - [2024-04-22T06:20:37.614+0000] {dag.py:2690} INFO - Sync 1 DAGs
[2024-04-22T06:20:37.716+0000] {logging_mixin.py:137} INFO - [2024-04-22T06:20:37.716+0000] {dag.py:3437} INFO - Setting next_dagrun for example_short_circuit_decorator to 2024-04-21T06:20:37.716384+00:00, run_after=2024-04-22T06:20:37.716384+00:00
[2024-04-22T06:20:37.763+0000] {processor.py:175} INFO - Processing /usr/local/python/3.10.13/lib/python3.10/site-packages/airflow/example_dags/example_short_circuit_decorator.py took 0.189 seconds
[2024-04-22T06:21:22.064+0000] {processor.py:153} INFO - Started process (PID=46779) to work on /usr/local/python/3.10.13/lib/python3.10/site-packages/airflow/example_dags/example_short_circuit_decorator.py
[2024-04-22T06:21:22.065+0000] {processor.py:743} INFO - Processing file /usr/local/python/3.10.13/lib/python3.10/site-packages/airflow/example_dags/example_short_circuit_decorator.py for tasks to queue
[2024-04-22T06:21:22.065+0000] {logging_mixin.py:137} INFO - [2024-04-22T06:21:22.065+0000] {dagbag.py:538} INFO - Filling up the DagBag from /usr/local/python/3.10.13/lib/python3.10/site-packages/airflow/example_dags/example_short_circuit_decorator.py
[2024-04-22T06:21:22.087+0000] {processor.py:753} INFO - DAG(s) dict_keys(['example_short_circuit_decorator']) retrieved from /usr/local/python/3.10.13/lib/python3.10/site-packages/airflow/example_dags/example_short_circuit_decorator.py
[2024-04-22T06:21:22.105+0000] {logging_mixin.py:137} INFO - [2024-04-22T06:21:22.105+0000] {dag.py:2690} INFO - Sync 1 DAGs
[2024-04-22T06:21:22.222+0000] {logging_mixin.py:137} INFO - [2024-04-22T06:21:22.221+0000] {dag.py:3437} INFO - Setting next_dagrun for example_short_circuit_decorator to 2024-04-21T06:21:22.221748+00:00, run_after=2024-04-22T06:21:22.221748+00:00
[2024-04-22T06:21:22.272+0000] {processor.py:175} INFO - Processing /usr/local/python/3.10.13/lib/python3.10/site-packages/airflow/example_dags/example_short_circuit_decorator.py took 0.210 seconds
[2024-04-22T06:22:04.446+0000] {processor.py:153} INFO - Started process (PID=47069) to work on /usr/local/python/3.10.13/lib/python3.10/site-packages/airflow/example_dags/example_short_circuit_decorator.py
[2024-04-22T06:22:04.447+0000] {processor.py:743} INFO - Processing file /usr/local/python/3.10.13/lib/python3.10/site-packages/airflow/example_dags/example_short_circuit_decorator.py for tasks to queue
[2024-04-22T06:22:04.447+0000] {logging_mixin.py:137} INFO - [2024-04-22T06:22:04.447+0000] {dagbag.py:538} INFO - Filling up the DagBag from /usr/local/python/3.10.13/lib/python3.10/site-packages/airflow/example_dags/example_short_circuit_decorator.py
[2024-04-22T06:22:04.469+0000] {processor.py:753} INFO - DAG(s) dict_keys(['example_short_circuit_decorator']) retrieved from /usr/local/python/3.10.13/lib/python3.10/site-packages/airflow/example_dags/example_short_circuit_decorator.py
[2024-04-22T06:22:04.484+0000] {logging_mixin.py:137} INFO - [2024-04-22T06:22:04.484+0000] {dag.py:2690} INFO - Sync 1 DAGs
[2024-04-22T06:22:04.586+0000] {logging_mixin.py:137} INFO - [2024-04-22T06:22:04.586+0000] {dag.py:3437} INFO - Setting next_dagrun for example_short_circuit_decorator to 2024-04-21T06:22:04.585837+00:00, run_after=2024-04-22T06:22:04.585837+00:00
[2024-04-22T06:22:04.633+0000] {processor.py:175} INFO - Processing /usr/local/python/3.10.13/lib/python3.10/site-packages/airflow/example_dags/example_short_circuit_decorator.py took 0.189 seconds
[2024-04-22T06:22:41.482+0000] {processor.py:153} INFO - Started process (PID=47394) to work on /usr/local/python/3.10.13/lib/python3.10/site-packages/airflow/example_dags/example_short_circuit_decorator.py
[2024-04-22T06:22:41.482+0000] {processor.py:743} INFO - Processing file /usr/local/python/3.10.13/lib/python3.10/site-packages/airflow/example_dags/example_short_circuit_decorator.py for tasks to queue
[2024-04-22T06:22:41.483+0000] {logging_mixin.py:137} INFO - [2024-04-22T06:22:41.483+0000] {dagbag.py:538} INFO - Filling up the DagBag from /usr/local/python/3.10.13/lib/python3.10/site-packages/airflow/example_dags/example_short_circuit_decorator.py
[2024-04-22T06:22:41.532+0000] {processor.py:753} INFO - DAG(s) dict_keys(['example_short_circuit_decorator']) retrieved from /usr/local/python/3.10.13/lib/python3.10/site-packages/airflow/example_dags/example_short_circuit_decorator.py
[2024-04-22T06:22:41.697+0000] {logging_mixin.py:137} INFO - [2024-04-22T06:22:41.697+0000] {dag.py:2690} INFO - Sync 1 DAGs
[2024-04-22T06:22:41.711+0000] {logging_mixin.py:137} INFO - [2024-04-22T06:22:41.711+0000] {dag.py:3437} INFO - Setting next_dagrun for example_short_circuit_decorator to 2024-04-21T06:22:41.711468+00:00, run_after=2024-04-22T06:22:41.711468+00:00
[2024-04-22T06:22:41.757+0000] {processor.py:175} INFO - Processing /usr/local/python/3.10.13/lib/python3.10/site-packages/airflow/example_dags/example_short_circuit_decorator.py took 0.279 seconds
[2024-04-22T06:23:25.532+0000] {processor.py:153} INFO - Started process (PID=47796) to work on /usr/local/python/3.10.13/lib/python3.10/site-packages/airflow/example_dags/example_short_circuit_decorator.py
[2024-04-22T06:23:25.533+0000] {processor.py:743} INFO - Processing file /usr/local/python/3.10.13/lib/python3.10/site-packages/airflow/example_dags/example_short_circuit_decorator.py for tasks to queue
[2024-04-22T06:23:25.534+0000] {logging_mixin.py:137} INFO - [2024-04-22T06:23:25.533+0000] {dagbag.py:538} INFO - Filling up the DagBag from /usr/local/python/3.10.13/lib/python3.10/site-packages/airflow/example_dags/example_short_circuit_decorator.py
[2024-04-22T06:23:25.669+0000] {processor.py:753} INFO - DAG(s) dict_keys(['example_short_circuit_decorator']) retrieved from /usr/local/python/3.10.13/lib/python3.10/site-packages/airflow/example_dags/example_short_circuit_decorator.py
[2024-04-22T06:23:25.687+0000] {logging_mixin.py:137} INFO - [2024-04-22T06:23:25.687+0000] {dag.py:2690} INFO - Sync 1 DAGs
[2024-04-22T06:23:25.707+0000] {logging_mixin.py:137} INFO - [2024-04-22T06:23:25.707+0000] {dag.py:3437} INFO - Setting next_dagrun for example_short_circuit_decorator to 2024-04-21T06:23:25.707126+00:00, run_after=2024-04-22T06:23:25.707126+00:00
[2024-04-22T06:23:25.771+0000] {processor.py:175} INFO - Processing /usr/local/python/3.10.13/lib/python3.10/site-packages/airflow/example_dags/example_short_circuit_decorator.py took 0.240 seconds
[2024-04-22T06:24:07.566+0000] {processor.py:153} INFO - Started process (PID=48252) to work on /usr/local/python/3.10.13/lib/python3.10/site-packages/airflow/example_dags/example_short_circuit_decorator.py
[2024-04-22T06:24:07.568+0000] {processor.py:743} INFO - Processing file /usr/local/python/3.10.13/lib/python3.10/site-packages/airflow/example_dags/example_short_circuit_decorator.py for tasks to queue
[2024-04-22T06:24:07.568+0000] {logging_mixin.py:137} INFO - [2024-04-22T06:24:07.568+0000] {dagbag.py:538} INFO - Filling up the DagBag from /usr/local/python/3.10.13/lib/python3.10/site-packages/airflow/example_dags/example_short_circuit_decorator.py
[2024-04-22T06:24:07.695+0000] {processor.py:753} INFO - DAG(s) dict_keys(['example_short_circuit_decorator']) retrieved from /usr/local/python/3.10.13/lib/python3.10/site-packages/airflow/example_dags/example_short_circuit_decorator.py
[2024-04-22T06:24:07.709+0000] {logging_mixin.py:137} INFO - [2024-04-22T06:24:07.709+0000] {dag.py:2690} INFO - Sync 1 DAGs
[2024-04-22T06:24:07.723+0000] {logging_mixin.py:137} INFO - [2024-04-22T06:24:07.723+0000] {dag.py:3437} INFO - Setting next_dagrun for example_short_circuit_decorator to 2024-04-21T06:24:07.723506+00:00, run_after=2024-04-22T06:24:07.723506+00:00
[2024-04-22T06:24:07.769+0000] {processor.py:175} INFO - Processing /usr/local/python/3.10.13/lib/python3.10/site-packages/airflow/example_dags/example_short_circuit_decorator.py took 0.206 seconds
[2024-04-22T06:24:50.138+0000] {processor.py:153} INFO - Started process (PID=48724) to work on /usr/local/python/3.10.13/lib/python3.10/site-packages/airflow/example_dags/example_short_circuit_decorator.py
[2024-04-22T06:24:50.139+0000] {processor.py:743} INFO - Processing file /usr/local/python/3.10.13/lib/python3.10/site-packages/airflow/example_dags/example_short_circuit_decorator.py for tasks to queue
[2024-04-22T06:24:50.140+0000] {logging_mixin.py:137} INFO - [2024-04-22T06:24:50.140+0000] {dagbag.py:538} INFO - Filling up the DagBag from /usr/local/python/3.10.13/lib/python3.10/site-packages/airflow/example_dags/example_short_circuit_decorator.py
[2024-04-22T06:24:50.281+0000] {processor.py:753} INFO - DAG(s) dict_keys(['example_short_circuit_decorator']) retrieved from /usr/local/python/3.10.13/lib/python3.10/site-packages/airflow/example_dags/example_short_circuit_decorator.py
[2024-04-22T06:24:50.298+0000] {logging_mixin.py:137} INFO - [2024-04-22T06:24:50.298+0000] {dag.py:2690} INFO - Sync 1 DAGs
[2024-04-22T06:24:50.314+0000] {logging_mixin.py:137} INFO - [2024-04-22T06:24:50.313+0000] {dag.py:3437} INFO - Setting next_dagrun for example_short_circuit_decorator to 2024-04-21T06:24:50.313722+00:00, run_after=2024-04-22T06:24:50.313722+00:00
[2024-04-22T06:24:50.361+0000] {processor.py:175} INFO - Processing /usr/local/python/3.10.13/lib/python3.10/site-packages/airflow/example_dags/example_short_circuit_decorator.py took 0.225 seconds
[2024-04-22T06:25:33.227+0000] {processor.py:153} INFO - Started process (PID=49189) to work on /usr/local/python/3.10.13/lib/python3.10/site-packages/airflow/example_dags/example_short_circuit_decorator.py
[2024-04-22T06:25:33.227+0000] {processor.py:743} INFO - Processing file /usr/local/python/3.10.13/lib/python3.10/site-packages/airflow/example_dags/example_short_circuit_decorator.py for tasks to queue
[2024-04-22T06:25:33.228+0000] {logging_mixin.py:137} INFO - [2024-04-22T06:25:33.228+0000] {dagbag.py:538} INFO - Filling up the DagBag from /usr/local/python/3.10.13/lib/python3.10/site-packages/airflow/example_dags/example_short_circuit_decorator.py
[2024-04-22T06:25:33.249+0000] {processor.py:753} INFO - DAG(s) dict_keys(['example_short_circuit_decorator']) retrieved from /usr/local/python/3.10.13/lib/python3.10/site-packages/airflow/example_dags/example_short_circuit_decorator.py
[2024-04-22T06:25:33.264+0000] {logging_mixin.py:137} INFO - [2024-04-22T06:25:33.264+0000] {dag.py:2690} INFO - Sync 1 DAGs
[2024-04-22T06:25:33.282+0000] {logging_mixin.py:137} INFO - [2024-04-22T06:25:33.282+0000] {dag.py:3437} INFO - Setting next_dagrun for example_short_circuit_decorator to 2024-04-21T06:25:33.282406+00:00, run_after=2024-04-22T06:25:33.282406+00:00
[2024-04-22T06:25:33.331+0000] {processor.py:175} INFO - Processing /usr/local/python/3.10.13/lib/python3.10/site-packages/airflow/example_dags/example_short_circuit_decorator.py took 0.106 seconds
[2024-04-22T06:26:13.967+0000] {processor.py:153} INFO - Started process (PID=49556) to work on /usr/local/python/3.10.13/lib/python3.10/site-packages/airflow/example_dags/example_short_circuit_decorator.py
[2024-04-22T06:26:13.968+0000] {processor.py:743} INFO - Processing file /usr/local/python/3.10.13/lib/python3.10/site-packages/airflow/example_dags/example_short_circuit_decorator.py for tasks to queue
[2024-04-22T06:26:13.968+0000] {logging_mixin.py:137} INFO - [2024-04-22T06:26:13.968+0000] {dagbag.py:538} INFO - Filling up the DagBag from /usr/local/python/3.10.13/lib/python3.10/site-packages/airflow/example_dags/example_short_circuit_decorator.py
[2024-04-22T06:26:13.990+0000] {processor.py:753} INFO - DAG(s) dict_keys(['example_short_circuit_decorator']) retrieved from /usr/local/python/3.10.13/lib/python3.10/site-packages/airflow/example_dags/example_short_circuit_decorator.py
[2024-04-22T06:26:14.005+0000] {logging_mixin.py:137} INFO - [2024-04-22T06:26:14.005+0000] {dag.py:2690} INFO - Sync 1 DAGs
[2024-04-22T06:26:14.020+0000] {logging_mixin.py:137} INFO - [2024-04-22T06:26:14.020+0000] {dag.py:3437} INFO - Setting next_dagrun for example_short_circuit_decorator to 2024-04-21T06:26:14.020276+00:00, run_after=2024-04-22T06:26:14.020276+00:00
[2024-04-22T06:26:14.068+0000] {processor.py:175} INFO - Processing /usr/local/python/3.10.13/lib/python3.10/site-packages/airflow/example_dags/example_short_circuit_decorator.py took 0.103 seconds
[2024-04-22T06:26:53.994+0000] {processor.py:153} INFO - Started process (PID=49930) to work on /usr/local/python/3.10.13/lib/python3.10/site-packages/airflow/example_dags/example_short_circuit_decorator.py
[2024-04-22T06:26:53.995+0000] {processor.py:743} INFO - Processing file /usr/local/python/3.10.13/lib/python3.10/site-packages/airflow/example_dags/example_short_circuit_decorator.py for tasks to queue
[2024-04-22T06:26:53.995+0000] {logging_mixin.py:137} INFO - [2024-04-22T06:26:53.995+0000] {dagbag.py:538} INFO - Filling up the DagBag from /usr/local/python/3.10.13/lib/python3.10/site-packages/airflow/example_dags/example_short_circuit_decorator.py
[2024-04-22T06:26:54.024+0000] {processor.py:753} INFO - DAG(s) dict_keys(['example_short_circuit_decorator']) retrieved from /usr/local/python/3.10.13/lib/python3.10/site-packages/airflow/example_dags/example_short_circuit_decorator.py
[2024-04-22T06:26:54.047+0000] {logging_mixin.py:137} INFO - [2024-04-22T06:26:54.047+0000] {dag.py:2690} INFO - Sync 1 DAGs
[2024-04-22T06:26:54.069+0000] {logging_mixin.py:137} INFO - [2024-04-22T06:26:54.069+0000] {dag.py:3437} INFO - Setting next_dagrun for example_short_circuit_decorator to 2024-04-21T06:26:54.068771+00:00, run_after=2024-04-22T06:26:54.068771+00:00
[2024-04-22T06:26:54.136+0000] {processor.py:175} INFO - Processing /usr/local/python/3.10.13/lib/python3.10/site-packages/airflow/example_dags/example_short_circuit_decorator.py took 0.144 seconds
[2024-04-22T06:27:34.598+0000] {processor.py:153} INFO - Started process (PID=50299) to work on /usr/local/python/3.10.13/lib/python3.10/site-packages/airflow/example_dags/example_short_circuit_decorator.py
[2024-04-22T06:27:34.599+0000] {processor.py:743} INFO - Processing file /usr/local/python/3.10.13/lib/python3.10/site-packages/airflow/example_dags/example_short_circuit_decorator.py for tasks to queue
[2024-04-22T06:27:34.599+0000] {logging_mixin.py:137} INFO - [2024-04-22T06:27:34.599+0000] {dagbag.py:538} INFO - Filling up the DagBag from /usr/local/python/3.10.13/lib/python3.10/site-packages/airflow/example_dags/example_short_circuit_decorator.py
[2024-04-22T06:27:34.621+0000] {processor.py:753} INFO - DAG(s) dict_keys(['example_short_circuit_decorator']) retrieved from /usr/local/python/3.10.13/lib/python3.10/site-packages/airflow/example_dags/example_short_circuit_decorator.py
[2024-04-22T06:27:34.637+0000] {logging_mixin.py:137} INFO - [2024-04-22T06:27:34.637+0000] {dag.py:2690} INFO - Sync 1 DAGs
[2024-04-22T06:27:34.652+0000] {logging_mixin.py:137} INFO - [2024-04-22T06:27:34.652+0000] {dag.py:3437} INFO - Setting next_dagrun for example_short_circuit_decorator to 2024-04-21T06:27:34.652351+00:00, run_after=2024-04-22T06:27:34.652351+00:00
[2024-04-22T06:27:34.700+0000] {processor.py:175} INFO - Processing /usr/local/python/3.10.13/lib/python3.10/site-packages/airflow/example_dags/example_short_circuit_decorator.py took 0.104 seconds
