[2024-04-22T06:13:28.604+0000] {processor.py:153} INFO - Started process (PID=43490) to work on /usr/local/python/3.10.13/lib/python3.10/site-packages/airflow/example_dags/example_branch_datetime_operator.py
[2024-04-22T06:13:28.604+0000] {processor.py:743} INFO - Processing file /usr/local/python/3.10.13/lib/python3.10/site-packages/airflow/example_dags/example_branch_datetime_operator.py for tasks to queue
[2024-04-22T06:13:28.605+0000] {logging_mixin.py:137} INFO - [2024-04-22T06:13:28.605+0000] {dagbag.py:538} INFO - Filling up the DagBag from /usr/local/python/3.10.13/lib/python3.10/site-packages/airflow/example_dags/example_branch_datetime_operator.py
[2024-04-22T06:13:28.620+0000] {processor.py:753} INFO - DAG(s) dict_keys(['example_branch_datetime_operator_2', 'example_branch_datetime_operator', 'example_branch_datetime_operator_3']) retrieved from /usr/local/python/3.10.13/lib/python3.10/site-packages/airflow/example_dags/example_branch_datetime_operator.py
[2024-04-22T06:13:28.773+0000] {logging_mixin.py:137} INFO - [2024-04-22T06:13:28.773+0000] {manager.py:504} INFO - Created Permission View: can delete on DAG:example_branch_datetime_operator_2
[2024-04-22T06:13:28.813+0000] {logging_mixin.py:137} INFO - [2024-04-22T06:13:28.813+0000] {manager.py:504} INFO - Created Permission View: can edit on DAG:example_branch_datetime_operator_2
[2024-04-22T06:13:28.850+0000] {logging_mixin.py:137} INFO - [2024-04-22T06:13:28.850+0000] {manager.py:504} INFO - Created Permission View: can read on DAG:example_branch_datetime_operator_2
[2024-04-22T06:13:28.930+0000] {logging_mixin.py:137} INFO - [2024-04-22T06:13:28.929+0000] {manager.py:504} INFO - Created Permission View: can delete on DAG:example_branch_datetime_operator
[2024-04-22T06:13:28.965+0000] {logging_mixin.py:137} INFO - [2024-04-22T06:13:28.965+0000] {manager.py:504} INFO - Created Permission View: can edit on DAG:example_branch_datetime_operator
[2024-04-22T06:13:29.002+0000] {logging_mixin.py:137} INFO - [2024-04-22T06:13:29.002+0000] {manager.py:504} INFO - Created Permission View: can read on DAG:example_branch_datetime_operator
[2024-04-22T06:13:29.084+0000] {logging_mixin.py:137} INFO - [2024-04-22T06:13:29.084+0000] {manager.py:504} INFO - Created Permission View: can delete on DAG:example_branch_datetime_operator_3
[2024-04-22T06:13:29.120+0000] {logging_mixin.py:137} INFO - [2024-04-22T06:13:29.120+0000] {manager.py:504} INFO - Created Permission View: can edit on DAG:example_branch_datetime_operator_3
[2024-04-22T06:13:29.156+0000] {logging_mixin.py:137} INFO - [2024-04-22T06:13:29.156+0000] {manager.py:504} INFO - Created Permission View: can read on DAG:example_branch_datetime_operator_3
[2024-04-22T06:13:29.156+0000] {logging_mixin.py:137} INFO - [2024-04-22T06:13:29.156+0000] {dag.py:2690} INFO - Sync 3 DAGs
[2024-04-22T06:13:29.164+0000] {logging_mixin.py:137} INFO - [2024-04-22T06:13:29.164+0000] {dag.py:2711} INFO - Creating ORM DAG for example_branch_datetime_operator_3
[2024-04-22T06:13:29.165+0000] {logging_mixin.py:137} INFO - [2024-04-22T06:13:29.165+0000] {dag.py:2711} INFO - Creating ORM DAG for example_branch_datetime_operator
[2024-04-22T06:13:29.165+0000] {logging_mixin.py:137} INFO - [2024-04-22T06:13:29.165+0000] {dag.py:2711} INFO - Creating ORM DAG for example_branch_datetime_operator_2
[2024-04-22T06:13:29.173+0000] {logging_mixin.py:137} INFO - [2024-04-22T06:13:29.173+0000] {dag.py:3437} INFO - Setting next_dagrun for example_branch_datetime_operator to 2024-04-21T00:00:00+00:00, run_after=2024-04-22T00:00:00+00:00
[2024-04-22T06:13:29.175+0000] {logging_mixin.py:137} INFO - [2024-04-22T06:13:29.175+0000] {dag.py:3437} INFO - Setting next_dagrun for example_branch_datetime_operator_2 to 2024-04-21T00:00:00+00:00, run_after=2024-04-22T00:00:00+00:00
[2024-04-22T06:13:29.176+0000] {logging_mixin.py:137} INFO - [2024-04-22T06:13:29.176+0000] {dag.py:3437} INFO - Setting next_dagrun for example_branch_datetime_operator_3 to 2024-04-21T00:00:00+00:00, run_after=2024-04-22T00:00:00+00:00
[2024-04-22T06:13:29.230+0000] {processor.py:175} INFO - Processing /usr/local/python/3.10.13/lib/python3.10/site-packages/airflow/example_dags/example_branch_datetime_operator.py took 0.629 seconds
[2024-04-22T06:14:11.183+0000] {processor.py:153} INFO - Started process (PID=43772) to work on /usr/local/python/3.10.13/lib/python3.10/site-packages/airflow/example_dags/example_branch_datetime_operator.py
[2024-04-22T06:14:11.184+0000] {processor.py:743} INFO - Processing file /usr/local/python/3.10.13/lib/python3.10/site-packages/airflow/example_dags/example_branch_datetime_operator.py for tasks to queue
[2024-04-22T06:14:11.184+0000] {logging_mixin.py:137} INFO - [2024-04-22T06:14:11.184+0000] {dagbag.py:538} INFO - Filling up the DagBag from /usr/local/python/3.10.13/lib/python3.10/site-packages/airflow/example_dags/example_branch_datetime_operator.py
[2024-04-22T06:14:11.199+0000] {processor.py:753} INFO - DAG(s) dict_keys(['example_branch_datetime_operator', 'example_branch_datetime_operator_3', 'example_branch_datetime_operator_2']) retrieved from /usr/local/python/3.10.13/lib/python3.10/site-packages/airflow/example_dags/example_branch_datetime_operator.py
[2024-04-22T06:14:11.217+0000] {logging_mixin.py:137} INFO - [2024-04-22T06:14:11.217+0000] {dag.py:2690} INFO - Sync 3 DAGs
[2024-04-22T06:14:11.234+0000] {logging_mixin.py:137} INFO - [2024-04-22T06:14:11.233+0000] {dag.py:3437} INFO - Setting next_dagrun for example_branch_datetime_operator to 2024-04-21T00:00:00+00:00, run_after=2024-04-22T00:00:00+00:00
[2024-04-22T06:14:11.237+0000] {logging_mixin.py:137} INFO - [2024-04-22T06:14:11.237+0000] {dag.py:3437} INFO - Setting next_dagrun for example_branch_datetime_operator_2 to 2024-04-21T00:00:00+00:00, run_after=2024-04-22T00:00:00+00:00
[2024-04-22T06:14:11.239+0000] {logging_mixin.py:137} INFO - [2024-04-22T06:14:11.239+0000] {dag.py:3437} INFO - Setting next_dagrun for example_branch_datetime_operator_3 to 2024-04-21T00:00:00+00:00, run_after=2024-04-22T00:00:00+00:00
[2024-04-22T06:14:11.284+0000] {processor.py:175} INFO - Processing /usr/local/python/3.10.13/lib/python3.10/site-packages/airflow/example_dags/example_branch_datetime_operator.py took 0.103 seconds
[2024-04-22T06:14:50.788+0000] {processor.py:153} INFO - Started process (PID=44043) to work on /usr/local/python/3.10.13/lib/python3.10/site-packages/airflow/example_dags/example_branch_datetime_operator.py
[2024-04-22T06:14:50.788+0000] {processor.py:743} INFO - Processing file /usr/local/python/3.10.13/lib/python3.10/site-packages/airflow/example_dags/example_branch_datetime_operator.py for tasks to queue
[2024-04-22T06:14:50.789+0000] {logging_mixin.py:137} INFO - [2024-04-22T06:14:50.789+0000] {dagbag.py:538} INFO - Filling up the DagBag from /usr/local/python/3.10.13/lib/python3.10/site-packages/airflow/example_dags/example_branch_datetime_operator.py
[2024-04-22T06:14:50.805+0000] {processor.py:753} INFO - DAG(s) dict_keys(['example_branch_datetime_operator_3', 'example_branch_datetime_operator_2', 'example_branch_datetime_operator']) retrieved from /usr/local/python/3.10.13/lib/python3.10/site-packages/airflow/example_dags/example_branch_datetime_operator.py
[2024-04-22T06:14:50.822+0000] {logging_mixin.py:137} INFO - [2024-04-22T06:14:50.822+0000] {dag.py:2690} INFO - Sync 3 DAGs
[2024-04-22T06:14:50.838+0000] {logging_mixin.py:137} INFO - [2024-04-22T06:14:50.838+0000] {dag.py:3437} INFO - Setting next_dagrun for example_branch_datetime_operator to 2024-04-21T00:00:00+00:00, run_after=2024-04-22T00:00:00+00:00
[2024-04-22T06:14:50.842+0000] {logging_mixin.py:137} INFO - [2024-04-22T06:14:50.842+0000] {dag.py:3437} INFO - Setting next_dagrun for example_branch_datetime_operator_2 to 2024-04-21T00:00:00+00:00, run_after=2024-04-22T00:00:00+00:00
[2024-04-22T06:14:50.844+0000] {logging_mixin.py:137} INFO - [2024-04-22T06:14:50.844+0000] {dag.py:3437} INFO - Setting next_dagrun for example_branch_datetime_operator_3 to 2024-04-21T00:00:00+00:00, run_after=2024-04-22T00:00:00+00:00
[2024-04-22T06:14:50.892+0000] {processor.py:175} INFO - Processing /usr/local/python/3.10.13/lib/python3.10/site-packages/airflow/example_dags/example_branch_datetime_operator.py took 0.107 seconds
[2024-04-22T06:15:31.344+0000] {processor.py:153} INFO - Started process (PID=44322) to work on /usr/local/python/3.10.13/lib/python3.10/site-packages/airflow/example_dags/example_branch_datetime_operator.py
[2024-04-22T06:15:31.345+0000] {processor.py:743} INFO - Processing file /usr/local/python/3.10.13/lib/python3.10/site-packages/airflow/example_dags/example_branch_datetime_operator.py for tasks to queue
[2024-04-22T06:15:31.346+0000] {logging_mixin.py:137} INFO - [2024-04-22T06:15:31.345+0000] {dagbag.py:538} INFO - Filling up the DagBag from /usr/local/python/3.10.13/lib/python3.10/site-packages/airflow/example_dags/example_branch_datetime_operator.py
[2024-04-22T06:15:31.364+0000] {processor.py:753} INFO - DAG(s) dict_keys(['example_branch_datetime_operator', 'example_branch_datetime_operator_3', 'example_branch_datetime_operator_2']) retrieved from /usr/local/python/3.10.13/lib/python3.10/site-packages/airflow/example_dags/example_branch_datetime_operator.py
[2024-04-22T06:15:31.391+0000] {logging_mixin.py:137} INFO - [2024-04-22T06:15:31.390+0000] {dag.py:2690} INFO - Sync 3 DAGs
[2024-04-22T06:15:31.410+0000] {logging_mixin.py:137} INFO - [2024-04-22T06:15:31.410+0000] {dag.py:3437} INFO - Setting next_dagrun for example_branch_datetime_operator to 2024-04-21T00:00:00+00:00, run_after=2024-04-22T00:00:00+00:00
[2024-04-22T06:15:31.414+0000] {logging_mixin.py:137} INFO - [2024-04-22T06:15:31.414+0000] {dag.py:3437} INFO - Setting next_dagrun for example_branch_datetime_operator_2 to 2024-04-21T00:00:00+00:00, run_after=2024-04-22T00:00:00+00:00
[2024-04-22T06:15:31.416+0000] {logging_mixin.py:137} INFO - [2024-04-22T06:15:31.416+0000] {dag.py:3437} INFO - Setting next_dagrun for example_branch_datetime_operator_3 to 2024-04-21T00:00:00+00:00, run_after=2024-04-22T00:00:00+00:00
[2024-04-22T06:15:31.462+0000] {processor.py:175} INFO - Processing /usr/local/python/3.10.13/lib/python3.10/site-packages/airflow/example_dags/example_branch_datetime_operator.py took 0.120 seconds
[2024-04-22T06:16:14.879+0000] {processor.py:153} INFO - Started process (PID=44611) to work on /usr/local/python/3.10.13/lib/python3.10/site-packages/airflow/example_dags/example_branch_datetime_operator.py
[2024-04-22T06:16:14.880+0000] {processor.py:743} INFO - Processing file /usr/local/python/3.10.13/lib/python3.10/site-packages/airflow/example_dags/example_branch_datetime_operator.py for tasks to queue
[2024-04-22T06:16:14.881+0000] {logging_mixin.py:137} INFO - [2024-04-22T06:16:14.881+0000] {dagbag.py:538} INFO - Filling up the DagBag from /usr/local/python/3.10.13/lib/python3.10/site-packages/airflow/example_dags/example_branch_datetime_operator.py
[2024-04-22T06:16:14.903+0000] {processor.py:753} INFO - DAG(s) dict_keys(['example_branch_datetime_operator_3', 'example_branch_datetime_operator', 'example_branch_datetime_operator_2']) retrieved from /usr/local/python/3.10.13/lib/python3.10/site-packages/airflow/example_dags/example_branch_datetime_operator.py
[2024-04-22T06:16:14.931+0000] {logging_mixin.py:137} INFO - [2024-04-22T06:16:14.930+0000] {dag.py:2690} INFO - Sync 3 DAGs
[2024-04-22T06:16:14.957+0000] {logging_mixin.py:137} INFO - [2024-04-22T06:16:14.956+0000] {dag.py:3437} INFO - Setting next_dagrun for example_branch_datetime_operator to 2024-04-21T00:00:00+00:00, run_after=2024-04-22T00:00:00+00:00
[2024-04-22T06:16:14.964+0000] {logging_mixin.py:137} INFO - [2024-04-22T06:16:14.964+0000] {dag.py:3437} INFO - Setting next_dagrun for example_branch_datetime_operator_2 to 2024-04-21T00:00:00+00:00, run_after=2024-04-22T00:00:00+00:00
[2024-04-22T06:16:14.968+0000] {logging_mixin.py:137} INFO - [2024-04-22T06:16:14.967+0000] {dag.py:3437} INFO - Setting next_dagrun for example_branch_datetime_operator_3 to 2024-04-21T00:00:00+00:00, run_after=2024-04-22T00:00:00+00:00
[2024-04-22T06:16:15.021+0000] {processor.py:175} INFO - Processing /usr/local/python/3.10.13/lib/python3.10/site-packages/airflow/example_dags/example_branch_datetime_operator.py took 0.146 seconds
[2024-04-22T06:16:56.690+0000] {processor.py:153} INFO - Started process (PID=44892) to work on /usr/local/python/3.10.13/lib/python3.10/site-packages/airflow/example_dags/example_branch_datetime_operator.py
[2024-04-22T06:16:56.691+0000] {processor.py:743} INFO - Processing file /usr/local/python/3.10.13/lib/python3.10/site-packages/airflow/example_dags/example_branch_datetime_operator.py for tasks to queue
[2024-04-22T06:16:56.691+0000] {logging_mixin.py:137} INFO - [2024-04-22T06:16:56.691+0000] {dagbag.py:538} INFO - Filling up the DagBag from /usr/local/python/3.10.13/lib/python3.10/site-packages/airflow/example_dags/example_branch_datetime_operator.py
[2024-04-22T06:16:56.709+0000] {processor.py:753} INFO - DAG(s) dict_keys(['example_branch_datetime_operator', 'example_branch_datetime_operator_3', 'example_branch_datetime_operator_2']) retrieved from /usr/local/python/3.10.13/lib/python3.10/site-packages/airflow/example_dags/example_branch_datetime_operator.py
[2024-04-22T06:16:56.734+0000] {logging_mixin.py:137} INFO - [2024-04-22T06:16:56.733+0000] {dag.py:2690} INFO - Sync 3 DAGs
[2024-04-22T06:16:56.768+0000] {logging_mixin.py:137} INFO - [2024-04-22T06:16:56.768+0000] {dag.py:3437} INFO - Setting next_dagrun for example_branch_datetime_operator to 2024-04-21T00:00:00+00:00, run_after=2024-04-22T00:00:00+00:00
[2024-04-22T06:16:56.772+0000] {logging_mixin.py:137} INFO - [2024-04-22T06:16:56.772+0000] {dag.py:3437} INFO - Setting next_dagrun for example_branch_datetime_operator_2 to 2024-04-21T00:00:00+00:00, run_after=2024-04-22T00:00:00+00:00
[2024-04-22T06:16:56.774+0000] {logging_mixin.py:137} INFO - [2024-04-22T06:16:56.774+0000] {dag.py:3437} INFO - Setting next_dagrun for example_branch_datetime_operator_3 to 2024-04-21T00:00:00+00:00, run_after=2024-04-22T00:00:00+00:00
[2024-04-22T06:16:56.826+0000] {processor.py:175} INFO - Processing /usr/local/python/3.10.13/lib/python3.10/site-packages/airflow/example_dags/example_branch_datetime_operator.py took 0.138 seconds
[2024-04-22T06:17:38.510+0000] {processor.py:153} INFO - Started process (PID=45194) to work on /usr/local/python/3.10.13/lib/python3.10/site-packages/airflow/example_dags/example_branch_datetime_operator.py
[2024-04-22T06:17:38.511+0000] {processor.py:743} INFO - Processing file /usr/local/python/3.10.13/lib/python3.10/site-packages/airflow/example_dags/example_branch_datetime_operator.py for tasks to queue
[2024-04-22T06:17:38.511+0000] {logging_mixin.py:137} INFO - [2024-04-22T06:17:38.511+0000] {dagbag.py:538} INFO - Filling up the DagBag from /usr/local/python/3.10.13/lib/python3.10/site-packages/airflow/example_dags/example_branch_datetime_operator.py
[2024-04-22T06:17:38.529+0000] {processor.py:753} INFO - DAG(s) dict_keys(['example_branch_datetime_operator_3', 'example_branch_datetime_operator_2', 'example_branch_datetime_operator']) retrieved from /usr/local/python/3.10.13/lib/python3.10/site-packages/airflow/example_dags/example_branch_datetime_operator.py
[2024-04-22T06:17:38.546+0000] {logging_mixin.py:137} INFO - [2024-04-22T06:17:38.546+0000] {dag.py:2690} INFO - Sync 3 DAGs
[2024-04-22T06:17:38.565+0000] {logging_mixin.py:137} INFO - [2024-04-22T06:17:38.565+0000] {dag.py:3437} INFO - Setting next_dagrun for example_branch_datetime_operator to 2024-04-21T00:00:00+00:00, run_after=2024-04-22T00:00:00+00:00
[2024-04-22T06:17:38.568+0000] {logging_mixin.py:137} INFO - [2024-04-22T06:17:38.568+0000] {dag.py:3437} INFO - Setting next_dagrun for example_branch_datetime_operator_2 to 2024-04-21T00:00:00+00:00, run_after=2024-04-22T00:00:00+00:00
[2024-04-22T06:17:38.570+0000] {logging_mixin.py:137} INFO - [2024-04-22T06:17:38.570+0000] {dag.py:3437} INFO - Setting next_dagrun for example_branch_datetime_operator_3 to 2024-04-21T00:00:00+00:00, run_after=2024-04-22T00:00:00+00:00
[2024-04-22T06:17:38.615+0000] {processor.py:175} INFO - Processing /usr/local/python/3.10.13/lib/python3.10/site-packages/airflow/example_dags/example_branch_datetime_operator.py took 0.107 seconds
[2024-04-22T06:18:20.174+0000] {processor.py:153} INFO - Started process (PID=45539) to work on /usr/local/python/3.10.13/lib/python3.10/site-packages/airflow/example_dags/example_branch_datetime_operator.py
[2024-04-22T06:18:20.175+0000] {processor.py:743} INFO - Processing file /usr/local/python/3.10.13/lib/python3.10/site-packages/airflow/example_dags/example_branch_datetime_operator.py for tasks to queue
[2024-04-22T06:18:20.176+0000] {logging_mixin.py:137} INFO - [2024-04-22T06:18:20.175+0000] {dagbag.py:538} INFO - Filling up the DagBag from /usr/local/python/3.10.13/lib/python3.10/site-packages/airflow/example_dags/example_branch_datetime_operator.py
[2024-04-22T06:18:20.190+0000] {processor.py:753} INFO - DAG(s) dict_keys(['example_branch_datetime_operator_2', 'example_branch_datetime_operator', 'example_branch_datetime_operator_3']) retrieved from /usr/local/python/3.10.13/lib/python3.10/site-packages/airflow/example_dags/example_branch_datetime_operator.py
[2024-04-22T06:18:20.209+0000] {logging_mixin.py:137} INFO - [2024-04-22T06:18:20.208+0000] {dag.py:2690} INFO - Sync 3 DAGs
[2024-04-22T06:18:20.225+0000] {logging_mixin.py:137} INFO - [2024-04-22T06:18:20.225+0000] {dag.py:3437} INFO - Setting next_dagrun for example_branch_datetime_operator to 2024-04-21T00:00:00+00:00, run_after=2024-04-22T00:00:00+00:00
[2024-04-22T06:18:20.228+0000] {logging_mixin.py:137} INFO - [2024-04-22T06:18:20.228+0000] {dag.py:3437} INFO - Setting next_dagrun for example_branch_datetime_operator_2 to 2024-04-21T00:00:00+00:00, run_after=2024-04-22T00:00:00+00:00
[2024-04-22T06:18:20.230+0000] {logging_mixin.py:137} INFO - [2024-04-22T06:18:20.230+0000] {dag.py:3437} INFO - Setting next_dagrun for example_branch_datetime_operator_3 to 2024-04-21T00:00:00+00:00, run_after=2024-04-22T00:00:00+00:00
[2024-04-22T06:18:20.279+0000] {processor.py:175} INFO - Processing /usr/local/python/3.10.13/lib/python3.10/site-packages/airflow/example_dags/example_branch_datetime_operator.py took 0.107 seconds
[2024-04-22T06:19:01.999+0000] {processor.py:153} INFO - Started process (PID=45818) to work on /usr/local/python/3.10.13/lib/python3.10/site-packages/airflow/example_dags/example_branch_datetime_operator.py
[2024-04-22T06:19:02.000+0000] {processor.py:743} INFO - Processing file /usr/local/python/3.10.13/lib/python3.10/site-packages/airflow/example_dags/example_branch_datetime_operator.py for tasks to queue
[2024-04-22T06:19:02.001+0000] {logging_mixin.py:137} INFO - [2024-04-22T06:19:02.000+0000] {dagbag.py:538} INFO - Filling up the DagBag from /usr/local/python/3.10.13/lib/python3.10/site-packages/airflow/example_dags/example_branch_datetime_operator.py
[2024-04-22T06:19:02.016+0000] {processor.py:753} INFO - DAG(s) dict_keys(['example_branch_datetime_operator_3', 'example_branch_datetime_operator_2', 'example_branch_datetime_operator']) retrieved from /usr/local/python/3.10.13/lib/python3.10/site-packages/airflow/example_dags/example_branch_datetime_operator.py
[2024-04-22T06:19:02.033+0000] {logging_mixin.py:137} INFO - [2024-04-22T06:19:02.033+0000] {dag.py:2690} INFO - Sync 3 DAGs
[2024-04-22T06:19:02.049+0000] {logging_mixin.py:137} INFO - [2024-04-22T06:19:02.049+0000] {dag.py:3437} INFO - Setting next_dagrun for example_branch_datetime_operator to 2024-04-21T00:00:00+00:00, run_after=2024-04-22T00:00:00+00:00
[2024-04-22T06:19:02.052+0000] {logging_mixin.py:137} INFO - [2024-04-22T06:19:02.052+0000] {dag.py:3437} INFO - Setting next_dagrun for example_branch_datetime_operator_2 to 2024-04-21T00:00:00+00:00, run_after=2024-04-22T00:00:00+00:00
[2024-04-22T06:19:02.054+0000] {logging_mixin.py:137} INFO - [2024-04-22T06:19:02.054+0000] {dag.py:3437} INFO - Setting next_dagrun for example_branch_datetime_operator_3 to 2024-04-21T00:00:00+00:00, run_after=2024-04-22T00:00:00+00:00
[2024-04-22T06:19:02.104+0000] {processor.py:175} INFO - Processing /usr/local/python/3.10.13/lib/python3.10/site-packages/airflow/example_dags/example_branch_datetime_operator.py took 0.107 seconds
[2024-04-22T06:19:42.788+0000] {processor.py:153} INFO - Started process (PID=46100) to work on /usr/local/python/3.10.13/lib/python3.10/site-packages/airflow/example_dags/example_branch_datetime_operator.py
[2024-04-22T06:19:42.789+0000] {processor.py:743} INFO - Processing file /usr/local/python/3.10.13/lib/python3.10/site-packages/airflow/example_dags/example_branch_datetime_operator.py for tasks to queue
[2024-04-22T06:19:42.790+0000] {logging_mixin.py:137} INFO - [2024-04-22T06:19:42.789+0000] {dagbag.py:538} INFO - Filling up the DagBag from /usr/local/python/3.10.13/lib/python3.10/site-packages/airflow/example_dags/example_branch_datetime_operator.py
[2024-04-22T06:19:42.805+0000] {processor.py:753} INFO - DAG(s) dict_keys(['example_branch_datetime_operator_2', 'example_branch_datetime_operator_3', 'example_branch_datetime_operator']) retrieved from /usr/local/python/3.10.13/lib/python3.10/site-packages/airflow/example_dags/example_branch_datetime_operator.py
[2024-04-22T06:19:42.822+0000] {logging_mixin.py:137} INFO - [2024-04-22T06:19:42.822+0000] {dag.py:2690} INFO - Sync 3 DAGs
[2024-04-22T06:19:42.842+0000] {logging_mixin.py:137} INFO - [2024-04-22T06:19:42.841+0000] {dag.py:3437} INFO - Setting next_dagrun for example_branch_datetime_operator to 2024-04-21T00:00:00+00:00, run_after=2024-04-22T00:00:00+00:00
[2024-04-22T06:19:42.849+0000] {logging_mixin.py:137} INFO - [2024-04-22T06:19:42.849+0000] {dag.py:3437} INFO - Setting next_dagrun for example_branch_datetime_operator_2 to 2024-04-21T00:00:00+00:00, run_after=2024-04-22T00:00:00+00:00
[2024-04-22T06:19:42.853+0000] {logging_mixin.py:137} INFO - [2024-04-22T06:19:42.853+0000] {dag.py:3437} INFO - Setting next_dagrun for example_branch_datetime_operator_3 to 2024-04-21T00:00:00+00:00, run_after=2024-04-22T00:00:00+00:00
[2024-04-22T06:19:42.906+0000] {processor.py:175} INFO - Processing /usr/local/python/3.10.13/lib/python3.10/site-packages/airflow/example_dags/example_branch_datetime_operator.py took 0.120 seconds
[2024-04-22T06:20:28.548+0000] {processor.py:153} INFO - Started process (PID=46404) to work on /usr/local/python/3.10.13/lib/python3.10/site-packages/airflow/example_dags/example_branch_datetime_operator.py
[2024-04-22T06:20:28.549+0000] {processor.py:743} INFO - Processing file /usr/local/python/3.10.13/lib/python3.10/site-packages/airflow/example_dags/example_branch_datetime_operator.py for tasks to queue
[2024-04-22T06:20:28.550+0000] {logging_mixin.py:137} INFO - [2024-04-22T06:20:28.550+0000] {dagbag.py:538} INFO - Filling up the DagBag from /usr/local/python/3.10.13/lib/python3.10/site-packages/airflow/example_dags/example_branch_datetime_operator.py
[2024-04-22T06:20:28.565+0000] {processor.py:753} INFO - DAG(s) dict_keys(['example_branch_datetime_operator_3', 'example_branch_datetime_operator', 'example_branch_datetime_operator_2']) retrieved from /usr/local/python/3.10.13/lib/python3.10/site-packages/airflow/example_dags/example_branch_datetime_operator.py
[2024-04-22T06:20:28.583+0000] {logging_mixin.py:137} INFO - [2024-04-22T06:20:28.583+0000] {dag.py:2690} INFO - Sync 3 DAGs
[2024-04-22T06:20:28.599+0000] {logging_mixin.py:137} INFO - [2024-04-22T06:20:28.599+0000] {dag.py:3437} INFO - Setting next_dagrun for example_branch_datetime_operator to 2024-04-21T00:00:00+00:00, run_after=2024-04-22T00:00:00+00:00
[2024-04-22T06:20:28.603+0000] {logging_mixin.py:137} INFO - [2024-04-22T06:20:28.603+0000] {dag.py:3437} INFO - Setting next_dagrun for example_branch_datetime_operator_2 to 2024-04-21T00:00:00+00:00, run_after=2024-04-22T00:00:00+00:00
[2024-04-22T06:20:28.607+0000] {logging_mixin.py:137} INFO - [2024-04-22T06:20:28.607+0000] {dag.py:3437} INFO - Setting next_dagrun for example_branch_datetime_operator_3 to 2024-04-21T00:00:00+00:00, run_after=2024-04-22T00:00:00+00:00
[2024-04-22T06:20:28.659+0000] {processor.py:175} INFO - Processing /usr/local/python/3.10.13/lib/python3.10/site-packages/airflow/example_dags/example_branch_datetime_operator.py took 0.113 seconds
[2024-04-22T06:21:12.979+0000] {processor.py:153} INFO - Started process (PID=46710) to work on /usr/local/python/3.10.13/lib/python3.10/site-packages/airflow/example_dags/example_branch_datetime_operator.py
[2024-04-22T06:21:12.980+0000] {processor.py:743} INFO - Processing file /usr/local/python/3.10.13/lib/python3.10/site-packages/airflow/example_dags/example_branch_datetime_operator.py for tasks to queue
[2024-04-22T06:21:12.980+0000] {logging_mixin.py:137} INFO - [2024-04-22T06:21:12.980+0000] {dagbag.py:538} INFO - Filling up the DagBag from /usr/local/python/3.10.13/lib/python3.10/site-packages/airflow/example_dags/example_branch_datetime_operator.py
[2024-04-22T06:21:12.996+0000] {processor.py:753} INFO - DAG(s) dict_keys(['example_branch_datetime_operator_2', 'example_branch_datetime_operator_3', 'example_branch_datetime_operator']) retrieved from /usr/local/python/3.10.13/lib/python3.10/site-packages/airflow/example_dags/example_branch_datetime_operator.py
[2024-04-22T06:21:13.013+0000] {logging_mixin.py:137} INFO - [2024-04-22T06:21:13.013+0000] {dag.py:2690} INFO - Sync 3 DAGs
[2024-04-22T06:21:13.030+0000] {logging_mixin.py:137} INFO - [2024-04-22T06:21:13.029+0000] {dag.py:3437} INFO - Setting next_dagrun for example_branch_datetime_operator to 2024-04-21T00:00:00+00:00, run_after=2024-04-22T00:00:00+00:00
[2024-04-22T06:21:13.123+0000] {logging_mixin.py:137} INFO - [2024-04-22T06:21:13.123+0000] {dag.py:3437} INFO - Setting next_dagrun for example_branch_datetime_operator_2 to 2024-04-21T00:00:00+00:00, run_after=2024-04-22T00:00:00+00:00
[2024-04-22T06:21:13.125+0000] {logging_mixin.py:137} INFO - [2024-04-22T06:21:13.125+0000] {dag.py:3437} INFO - Setting next_dagrun for example_branch_datetime_operator_3 to 2024-04-21T00:00:00+00:00, run_after=2024-04-22T00:00:00+00:00
[2024-04-22T06:21:13.171+0000] {processor.py:175} INFO - Processing /usr/local/python/3.10.13/lib/python3.10/site-packages/airflow/example_dags/example_branch_datetime_operator.py took 0.194 seconds
[2024-04-22T06:21:57.948+0000] {processor.py:153} INFO - Started process (PID=47014) to work on /usr/local/python/3.10.13/lib/python3.10/site-packages/airflow/example_dags/example_branch_datetime_operator.py
[2024-04-22T06:21:57.949+0000] {processor.py:743} INFO - Processing file /usr/local/python/3.10.13/lib/python3.10/site-packages/airflow/example_dags/example_branch_datetime_operator.py for tasks to queue
[2024-04-22T06:21:57.950+0000] {logging_mixin.py:137} INFO - [2024-04-22T06:21:57.950+0000] {dagbag.py:538} INFO - Filling up the DagBag from /usr/local/python/3.10.13/lib/python3.10/site-packages/airflow/example_dags/example_branch_datetime_operator.py
[2024-04-22T06:21:57.964+0000] {processor.py:753} INFO - DAG(s) dict_keys(['example_branch_datetime_operator', 'example_branch_datetime_operator_2', 'example_branch_datetime_operator_3']) retrieved from /usr/local/python/3.10.13/lib/python3.10/site-packages/airflow/example_dags/example_branch_datetime_operator.py
[2024-04-22T06:21:57.981+0000] {logging_mixin.py:137} INFO - [2024-04-22T06:21:57.981+0000] {dag.py:2690} INFO - Sync 3 DAGs
[2024-04-22T06:21:58.087+0000] {logging_mixin.py:137} INFO - [2024-04-22T06:21:58.087+0000] {dag.py:3437} INFO - Setting next_dagrun for example_branch_datetime_operator to 2024-04-21T00:00:00+00:00, run_after=2024-04-22T00:00:00+00:00
[2024-04-22T06:21:58.090+0000] {logging_mixin.py:137} INFO - [2024-04-22T06:21:58.090+0000] {dag.py:3437} INFO - Setting next_dagrun for example_branch_datetime_operator_2 to 2024-04-21T00:00:00+00:00, run_after=2024-04-22T00:00:00+00:00
[2024-04-22T06:21:58.092+0000] {logging_mixin.py:137} INFO - [2024-04-22T06:21:58.092+0000] {dag.py:3437} INFO - Setting next_dagrun for example_branch_datetime_operator_3 to 2024-04-21T00:00:00+00:00, run_after=2024-04-22T00:00:00+00:00
[2024-04-22T06:21:58.138+0000] {processor.py:175} INFO - Processing /usr/local/python/3.10.13/lib/python3.10/site-packages/airflow/example_dags/example_branch_datetime_operator.py took 0.192 seconds
[2024-04-22T06:22:48.896+0000] {processor.py:153} INFO - Started process (PID=47452) to work on /usr/local/python/3.10.13/lib/python3.10/site-packages/airflow/example_dags/example_branch_datetime_operator.py
[2024-04-22T06:22:48.898+0000] {processor.py:743} INFO - Processing file /usr/local/python/3.10.13/lib/python3.10/site-packages/airflow/example_dags/example_branch_datetime_operator.py for tasks to queue
[2024-04-22T06:22:48.899+0000] {logging_mixin.py:137} INFO - [2024-04-22T06:22:48.899+0000] {dagbag.py:538} INFO - Filling up the DagBag from /usr/local/python/3.10.13/lib/python3.10/site-packages/airflow/example_dags/example_branch_datetime_operator.py
[2024-04-22T06:22:48.917+0000] {processor.py:753} INFO - DAG(s) dict_keys(['example_branch_datetime_operator_2', 'example_branch_datetime_operator_3', 'example_branch_datetime_operator']) retrieved from /usr/local/python/3.10.13/lib/python3.10/site-packages/airflow/example_dags/example_branch_datetime_operator.py
[2024-04-22T06:22:48.936+0000] {logging_mixin.py:137} INFO - [2024-04-22T06:22:48.936+0000] {dag.py:2690} INFO - Sync 3 DAGs
[2024-04-22T06:22:49.039+0000] {logging_mixin.py:137} INFO - [2024-04-22T06:22:49.039+0000] {dag.py:3437} INFO - Setting next_dagrun for example_branch_datetime_operator to 2024-04-21T00:00:00+00:00, run_after=2024-04-22T00:00:00+00:00
[2024-04-22T06:22:49.043+0000] {logging_mixin.py:137} INFO - [2024-04-22T06:22:49.043+0000] {dag.py:3437} INFO - Setting next_dagrun for example_branch_datetime_operator_2 to 2024-04-21T00:00:00+00:00, run_after=2024-04-22T00:00:00+00:00
[2024-04-22T06:22:49.045+0000] {logging_mixin.py:137} INFO - [2024-04-22T06:22:49.045+0000] {dag.py:3437} INFO - Setting next_dagrun for example_branch_datetime_operator_3 to 2024-04-21T00:00:00+00:00, run_after=2024-04-22T00:00:00+00:00
[2024-04-22T06:22:49.094+0000] {processor.py:175} INFO - Processing /usr/local/python/3.10.13/lib/python3.10/site-packages/airflow/example_dags/example_branch_datetime_operator.py took 0.200 seconds
[2024-04-22T06:23:32.862+0000] {processor.py:153} INFO - Started process (PID=47861) to work on /usr/local/python/3.10.13/lib/python3.10/site-packages/airflow/example_dags/example_branch_datetime_operator.py
[2024-04-22T06:23:32.863+0000] {processor.py:743} INFO - Processing file /usr/local/python/3.10.13/lib/python3.10/site-packages/airflow/example_dags/example_branch_datetime_operator.py for tasks to queue
[2024-04-22T06:23:32.863+0000] {logging_mixin.py:137} INFO - [2024-04-22T06:23:32.863+0000] {dagbag.py:538} INFO - Filling up the DagBag from /usr/local/python/3.10.13/lib/python3.10/site-packages/airflow/example_dags/example_branch_datetime_operator.py
[2024-04-22T06:23:32.878+0000] {processor.py:753} INFO - DAG(s) dict_keys(['example_branch_datetime_operator_3', 'example_branch_datetime_operator', 'example_branch_datetime_operator_2']) retrieved from /usr/local/python/3.10.13/lib/python3.10/site-packages/airflow/example_dags/example_branch_datetime_operator.py
[2024-04-22T06:23:32.987+0000] {logging_mixin.py:137} INFO - [2024-04-22T06:23:32.987+0000] {dag.py:2690} INFO - Sync 3 DAGs
[2024-04-22T06:23:33.002+0000] {logging_mixin.py:137} INFO - [2024-04-22T06:23:33.002+0000] {dag.py:3437} INFO - Setting next_dagrun for example_branch_datetime_operator to 2024-04-21T00:00:00+00:00, run_after=2024-04-22T00:00:00+00:00
[2024-04-22T06:23:33.006+0000] {logging_mixin.py:137} INFO - [2024-04-22T06:23:33.006+0000] {dag.py:3437} INFO - Setting next_dagrun for example_branch_datetime_operator_2 to 2024-04-21T00:00:00+00:00, run_after=2024-04-22T00:00:00+00:00
[2024-04-22T06:23:33.008+0000] {logging_mixin.py:137} INFO - [2024-04-22T06:23:33.008+0000] {dag.py:3437} INFO - Setting next_dagrun for example_branch_datetime_operator_3 to 2024-04-21T00:00:00+00:00, run_after=2024-04-22T00:00:00+00:00
[2024-04-22T06:23:33.053+0000] {processor.py:175} INFO - Processing /usr/local/python/3.10.13/lib/python3.10/site-packages/airflow/example_dags/example_branch_datetime_operator.py took 0.194 seconds
[2024-04-22T06:24:15.506+0000] {processor.py:153} INFO - Started process (PID=48336) to work on /usr/local/python/3.10.13/lib/python3.10/site-packages/airflow/example_dags/example_branch_datetime_operator.py
[2024-04-22T06:24:15.507+0000] {processor.py:743} INFO - Processing file /usr/local/python/3.10.13/lib/python3.10/site-packages/airflow/example_dags/example_branch_datetime_operator.py for tasks to queue
[2024-04-22T06:24:15.508+0000] {logging_mixin.py:137} INFO - [2024-04-22T06:24:15.508+0000] {dagbag.py:538} INFO - Filling up the DagBag from /usr/local/python/3.10.13/lib/python3.10/site-packages/airflow/example_dags/example_branch_datetime_operator.py
[2024-04-22T06:24:15.615+0000] {processor.py:753} INFO - DAG(s) dict_keys(['example_branch_datetime_operator_3', 'example_branch_datetime_operator', 'example_branch_datetime_operator_2']) retrieved from /usr/local/python/3.10.13/lib/python3.10/site-packages/airflow/example_dags/example_branch_datetime_operator.py
[2024-04-22T06:24:15.630+0000] {logging_mixin.py:137} INFO - [2024-04-22T06:24:15.630+0000] {dag.py:2690} INFO - Sync 3 DAGs
[2024-04-22T06:24:15.646+0000] {logging_mixin.py:137} INFO - [2024-04-22T06:24:15.646+0000] {dag.py:3437} INFO - Setting next_dagrun for example_branch_datetime_operator to 2024-04-21T00:00:00+00:00, run_after=2024-04-22T00:00:00+00:00
[2024-04-22T06:24:15.650+0000] {logging_mixin.py:137} INFO - [2024-04-22T06:24:15.649+0000] {dag.py:3437} INFO - Setting next_dagrun for example_branch_datetime_operator_2 to 2024-04-21T00:00:00+00:00, run_after=2024-04-22T00:00:00+00:00
[2024-04-22T06:24:15.652+0000] {logging_mixin.py:137} INFO - [2024-04-22T06:24:15.652+0000] {dag.py:3437} INFO - Setting next_dagrun for example_branch_datetime_operator_3 to 2024-04-21T00:00:00+00:00, run_after=2024-04-22T00:00:00+00:00
[2024-04-22T06:24:15.698+0000] {processor.py:175} INFO - Processing /usr/local/python/3.10.13/lib/python3.10/site-packages/airflow/example_dags/example_branch_datetime_operator.py took 0.194 seconds
[2024-04-22T06:24:59.253+0000] {processor.py:153} INFO - Started process (PID=48817) to work on /usr/local/python/3.10.13/lib/python3.10/site-packages/airflow/example_dags/example_branch_datetime_operator.py
[2024-04-22T06:24:59.254+0000] {processor.py:743} INFO - Processing file /usr/local/python/3.10.13/lib/python3.10/site-packages/airflow/example_dags/example_branch_datetime_operator.py for tasks to queue
[2024-04-22T06:24:59.254+0000] {logging_mixin.py:137} INFO - [2024-04-22T06:24:59.254+0000] {dagbag.py:538} INFO - Filling up the DagBag from /usr/local/python/3.10.13/lib/python3.10/site-packages/airflow/example_dags/example_branch_datetime_operator.py
[2024-04-22T06:24:59.364+0000] {processor.py:753} INFO - DAG(s) dict_keys(['example_branch_datetime_operator_2', 'example_branch_datetime_operator', 'example_branch_datetime_operator_3']) retrieved from /usr/local/python/3.10.13/lib/python3.10/site-packages/airflow/example_dags/example_branch_datetime_operator.py
[2024-04-22T06:24:59.380+0000] {logging_mixin.py:137} INFO - [2024-04-22T06:24:59.379+0000] {dag.py:2690} INFO - Sync 3 DAGs
[2024-04-22T06:24:59.395+0000] {logging_mixin.py:137} INFO - [2024-04-22T06:24:59.395+0000] {dag.py:3437} INFO - Setting next_dagrun for example_branch_datetime_operator to 2024-04-21T00:00:00+00:00, run_after=2024-04-22T00:00:00+00:00
[2024-04-22T06:24:59.398+0000] {logging_mixin.py:137} INFO - [2024-04-22T06:24:59.398+0000] {dag.py:3437} INFO - Setting next_dagrun for example_branch_datetime_operator_2 to 2024-04-21T00:00:00+00:00, run_after=2024-04-22T00:00:00+00:00
[2024-04-22T06:24:59.400+0000] {logging_mixin.py:137} INFO - [2024-04-22T06:24:59.400+0000] {dag.py:3437} INFO - Setting next_dagrun for example_branch_datetime_operator_3 to 2024-04-21T00:00:00+00:00, run_after=2024-04-22T00:00:00+00:00
[2024-04-22T06:24:59.450+0000] {processor.py:175} INFO - Processing /usr/local/python/3.10.13/lib/python3.10/site-packages/airflow/example_dags/example_branch_datetime_operator.py took 0.199 seconds
[2024-04-22T06:25:51.620+0000] {processor.py:153} INFO - Started process (PID=49342) to work on /usr/local/python/3.10.13/lib/python3.10/site-packages/airflow/example_dags/example_branch_datetime_operator.py
[2024-04-22T06:25:51.620+0000] {processor.py:743} INFO - Processing file /usr/local/python/3.10.13/lib/python3.10/site-packages/airflow/example_dags/example_branch_datetime_operator.py for tasks to queue
[2024-04-22T06:25:51.621+0000] {logging_mixin.py:137} INFO - [2024-04-22T06:25:51.621+0000] {dagbag.py:538} INFO - Filling up the DagBag from /usr/local/python/3.10.13/lib/python3.10/site-packages/airflow/example_dags/example_branch_datetime_operator.py
[2024-04-22T06:25:51.636+0000] {processor.py:753} INFO - DAG(s) dict_keys(['example_branch_datetime_operator', 'example_branch_datetime_operator_3', 'example_branch_datetime_operator_2']) retrieved from /usr/local/python/3.10.13/lib/python3.10/site-packages/airflow/example_dags/example_branch_datetime_operator.py
[2024-04-22T06:25:51.655+0000] {logging_mixin.py:137} INFO - [2024-04-22T06:25:51.655+0000] {dag.py:2690} INFO - Sync 3 DAGs
[2024-04-22T06:25:51.673+0000] {logging_mixin.py:137} INFO - [2024-04-22T06:25:51.672+0000] {dag.py:3437} INFO - Setting next_dagrun for example_branch_datetime_operator to 2024-04-21T00:00:00+00:00, run_after=2024-04-22T00:00:00+00:00
[2024-04-22T06:25:51.676+0000] {logging_mixin.py:137} INFO - [2024-04-22T06:25:51.676+0000] {dag.py:3437} INFO - Setting next_dagrun for example_branch_datetime_operator_2 to 2024-04-21T00:00:00+00:00, run_after=2024-04-22T00:00:00+00:00
[2024-04-22T06:25:51.678+0000] {logging_mixin.py:137} INFO - [2024-04-22T06:25:51.678+0000] {dag.py:3437} INFO - Setting next_dagrun for example_branch_datetime_operator_3 to 2024-04-21T00:00:00+00:00, run_after=2024-04-22T00:00:00+00:00
[2024-04-22T06:25:51.725+0000] {processor.py:175} INFO - Processing /usr/local/python/3.10.13/lib/python3.10/site-packages/airflow/example_dags/example_branch_datetime_operator.py took 0.108 seconds
[2024-04-22T06:26:39.515+0000] {processor.py:153} INFO - Started process (PID=49801) to work on /usr/local/python/3.10.13/lib/python3.10/site-packages/airflow/example_dags/example_branch_datetime_operator.py
[2024-04-22T06:26:39.515+0000] {processor.py:743} INFO - Processing file /usr/local/python/3.10.13/lib/python3.10/site-packages/airflow/example_dags/example_branch_datetime_operator.py for tasks to queue
[2024-04-22T06:26:39.516+0000] {logging_mixin.py:137} INFO - [2024-04-22T06:26:39.516+0000] {dagbag.py:538} INFO - Filling up the DagBag from /usr/local/python/3.10.13/lib/python3.10/site-packages/airflow/example_dags/example_branch_datetime_operator.py
[2024-04-22T06:26:39.531+0000] {processor.py:753} INFO - DAG(s) dict_keys(['example_branch_datetime_operator', 'example_branch_datetime_operator_3', 'example_branch_datetime_operator_2']) retrieved from /usr/local/python/3.10.13/lib/python3.10/site-packages/airflow/example_dags/example_branch_datetime_operator.py
[2024-04-22T06:26:39.549+0000] {logging_mixin.py:137} INFO - [2024-04-22T06:26:39.549+0000] {dag.py:2690} INFO - Sync 3 DAGs
[2024-04-22T06:26:39.566+0000] {logging_mixin.py:137} INFO - [2024-04-22T06:26:39.566+0000] {dag.py:3437} INFO - Setting next_dagrun for example_branch_datetime_operator to 2024-04-21T00:00:00+00:00, run_after=2024-04-22T00:00:00+00:00
[2024-04-22T06:26:39.569+0000] {logging_mixin.py:137} INFO - [2024-04-22T06:26:39.569+0000] {dag.py:3437} INFO - Setting next_dagrun for example_branch_datetime_operator_2 to 2024-04-21T00:00:00+00:00, run_after=2024-04-22T00:00:00+00:00
[2024-04-22T06:26:39.571+0000] {logging_mixin.py:137} INFO - [2024-04-22T06:26:39.571+0000] {dag.py:3437} INFO - Setting next_dagrun for example_branch_datetime_operator_3 to 2024-04-21T00:00:00+00:00, run_after=2024-04-22T00:00:00+00:00
[2024-04-22T06:26:39.617+0000] {processor.py:175} INFO - Processing /usr/local/python/3.10.13/lib/python3.10/site-packages/airflow/example_dags/example_branch_datetime_operator.py took 0.105 seconds
[2024-04-22T06:27:22.525+0000] {processor.py:153} INFO - Started process (PID=50204) to work on /usr/local/python/3.10.13/lib/python3.10/site-packages/airflow/example_dags/example_branch_datetime_operator.py
[2024-04-22T06:27:22.526+0000] {processor.py:743} INFO - Processing file /usr/local/python/3.10.13/lib/python3.10/site-packages/airflow/example_dags/example_branch_datetime_operator.py for tasks to queue
[2024-04-22T06:27:22.527+0000] {logging_mixin.py:137} INFO - [2024-04-22T06:27:22.526+0000] {dagbag.py:538} INFO - Filling up the DagBag from /usr/local/python/3.10.13/lib/python3.10/site-packages/airflow/example_dags/example_branch_datetime_operator.py
[2024-04-22T06:27:22.541+0000] {processor.py:753} INFO - DAG(s) dict_keys(['example_branch_datetime_operator_3', 'example_branch_datetime_operator', 'example_branch_datetime_operator_2']) retrieved from /usr/local/python/3.10.13/lib/python3.10/site-packages/airflow/example_dags/example_branch_datetime_operator.py
[2024-04-22T06:27:22.559+0000] {logging_mixin.py:137} INFO - [2024-04-22T06:27:22.559+0000] {dag.py:2690} INFO - Sync 3 DAGs
[2024-04-22T06:27:22.575+0000] {logging_mixin.py:137} INFO - [2024-04-22T06:27:22.575+0000] {dag.py:3437} INFO - Setting next_dagrun for example_branch_datetime_operator to 2024-04-21T00:00:00+00:00, run_after=2024-04-22T00:00:00+00:00
[2024-04-22T06:27:22.579+0000] {logging_mixin.py:137} INFO - [2024-04-22T06:27:22.579+0000] {dag.py:3437} INFO - Setting next_dagrun for example_branch_datetime_operator_2 to 2024-04-21T00:00:00+00:00, run_after=2024-04-22T00:00:00+00:00
[2024-04-22T06:27:22.581+0000] {logging_mixin.py:137} INFO - [2024-04-22T06:27:22.581+0000] {dag.py:3437} INFO - Setting next_dagrun for example_branch_datetime_operator_3 to 2024-04-21T00:00:00+00:00, run_after=2024-04-22T00:00:00+00:00
[2024-04-22T06:27:22.631+0000] {processor.py:175} INFO - Processing /usr/local/python/3.10.13/lib/python3.10/site-packages/airflow/example_dags/example_branch_datetime_operator.py took 0.107 seconds
