[2024-04-22T06:12:56.224+0000] {processor.py:153} INFO - Started process (PID=43273) to work on /usr/local/python/3.10.13/lib/python3.10/site-packages/airflow/example_dags/example_time_delta_sensor_async.py
[2024-04-22T06:12:56.225+0000] {processor.py:743} INFO - Processing file /usr/local/python/3.10.13/lib/python3.10/site-packages/airflow/example_dags/example_time_delta_sensor_async.py for tasks to queue
[2024-04-22T06:12:56.225+0000] {logging_mixin.py:137} INFO - [2024-04-22T06:12:56.225+0000] {dagbag.py:538} INFO - Filling up the DagBag from /usr/local/python/3.10.13/lib/python3.10/site-packages/airflow/example_dags/example_time_delta_sensor_async.py
[2024-04-22T06:12:56.236+0000] {processor.py:753} INFO - DAG(s) dict_keys(['example_time_delta_sensor_async']) retrieved from /usr/local/python/3.10.13/lib/python3.10/site-packages/airflow/example_dags/example_time_delta_sensor_async.py
[2024-04-22T06:12:56.380+0000] {logging_mixin.py:137} INFO - [2024-04-22T06:12:56.380+0000] {manager.py:504} INFO - Created Permission View: can delete on DAG:example_time_delta_sensor_async
[2024-04-22T06:12:56.419+0000] {logging_mixin.py:137} INFO - [2024-04-22T06:12:56.419+0000] {manager.py:504} INFO - Created Permission View: can edit on DAG:example_time_delta_sensor_async
[2024-04-22T06:12:56.456+0000] {logging_mixin.py:137} INFO - [2024-04-22T06:12:56.456+0000] {manager.py:504} INFO - Created Permission View: can read on DAG:example_time_delta_sensor_async
[2024-04-22T06:12:56.456+0000] {logging_mixin.py:137} INFO - [2024-04-22T06:12:56.456+0000] {dag.py:2690} INFO - Sync 1 DAGs
[2024-04-22T06:12:56.466+0000] {logging_mixin.py:137} INFO - [2024-04-22T06:12:56.465+0000] {dag.py:2711} INFO - Creating ORM DAG for example_time_delta_sensor_async
[2024-04-22T06:12:56.472+0000] {logging_mixin.py:137} INFO - [2024-04-22T06:12:56.472+0000] {dag.py:3437} INFO - Setting next_dagrun for example_time_delta_sensor_async to None, run_after=None
[2024-04-22T06:12:56.525+0000] {processor.py:175} INFO - Processing /usr/local/python/3.10.13/lib/python3.10/site-packages/airflow/example_dags/example_time_delta_sensor_async.py took 0.304 seconds
[2024-04-22T06:13:43.499+0000] {processor.py:153} INFO - Started process (PID=43594) to work on /usr/local/python/3.10.13/lib/python3.10/site-packages/airflow/example_dags/example_time_delta_sensor_async.py
[2024-04-22T06:13:43.499+0000] {processor.py:743} INFO - Processing file /usr/local/python/3.10.13/lib/python3.10/site-packages/airflow/example_dags/example_time_delta_sensor_async.py for tasks to queue
[2024-04-22T06:13:43.500+0000] {logging_mixin.py:137} INFO - [2024-04-22T06:13:43.500+0000] {dagbag.py:538} INFO - Filling up the DagBag from /usr/local/python/3.10.13/lib/python3.10/site-packages/airflow/example_dags/example_time_delta_sensor_async.py
[2024-04-22T06:13:43.513+0000] {processor.py:753} INFO - DAG(s) dict_keys(['example_time_delta_sensor_async']) retrieved from /usr/local/python/3.10.13/lib/python3.10/site-packages/airflow/example_dags/example_time_delta_sensor_async.py
[2024-04-22T06:13:43.542+0000] {logging_mixin.py:137} INFO - [2024-04-22T06:13:43.541+0000] {dag.py:2690} INFO - Sync 1 DAGs
[2024-04-22T06:13:43.562+0000] {logging_mixin.py:137} INFO - [2024-04-22T06:13:43.561+0000] {dag.py:3437} INFO - Setting next_dagrun for example_time_delta_sensor_async to None, run_after=None
[2024-04-22T06:13:43.617+0000] {processor.py:175} INFO - Processing /usr/local/python/3.10.13/lib/python3.10/site-packages/airflow/example_dags/example_time_delta_sensor_async.py took 0.121 seconds
[2024-04-22T06:14:23.687+0000] {processor.py:153} INFO - Started process (PID=43850) to work on /usr/local/python/3.10.13/lib/python3.10/site-packages/airflow/example_dags/example_time_delta_sensor_async.py
[2024-04-22T06:14:23.687+0000] {processor.py:743} INFO - Processing file /usr/local/python/3.10.13/lib/python3.10/site-packages/airflow/example_dags/example_time_delta_sensor_async.py for tasks to queue
[2024-04-22T06:14:23.688+0000] {logging_mixin.py:137} INFO - [2024-04-22T06:14:23.688+0000] {dagbag.py:538} INFO - Filling up the DagBag from /usr/local/python/3.10.13/lib/python3.10/site-packages/airflow/example_dags/example_time_delta_sensor_async.py
[2024-04-22T06:14:23.698+0000] {processor.py:753} INFO - DAG(s) dict_keys(['example_time_delta_sensor_async']) retrieved from /usr/local/python/3.10.13/lib/python3.10/site-packages/airflow/example_dags/example_time_delta_sensor_async.py
[2024-04-22T06:14:23.713+0000] {logging_mixin.py:137} INFO - [2024-04-22T06:14:23.713+0000] {dag.py:2690} INFO - Sync 1 DAGs
[2024-04-22T06:14:23.727+0000] {logging_mixin.py:137} INFO - [2024-04-22T06:14:23.727+0000] {dag.py:3437} INFO - Setting next_dagrun for example_time_delta_sensor_async to None, run_after=None
[2024-04-22T06:14:23.773+0000] {processor.py:175} INFO - Processing /usr/local/python/3.10.13/lib/python3.10/site-packages/airflow/example_dags/example_time_delta_sensor_async.py took 0.089 seconds
[2024-04-22T06:15:02.257+0000] {processor.py:153} INFO - Started process (PID=44121) to work on /usr/local/python/3.10.13/lib/python3.10/site-packages/airflow/example_dags/example_time_delta_sensor_async.py
[2024-04-22T06:15:02.257+0000] {processor.py:743} INFO - Processing file /usr/local/python/3.10.13/lib/python3.10/site-packages/airflow/example_dags/example_time_delta_sensor_async.py for tasks to queue
[2024-04-22T06:15:02.258+0000] {logging_mixin.py:137} INFO - [2024-04-22T06:15:02.258+0000] {dagbag.py:538} INFO - Filling up the DagBag from /usr/local/python/3.10.13/lib/python3.10/site-packages/airflow/example_dags/example_time_delta_sensor_async.py
[2024-04-22T06:15:02.270+0000] {processor.py:753} INFO - DAG(s) dict_keys(['example_time_delta_sensor_async']) retrieved from /usr/local/python/3.10.13/lib/python3.10/site-packages/airflow/example_dags/example_time_delta_sensor_async.py
[2024-04-22T06:15:02.283+0000] {logging_mixin.py:137} INFO - [2024-04-22T06:15:02.283+0000] {dag.py:2690} INFO - Sync 1 DAGs
[2024-04-22T06:15:02.297+0000] {logging_mixin.py:137} INFO - [2024-04-22T06:15:02.297+0000] {dag.py:3437} INFO - Setting next_dagrun for example_time_delta_sensor_async to None, run_after=None
[2024-04-22T06:15:02.343+0000] {processor.py:175} INFO - Processing /usr/local/python/3.10.13/lib/python3.10/site-packages/airflow/example_dags/example_time_delta_sensor_async.py took 0.088 seconds
[2024-04-22T06:15:40.860+0000] {processor.py:153} INFO - Started process (PID=44379) to work on /usr/local/python/3.10.13/lib/python3.10/site-packages/airflow/example_dags/example_time_delta_sensor_async.py
[2024-04-22T06:15:40.861+0000] {processor.py:743} INFO - Processing file /usr/local/python/3.10.13/lib/python3.10/site-packages/airflow/example_dags/example_time_delta_sensor_async.py for tasks to queue
[2024-04-22T06:15:40.861+0000] {logging_mixin.py:137} INFO - [2024-04-22T06:15:40.861+0000] {dagbag.py:538} INFO - Filling up the DagBag from /usr/local/python/3.10.13/lib/python3.10/site-packages/airflow/example_dags/example_time_delta_sensor_async.py
[2024-04-22T06:15:40.873+0000] {processor.py:753} INFO - DAG(s) dict_keys(['example_time_delta_sensor_async']) retrieved from /usr/local/python/3.10.13/lib/python3.10/site-packages/airflow/example_dags/example_time_delta_sensor_async.py
[2024-04-22T06:15:40.886+0000] {logging_mixin.py:137} INFO - [2024-04-22T06:15:40.886+0000] {dag.py:2690} INFO - Sync 1 DAGs
[2024-04-22T06:15:40.901+0000] {logging_mixin.py:137} INFO - [2024-04-22T06:15:40.900+0000] {dag.py:3437} INFO - Setting next_dagrun for example_time_delta_sensor_async to None, run_after=None
[2024-04-22T06:15:40.964+0000] {processor.py:175} INFO - Processing /usr/local/python/3.10.13/lib/python3.10/site-packages/airflow/example_dags/example_time_delta_sensor_async.py took 0.106 seconds
[2024-04-22T06:16:22.156+0000] {processor.py:153} INFO - Started process (PID=44661) to work on /usr/local/python/3.10.13/lib/python3.10/site-packages/airflow/example_dags/example_time_delta_sensor_async.py
[2024-04-22T06:16:22.157+0000] {processor.py:743} INFO - Processing file /usr/local/python/3.10.13/lib/python3.10/site-packages/airflow/example_dags/example_time_delta_sensor_async.py for tasks to queue
[2024-04-22T06:16:22.157+0000] {logging_mixin.py:137} INFO - [2024-04-22T06:16:22.157+0000] {dagbag.py:538} INFO - Filling up the DagBag from /usr/local/python/3.10.13/lib/python3.10/site-packages/airflow/example_dags/example_time_delta_sensor_async.py
[2024-04-22T06:16:22.168+0000] {processor.py:753} INFO - DAG(s) dict_keys(['example_time_delta_sensor_async']) retrieved from /usr/local/python/3.10.13/lib/python3.10/site-packages/airflow/example_dags/example_time_delta_sensor_async.py
[2024-04-22T06:16:22.181+0000] {logging_mixin.py:137} INFO - [2024-04-22T06:16:22.181+0000] {dag.py:2690} INFO - Sync 1 DAGs
[2024-04-22T06:16:22.196+0000] {logging_mixin.py:137} INFO - [2024-04-22T06:16:22.196+0000] {dag.py:3437} INFO - Setting next_dagrun for example_time_delta_sensor_async to None, run_after=None
[2024-04-22T06:16:22.242+0000] {processor.py:175} INFO - Processing /usr/local/python/3.10.13/lib/python3.10/site-packages/airflow/example_dags/example_time_delta_sensor_async.py took 0.089 seconds
[2024-04-22T06:17:02.673+0000] {processor.py:153} INFO - Started process (PID=44941) to work on /usr/local/python/3.10.13/lib/python3.10/site-packages/airflow/example_dags/example_time_delta_sensor_async.py
[2024-04-22T06:17:02.673+0000] {processor.py:743} INFO - Processing file /usr/local/python/3.10.13/lib/python3.10/site-packages/airflow/example_dags/example_time_delta_sensor_async.py for tasks to queue
[2024-04-22T06:17:02.674+0000] {logging_mixin.py:137} INFO - [2024-04-22T06:17:02.674+0000] {dagbag.py:538} INFO - Filling up the DagBag from /usr/local/python/3.10.13/lib/python3.10/site-packages/airflow/example_dags/example_time_delta_sensor_async.py
[2024-04-22T06:17:02.684+0000] {processor.py:753} INFO - DAG(s) dict_keys(['example_time_delta_sensor_async']) retrieved from /usr/local/python/3.10.13/lib/python3.10/site-packages/airflow/example_dags/example_time_delta_sensor_async.py
[2024-04-22T06:17:02.698+0000] {logging_mixin.py:137} INFO - [2024-04-22T06:17:02.698+0000] {dag.py:2690} INFO - Sync 1 DAGs
[2024-04-22T06:17:02.713+0000] {logging_mixin.py:137} INFO - [2024-04-22T06:17:02.713+0000] {dag.py:3437} INFO - Setting next_dagrun for example_time_delta_sensor_async to None, run_after=None
[2024-04-22T06:17:02.758+0000] {processor.py:175} INFO - Processing /usr/local/python/3.10.13/lib/python3.10/site-packages/airflow/example_dags/example_time_delta_sensor_async.py took 0.088 seconds
[2024-04-22T06:17:42.509+0000] {processor.py:153} INFO - Started process (PID=45216) to work on /usr/local/python/3.10.13/lib/python3.10/site-packages/airflow/example_dags/example_time_delta_sensor_async.py
[2024-04-22T06:17:42.510+0000] {processor.py:743} INFO - Processing file /usr/local/python/3.10.13/lib/python3.10/site-packages/airflow/example_dags/example_time_delta_sensor_async.py for tasks to queue
[2024-04-22T06:17:42.510+0000] {logging_mixin.py:137} INFO - [2024-04-22T06:17:42.510+0000] {dagbag.py:538} INFO - Filling up the DagBag from /usr/local/python/3.10.13/lib/python3.10/site-packages/airflow/example_dags/example_time_delta_sensor_async.py
[2024-04-22T06:17:42.521+0000] {processor.py:753} INFO - DAG(s) dict_keys(['example_time_delta_sensor_async']) retrieved from /usr/local/python/3.10.13/lib/python3.10/site-packages/airflow/example_dags/example_time_delta_sensor_async.py
[2024-04-22T06:17:42.540+0000] {logging_mixin.py:137} INFO - [2024-04-22T06:17:42.540+0000] {dag.py:2690} INFO - Sync 1 DAGs
[2024-04-22T06:17:42.559+0000] {logging_mixin.py:137} INFO - [2024-04-22T06:17:42.559+0000] {dag.py:3437} INFO - Setting next_dagrun for example_time_delta_sensor_async to None, run_after=None
[2024-04-22T06:17:42.604+0000] {processor.py:175} INFO - Processing /usr/local/python/3.10.13/lib/python3.10/site-packages/airflow/example_dags/example_time_delta_sensor_async.py took 0.097 seconds
[2024-04-22T06:18:16.231+0000] {processor.py:153} INFO - Started process (PID=45498) to work on /usr/local/python/3.10.13/lib/python3.10/site-packages/airflow/example_dags/example_time_delta_sensor_async.py
[2024-04-22T06:18:16.232+0000] {processor.py:743} INFO - Processing file /usr/local/python/3.10.13/lib/python3.10/site-packages/airflow/example_dags/example_time_delta_sensor_async.py for tasks to queue
[2024-04-22T06:18:16.233+0000] {logging_mixin.py:137} INFO - [2024-04-22T06:18:16.232+0000] {dagbag.py:538} INFO - Filling up the DagBag from /usr/local/python/3.10.13/lib/python3.10/site-packages/airflow/example_dags/example_time_delta_sensor_async.py
[2024-04-22T06:18:16.243+0000] {processor.py:753} INFO - DAG(s) dict_keys(['example_time_delta_sensor_async']) retrieved from /usr/local/python/3.10.13/lib/python3.10/site-packages/airflow/example_dags/example_time_delta_sensor_async.py
[2024-04-22T06:18:16.257+0000] {logging_mixin.py:137} INFO - [2024-04-22T06:18:16.257+0000] {dag.py:2690} INFO - Sync 1 DAGs
[2024-04-22T06:18:16.272+0000] {logging_mixin.py:137} INFO - [2024-04-22T06:18:16.272+0000] {dag.py:3437} INFO - Setting next_dagrun for example_time_delta_sensor_async to None, run_after=None
[2024-04-22T06:18:16.319+0000] {processor.py:175} INFO - Processing /usr/local/python/3.10.13/lib/python3.10/site-packages/airflow/example_dags/example_time_delta_sensor_async.py took 0.090 seconds
[2024-04-22T06:18:58.048+0000] {processor.py:153} INFO - Started process (PID=45783) to work on /usr/local/python/3.10.13/lib/python3.10/site-packages/airflow/example_dags/example_time_delta_sensor_async.py
[2024-04-22T06:18:58.048+0000] {processor.py:743} INFO - Processing file /usr/local/python/3.10.13/lib/python3.10/site-packages/airflow/example_dags/example_time_delta_sensor_async.py for tasks to queue
[2024-04-22T06:18:58.049+0000] {logging_mixin.py:137} INFO - [2024-04-22T06:18:58.049+0000] {dagbag.py:538} INFO - Filling up the DagBag from /usr/local/python/3.10.13/lib/python3.10/site-packages/airflow/example_dags/example_time_delta_sensor_async.py
[2024-04-22T06:18:58.059+0000] {processor.py:753} INFO - DAG(s) dict_keys(['example_time_delta_sensor_async']) retrieved from /usr/local/python/3.10.13/lib/python3.10/site-packages/airflow/example_dags/example_time_delta_sensor_async.py
[2024-04-22T06:18:58.074+0000] {logging_mixin.py:137} INFO - [2024-04-22T06:18:58.074+0000] {dag.py:2690} INFO - Sync 1 DAGs
[2024-04-22T06:18:58.090+0000] {logging_mixin.py:137} INFO - [2024-04-22T06:18:58.090+0000] {dag.py:3437} INFO - Setting next_dagrun for example_time_delta_sensor_async to None, run_after=None
[2024-04-22T06:18:58.139+0000] {processor.py:175} INFO - Processing /usr/local/python/3.10.13/lib/python3.10/site-packages/airflow/example_dags/example_time_delta_sensor_async.py took 0.093 seconds
[2024-04-22T06:19:38.346+0000] {processor.py:153} INFO - Started process (PID=46060) to work on /usr/local/python/3.10.13/lib/python3.10/site-packages/airflow/example_dags/example_time_delta_sensor_async.py
[2024-04-22T06:19:38.346+0000] {processor.py:743} INFO - Processing file /usr/local/python/3.10.13/lib/python3.10/site-packages/airflow/example_dags/example_time_delta_sensor_async.py for tasks to queue
[2024-04-22T06:19:38.347+0000] {logging_mixin.py:137} INFO - [2024-04-22T06:19:38.347+0000] {dagbag.py:538} INFO - Filling up the DagBag from /usr/local/python/3.10.13/lib/python3.10/site-packages/airflow/example_dags/example_time_delta_sensor_async.py
[2024-04-22T06:19:38.358+0000] {processor.py:753} INFO - DAG(s) dict_keys(['example_time_delta_sensor_async']) retrieved from /usr/local/python/3.10.13/lib/python3.10/site-packages/airflow/example_dags/example_time_delta_sensor_async.py
[2024-04-22T06:19:38.371+0000] {logging_mixin.py:137} INFO - [2024-04-22T06:19:38.371+0000] {dag.py:2690} INFO - Sync 1 DAGs
[2024-04-22T06:19:38.386+0000] {logging_mixin.py:137} INFO - [2024-04-22T06:19:38.386+0000] {dag.py:3437} INFO - Setting next_dagrun for example_time_delta_sensor_async to None, run_after=None
[2024-04-22T06:19:38.430+0000] {processor.py:175} INFO - Processing /usr/local/python/3.10.13/lib/python3.10/site-packages/airflow/example_dags/example_time_delta_sensor_async.py took 0.087 seconds
[2024-04-22T06:20:11.708+0000] {processor.py:153} INFO - Started process (PID=46301) to work on /usr/local/python/3.10.13/lib/python3.10/site-packages/airflow/example_dags/example_time_delta_sensor_async.py
[2024-04-22T06:20:11.708+0000] {processor.py:743} INFO - Processing file /usr/local/python/3.10.13/lib/python3.10/site-packages/airflow/example_dags/example_time_delta_sensor_async.py for tasks to queue
[2024-04-22T06:20:11.709+0000] {logging_mixin.py:137} INFO - [2024-04-22T06:20:11.709+0000] {dagbag.py:538} INFO - Filling up the DagBag from /usr/local/python/3.10.13/lib/python3.10/site-packages/airflow/example_dags/example_time_delta_sensor_async.py
[2024-04-22T06:20:11.719+0000] {processor.py:753} INFO - DAG(s) dict_keys(['example_time_delta_sensor_async']) retrieved from /usr/local/python/3.10.13/lib/python3.10/site-packages/airflow/example_dags/example_time_delta_sensor_async.py
[2024-04-22T06:20:11.733+0000] {logging_mixin.py:137} INFO - [2024-04-22T06:20:11.733+0000] {dag.py:2690} INFO - Sync 1 DAGs
[2024-04-22T06:20:11.747+0000] {logging_mixin.py:137} INFO - [2024-04-22T06:20:11.747+0000] {dag.py:3437} INFO - Setting next_dagrun for example_time_delta_sensor_async to None, run_after=None
[2024-04-22T06:20:11.820+0000] {processor.py:175} INFO - Processing /usr/local/python/3.10.13/lib/python3.10/site-packages/airflow/example_dags/example_time_delta_sensor_async.py took 0.114 seconds
[2024-04-22T06:20:50.335+0000] {processor.py:153} INFO - Started process (PID=46543) to work on /usr/local/python/3.10.13/lib/python3.10/site-packages/airflow/example_dags/example_time_delta_sensor_async.py
[2024-04-22T06:20:50.336+0000] {processor.py:743} INFO - Processing file /usr/local/python/3.10.13/lib/python3.10/site-packages/airflow/example_dags/example_time_delta_sensor_async.py for tasks to queue
[2024-04-22T06:20:50.337+0000] {logging_mixin.py:137} INFO - [2024-04-22T06:20:50.336+0000] {dagbag.py:538} INFO - Filling up the DagBag from /usr/local/python/3.10.13/lib/python3.10/site-packages/airflow/example_dags/example_time_delta_sensor_async.py
[2024-04-22T06:20:50.347+0000] {processor.py:753} INFO - DAG(s) dict_keys(['example_time_delta_sensor_async']) retrieved from /usr/local/python/3.10.13/lib/python3.10/site-packages/airflow/example_dags/example_time_delta_sensor_async.py
[2024-04-22T06:20:50.361+0000] {logging_mixin.py:137} INFO - [2024-04-22T06:20:50.361+0000] {dag.py:2690} INFO - Sync 1 DAGs
[2024-04-22T06:20:50.378+0000] {logging_mixin.py:137} INFO - [2024-04-22T06:20:50.378+0000] {dag.py:3437} INFO - Setting next_dagrun for example_time_delta_sensor_async to None, run_after=None
[2024-04-22T06:20:50.513+0000] {processor.py:175} INFO - Processing /usr/local/python/3.10.13/lib/python3.10/site-packages/airflow/example_dags/example_time_delta_sensor_async.py took 0.180 seconds
[2024-04-22T06:21:34.089+0000] {processor.py:153} INFO - Started process (PID=46851) to work on /usr/local/python/3.10.13/lib/python3.10/site-packages/airflow/example_dags/example_time_delta_sensor_async.py
[2024-04-22T06:21:34.090+0000] {processor.py:743} INFO - Processing file /usr/local/python/3.10.13/lib/python3.10/site-packages/airflow/example_dags/example_time_delta_sensor_async.py for tasks to queue
[2024-04-22T06:21:34.091+0000] {logging_mixin.py:137} INFO - [2024-04-22T06:21:34.091+0000] {dagbag.py:538} INFO - Filling up the DagBag from /usr/local/python/3.10.13/lib/python3.10/site-packages/airflow/example_dags/example_time_delta_sensor_async.py
[2024-04-22T06:21:34.101+0000] {processor.py:753} INFO - DAG(s) dict_keys(['example_time_delta_sensor_async']) retrieved from /usr/local/python/3.10.13/lib/python3.10/site-packages/airflow/example_dags/example_time_delta_sensor_async.py
[2024-04-22T06:21:34.118+0000] {logging_mixin.py:137} INFO - [2024-04-22T06:21:34.118+0000] {dag.py:2690} INFO - Sync 1 DAGs
[2024-04-22T06:21:34.254+0000] {logging_mixin.py:137} INFO - [2024-04-22T06:21:34.253+0000] {dag.py:3437} INFO - Setting next_dagrun for example_time_delta_sensor_async to None, run_after=None
[2024-04-22T06:21:34.301+0000] {processor.py:175} INFO - Processing /usr/local/python/3.10.13/lib/python3.10/site-packages/airflow/example_dags/example_time_delta_sensor_async.py took 0.213 seconds
[2024-04-22T06:22:14.726+0000] {processor.py:153} INFO - Started process (PID=47168) to work on /usr/local/python/3.10.13/lib/python3.10/site-packages/airflow/example_dags/example_time_delta_sensor_async.py
[2024-04-22T06:22:14.727+0000] {processor.py:743} INFO - Processing file /usr/local/python/3.10.13/lib/python3.10/site-packages/airflow/example_dags/example_time_delta_sensor_async.py for tasks to queue
[2024-04-22T06:22:14.728+0000] {logging_mixin.py:137} INFO - [2024-04-22T06:22:14.727+0000] {dagbag.py:538} INFO - Filling up the DagBag from /usr/local/python/3.10.13/lib/python3.10/site-packages/airflow/example_dags/example_time_delta_sensor_async.py
[2024-04-22T06:22:14.738+0000] {processor.py:753} INFO - DAG(s) dict_keys(['example_time_delta_sensor_async']) retrieved from /usr/local/python/3.10.13/lib/python3.10/site-packages/airflow/example_dags/example_time_delta_sensor_async.py
[2024-04-22T06:22:14.752+0000] {logging_mixin.py:137} INFO - [2024-04-22T06:22:14.752+0000] {dag.py:2690} INFO - Sync 1 DAGs
[2024-04-22T06:22:14.856+0000] {logging_mixin.py:137} INFO - [2024-04-22T06:22:14.855+0000] {dag.py:3437} INFO - Setting next_dagrun for example_time_delta_sensor_async to None, run_after=None
[2024-04-22T06:22:14.903+0000] {processor.py:175} INFO - Processing /usr/local/python/3.10.13/lib/python3.10/site-packages/airflow/example_dags/example_time_delta_sensor_async.py took 0.178 seconds
[2024-04-22T06:22:54.453+0000] {processor.py:153} INFO - Started process (PID=47506) to work on /usr/local/python/3.10.13/lib/python3.10/site-packages/airflow/example_dags/example_time_delta_sensor_async.py
[2024-04-22T06:22:54.454+0000] {processor.py:743} INFO - Processing file /usr/local/python/3.10.13/lib/python3.10/site-packages/airflow/example_dags/example_time_delta_sensor_async.py for tasks to queue
[2024-04-22T06:22:54.454+0000] {logging_mixin.py:137} INFO - [2024-04-22T06:22:54.454+0000] {dagbag.py:538} INFO - Filling up the DagBag from /usr/local/python/3.10.13/lib/python3.10/site-packages/airflow/example_dags/example_time_delta_sensor_async.py
[2024-04-22T06:22:54.465+0000] {processor.py:753} INFO - DAG(s) dict_keys(['example_time_delta_sensor_async']) retrieved from /usr/local/python/3.10.13/lib/python3.10/site-packages/airflow/example_dags/example_time_delta_sensor_async.py
[2024-04-22T06:22:54.479+0000] {logging_mixin.py:137} INFO - [2024-04-22T06:22:54.479+0000] {dag.py:2690} INFO - Sync 1 DAGs
[2024-04-22T06:22:54.583+0000] {logging_mixin.py:137} INFO - [2024-04-22T06:22:54.583+0000] {dag.py:3437} INFO - Setting next_dagrun for example_time_delta_sensor_async to None, run_after=None
[2024-04-22T06:22:54.638+0000] {processor.py:175} INFO - Processing /usr/local/python/3.10.13/lib/python3.10/site-packages/airflow/example_dags/example_time_delta_sensor_async.py took 0.186 seconds
[2024-04-22T06:23:38.780+0000] {processor.py:153} INFO - Started process (PID=47926) to work on /usr/local/python/3.10.13/lib/python3.10/site-packages/airflow/example_dags/example_time_delta_sensor_async.py
[2024-04-22T06:23:38.781+0000] {processor.py:743} INFO - Processing file /usr/local/python/3.10.13/lib/python3.10/site-packages/airflow/example_dags/example_time_delta_sensor_async.py for tasks to queue
[2024-04-22T06:23:38.781+0000] {logging_mixin.py:137} INFO - [2024-04-22T06:23:38.781+0000] {dagbag.py:538} INFO - Filling up the DagBag from /usr/local/python/3.10.13/lib/python3.10/site-packages/airflow/example_dags/example_time_delta_sensor_async.py
[2024-04-22T06:23:38.794+0000] {processor.py:753} INFO - DAG(s) dict_keys(['example_time_delta_sensor_async']) retrieved from /usr/local/python/3.10.13/lib/python3.10/site-packages/airflow/example_dags/example_time_delta_sensor_async.py
[2024-04-22T06:23:38.903+0000] {logging_mixin.py:137} INFO - [2024-04-22T06:23:38.903+0000] {dag.py:2690} INFO - Sync 1 DAGs
[2024-04-22T06:23:38.916+0000] {logging_mixin.py:137} INFO - [2024-04-22T06:23:38.916+0000] {dag.py:3437} INFO - Setting next_dagrun for example_time_delta_sensor_async to None, run_after=None
[2024-04-22T06:23:38.963+0000] {processor.py:175} INFO - Processing /usr/local/python/3.10.13/lib/python3.10/site-packages/airflow/example_dags/example_time_delta_sensor_async.py took 0.185 seconds
[2024-04-22T06:24:20.802+0000] {processor.py:153} INFO - Started process (PID=48392) to work on /usr/local/python/3.10.13/lib/python3.10/site-packages/airflow/example_dags/example_time_delta_sensor_async.py
[2024-04-22T06:24:20.804+0000] {processor.py:743} INFO - Processing file /usr/local/python/3.10.13/lib/python3.10/site-packages/airflow/example_dags/example_time_delta_sensor_async.py for tasks to queue
[2024-04-22T06:24:20.814+0000] {logging_mixin.py:137} INFO - [2024-04-22T06:24:20.814+0000] {dagbag.py:538} INFO - Filling up the DagBag from /usr/local/python/3.10.13/lib/python3.10/site-packages/airflow/example_dags/example_time_delta_sensor_async.py
[2024-04-22T06:24:20.933+0000] {processor.py:753} INFO - DAG(s) dict_keys(['example_time_delta_sensor_async']) retrieved from /usr/local/python/3.10.13/lib/python3.10/site-packages/airflow/example_dags/example_time_delta_sensor_async.py
[2024-04-22T06:24:20.945+0000] {logging_mixin.py:137} INFO - [2024-04-22T06:24:20.945+0000] {dag.py:2690} INFO - Sync 1 DAGs
[2024-04-22T06:24:20.958+0000] {logging_mixin.py:137} INFO - [2024-04-22T06:24:20.958+0000] {dag.py:3437} INFO - Setting next_dagrun for example_time_delta_sensor_async to None, run_after=None
[2024-04-22T06:24:21.007+0000] {processor.py:175} INFO - Processing /usr/local/python/3.10.13/lib/python3.10/site-packages/airflow/example_dags/example_time_delta_sensor_async.py took 0.215 seconds
[2024-04-22T06:25:02.538+0000] {processor.py:153} INFO - Started process (PID=48857) to work on /usr/local/python/3.10.13/lib/python3.10/site-packages/airflow/example_dags/example_time_delta_sensor_async.py
[2024-04-22T06:25:02.539+0000] {processor.py:743} INFO - Processing file /usr/local/python/3.10.13/lib/python3.10/site-packages/airflow/example_dags/example_time_delta_sensor_async.py for tasks to queue
[2024-04-22T06:25:02.539+0000] {logging_mixin.py:137} INFO - [2024-04-22T06:25:02.539+0000] {dagbag.py:538} INFO - Filling up the DagBag from /usr/local/python/3.10.13/lib/python3.10/site-packages/airflow/example_dags/example_time_delta_sensor_async.py
[2024-04-22T06:25:02.658+0000] {processor.py:753} INFO - DAG(s) dict_keys(['example_time_delta_sensor_async']) retrieved from /usr/local/python/3.10.13/lib/python3.10/site-packages/airflow/example_dags/example_time_delta_sensor_async.py
[2024-04-22T06:25:02.671+0000] {logging_mixin.py:137} INFO - [2024-04-22T06:25:02.671+0000] {dag.py:2690} INFO - Sync 1 DAGs
[2024-04-22T06:25:02.685+0000] {logging_mixin.py:137} INFO - [2024-04-22T06:25:02.685+0000] {dag.py:3437} INFO - Setting next_dagrun for example_time_delta_sensor_async to None, run_after=None
[2024-04-22T06:25:02.736+0000] {processor.py:175} INFO - Processing /usr/local/python/3.10.13/lib/python3.10/site-packages/airflow/example_dags/example_time_delta_sensor_async.py took 0.200 seconds
[2024-04-22T06:25:43.460+0000] {processor.py:153} INFO - Started process (PID=49276) to work on /usr/local/python/3.10.13/lib/python3.10/site-packages/airflow/example_dags/example_time_delta_sensor_async.py
[2024-04-22T06:25:43.460+0000] {processor.py:743} INFO - Processing file /usr/local/python/3.10.13/lib/python3.10/site-packages/airflow/example_dags/example_time_delta_sensor_async.py for tasks to queue
[2024-04-22T06:25:43.461+0000] {logging_mixin.py:137} INFO - [2024-04-22T06:25:43.461+0000] {dagbag.py:538} INFO - Filling up the DagBag from /usr/local/python/3.10.13/lib/python3.10/site-packages/airflow/example_dags/example_time_delta_sensor_async.py
[2024-04-22T06:25:43.472+0000] {processor.py:753} INFO - DAG(s) dict_keys(['example_time_delta_sensor_async']) retrieved from /usr/local/python/3.10.13/lib/python3.10/site-packages/airflow/example_dags/example_time_delta_sensor_async.py
[2024-04-22T06:25:43.485+0000] {logging_mixin.py:137} INFO - [2024-04-22T06:25:43.485+0000] {dag.py:2690} INFO - Sync 1 DAGs
[2024-04-22T06:25:43.501+0000] {logging_mixin.py:137} INFO - [2024-04-22T06:25:43.500+0000] {dag.py:3437} INFO - Setting next_dagrun for example_time_delta_sensor_async to None, run_after=None
[2024-04-22T06:25:43.545+0000] {processor.py:175} INFO - Processing /usr/local/python/3.10.13/lib/python3.10/site-packages/airflow/example_dags/example_time_delta_sensor_async.py took 0.087 seconds
[2024-04-22T06:26:22.449+0000] {processor.py:153} INFO - Started process (PID=49633) to work on /usr/local/python/3.10.13/lib/python3.10/site-packages/airflow/example_dags/example_time_delta_sensor_async.py
[2024-04-22T06:26:22.450+0000] {processor.py:743} INFO - Processing file /usr/local/python/3.10.13/lib/python3.10/site-packages/airflow/example_dags/example_time_delta_sensor_async.py for tasks to queue
[2024-04-22T06:26:22.450+0000] {logging_mixin.py:137} INFO - [2024-04-22T06:26:22.450+0000] {dagbag.py:538} INFO - Filling up the DagBag from /usr/local/python/3.10.13/lib/python3.10/site-packages/airflow/example_dags/example_time_delta_sensor_async.py
[2024-04-22T06:26:22.461+0000] {processor.py:753} INFO - DAG(s) dict_keys(['example_time_delta_sensor_async']) retrieved from /usr/local/python/3.10.13/lib/python3.10/site-packages/airflow/example_dags/example_time_delta_sensor_async.py
[2024-04-22T06:26:22.475+0000] {logging_mixin.py:137} INFO - [2024-04-22T06:26:22.475+0000] {dag.py:2690} INFO - Sync 1 DAGs
[2024-04-22T06:26:22.490+0000] {logging_mixin.py:137} INFO - [2024-04-22T06:26:22.490+0000] {dag.py:3437} INFO - Setting next_dagrun for example_time_delta_sensor_async to None, run_after=None
[2024-04-22T06:26:22.548+0000] {processor.py:175} INFO - Processing /usr/local/python/3.10.13/lib/python3.10/site-packages/airflow/example_dags/example_time_delta_sensor_async.py took 0.101 seconds
[2024-04-22T06:27:04.875+0000] {processor.py:153} INFO - Started process (PID=50066) to work on /usr/local/python/3.10.13/lib/python3.10/site-packages/airflow/example_dags/example_time_delta_sensor_async.py
[2024-04-22T06:27:04.876+0000] {processor.py:743} INFO - Processing file /usr/local/python/3.10.13/lib/python3.10/site-packages/airflow/example_dags/example_time_delta_sensor_async.py for tasks to queue
[2024-04-22T06:27:04.877+0000] {logging_mixin.py:137} INFO - [2024-04-22T06:27:04.877+0000] {dagbag.py:538} INFO - Filling up the DagBag from /usr/local/python/3.10.13/lib/python3.10/site-packages/airflow/example_dags/example_time_delta_sensor_async.py
[2024-04-22T06:27:04.894+0000] {processor.py:753} INFO - DAG(s) dict_keys(['example_time_delta_sensor_async']) retrieved from /usr/local/python/3.10.13/lib/python3.10/site-packages/airflow/example_dags/example_time_delta_sensor_async.py
[2024-04-22T06:27:04.927+0000] {logging_mixin.py:137} INFO - [2024-04-22T06:27:04.926+0000] {dag.py:2690} INFO - Sync 1 DAGs
[2024-04-22T06:27:04.979+0000] {logging_mixin.py:137} INFO - [2024-04-22T06:27:04.978+0000] {dag.py:3437} INFO - Setting next_dagrun for example_time_delta_sensor_async to None, run_after=None
[2024-04-22T06:27:05.076+0000] {processor.py:175} INFO - Processing /usr/local/python/3.10.13/lib/python3.10/site-packages/airflow/example_dags/example_time_delta_sensor_async.py took 0.204 seconds
[2024-04-22T06:27:45.800+0000] {processor.py:153} INFO - Started process (PID=50395) to work on /usr/local/python/3.10.13/lib/python3.10/site-packages/airflow/example_dags/example_time_delta_sensor_async.py
[2024-04-22T06:27:45.800+0000] {processor.py:743} INFO - Processing file /usr/local/python/3.10.13/lib/python3.10/site-packages/airflow/example_dags/example_time_delta_sensor_async.py for tasks to queue
[2024-04-22T06:27:45.801+0000] {logging_mixin.py:137} INFO - [2024-04-22T06:27:45.801+0000] {dagbag.py:538} INFO - Filling up the DagBag from /usr/local/python/3.10.13/lib/python3.10/site-packages/airflow/example_dags/example_time_delta_sensor_async.py
[2024-04-22T06:27:45.813+0000] {processor.py:753} INFO - DAG(s) dict_keys(['example_time_delta_sensor_async']) retrieved from /usr/local/python/3.10.13/lib/python3.10/site-packages/airflow/example_dags/example_time_delta_sensor_async.py
[2024-04-22T06:27:45.827+0000] {logging_mixin.py:137} INFO - [2024-04-22T06:27:45.827+0000] {dag.py:2690} INFO - Sync 1 DAGs
[2024-04-22T06:27:45.842+0000] {logging_mixin.py:137} INFO - [2024-04-22T06:27:45.842+0000] {dag.py:3437} INFO - Setting next_dagrun for example_time_delta_sensor_async to None, run_after=None
[2024-04-22T06:27:45.890+0000] {processor.py:175} INFO - Processing /usr/local/python/3.10.13/lib/python3.10/site-packages/airflow/example_dags/example_time_delta_sensor_async.py took 0.093 seconds
