[2024-04-22T06:12:57.516+0000] {processor.py:153} INFO - Started process (PID=43280) to work on /usr/local/python/3.10.13/lib/python3.10/site-packages/airflow/example_dags/example_task_group_decorator.py
[2024-04-22T06:12:57.517+0000] {processor.py:743} INFO - Processing file /usr/local/python/3.10.13/lib/python3.10/site-packages/airflow/example_dags/example_task_group_decorator.py for tasks to queue
[2024-04-22T06:12:57.517+0000] {logging_mixin.py:137} INFO - [2024-04-22T06:12:57.517+0000] {dagbag.py:538} INFO - Filling up the DagBag from /usr/local/python/3.10.13/lib/python3.10/site-packages/airflow/example_dags/example_task_group_decorator.py
[2024-04-22T06:12:57.542+0000] {processor.py:753} INFO - DAG(s) dict_keys(['example_task_group_decorator']) retrieved from /usr/local/python/3.10.13/lib/python3.10/site-packages/airflow/example_dags/example_task_group_decorator.py
[2024-04-22T06:12:57.698+0000] {logging_mixin.py:137} INFO - [2024-04-22T06:12:57.698+0000] {manager.py:504} INFO - Created Permission View: can delete on DAG:example_task_group_decorator
[2024-04-22T06:12:57.737+0000] {logging_mixin.py:137} INFO - [2024-04-22T06:12:57.737+0000] {manager.py:504} INFO - Created Permission View: can edit on DAG:example_task_group_decorator
[2024-04-22T06:12:57.773+0000] {logging_mixin.py:137} INFO - [2024-04-22T06:12:57.773+0000] {manager.py:504} INFO - Created Permission View: can read on DAG:example_task_group_decorator
[2024-04-22T06:12:57.774+0000] {logging_mixin.py:137} INFO - [2024-04-22T06:12:57.774+0000] {dag.py:2690} INFO - Sync 1 DAGs
[2024-04-22T06:12:57.782+0000] {logging_mixin.py:137} INFO - [2024-04-22T06:12:57.782+0000] {dag.py:2711} INFO - Creating ORM DAG for example_task_group_decorator
[2024-04-22T06:12:57.789+0000] {logging_mixin.py:137} INFO - [2024-04-22T06:12:57.788+0000] {dag.py:3437} INFO - Setting next_dagrun for example_task_group_decorator to 2024-04-21T06:12:57.788725+00:00, run_after=2024-04-22T06:12:57.788725+00:00
[2024-04-22T06:12:57.834+0000] {processor.py:175} INFO - Processing /usr/local/python/3.10.13/lib/python3.10/site-packages/airflow/example_dags/example_task_group_decorator.py took 0.322 seconds
[2024-04-22T06:13:44.733+0000] {processor.py:153} INFO - Started process (PID=43602) to work on /usr/local/python/3.10.13/lib/python3.10/site-packages/airflow/example_dags/example_task_group_decorator.py
[2024-04-22T06:13:44.734+0000] {processor.py:743} INFO - Processing file /usr/local/python/3.10.13/lib/python3.10/site-packages/airflow/example_dags/example_task_group_decorator.py for tasks to queue
[2024-04-22T06:13:44.734+0000] {logging_mixin.py:137} INFO - [2024-04-22T06:13:44.734+0000] {dagbag.py:538} INFO - Filling up the DagBag from /usr/local/python/3.10.13/lib/python3.10/site-packages/airflow/example_dags/example_task_group_decorator.py
[2024-04-22T06:13:44.760+0000] {processor.py:753} INFO - DAG(s) dict_keys(['example_task_group_decorator']) retrieved from /usr/local/python/3.10.13/lib/python3.10/site-packages/airflow/example_dags/example_task_group_decorator.py
[2024-04-22T06:13:44.776+0000] {logging_mixin.py:137} INFO - [2024-04-22T06:13:44.775+0000] {dag.py:2690} INFO - Sync 1 DAGs
[2024-04-22T06:13:44.790+0000] {logging_mixin.py:137} INFO - [2024-04-22T06:13:44.790+0000] {dag.py:3437} INFO - Setting next_dagrun for example_task_group_decorator to 2024-04-21T06:13:44.790134+00:00, run_after=2024-04-22T06:13:44.790134+00:00
[2024-04-22T06:13:44.837+0000] {processor.py:175} INFO - Processing /usr/local/python/3.10.13/lib/python3.10/site-packages/airflow/example_dags/example_task_group_decorator.py took 0.106 seconds
[2024-04-22T06:14:24.102+0000] {processor.py:153} INFO - Started process (PID=43851) to work on /usr/local/python/3.10.13/lib/python3.10/site-packages/airflow/example_dags/example_task_group_decorator.py
[2024-04-22T06:14:24.103+0000] {processor.py:743} INFO - Processing file /usr/local/python/3.10.13/lib/python3.10/site-packages/airflow/example_dags/example_task_group_decorator.py for tasks to queue
[2024-04-22T06:14:24.104+0000] {logging_mixin.py:137} INFO - [2024-04-22T06:14:24.104+0000] {dagbag.py:538} INFO - Filling up the DagBag from /usr/local/python/3.10.13/lib/python3.10/site-packages/airflow/example_dags/example_task_group_decorator.py
[2024-04-22T06:14:24.145+0000] {processor.py:753} INFO - DAG(s) dict_keys(['example_task_group_decorator']) retrieved from /usr/local/python/3.10.13/lib/python3.10/site-packages/airflow/example_dags/example_task_group_decorator.py
[2024-04-22T06:14:24.170+0000] {logging_mixin.py:137} INFO - [2024-04-22T06:14:24.170+0000] {dag.py:2690} INFO - Sync 1 DAGs
[2024-04-22T06:14:24.195+0000] {logging_mixin.py:137} INFO - [2024-04-22T06:14:24.195+0000] {dag.py:3437} INFO - Setting next_dagrun for example_task_group_decorator to 2024-04-21T06:14:24.194937+00:00, run_after=2024-04-22T06:14:24.194937+00:00
[2024-04-22T06:14:24.257+0000] {processor.py:175} INFO - Processing /usr/local/python/3.10.13/lib/python3.10/site-packages/airflow/example_dags/example_task_group_decorator.py took 0.158 seconds
[2024-04-22T06:15:03.389+0000] {processor.py:153} INFO - Started process (PID=44122) to work on /usr/local/python/3.10.13/lib/python3.10/site-packages/airflow/example_dags/example_task_group_decorator.py
[2024-04-22T06:15:03.390+0000] {processor.py:743} INFO - Processing file /usr/local/python/3.10.13/lib/python3.10/site-packages/airflow/example_dags/example_task_group_decorator.py for tasks to queue
[2024-04-22T06:15:03.391+0000] {logging_mixin.py:137} INFO - [2024-04-22T06:15:03.391+0000] {dagbag.py:538} INFO - Filling up the DagBag from /usr/local/python/3.10.13/lib/python3.10/site-packages/airflow/example_dags/example_task_group_decorator.py
[2024-04-22T06:15:03.416+0000] {processor.py:753} INFO - DAG(s) dict_keys(['example_task_group_decorator']) retrieved from /usr/local/python/3.10.13/lib/python3.10/site-packages/airflow/example_dags/example_task_group_decorator.py
[2024-04-22T06:15:03.433+0000] {logging_mixin.py:137} INFO - [2024-04-22T06:15:03.433+0000] {dag.py:2690} INFO - Sync 1 DAGs
[2024-04-22T06:15:03.449+0000] {logging_mixin.py:137} INFO - [2024-04-22T06:15:03.449+0000] {dag.py:3437} INFO - Setting next_dagrun for example_task_group_decorator to 2024-04-21T06:15:03.449623+00:00, run_after=2024-04-22T06:15:03.449623+00:00
[2024-04-22T06:15:03.507+0000] {processor.py:175} INFO - Processing /usr/local/python/3.10.13/lib/python3.10/site-packages/airflow/example_dags/example_task_group_decorator.py took 0.119 seconds
[2024-04-22T06:15:41.584+0000] {processor.py:153} INFO - Started process (PID=44386) to work on /usr/local/python/3.10.13/lib/python3.10/site-packages/airflow/example_dags/example_task_group_decorator.py
[2024-04-22T06:15:41.585+0000] {processor.py:743} INFO - Processing file /usr/local/python/3.10.13/lib/python3.10/site-packages/airflow/example_dags/example_task_group_decorator.py for tasks to queue
[2024-04-22T06:15:41.585+0000] {logging_mixin.py:137} INFO - [2024-04-22T06:15:41.585+0000] {dagbag.py:538} INFO - Filling up the DagBag from /usr/local/python/3.10.13/lib/python3.10/site-packages/airflow/example_dags/example_task_group_decorator.py
[2024-04-22T06:15:41.610+0000] {processor.py:753} INFO - DAG(s) dict_keys(['example_task_group_decorator']) retrieved from /usr/local/python/3.10.13/lib/python3.10/site-packages/airflow/example_dags/example_task_group_decorator.py
[2024-04-22T06:15:41.626+0000] {logging_mixin.py:137} INFO - [2024-04-22T06:15:41.626+0000] {dag.py:2690} INFO - Sync 1 DAGs
[2024-04-22T06:15:41.641+0000] {logging_mixin.py:137} INFO - [2024-04-22T06:15:41.641+0000] {dag.py:3437} INFO - Setting next_dagrun for example_task_group_decorator to 2024-04-21T06:15:41.641414+00:00, run_after=2024-04-22T06:15:41.641414+00:00
[2024-04-22T06:15:41.711+0000] {processor.py:175} INFO - Processing /usr/local/python/3.10.13/lib/python3.10/site-packages/airflow/example_dags/example_task_group_decorator.py took 0.129 seconds
[2024-04-22T06:16:23.291+0000] {processor.py:153} INFO - Started process (PID=44668) to work on /usr/local/python/3.10.13/lib/python3.10/site-packages/airflow/example_dags/example_task_group_decorator.py
[2024-04-22T06:16:23.292+0000] {processor.py:743} INFO - Processing file /usr/local/python/3.10.13/lib/python3.10/site-packages/airflow/example_dags/example_task_group_decorator.py for tasks to queue
[2024-04-22T06:16:23.292+0000] {logging_mixin.py:137} INFO - [2024-04-22T06:16:23.292+0000] {dagbag.py:538} INFO - Filling up the DagBag from /usr/local/python/3.10.13/lib/python3.10/site-packages/airflow/example_dags/example_task_group_decorator.py
[2024-04-22T06:16:23.317+0000] {processor.py:753} INFO - DAG(s) dict_keys(['example_task_group_decorator']) retrieved from /usr/local/python/3.10.13/lib/python3.10/site-packages/airflow/example_dags/example_task_group_decorator.py
[2024-04-22T06:16:23.333+0000] {logging_mixin.py:137} INFO - [2024-04-22T06:16:23.333+0000] {dag.py:2690} INFO - Sync 1 DAGs
[2024-04-22T06:16:23.348+0000] {logging_mixin.py:137} INFO - [2024-04-22T06:16:23.348+0000] {dag.py:3437} INFO - Setting next_dagrun for example_task_group_decorator to 2024-04-21T06:16:23.348209+00:00, run_after=2024-04-22T06:16:23.348209+00:00
[2024-04-22T06:16:23.396+0000] {processor.py:175} INFO - Processing /usr/local/python/3.10.13/lib/python3.10/site-packages/airflow/example_dags/example_task_group_decorator.py took 0.107 seconds
[2024-04-22T06:17:03.814+0000] {processor.py:153} INFO - Started process (PID=44948) to work on /usr/local/python/3.10.13/lib/python3.10/site-packages/airflow/example_dags/example_task_group_decorator.py
[2024-04-22T06:17:03.815+0000] {processor.py:743} INFO - Processing file /usr/local/python/3.10.13/lib/python3.10/site-packages/airflow/example_dags/example_task_group_decorator.py for tasks to queue
[2024-04-22T06:17:03.816+0000] {logging_mixin.py:137} INFO - [2024-04-22T06:17:03.815+0000] {dagbag.py:538} INFO - Filling up the DagBag from /usr/local/python/3.10.13/lib/python3.10/site-packages/airflow/example_dags/example_task_group_decorator.py
[2024-04-22T06:17:03.848+0000] {processor.py:753} INFO - DAG(s) dict_keys(['example_task_group_decorator']) retrieved from /usr/local/python/3.10.13/lib/python3.10/site-packages/airflow/example_dags/example_task_group_decorator.py
[2024-04-22T06:17:03.865+0000] {logging_mixin.py:137} INFO - [2024-04-22T06:17:03.865+0000] {dag.py:2690} INFO - Sync 1 DAGs
[2024-04-22T06:17:03.880+0000] {logging_mixin.py:137} INFO - [2024-04-22T06:17:03.880+0000] {dag.py:3437} INFO - Setting next_dagrun for example_task_group_decorator to 2024-04-21T06:17:03.880545+00:00, run_after=2024-04-22T06:17:03.880545+00:00
[2024-04-22T06:17:03.934+0000] {processor.py:175} INFO - Processing /usr/local/python/3.10.13/lib/python3.10/site-packages/airflow/example_dags/example_task_group_decorator.py took 0.123 seconds
[2024-04-22T06:17:43.231+0000] {processor.py:153} INFO - Started process (PID=45217) to work on /usr/local/python/3.10.13/lib/python3.10/site-packages/airflow/example_dags/example_task_group_decorator.py
[2024-04-22T06:17:43.231+0000] {processor.py:743} INFO - Processing file /usr/local/python/3.10.13/lib/python3.10/site-packages/airflow/example_dags/example_task_group_decorator.py for tasks to queue
[2024-04-22T06:17:43.233+0000] {logging_mixin.py:137} INFO - [2024-04-22T06:17:43.232+0000] {dagbag.py:538} INFO - Filling up the DagBag from /usr/local/python/3.10.13/lib/python3.10/site-packages/airflow/example_dags/example_task_group_decorator.py
[2024-04-22T06:17:43.257+0000] {processor.py:753} INFO - DAG(s) dict_keys(['example_task_group_decorator']) retrieved from /usr/local/python/3.10.13/lib/python3.10/site-packages/airflow/example_dags/example_task_group_decorator.py
[2024-04-22T06:17:43.273+0000] {logging_mixin.py:137} INFO - [2024-04-22T06:17:43.273+0000] {dag.py:2690} INFO - Sync 1 DAGs
[2024-04-22T06:17:43.288+0000] {logging_mixin.py:137} INFO - [2024-04-22T06:17:43.288+0000] {dag.py:3437} INFO - Setting next_dagrun for example_task_group_decorator to 2024-04-21T06:17:43.287914+00:00, run_after=2024-04-22T06:17:43.287914+00:00
[2024-04-22T06:17:43.334+0000] {processor.py:175} INFO - Processing /usr/local/python/3.10.13/lib/python3.10/site-packages/airflow/example_dags/example_task_group_decorator.py took 0.105 seconds
[2024-04-22T06:18:25.460+0000] {processor.py:153} INFO - Started process (PID=45569) to work on /usr/local/python/3.10.13/lib/python3.10/site-packages/airflow/example_dags/example_task_group_decorator.py
[2024-04-22T06:18:25.461+0000] {processor.py:743} INFO - Processing file /usr/local/python/3.10.13/lib/python3.10/site-packages/airflow/example_dags/example_task_group_decorator.py for tasks to queue
[2024-04-22T06:18:25.461+0000] {logging_mixin.py:137} INFO - [2024-04-22T06:18:25.461+0000] {dagbag.py:538} INFO - Filling up the DagBag from /usr/local/python/3.10.13/lib/python3.10/site-packages/airflow/example_dags/example_task_group_decorator.py
[2024-04-22T06:18:25.486+0000] {processor.py:753} INFO - DAG(s) dict_keys(['example_task_group_decorator']) retrieved from /usr/local/python/3.10.13/lib/python3.10/site-packages/airflow/example_dags/example_task_group_decorator.py
[2024-04-22T06:18:25.502+0000] {logging_mixin.py:137} INFO - [2024-04-22T06:18:25.502+0000] {dag.py:2690} INFO - Sync 1 DAGs
[2024-04-22T06:18:25.517+0000] {logging_mixin.py:137} INFO - [2024-04-22T06:18:25.516+0000] {dag.py:3437} INFO - Setting next_dagrun for example_task_group_decorator to 2024-04-21T06:18:25.516771+00:00, run_after=2024-04-22T06:18:25.516771+00:00
[2024-04-22T06:18:25.572+0000] {processor.py:175} INFO - Processing /usr/local/python/3.10.13/lib/python3.10/site-packages/airflow/example_dags/example_task_group_decorator.py took 0.116 seconds
[2024-04-22T06:19:07.155+0000] {processor.py:153} INFO - Started process (PID=45847) to work on /usr/local/python/3.10.13/lib/python3.10/site-packages/airflow/example_dags/example_task_group_decorator.py
[2024-04-22T06:19:07.155+0000] {processor.py:743} INFO - Processing file /usr/local/python/3.10.13/lib/python3.10/site-packages/airflow/example_dags/example_task_group_decorator.py for tasks to queue
[2024-04-22T06:19:07.156+0000] {logging_mixin.py:137} INFO - [2024-04-22T06:19:07.156+0000] {dagbag.py:538} INFO - Filling up the DagBag from /usr/local/python/3.10.13/lib/python3.10/site-packages/airflow/example_dags/example_task_group_decorator.py
[2024-04-22T06:19:07.181+0000] {processor.py:753} INFO - DAG(s) dict_keys(['example_task_group_decorator']) retrieved from /usr/local/python/3.10.13/lib/python3.10/site-packages/airflow/example_dags/example_task_group_decorator.py
[2024-04-22T06:19:07.197+0000] {logging_mixin.py:137} INFO - [2024-04-22T06:19:07.197+0000] {dag.py:2690} INFO - Sync 1 DAGs
[2024-04-22T06:19:07.211+0000] {logging_mixin.py:137} INFO - [2024-04-22T06:19:07.211+0000] {dag.py:3437} INFO - Setting next_dagrun for example_task_group_decorator to 2024-04-21T06:19:07.211706+00:00, run_after=2024-04-22T06:19:07.211706+00:00
[2024-04-22T06:19:07.259+0000] {processor.py:175} INFO - Processing /usr/local/python/3.10.13/lib/python3.10/site-packages/airflow/example_dags/example_task_group_decorator.py took 0.106 seconds
[2024-04-22T06:19:47.985+0000] {processor.py:153} INFO - Started process (PID=46123) to work on /usr/local/python/3.10.13/lib/python3.10/site-packages/airflow/example_dags/example_task_group_decorator.py
[2024-04-22T06:19:47.986+0000] {processor.py:743} INFO - Processing file /usr/local/python/3.10.13/lib/python3.10/site-packages/airflow/example_dags/example_task_group_decorator.py for tasks to queue
[2024-04-22T06:19:47.987+0000] {logging_mixin.py:137} INFO - [2024-04-22T06:19:47.986+0000] {dagbag.py:538} INFO - Filling up the DagBag from /usr/local/python/3.10.13/lib/python3.10/site-packages/airflow/example_dags/example_task_group_decorator.py
[2024-04-22T06:19:48.026+0000] {processor.py:753} INFO - DAG(s) dict_keys(['example_task_group_decorator']) retrieved from /usr/local/python/3.10.13/lib/python3.10/site-packages/airflow/example_dags/example_task_group_decorator.py
[2024-04-22T06:19:48.042+0000] {logging_mixin.py:137} INFO - [2024-04-22T06:19:48.042+0000] {dag.py:2690} INFO - Sync 1 DAGs
[2024-04-22T06:19:48.058+0000] {logging_mixin.py:137} INFO - [2024-04-22T06:19:48.058+0000] {dag.py:3437} INFO - Setting next_dagrun for example_task_group_decorator to 2024-04-21T06:19:48.058337+00:00, run_after=2024-04-22T06:19:48.058337+00:00
[2024-04-22T06:19:48.217+0000] {processor.py:175} INFO - Processing /usr/local/python/3.10.13/lib/python3.10/site-packages/airflow/example_dags/example_task_group_decorator.py took 0.235 seconds
[2024-04-22T06:20:22.153+0000] {processor.py:153} INFO - Started process (PID=46374) to work on /usr/local/python/3.10.13/lib/python3.10/site-packages/airflow/example_dags/example_task_group_decorator.py
[2024-04-22T06:20:22.154+0000] {processor.py:743} INFO - Processing file /usr/local/python/3.10.13/lib/python3.10/site-packages/airflow/example_dags/example_task_group_decorator.py for tasks to queue
[2024-04-22T06:20:22.154+0000] {logging_mixin.py:137} INFO - [2024-04-22T06:20:22.154+0000] {dagbag.py:538} INFO - Filling up the DagBag from /usr/local/python/3.10.13/lib/python3.10/site-packages/airflow/example_dags/example_task_group_decorator.py
[2024-04-22T06:20:22.178+0000] {processor.py:753} INFO - DAG(s) dict_keys(['example_task_group_decorator']) retrieved from /usr/local/python/3.10.13/lib/python3.10/site-packages/airflow/example_dags/example_task_group_decorator.py
[2024-04-22T06:20:22.194+0000] {logging_mixin.py:137} INFO - [2024-04-22T06:20:22.194+0000] {dag.py:2690} INFO - Sync 1 DAGs
[2024-04-22T06:20:22.299+0000] {logging_mixin.py:137} INFO - [2024-04-22T06:20:22.299+0000] {dag.py:3437} INFO - Setting next_dagrun for example_task_group_decorator to 2024-04-21T06:20:22.299228+00:00, run_after=2024-04-22T06:20:22.299228+00:00
[2024-04-22T06:20:22.346+0000] {processor.py:175} INFO - Processing /usr/local/python/3.10.13/lib/python3.10/site-packages/airflow/example_dags/example_task_group_decorator.py took 0.195 seconds
[2024-04-22T06:21:02.733+0000] {processor.py:153} INFO - Started process (PID=46647) to work on /usr/local/python/3.10.13/lib/python3.10/site-packages/airflow/example_dags/example_task_group_decorator.py
[2024-04-22T06:21:02.735+0000] {processor.py:743} INFO - Processing file /usr/local/python/3.10.13/lib/python3.10/site-packages/airflow/example_dags/example_task_group_decorator.py for tasks to queue
[2024-04-22T06:21:02.736+0000] {logging_mixin.py:137} INFO - [2024-04-22T06:21:02.736+0000] {dagbag.py:538} INFO - Filling up the DagBag from /usr/local/python/3.10.13/lib/python3.10/site-packages/airflow/example_dags/example_task_group_decorator.py
[2024-04-22T06:21:02.775+0000] {processor.py:753} INFO - DAG(s) dict_keys(['example_task_group_decorator']) retrieved from /usr/local/python/3.10.13/lib/python3.10/site-packages/airflow/example_dags/example_task_group_decorator.py
[2024-04-22T06:21:02.804+0000] {logging_mixin.py:137} INFO - [2024-04-22T06:21:02.804+0000] {dag.py:2690} INFO - Sync 1 DAGs
[2024-04-22T06:21:02.909+0000] {logging_mixin.py:137} INFO - [2024-04-22T06:21:02.908+0000] {dag.py:3437} INFO - Setting next_dagrun for example_task_group_decorator to 2024-04-21T06:21:02.908734+00:00, run_after=2024-04-22T06:21:02.908734+00:00
[2024-04-22T06:21:02.957+0000] {processor.py:175} INFO - Processing /usr/local/python/3.10.13/lib/python3.10/site-packages/airflow/example_dags/example_task_group_decorator.py took 0.231 seconds
[2024-04-22T06:21:48.530+0000] {processor.py:153} INFO - Started process (PID=46945) to work on /usr/local/python/3.10.13/lib/python3.10/site-packages/airflow/example_dags/example_task_group_decorator.py
[2024-04-22T06:21:48.531+0000] {processor.py:743} INFO - Processing file /usr/local/python/3.10.13/lib/python3.10/site-packages/airflow/example_dags/example_task_group_decorator.py for tasks to queue
[2024-04-22T06:21:48.531+0000] {logging_mixin.py:137} INFO - [2024-04-22T06:21:48.531+0000] {dagbag.py:538} INFO - Filling up the DagBag from /usr/local/python/3.10.13/lib/python3.10/site-packages/airflow/example_dags/example_task_group_decorator.py
[2024-04-22T06:21:48.556+0000] {processor.py:753} INFO - DAG(s) dict_keys(['example_task_group_decorator']) retrieved from /usr/local/python/3.10.13/lib/python3.10/site-packages/airflow/example_dags/example_task_group_decorator.py
[2024-04-22T06:21:48.572+0000] {logging_mixin.py:137} INFO - [2024-04-22T06:21:48.572+0000] {dag.py:2690} INFO - Sync 1 DAGs
[2024-04-22T06:21:48.679+0000] {logging_mixin.py:137} INFO - [2024-04-22T06:21:48.679+0000] {dag.py:3437} INFO - Setting next_dagrun for example_task_group_decorator to 2024-04-21T06:21:48.678845+00:00, run_after=2024-04-22T06:21:48.678845+00:00
[2024-04-22T06:21:48.727+0000] {processor.py:175} INFO - Processing /usr/local/python/3.10.13/lib/python3.10/site-packages/airflow/example_dags/example_task_group_decorator.py took 0.199 seconds
[2024-04-22T06:22:26.143+0000] {processor.py:153} INFO - Started process (PID=47276) to work on /usr/local/python/3.10.13/lib/python3.10/site-packages/airflow/example_dags/example_task_group_decorator.py
[2024-04-22T06:22:26.144+0000] {processor.py:743} INFO - Processing file /usr/local/python/3.10.13/lib/python3.10/site-packages/airflow/example_dags/example_task_group_decorator.py for tasks to queue
[2024-04-22T06:22:26.144+0000] {logging_mixin.py:137} INFO - [2024-04-22T06:22:26.144+0000] {dagbag.py:538} INFO - Filling up the DagBag from /usr/local/python/3.10.13/lib/python3.10/site-packages/airflow/example_dags/example_task_group_decorator.py
[2024-04-22T06:22:26.168+0000] {processor.py:753} INFO - DAG(s) dict_keys(['example_task_group_decorator']) retrieved from /usr/local/python/3.10.13/lib/python3.10/site-packages/airflow/example_dags/example_task_group_decorator.py
[2024-04-22T06:22:26.314+0000] {logging_mixin.py:137} INFO - [2024-04-22T06:22:26.314+0000] {dag.py:2690} INFO - Sync 1 DAGs
[2024-04-22T06:22:26.344+0000] {logging_mixin.py:137} INFO - [2024-04-22T06:22:26.344+0000] {dag.py:3437} INFO - Setting next_dagrun for example_task_group_decorator to 2024-04-21T06:22:26.344161+00:00, run_after=2024-04-22T06:22:26.344161+00:00
[2024-04-22T06:22:26.396+0000] {processor.py:175} INFO - Processing /usr/local/python/3.10.13/lib/python3.10/site-packages/airflow/example_dags/example_task_group_decorator.py took 0.255 seconds
[2024-04-22T06:23:08.570+0000] {processor.py:153} INFO - Started process (PID=47629) to work on /usr/local/python/3.10.13/lib/python3.10/site-packages/airflow/example_dags/example_task_group_decorator.py
[2024-04-22T06:23:08.571+0000] {processor.py:743} INFO - Processing file /usr/local/python/3.10.13/lib/python3.10/site-packages/airflow/example_dags/example_task_group_decorator.py for tasks to queue
[2024-04-22T06:23:08.571+0000] {logging_mixin.py:137} INFO - [2024-04-22T06:23:08.571+0000] {dagbag.py:538} INFO - Filling up the DagBag from /usr/local/python/3.10.13/lib/python3.10/site-packages/airflow/example_dags/example_task_group_decorator.py
[2024-04-22T06:23:08.596+0000] {processor.py:753} INFO - DAG(s) dict_keys(['example_task_group_decorator']) retrieved from /usr/local/python/3.10.13/lib/python3.10/site-packages/airflow/example_dags/example_task_group_decorator.py
[2024-04-22T06:23:08.709+0000] {logging_mixin.py:137} INFO - [2024-04-22T06:23:08.708+0000] {dag.py:2690} INFO - Sync 1 DAGs
[2024-04-22T06:23:08.722+0000] {logging_mixin.py:137} INFO - [2024-04-22T06:23:08.722+0000] {dag.py:3437} INFO - Setting next_dagrun for example_task_group_decorator to 2024-04-21T06:23:08.722079+00:00, run_after=2024-04-22T06:23:08.722079+00:00
[2024-04-22T06:23:08.777+0000] {processor.py:175} INFO - Processing /usr/local/python/3.10.13/lib/python3.10/site-packages/airflow/example_dags/example_task_group_decorator.py took 0.210 seconds
[2024-04-22T06:23:52.406+0000] {processor.py:153} INFO - Started process (PID=48066) to work on /usr/local/python/3.10.13/lib/python3.10/site-packages/airflow/example_dags/example_task_group_decorator.py
[2024-04-22T06:23:52.407+0000] {processor.py:743} INFO - Processing file /usr/local/python/3.10.13/lib/python3.10/site-packages/airflow/example_dags/example_task_group_decorator.py for tasks to queue
[2024-04-22T06:23:52.407+0000] {logging_mixin.py:137} INFO - [2024-04-22T06:23:52.407+0000] {dagbag.py:538} INFO - Filling up the DagBag from /usr/local/python/3.10.13/lib/python3.10/site-packages/airflow/example_dags/example_task_group_decorator.py
[2024-04-22T06:23:52.526+0000] {processor.py:753} INFO - DAG(s) dict_keys(['example_task_group_decorator']) retrieved from /usr/local/python/3.10.13/lib/python3.10/site-packages/airflow/example_dags/example_task_group_decorator.py
[2024-04-22T06:23:52.540+0000] {logging_mixin.py:137} INFO - [2024-04-22T06:23:52.539+0000] {dag.py:2690} INFO - Sync 1 DAGs
[2024-04-22T06:23:52.553+0000] {logging_mixin.py:137} INFO - [2024-04-22T06:23:52.553+0000] {dag.py:3437} INFO - Setting next_dagrun for example_task_group_decorator to 2024-04-21T06:23:52.553021+00:00, run_after=2024-04-22T06:23:52.553021+00:00
[2024-04-22T06:23:52.599+0000] {processor.py:175} INFO - Processing /usr/local/python/3.10.13/lib/python3.10/site-packages/airflow/example_dags/example_task_group_decorator.py took 0.196 seconds
[2024-04-22T06:24:34.457+0000] {processor.py:153} INFO - Started process (PID=48526) to work on /usr/local/python/3.10.13/lib/python3.10/site-packages/airflow/example_dags/example_task_group_decorator.py
[2024-04-22T06:24:34.458+0000] {processor.py:743} INFO - Processing file /usr/local/python/3.10.13/lib/python3.10/site-packages/airflow/example_dags/example_task_group_decorator.py for tasks to queue
[2024-04-22T06:24:34.459+0000] {logging_mixin.py:137} INFO - [2024-04-22T06:24:34.459+0000] {dagbag.py:538} INFO - Filling up the DagBag from /usr/local/python/3.10.13/lib/python3.10/site-packages/airflow/example_dags/example_task_group_decorator.py
[2024-04-22T06:24:34.594+0000] {processor.py:753} INFO - DAG(s) dict_keys(['example_task_group_decorator']) retrieved from /usr/local/python/3.10.13/lib/python3.10/site-packages/airflow/example_dags/example_task_group_decorator.py
[2024-04-22T06:24:34.609+0000] {logging_mixin.py:137} INFO - [2024-04-22T06:24:34.609+0000] {dag.py:2690} INFO - Sync 1 DAGs
[2024-04-22T06:24:34.622+0000] {logging_mixin.py:137} INFO - [2024-04-22T06:24:34.622+0000] {dag.py:3437} INFO - Setting next_dagrun for example_task_group_decorator to 2024-04-21T06:24:34.622596+00:00, run_after=2024-04-22T06:24:34.622596+00:00
[2024-04-22T06:24:34.672+0000] {processor.py:175} INFO - Processing /usr/local/python/3.10.13/lib/python3.10/site-packages/airflow/example_dags/example_task_group_decorator.py took 0.217 seconds
[2024-04-22T06:25:17.052+0000] {processor.py:153} INFO - Started process (PID=48993) to work on /usr/local/python/3.10.13/lib/python3.10/site-packages/airflow/example_dags/example_task_group_decorator.py
[2024-04-22T06:25:17.053+0000] {processor.py:743} INFO - Processing file /usr/local/python/3.10.13/lib/python3.10/site-packages/airflow/example_dags/example_task_group_decorator.py for tasks to queue
[2024-04-22T06:25:17.053+0000] {logging_mixin.py:137} INFO - [2024-04-22T06:25:17.053+0000] {dagbag.py:538} INFO - Filling up the DagBag from /usr/local/python/3.10.13/lib/python3.10/site-packages/airflow/example_dags/example_task_group_decorator.py
[2024-04-22T06:25:17.078+0000] {processor.py:753} INFO - DAG(s) dict_keys(['example_task_group_decorator']) retrieved from /usr/local/python/3.10.13/lib/python3.10/site-packages/airflow/example_dags/example_task_group_decorator.py
[2024-04-22T06:25:17.093+0000] {logging_mixin.py:137} INFO - [2024-04-22T06:25:17.093+0000] {dag.py:2690} INFO - Sync 1 DAGs
[2024-04-22T06:25:17.108+0000] {logging_mixin.py:137} INFO - [2024-04-22T06:25:17.108+0000] {dag.py:3437} INFO - Setting next_dagrun for example_task_group_decorator to 2024-04-21T06:25:17.108594+00:00, run_after=2024-04-22T06:25:17.108594+00:00
[2024-04-22T06:25:17.155+0000] {processor.py:175} INFO - Processing /usr/local/python/3.10.13/lib/python3.10/site-packages/airflow/example_dags/example_task_group_decorator.py took 0.105 seconds
[2024-04-22T06:25:54.830+0000] {processor.py:153} INFO - Started process (PID=49382) to work on /usr/local/python/3.10.13/lib/python3.10/site-packages/airflow/example_dags/example_task_group_decorator.py
[2024-04-22T06:25:54.830+0000] {processor.py:743} INFO - Processing file /usr/local/python/3.10.13/lib/python3.10/site-packages/airflow/example_dags/example_task_group_decorator.py for tasks to queue
[2024-04-22T06:25:54.831+0000] {logging_mixin.py:137} INFO - [2024-04-22T06:25:54.831+0000] {dagbag.py:538} INFO - Filling up the DagBag from /usr/local/python/3.10.13/lib/python3.10/site-packages/airflow/example_dags/example_task_group_decorator.py
[2024-04-22T06:25:54.856+0000] {processor.py:753} INFO - DAG(s) dict_keys(['example_task_group_decorator']) retrieved from /usr/local/python/3.10.13/lib/python3.10/site-packages/airflow/example_dags/example_task_group_decorator.py
[2024-04-22T06:25:54.872+0000] {logging_mixin.py:137} INFO - [2024-04-22T06:25:54.872+0000] {dag.py:2690} INFO - Sync 1 DAGs
[2024-04-22T06:25:54.888+0000] {logging_mixin.py:137} INFO - [2024-04-22T06:25:54.887+0000] {dag.py:3437} INFO - Setting next_dagrun for example_task_group_decorator to 2024-04-21T06:25:54.887725+00:00, run_after=2024-04-22T06:25:54.887725+00:00
[2024-04-22T06:25:54.936+0000] {processor.py:175} INFO - Processing /usr/local/python/3.10.13/lib/python3.10/site-packages/airflow/example_dags/example_task_group_decorator.py took 0.108 seconds
[2024-04-22T06:26:32.997+0000] {processor.py:153} INFO - Started process (PID=49732) to work on /usr/local/python/3.10.13/lib/python3.10/site-packages/airflow/example_dags/example_task_group_decorator.py
[2024-04-22T06:26:32.998+0000] {processor.py:743} INFO - Processing file /usr/local/python/3.10.13/lib/python3.10/site-packages/airflow/example_dags/example_task_group_decorator.py for tasks to queue
[2024-04-22T06:26:32.999+0000] {logging_mixin.py:137} INFO - [2024-04-22T06:26:32.998+0000] {dagbag.py:538} INFO - Filling up the DagBag from /usr/local/python/3.10.13/lib/python3.10/site-packages/airflow/example_dags/example_task_group_decorator.py
[2024-04-22T06:26:33.023+0000] {processor.py:753} INFO - DAG(s) dict_keys(['example_task_group_decorator']) retrieved from /usr/local/python/3.10.13/lib/python3.10/site-packages/airflow/example_dags/example_task_group_decorator.py
[2024-04-22T06:26:33.040+0000] {logging_mixin.py:137} INFO - [2024-04-22T06:26:33.040+0000] {dag.py:2690} INFO - Sync 1 DAGs
[2024-04-22T06:26:33.055+0000] {logging_mixin.py:137} INFO - [2024-04-22T06:26:33.054+0000] {dag.py:3437} INFO - Setting next_dagrun for example_task_group_decorator to 2024-04-21T06:26:33.054774+00:00, run_after=2024-04-22T06:26:33.054774+00:00
[2024-04-22T06:26:33.100+0000] {processor.py:175} INFO - Processing /usr/local/python/3.10.13/lib/python3.10/site-packages/airflow/example_dags/example_task_group_decorator.py took 0.105 seconds
[2024-04-22T06:27:16.101+0000] {processor.py:153} INFO - Started process (PID=50151) to work on /usr/local/python/3.10.13/lib/python3.10/site-packages/airflow/example_dags/example_task_group_decorator.py
[2024-04-22T06:27:16.102+0000] {processor.py:743} INFO - Processing file /usr/local/python/3.10.13/lib/python3.10/site-packages/airflow/example_dags/example_task_group_decorator.py for tasks to queue
[2024-04-22T06:27:16.103+0000] {logging_mixin.py:137} INFO - [2024-04-22T06:27:16.102+0000] {dagbag.py:538} INFO - Filling up the DagBag from /usr/local/python/3.10.13/lib/python3.10/site-packages/airflow/example_dags/example_task_group_decorator.py
[2024-04-22T06:27:16.127+0000] {processor.py:753} INFO - DAG(s) dict_keys(['example_task_group_decorator']) retrieved from /usr/local/python/3.10.13/lib/python3.10/site-packages/airflow/example_dags/example_task_group_decorator.py
[2024-04-22T06:27:16.144+0000] {logging_mixin.py:137} INFO - [2024-04-22T06:27:16.143+0000] {dag.py:2690} INFO - Sync 1 DAGs
[2024-04-22T06:27:16.158+0000] {logging_mixin.py:137} INFO - [2024-04-22T06:27:16.158+0000] {dag.py:3437} INFO - Setting next_dagrun for example_task_group_decorator to 2024-04-21T06:27:16.158295+00:00, run_after=2024-04-22T06:27:16.158295+00:00
[2024-04-22T06:27:16.205+0000] {processor.py:175} INFO - Processing /usr/local/python/3.10.13/lib/python3.10/site-packages/airflow/example_dags/example_task_group_decorator.py took 0.106 seconds
