[2024-04-22T06:13:07.989+0000] {processor.py:153} INFO - Started process (PID=43354) to work on /usr/local/python/3.10.13/lib/python3.10/site-packages/airflow/example_dags/example_trigger_target_dag.py
[2024-04-22T06:13:07.989+0000] {processor.py:743} INFO - Processing file /usr/local/python/3.10.13/lib/python3.10/site-packages/airflow/example_dags/example_trigger_target_dag.py for tasks to queue
[2024-04-22T06:13:07.990+0000] {logging_mixin.py:137} INFO - [2024-04-22T06:13:07.990+0000] {dagbag.py:538} INFO - Filling up the DagBag from /usr/local/python/3.10.13/lib/python3.10/site-packages/airflow/example_dags/example_trigger_target_dag.py
[2024-04-22T06:13:08.011+0000] {processor.py:753} INFO - DAG(s) dict_keys(['example_trigger_target_dag']) retrieved from /usr/local/python/3.10.13/lib/python3.10/site-packages/airflow/example_dags/example_trigger_target_dag.py
[2024-04-22T06:13:08.166+0000] {logging_mixin.py:137} INFO - [2024-04-22T06:13:08.166+0000] {manager.py:504} INFO - Created Permission View: can delete on DAG:example_trigger_target_dag
[2024-04-22T06:13:08.205+0000] {logging_mixin.py:137} INFO - [2024-04-22T06:13:08.205+0000] {manager.py:504} INFO - Created Permission View: can edit on DAG:example_trigger_target_dag
[2024-04-22T06:13:08.243+0000] {logging_mixin.py:137} INFO - [2024-04-22T06:13:08.243+0000] {manager.py:504} INFO - Created Permission View: can read on DAG:example_trigger_target_dag
[2024-04-22T06:13:08.243+0000] {logging_mixin.py:137} INFO - [2024-04-22T06:13:08.243+0000] {dag.py:2690} INFO - Sync 1 DAGs
[2024-04-22T06:13:08.251+0000] {logging_mixin.py:137} INFO - [2024-04-22T06:13:08.251+0000] {dag.py:2711} INFO - Creating ORM DAG for example_trigger_target_dag
[2024-04-22T06:13:08.258+0000] {logging_mixin.py:137} INFO - [2024-04-22T06:13:08.258+0000] {dag.py:3437} INFO - Setting next_dagrun for example_trigger_target_dag to None, run_after=None
[2024-04-22T06:13:08.309+0000] {processor.py:175} INFO - Processing /usr/local/python/3.10.13/lib/python3.10/site-packages/airflow/example_dags/example_trigger_target_dag.py took 0.323 seconds
[2024-04-22T06:13:54.042+0000] {processor.py:153} INFO - Started process (PID=43671) to work on /usr/local/python/3.10.13/lib/python3.10/site-packages/airflow/example_dags/example_trigger_target_dag.py
[2024-04-22T06:13:54.043+0000] {processor.py:743} INFO - Processing file /usr/local/python/3.10.13/lib/python3.10/site-packages/airflow/example_dags/example_trigger_target_dag.py for tasks to queue
[2024-04-22T06:13:54.043+0000] {logging_mixin.py:137} INFO - [2024-04-22T06:13:54.043+0000] {dagbag.py:538} INFO - Filling up the DagBag from /usr/local/python/3.10.13/lib/python3.10/site-packages/airflow/example_dags/example_trigger_target_dag.py
[2024-04-22T06:13:54.073+0000] {processor.py:753} INFO - DAG(s) dict_keys(['example_trigger_target_dag']) retrieved from /usr/local/python/3.10.13/lib/python3.10/site-packages/airflow/example_dags/example_trigger_target_dag.py
[2024-04-22T06:13:54.087+0000] {logging_mixin.py:137} INFO - [2024-04-22T06:13:54.087+0000] {dag.py:2690} INFO - Sync 1 DAGs
[2024-04-22T06:13:54.102+0000] {logging_mixin.py:137} INFO - [2024-04-22T06:13:54.102+0000] {dag.py:3437} INFO - Setting next_dagrun for example_trigger_target_dag to None, run_after=None
[2024-04-22T06:13:54.154+0000] {processor.py:175} INFO - Processing /usr/local/python/3.10.13/lib/python3.10/site-packages/airflow/example_dags/example_trigger_target_dag.py took 0.114 seconds
[2024-04-22T06:14:34.020+0000] {processor.py:153} INFO - Started process (PID=43920) to work on /usr/local/python/3.10.13/lib/python3.10/site-packages/airflow/example_dags/example_trigger_target_dag.py
[2024-04-22T06:14:34.020+0000] {processor.py:743} INFO - Processing file /usr/local/python/3.10.13/lib/python3.10/site-packages/airflow/example_dags/example_trigger_target_dag.py for tasks to queue
[2024-04-22T06:14:34.021+0000] {logging_mixin.py:137} INFO - [2024-04-22T06:14:34.021+0000] {dagbag.py:538} INFO - Filling up the DagBag from /usr/local/python/3.10.13/lib/python3.10/site-packages/airflow/example_dags/example_trigger_target_dag.py
[2024-04-22T06:14:34.042+0000] {processor.py:753} INFO - DAG(s) dict_keys(['example_trigger_target_dag']) retrieved from /usr/local/python/3.10.13/lib/python3.10/site-packages/airflow/example_dags/example_trigger_target_dag.py
[2024-04-22T06:14:34.056+0000] {logging_mixin.py:137} INFO - [2024-04-22T06:14:34.056+0000] {dag.py:2690} INFO - Sync 1 DAGs
[2024-04-22T06:14:34.071+0000] {logging_mixin.py:137} INFO - [2024-04-22T06:14:34.071+0000] {dag.py:3437} INFO - Setting next_dagrun for example_trigger_target_dag to None, run_after=None
[2024-04-22T06:14:34.125+0000] {processor.py:175} INFO - Processing /usr/local/python/3.10.13/lib/python3.10/site-packages/airflow/example_dags/example_trigger_target_dag.py took 0.107 seconds
[2024-04-22T06:15:12.328+0000] {processor.py:153} INFO - Started process (PID=44190) to work on /usr/local/python/3.10.13/lib/python3.10/site-packages/airflow/example_dags/example_trigger_target_dag.py
[2024-04-22T06:15:12.329+0000] {processor.py:743} INFO - Processing file /usr/local/python/3.10.13/lib/python3.10/site-packages/airflow/example_dags/example_trigger_target_dag.py for tasks to queue
[2024-04-22T06:15:12.329+0000] {logging_mixin.py:137} INFO - [2024-04-22T06:15:12.329+0000] {dagbag.py:538} INFO - Filling up the DagBag from /usr/local/python/3.10.13/lib/python3.10/site-packages/airflow/example_dags/example_trigger_target_dag.py
[2024-04-22T06:15:12.349+0000] {processor.py:753} INFO - DAG(s) dict_keys(['example_trigger_target_dag']) retrieved from /usr/local/python/3.10.13/lib/python3.10/site-packages/airflow/example_dags/example_trigger_target_dag.py
[2024-04-22T06:15:12.363+0000] {logging_mixin.py:137} INFO - [2024-04-22T06:15:12.363+0000] {dag.py:2690} INFO - Sync 1 DAGs
[2024-04-22T06:15:12.378+0000] {logging_mixin.py:137} INFO - [2024-04-22T06:15:12.378+0000] {dag.py:3437} INFO - Setting next_dagrun for example_trigger_target_dag to None, run_after=None
[2024-04-22T06:15:12.424+0000] {processor.py:175} INFO - Processing /usr/local/python/3.10.13/lib/python3.10/site-packages/airflow/example_dags/example_trigger_target_dag.py took 0.098 seconds
[2024-04-22T06:15:54.126+0000] {processor.py:153} INFO - Started process (PID=44470) to work on /usr/local/python/3.10.13/lib/python3.10/site-packages/airflow/example_dags/example_trigger_target_dag.py
[2024-04-22T06:15:54.127+0000] {processor.py:743} INFO - Processing file /usr/local/python/3.10.13/lib/python3.10/site-packages/airflow/example_dags/example_trigger_target_dag.py for tasks to queue
[2024-04-22T06:15:54.128+0000] {logging_mixin.py:137} INFO - [2024-04-22T06:15:54.128+0000] {dagbag.py:538} INFO - Filling up the DagBag from /usr/local/python/3.10.13/lib/python3.10/site-packages/airflow/example_dags/example_trigger_target_dag.py
[2024-04-22T06:15:54.151+0000] {processor.py:753} INFO - DAG(s) dict_keys(['example_trigger_target_dag']) retrieved from /usr/local/python/3.10.13/lib/python3.10/site-packages/airflow/example_dags/example_trigger_target_dag.py
[2024-04-22T06:15:54.165+0000] {logging_mixin.py:137} INFO - [2024-04-22T06:15:54.165+0000] {dag.py:2690} INFO - Sync 1 DAGs
[2024-04-22T06:15:54.180+0000] {logging_mixin.py:137} INFO - [2024-04-22T06:15:54.180+0000] {dag.py:3437} INFO - Setting next_dagrun for example_trigger_target_dag to None, run_after=None
[2024-04-22T06:15:54.227+0000] {processor.py:175} INFO - Processing /usr/local/python/3.10.13/lib/python3.10/site-packages/airflow/example_dags/example_trigger_target_dag.py took 0.103 seconds
[2024-04-22T06:16:35.766+0000] {processor.py:153} INFO - Started process (PID=44748) to work on /usr/local/python/3.10.13/lib/python3.10/site-packages/airflow/example_dags/example_trigger_target_dag.py
[2024-04-22T06:16:35.767+0000] {processor.py:743} INFO - Processing file /usr/local/python/3.10.13/lib/python3.10/site-packages/airflow/example_dags/example_trigger_target_dag.py for tasks to queue
[2024-04-22T06:16:35.767+0000] {logging_mixin.py:137} INFO - [2024-04-22T06:16:35.767+0000] {dagbag.py:538} INFO - Filling up the DagBag from /usr/local/python/3.10.13/lib/python3.10/site-packages/airflow/example_dags/example_trigger_target_dag.py
[2024-04-22T06:16:35.787+0000] {processor.py:753} INFO - DAG(s) dict_keys(['example_trigger_target_dag']) retrieved from /usr/local/python/3.10.13/lib/python3.10/site-packages/airflow/example_dags/example_trigger_target_dag.py
[2024-04-22T06:16:35.801+0000] {logging_mixin.py:137} INFO - [2024-04-22T06:16:35.801+0000] {dag.py:2690} INFO - Sync 1 DAGs
[2024-04-22T06:16:35.816+0000] {logging_mixin.py:137} INFO - [2024-04-22T06:16:35.816+0000] {dag.py:3437} INFO - Setting next_dagrun for example_trigger_target_dag to None, run_after=None
[2024-04-22T06:16:35.864+0000] {processor.py:175} INFO - Processing /usr/local/python/3.10.13/lib/python3.10/site-packages/airflow/example_dags/example_trigger_target_dag.py took 0.100 seconds
[2024-04-22T06:17:15.279+0000] {processor.py:153} INFO - Started process (PID=45025) to work on /usr/local/python/3.10.13/lib/python3.10/site-packages/airflow/example_dags/example_trigger_target_dag.py
[2024-04-22T06:17:15.279+0000] {processor.py:743} INFO - Processing file /usr/local/python/3.10.13/lib/python3.10/site-packages/airflow/example_dags/example_trigger_target_dag.py for tasks to queue
[2024-04-22T06:17:15.280+0000] {logging_mixin.py:137} INFO - [2024-04-22T06:17:15.280+0000] {dagbag.py:538} INFO - Filling up the DagBag from /usr/local/python/3.10.13/lib/python3.10/site-packages/airflow/example_dags/example_trigger_target_dag.py
[2024-04-22T06:17:15.300+0000] {processor.py:753} INFO - DAG(s) dict_keys(['example_trigger_target_dag']) retrieved from /usr/local/python/3.10.13/lib/python3.10/site-packages/airflow/example_dags/example_trigger_target_dag.py
[2024-04-22T06:17:15.314+0000] {logging_mixin.py:137} INFO - [2024-04-22T06:17:15.314+0000] {dag.py:2690} INFO - Sync 1 DAGs
[2024-04-22T06:17:15.329+0000] {logging_mixin.py:137} INFO - [2024-04-22T06:17:15.329+0000] {dag.py:3437} INFO - Setting next_dagrun for example_trigger_target_dag to None, run_after=None
[2024-04-22T06:17:15.374+0000] {processor.py:175} INFO - Processing /usr/local/python/3.10.13/lib/python3.10/site-packages/airflow/example_dags/example_trigger_target_dag.py took 0.097 seconds
[2024-04-22T06:17:57.072+0000] {processor.py:153} INFO - Started process (PID=45356) to work on /usr/local/python/3.10.13/lib/python3.10/site-packages/airflow/example_dags/example_trigger_target_dag.py
[2024-04-22T06:17:57.073+0000] {processor.py:743} INFO - Processing file /usr/local/python/3.10.13/lib/python3.10/site-packages/airflow/example_dags/example_trigger_target_dag.py for tasks to queue
[2024-04-22T06:17:57.073+0000] {logging_mixin.py:137} INFO - [2024-04-22T06:17:57.073+0000] {dagbag.py:538} INFO - Filling up the DagBag from /usr/local/python/3.10.13/lib/python3.10/site-packages/airflow/example_dags/example_trigger_target_dag.py
[2024-04-22T06:17:57.092+0000] {processor.py:753} INFO - DAG(s) dict_keys(['example_trigger_target_dag']) retrieved from /usr/local/python/3.10.13/lib/python3.10/site-packages/airflow/example_dags/example_trigger_target_dag.py
[2024-04-22T06:17:57.106+0000] {logging_mixin.py:137} INFO - [2024-04-22T06:17:57.106+0000] {dag.py:2690} INFO - Sync 1 DAGs
[2024-04-22T06:17:57.121+0000] {logging_mixin.py:137} INFO - [2024-04-22T06:17:57.121+0000] {dag.py:3437} INFO - Setting next_dagrun for example_trigger_target_dag to None, run_after=None
[2024-04-22T06:17:57.167+0000] {processor.py:175} INFO - Processing /usr/local/python/3.10.13/lib/python3.10/site-packages/airflow/example_dags/example_trigger_target_dag.py took 0.097 seconds
[2024-04-22T06:18:38.822+0000] {processor.py:153} INFO - Started process (PID=45669) to work on /usr/local/python/3.10.13/lib/python3.10/site-packages/airflow/example_dags/example_trigger_target_dag.py
[2024-04-22T06:18:38.823+0000] {processor.py:743} INFO - Processing file /usr/local/python/3.10.13/lib/python3.10/site-packages/airflow/example_dags/example_trigger_target_dag.py for tasks to queue
[2024-04-22T06:18:38.823+0000] {logging_mixin.py:137} INFO - [2024-04-22T06:18:38.823+0000] {dagbag.py:538} INFO - Filling up the DagBag from /usr/local/python/3.10.13/lib/python3.10/site-packages/airflow/example_dags/example_trigger_target_dag.py
[2024-04-22T06:18:38.843+0000] {processor.py:753} INFO - DAG(s) dict_keys(['example_trigger_target_dag']) retrieved from /usr/local/python/3.10.13/lib/python3.10/site-packages/airflow/example_dags/example_trigger_target_dag.py
[2024-04-22T06:18:38.857+0000] {logging_mixin.py:137} INFO - [2024-04-22T06:18:38.857+0000] {dag.py:2690} INFO - Sync 1 DAGs
[2024-04-22T06:18:38.872+0000] {logging_mixin.py:137} INFO - [2024-04-22T06:18:38.872+0000] {dag.py:3437} INFO - Setting next_dagrun for example_trigger_target_dag to None, run_after=None
[2024-04-22T06:18:38.922+0000] {processor.py:175} INFO - Processing /usr/local/python/3.10.13/lib/python3.10/site-packages/airflow/example_dags/example_trigger_target_dag.py took 0.102 seconds
[2024-04-22T06:19:21.693+0000] {processor.py:153} INFO - Started process (PID=45959) to work on /usr/local/python/3.10.13/lib/python3.10/site-packages/airflow/example_dags/example_trigger_target_dag.py
[2024-04-22T06:19:21.693+0000] {processor.py:743} INFO - Processing file /usr/local/python/3.10.13/lib/python3.10/site-packages/airflow/example_dags/example_trigger_target_dag.py for tasks to queue
[2024-04-22T06:19:21.694+0000] {logging_mixin.py:137} INFO - [2024-04-22T06:19:21.694+0000] {dagbag.py:538} INFO - Filling up the DagBag from /usr/local/python/3.10.13/lib/python3.10/site-packages/airflow/example_dags/example_trigger_target_dag.py
[2024-04-22T06:19:21.714+0000] {processor.py:753} INFO - DAG(s) dict_keys(['example_trigger_target_dag']) retrieved from /usr/local/python/3.10.13/lib/python3.10/site-packages/airflow/example_dags/example_trigger_target_dag.py
[2024-04-22T06:19:21.728+0000] {logging_mixin.py:137} INFO - [2024-04-22T06:19:21.728+0000] {dag.py:2690} INFO - Sync 1 DAGs
[2024-04-22T06:19:21.743+0000] {logging_mixin.py:137} INFO - [2024-04-22T06:19:21.742+0000] {dag.py:3437} INFO - Setting next_dagrun for example_trigger_target_dag to None, run_after=None
[2024-04-22T06:19:21.807+0000] {processor.py:175} INFO - Processing /usr/local/python/3.10.13/lib/python3.10/site-packages/airflow/example_dags/example_trigger_target_dag.py took 0.117 seconds
[2024-04-22T06:20:03.441+0000] {processor.py:153} INFO - Started process (PID=46240) to work on /usr/local/python/3.10.13/lib/python3.10/site-packages/airflow/example_dags/example_trigger_target_dag.py
[2024-04-22T06:20:03.442+0000] {processor.py:743} INFO - Processing file /usr/local/python/3.10.13/lib/python3.10/site-packages/airflow/example_dags/example_trigger_target_dag.py for tasks to queue
[2024-04-22T06:20:03.443+0000] {logging_mixin.py:137} INFO - [2024-04-22T06:20:03.442+0000] {dagbag.py:538} INFO - Filling up the DagBag from /usr/local/python/3.10.13/lib/python3.10/site-packages/airflow/example_dags/example_trigger_target_dag.py
[2024-04-22T06:20:03.462+0000] {processor.py:753} INFO - DAG(s) dict_keys(['example_trigger_target_dag']) retrieved from /usr/local/python/3.10.13/lib/python3.10/site-packages/airflow/example_dags/example_trigger_target_dag.py
[2024-04-22T06:20:03.476+0000] {logging_mixin.py:137} INFO - [2024-04-22T06:20:03.476+0000] {dag.py:2690} INFO - Sync 1 DAGs
[2024-04-22T06:20:03.492+0000] {logging_mixin.py:137} INFO - [2024-04-22T06:20:03.492+0000] {dag.py:3437} INFO - Setting next_dagrun for example_trigger_target_dag to None, run_after=None
[2024-04-22T06:20:03.628+0000] {processor.py:175} INFO - Processing /usr/local/python/3.10.13/lib/python3.10/site-packages/airflow/example_dags/example_trigger_target_dag.py took 0.189 seconds
[2024-04-22T06:20:50.707+0000] {processor.py:153} INFO - Started process (PID=46550) to work on /usr/local/python/3.10.13/lib/python3.10/site-packages/airflow/example_dags/example_trigger_target_dag.py
[2024-04-22T06:20:50.707+0000] {processor.py:743} INFO - Processing file /usr/local/python/3.10.13/lib/python3.10/site-packages/airflow/example_dags/example_trigger_target_dag.py for tasks to queue
[2024-04-22T06:20:50.708+0000] {logging_mixin.py:137} INFO - [2024-04-22T06:20:50.708+0000] {dagbag.py:538} INFO - Filling up the DagBag from /usr/local/python/3.10.13/lib/python3.10/site-packages/airflow/example_dags/example_trigger_target_dag.py
[2024-04-22T06:20:50.728+0000] {processor.py:753} INFO - DAG(s) dict_keys(['example_trigger_target_dag']) retrieved from /usr/local/python/3.10.13/lib/python3.10/site-packages/airflow/example_dags/example_trigger_target_dag.py
[2024-04-22T06:20:50.742+0000] {logging_mixin.py:137} INFO - [2024-04-22T06:20:50.742+0000] {dag.py:2690} INFO - Sync 1 DAGs
[2024-04-22T06:20:50.897+0000] {logging_mixin.py:137} INFO - [2024-04-22T06:20:50.896+0000] {dag.py:3437} INFO - Setting next_dagrun for example_trigger_target_dag to None, run_after=None
[2024-04-22T06:20:50.947+0000] {processor.py:175} INFO - Processing /usr/local/python/3.10.13/lib/python3.10/site-packages/airflow/example_dags/example_trigger_target_dag.py took 0.243 seconds
[2024-04-22T06:21:35.425+0000] {processor.py:153} INFO - Started process (PID=46864) to work on /usr/local/python/3.10.13/lib/python3.10/site-packages/airflow/example_dags/example_trigger_target_dag.py
[2024-04-22T06:21:35.426+0000] {processor.py:743} INFO - Processing file /usr/local/python/3.10.13/lib/python3.10/site-packages/airflow/example_dags/example_trigger_target_dag.py for tasks to queue
[2024-04-22T06:21:35.426+0000] {logging_mixin.py:137} INFO - [2024-04-22T06:21:35.426+0000] {dagbag.py:538} INFO - Filling up the DagBag from /usr/local/python/3.10.13/lib/python3.10/site-packages/airflow/example_dags/example_trigger_target_dag.py
[2024-04-22T06:21:35.445+0000] {processor.py:753} INFO - DAG(s) dict_keys(['example_trigger_target_dag']) retrieved from /usr/local/python/3.10.13/lib/python3.10/site-packages/airflow/example_dags/example_trigger_target_dag.py
[2024-04-22T06:21:35.459+0000] {logging_mixin.py:137} INFO - [2024-04-22T06:21:35.459+0000] {dag.py:2690} INFO - Sync 1 DAGs
[2024-04-22T06:21:35.564+0000] {logging_mixin.py:137} INFO - [2024-04-22T06:21:35.564+0000] {dag.py:3437} INFO - Setting next_dagrun for example_trigger_target_dag to None, run_after=None
[2024-04-22T06:21:35.622+0000] {processor.py:175} INFO - Processing /usr/local/python/3.10.13/lib/python3.10/site-packages/airflow/example_dags/example_trigger_target_dag.py took 0.201 seconds
[2024-04-22T06:22:15.002+0000] {processor.py:153} INFO - Started process (PID=47169) to work on /usr/local/python/3.10.13/lib/python3.10/site-packages/airflow/example_dags/example_trigger_target_dag.py
[2024-04-22T06:22:15.002+0000] {processor.py:743} INFO - Processing file /usr/local/python/3.10.13/lib/python3.10/site-packages/airflow/example_dags/example_trigger_target_dag.py for tasks to queue
[2024-04-22T06:22:15.003+0000] {logging_mixin.py:137} INFO - [2024-04-22T06:22:15.003+0000] {dagbag.py:538} INFO - Filling up the DagBag from /usr/local/python/3.10.13/lib/python3.10/site-packages/airflow/example_dags/example_trigger_target_dag.py
[2024-04-22T06:22:15.023+0000] {processor.py:753} INFO - DAG(s) dict_keys(['example_trigger_target_dag']) retrieved from /usr/local/python/3.10.13/lib/python3.10/site-packages/airflow/example_dags/example_trigger_target_dag.py
[2024-04-22T06:22:15.131+0000] {logging_mixin.py:137} INFO - [2024-04-22T06:22:15.131+0000] {dag.py:2690} INFO - Sync 1 DAGs
[2024-04-22T06:22:15.147+0000] {logging_mixin.py:137} INFO - [2024-04-22T06:22:15.147+0000] {dag.py:3437} INFO - Setting next_dagrun for example_trigger_target_dag to None, run_after=None
[2024-04-22T06:22:15.195+0000] {processor.py:175} INFO - Processing /usr/local/python/3.10.13/lib/python3.10/site-packages/airflow/example_dags/example_trigger_target_dag.py took 0.195 seconds
[2024-04-22T06:22:58.187+0000] {processor.py:153} INFO - Started process (PID=47543) to work on /usr/local/python/3.10.13/lib/python3.10/site-packages/airflow/example_dags/example_trigger_target_dag.py
[2024-04-22T06:22:58.188+0000] {processor.py:743} INFO - Processing file /usr/local/python/3.10.13/lib/python3.10/site-packages/airflow/example_dags/example_trigger_target_dag.py for tasks to queue
[2024-04-22T06:22:58.189+0000] {logging_mixin.py:137} INFO - [2024-04-22T06:22:58.188+0000] {dagbag.py:538} INFO - Filling up the DagBag from /usr/local/python/3.10.13/lib/python3.10/site-packages/airflow/example_dags/example_trigger_target_dag.py
[2024-04-22T06:22:58.209+0000] {processor.py:753} INFO - DAG(s) dict_keys(['example_trigger_target_dag']) retrieved from /usr/local/python/3.10.13/lib/python3.10/site-packages/airflow/example_dags/example_trigger_target_dag.py
[2024-04-22T06:22:58.312+0000] {logging_mixin.py:137} INFO - [2024-04-22T06:22:58.312+0000] {dag.py:2690} INFO - Sync 1 DAGs
[2024-04-22T06:22:58.326+0000] {logging_mixin.py:137} INFO - [2024-04-22T06:22:58.326+0000] {dag.py:3437} INFO - Setting next_dagrun for example_trigger_target_dag to None, run_after=None
[2024-04-22T06:22:58.371+0000] {processor.py:175} INFO - Processing /usr/local/python/3.10.13/lib/python3.10/site-packages/airflow/example_dags/example_trigger_target_dag.py took 0.186 seconds
[2024-04-22T06:23:42.063+0000] {processor.py:153} INFO - Started process (PID=47965) to work on /usr/local/python/3.10.13/lib/python3.10/site-packages/airflow/example_dags/example_trigger_target_dag.py
[2024-04-22T06:23:42.064+0000] {processor.py:743} INFO - Processing file /usr/local/python/3.10.13/lib/python3.10/site-packages/airflow/example_dags/example_trigger_target_dag.py for tasks to queue
[2024-04-22T06:23:42.064+0000] {logging_mixin.py:137} INFO - [2024-04-22T06:23:42.064+0000] {dagbag.py:538} INFO - Filling up the DagBag from /usr/local/python/3.10.13/lib/python3.10/site-packages/airflow/example_dags/example_trigger_target_dag.py
[2024-04-22T06:23:42.174+0000] {processor.py:753} INFO - DAG(s) dict_keys(['example_trigger_target_dag']) retrieved from /usr/local/python/3.10.13/lib/python3.10/site-packages/airflow/example_dags/example_trigger_target_dag.py
[2024-04-22T06:23:42.186+0000] {logging_mixin.py:137} INFO - [2024-04-22T06:23:42.186+0000] {dag.py:2690} INFO - Sync 1 DAGs
[2024-04-22T06:23:42.199+0000] {logging_mixin.py:137} INFO - [2024-04-22T06:23:42.199+0000] {dag.py:3437} INFO - Setting next_dagrun for example_trigger_target_dag to None, run_after=None
[2024-04-22T06:23:42.244+0000] {processor.py:175} INFO - Processing /usr/local/python/3.10.13/lib/python3.10/site-packages/airflow/example_dags/example_trigger_target_dag.py took 0.183 seconds
[2024-04-22T06:24:24.281+0000] {processor.py:153} INFO - Started process (PID=48419) to work on /usr/local/python/3.10.13/lib/python3.10/site-packages/airflow/example_dags/example_trigger_target_dag.py
[2024-04-22T06:24:24.282+0000] {processor.py:743} INFO - Processing file /usr/local/python/3.10.13/lib/python3.10/site-packages/airflow/example_dags/example_trigger_target_dag.py for tasks to queue
[2024-04-22T06:24:24.283+0000] {logging_mixin.py:137} INFO - [2024-04-22T06:24:24.282+0000] {dagbag.py:538} INFO - Filling up the DagBag from /usr/local/python/3.10.13/lib/python3.10/site-packages/airflow/example_dags/example_trigger_target_dag.py
[2024-04-22T06:24:24.395+0000] {processor.py:753} INFO - DAG(s) dict_keys(['example_trigger_target_dag']) retrieved from /usr/local/python/3.10.13/lib/python3.10/site-packages/airflow/example_dags/example_trigger_target_dag.py
[2024-04-22T06:24:24.407+0000] {logging_mixin.py:137} INFO - [2024-04-22T06:24:24.407+0000] {dag.py:2690} INFO - Sync 1 DAGs
[2024-04-22T06:24:24.421+0000] {logging_mixin.py:137} INFO - [2024-04-22T06:24:24.421+0000] {dag.py:3437} INFO - Setting next_dagrun for example_trigger_target_dag to None, run_after=None
[2024-04-22T06:24:24.470+0000] {processor.py:175} INFO - Processing /usr/local/python/3.10.13/lib/python3.10/site-packages/airflow/example_dags/example_trigger_target_dag.py took 0.190 seconds
[2024-04-22T06:25:06.586+0000] {processor.py:153} INFO - Started process (PID=48894) to work on /usr/local/python/3.10.13/lib/python3.10/site-packages/airflow/example_dags/example_trigger_target_dag.py
[2024-04-22T06:25:06.587+0000] {processor.py:743} INFO - Processing file /usr/local/python/3.10.13/lib/python3.10/site-packages/airflow/example_dags/example_trigger_target_dag.py for tasks to queue
[2024-04-22T06:25:06.587+0000] {logging_mixin.py:137} INFO - [2024-04-22T06:25:06.587+0000] {dagbag.py:538} INFO - Filling up the DagBag from /usr/local/python/3.10.13/lib/python3.10/site-packages/airflow/example_dags/example_trigger_target_dag.py
[2024-04-22T06:25:06.703+0000] {processor.py:753} INFO - DAG(s) dict_keys(['example_trigger_target_dag']) retrieved from /usr/local/python/3.10.13/lib/python3.10/site-packages/airflow/example_dags/example_trigger_target_dag.py
[2024-04-22T06:25:06.714+0000] {logging_mixin.py:137} INFO - [2024-04-22T06:25:06.714+0000] {dag.py:2690} INFO - Sync 1 DAGs
[2024-04-22T06:25:06.729+0000] {logging_mixin.py:137} INFO - [2024-04-22T06:25:06.728+0000] {dag.py:3437} INFO - Setting next_dagrun for example_trigger_target_dag to None, run_after=None
[2024-04-22T06:25:06.777+0000] {processor.py:175} INFO - Processing /usr/local/python/3.10.13/lib/python3.10/site-packages/airflow/example_dags/example_trigger_target_dag.py took 0.193 seconds
[2024-04-22T06:25:46.197+0000] {processor.py:153} INFO - Started process (PID=49309) to work on /usr/local/python/3.10.13/lib/python3.10/site-packages/airflow/example_dags/example_trigger_target_dag.py
[2024-04-22T06:25:46.198+0000] {processor.py:743} INFO - Processing file /usr/local/python/3.10.13/lib/python3.10/site-packages/airflow/example_dags/example_trigger_target_dag.py for tasks to queue
[2024-04-22T06:25:46.198+0000] {logging_mixin.py:137} INFO - [2024-04-22T06:25:46.198+0000] {dagbag.py:538} INFO - Filling up the DagBag from /usr/local/python/3.10.13/lib/python3.10/site-packages/airflow/example_dags/example_trigger_target_dag.py
[2024-04-22T06:25:46.231+0000] {processor.py:753} INFO - DAG(s) dict_keys(['example_trigger_target_dag']) retrieved from /usr/local/python/3.10.13/lib/python3.10/site-packages/airflow/example_dags/example_trigger_target_dag.py
[2024-04-22T06:25:46.253+0000] {logging_mixin.py:137} INFO - [2024-04-22T06:25:46.253+0000] {dag.py:2690} INFO - Sync 1 DAGs
[2024-04-22T06:25:46.275+0000] {logging_mixin.py:137} INFO - [2024-04-22T06:25:46.275+0000] {dag.py:3437} INFO - Setting next_dagrun for example_trigger_target_dag to None, run_after=None
[2024-04-22T06:25:46.325+0000] {processor.py:175} INFO - Processing /usr/local/python/3.10.13/lib/python3.10/site-packages/airflow/example_dags/example_trigger_target_dag.py took 0.131 seconds
[2024-04-22T06:26:25.441+0000] {processor.py:153} INFO - Started process (PID=49660) to work on /usr/local/python/3.10.13/lib/python3.10/site-packages/airflow/example_dags/example_trigger_target_dag.py
[2024-04-22T06:26:25.441+0000] {processor.py:743} INFO - Processing file /usr/local/python/3.10.13/lib/python3.10/site-packages/airflow/example_dags/example_trigger_target_dag.py for tasks to queue
[2024-04-22T06:26:25.442+0000] {logging_mixin.py:137} INFO - [2024-04-22T06:26:25.442+0000] {dagbag.py:538} INFO - Filling up the DagBag from /usr/local/python/3.10.13/lib/python3.10/site-packages/airflow/example_dags/example_trigger_target_dag.py
[2024-04-22T06:26:25.461+0000] {processor.py:753} INFO - DAG(s) dict_keys(['example_trigger_target_dag']) retrieved from /usr/local/python/3.10.13/lib/python3.10/site-packages/airflow/example_dags/example_trigger_target_dag.py
[2024-04-22T06:26:25.476+0000] {logging_mixin.py:137} INFO - [2024-04-22T06:26:25.476+0000] {dag.py:2690} INFO - Sync 1 DAGs
[2024-04-22T06:26:25.491+0000] {logging_mixin.py:137} INFO - [2024-04-22T06:26:25.491+0000] {dag.py:3437} INFO - Setting next_dagrun for example_trigger_target_dag to None, run_after=None
[2024-04-22T06:26:25.540+0000] {processor.py:175} INFO - Processing /usr/local/python/3.10.13/lib/python3.10/site-packages/airflow/example_dags/example_trigger_target_dag.py took 0.101 seconds
[2024-04-22T06:27:08.340+0000] {processor.py:153} INFO - Started process (PID=50105) to work on /usr/local/python/3.10.13/lib/python3.10/site-packages/airflow/example_dags/example_trigger_target_dag.py
[2024-04-22T06:27:08.341+0000] {processor.py:743} INFO - Processing file /usr/local/python/3.10.13/lib/python3.10/site-packages/airflow/example_dags/example_trigger_target_dag.py for tasks to queue
[2024-04-22T06:27:08.341+0000] {logging_mixin.py:137} INFO - [2024-04-22T06:27:08.341+0000] {dagbag.py:538} INFO - Filling up the DagBag from /usr/local/python/3.10.13/lib/python3.10/site-packages/airflow/example_dags/example_trigger_target_dag.py
[2024-04-22T06:27:08.361+0000] {processor.py:753} INFO - DAG(s) dict_keys(['example_trigger_target_dag']) retrieved from /usr/local/python/3.10.13/lib/python3.10/site-packages/airflow/example_dags/example_trigger_target_dag.py
[2024-04-22T06:27:08.378+0000] {logging_mixin.py:137} INFO - [2024-04-22T06:27:08.378+0000] {dag.py:2690} INFO - Sync 1 DAGs
[2024-04-22T06:27:08.400+0000] {logging_mixin.py:137} INFO - [2024-04-22T06:27:08.400+0000] {dag.py:3437} INFO - Setting next_dagrun for example_trigger_target_dag to None, run_after=None
[2024-04-22T06:27:08.448+0000] {processor.py:175} INFO - Processing /usr/local/python/3.10.13/lib/python3.10/site-packages/airflow/example_dags/example_trigger_target_dag.py took 0.110 seconds
[2024-04-22T06:27:49.062+0000] {processor.py:153} INFO - Started process (PID=50429) to work on /usr/local/python/3.10.13/lib/python3.10/site-packages/airflow/example_dags/example_trigger_target_dag.py
[2024-04-22T06:27:49.062+0000] {processor.py:743} INFO - Processing file /usr/local/python/3.10.13/lib/python3.10/site-packages/airflow/example_dags/example_trigger_target_dag.py for tasks to queue
[2024-04-22T06:27:49.063+0000] {logging_mixin.py:137} INFO - [2024-04-22T06:27:49.063+0000] {dagbag.py:538} INFO - Filling up the DagBag from /usr/local/python/3.10.13/lib/python3.10/site-packages/airflow/example_dags/example_trigger_target_dag.py
[2024-04-22T06:27:49.083+0000] {processor.py:753} INFO - DAG(s) dict_keys(['example_trigger_target_dag']) retrieved from /usr/local/python/3.10.13/lib/python3.10/site-packages/airflow/example_dags/example_trigger_target_dag.py
[2024-04-22T06:27:49.096+0000] {logging_mixin.py:137} INFO - [2024-04-22T06:27:49.096+0000] {dag.py:2690} INFO - Sync 1 DAGs
[2024-04-22T06:27:49.111+0000] {logging_mixin.py:137} INFO - [2024-04-22T06:27:49.111+0000] {dag.py:3437} INFO - Setting next_dagrun for example_trigger_target_dag to None, run_after=None
[2024-04-22T06:27:49.161+0000] {processor.py:175} INFO - Processing /usr/local/python/3.10.13/lib/python3.10/site-packages/airflow/example_dags/example_trigger_target_dag.py took 0.103 seconds
