[2024-04-22T06:13:19.409+0000] {processor.py:153} INFO - Started process (PID=43425) to work on /usr/local/python/3.10.13/lib/python3.10/site-packages/airflow/example_dags/example_nested_branch_dag.py
[2024-04-22T06:13:19.410+0000] {processor.py:743} INFO - Processing file /usr/local/python/3.10.13/lib/python3.10/site-packages/airflow/example_dags/example_nested_branch_dag.py for tasks to queue
[2024-04-22T06:13:19.410+0000] {logging_mixin.py:137} INFO - [2024-04-22T06:13:19.410+0000] {dagbag.py:538} INFO - Filling up the DagBag from /usr/local/python/3.10.13/lib/python3.10/site-packages/airflow/example_dags/example_nested_branch_dag.py
[2024-04-22T06:13:19.432+0000] {processor.py:753} INFO - DAG(s) dict_keys(['example_nested_branch_dag']) retrieved from /usr/local/python/3.10.13/lib/python3.10/site-packages/airflow/example_dags/example_nested_branch_dag.py
[2024-04-22T06:13:19.583+0000] {logging_mixin.py:137} INFO - [2024-04-22T06:13:19.583+0000] {manager.py:504} INFO - Created Permission View: can delete on DAG:example_nested_branch_dag
[2024-04-22T06:13:19.620+0000] {logging_mixin.py:137} INFO - [2024-04-22T06:13:19.620+0000] {manager.py:504} INFO - Created Permission View: can edit on DAG:example_nested_branch_dag
[2024-04-22T06:13:19.656+0000] {logging_mixin.py:137} INFO - [2024-04-22T06:13:19.656+0000] {manager.py:504} INFO - Created Permission View: can read on DAG:example_nested_branch_dag
[2024-04-22T06:13:19.657+0000] {logging_mixin.py:137} INFO - [2024-04-22T06:13:19.657+0000] {dag.py:2690} INFO - Sync 1 DAGs
[2024-04-22T06:13:19.665+0000] {logging_mixin.py:137} INFO - [2024-04-22T06:13:19.665+0000] {dag.py:2711} INFO - Creating ORM DAG for example_nested_branch_dag
[2024-04-22T06:13:19.675+0000] {logging_mixin.py:137} INFO - [2024-04-22T06:13:19.674+0000] {dag.py:3437} INFO - Setting next_dagrun for example_nested_branch_dag to 2024-04-21T00:00:00+00:00, run_after=2024-04-22T00:00:00+00:00
[2024-04-22T06:13:19.727+0000] {processor.py:175} INFO - Processing /usr/local/python/3.10.13/lib/python3.10/site-packages/airflow/example_dags/example_nested_branch_dag.py took 0.320 seconds
[2024-04-22T06:14:04.023+0000] {processor.py:153} INFO - Started process (PID=43735) to work on /usr/local/python/3.10.13/lib/python3.10/site-packages/airflow/example_dags/example_nested_branch_dag.py
[2024-04-22T06:14:04.024+0000] {processor.py:743} INFO - Processing file /usr/local/python/3.10.13/lib/python3.10/site-packages/airflow/example_dags/example_nested_branch_dag.py for tasks to queue
[2024-04-22T06:14:04.025+0000] {logging_mixin.py:137} INFO - [2024-04-22T06:14:04.024+0000] {dagbag.py:538} INFO - Filling up the DagBag from /usr/local/python/3.10.13/lib/python3.10/site-packages/airflow/example_dags/example_nested_branch_dag.py
[2024-04-22T06:14:04.048+0000] {processor.py:753} INFO - DAG(s) dict_keys(['example_nested_branch_dag']) retrieved from /usr/local/python/3.10.13/lib/python3.10/site-packages/airflow/example_dags/example_nested_branch_dag.py
[2024-04-22T06:14:04.063+0000] {logging_mixin.py:137} INFO - [2024-04-22T06:14:04.063+0000] {dag.py:2690} INFO - Sync 1 DAGs
[2024-04-22T06:14:04.080+0000] {logging_mixin.py:137} INFO - [2024-04-22T06:14:04.080+0000] {dag.py:3437} INFO - Setting next_dagrun for example_nested_branch_dag to 2024-04-21T00:00:00+00:00, run_after=2024-04-22T00:00:00+00:00
[2024-04-22T06:14:04.132+0000] {processor.py:175} INFO - Processing /usr/local/python/3.10.13/lib/python3.10/site-packages/airflow/example_dags/example_nested_branch_dag.py took 0.111 seconds
[2024-04-22T06:14:44.947+0000] {processor.py:153} INFO - Started process (PID=44012) to work on /usr/local/python/3.10.13/lib/python3.10/site-packages/airflow/example_dags/example_nested_branch_dag.py
[2024-04-22T06:14:44.947+0000] {processor.py:743} INFO - Processing file /usr/local/python/3.10.13/lib/python3.10/site-packages/airflow/example_dags/example_nested_branch_dag.py for tasks to queue
[2024-04-22T06:14:44.948+0000] {logging_mixin.py:137} INFO - [2024-04-22T06:14:44.948+0000] {dagbag.py:538} INFO - Filling up the DagBag from /usr/local/python/3.10.13/lib/python3.10/site-packages/airflow/example_dags/example_nested_branch_dag.py
[2024-04-22T06:14:44.970+0000] {processor.py:753} INFO - DAG(s) dict_keys(['example_nested_branch_dag']) retrieved from /usr/local/python/3.10.13/lib/python3.10/site-packages/airflow/example_dags/example_nested_branch_dag.py
[2024-04-22T06:14:44.985+0000] {logging_mixin.py:137} INFO - [2024-04-22T06:14:44.985+0000] {dag.py:2690} INFO - Sync 1 DAGs
[2024-04-22T06:14:45.002+0000] {logging_mixin.py:137} INFO - [2024-04-22T06:14:45.002+0000] {dag.py:3437} INFO - Setting next_dagrun for example_nested_branch_dag to 2024-04-21T00:00:00+00:00, run_after=2024-04-22T00:00:00+00:00
[2024-04-22T06:14:45.050+0000] {processor.py:175} INFO - Processing /usr/local/python/3.10.13/lib/python3.10/site-packages/airflow/example_dags/example_nested_branch_dag.py took 0.107 seconds
[2024-04-22T06:15:24.107+0000] {processor.py:153} INFO - Started process (PID=44261) to work on /usr/local/python/3.10.13/lib/python3.10/site-packages/airflow/example_dags/example_nested_branch_dag.py
[2024-04-22T06:15:24.108+0000] {processor.py:743} INFO - Processing file /usr/local/python/3.10.13/lib/python3.10/site-packages/airflow/example_dags/example_nested_branch_dag.py for tasks to queue
[2024-04-22T06:15:24.108+0000] {logging_mixin.py:137} INFO - [2024-04-22T06:15:24.108+0000] {dagbag.py:538} INFO - Filling up the DagBag from /usr/local/python/3.10.13/lib/python3.10/site-packages/airflow/example_dags/example_nested_branch_dag.py
[2024-04-22T06:15:24.131+0000] {processor.py:753} INFO - DAG(s) dict_keys(['example_nested_branch_dag']) retrieved from /usr/local/python/3.10.13/lib/python3.10/site-packages/airflow/example_dags/example_nested_branch_dag.py
[2024-04-22T06:15:24.145+0000] {logging_mixin.py:137} INFO - [2024-04-22T06:15:24.145+0000] {dag.py:2690} INFO - Sync 1 DAGs
[2024-04-22T06:15:24.161+0000] {logging_mixin.py:137} INFO - [2024-04-22T06:15:24.161+0000] {dag.py:3437} INFO - Setting next_dagrun for example_nested_branch_dag to 2024-04-21T00:00:00+00:00, run_after=2024-04-22T00:00:00+00:00
[2024-04-22T06:15:24.209+0000] {processor.py:175} INFO - Processing /usr/local/python/3.10.13/lib/python3.10/site-packages/airflow/example_dags/example_nested_branch_dag.py took 0.104 seconds
[2024-04-22T06:16:05.675+0000] {processor.py:153} INFO - Started process (PID=44541) to work on /usr/local/python/3.10.13/lib/python3.10/site-packages/airflow/example_dags/example_nested_branch_dag.py
[2024-04-22T06:16:05.676+0000] {processor.py:743} INFO - Processing file /usr/local/python/3.10.13/lib/python3.10/site-packages/airflow/example_dags/example_nested_branch_dag.py for tasks to queue
[2024-04-22T06:16:05.677+0000] {logging_mixin.py:137} INFO - [2024-04-22T06:16:05.677+0000] {dagbag.py:538} INFO - Filling up the DagBag from /usr/local/python/3.10.13/lib/python3.10/site-packages/airflow/example_dags/example_nested_branch_dag.py
[2024-04-22T06:16:05.700+0000] {processor.py:753} INFO - DAG(s) dict_keys(['example_nested_branch_dag']) retrieved from /usr/local/python/3.10.13/lib/python3.10/site-packages/airflow/example_dags/example_nested_branch_dag.py
[2024-04-22T06:16:05.714+0000] {logging_mixin.py:137} INFO - [2024-04-22T06:16:05.714+0000] {dag.py:2690} INFO - Sync 1 DAGs
[2024-04-22T06:16:05.731+0000] {logging_mixin.py:137} INFO - [2024-04-22T06:16:05.731+0000] {dag.py:3437} INFO - Setting next_dagrun for example_nested_branch_dag to 2024-04-21T00:00:00+00:00, run_after=2024-04-22T00:00:00+00:00
[2024-04-22T06:16:05.776+0000] {processor.py:175} INFO - Processing /usr/local/python/3.10.13/lib/python3.10/site-packages/airflow/example_dags/example_nested_branch_dag.py took 0.105 seconds
[2024-04-22T06:16:47.557+0000] {processor.py:153} INFO - Started process (PID=44847) to work on /usr/local/python/3.10.13/lib/python3.10/site-packages/airflow/example_dags/example_nested_branch_dag.py
[2024-04-22T06:16:47.557+0000] {processor.py:743} INFO - Processing file /usr/local/python/3.10.13/lib/python3.10/site-packages/airflow/example_dags/example_nested_branch_dag.py for tasks to queue
[2024-04-22T06:16:47.559+0000] {logging_mixin.py:137} INFO - [2024-04-22T06:16:47.559+0000] {dagbag.py:538} INFO - Filling up the DagBag from /usr/local/python/3.10.13/lib/python3.10/site-packages/airflow/example_dags/example_nested_branch_dag.py
[2024-04-22T06:16:47.596+0000] {processor.py:753} INFO - DAG(s) dict_keys(['example_nested_branch_dag']) retrieved from /usr/local/python/3.10.13/lib/python3.10/site-packages/airflow/example_dags/example_nested_branch_dag.py
[2024-04-22T06:16:47.618+0000] {logging_mixin.py:137} INFO - [2024-04-22T06:16:47.617+0000] {dag.py:2690} INFO - Sync 1 DAGs
[2024-04-22T06:16:47.644+0000] {logging_mixin.py:137} INFO - [2024-04-22T06:16:47.644+0000] {dag.py:3437} INFO - Setting next_dagrun for example_nested_branch_dag to 2024-04-21T00:00:00+00:00, run_after=2024-04-22T00:00:00+00:00
[2024-04-22T06:16:47.691+0000] {processor.py:175} INFO - Processing /usr/local/python/3.10.13/lib/python3.10/site-packages/airflow/example_dags/example_nested_branch_dag.py took 0.139 seconds
[2024-04-22T06:17:29.476+0000] {processor.py:153} INFO - Started process (PID=45129) to work on /usr/local/python/3.10.13/lib/python3.10/site-packages/airflow/example_dags/example_nested_branch_dag.py
[2024-04-22T06:17:29.477+0000] {processor.py:743} INFO - Processing file /usr/local/python/3.10.13/lib/python3.10/site-packages/airflow/example_dags/example_nested_branch_dag.py for tasks to queue
[2024-04-22T06:17:29.478+0000] {logging_mixin.py:137} INFO - [2024-04-22T06:17:29.478+0000] {dagbag.py:538} INFO - Filling up the DagBag from /usr/local/python/3.10.13/lib/python3.10/site-packages/airflow/example_dags/example_nested_branch_dag.py
[2024-04-22T06:17:29.500+0000] {processor.py:753} INFO - DAG(s) dict_keys(['example_nested_branch_dag']) retrieved from /usr/local/python/3.10.13/lib/python3.10/site-packages/airflow/example_dags/example_nested_branch_dag.py
[2024-04-22T06:17:29.516+0000] {logging_mixin.py:137} INFO - [2024-04-22T06:17:29.516+0000] {dag.py:2690} INFO - Sync 1 DAGs
[2024-04-22T06:17:29.533+0000] {logging_mixin.py:137} INFO - [2024-04-22T06:17:29.532+0000] {dag.py:3437} INFO - Setting next_dagrun for example_nested_branch_dag to 2024-04-21T00:00:00+00:00, run_after=2024-04-22T00:00:00+00:00
[2024-04-22T06:17:29.579+0000] {processor.py:175} INFO - Processing /usr/local/python/3.10.13/lib/python3.10/site-packages/airflow/example_dags/example_nested_branch_dag.py took 0.105 seconds
[2024-04-22T06:18:09.822+0000] {processor.py:153} INFO - Started process (PID=45468) to work on /usr/local/python/3.10.13/lib/python3.10/site-packages/airflow/example_dags/example_nested_branch_dag.py
[2024-04-22T06:18:09.823+0000] {processor.py:743} INFO - Processing file /usr/local/python/3.10.13/lib/python3.10/site-packages/airflow/example_dags/example_nested_branch_dag.py for tasks to queue
[2024-04-22T06:18:09.824+0000] {logging_mixin.py:137} INFO - [2024-04-22T06:18:09.824+0000] {dagbag.py:538} INFO - Filling up the DagBag from /usr/local/python/3.10.13/lib/python3.10/site-packages/airflow/example_dags/example_nested_branch_dag.py
[2024-04-22T06:18:09.846+0000] {processor.py:753} INFO - DAG(s) dict_keys(['example_nested_branch_dag']) retrieved from /usr/local/python/3.10.13/lib/python3.10/site-packages/airflow/example_dags/example_nested_branch_dag.py
[2024-04-22T06:18:09.861+0000] {logging_mixin.py:137} INFO - [2024-04-22T06:18:09.861+0000] {dag.py:2690} INFO - Sync 1 DAGs
[2024-04-22T06:18:09.877+0000] {logging_mixin.py:137} INFO - [2024-04-22T06:18:09.877+0000] {dag.py:3437} INFO - Setting next_dagrun for example_nested_branch_dag to 2024-04-21T00:00:00+00:00, run_after=2024-04-22T00:00:00+00:00
[2024-04-22T06:18:09.922+0000] {processor.py:175} INFO - Processing /usr/local/python/3.10.13/lib/python3.10/site-packages/airflow/example_dags/example_nested_branch_dag.py took 0.102 seconds
[2024-04-22T06:18:51.626+0000] {processor.py:153} INFO - Started process (PID=45747) to work on /usr/local/python/3.10.13/lib/python3.10/site-packages/airflow/example_dags/example_nested_branch_dag.py
[2024-04-22T06:18:51.626+0000] {processor.py:743} INFO - Processing file /usr/local/python/3.10.13/lib/python3.10/site-packages/airflow/example_dags/example_nested_branch_dag.py for tasks to queue
[2024-04-22T06:18:51.627+0000] {logging_mixin.py:137} INFO - [2024-04-22T06:18:51.627+0000] {dagbag.py:538} INFO - Filling up the DagBag from /usr/local/python/3.10.13/lib/python3.10/site-packages/airflow/example_dags/example_nested_branch_dag.py
[2024-04-22T06:18:51.649+0000] {processor.py:753} INFO - DAG(s) dict_keys(['example_nested_branch_dag']) retrieved from /usr/local/python/3.10.13/lib/python3.10/site-packages/airflow/example_dags/example_nested_branch_dag.py
[2024-04-22T06:18:51.664+0000] {logging_mixin.py:137} INFO - [2024-04-22T06:18:51.663+0000] {dag.py:2690} INFO - Sync 1 DAGs
[2024-04-22T06:18:51.679+0000] {logging_mixin.py:137} INFO - [2024-04-22T06:18:51.679+0000] {dag.py:3437} INFO - Setting next_dagrun for example_nested_branch_dag to 2024-04-21T00:00:00+00:00, run_after=2024-04-22T00:00:00+00:00
[2024-04-22T06:18:51.726+0000] {processor.py:175} INFO - Processing /usr/local/python/3.10.13/lib/python3.10/site-packages/airflow/example_dags/example_nested_branch_dag.py took 0.103 seconds
[2024-04-22T06:19:33.513+0000] {processor.py:153} INFO - Started process (PID=46031) to work on /usr/local/python/3.10.13/lib/python3.10/site-packages/airflow/example_dags/example_nested_branch_dag.py
[2024-04-22T06:19:33.513+0000] {processor.py:743} INFO - Processing file /usr/local/python/3.10.13/lib/python3.10/site-packages/airflow/example_dags/example_nested_branch_dag.py for tasks to queue
[2024-04-22T06:19:33.514+0000] {logging_mixin.py:137} INFO - [2024-04-22T06:19:33.514+0000] {dagbag.py:538} INFO - Filling up the DagBag from /usr/local/python/3.10.13/lib/python3.10/site-packages/airflow/example_dags/example_nested_branch_dag.py
[2024-04-22T06:19:33.536+0000] {processor.py:753} INFO - DAG(s) dict_keys(['example_nested_branch_dag']) retrieved from /usr/local/python/3.10.13/lib/python3.10/site-packages/airflow/example_dags/example_nested_branch_dag.py
[2024-04-22T06:19:33.550+0000] {logging_mixin.py:137} INFO - [2024-04-22T06:19:33.550+0000] {dag.py:2690} INFO - Sync 1 DAGs
[2024-04-22T06:19:33.566+0000] {logging_mixin.py:137} INFO - [2024-04-22T06:19:33.566+0000] {dag.py:3437} INFO - Setting next_dagrun for example_nested_branch_dag to 2024-04-21T00:00:00+00:00, run_after=2024-04-22T00:00:00+00:00
[2024-04-22T06:19:33.613+0000] {processor.py:175} INFO - Processing /usr/local/python/3.10.13/lib/python3.10/site-packages/airflow/example_dags/example_nested_branch_dag.py took 0.103 seconds
[2024-04-22T06:20:17.080+0000] {processor.py:153} INFO - Started process (PID=46324) to work on /usr/local/python/3.10.13/lib/python3.10/site-packages/airflow/example_dags/example_nested_branch_dag.py
[2024-04-22T06:20:17.081+0000] {processor.py:743} INFO - Processing file /usr/local/python/3.10.13/lib/python3.10/site-packages/airflow/example_dags/example_nested_branch_dag.py for tasks to queue
[2024-04-22T06:20:17.082+0000] {logging_mixin.py:137} INFO - [2024-04-22T06:20:17.082+0000] {dagbag.py:538} INFO - Filling up the DagBag from /usr/local/python/3.10.13/lib/python3.10/site-packages/airflow/example_dags/example_nested_branch_dag.py
[2024-04-22T06:20:17.104+0000] {processor.py:753} INFO - DAG(s) dict_keys(['example_nested_branch_dag']) retrieved from /usr/local/python/3.10.13/lib/python3.10/site-packages/airflow/example_dags/example_nested_branch_dag.py
[2024-04-22T06:20:17.118+0000] {logging_mixin.py:137} INFO - [2024-04-22T06:20:17.118+0000] {dag.py:2690} INFO - Sync 1 DAGs
[2024-04-22T06:20:17.135+0000] {logging_mixin.py:137} INFO - [2024-04-22T06:20:17.135+0000] {dag.py:3437} INFO - Setting next_dagrun for example_nested_branch_dag to 2024-04-21T00:00:00+00:00, run_after=2024-04-22T00:00:00+00:00
[2024-04-22T06:20:17.293+0000] {processor.py:175} INFO - Processing /usr/local/python/3.10.13/lib/python3.10/site-packages/airflow/example_dags/example_nested_branch_dag.py took 0.215 seconds
[2024-04-22T06:21:06.530+0000] {processor.py:153} INFO - Started process (PID=46662) to work on /usr/local/python/3.10.13/lib/python3.10/site-packages/airflow/example_dags/example_nested_branch_dag.py
[2024-04-22T06:21:06.530+0000] {processor.py:743} INFO - Processing file /usr/local/python/3.10.13/lib/python3.10/site-packages/airflow/example_dags/example_nested_branch_dag.py for tasks to queue
[2024-04-22T06:21:06.531+0000] {logging_mixin.py:137} INFO - [2024-04-22T06:21:06.531+0000] {dagbag.py:538} INFO - Filling up the DagBag from /usr/local/python/3.10.13/lib/python3.10/site-packages/airflow/example_dags/example_nested_branch_dag.py
[2024-04-22T06:21:06.552+0000] {processor.py:753} INFO - DAG(s) dict_keys(['example_nested_branch_dag']) retrieved from /usr/local/python/3.10.13/lib/python3.10/site-packages/airflow/example_dags/example_nested_branch_dag.py
[2024-04-22T06:21:06.566+0000] {logging_mixin.py:137} INFO - [2024-04-22T06:21:06.566+0000] {dag.py:2690} INFO - Sync 1 DAGs
[2024-04-22T06:21:06.677+0000] {logging_mixin.py:137} INFO - [2024-04-22T06:21:06.677+0000] {dag.py:3437} INFO - Setting next_dagrun for example_nested_branch_dag to 2024-04-21T00:00:00+00:00, run_after=2024-04-22T00:00:00+00:00
[2024-04-22T06:21:06.724+0000] {processor.py:175} INFO - Processing /usr/local/python/3.10.13/lib/python3.10/site-packages/airflow/example_dags/example_nested_branch_dag.py took 0.196 seconds
[2024-04-22T06:21:51.918+0000] {processor.py:153} INFO - Started process (PID=46972) to work on /usr/local/python/3.10.13/lib/python3.10/site-packages/airflow/example_dags/example_nested_branch_dag.py
[2024-04-22T06:21:51.919+0000] {processor.py:743} INFO - Processing file /usr/local/python/3.10.13/lib/python3.10/site-packages/airflow/example_dags/example_nested_branch_dag.py for tasks to queue
[2024-04-22T06:21:51.920+0000] {logging_mixin.py:137} INFO - [2024-04-22T06:21:51.920+0000] {dagbag.py:538} INFO - Filling up the DagBag from /usr/local/python/3.10.13/lib/python3.10/site-packages/airflow/example_dags/example_nested_branch_dag.py
[2024-04-22T06:21:51.957+0000] {processor.py:753} INFO - DAG(s) dict_keys(['example_nested_branch_dag']) retrieved from /usr/local/python/3.10.13/lib/python3.10/site-packages/airflow/example_dags/example_nested_branch_dag.py
[2024-04-22T06:21:51.972+0000] {logging_mixin.py:137} INFO - [2024-04-22T06:21:51.972+0000] {dag.py:2690} INFO - Sync 1 DAGs
[2024-04-22T06:21:52.114+0000] {logging_mixin.py:137} INFO - [2024-04-22T06:21:52.114+0000] {dag.py:3437} INFO - Setting next_dagrun for example_nested_branch_dag to 2024-04-21T00:00:00+00:00, run_after=2024-04-22T00:00:00+00:00
[2024-04-22T06:21:52.162+0000] {processor.py:175} INFO - Processing /usr/local/python/3.10.13/lib/python3.10/site-packages/airflow/example_dags/example_nested_branch_dag.py took 0.247 seconds
[2024-04-22T06:22:34.476+0000] {processor.py:153} INFO - Started process (PID=47353) to work on /usr/local/python/3.10.13/lib/python3.10/site-packages/airflow/example_dags/example_nested_branch_dag.py
[2024-04-22T06:22:34.477+0000] {processor.py:743} INFO - Processing file /usr/local/python/3.10.13/lib/python3.10/site-packages/airflow/example_dags/example_nested_branch_dag.py for tasks to queue
[2024-04-22T06:22:34.477+0000] {logging_mixin.py:137} INFO - [2024-04-22T06:22:34.477+0000] {dagbag.py:538} INFO - Filling up the DagBag from /usr/local/python/3.10.13/lib/python3.10/site-packages/airflow/example_dags/example_nested_branch_dag.py
[2024-04-22T06:22:34.499+0000] {processor.py:753} INFO - DAG(s) dict_keys(['example_nested_branch_dag']) retrieved from /usr/local/python/3.10.13/lib/python3.10/site-packages/airflow/example_dags/example_nested_branch_dag.py
[2024-04-22T06:22:34.602+0000] {logging_mixin.py:137} INFO - [2024-04-22T06:22:34.602+0000] {dag.py:2690} INFO - Sync 1 DAGs
[2024-04-22T06:22:34.617+0000] {logging_mixin.py:137} INFO - [2024-04-22T06:22:34.617+0000] {dag.py:3437} INFO - Setting next_dagrun for example_nested_branch_dag to 2024-04-21T00:00:00+00:00, run_after=2024-04-22T00:00:00+00:00
[2024-04-22T06:22:34.665+0000] {processor.py:175} INFO - Processing /usr/local/python/3.10.13/lib/python3.10/site-packages/airflow/example_dags/example_nested_branch_dag.py took 0.191 seconds
[2024-04-22T06:23:17.754+0000] {processor.py:153} INFO - Started process (PID=47694) to work on /usr/local/python/3.10.13/lib/python3.10/site-packages/airflow/example_dags/example_nested_branch_dag.py
[2024-04-22T06:23:17.755+0000] {processor.py:743} INFO - Processing file /usr/local/python/3.10.13/lib/python3.10/site-packages/airflow/example_dags/example_nested_branch_dag.py for tasks to queue
[2024-04-22T06:23:17.755+0000] {logging_mixin.py:137} INFO - [2024-04-22T06:23:17.755+0000] {dagbag.py:538} INFO - Filling up the DagBag from /usr/local/python/3.10.13/lib/python3.10/site-packages/airflow/example_dags/example_nested_branch_dag.py
[2024-04-22T06:23:17.785+0000] {processor.py:753} INFO - DAG(s) dict_keys(['example_nested_branch_dag']) retrieved from /usr/local/python/3.10.13/lib/python3.10/site-packages/airflow/example_dags/example_nested_branch_dag.py
[2024-04-22T06:23:17.893+0000] {logging_mixin.py:137} INFO - [2024-04-22T06:23:17.893+0000] {dag.py:2690} INFO - Sync 1 DAGs
[2024-04-22T06:23:17.908+0000] {logging_mixin.py:137} INFO - [2024-04-22T06:23:17.907+0000] {dag.py:3437} INFO - Setting next_dagrun for example_nested_branch_dag to 2024-04-21T00:00:00+00:00, run_after=2024-04-22T00:00:00+00:00
[2024-04-22T06:23:17.959+0000] {processor.py:175} INFO - Processing /usr/local/python/3.10.13/lib/python3.10/site-packages/airflow/example_dags/example_nested_branch_dag.py took 0.207 seconds
[2024-04-22T06:24:01.163+0000] {processor.py:153} INFO - Started process (PID=48157) to work on /usr/local/python/3.10.13/lib/python3.10/site-packages/airflow/example_dags/example_nested_branch_dag.py
[2024-04-22T06:24:01.165+0000] {processor.py:743} INFO - Processing file /usr/local/python/3.10.13/lib/python3.10/site-packages/airflow/example_dags/example_nested_branch_dag.py for tasks to queue
[2024-04-22T06:24:01.165+0000] {logging_mixin.py:137} INFO - [2024-04-22T06:24:01.165+0000] {dagbag.py:538} INFO - Filling up the DagBag from /usr/local/python/3.10.13/lib/python3.10/site-packages/airflow/example_dags/example_nested_branch_dag.py
[2024-04-22T06:24:01.282+0000] {processor.py:753} INFO - DAG(s) dict_keys(['example_nested_branch_dag']) retrieved from /usr/local/python/3.10.13/lib/python3.10/site-packages/airflow/example_dags/example_nested_branch_dag.py
[2024-04-22T06:24:01.295+0000] {logging_mixin.py:137} INFO - [2024-04-22T06:24:01.294+0000] {dag.py:2690} INFO - Sync 1 DAGs
[2024-04-22T06:24:01.309+0000] {logging_mixin.py:137} INFO - [2024-04-22T06:24:01.309+0000] {dag.py:3437} INFO - Setting next_dagrun for example_nested_branch_dag to 2024-04-21T00:00:00+00:00, run_after=2024-04-22T00:00:00+00:00
[2024-04-22T06:24:01.356+0000] {processor.py:175} INFO - Processing /usr/local/python/3.10.13/lib/python3.10/site-packages/airflow/example_dags/example_nested_branch_dag.py took 0.195 seconds
[2024-04-22T06:24:43.451+0000] {processor.py:153} INFO - Started process (PID=48636) to work on /usr/local/python/3.10.13/lib/python3.10/site-packages/airflow/example_dags/example_nested_branch_dag.py
[2024-04-22T06:24:43.452+0000] {processor.py:743} INFO - Processing file /usr/local/python/3.10.13/lib/python3.10/site-packages/airflow/example_dags/example_nested_branch_dag.py for tasks to queue
[2024-04-22T06:24:43.453+0000] {logging_mixin.py:137} INFO - [2024-04-22T06:24:43.453+0000] {dagbag.py:538} INFO - Filling up the DagBag from /usr/local/python/3.10.13/lib/python3.10/site-packages/airflow/example_dags/example_nested_branch_dag.py
[2024-04-22T06:24:43.573+0000] {processor.py:753} INFO - DAG(s) dict_keys(['example_nested_branch_dag']) retrieved from /usr/local/python/3.10.13/lib/python3.10/site-packages/airflow/example_dags/example_nested_branch_dag.py
[2024-04-22T06:24:43.591+0000] {logging_mixin.py:137} INFO - [2024-04-22T06:24:43.591+0000] {dag.py:2690} INFO - Sync 1 DAGs
[2024-04-22T06:24:43.614+0000] {logging_mixin.py:137} INFO - [2024-04-22T06:24:43.614+0000] {dag.py:3437} INFO - Setting next_dagrun for example_nested_branch_dag to 2024-04-21T00:00:00+00:00, run_after=2024-04-22T00:00:00+00:00
[2024-04-22T06:24:43.673+0000] {processor.py:175} INFO - Processing /usr/local/python/3.10.13/lib/python3.10/site-packages/airflow/example_dags/example_nested_branch_dag.py took 0.225 seconds
[2024-04-22T06:25:26.097+0000] {processor.py:153} INFO - Started process (PID=49106) to work on /usr/local/python/3.10.13/lib/python3.10/site-packages/airflow/example_dags/example_nested_branch_dag.py
[2024-04-22T06:25:26.097+0000] {processor.py:743} INFO - Processing file /usr/local/python/3.10.13/lib/python3.10/site-packages/airflow/example_dags/example_nested_branch_dag.py for tasks to queue
[2024-04-22T06:25:26.098+0000] {logging_mixin.py:137} INFO - [2024-04-22T06:25:26.098+0000] {dagbag.py:538} INFO - Filling up the DagBag from /usr/local/python/3.10.13/lib/python3.10/site-packages/airflow/example_dags/example_nested_branch_dag.py
[2024-04-22T06:25:26.120+0000] {processor.py:753} INFO - DAG(s) dict_keys(['example_nested_branch_dag']) retrieved from /usr/local/python/3.10.13/lib/python3.10/site-packages/airflow/example_dags/example_nested_branch_dag.py
[2024-04-22T06:25:26.134+0000] {logging_mixin.py:137} INFO - [2024-04-22T06:25:26.134+0000] {dag.py:2690} INFO - Sync 1 DAGs
[2024-04-22T06:25:26.151+0000] {logging_mixin.py:137} INFO - [2024-04-22T06:25:26.151+0000] {dag.py:3437} INFO - Setting next_dagrun for example_nested_branch_dag to 2024-04-21T00:00:00+00:00, run_after=2024-04-22T00:00:00+00:00
[2024-04-22T06:25:26.199+0000] {processor.py:175} INFO - Processing /usr/local/python/3.10.13/lib/python3.10/site-packages/airflow/example_dags/example_nested_branch_dag.py took 0.105 seconds
[2024-04-22T06:26:10.338+0000] {processor.py:153} INFO - Started process (PID=49530) to work on /usr/local/python/3.10.13/lib/python3.10/site-packages/airflow/example_dags/example_nested_branch_dag.py
[2024-04-22T06:26:10.338+0000] {processor.py:743} INFO - Processing file /usr/local/python/3.10.13/lib/python3.10/site-packages/airflow/example_dags/example_nested_branch_dag.py for tasks to queue
[2024-04-22T06:26:10.339+0000] {logging_mixin.py:137} INFO - [2024-04-22T06:26:10.339+0000] {dagbag.py:538} INFO - Filling up the DagBag from /usr/local/python/3.10.13/lib/python3.10/site-packages/airflow/example_dags/example_nested_branch_dag.py
[2024-04-22T06:26:10.361+0000] {processor.py:753} INFO - DAG(s) dict_keys(['example_nested_branch_dag']) retrieved from /usr/local/python/3.10.13/lib/python3.10/site-packages/airflow/example_dags/example_nested_branch_dag.py
[2024-04-22T06:26:10.375+0000] {logging_mixin.py:137} INFO - [2024-04-22T06:26:10.375+0000] {dag.py:2690} INFO - Sync 1 DAGs
[2024-04-22T06:26:10.392+0000] {logging_mixin.py:137} INFO - [2024-04-22T06:26:10.392+0000] {dag.py:3437} INFO - Setting next_dagrun for example_nested_branch_dag to 2024-04-21T00:00:00+00:00, run_after=2024-04-22T00:00:00+00:00
[2024-04-22T06:26:10.440+0000] {processor.py:175} INFO - Processing /usr/local/python/3.10.13/lib/python3.10/site-packages/airflow/example_dags/example_nested_branch_dag.py took 0.104 seconds
[2024-04-22T06:26:48.718+0000] {processor.py:153} INFO - Started process (PID=49879) to work on /usr/local/python/3.10.13/lib/python3.10/site-packages/airflow/example_dags/example_nested_branch_dag.py
[2024-04-22T06:26:48.719+0000] {processor.py:743} INFO - Processing file /usr/local/python/3.10.13/lib/python3.10/site-packages/airflow/example_dags/example_nested_branch_dag.py for tasks to queue
[2024-04-22T06:26:48.719+0000] {logging_mixin.py:137} INFO - [2024-04-22T06:26:48.719+0000] {dagbag.py:538} INFO - Filling up the DagBag from /usr/local/python/3.10.13/lib/python3.10/site-packages/airflow/example_dags/example_nested_branch_dag.py
[2024-04-22T06:26:48.742+0000] {processor.py:753} INFO - DAG(s) dict_keys(['example_nested_branch_dag']) retrieved from /usr/local/python/3.10.13/lib/python3.10/site-packages/airflow/example_dags/example_nested_branch_dag.py
[2024-04-22T06:26:48.757+0000] {logging_mixin.py:137} INFO - [2024-04-22T06:26:48.756+0000] {dag.py:2690} INFO - Sync 1 DAGs
[2024-04-22T06:26:48.772+0000] {logging_mixin.py:137} INFO - [2024-04-22T06:26:48.772+0000] {dag.py:3437} INFO - Setting next_dagrun for example_nested_branch_dag to 2024-04-21T00:00:00+00:00, run_after=2024-04-22T00:00:00+00:00
[2024-04-22T06:26:48.821+0000] {processor.py:175} INFO - Processing /usr/local/python/3.10.13/lib/python3.10/site-packages/airflow/example_dags/example_nested_branch_dag.py took 0.105 seconds
[2024-04-22T06:27:30.598+0000] {processor.py:153} INFO - Started process (PID=50277) to work on /usr/local/python/3.10.13/lib/python3.10/site-packages/airflow/example_dags/example_nested_branch_dag.py
[2024-04-22T06:27:30.599+0000] {processor.py:743} INFO - Processing file /usr/local/python/3.10.13/lib/python3.10/site-packages/airflow/example_dags/example_nested_branch_dag.py for tasks to queue
[2024-04-22T06:27:30.599+0000] {logging_mixin.py:137} INFO - [2024-04-22T06:27:30.599+0000] {dagbag.py:538} INFO - Filling up the DagBag from /usr/local/python/3.10.13/lib/python3.10/site-packages/airflow/example_dags/example_nested_branch_dag.py
[2024-04-22T06:27:30.621+0000] {processor.py:753} INFO - DAG(s) dict_keys(['example_nested_branch_dag']) retrieved from /usr/local/python/3.10.13/lib/python3.10/site-packages/airflow/example_dags/example_nested_branch_dag.py
[2024-04-22T06:27:30.636+0000] {logging_mixin.py:137} INFO - [2024-04-22T06:27:30.636+0000] {dag.py:2690} INFO - Sync 1 DAGs
[2024-04-22T06:27:30.653+0000] {logging_mixin.py:137} INFO - [2024-04-22T06:27:30.653+0000] {dag.py:3437} INFO - Setting next_dagrun for example_nested_branch_dag to 2024-04-21T00:00:00+00:00, run_after=2024-04-22T00:00:00+00:00
[2024-04-22T06:27:30.700+0000] {processor.py:175} INFO - Processing /usr/local/python/3.10.13/lib/python3.10/site-packages/airflow/example_dags/example_nested_branch_dag.py took 0.104 seconds
