[2024-04-22T06:13:11.371+0000] {processor.py:153} INFO - Started process (PID=43369) to work on /usr/local/python/3.10.13/lib/python3.10/site-packages/airflow/example_dags/example_xcomargs.py
[2024-04-22T06:13:11.372+0000] {processor.py:743} INFO - Processing file /usr/local/python/3.10.13/lib/python3.10/site-packages/airflow/example_dags/example_xcomargs.py for tasks to queue
[2024-04-22T06:13:11.372+0000] {logging_mixin.py:137} INFO - [2024-04-22T06:13:11.372+0000] {dagbag.py:538} INFO - Filling up the DagBag from /usr/local/python/3.10.13/lib/python3.10/site-packages/airflow/example_dags/example_xcomargs.py
[2024-04-22T06:13:11.394+0000] {processor.py:753} INFO - DAG(s) dict_keys(['example_xcom_args', 'example_xcom_args_with_operators']) retrieved from /usr/local/python/3.10.13/lib/python3.10/site-packages/airflow/example_dags/example_xcomargs.py
[2024-04-22T06:13:11.539+0000] {logging_mixin.py:137} INFO - [2024-04-22T06:13:11.539+0000] {manager.py:504} INFO - Created Permission View: can delete on DAG:example_xcom_args
[2024-04-22T06:13:11.579+0000] {logging_mixin.py:137} INFO - [2024-04-22T06:13:11.579+0000] {manager.py:504} INFO - Created Permission View: can edit on DAG:example_xcom_args
[2024-04-22T06:13:11.615+0000] {logging_mixin.py:137} INFO - [2024-04-22T06:13:11.615+0000] {manager.py:504} INFO - Created Permission View: can read on DAG:example_xcom_args
[2024-04-22T06:13:11.696+0000] {logging_mixin.py:137} INFO - [2024-04-22T06:13:11.695+0000] {manager.py:504} INFO - Created Permission View: can delete on DAG:example_xcom_args_with_operators
[2024-04-22T06:13:11.732+0000] {logging_mixin.py:137} INFO - [2024-04-22T06:13:11.731+0000] {manager.py:504} INFO - Created Permission View: can edit on DAG:example_xcom_args_with_operators
[2024-04-22T06:13:11.767+0000] {logging_mixin.py:137} INFO - [2024-04-22T06:13:11.767+0000] {manager.py:504} INFO - Created Permission View: can read on DAG:example_xcom_args_with_operators
[2024-04-22T06:13:11.768+0000] {logging_mixin.py:137} INFO - [2024-04-22T06:13:11.767+0000] {dag.py:2690} INFO - Sync 2 DAGs
[2024-04-22T06:13:11.775+0000] {logging_mixin.py:137} INFO - [2024-04-22T06:13:11.775+0000] {dag.py:2711} INFO - Creating ORM DAG for example_xcom_args_with_operators
[2024-04-22T06:13:11.776+0000] {logging_mixin.py:137} INFO - [2024-04-22T06:13:11.776+0000] {dag.py:2711} INFO - Creating ORM DAG for example_xcom_args
[2024-04-22T06:13:11.782+0000] {logging_mixin.py:137} INFO - [2024-04-22T06:13:11.782+0000] {dag.py:3437} INFO - Setting next_dagrun for example_xcom_args to None, run_after=None
[2024-04-22T06:13:11.783+0000] {logging_mixin.py:137} INFO - [2024-04-22T06:13:11.783+0000] {dag.py:3437} INFO - Setting next_dagrun for example_xcom_args_with_operators to None, run_after=None
[2024-04-22T06:13:11.841+0000] {processor.py:175} INFO - Processing /usr/local/python/3.10.13/lib/python3.10/site-packages/airflow/example_dags/example_xcomargs.py took 0.472 seconds
[2024-04-22T06:13:57.656+0000] {processor.py:153} INFO - Started process (PID=43686) to work on /usr/local/python/3.10.13/lib/python3.10/site-packages/airflow/example_dags/example_xcomargs.py
[2024-04-22T06:13:57.657+0000] {processor.py:743} INFO - Processing file /usr/local/python/3.10.13/lib/python3.10/site-packages/airflow/example_dags/example_xcomargs.py for tasks to queue
[2024-04-22T06:13:57.657+0000] {logging_mixin.py:137} INFO - [2024-04-22T06:13:57.657+0000] {dagbag.py:538} INFO - Filling up the DagBag from /usr/local/python/3.10.13/lib/python3.10/site-packages/airflow/example_dags/example_xcomargs.py
[2024-04-22T06:13:57.699+0000] {processor.py:753} INFO - DAG(s) dict_keys(['example_xcom_args_with_operators', 'example_xcom_args']) retrieved from /usr/local/python/3.10.13/lib/python3.10/site-packages/airflow/example_dags/example_xcomargs.py
[2024-04-22T06:13:57.716+0000] {logging_mixin.py:137} INFO - [2024-04-22T06:13:57.716+0000] {dag.py:2690} INFO - Sync 2 DAGs
[2024-04-22T06:13:57.732+0000] {logging_mixin.py:137} INFO - [2024-04-22T06:13:57.732+0000] {dag.py:3437} INFO - Setting next_dagrun for example_xcom_args to None, run_after=None
[2024-04-22T06:13:57.735+0000] {logging_mixin.py:137} INFO - [2024-04-22T06:13:57.735+0000] {dag.py:3437} INFO - Setting next_dagrun for example_xcom_args_with_operators to None, run_after=None
[2024-04-22T06:13:57.781+0000] {processor.py:175} INFO - Processing /usr/local/python/3.10.13/lib/python3.10/site-packages/airflow/example_dags/example_xcomargs.py took 0.128 seconds
[2024-04-22T06:14:36.910+0000] {processor.py:153} INFO - Started process (PID=43948) to work on /usr/local/python/3.10.13/lib/python3.10/site-packages/airflow/example_dags/example_xcomargs.py
[2024-04-22T06:14:36.914+0000] {processor.py:743} INFO - Processing file /usr/local/python/3.10.13/lib/python3.10/site-packages/airflow/example_dags/example_xcomargs.py for tasks to queue
[2024-04-22T06:14:36.915+0000] {logging_mixin.py:137} INFO - [2024-04-22T06:14:36.915+0000] {dagbag.py:538} INFO - Filling up the DagBag from /usr/local/python/3.10.13/lib/python3.10/site-packages/airflow/example_dags/example_xcomargs.py
[2024-04-22T06:14:36.949+0000] {processor.py:753} INFO - DAG(s) dict_keys(['example_xcom_args', 'example_xcom_args_with_operators']) retrieved from /usr/local/python/3.10.13/lib/python3.10/site-packages/airflow/example_dags/example_xcomargs.py
[2024-04-22T06:14:36.972+0000] {logging_mixin.py:137} INFO - [2024-04-22T06:14:36.972+0000] {dag.py:2690} INFO - Sync 2 DAGs
[2024-04-22T06:14:36.994+0000] {logging_mixin.py:137} INFO - [2024-04-22T06:14:36.994+0000] {dag.py:3437} INFO - Setting next_dagrun for example_xcom_args to None, run_after=None
[2024-04-22T06:14:36.997+0000] {logging_mixin.py:137} INFO - [2024-04-22T06:14:36.997+0000] {dag.py:3437} INFO - Setting next_dagrun for example_xcom_args_with_operators to None, run_after=None
[2024-04-22T06:14:37.050+0000] {processor.py:175} INFO - Processing /usr/local/python/3.10.13/lib/python3.10/site-packages/airflow/example_dags/example_xcomargs.py took 0.142 seconds
[2024-04-22T06:15:16.327+0000] {processor.py:153} INFO - Started process (PID=44224) to work on /usr/local/python/3.10.13/lib/python3.10/site-packages/airflow/example_dags/example_xcomargs.py
[2024-04-22T06:15:16.328+0000] {processor.py:743} INFO - Processing file /usr/local/python/3.10.13/lib/python3.10/site-packages/airflow/example_dags/example_xcomargs.py for tasks to queue
[2024-04-22T06:15:16.329+0000] {logging_mixin.py:137} INFO - [2024-04-22T06:15:16.328+0000] {dagbag.py:538} INFO - Filling up the DagBag from /usr/local/python/3.10.13/lib/python3.10/site-packages/airflow/example_dags/example_xcomargs.py
[2024-04-22T06:15:16.358+0000] {processor.py:753} INFO - DAG(s) dict_keys(['example_xcom_args_with_operators', 'example_xcom_args']) retrieved from /usr/local/python/3.10.13/lib/python3.10/site-packages/airflow/example_dags/example_xcomargs.py
[2024-04-22T06:15:16.384+0000] {logging_mixin.py:137} INFO - [2024-04-22T06:15:16.383+0000] {dag.py:2690} INFO - Sync 2 DAGs
[2024-04-22T06:15:16.413+0000] {logging_mixin.py:137} INFO - [2024-04-22T06:15:16.413+0000] {dag.py:3437} INFO - Setting next_dagrun for example_xcom_args to None, run_after=None
[2024-04-22T06:15:16.418+0000] {logging_mixin.py:137} INFO - [2024-04-22T06:15:16.418+0000] {dag.py:3437} INFO - Setting next_dagrun for example_xcom_args_with_operators to None, run_after=None
[2024-04-22T06:15:16.481+0000] {processor.py:175} INFO - Processing /usr/local/python/3.10.13/lib/python3.10/site-packages/airflow/example_dags/example_xcomargs.py took 0.157 seconds
[2024-04-22T06:15:57.736+0000] {processor.py:153} INFO - Started process (PID=44497) to work on /usr/local/python/3.10.13/lib/python3.10/site-packages/airflow/example_dags/example_xcomargs.py
[2024-04-22T06:15:57.736+0000] {processor.py:743} INFO - Processing file /usr/local/python/3.10.13/lib/python3.10/site-packages/airflow/example_dags/example_xcomargs.py for tasks to queue
[2024-04-22T06:15:57.737+0000] {logging_mixin.py:137} INFO - [2024-04-22T06:15:57.737+0000] {dagbag.py:538} INFO - Filling up the DagBag from /usr/local/python/3.10.13/lib/python3.10/site-packages/airflow/example_dags/example_xcomargs.py
[2024-04-22T06:15:57.758+0000] {processor.py:753} INFO - DAG(s) dict_keys(['example_xcom_args', 'example_xcom_args_with_operators']) retrieved from /usr/local/python/3.10.13/lib/python3.10/site-packages/airflow/example_dags/example_xcomargs.py
[2024-04-22T06:15:57.775+0000] {logging_mixin.py:137} INFO - [2024-04-22T06:15:57.775+0000] {dag.py:2690} INFO - Sync 2 DAGs
[2024-04-22T06:15:57.790+0000] {logging_mixin.py:137} INFO - [2024-04-22T06:15:57.790+0000] {dag.py:3437} INFO - Setting next_dagrun for example_xcom_args to None, run_after=None
[2024-04-22T06:15:57.792+0000] {logging_mixin.py:137} INFO - [2024-04-22T06:15:57.792+0000] {dag.py:3437} INFO - Setting next_dagrun for example_xcom_args_with_operators to None, run_after=None
[2024-04-22T06:15:57.841+0000] {processor.py:175} INFO - Processing /usr/local/python/3.10.13/lib/python3.10/site-packages/airflow/example_dags/example_xcomargs.py took 0.108 seconds
[2024-04-22T06:16:38.530+0000] {processor.py:153} INFO - Started process (PID=44781) to work on /usr/local/python/3.10.13/lib/python3.10/site-packages/airflow/example_dags/example_xcomargs.py
[2024-04-22T06:16:38.531+0000] {processor.py:743} INFO - Processing file /usr/local/python/3.10.13/lib/python3.10/site-packages/airflow/example_dags/example_xcomargs.py for tasks to queue
[2024-04-22T06:16:38.531+0000] {logging_mixin.py:137} INFO - [2024-04-22T06:16:38.531+0000] {dagbag.py:538} INFO - Filling up the DagBag from /usr/local/python/3.10.13/lib/python3.10/site-packages/airflow/example_dags/example_xcomargs.py
[2024-04-22T06:16:38.553+0000] {processor.py:753} INFO - DAG(s) dict_keys(['example_xcom_args', 'example_xcom_args_with_operators']) retrieved from /usr/local/python/3.10.13/lib/python3.10/site-packages/airflow/example_dags/example_xcomargs.py
[2024-04-22T06:16:38.569+0000] {logging_mixin.py:137} INFO - [2024-04-22T06:16:38.569+0000] {dag.py:2690} INFO - Sync 2 DAGs
[2024-04-22T06:16:38.585+0000] {logging_mixin.py:137} INFO - [2024-04-22T06:16:38.585+0000] {dag.py:3437} INFO - Setting next_dagrun for example_xcom_args to None, run_after=None
[2024-04-22T06:16:38.587+0000] {logging_mixin.py:137} INFO - [2024-04-22T06:16:38.587+0000] {dag.py:3437} INFO - Setting next_dagrun for example_xcom_args_with_operators to None, run_after=None
[2024-04-22T06:16:38.633+0000] {processor.py:175} INFO - Processing /usr/local/python/3.10.13/lib/python3.10/site-packages/airflow/example_dags/example_xcomargs.py took 0.105 seconds
[2024-04-22T06:17:18.819+0000] {processor.py:153} INFO - Started process (PID=45059) to work on /usr/local/python/3.10.13/lib/python3.10/site-packages/airflow/example_dags/example_xcomargs.py
[2024-04-22T06:17:18.819+0000] {processor.py:743} INFO - Processing file /usr/local/python/3.10.13/lib/python3.10/site-packages/airflow/example_dags/example_xcomargs.py for tasks to queue
[2024-04-22T06:17:18.820+0000] {logging_mixin.py:137} INFO - [2024-04-22T06:17:18.820+0000] {dagbag.py:538} INFO - Filling up the DagBag from /usr/local/python/3.10.13/lib/python3.10/site-packages/airflow/example_dags/example_xcomargs.py
[2024-04-22T06:17:18.841+0000] {processor.py:753} INFO - DAG(s) dict_keys(['example_xcom_args', 'example_xcom_args_with_operators']) retrieved from /usr/local/python/3.10.13/lib/python3.10/site-packages/airflow/example_dags/example_xcomargs.py
[2024-04-22T06:17:18.858+0000] {logging_mixin.py:137} INFO - [2024-04-22T06:17:18.858+0000] {dag.py:2690} INFO - Sync 2 DAGs
[2024-04-22T06:17:18.872+0000] {logging_mixin.py:137} INFO - [2024-04-22T06:17:18.872+0000] {dag.py:3437} INFO - Setting next_dagrun for example_xcom_args to None, run_after=None
[2024-04-22T06:17:18.875+0000] {logging_mixin.py:137} INFO - [2024-04-22T06:17:18.874+0000] {dag.py:3437} INFO - Setting next_dagrun for example_xcom_args_with_operators to None, run_after=None
[2024-04-22T06:17:18.920+0000] {processor.py:175} INFO - Processing /usr/local/python/3.10.13/lib/python3.10/site-packages/airflow/example_dags/example_xcomargs.py took 0.103 seconds
[2024-04-22T06:18:00.554+0000] {processor.py:153} INFO - Started process (PID=45404) to work on /usr/local/python/3.10.13/lib/python3.10/site-packages/airflow/example_dags/example_xcomargs.py
[2024-04-22T06:18:00.554+0000] {processor.py:743} INFO - Processing file /usr/local/python/3.10.13/lib/python3.10/site-packages/airflow/example_dags/example_xcomargs.py for tasks to queue
[2024-04-22T06:18:00.555+0000] {logging_mixin.py:137} INFO - [2024-04-22T06:18:00.555+0000] {dagbag.py:538} INFO - Filling up the DagBag from /usr/local/python/3.10.13/lib/python3.10/site-packages/airflow/example_dags/example_xcomargs.py
[2024-04-22T06:18:00.576+0000] {processor.py:753} INFO - DAG(s) dict_keys(['example_xcom_args', 'example_xcom_args_with_operators']) retrieved from /usr/local/python/3.10.13/lib/python3.10/site-packages/airflow/example_dags/example_xcomargs.py
[2024-04-22T06:18:00.592+0000] {logging_mixin.py:137} INFO - [2024-04-22T06:18:00.592+0000] {dag.py:2690} INFO - Sync 2 DAGs
[2024-04-22T06:18:00.606+0000] {logging_mixin.py:137} INFO - [2024-04-22T06:18:00.606+0000] {dag.py:3437} INFO - Setting next_dagrun for example_xcom_args to None, run_after=None
[2024-04-22T06:18:00.609+0000] {logging_mixin.py:137} INFO - [2024-04-22T06:18:00.609+0000] {dag.py:3437} INFO - Setting next_dagrun for example_xcom_args_with_operators to None, run_after=None
[2024-04-22T06:18:00.656+0000] {processor.py:175} INFO - Processing /usr/local/python/3.10.13/lib/python3.10/site-packages/airflow/example_dags/example_xcomargs.py took 0.105 seconds
[2024-04-22T06:18:42.213+0000] {processor.py:153} INFO - Started process (PID=45690) to work on /usr/local/python/3.10.13/lib/python3.10/site-packages/airflow/example_dags/example_xcomargs.py
[2024-04-22T06:18:42.214+0000] {processor.py:743} INFO - Processing file /usr/local/python/3.10.13/lib/python3.10/site-packages/airflow/example_dags/example_xcomargs.py for tasks to queue
[2024-04-22T06:18:42.215+0000] {logging_mixin.py:137} INFO - [2024-04-22T06:18:42.215+0000] {dagbag.py:538} INFO - Filling up the DagBag from /usr/local/python/3.10.13/lib/python3.10/site-packages/airflow/example_dags/example_xcomargs.py
[2024-04-22T06:18:42.237+0000] {processor.py:753} INFO - DAG(s) dict_keys(['example_xcom_args_with_operators', 'example_xcom_args']) retrieved from /usr/local/python/3.10.13/lib/python3.10/site-packages/airflow/example_dags/example_xcomargs.py
[2024-04-22T06:18:42.252+0000] {logging_mixin.py:137} INFO - [2024-04-22T06:18:42.252+0000] {dag.py:2690} INFO - Sync 2 DAGs
[2024-04-22T06:18:42.267+0000] {logging_mixin.py:137} INFO - [2024-04-22T06:18:42.267+0000] {dag.py:3437} INFO - Setting next_dagrun for example_xcom_args to None, run_after=None
[2024-04-22T06:18:42.269+0000] {logging_mixin.py:137} INFO - [2024-04-22T06:18:42.269+0000] {dag.py:3437} INFO - Setting next_dagrun for example_xcom_args_with_operators to None, run_after=None
[2024-04-22T06:18:42.316+0000] {processor.py:175} INFO - Processing /usr/local/python/3.10.13/lib/python3.10/site-packages/airflow/example_dags/example_xcomargs.py took 0.104 seconds
[2024-04-22T06:19:24.346+0000] {processor.py:153} INFO - Started process (PID=45968) to work on /usr/local/python/3.10.13/lib/python3.10/site-packages/airflow/example_dags/example_xcomargs.py
[2024-04-22T06:19:24.347+0000] {processor.py:743} INFO - Processing file /usr/local/python/3.10.13/lib/python3.10/site-packages/airflow/example_dags/example_xcomargs.py for tasks to queue
[2024-04-22T06:19:24.347+0000] {logging_mixin.py:137} INFO - [2024-04-22T06:19:24.347+0000] {dagbag.py:538} INFO - Filling up the DagBag from /usr/local/python/3.10.13/lib/python3.10/site-packages/airflow/example_dags/example_xcomargs.py
[2024-04-22T06:19:24.368+0000] {processor.py:753} INFO - DAG(s) dict_keys(['example_xcom_args_with_operators', 'example_xcom_args']) retrieved from /usr/local/python/3.10.13/lib/python3.10/site-packages/airflow/example_dags/example_xcomargs.py
[2024-04-22T06:19:24.384+0000] {logging_mixin.py:137} INFO - [2024-04-22T06:19:24.384+0000] {dag.py:2690} INFO - Sync 2 DAGs
[2024-04-22T06:19:24.398+0000] {logging_mixin.py:137} INFO - [2024-04-22T06:19:24.398+0000] {dag.py:3437} INFO - Setting next_dagrun for example_xcom_args to None, run_after=None
[2024-04-22T06:19:24.401+0000] {logging_mixin.py:137} INFO - [2024-04-22T06:19:24.401+0000] {dag.py:3437} INFO - Setting next_dagrun for example_xcom_args_with_operators to None, run_after=None
[2024-04-22T06:19:24.446+0000] {processor.py:175} INFO - Processing /usr/local/python/3.10.13/lib/python3.10/site-packages/airflow/example_dags/example_xcomargs.py took 0.102 seconds
[2024-04-22T06:20:05.782+0000] {processor.py:153} INFO - Started process (PID=46253) to work on /usr/local/python/3.10.13/lib/python3.10/site-packages/airflow/example_dags/example_xcomargs.py
[2024-04-22T06:20:05.783+0000] {processor.py:743} INFO - Processing file /usr/local/python/3.10.13/lib/python3.10/site-packages/airflow/example_dags/example_xcomargs.py for tasks to queue
[2024-04-22T06:20:05.784+0000] {logging_mixin.py:137} INFO - [2024-04-22T06:20:05.784+0000] {dagbag.py:538} INFO - Filling up the DagBag from /usr/local/python/3.10.13/lib/python3.10/site-packages/airflow/example_dags/example_xcomargs.py
[2024-04-22T06:20:05.805+0000] {processor.py:753} INFO - DAG(s) dict_keys(['example_xcom_args_with_operators', 'example_xcom_args']) retrieved from /usr/local/python/3.10.13/lib/python3.10/site-packages/airflow/example_dags/example_xcomargs.py
[2024-04-22T06:20:05.821+0000] {logging_mixin.py:137} INFO - [2024-04-22T06:20:05.821+0000] {dag.py:2690} INFO - Sync 2 DAGs
[2024-04-22T06:20:05.837+0000] {logging_mixin.py:137} INFO - [2024-04-22T06:20:05.837+0000] {dag.py:3437} INFO - Setting next_dagrun for example_xcom_args to None, run_after=None
[2024-04-22T06:20:05.927+0000] {logging_mixin.py:137} INFO - [2024-04-22T06:20:05.927+0000] {dag.py:3437} INFO - Setting next_dagrun for example_xcom_args_with_operators to None, run_after=None
[2024-04-22T06:20:05.974+0000] {processor.py:175} INFO - Processing /usr/local/python/3.10.13/lib/python3.10/site-packages/airflow/example_dags/example_xcomargs.py took 0.194 seconds
[2024-04-22T06:20:54.150+0000] {processor.py:153} INFO - Started process (PID=46584) to work on /usr/local/python/3.10.13/lib/python3.10/site-packages/airflow/example_dags/example_xcomargs.py
[2024-04-22T06:20:54.151+0000] {processor.py:743} INFO - Processing file /usr/local/python/3.10.13/lib/python3.10/site-packages/airflow/example_dags/example_xcomargs.py for tasks to queue
[2024-04-22T06:20:54.151+0000] {logging_mixin.py:137} INFO - [2024-04-22T06:20:54.151+0000] {dagbag.py:538} INFO - Filling up the DagBag from /usr/local/python/3.10.13/lib/python3.10/site-packages/airflow/example_dags/example_xcomargs.py
[2024-04-22T06:20:54.172+0000] {processor.py:753} INFO - DAG(s) dict_keys(['example_xcom_args', 'example_xcom_args_with_operators']) retrieved from /usr/local/python/3.10.13/lib/python3.10/site-packages/airflow/example_dags/example_xcomargs.py
[2024-04-22T06:20:54.188+0000] {logging_mixin.py:137} INFO - [2024-04-22T06:20:54.188+0000] {dag.py:2690} INFO - Sync 2 DAGs
[2024-04-22T06:20:54.323+0000] {logging_mixin.py:137} INFO - [2024-04-22T06:20:54.323+0000] {dag.py:3437} INFO - Setting next_dagrun for example_xcom_args to None, run_after=None
[2024-04-22T06:20:54.326+0000] {logging_mixin.py:137} INFO - [2024-04-22T06:20:54.326+0000] {dag.py:3437} INFO - Setting next_dagrun for example_xcom_args_with_operators to None, run_after=None
[2024-04-22T06:20:54.385+0000] {processor.py:175} INFO - Processing /usr/local/python/3.10.13/lib/python3.10/site-packages/airflow/example_dags/example_xcomargs.py took 0.237 seconds
[2024-04-22T06:21:39.263+0000] {processor.py:153} INFO - Started process (PID=46879) to work on /usr/local/python/3.10.13/lib/python3.10/site-packages/airflow/example_dags/example_xcomargs.py
[2024-04-22T06:21:39.264+0000] {processor.py:743} INFO - Processing file /usr/local/python/3.10.13/lib/python3.10/site-packages/airflow/example_dags/example_xcomargs.py for tasks to queue
[2024-04-22T06:21:39.264+0000] {logging_mixin.py:137} INFO - [2024-04-22T06:21:39.264+0000] {dagbag.py:538} INFO - Filling up the DagBag from /usr/local/python/3.10.13/lib/python3.10/site-packages/airflow/example_dags/example_xcomargs.py
[2024-04-22T06:21:39.285+0000] {processor.py:753} INFO - DAG(s) dict_keys(['example_xcom_args', 'example_xcom_args_with_operators']) retrieved from /usr/local/python/3.10.13/lib/python3.10/site-packages/airflow/example_dags/example_xcomargs.py
[2024-04-22T06:21:39.301+0000] {logging_mixin.py:137} INFO - [2024-04-22T06:21:39.301+0000] {dag.py:2690} INFO - Sync 2 DAGs
[2024-04-22T06:21:39.408+0000] {logging_mixin.py:137} INFO - [2024-04-22T06:21:39.408+0000] {dag.py:3437} INFO - Setting next_dagrun for example_xcom_args to None, run_after=None
[2024-04-22T06:21:39.410+0000] {logging_mixin.py:137} INFO - [2024-04-22T06:21:39.410+0000] {dag.py:3437} INFO - Setting next_dagrun for example_xcom_args_with_operators to None, run_after=None
[2024-04-22T06:21:39.455+0000] {processor.py:175} INFO - Processing /usr/local/python/3.10.13/lib/python3.10/site-packages/airflow/example_dags/example_xcomargs.py took 0.194 seconds
[2024-04-22T06:22:18.861+0000] {processor.py:153} INFO - Started process (PID=47197) to work on /usr/local/python/3.10.13/lib/python3.10/site-packages/airflow/example_dags/example_xcomargs.py
[2024-04-22T06:22:18.862+0000] {processor.py:743} INFO - Processing file /usr/local/python/3.10.13/lib/python3.10/site-packages/airflow/example_dags/example_xcomargs.py for tasks to queue
[2024-04-22T06:22:18.862+0000] {logging_mixin.py:137} INFO - [2024-04-22T06:22:18.862+0000] {dagbag.py:538} INFO - Filling up the DagBag from /usr/local/python/3.10.13/lib/python3.10/site-packages/airflow/example_dags/example_xcomargs.py
[2024-04-22T06:22:18.884+0000] {processor.py:753} INFO - DAG(s) dict_keys(['example_xcom_args', 'example_xcom_args_with_operators']) retrieved from /usr/local/python/3.10.13/lib/python3.10/site-packages/airflow/example_dags/example_xcomargs.py
[2024-04-22T06:22:19.027+0000] {logging_mixin.py:137} INFO - [2024-04-22T06:22:19.027+0000] {dag.py:2690} INFO - Sync 2 DAGs
[2024-04-22T06:22:19.041+0000] {logging_mixin.py:137} INFO - [2024-04-22T06:22:19.041+0000] {dag.py:3437} INFO - Setting next_dagrun for example_xcom_args to None, run_after=None
[2024-04-22T06:22:19.043+0000] {logging_mixin.py:137} INFO - [2024-04-22T06:22:19.043+0000] {dag.py:3437} INFO - Setting next_dagrun for example_xcom_args_with_operators to None, run_after=None
[2024-04-22T06:22:19.090+0000] {processor.py:175} INFO - Processing /usr/local/python/3.10.13/lib/python3.10/site-packages/airflow/example_dags/example_xcomargs.py took 0.231 seconds
[2024-04-22T06:23:01.141+0000] {processor.py:153} INFO - Started process (PID=47556) to work on /usr/local/python/3.10.13/lib/python3.10/site-packages/airflow/example_dags/example_xcomargs.py
[2024-04-22T06:23:01.141+0000] {processor.py:743} INFO - Processing file /usr/local/python/3.10.13/lib/python3.10/site-packages/airflow/example_dags/example_xcomargs.py for tasks to queue
[2024-04-22T06:23:01.142+0000] {logging_mixin.py:137} INFO - [2024-04-22T06:23:01.142+0000] {dagbag.py:538} INFO - Filling up the DagBag from /usr/local/python/3.10.13/lib/python3.10/site-packages/airflow/example_dags/example_xcomargs.py
[2024-04-22T06:23:01.163+0000] {processor.py:753} INFO - DAG(s) dict_keys(['example_xcom_args', 'example_xcom_args_with_operators']) retrieved from /usr/local/python/3.10.13/lib/python3.10/site-packages/airflow/example_dags/example_xcomargs.py
[2024-04-22T06:23:01.274+0000] {logging_mixin.py:137} INFO - [2024-04-22T06:23:01.274+0000] {dag.py:2690} INFO - Sync 2 DAGs
[2024-04-22T06:23:01.287+0000] {logging_mixin.py:137} INFO - [2024-04-22T06:23:01.287+0000] {dag.py:3437} INFO - Setting next_dagrun for example_xcom_args to None, run_after=None
[2024-04-22T06:23:01.290+0000] {logging_mixin.py:137} INFO - [2024-04-22T06:23:01.289+0000] {dag.py:3437} INFO - Setting next_dagrun for example_xcom_args_with_operators to None, run_after=None
[2024-04-22T06:23:01.336+0000] {processor.py:175} INFO - Processing /usr/local/python/3.10.13/lib/python3.10/site-packages/airflow/example_dags/example_xcomargs.py took 0.198 seconds
[2024-04-22T06:23:45.327+0000] {processor.py:153} INFO - Started process (PID=48014) to work on /usr/local/python/3.10.13/lib/python3.10/site-packages/airflow/example_dags/example_xcomargs.py
[2024-04-22T06:23:45.327+0000] {processor.py:743} INFO - Processing file /usr/local/python/3.10.13/lib/python3.10/site-packages/airflow/example_dags/example_xcomargs.py for tasks to queue
[2024-04-22T06:23:45.328+0000] {logging_mixin.py:137} INFO - [2024-04-22T06:23:45.328+0000] {dagbag.py:538} INFO - Filling up the DagBag from /usr/local/python/3.10.13/lib/python3.10/site-packages/airflow/example_dags/example_xcomargs.py
[2024-04-22T06:23:45.446+0000] {processor.py:753} INFO - DAG(s) dict_keys(['example_xcom_args_with_operators', 'example_xcom_args']) retrieved from /usr/local/python/3.10.13/lib/python3.10/site-packages/airflow/example_dags/example_xcomargs.py
[2024-04-22T06:23:45.459+0000] {logging_mixin.py:137} INFO - [2024-04-22T06:23:45.459+0000] {dag.py:2690} INFO - Sync 2 DAGs
[2024-04-22T06:23:45.476+0000] {logging_mixin.py:137} INFO - [2024-04-22T06:23:45.476+0000] {dag.py:3437} INFO - Setting next_dagrun for example_xcom_args to None, run_after=None
[2024-04-22T06:23:45.479+0000] {logging_mixin.py:137} INFO - [2024-04-22T06:23:45.479+0000] {dag.py:3437} INFO - Setting next_dagrun for example_xcom_args_with_operators to None, run_after=None
[2024-04-22T06:23:45.532+0000] {processor.py:175} INFO - Processing /usr/local/python/3.10.13/lib/python3.10/site-packages/airflow/example_dags/example_xcomargs.py took 0.207 seconds
[2024-04-22T06:24:27.435+0000] {processor.py:153} INFO - Started process (PID=48455) to work on /usr/local/python/3.10.13/lib/python3.10/site-packages/airflow/example_dags/example_xcomargs.py
[2024-04-22T06:24:27.435+0000] {processor.py:743} INFO - Processing file /usr/local/python/3.10.13/lib/python3.10/site-packages/airflow/example_dags/example_xcomargs.py for tasks to queue
[2024-04-22T06:24:27.436+0000] {logging_mixin.py:137} INFO - [2024-04-22T06:24:27.436+0000] {dagbag.py:538} INFO - Filling up the DagBag from /usr/local/python/3.10.13/lib/python3.10/site-packages/airflow/example_dags/example_xcomargs.py
[2024-04-22T06:24:27.563+0000] {processor.py:753} INFO - DAG(s) dict_keys(['example_xcom_args_with_operators', 'example_xcom_args']) retrieved from /usr/local/python/3.10.13/lib/python3.10/site-packages/airflow/example_dags/example_xcomargs.py
[2024-04-22T06:24:27.583+0000] {logging_mixin.py:137} INFO - [2024-04-22T06:24:27.583+0000] {dag.py:2690} INFO - Sync 2 DAGs
[2024-04-22T06:24:27.602+0000] {logging_mixin.py:137} INFO - [2024-04-22T06:24:27.602+0000] {dag.py:3437} INFO - Setting next_dagrun for example_xcom_args to None, run_after=None
[2024-04-22T06:24:27.607+0000] {logging_mixin.py:137} INFO - [2024-04-22T06:24:27.605+0000] {dag.py:3437} INFO - Setting next_dagrun for example_xcom_args_with_operators to None, run_after=None
[2024-04-22T06:24:27.671+0000] {processor.py:175} INFO - Processing /usr/local/python/3.10.13/lib/python3.10/site-packages/airflow/example_dags/example_xcomargs.py took 0.238 seconds
[2024-04-22T06:25:10.437+0000] {processor.py:153} INFO - Started process (PID=48928) to work on /usr/local/python/3.10.13/lib/python3.10/site-packages/airflow/example_dags/example_xcomargs.py
[2024-04-22T06:25:10.437+0000] {processor.py:743} INFO - Processing file /usr/local/python/3.10.13/lib/python3.10/site-packages/airflow/example_dags/example_xcomargs.py for tasks to queue
[2024-04-22T06:25:10.438+0000] {logging_mixin.py:137} INFO - [2024-04-22T06:25:10.438+0000] {dagbag.py:538} INFO - Filling up the DagBag from /usr/local/python/3.10.13/lib/python3.10/site-packages/airflow/example_dags/example_xcomargs.py
[2024-04-22T06:25:10.560+0000] {processor.py:753} INFO - DAG(s) dict_keys(['example_xcom_args_with_operators', 'example_xcom_args']) retrieved from /usr/local/python/3.10.13/lib/python3.10/site-packages/airflow/example_dags/example_xcomargs.py
[2024-04-22T06:25:10.573+0000] {logging_mixin.py:137} INFO - [2024-04-22T06:25:10.573+0000] {dag.py:2690} INFO - Sync 2 DAGs
[2024-04-22T06:25:10.589+0000] {logging_mixin.py:137} INFO - [2024-04-22T06:25:10.589+0000] {dag.py:3437} INFO - Setting next_dagrun for example_xcom_args to None, run_after=None
[2024-04-22T06:25:10.591+0000] {logging_mixin.py:137} INFO - [2024-04-22T06:25:10.591+0000] {dag.py:3437} INFO - Setting next_dagrun for example_xcom_args_with_operators to None, run_after=None
[2024-04-22T06:25:10.637+0000] {processor.py:175} INFO - Processing /usr/local/python/3.10.13/lib/python3.10/site-packages/airflow/example_dags/example_xcomargs.py took 0.202 seconds
[2024-04-22T06:25:49.797+0000] {processor.py:153} INFO - Started process (PID=49328) to work on /usr/local/python/3.10.13/lib/python3.10/site-packages/airflow/example_dags/example_xcomargs.py
[2024-04-22T06:25:49.798+0000] {processor.py:743} INFO - Processing file /usr/local/python/3.10.13/lib/python3.10/site-packages/airflow/example_dags/example_xcomargs.py for tasks to queue
[2024-04-22T06:25:49.798+0000] {logging_mixin.py:137} INFO - [2024-04-22T06:25:49.798+0000] {dagbag.py:538} INFO - Filling up the DagBag from /usr/local/python/3.10.13/lib/python3.10/site-packages/airflow/example_dags/example_xcomargs.py
[2024-04-22T06:25:49.820+0000] {processor.py:753} INFO - DAG(s) dict_keys(['example_xcom_args', 'example_xcom_args_with_operators']) retrieved from /usr/local/python/3.10.13/lib/python3.10/site-packages/airflow/example_dags/example_xcomargs.py
[2024-04-22T06:25:49.836+0000] {logging_mixin.py:137} INFO - [2024-04-22T06:25:49.836+0000] {dag.py:2690} INFO - Sync 2 DAGs
[2024-04-22T06:25:49.853+0000] {logging_mixin.py:137} INFO - [2024-04-22T06:25:49.853+0000] {dag.py:3437} INFO - Setting next_dagrun for example_xcom_args to None, run_after=None
[2024-04-22T06:25:49.855+0000] {logging_mixin.py:137} INFO - [2024-04-22T06:25:49.855+0000] {dag.py:3437} INFO - Setting next_dagrun for example_xcom_args_with_operators to None, run_after=None
[2024-04-22T06:25:49.900+0000] {processor.py:175} INFO - Processing /usr/local/python/3.10.13/lib/python3.10/site-packages/airflow/example_dags/example_xcomargs.py took 0.106 seconds
[2024-04-22T06:26:28.958+0000] {processor.py:153} INFO - Started process (PID=49703) to work on /usr/local/python/3.10.13/lib/python3.10/site-packages/airflow/example_dags/example_xcomargs.py
[2024-04-22T06:26:28.959+0000] {processor.py:743} INFO - Processing file /usr/local/python/3.10.13/lib/python3.10/site-packages/airflow/example_dags/example_xcomargs.py for tasks to queue
[2024-04-22T06:26:28.959+0000] {logging_mixin.py:137} INFO - [2024-04-22T06:26:28.959+0000] {dagbag.py:538} INFO - Filling up the DagBag from /usr/local/python/3.10.13/lib/python3.10/site-packages/airflow/example_dags/example_xcomargs.py
[2024-04-22T06:26:28.983+0000] {processor.py:753} INFO - DAG(s) dict_keys(['example_xcom_args_with_operators', 'example_xcom_args']) retrieved from /usr/local/python/3.10.13/lib/python3.10/site-packages/airflow/example_dags/example_xcomargs.py
[2024-04-22T06:26:29.000+0000] {logging_mixin.py:137} INFO - [2024-04-22T06:26:29.000+0000] {dag.py:2690} INFO - Sync 2 DAGs
[2024-04-22T06:26:29.015+0000] {logging_mixin.py:137} INFO - [2024-04-22T06:26:29.015+0000] {dag.py:3437} INFO - Setting next_dagrun for example_xcom_args to None, run_after=None
[2024-04-22T06:26:29.017+0000] {logging_mixin.py:137} INFO - [2024-04-22T06:26:29.017+0000] {dag.py:3437} INFO - Setting next_dagrun for example_xcom_args_with_operators to None, run_after=None
[2024-04-22T06:26:29.065+0000] {processor.py:175} INFO - Processing /usr/local/python/3.10.13/lib/python3.10/site-packages/airflow/example_dags/example_xcomargs.py took 0.110 seconds
[2024-04-22T06:27:11.984+0000] {processor.py:153} INFO - Started process (PID=50130) to work on /usr/local/python/3.10.13/lib/python3.10/site-packages/airflow/example_dags/example_xcomargs.py
[2024-04-22T06:27:11.985+0000] {processor.py:743} INFO - Processing file /usr/local/python/3.10.13/lib/python3.10/site-packages/airflow/example_dags/example_xcomargs.py for tasks to queue
[2024-04-22T06:27:11.985+0000] {logging_mixin.py:137} INFO - [2024-04-22T06:27:11.985+0000] {dagbag.py:538} INFO - Filling up the DagBag from /usr/local/python/3.10.13/lib/python3.10/site-packages/airflow/example_dags/example_xcomargs.py
[2024-04-22T06:27:12.015+0000] {processor.py:753} INFO - DAG(s) dict_keys(['example_xcom_args_with_operators', 'example_xcom_args']) retrieved from /usr/local/python/3.10.13/lib/python3.10/site-packages/airflow/example_dags/example_xcomargs.py
[2024-04-22T06:27:12.038+0000] {logging_mixin.py:137} INFO - [2024-04-22T06:27:12.038+0000] {dag.py:2690} INFO - Sync 2 DAGs
[2024-04-22T06:27:12.053+0000] {logging_mixin.py:137} INFO - [2024-04-22T06:27:12.053+0000] {dag.py:3437} INFO - Setting next_dagrun for example_xcom_args to None, run_after=None
[2024-04-22T06:27:12.055+0000] {logging_mixin.py:137} INFO - [2024-04-22T06:27:12.055+0000] {dag.py:3437} INFO - Setting next_dagrun for example_xcom_args_with_operators to None, run_after=None
[2024-04-22T06:27:12.101+0000] {processor.py:175} INFO - Processing /usr/local/python/3.10.13/lib/python3.10/site-packages/airflow/example_dags/example_xcomargs.py took 0.120 seconds
[2024-04-22T06:27:51.991+0000] {processor.py:153} INFO - Started process (PID=50458) to work on /usr/local/python/3.10.13/lib/python3.10/site-packages/airflow/example_dags/example_xcomargs.py
[2024-04-22T06:27:51.991+0000] {processor.py:743} INFO - Processing file /usr/local/python/3.10.13/lib/python3.10/site-packages/airflow/example_dags/example_xcomargs.py for tasks to queue
[2024-04-22T06:27:51.992+0000] {logging_mixin.py:137} INFO - [2024-04-22T06:27:51.992+0000] {dagbag.py:538} INFO - Filling up the DagBag from /usr/local/python/3.10.13/lib/python3.10/site-packages/airflow/example_dags/example_xcomargs.py
[2024-04-22T06:27:52.013+0000] {processor.py:753} INFO - DAG(s) dict_keys(['example_xcom_args_with_operators', 'example_xcom_args']) retrieved from /usr/local/python/3.10.13/lib/python3.10/site-packages/airflow/example_dags/example_xcomargs.py
[2024-04-22T06:27:52.029+0000] {logging_mixin.py:137} INFO - [2024-04-22T06:27:52.029+0000] {dag.py:2690} INFO - Sync 2 DAGs
[2024-04-22T06:27:52.044+0000] {logging_mixin.py:137} INFO - [2024-04-22T06:27:52.044+0000] {dag.py:3437} INFO - Setting next_dagrun for example_xcom_args to None, run_after=None
[2024-04-22T06:27:52.046+0000] {logging_mixin.py:137} INFO - [2024-04-22T06:27:52.046+0000] {dag.py:3437} INFO - Setting next_dagrun for example_xcom_args_with_operators to None, run_after=None
[2024-04-22T06:27:52.108+0000] {processor.py:175} INFO - Processing /usr/local/python/3.10.13/lib/python3.10/site-packages/airflow/example_dags/example_xcomargs.py took 0.119 seconds
