[2024-04-22T06:13:00.431+0000] {processor.py:153} INFO - Started process (PID=43294) to work on /usr/local/python/3.10.13/lib/python3.10/site-packages/airflow/example_dags/example_skip_dag.py
[2024-04-22T06:13:00.432+0000] {processor.py:743} INFO - Processing file /usr/local/python/3.10.13/lib/python3.10/site-packages/airflow/example_dags/example_skip_dag.py for tasks to queue
[2024-04-22T06:13:00.433+0000] {logging_mixin.py:137} INFO - [2024-04-22T06:13:00.432+0000] {dagbag.py:538} INFO - Filling up the DagBag from /usr/local/python/3.10.13/lib/python3.10/site-packages/airflow/example_dags/example_skip_dag.py
[2024-04-22T06:13:00.445+0000] {processor.py:753} INFO - DAG(s) dict_keys(['example_skip_dag']) retrieved from /usr/local/python/3.10.13/lib/python3.10/site-packages/airflow/example_dags/example_skip_dag.py
[2024-04-22T06:13:00.612+0000] {logging_mixin.py:137} INFO - [2024-04-22T06:13:00.612+0000] {manager.py:504} INFO - Created Permission View: can delete on DAG:example_skip_dag
[2024-04-22T06:13:00.650+0000] {logging_mixin.py:137} INFO - [2024-04-22T06:13:00.650+0000] {manager.py:504} INFO - Created Permission View: can edit on DAG:example_skip_dag
[2024-04-22T06:13:00.686+0000] {logging_mixin.py:137} INFO - [2024-04-22T06:13:00.686+0000] {manager.py:504} INFO - Created Permission View: can read on DAG:example_skip_dag
[2024-04-22T06:13:00.686+0000] {logging_mixin.py:137} INFO - [2024-04-22T06:13:00.686+0000] {dag.py:2690} INFO - Sync 1 DAGs
[2024-04-22T06:13:00.695+0000] {logging_mixin.py:137} INFO - [2024-04-22T06:13:00.695+0000] {dag.py:2711} INFO - Creating ORM DAG for example_skip_dag
[2024-04-22T06:13:00.702+0000] {logging_mixin.py:137} INFO - [2024-04-22T06:13:00.702+0000] {dag.py:3437} INFO - Setting next_dagrun for example_skip_dag to 2024-04-21T06:13:00.701946+00:00, run_after=2024-04-22T06:13:00.701946+00:00
[2024-04-22T06:13:00.756+0000] {processor.py:175} INFO - Processing /usr/local/python/3.10.13/lib/python3.10/site-packages/airflow/example_dags/example_skip_dag.py took 0.326 seconds
[2024-04-22T06:13:47.211+0000] {processor.py:153} INFO - Started process (PID=43613) to work on /usr/local/python/3.10.13/lib/python3.10/site-packages/airflow/example_dags/example_skip_dag.py
[2024-04-22T06:13:47.212+0000] {processor.py:743} INFO - Processing file /usr/local/python/3.10.13/lib/python3.10/site-packages/airflow/example_dags/example_skip_dag.py for tasks to queue
[2024-04-22T06:13:47.212+0000] {logging_mixin.py:137} INFO - [2024-04-22T06:13:47.212+0000] {dagbag.py:538} INFO - Filling up the DagBag from /usr/local/python/3.10.13/lib/python3.10/site-packages/airflow/example_dags/example_skip_dag.py
[2024-04-22T06:13:47.228+0000] {processor.py:753} INFO - DAG(s) dict_keys(['example_skip_dag']) retrieved from /usr/local/python/3.10.13/lib/python3.10/site-packages/airflow/example_dags/example_skip_dag.py
[2024-04-22T06:13:47.249+0000] {logging_mixin.py:137} INFO - [2024-04-22T06:13:47.249+0000] {dag.py:2690} INFO - Sync 1 DAGs
[2024-04-22T06:13:47.265+0000] {logging_mixin.py:137} INFO - [2024-04-22T06:13:47.265+0000] {dag.py:3437} INFO - Setting next_dagrun for example_skip_dag to 2024-04-21T06:13:47.265277+00:00, run_after=2024-04-22T06:13:47.265277+00:00
[2024-04-22T06:13:47.312+0000] {processor.py:175} INFO - Processing /usr/local/python/3.10.13/lib/python3.10/site-packages/airflow/example_dags/example_skip_dag.py took 0.104 seconds
[2024-04-22T06:14:26.508+0000] {processor.py:153} INFO - Started process (PID=43883) to work on /usr/local/python/3.10.13/lib/python3.10/site-packages/airflow/example_dags/example_skip_dag.py
[2024-04-22T06:14:26.509+0000] {processor.py:743} INFO - Processing file /usr/local/python/3.10.13/lib/python3.10/site-packages/airflow/example_dags/example_skip_dag.py for tasks to queue
[2024-04-22T06:14:26.509+0000] {logging_mixin.py:137} INFO - [2024-04-22T06:14:26.509+0000] {dagbag.py:538} INFO - Filling up the DagBag from /usr/local/python/3.10.13/lib/python3.10/site-packages/airflow/example_dags/example_skip_dag.py
[2024-04-22T06:14:26.521+0000] {processor.py:753} INFO - DAG(s) dict_keys(['example_skip_dag']) retrieved from /usr/local/python/3.10.13/lib/python3.10/site-packages/airflow/example_dags/example_skip_dag.py
[2024-04-22T06:14:26.536+0000] {logging_mixin.py:137} INFO - [2024-04-22T06:14:26.536+0000] {dag.py:2690} INFO - Sync 1 DAGs
[2024-04-22T06:14:26.554+0000] {logging_mixin.py:137} INFO - [2024-04-22T06:14:26.554+0000] {dag.py:3437} INFO - Setting next_dagrun for example_skip_dag to 2024-04-21T06:14:26.553821+00:00, run_after=2024-04-22T06:14:26.553821+00:00
[2024-04-22T06:14:26.605+0000] {processor.py:175} INFO - Processing /usr/local/python/3.10.13/lib/python3.10/site-packages/airflow/example_dags/example_skip_dag.py took 0.098 seconds
[2024-04-22T06:15:05.004+0000] {processor.py:153} INFO - Started process (PID=44153) to work on /usr/local/python/3.10.13/lib/python3.10/site-packages/airflow/example_dags/example_skip_dag.py
[2024-04-22T06:15:05.005+0000] {processor.py:743} INFO - Processing file /usr/local/python/3.10.13/lib/python3.10/site-packages/airflow/example_dags/example_skip_dag.py for tasks to queue
[2024-04-22T06:15:05.006+0000] {logging_mixin.py:137} INFO - [2024-04-22T06:15:05.005+0000] {dagbag.py:538} INFO - Filling up the DagBag from /usr/local/python/3.10.13/lib/python3.10/site-packages/airflow/example_dags/example_skip_dag.py
[2024-04-22T06:15:05.017+0000] {processor.py:753} INFO - DAG(s) dict_keys(['example_skip_dag']) retrieved from /usr/local/python/3.10.13/lib/python3.10/site-packages/airflow/example_dags/example_skip_dag.py
[2024-04-22T06:15:05.032+0000] {logging_mixin.py:137} INFO - [2024-04-22T06:15:05.032+0000] {dag.py:2690} INFO - Sync 1 DAGs
[2024-04-22T06:15:05.047+0000] {logging_mixin.py:137} INFO - [2024-04-22T06:15:05.047+0000] {dag.py:3437} INFO - Setting next_dagrun for example_skip_dag to 2024-04-21T06:15:05.046967+00:00, run_after=2024-04-22T06:15:05.046967+00:00
[2024-04-22T06:15:05.098+0000] {processor.py:175} INFO - Processing /usr/local/python/3.10.13/lib/python3.10/site-packages/airflow/example_dags/example_skip_dag.py took 0.096 seconds
[2024-04-22T06:15:43.670+0000] {processor.py:153} INFO - Started process (PID=44400) to work on /usr/local/python/3.10.13/lib/python3.10/site-packages/airflow/example_dags/example_skip_dag.py
[2024-04-22T06:15:43.671+0000] {processor.py:743} INFO - Processing file /usr/local/python/3.10.13/lib/python3.10/site-packages/airflow/example_dags/example_skip_dag.py for tasks to queue
[2024-04-22T06:15:43.671+0000] {logging_mixin.py:137} INFO - [2024-04-22T06:15:43.671+0000] {dagbag.py:538} INFO - Filling up the DagBag from /usr/local/python/3.10.13/lib/python3.10/site-packages/airflow/example_dags/example_skip_dag.py
[2024-04-22T06:15:43.683+0000] {processor.py:753} INFO - DAG(s) dict_keys(['example_skip_dag']) retrieved from /usr/local/python/3.10.13/lib/python3.10/site-packages/airflow/example_dags/example_skip_dag.py
[2024-04-22T06:15:43.697+0000] {logging_mixin.py:137} INFO - [2024-04-22T06:15:43.697+0000] {dag.py:2690} INFO - Sync 1 DAGs
[2024-04-22T06:15:43.711+0000] {logging_mixin.py:137} INFO - [2024-04-22T06:15:43.711+0000] {dag.py:3437} INFO - Setting next_dagrun for example_skip_dag to 2024-04-21T06:15:43.711630+00:00, run_after=2024-04-22T06:15:43.711630+00:00
[2024-04-22T06:15:43.764+0000] {processor.py:175} INFO - Processing /usr/local/python/3.10.13/lib/python3.10/site-packages/airflow/example_dags/example_skip_dag.py took 0.096 seconds
[2024-04-22T06:16:25.223+0000] {processor.py:153} INFO - Started process (PID=44676) to work on /usr/local/python/3.10.13/lib/python3.10/site-packages/airflow/example_dags/example_skip_dag.py
[2024-04-22T06:16:25.224+0000] {processor.py:743} INFO - Processing file /usr/local/python/3.10.13/lib/python3.10/site-packages/airflow/example_dags/example_skip_dag.py for tasks to queue
[2024-04-22T06:16:25.224+0000] {logging_mixin.py:137} INFO - [2024-04-22T06:16:25.224+0000] {dagbag.py:538} INFO - Filling up the DagBag from /usr/local/python/3.10.13/lib/python3.10/site-packages/airflow/example_dags/example_skip_dag.py
[2024-04-22T06:16:25.235+0000] {processor.py:753} INFO - DAG(s) dict_keys(['example_skip_dag']) retrieved from /usr/local/python/3.10.13/lib/python3.10/site-packages/airflow/example_dags/example_skip_dag.py
[2024-04-22T06:16:25.249+0000] {logging_mixin.py:137} INFO - [2024-04-22T06:16:25.249+0000] {dag.py:2690} INFO - Sync 1 DAGs
[2024-04-22T06:16:25.264+0000] {logging_mixin.py:137} INFO - [2024-04-22T06:16:25.264+0000] {dag.py:3437} INFO - Setting next_dagrun for example_skip_dag to 2024-04-21T06:16:25.264419+00:00, run_after=2024-04-22T06:16:25.264419+00:00
[2024-04-22T06:16:25.314+0000] {processor.py:175} INFO - Processing /usr/local/python/3.10.13/lib/python3.10/site-packages/airflow/example_dags/example_skip_dag.py took 0.093 seconds
[2024-04-22T06:17:05.873+0000] {processor.py:153} INFO - Started process (PID=44956) to work on /usr/local/python/3.10.13/lib/python3.10/site-packages/airflow/example_dags/example_skip_dag.py
[2024-04-22T06:17:05.873+0000] {processor.py:743} INFO - Processing file /usr/local/python/3.10.13/lib/python3.10/site-packages/airflow/example_dags/example_skip_dag.py for tasks to queue
[2024-04-22T06:17:05.874+0000] {logging_mixin.py:137} INFO - [2024-04-22T06:17:05.874+0000] {dagbag.py:538} INFO - Filling up the DagBag from /usr/local/python/3.10.13/lib/python3.10/site-packages/airflow/example_dags/example_skip_dag.py
[2024-04-22T06:17:05.885+0000] {processor.py:753} INFO - DAG(s) dict_keys(['example_skip_dag']) retrieved from /usr/local/python/3.10.13/lib/python3.10/site-packages/airflow/example_dags/example_skip_dag.py
[2024-04-22T06:17:05.899+0000] {logging_mixin.py:137} INFO - [2024-04-22T06:17:05.899+0000] {dag.py:2690} INFO - Sync 1 DAGs
[2024-04-22T06:17:05.915+0000] {logging_mixin.py:137} INFO - [2024-04-22T06:17:05.914+0000] {dag.py:3437} INFO - Setting next_dagrun for example_skip_dag to 2024-04-21T06:17:05.914816+00:00, run_after=2024-04-22T06:17:05.914816+00:00
[2024-04-22T06:17:05.961+0000] {processor.py:175} INFO - Processing /usr/local/python/3.10.13/lib/python3.10/site-packages/airflow/example_dags/example_skip_dag.py took 0.091 seconds
[2024-04-22T06:17:45.700+0000] {processor.py:153} INFO - Started process (PID=45225) to work on /usr/local/python/3.10.13/lib/python3.10/site-packages/airflow/example_dags/example_skip_dag.py
[2024-04-22T06:17:45.701+0000] {processor.py:743} INFO - Processing file /usr/local/python/3.10.13/lib/python3.10/site-packages/airflow/example_dags/example_skip_dag.py for tasks to queue
[2024-04-22T06:17:45.702+0000] {logging_mixin.py:137} INFO - [2024-04-22T06:17:45.702+0000] {dagbag.py:538} INFO - Filling up the DagBag from /usr/local/python/3.10.13/lib/python3.10/site-packages/airflow/example_dags/example_skip_dag.py
[2024-04-22T06:17:45.713+0000] {processor.py:753} INFO - DAG(s) dict_keys(['example_skip_dag']) retrieved from /usr/local/python/3.10.13/lib/python3.10/site-packages/airflow/example_dags/example_skip_dag.py
[2024-04-22T06:17:45.727+0000] {logging_mixin.py:137} INFO - [2024-04-22T06:17:45.727+0000] {dag.py:2690} INFO - Sync 1 DAGs
[2024-04-22T06:17:45.742+0000] {logging_mixin.py:137} INFO - [2024-04-22T06:17:45.742+0000] {dag.py:3437} INFO - Setting next_dagrun for example_skip_dag to 2024-04-21T06:17:45.742613+00:00, run_after=2024-04-22T06:17:45.742613+00:00
[2024-04-22T06:17:45.789+0000] {processor.py:175} INFO - Processing /usr/local/python/3.10.13/lib/python3.10/site-packages/airflow/example_dags/example_skip_dag.py took 0.090 seconds
[2024-04-22T06:18:27.926+0000] {processor.py:153} INFO - Started process (PID=45577) to work on /usr/local/python/3.10.13/lib/python3.10/site-packages/airflow/example_dags/example_skip_dag.py
[2024-04-22T06:18:27.927+0000] {processor.py:743} INFO - Processing file /usr/local/python/3.10.13/lib/python3.10/site-packages/airflow/example_dags/example_skip_dag.py for tasks to queue
[2024-04-22T06:18:27.927+0000] {logging_mixin.py:137} INFO - [2024-04-22T06:18:27.927+0000] {dagbag.py:538} INFO - Filling up the DagBag from /usr/local/python/3.10.13/lib/python3.10/site-packages/airflow/example_dags/example_skip_dag.py
[2024-04-22T06:18:27.939+0000] {processor.py:753} INFO - DAG(s) dict_keys(['example_skip_dag']) retrieved from /usr/local/python/3.10.13/lib/python3.10/site-packages/airflow/example_dags/example_skip_dag.py
[2024-04-22T06:18:27.953+0000] {logging_mixin.py:137} INFO - [2024-04-22T06:18:27.953+0000] {dag.py:2690} INFO - Sync 1 DAGs
[2024-04-22T06:18:27.967+0000] {logging_mixin.py:137} INFO - [2024-04-22T06:18:27.967+0000] {dag.py:3437} INFO - Setting next_dagrun for example_skip_dag to 2024-04-21T06:18:27.967398+00:00, run_after=2024-04-22T06:18:27.967398+00:00
[2024-04-22T06:18:28.015+0000] {processor.py:175} INFO - Processing /usr/local/python/3.10.13/lib/python3.10/site-packages/airflow/example_dags/example_skip_dag.py took 0.091 seconds
[2024-04-22T06:19:09.198+0000] {processor.py:153} INFO - Started process (PID=45880) to work on /usr/local/python/3.10.13/lib/python3.10/site-packages/airflow/example_dags/example_skip_dag.py
[2024-04-22T06:19:09.198+0000] {processor.py:743} INFO - Processing file /usr/local/python/3.10.13/lib/python3.10/site-packages/airflow/example_dags/example_skip_dag.py for tasks to queue
[2024-04-22T06:19:09.199+0000] {logging_mixin.py:137} INFO - [2024-04-22T06:19:09.199+0000] {dagbag.py:538} INFO - Filling up the DagBag from /usr/local/python/3.10.13/lib/python3.10/site-packages/airflow/example_dags/example_skip_dag.py
[2024-04-22T06:19:09.213+0000] {processor.py:753} INFO - DAG(s) dict_keys(['example_skip_dag']) retrieved from /usr/local/python/3.10.13/lib/python3.10/site-packages/airflow/example_dags/example_skip_dag.py
[2024-04-22T06:19:09.228+0000] {logging_mixin.py:137} INFO - [2024-04-22T06:19:09.227+0000] {dag.py:2690} INFO - Sync 1 DAGs
[2024-04-22T06:19:09.242+0000] {logging_mixin.py:137} INFO - [2024-04-22T06:19:09.242+0000] {dag.py:3437} INFO - Setting next_dagrun for example_skip_dag to 2024-04-21T06:19:09.242674+00:00, run_after=2024-04-22T06:19:09.242674+00:00
[2024-04-22T06:19:09.290+0000] {processor.py:175} INFO - Processing /usr/local/python/3.10.13/lib/python3.10/site-packages/airflow/example_dags/example_skip_dag.py took 0.094 seconds
[2024-04-22T06:19:49.994+0000] {processor.py:153} INFO - Started process (PID=46149) to work on /usr/local/python/3.10.13/lib/python3.10/site-packages/airflow/example_dags/example_skip_dag.py
[2024-04-22T06:19:49.995+0000] {processor.py:743} INFO - Processing file /usr/local/python/3.10.13/lib/python3.10/site-packages/airflow/example_dags/example_skip_dag.py for tasks to queue
[2024-04-22T06:19:49.996+0000] {logging_mixin.py:137} INFO - [2024-04-22T06:19:49.995+0000] {dagbag.py:538} INFO - Filling up the DagBag from /usr/local/python/3.10.13/lib/python3.10/site-packages/airflow/example_dags/example_skip_dag.py
[2024-04-22T06:19:50.007+0000] {processor.py:753} INFO - DAG(s) dict_keys(['example_skip_dag']) retrieved from /usr/local/python/3.10.13/lib/python3.10/site-packages/airflow/example_dags/example_skip_dag.py
[2024-04-22T06:19:50.022+0000] {logging_mixin.py:137} INFO - [2024-04-22T06:19:50.022+0000] {dag.py:2690} INFO - Sync 1 DAGs
[2024-04-22T06:19:50.037+0000] {logging_mixin.py:137} INFO - [2024-04-22T06:19:50.037+0000] {dag.py:3437} INFO - Setting next_dagrun for example_skip_dag to 2024-04-21T06:19:50.036834+00:00, run_after=2024-04-22T06:19:50.036834+00:00
[2024-04-22T06:19:50.084+0000] {processor.py:175} INFO - Processing /usr/local/python/3.10.13/lib/python3.10/site-packages/airflow/example_dags/example_skip_dag.py took 0.092 seconds
[2024-04-22T06:20:23.780+0000] {processor.py:153} INFO - Started process (PID=46382) to work on /usr/local/python/3.10.13/lib/python3.10/site-packages/airflow/example_dags/example_skip_dag.py
[2024-04-22T06:20:23.781+0000] {processor.py:743} INFO - Processing file /usr/local/python/3.10.13/lib/python3.10/site-packages/airflow/example_dags/example_skip_dag.py for tasks to queue
[2024-04-22T06:20:23.781+0000] {logging_mixin.py:137} INFO - [2024-04-22T06:20:23.781+0000] {dagbag.py:538} INFO - Filling up the DagBag from /usr/local/python/3.10.13/lib/python3.10/site-packages/airflow/example_dags/example_skip_dag.py
[2024-04-22T06:20:23.793+0000] {processor.py:753} INFO - DAG(s) dict_keys(['example_skip_dag']) retrieved from /usr/local/python/3.10.13/lib/python3.10/site-packages/airflow/example_dags/example_skip_dag.py
[2024-04-22T06:20:23.807+0000] {logging_mixin.py:137} INFO - [2024-04-22T06:20:23.807+0000] {dag.py:2690} INFO - Sync 1 DAGs
[2024-04-22T06:20:23.822+0000] {logging_mixin.py:137} INFO - [2024-04-22T06:20:23.822+0000] {dag.py:3437} INFO - Setting next_dagrun for example_skip_dag to 2024-04-21T06:20:23.822434+00:00, run_after=2024-04-22T06:20:23.822434+00:00
[2024-04-22T06:20:23.871+0000] {processor.py:175} INFO - Processing /usr/local/python/3.10.13/lib/python3.10/site-packages/airflow/example_dags/example_skip_dag.py took 0.094 seconds
[2024-04-22T06:21:05.296+0000] {processor.py:153} INFO - Started process (PID=46661) to work on /usr/local/python/3.10.13/lib/python3.10/site-packages/airflow/example_dags/example_skip_dag.py
[2024-04-22T06:21:05.297+0000] {processor.py:743} INFO - Processing file /usr/local/python/3.10.13/lib/python3.10/site-packages/airflow/example_dags/example_skip_dag.py for tasks to queue
[2024-04-22T06:21:05.297+0000] {logging_mixin.py:137} INFO - [2024-04-22T06:21:05.297+0000] {dagbag.py:538} INFO - Filling up the DagBag from /usr/local/python/3.10.13/lib/python3.10/site-packages/airflow/example_dags/example_skip_dag.py
[2024-04-22T06:21:05.309+0000] {processor.py:753} INFO - DAG(s) dict_keys(['example_skip_dag']) retrieved from /usr/local/python/3.10.13/lib/python3.10/site-packages/airflow/example_dags/example_skip_dag.py
[2024-04-22T06:21:05.323+0000] {logging_mixin.py:137} INFO - [2024-04-22T06:21:05.323+0000] {dag.py:2690} INFO - Sync 1 DAGs
[2024-04-22T06:21:05.338+0000] {logging_mixin.py:137} INFO - [2024-04-22T06:21:05.338+0000] {dag.py:3437} INFO - Setting next_dagrun for example_skip_dag to 2024-04-21T06:21:05.337625+00:00, run_after=2024-04-22T06:21:05.337625+00:00
[2024-04-22T06:21:05.480+0000] {processor.py:175} INFO - Processing /usr/local/python/3.10.13/lib/python3.10/site-packages/airflow/example_dags/example_skip_dag.py took 0.186 seconds
[2024-04-22T06:21:50.576+0000] {processor.py:153} INFO - Started process (PID=46953) to work on /usr/local/python/3.10.13/lib/python3.10/site-packages/airflow/example_dags/example_skip_dag.py
[2024-04-22T06:21:50.578+0000] {processor.py:743} INFO - Processing file /usr/local/python/3.10.13/lib/python3.10/site-packages/airflow/example_dags/example_skip_dag.py for tasks to queue
[2024-04-22T06:21:50.578+0000] {logging_mixin.py:137} INFO - [2024-04-22T06:21:50.578+0000] {dagbag.py:538} INFO - Filling up the DagBag from /usr/local/python/3.10.13/lib/python3.10/site-packages/airflow/example_dags/example_skip_dag.py
[2024-04-22T06:21:50.595+0000] {processor.py:753} INFO - DAG(s) dict_keys(['example_skip_dag']) retrieved from /usr/local/python/3.10.13/lib/python3.10/site-packages/airflow/example_dags/example_skip_dag.py
[2024-04-22T06:21:50.616+0000] {logging_mixin.py:137} INFO - [2024-04-22T06:21:50.616+0000] {dag.py:2690} INFO - Sync 1 DAGs
[2024-04-22T06:21:50.733+0000] {logging_mixin.py:137} INFO - [2024-04-22T06:21:50.733+0000] {dag.py:3437} INFO - Setting next_dagrun for example_skip_dag to 2024-04-21T06:21:50.733503+00:00, run_after=2024-04-22T06:21:50.733503+00:00
[2024-04-22T06:21:50.785+0000] {processor.py:175} INFO - Processing /usr/local/python/3.10.13/lib/python3.10/site-packages/airflow/example_dags/example_skip_dag.py took 0.212 seconds
[2024-04-22T06:22:28.720+0000] {processor.py:153} INFO - Started process (PID=47291) to work on /usr/local/python/3.10.13/lib/python3.10/site-packages/airflow/example_dags/example_skip_dag.py
[2024-04-22T06:22:28.720+0000] {processor.py:743} INFO - Processing file /usr/local/python/3.10.13/lib/python3.10/site-packages/airflow/example_dags/example_skip_dag.py for tasks to queue
[2024-04-22T06:22:28.721+0000] {logging_mixin.py:137} INFO - [2024-04-22T06:22:28.721+0000] {dagbag.py:538} INFO - Filling up the DagBag from /usr/local/python/3.10.13/lib/python3.10/site-packages/airflow/example_dags/example_skip_dag.py
[2024-04-22T06:22:28.733+0000] {processor.py:753} INFO - DAG(s) dict_keys(['example_skip_dag']) retrieved from /usr/local/python/3.10.13/lib/python3.10/site-packages/airflow/example_dags/example_skip_dag.py
[2024-04-22T06:22:28.747+0000] {logging_mixin.py:137} INFO - [2024-04-22T06:22:28.747+0000] {dag.py:2690} INFO - Sync 1 DAGs
[2024-04-22T06:22:28.852+0000] {logging_mixin.py:137} INFO - [2024-04-22T06:22:28.852+0000] {dag.py:3437} INFO - Setting next_dagrun for example_skip_dag to 2024-04-21T06:22:28.852149+00:00, run_after=2024-04-22T06:22:28.852149+00:00
[2024-04-22T06:22:28.900+0000] {processor.py:175} INFO - Processing /usr/local/python/3.10.13/lib/python3.10/site-packages/airflow/example_dags/example_skip_dag.py took 0.183 seconds
[2024-04-22T06:23:11.149+0000] {processor.py:153} INFO - Started process (PID=47641) to work on /usr/local/python/3.10.13/lib/python3.10/site-packages/airflow/example_dags/example_skip_dag.py
[2024-04-22T06:23:11.149+0000] {processor.py:743} INFO - Processing file /usr/local/python/3.10.13/lib/python3.10/site-packages/airflow/example_dags/example_skip_dag.py for tasks to queue
[2024-04-22T06:23:11.150+0000] {logging_mixin.py:137} INFO - [2024-04-22T06:23:11.150+0000] {dagbag.py:538} INFO - Filling up the DagBag from /usr/local/python/3.10.13/lib/python3.10/site-packages/airflow/example_dags/example_skip_dag.py
[2024-04-22T06:23:11.161+0000] {processor.py:753} INFO - DAG(s) dict_keys(['example_skip_dag']) retrieved from /usr/local/python/3.10.13/lib/python3.10/site-packages/airflow/example_dags/example_skip_dag.py
[2024-04-22T06:23:11.263+0000] {logging_mixin.py:137} INFO - [2024-04-22T06:23:11.263+0000] {dag.py:2690} INFO - Sync 1 DAGs
[2024-04-22T06:23:11.277+0000] {logging_mixin.py:137} INFO - [2024-04-22T06:23:11.277+0000] {dag.py:3437} INFO - Setting next_dagrun for example_skip_dag to 2024-04-21T06:23:11.277024+00:00, run_after=2024-04-22T06:23:11.277024+00:00
[2024-04-22T06:23:11.323+0000] {processor.py:175} INFO - Processing /usr/local/python/3.10.13/lib/python3.10/site-packages/airflow/example_dags/example_skip_dag.py took 0.177 seconds
[2024-04-22T06:23:54.514+0000] {processor.py:153} INFO - Started process (PID=48094) to work on /usr/local/python/3.10.13/lib/python3.10/site-packages/airflow/example_dags/example_skip_dag.py
[2024-04-22T06:23:54.514+0000] {processor.py:743} INFO - Processing file /usr/local/python/3.10.13/lib/python3.10/site-packages/airflow/example_dags/example_skip_dag.py for tasks to queue
[2024-04-22T06:23:54.515+0000] {logging_mixin.py:137} INFO - [2024-04-22T06:23:54.515+0000] {dagbag.py:538} INFO - Filling up the DagBag from /usr/local/python/3.10.13/lib/python3.10/site-packages/airflow/example_dags/example_skip_dag.py
[2024-04-22T06:23:54.527+0000] {processor.py:753} INFO - DAG(s) dict_keys(['example_skip_dag']) retrieved from /usr/local/python/3.10.13/lib/python3.10/site-packages/airflow/example_dags/example_skip_dag.py
[2024-04-22T06:23:54.630+0000] {logging_mixin.py:137} INFO - [2024-04-22T06:23:54.630+0000] {dag.py:2690} INFO - Sync 1 DAGs
[2024-04-22T06:23:54.643+0000] {logging_mixin.py:137} INFO - [2024-04-22T06:23:54.643+0000] {dag.py:3437} INFO - Setting next_dagrun for example_skip_dag to 2024-04-21T06:23:54.643499+00:00, run_after=2024-04-22T06:23:54.643499+00:00
[2024-04-22T06:23:54.689+0000] {processor.py:175} INFO - Processing /usr/local/python/3.10.13/lib/python3.10/site-packages/airflow/example_dags/example_skip_dag.py took 0.178 seconds
[2024-04-22T06:24:36.523+0000] {processor.py:153} INFO - Started process (PID=48571) to work on /usr/local/python/3.10.13/lib/python3.10/site-packages/airflow/example_dags/example_skip_dag.py
[2024-04-22T06:24:36.524+0000] {processor.py:743} INFO - Processing file /usr/local/python/3.10.13/lib/python3.10/site-packages/airflow/example_dags/example_skip_dag.py for tasks to queue
[2024-04-22T06:24:36.524+0000] {logging_mixin.py:137} INFO - [2024-04-22T06:24:36.524+0000] {dagbag.py:538} INFO - Filling up the DagBag from /usr/local/python/3.10.13/lib/python3.10/site-packages/airflow/example_dags/example_skip_dag.py
[2024-04-22T06:24:36.626+0000] {processor.py:753} INFO - DAG(s) dict_keys(['example_skip_dag']) retrieved from /usr/local/python/3.10.13/lib/python3.10/site-packages/airflow/example_dags/example_skip_dag.py
[2024-04-22T06:24:36.639+0000] {logging_mixin.py:137} INFO - [2024-04-22T06:24:36.638+0000] {dag.py:2690} INFO - Sync 1 DAGs
[2024-04-22T06:24:36.653+0000] {logging_mixin.py:137} INFO - [2024-04-22T06:24:36.653+0000] {dag.py:3437} INFO - Setting next_dagrun for example_skip_dag to 2024-04-21T06:24:36.653184+00:00, run_after=2024-04-22T06:24:36.653184+00:00
[2024-04-22T06:24:36.702+0000] {processor.py:175} INFO - Processing /usr/local/python/3.10.13/lib/python3.10/site-packages/airflow/example_dags/example_skip_dag.py took 0.182 seconds
[2024-04-22T06:25:19.569+0000] {processor.py:153} INFO - Started process (PID=49030) to work on /usr/local/python/3.10.13/lib/python3.10/site-packages/airflow/example_dags/example_skip_dag.py
[2024-04-22T06:25:19.570+0000] {processor.py:743} INFO - Processing file /usr/local/python/3.10.13/lib/python3.10/site-packages/airflow/example_dags/example_skip_dag.py for tasks to queue
[2024-04-22T06:25:19.570+0000] {logging_mixin.py:137} INFO - [2024-04-22T06:25:19.570+0000] {dagbag.py:538} INFO - Filling up the DagBag from /usr/local/python/3.10.13/lib/python3.10/site-packages/airflow/example_dags/example_skip_dag.py
[2024-04-22T06:25:19.582+0000] {processor.py:753} INFO - DAG(s) dict_keys(['example_skip_dag']) retrieved from /usr/local/python/3.10.13/lib/python3.10/site-packages/airflow/example_dags/example_skip_dag.py
[2024-04-22T06:25:19.601+0000] {logging_mixin.py:137} INFO - [2024-04-22T06:25:19.601+0000] {dag.py:2690} INFO - Sync 1 DAGs
[2024-04-22T06:25:19.621+0000] {logging_mixin.py:137} INFO - [2024-04-22T06:25:19.621+0000] {dag.py:3437} INFO - Setting next_dagrun for example_skip_dag to 2024-04-21T06:25:19.620950+00:00, run_after=2024-04-22T06:25:19.620950+00:00
[2024-04-22T06:25:19.668+0000] {processor.py:175} INFO - Processing /usr/local/python/3.10.13/lib/python3.10/site-packages/airflow/example_dags/example_skip_dag.py took 0.101 seconds
[2024-04-22T06:25:56.257+0000] {processor.py:153} INFO - Started process (PID=49393) to work on /usr/local/python/3.10.13/lib/python3.10/site-packages/airflow/example_dags/example_skip_dag.py
[2024-04-22T06:25:56.258+0000] {processor.py:743} INFO - Processing file /usr/local/python/3.10.13/lib/python3.10/site-packages/airflow/example_dags/example_skip_dag.py for tasks to queue
[2024-04-22T06:25:56.258+0000] {logging_mixin.py:137} INFO - [2024-04-22T06:25:56.258+0000] {dagbag.py:538} INFO - Filling up the DagBag from /usr/local/python/3.10.13/lib/python3.10/site-packages/airflow/example_dags/example_skip_dag.py
[2024-04-22T06:25:56.281+0000] {processor.py:753} INFO - DAG(s) dict_keys(['example_skip_dag']) retrieved from /usr/local/python/3.10.13/lib/python3.10/site-packages/airflow/example_dags/example_skip_dag.py
[2024-04-22T06:25:56.303+0000] {logging_mixin.py:137} INFO - [2024-04-22T06:25:56.302+0000] {dag.py:2690} INFO - Sync 1 DAGs
[2024-04-22T06:25:56.327+0000] {logging_mixin.py:137} INFO - [2024-04-22T06:25:56.327+0000] {dag.py:3437} INFO - Setting next_dagrun for example_skip_dag to 2024-04-21T06:25:56.327474+00:00, run_after=2024-04-22T06:25:56.327474+00:00
[2024-04-22T06:25:56.386+0000] {processor.py:175} INFO - Processing /usr/local/python/3.10.13/lib/python3.10/site-packages/airflow/example_dags/example_skip_dag.py took 0.137 seconds
[2024-04-22T06:26:35.491+0000] {processor.py:153} INFO - Started process (PID=49761) to work on /usr/local/python/3.10.13/lib/python3.10/site-packages/airflow/example_dags/example_skip_dag.py
[2024-04-22T06:26:35.491+0000] {processor.py:743} INFO - Processing file /usr/local/python/3.10.13/lib/python3.10/site-packages/airflow/example_dags/example_skip_dag.py for tasks to queue
[2024-04-22T06:26:35.492+0000] {logging_mixin.py:137} INFO - [2024-04-22T06:26:35.492+0000] {dagbag.py:538} INFO - Filling up the DagBag from /usr/local/python/3.10.13/lib/python3.10/site-packages/airflow/example_dags/example_skip_dag.py
[2024-04-22T06:26:35.504+0000] {processor.py:753} INFO - DAG(s) dict_keys(['example_skip_dag']) retrieved from /usr/local/python/3.10.13/lib/python3.10/site-packages/airflow/example_dags/example_skip_dag.py
[2024-04-22T06:26:35.519+0000] {logging_mixin.py:137} INFO - [2024-04-22T06:26:35.519+0000] {dag.py:2690} INFO - Sync 1 DAGs
[2024-04-22T06:26:35.538+0000] {logging_mixin.py:137} INFO - [2024-04-22T06:26:35.538+0000] {dag.py:3437} INFO - Setting next_dagrun for example_skip_dag to 2024-04-21T06:26:35.537912+00:00, run_after=2024-04-22T06:26:35.537912+00:00
[2024-04-22T06:26:35.587+0000] {processor.py:175} INFO - Processing /usr/local/python/3.10.13/lib/python3.10/site-packages/airflow/example_dags/example_skip_dag.py took 0.098 seconds
[2024-04-22T06:27:18.573+0000] {processor.py:153} INFO - Started process (PID=50184) to work on /usr/local/python/3.10.13/lib/python3.10/site-packages/airflow/example_dags/example_skip_dag.py
[2024-04-22T06:27:18.574+0000] {processor.py:743} INFO - Processing file /usr/local/python/3.10.13/lib/python3.10/site-packages/airflow/example_dags/example_skip_dag.py for tasks to queue
[2024-04-22T06:27:18.574+0000] {logging_mixin.py:137} INFO - [2024-04-22T06:27:18.574+0000] {dagbag.py:538} INFO - Filling up the DagBag from /usr/local/python/3.10.13/lib/python3.10/site-packages/airflow/example_dags/example_skip_dag.py
[2024-04-22T06:27:18.586+0000] {processor.py:753} INFO - DAG(s) dict_keys(['example_skip_dag']) retrieved from /usr/local/python/3.10.13/lib/python3.10/site-packages/airflow/example_dags/example_skip_dag.py
[2024-04-22T06:27:18.601+0000] {logging_mixin.py:137} INFO - [2024-04-22T06:27:18.601+0000] {dag.py:2690} INFO - Sync 1 DAGs
[2024-04-22T06:27:18.615+0000] {logging_mixin.py:137} INFO - [2024-04-22T06:27:18.615+0000] {dag.py:3437} INFO - Setting next_dagrun for example_skip_dag to 2024-04-21T06:27:18.615561+00:00, run_after=2024-04-22T06:27:18.615561+00:00
[2024-04-22T06:27:18.663+0000] {processor.py:175} INFO - Processing /usr/local/python/3.10.13/lib/python3.10/site-packages/airflow/example_dags/example_skip_dag.py took 0.092 seconds
