[2024-04-22T06:13:04.465+0000] {processor.py:153} INFO - Started process (PID=43328) to work on /usr/local/python/3.10.13/lib/python3.10/site-packages/airflow/example_dags/example_sla_dag.py
[2024-04-22T06:13:04.465+0000] {processor.py:743} INFO - Processing file /usr/local/python/3.10.13/lib/python3.10/site-packages/airflow/example_dags/example_sla_dag.py for tasks to queue
[2024-04-22T06:13:04.466+0000] {logging_mixin.py:137} INFO - [2024-04-22T06:13:04.466+0000] {dagbag.py:538} INFO - Filling up the DagBag from /usr/local/python/3.10.13/lib/python3.10/site-packages/airflow/example_dags/example_sla_dag.py
[2024-04-22T06:13:04.486+0000] {processor.py:753} INFO - DAG(s) dict_keys(['example_sla_dag']) retrieved from /usr/local/python/3.10.13/lib/python3.10/site-packages/airflow/example_dags/example_sla_dag.py
[2024-04-22T06:13:04.664+0000] {logging_mixin.py:137} INFO - [2024-04-22T06:13:04.664+0000] {manager.py:504} INFO - Created Permission View: can delete on DAG:example_sla_dag
[2024-04-22T06:13:04.702+0000] {logging_mixin.py:137} INFO - [2024-04-22T06:13:04.702+0000] {manager.py:504} INFO - Created Permission View: can edit on DAG:example_sla_dag
[2024-04-22T06:13:04.747+0000] {logging_mixin.py:137} INFO - [2024-04-22T06:13:04.747+0000] {manager.py:504} INFO - Created Permission View: can read on DAG:example_sla_dag
[2024-04-22T06:13:04.748+0000] {logging_mixin.py:137} INFO - [2024-04-22T06:13:04.748+0000] {dag.py:2690} INFO - Sync 1 DAGs
[2024-04-22T06:13:04.761+0000] {logging_mixin.py:137} INFO - [2024-04-22T06:13:04.761+0000] {dag.py:2711} INFO - Creating ORM DAG for example_sla_dag
[2024-04-22T06:13:04.774+0000] {logging_mixin.py:137} INFO - [2024-04-22T06:13:04.774+0000] {dag.py:3437} INFO - Setting next_dagrun for example_sla_dag to 2024-04-22T06:10:00+00:00, run_after=2024-04-22T06:12:00+00:00
[2024-04-22T06:13:04.837+0000] {processor.py:175} INFO - Processing /usr/local/python/3.10.13/lib/python3.10/site-packages/airflow/example_dags/example_sla_dag.py took 0.375 seconds
[2024-04-22T06:13:50.810+0000] {processor.py:153} INFO - Started process (PID=43632) to work on /usr/local/python/3.10.13/lib/python3.10/site-packages/airflow/example_dags/example_sla_dag.py
[2024-04-22T06:13:50.811+0000] {processor.py:743} INFO - Processing file /usr/local/python/3.10.13/lib/python3.10/site-packages/airflow/example_dags/example_sla_dag.py for tasks to queue
[2024-04-22T06:13:50.811+0000] {logging_mixin.py:137} INFO - [2024-04-22T06:13:50.811+0000] {dagbag.py:538} INFO - Filling up the DagBag from /usr/local/python/3.10.13/lib/python3.10/site-packages/airflow/example_dags/example_sla_dag.py
[2024-04-22T06:13:50.832+0000] {processor.py:753} INFO - DAG(s) dict_keys(['example_sla_dag']) retrieved from /usr/local/python/3.10.13/lib/python3.10/site-packages/airflow/example_dags/example_sla_dag.py
[2024-04-22T06:13:50.846+0000] {logging_mixin.py:137} INFO - [2024-04-22T06:13:50.846+0000] {dag.py:2690} INFO - Sync 1 DAGs
[2024-04-22T06:13:50.865+0000] {logging_mixin.py:137} INFO - [2024-04-22T06:13:50.865+0000] {dag.py:3437} INFO - Setting next_dagrun for example_sla_dag to 2024-04-22T06:10:00+00:00, run_after=2024-04-22T06:12:00+00:00
[2024-04-22T06:13:50.912+0000] {processor.py:175} INFO - Processing /usr/local/python/3.10.13/lib/python3.10/site-packages/airflow/example_dags/example_sla_dag.py took 0.103 seconds
[2024-04-22T06:14:30.316+0000] {processor.py:153} INFO - Started process (PID=43899) to work on /usr/local/python/3.10.13/lib/python3.10/site-packages/airflow/example_dags/example_sla_dag.py
[2024-04-22T06:14:30.317+0000] {processor.py:743} INFO - Processing file /usr/local/python/3.10.13/lib/python3.10/site-packages/airflow/example_dags/example_sla_dag.py for tasks to queue
[2024-04-22T06:14:30.318+0000] {logging_mixin.py:137} INFO - [2024-04-22T06:14:30.318+0000] {dagbag.py:538} INFO - Filling up the DagBag from /usr/local/python/3.10.13/lib/python3.10/site-packages/airflow/example_dags/example_sla_dag.py
[2024-04-22T06:14:30.339+0000] {processor.py:753} INFO - DAG(s) dict_keys(['example_sla_dag']) retrieved from /usr/local/python/3.10.13/lib/python3.10/site-packages/airflow/example_dags/example_sla_dag.py
[2024-04-22T06:14:30.353+0000] {logging_mixin.py:137} INFO - [2024-04-22T06:14:30.353+0000] {dag.py:2690} INFO - Sync 1 DAGs
[2024-04-22T06:14:30.370+0000] {logging_mixin.py:137} INFO - [2024-04-22T06:14:30.370+0000] {dag.py:3437} INFO - Setting next_dagrun for example_sla_dag to 2024-04-22T06:12:00+00:00, run_after=2024-04-22T06:14:00+00:00
[2024-04-22T06:14:30.416+0000] {processor.py:175} INFO - Processing /usr/local/python/3.10.13/lib/python3.10/site-packages/airflow/example_dags/example_sla_dag.py took 0.102 seconds
[2024-04-22T06:15:09.524+0000] {processor.py:153} INFO - Started process (PID=44175) to work on /usr/local/python/3.10.13/lib/python3.10/site-packages/airflow/example_dags/example_sla_dag.py
[2024-04-22T06:15:09.525+0000] {processor.py:743} INFO - Processing file /usr/local/python/3.10.13/lib/python3.10/site-packages/airflow/example_dags/example_sla_dag.py for tasks to queue
[2024-04-22T06:15:09.526+0000] {logging_mixin.py:137} INFO - [2024-04-22T06:15:09.525+0000] {dagbag.py:538} INFO - Filling up the DagBag from /usr/local/python/3.10.13/lib/python3.10/site-packages/airflow/example_dags/example_sla_dag.py
[2024-04-22T06:15:09.547+0000] {processor.py:753} INFO - DAG(s) dict_keys(['example_sla_dag']) retrieved from /usr/local/python/3.10.13/lib/python3.10/site-packages/airflow/example_dags/example_sla_dag.py
[2024-04-22T06:15:09.563+0000] {logging_mixin.py:137} INFO - [2024-04-22T06:15:09.563+0000] {dag.py:2690} INFO - Sync 1 DAGs
[2024-04-22T06:15:09.588+0000] {logging_mixin.py:137} INFO - [2024-04-22T06:15:09.588+0000] {dag.py:3437} INFO - Setting next_dagrun for example_sla_dag to 2024-04-22T06:12:00+00:00, run_after=2024-04-22T06:14:00+00:00
[2024-04-22T06:15:09.635+0000] {processor.py:175} INFO - Processing /usr/local/python/3.10.13/lib/python3.10/site-packages/airflow/example_dags/example_sla_dag.py took 0.113 seconds
[2024-04-22T06:15:50.455+0000] {processor.py:153} INFO - Started process (PID=44449) to work on /usr/local/python/3.10.13/lib/python3.10/site-packages/airflow/example_dags/example_sla_dag.py
[2024-04-22T06:15:50.456+0000] {processor.py:743} INFO - Processing file /usr/local/python/3.10.13/lib/python3.10/site-packages/airflow/example_dags/example_sla_dag.py for tasks to queue
[2024-04-22T06:15:50.457+0000] {logging_mixin.py:137} INFO - [2024-04-22T06:15:50.457+0000] {dagbag.py:538} INFO - Filling up the DagBag from /usr/local/python/3.10.13/lib/python3.10/site-packages/airflow/example_dags/example_sla_dag.py
[2024-04-22T06:15:50.491+0000] {processor.py:753} INFO - DAG(s) dict_keys(['example_sla_dag']) retrieved from /usr/local/python/3.10.13/lib/python3.10/site-packages/airflow/example_dags/example_sla_dag.py
[2024-04-22T06:15:50.506+0000] {logging_mixin.py:137} INFO - [2024-04-22T06:15:50.505+0000] {dag.py:2690} INFO - Sync 1 DAGs
[2024-04-22T06:15:50.533+0000] {logging_mixin.py:137} INFO - [2024-04-22T06:15:50.533+0000] {dag.py:3437} INFO - Setting next_dagrun for example_sla_dag to 2024-04-22T06:12:00+00:00, run_after=2024-04-22T06:14:00+00:00
[2024-04-22T06:15:50.578+0000] {processor.py:175} INFO - Processing /usr/local/python/3.10.13/lib/python3.10/site-packages/airflow/example_dags/example_sla_dag.py took 0.126 seconds
[2024-04-22T06:16:32.291+0000] {processor.py:153} INFO - Started process (PID=44733) to work on /usr/local/python/3.10.13/lib/python3.10/site-packages/airflow/example_dags/example_sla_dag.py
[2024-04-22T06:16:32.291+0000] {processor.py:743} INFO - Processing file /usr/local/python/3.10.13/lib/python3.10/site-packages/airflow/example_dags/example_sla_dag.py for tasks to queue
[2024-04-22T06:16:32.292+0000] {logging_mixin.py:137} INFO - [2024-04-22T06:16:32.292+0000] {dagbag.py:538} INFO - Filling up the DagBag from /usr/local/python/3.10.13/lib/python3.10/site-packages/airflow/example_dags/example_sla_dag.py
[2024-04-22T06:16:32.312+0000] {processor.py:753} INFO - DAG(s) dict_keys(['example_sla_dag']) retrieved from /usr/local/python/3.10.13/lib/python3.10/site-packages/airflow/example_dags/example_sla_dag.py
[2024-04-22T06:16:32.328+0000] {logging_mixin.py:137} INFO - [2024-04-22T06:16:32.328+0000] {dag.py:2690} INFO - Sync 1 DAGs
[2024-04-22T06:16:32.346+0000] {logging_mixin.py:137} INFO - [2024-04-22T06:16:32.346+0000] {dag.py:3437} INFO - Setting next_dagrun for example_sla_dag to 2024-04-22T06:14:00+00:00, run_after=2024-04-22T06:16:00+00:00
[2024-04-22T06:16:32.392+0000] {processor.py:175} INFO - Processing /usr/local/python/3.10.13/lib/python3.10/site-packages/airflow/example_dags/example_sla_dag.py took 0.103 seconds
[2024-04-22T06:17:12.314+0000] {processor.py:153} INFO - Started process (PID=45004) to work on /usr/local/python/3.10.13/lib/python3.10/site-packages/airflow/example_dags/example_sla_dag.py
[2024-04-22T06:17:12.315+0000] {processor.py:743} INFO - Processing file /usr/local/python/3.10.13/lib/python3.10/site-packages/airflow/example_dags/example_sla_dag.py for tasks to queue
[2024-04-22T06:17:12.315+0000] {logging_mixin.py:137} INFO - [2024-04-22T06:17:12.315+0000] {dagbag.py:538} INFO - Filling up the DagBag from /usr/local/python/3.10.13/lib/python3.10/site-packages/airflow/example_dags/example_sla_dag.py
[2024-04-22T06:17:12.336+0000] {processor.py:753} INFO - DAG(s) dict_keys(['example_sla_dag']) retrieved from /usr/local/python/3.10.13/lib/python3.10/site-packages/airflow/example_dags/example_sla_dag.py
[2024-04-22T06:17:12.350+0000] {logging_mixin.py:137} INFO - [2024-04-22T06:17:12.350+0000] {dag.py:2690} INFO - Sync 1 DAGs
[2024-04-22T06:17:12.369+0000] {logging_mixin.py:137} INFO - [2024-04-22T06:17:12.368+0000] {dag.py:3437} INFO - Setting next_dagrun for example_sla_dag to 2024-04-22T06:14:00+00:00, run_after=2024-04-22T06:16:00+00:00
[2024-04-22T06:17:12.417+0000] {processor.py:175} INFO - Processing /usr/local/python/3.10.13/lib/python3.10/site-packages/airflow/example_dags/example_sla_dag.py took 0.105 seconds
[2024-04-22T06:17:53.466+0000] {processor.py:153} INFO - Started process (PID=45307) to work on /usr/local/python/3.10.13/lib/python3.10/site-packages/airflow/example_dags/example_sla_dag.py
[2024-04-22T06:17:53.467+0000] {processor.py:743} INFO - Processing file /usr/local/python/3.10.13/lib/python3.10/site-packages/airflow/example_dags/example_sla_dag.py for tasks to queue
[2024-04-22T06:17:53.467+0000] {logging_mixin.py:137} INFO - [2024-04-22T06:17:53.467+0000] {dagbag.py:538} INFO - Filling up the DagBag from /usr/local/python/3.10.13/lib/python3.10/site-packages/airflow/example_dags/example_sla_dag.py
[2024-04-22T06:17:53.488+0000] {processor.py:753} INFO - DAG(s) dict_keys(['example_sla_dag']) retrieved from /usr/local/python/3.10.13/lib/python3.10/site-packages/airflow/example_dags/example_sla_dag.py
[2024-04-22T06:17:53.502+0000] {logging_mixin.py:137} INFO - [2024-04-22T06:17:53.502+0000] {dag.py:2690} INFO - Sync 1 DAGs
[2024-04-22T06:17:53.520+0000] {logging_mixin.py:137} INFO - [2024-04-22T06:17:53.520+0000] {dag.py:3437} INFO - Setting next_dagrun for example_sla_dag to 2024-04-22T06:14:00+00:00, run_after=2024-04-22T06:16:00+00:00
[2024-04-22T06:17:53.568+0000] {processor.py:175} INFO - Processing /usr/local/python/3.10.13/lib/python3.10/site-packages/airflow/example_dags/example_sla_dag.py took 0.105 seconds
[2024-04-22T06:18:31.966+0000] {processor.py:153} INFO - Started process (PID=45619) to work on /usr/local/python/3.10.13/lib/python3.10/site-packages/airflow/example_dags/example_sla_dag.py
[2024-04-22T06:18:31.966+0000] {processor.py:743} INFO - Processing file /usr/local/python/3.10.13/lib/python3.10/site-packages/airflow/example_dags/example_sla_dag.py for tasks to queue
[2024-04-22T06:18:31.967+0000] {logging_mixin.py:137} INFO - [2024-04-22T06:18:31.967+0000] {dagbag.py:538} INFO - Filling up the DagBag from /usr/local/python/3.10.13/lib/python3.10/site-packages/airflow/example_dags/example_sla_dag.py
[2024-04-22T06:18:31.989+0000] {processor.py:753} INFO - DAG(s) dict_keys(['example_sla_dag']) retrieved from /usr/local/python/3.10.13/lib/python3.10/site-packages/airflow/example_dags/example_sla_dag.py
[2024-04-22T06:18:32.004+0000] {logging_mixin.py:137} INFO - [2024-04-22T06:18:32.004+0000] {dag.py:2690} INFO - Sync 1 DAGs
[2024-04-22T06:18:32.021+0000] {logging_mixin.py:137} INFO - [2024-04-22T06:18:32.021+0000] {dag.py:3437} INFO - Setting next_dagrun for example_sla_dag to 2024-04-22T06:16:00+00:00, run_after=2024-04-22T06:18:00+00:00
[2024-04-22T06:18:32.068+0000] {processor.py:175} INFO - Processing /usr/local/python/3.10.13/lib/python3.10/site-packages/airflow/example_dags/example_sla_dag.py took 0.104 seconds
[2024-04-22T06:19:13.662+0000] {processor.py:153} INFO - Started process (PID=45896) to work on /usr/local/python/3.10.13/lib/python3.10/site-packages/airflow/example_dags/example_sla_dag.py
[2024-04-22T06:19:13.663+0000] {processor.py:743} INFO - Processing file /usr/local/python/3.10.13/lib/python3.10/site-packages/airflow/example_dags/example_sla_dag.py for tasks to queue
[2024-04-22T06:19:13.663+0000] {logging_mixin.py:137} INFO - [2024-04-22T06:19:13.663+0000] {dagbag.py:538} INFO - Filling up the DagBag from /usr/local/python/3.10.13/lib/python3.10/site-packages/airflow/example_dags/example_sla_dag.py
[2024-04-22T06:19:13.684+0000] {processor.py:753} INFO - DAG(s) dict_keys(['example_sla_dag']) retrieved from /usr/local/python/3.10.13/lib/python3.10/site-packages/airflow/example_dags/example_sla_dag.py
[2024-04-22T06:19:13.698+0000] {logging_mixin.py:137} INFO - [2024-04-22T06:19:13.697+0000] {dag.py:2690} INFO - Sync 1 DAGs
[2024-04-22T06:19:13.715+0000] {logging_mixin.py:137} INFO - [2024-04-22T06:19:13.715+0000] {dag.py:3437} INFO - Setting next_dagrun for example_sla_dag to 2024-04-22T06:16:00+00:00, run_after=2024-04-22T06:18:00+00:00
[2024-04-22T06:19:13.761+0000] {processor.py:175} INFO - Processing /usr/local/python/3.10.13/lib/python3.10/site-packages/airflow/example_dags/example_sla_dag.py took 0.101 seconds
[2024-04-22T06:19:54.646+0000] {processor.py:153} INFO - Started process (PID=46177) to work on /usr/local/python/3.10.13/lib/python3.10/site-packages/airflow/example_dags/example_sla_dag.py
[2024-04-22T06:19:54.647+0000] {processor.py:743} INFO - Processing file /usr/local/python/3.10.13/lib/python3.10/site-packages/airflow/example_dags/example_sla_dag.py for tasks to queue
[2024-04-22T06:19:54.647+0000] {logging_mixin.py:137} INFO - [2024-04-22T06:19:54.647+0000] {dagbag.py:538} INFO - Filling up the DagBag from /usr/local/python/3.10.13/lib/python3.10/site-packages/airflow/example_dags/example_sla_dag.py
[2024-04-22T06:19:54.668+0000] {processor.py:753} INFO - DAG(s) dict_keys(['example_sla_dag']) retrieved from /usr/local/python/3.10.13/lib/python3.10/site-packages/airflow/example_dags/example_sla_dag.py
[2024-04-22T06:19:54.682+0000] {logging_mixin.py:137} INFO - [2024-04-22T06:19:54.681+0000] {dag.py:2690} INFO - Sync 1 DAGs
[2024-04-22T06:19:54.699+0000] {logging_mixin.py:137} INFO - [2024-04-22T06:19:54.699+0000] {dag.py:3437} INFO - Setting next_dagrun for example_sla_dag to 2024-04-22T06:16:00+00:00, run_after=2024-04-22T06:18:00+00:00
[2024-04-22T06:19:54.835+0000] {processor.py:175} INFO - Processing /usr/local/python/3.10.13/lib/python3.10/site-packages/airflow/example_dags/example_sla_dag.py took 0.192 seconds
[2024-04-22T06:20:40.157+0000] {processor.py:153} INFO - Started process (PID=46477) to work on /usr/local/python/3.10.13/lib/python3.10/site-packages/airflow/example_dags/example_sla_dag.py
[2024-04-22T06:20:40.158+0000] {processor.py:743} INFO - Processing file /usr/local/python/3.10.13/lib/python3.10/site-packages/airflow/example_dags/example_sla_dag.py for tasks to queue
[2024-04-22T06:20:40.159+0000] {logging_mixin.py:137} INFO - [2024-04-22T06:20:40.158+0000] {dagbag.py:538} INFO - Filling up the DagBag from /usr/local/python/3.10.13/lib/python3.10/site-packages/airflow/example_dags/example_sla_dag.py
[2024-04-22T06:20:40.189+0000] {processor.py:753} INFO - DAG(s) dict_keys(['example_sla_dag']) retrieved from /usr/local/python/3.10.13/lib/python3.10/site-packages/airflow/example_dags/example_sla_dag.py
[2024-04-22T06:20:40.210+0000] {logging_mixin.py:137} INFO - [2024-04-22T06:20:40.210+0000] {dag.py:2690} INFO - Sync 1 DAGs
[2024-04-22T06:20:40.314+0000] {logging_mixin.py:137} INFO - [2024-04-22T06:20:40.314+0000] {dag.py:3437} INFO - Setting next_dagrun for example_sla_dag to 2024-04-22T06:18:00+00:00, run_after=2024-04-22T06:20:00+00:00
[2024-04-22T06:20:40.361+0000] {processor.py:175} INFO - Processing /usr/local/python/3.10.13/lib/python3.10/site-packages/airflow/example_dags/example_sla_dag.py took 0.207 seconds
[2024-04-22T06:21:24.780+0000] {processor.py:153} INFO - Started process (PID=46793) to work on /usr/local/python/3.10.13/lib/python3.10/site-packages/airflow/example_dags/example_sla_dag.py
[2024-04-22T06:21:24.781+0000] {processor.py:743} INFO - Processing file /usr/local/python/3.10.13/lib/python3.10/site-packages/airflow/example_dags/example_sla_dag.py for tasks to queue
[2024-04-22T06:21:24.782+0000] {logging_mixin.py:137} INFO - [2024-04-22T06:21:24.782+0000] {dagbag.py:538} INFO - Filling up the DagBag from /usr/local/python/3.10.13/lib/python3.10/site-packages/airflow/example_dags/example_sla_dag.py
[2024-04-22T06:21:24.804+0000] {processor.py:753} INFO - DAG(s) dict_keys(['example_sla_dag']) retrieved from /usr/local/python/3.10.13/lib/python3.10/site-packages/airflow/example_dags/example_sla_dag.py
[2024-04-22T06:21:24.819+0000] {logging_mixin.py:137} INFO - [2024-04-22T06:21:24.818+0000] {dag.py:2690} INFO - Sync 1 DAGs
[2024-04-22T06:21:24.963+0000] {logging_mixin.py:137} INFO - [2024-04-22T06:21:24.963+0000] {dag.py:3437} INFO - Setting next_dagrun for example_sla_dag to 2024-04-22T06:18:00+00:00, run_after=2024-04-22T06:20:00+00:00
[2024-04-22T06:21:25.023+0000] {processor.py:175} INFO - Processing /usr/local/python/3.10.13/lib/python3.10/site-packages/airflow/example_dags/example_sla_dag.py took 0.244 seconds
[2024-04-22T06:22:07.072+0000] {processor.py:153} INFO - Started process (PID=47077) to work on /usr/local/python/3.10.13/lib/python3.10/site-packages/airflow/example_dags/example_sla_dag.py
[2024-04-22T06:22:07.073+0000] {processor.py:743} INFO - Processing file /usr/local/python/3.10.13/lib/python3.10/site-packages/airflow/example_dags/example_sla_dag.py for tasks to queue
[2024-04-22T06:22:07.074+0000] {logging_mixin.py:137} INFO - [2024-04-22T06:22:07.073+0000] {dagbag.py:538} INFO - Filling up the DagBag from /usr/local/python/3.10.13/lib/python3.10/site-packages/airflow/example_dags/example_sla_dag.py
[2024-04-22T06:22:07.094+0000] {processor.py:753} INFO - DAG(s) dict_keys(['example_sla_dag']) retrieved from /usr/local/python/3.10.13/lib/python3.10/site-packages/airflow/example_dags/example_sla_dag.py
[2024-04-22T06:22:07.108+0000] {logging_mixin.py:137} INFO - [2024-04-22T06:22:07.108+0000] {dag.py:2690} INFO - Sync 1 DAGs
[2024-04-22T06:22:07.219+0000] {logging_mixin.py:137} INFO - [2024-04-22T06:22:07.219+0000] {dag.py:3437} INFO - Setting next_dagrun for example_sla_dag to 2024-04-22T06:20:00+00:00, run_after=2024-04-22T06:22:00+00:00
[2024-04-22T06:22:07.266+0000] {processor.py:175} INFO - Processing /usr/local/python/3.10.13/lib/python3.10/site-packages/airflow/example_dags/example_sla_dag.py took 0.196 seconds
[2024-04-22T06:22:44.158+0000] {processor.py:153} INFO - Started process (PID=47422) to work on /usr/local/python/3.10.13/lib/python3.10/site-packages/airflow/example_dags/example_sla_dag.py
[2024-04-22T06:22:44.159+0000] {processor.py:743} INFO - Processing file /usr/local/python/3.10.13/lib/python3.10/site-packages/airflow/example_dags/example_sla_dag.py for tasks to queue
[2024-04-22T06:22:44.159+0000] {logging_mixin.py:137} INFO - [2024-04-22T06:22:44.159+0000] {dagbag.py:538} INFO - Filling up the DagBag from /usr/local/python/3.10.13/lib/python3.10/site-packages/airflow/example_dags/example_sla_dag.py
[2024-04-22T06:22:44.180+0000] {processor.py:753} INFO - DAG(s) dict_keys(['example_sla_dag']) retrieved from /usr/local/python/3.10.13/lib/python3.10/site-packages/airflow/example_dags/example_sla_dag.py
[2024-04-22T06:22:44.285+0000] {logging_mixin.py:137} INFO - [2024-04-22T06:22:44.285+0000] {dag.py:2690} INFO - Sync 1 DAGs
[2024-04-22T06:22:44.302+0000] {logging_mixin.py:137} INFO - [2024-04-22T06:22:44.301+0000] {dag.py:3437} INFO - Setting next_dagrun for example_sla_dag to 2024-04-22T06:20:00+00:00, run_after=2024-04-22T06:22:00+00:00
[2024-04-22T06:22:44.348+0000] {processor.py:175} INFO - Processing /usr/local/python/3.10.13/lib/python3.10/site-packages/airflow/example_dags/example_sla_dag.py took 0.192 seconds
[2024-04-22T06:23:27.525+0000] {processor.py:153} INFO - Started process (PID=47808) to work on /usr/local/python/3.10.13/lib/python3.10/site-packages/airflow/example_dags/example_sla_dag.py
[2024-04-22T06:23:27.525+0000] {processor.py:743} INFO - Processing file /usr/local/python/3.10.13/lib/python3.10/site-packages/airflow/example_dags/example_sla_dag.py for tasks to queue
[2024-04-22T06:23:27.526+0000] {logging_mixin.py:137} INFO - [2024-04-22T06:23:27.526+0000] {dagbag.py:538} INFO - Filling up the DagBag from /usr/local/python/3.10.13/lib/python3.10/site-packages/airflow/example_dags/example_sla_dag.py
[2024-04-22T06:23:27.546+0000] {processor.py:753} INFO - DAG(s) dict_keys(['example_sla_dag']) retrieved from /usr/local/python/3.10.13/lib/python3.10/site-packages/airflow/example_dags/example_sla_dag.py
[2024-04-22T06:23:27.649+0000] {logging_mixin.py:137} INFO - [2024-04-22T06:23:27.649+0000] {dag.py:2690} INFO - Sync 1 DAGs
[2024-04-22T06:23:27.667+0000] {logging_mixin.py:137} INFO - [2024-04-22T06:23:27.667+0000] {dag.py:3437} INFO - Setting next_dagrun for example_sla_dag to 2024-04-22T06:20:00+00:00, run_after=2024-04-22T06:22:00+00:00
[2024-04-22T06:23:27.712+0000] {processor.py:175} INFO - Processing /usr/local/python/3.10.13/lib/python3.10/site-packages/airflow/example_dags/example_sla_dag.py took 0.189 seconds
[2024-04-22T06:24:10.136+0000] {processor.py:153} INFO - Started process (PID=48278) to work on /usr/local/python/3.10.13/lib/python3.10/site-packages/airflow/example_dags/example_sla_dag.py
[2024-04-22T06:24:10.137+0000] {processor.py:743} INFO - Processing file /usr/local/python/3.10.13/lib/python3.10/site-packages/airflow/example_dags/example_sla_dag.py for tasks to queue
[2024-04-22T06:24:10.138+0000] {logging_mixin.py:137} INFO - [2024-04-22T06:24:10.138+0000] {dagbag.py:538} INFO - Filling up the DagBag from /usr/local/python/3.10.13/lib/python3.10/site-packages/airflow/example_dags/example_sla_dag.py
[2024-04-22T06:24:10.255+0000] {processor.py:753} INFO - DAG(s) dict_keys(['example_sla_dag']) retrieved from /usr/local/python/3.10.13/lib/python3.10/site-packages/airflow/example_dags/example_sla_dag.py
[2024-04-22T06:24:10.269+0000] {logging_mixin.py:137} INFO - [2024-04-22T06:24:10.269+0000] {dag.py:2690} INFO - Sync 1 DAGs
[2024-04-22T06:24:10.285+0000] {logging_mixin.py:137} INFO - [2024-04-22T06:24:10.285+0000] {dag.py:3437} INFO - Setting next_dagrun for example_sla_dag to 2024-04-22T06:22:00+00:00, run_after=2024-04-22T06:24:00+00:00
[2024-04-22T06:24:10.338+0000] {processor.py:175} INFO - Processing /usr/local/python/3.10.13/lib/python3.10/site-packages/airflow/example_dags/example_sla_dag.py took 0.205 seconds
[2024-04-22T06:24:52.162+0000] {processor.py:153} INFO - Started process (PID=48741) to work on /usr/local/python/3.10.13/lib/python3.10/site-packages/airflow/example_dags/example_sla_dag.py
[2024-04-22T06:24:52.163+0000] {processor.py:743} INFO - Processing file /usr/local/python/3.10.13/lib/python3.10/site-packages/airflow/example_dags/example_sla_dag.py for tasks to queue
[2024-04-22T06:24:52.163+0000] {logging_mixin.py:137} INFO - [2024-04-22T06:24:52.163+0000] {dagbag.py:538} INFO - Filling up the DagBag from /usr/local/python/3.10.13/lib/python3.10/site-packages/airflow/example_dags/example_sla_dag.py
[2024-04-22T06:24:52.287+0000] {processor.py:753} INFO - DAG(s) dict_keys(['example_sla_dag']) retrieved from /usr/local/python/3.10.13/lib/python3.10/site-packages/airflow/example_dags/example_sla_dag.py
[2024-04-22T06:24:52.303+0000] {logging_mixin.py:137} INFO - [2024-04-22T06:24:52.303+0000] {dag.py:2690} INFO - Sync 1 DAGs
[2024-04-22T06:24:52.328+0000] {logging_mixin.py:137} INFO - [2024-04-22T06:24:52.328+0000] {dag.py:3437} INFO - Setting next_dagrun for example_sla_dag to 2024-04-22T06:22:00+00:00, run_after=2024-04-22T06:24:00+00:00
[2024-04-22T06:24:52.393+0000] {processor.py:175} INFO - Processing /usr/local/python/3.10.13/lib/python3.10/site-packages/airflow/example_dags/example_sla_dag.py took 0.233 seconds
[2024-04-22T06:25:35.417+0000] {processor.py:153} INFO - Started process (PID=49219) to work on /usr/local/python/3.10.13/lib/python3.10/site-packages/airflow/example_dags/example_sla_dag.py
[2024-04-22T06:25:35.418+0000] {processor.py:743} INFO - Processing file /usr/local/python/3.10.13/lib/python3.10/site-packages/airflow/example_dags/example_sla_dag.py for tasks to queue
[2024-04-22T06:25:35.418+0000] {logging_mixin.py:137} INFO - [2024-04-22T06:25:35.418+0000] {dagbag.py:538} INFO - Filling up the DagBag from /usr/local/python/3.10.13/lib/python3.10/site-packages/airflow/example_dags/example_sla_dag.py
[2024-04-22T06:25:35.440+0000] {processor.py:753} INFO - DAG(s) dict_keys(['example_sla_dag']) retrieved from /usr/local/python/3.10.13/lib/python3.10/site-packages/airflow/example_dags/example_sla_dag.py
[2024-04-22T06:25:35.453+0000] {logging_mixin.py:137} INFO - [2024-04-22T06:25:35.453+0000] {dag.py:2690} INFO - Sync 1 DAGs
[2024-04-22T06:25:35.472+0000] {logging_mixin.py:137} INFO - [2024-04-22T06:25:35.472+0000] {dag.py:3437} INFO - Setting next_dagrun for example_sla_dag to 2024-04-22T06:22:00+00:00, run_after=2024-04-22T06:24:00+00:00
[2024-04-22T06:25:35.516+0000] {processor.py:175} INFO - Processing /usr/local/python/3.10.13/lib/python3.10/site-packages/airflow/example_dags/example_sla_dag.py took 0.101 seconds
[2024-04-22T06:26:15.458+0000] {processor.py:153} INFO - Started process (PID=49564) to work on /usr/local/python/3.10.13/lib/python3.10/site-packages/airflow/example_dags/example_sla_dag.py
[2024-04-22T06:26:15.459+0000] {processor.py:743} INFO - Processing file /usr/local/python/3.10.13/lib/python3.10/site-packages/airflow/example_dags/example_sla_dag.py for tasks to queue
[2024-04-22T06:26:15.460+0000] {logging_mixin.py:137} INFO - [2024-04-22T06:26:15.460+0000] {dagbag.py:538} INFO - Filling up the DagBag from /usr/local/python/3.10.13/lib/python3.10/site-packages/airflow/example_dags/example_sla_dag.py
[2024-04-22T06:26:15.481+0000] {processor.py:753} INFO - DAG(s) dict_keys(['example_sla_dag']) retrieved from /usr/local/python/3.10.13/lib/python3.10/site-packages/airflow/example_dags/example_sla_dag.py
[2024-04-22T06:26:15.495+0000] {logging_mixin.py:137} INFO - [2024-04-22T06:26:15.495+0000] {dag.py:2690} INFO - Sync 1 DAGs
[2024-04-22T06:26:15.514+0000] {logging_mixin.py:137} INFO - [2024-04-22T06:26:15.513+0000] {dag.py:3437} INFO - Setting next_dagrun for example_sla_dag to 2024-04-22T06:24:00+00:00, run_after=2024-04-22T06:26:00+00:00
[2024-04-22T06:26:15.559+0000] {processor.py:175} INFO - Processing /usr/local/python/3.10.13/lib/python3.10/site-packages/airflow/example_dags/example_sla_dag.py took 0.103 seconds
[2024-04-22T06:26:55.869+0000] {processor.py:153} INFO - Started process (PID=49948) to work on /usr/local/python/3.10.13/lib/python3.10/site-packages/airflow/example_dags/example_sla_dag.py
[2024-04-22T06:26:55.870+0000] {processor.py:743} INFO - Processing file /usr/local/python/3.10.13/lib/python3.10/site-packages/airflow/example_dags/example_sla_dag.py for tasks to queue
[2024-04-22T06:26:55.871+0000] {logging_mixin.py:137} INFO - [2024-04-22T06:26:55.870+0000] {dagbag.py:538} INFO - Filling up the DagBag from /usr/local/python/3.10.13/lib/python3.10/site-packages/airflow/example_dags/example_sla_dag.py
[2024-04-22T06:26:55.892+0000] {processor.py:753} INFO - DAG(s) dict_keys(['example_sla_dag']) retrieved from /usr/local/python/3.10.13/lib/python3.10/site-packages/airflow/example_dags/example_sla_dag.py
[2024-04-22T06:26:55.915+0000] {logging_mixin.py:137} INFO - [2024-04-22T06:26:55.915+0000] {dag.py:2690} INFO - Sync 1 DAGs
[2024-04-22T06:26:55.944+0000] {logging_mixin.py:137} INFO - [2024-04-22T06:26:55.944+0000] {dag.py:3437} INFO - Setting next_dagrun for example_sla_dag to 2024-04-22T06:24:00+00:00, run_after=2024-04-22T06:26:00+00:00
[2024-04-22T06:26:55.995+0000] {processor.py:175} INFO - Processing /usr/local/python/3.10.13/lib/python3.10/site-packages/airflow/example_dags/example_sla_dag.py took 0.127 seconds
[2024-04-22T06:27:36.800+0000] {processor.py:153} INFO - Started process (PID=50311) to work on /usr/local/python/3.10.13/lib/python3.10/site-packages/airflow/example_dags/example_sla_dag.py
[2024-04-22T06:27:36.800+0000] {processor.py:743} INFO - Processing file /usr/local/python/3.10.13/lib/python3.10/site-packages/airflow/example_dags/example_sla_dag.py for tasks to queue
[2024-04-22T06:27:36.801+0000] {logging_mixin.py:137} INFO - [2024-04-22T06:27:36.801+0000] {dagbag.py:538} INFO - Filling up the DagBag from /usr/local/python/3.10.13/lib/python3.10/site-packages/airflow/example_dags/example_sla_dag.py
[2024-04-22T06:27:36.822+0000] {processor.py:753} INFO - DAG(s) dict_keys(['example_sla_dag']) retrieved from /usr/local/python/3.10.13/lib/python3.10/site-packages/airflow/example_dags/example_sla_dag.py
[2024-04-22T06:27:36.836+0000] {logging_mixin.py:137} INFO - [2024-04-22T06:27:36.836+0000] {dag.py:2690} INFO - Sync 1 DAGs
[2024-04-22T06:27:36.856+0000] {logging_mixin.py:137} INFO - [2024-04-22T06:27:36.856+0000] {dag.py:3437} INFO - Setting next_dagrun for example_sla_dag to 2024-04-22T06:24:00+00:00, run_after=2024-04-22T06:26:00+00:00
[2024-04-22T06:27:36.903+0000] {processor.py:175} INFO - Processing /usr/local/python/3.10.13/lib/python3.10/site-packages/airflow/example_dags/example_sla_dag.py took 0.106 seconds
