[2024-04-22T06:13:20.886+0000] {processor.py:153} INFO - Started process (PID=43432) to work on /usr/local/python/3.10.13/lib/python3.10/site-packages/airflow/example_dags/example_branch_python_dop_operator_3.py
[2024-04-22T06:13:20.887+0000] {processor.py:743} INFO - Processing file /usr/local/python/3.10.13/lib/python3.10/site-packages/airflow/example_dags/example_branch_python_dop_operator_3.py for tasks to queue
[2024-04-22T06:13:20.888+0000] {logging_mixin.py:137} INFO - [2024-04-22T06:13:20.888+0000] {dagbag.py:538} INFO - Filling up the DagBag from /usr/local/python/3.10.13/lib/python3.10/site-packages/airflow/example_dags/example_branch_python_dop_operator_3.py
[2024-04-22T06:13:20.917+0000] {processor.py:753} INFO - DAG(s) dict_keys(['example_branch_dop_operator_v3']) retrieved from /usr/local/python/3.10.13/lib/python3.10/site-packages/airflow/example_dags/example_branch_python_dop_operator_3.py
[2024-04-22T06:13:21.076+0000] {logging_mixin.py:137} INFO - [2024-04-22T06:13:21.075+0000] {manager.py:504} INFO - Created Permission View: can delete on DAG:example_branch_dop_operator_v3
[2024-04-22T06:13:21.121+0000] {logging_mixin.py:137} INFO - [2024-04-22T06:13:21.121+0000] {manager.py:504} INFO - Created Permission View: can edit on DAG:example_branch_dop_operator_v3
[2024-04-22T06:13:21.162+0000] {logging_mixin.py:137} INFO - [2024-04-22T06:13:21.162+0000] {manager.py:504} INFO - Created Permission View: can read on DAG:example_branch_dop_operator_v3
[2024-04-22T06:13:21.162+0000] {logging_mixin.py:137} INFO - [2024-04-22T06:13:21.162+0000] {dag.py:2690} INFO - Sync 1 DAGs
[2024-04-22T06:13:21.170+0000] {logging_mixin.py:137} INFO - [2024-04-22T06:13:21.170+0000] {dag.py:2711} INFO - Creating ORM DAG for example_branch_dop_operator_v3
[2024-04-22T06:13:21.182+0000] {logging_mixin.py:137} INFO - [2024-04-22T06:13:21.182+0000] {dag.py:3437} INFO - Setting next_dagrun for example_branch_dop_operator_v3 to 2024-04-22T06:12:00+00:00, run_after=2024-04-22T06:13:00+00:00
[2024-04-22T06:13:21.233+0000] {processor.py:175} INFO - Processing /usr/local/python/3.10.13/lib/python3.10/site-packages/airflow/example_dags/example_branch_python_dop_operator_3.py took 0.350 seconds
[2024-04-22T06:14:05.262+0000] {processor.py:153} INFO - Started process (PID=43742) to work on /usr/local/python/3.10.13/lib/python3.10/site-packages/airflow/example_dags/example_branch_python_dop_operator_3.py
[2024-04-22T06:14:05.263+0000] {processor.py:743} INFO - Processing file /usr/local/python/3.10.13/lib/python3.10/site-packages/airflow/example_dags/example_branch_python_dop_operator_3.py for tasks to queue
[2024-04-22T06:14:05.264+0000] {logging_mixin.py:137} INFO - [2024-04-22T06:14:05.264+0000] {dagbag.py:538} INFO - Filling up the DagBag from /usr/local/python/3.10.13/lib/python3.10/site-packages/airflow/example_dags/example_branch_python_dop_operator_3.py
[2024-04-22T06:14:05.286+0000] {processor.py:753} INFO - DAG(s) dict_keys(['example_branch_dop_operator_v3']) retrieved from /usr/local/python/3.10.13/lib/python3.10/site-packages/airflow/example_dags/example_branch_python_dop_operator_3.py
[2024-04-22T06:14:05.300+0000] {logging_mixin.py:137} INFO - [2024-04-22T06:14:05.300+0000] {dag.py:2690} INFO - Sync 1 DAGs
[2024-04-22T06:14:05.320+0000] {logging_mixin.py:137} INFO - [2024-04-22T06:14:05.320+0000] {dag.py:3437} INFO - Setting next_dagrun for example_branch_dop_operator_v3 to 2024-04-22T06:13:00+00:00, run_after=2024-04-22T06:14:00+00:00
[2024-04-22T06:14:05.380+0000] {processor.py:175} INFO - Processing /usr/local/python/3.10.13/lib/python3.10/site-packages/airflow/example_dags/example_branch_python_dop_operator_3.py took 0.120 seconds
[2024-04-22T06:14:46.218+0000] {processor.py:153} INFO - Started process (PID=44019) to work on /usr/local/python/3.10.13/lib/python3.10/site-packages/airflow/example_dags/example_branch_python_dop_operator_3.py
[2024-04-22T06:14:46.219+0000] {processor.py:743} INFO - Processing file /usr/local/python/3.10.13/lib/python3.10/site-packages/airflow/example_dags/example_branch_python_dop_operator_3.py for tasks to queue
[2024-04-22T06:14:46.219+0000] {logging_mixin.py:137} INFO - [2024-04-22T06:14:46.219+0000] {dagbag.py:538} INFO - Filling up the DagBag from /usr/local/python/3.10.13/lib/python3.10/site-packages/airflow/example_dags/example_branch_python_dop_operator_3.py
[2024-04-22T06:14:46.241+0000] {processor.py:753} INFO - DAG(s) dict_keys(['example_branch_dop_operator_v3']) retrieved from /usr/local/python/3.10.13/lib/python3.10/site-packages/airflow/example_dags/example_branch_python_dop_operator_3.py
[2024-04-22T06:14:46.257+0000] {logging_mixin.py:137} INFO - [2024-04-22T06:14:46.257+0000] {dag.py:2690} INFO - Sync 1 DAGs
[2024-04-22T06:14:46.283+0000] {logging_mixin.py:137} INFO - [2024-04-22T06:14:46.283+0000] {dag.py:3437} INFO - Setting next_dagrun for example_branch_dop_operator_v3 to 2024-04-22T06:13:00+00:00, run_after=2024-04-22T06:14:00+00:00
[2024-04-22T06:14:46.335+0000] {processor.py:175} INFO - Processing /usr/local/python/3.10.13/lib/python3.10/site-packages/airflow/example_dags/example_branch_python_dop_operator_3.py took 0.119 seconds
[2024-04-22T06:15:26.479+0000] {processor.py:153} INFO - Started process (PID=44293) to work on /usr/local/python/3.10.13/lib/python3.10/site-packages/airflow/example_dags/example_branch_python_dop_operator_3.py
[2024-04-22T06:15:26.479+0000] {processor.py:743} INFO - Processing file /usr/local/python/3.10.13/lib/python3.10/site-packages/airflow/example_dags/example_branch_python_dop_operator_3.py for tasks to queue
[2024-04-22T06:15:26.480+0000] {logging_mixin.py:137} INFO - [2024-04-22T06:15:26.480+0000] {dagbag.py:538} INFO - Filling up the DagBag from /usr/local/python/3.10.13/lib/python3.10/site-packages/airflow/example_dags/example_branch_python_dop_operator_3.py
[2024-04-22T06:15:26.502+0000] {processor.py:753} INFO - DAG(s) dict_keys(['example_branch_dop_operator_v3']) retrieved from /usr/local/python/3.10.13/lib/python3.10/site-packages/airflow/example_dags/example_branch_python_dop_operator_3.py
[2024-04-22T06:15:26.515+0000] {logging_mixin.py:137} INFO - [2024-04-22T06:15:26.515+0000] {dag.py:2690} INFO - Sync 1 DAGs
[2024-04-22T06:15:26.534+0000] {logging_mixin.py:137} INFO - [2024-04-22T06:15:26.534+0000] {dag.py:3437} INFO - Setting next_dagrun for example_branch_dop_operator_v3 to 2024-04-22T06:14:00+00:00, run_after=2024-04-22T06:15:00+00:00
[2024-04-22T06:15:26.584+0000] {processor.py:175} INFO - Processing /usr/local/python/3.10.13/lib/python3.10/site-packages/airflow/example_dags/example_branch_python_dop_operator_3.py took 0.108 seconds
[2024-04-22T06:16:06.916+0000] {processor.py:153} INFO - Started process (PID=44567) to work on /usr/local/python/3.10.13/lib/python3.10/site-packages/airflow/example_dags/example_branch_python_dop_operator_3.py
[2024-04-22T06:16:06.917+0000] {processor.py:743} INFO - Processing file /usr/local/python/3.10.13/lib/python3.10/site-packages/airflow/example_dags/example_branch_python_dop_operator_3.py for tasks to queue
[2024-04-22T06:16:06.917+0000] {logging_mixin.py:137} INFO - [2024-04-22T06:16:06.917+0000] {dagbag.py:538} INFO - Filling up the DagBag from /usr/local/python/3.10.13/lib/python3.10/site-packages/airflow/example_dags/example_branch_python_dop_operator_3.py
[2024-04-22T06:16:06.940+0000] {processor.py:753} INFO - DAG(s) dict_keys(['example_branch_dop_operator_v3']) retrieved from /usr/local/python/3.10.13/lib/python3.10/site-packages/airflow/example_dags/example_branch_python_dop_operator_3.py
[2024-04-22T06:16:06.955+0000] {logging_mixin.py:137} INFO - [2024-04-22T06:16:06.955+0000] {dag.py:2690} INFO - Sync 1 DAGs
[2024-04-22T06:16:06.975+0000] {logging_mixin.py:137} INFO - [2024-04-22T06:16:06.975+0000] {dag.py:3437} INFO - Setting next_dagrun for example_branch_dop_operator_v3 to 2024-04-22T06:15:00+00:00, run_after=2024-04-22T06:16:00+00:00
[2024-04-22T06:16:07.023+0000] {processor.py:175} INFO - Processing /usr/local/python/3.10.13/lib/python3.10/site-packages/airflow/example_dags/example_branch_python_dop_operator_3.py took 0.110 seconds
[2024-04-22T06:16:48.244+0000] {processor.py:153} INFO - Started process (PID=44853) to work on /usr/local/python/3.10.13/lib/python3.10/site-packages/airflow/example_dags/example_branch_python_dop_operator_3.py
[2024-04-22T06:16:48.245+0000] {processor.py:743} INFO - Processing file /usr/local/python/3.10.13/lib/python3.10/site-packages/airflow/example_dags/example_branch_python_dop_operator_3.py for tasks to queue
[2024-04-22T06:16:48.245+0000] {logging_mixin.py:137} INFO - [2024-04-22T06:16:48.245+0000] {dagbag.py:538} INFO - Filling up the DagBag from /usr/local/python/3.10.13/lib/python3.10/site-packages/airflow/example_dags/example_branch_python_dop_operator_3.py
[2024-04-22T06:16:48.267+0000] {processor.py:753} INFO - DAG(s) dict_keys(['example_branch_dop_operator_v3']) retrieved from /usr/local/python/3.10.13/lib/python3.10/site-packages/airflow/example_dags/example_branch_python_dop_operator_3.py
[2024-04-22T06:16:48.281+0000] {logging_mixin.py:137} INFO - [2024-04-22T06:16:48.281+0000] {dag.py:2690} INFO - Sync 1 DAGs
[2024-04-22T06:16:48.300+0000] {logging_mixin.py:137} INFO - [2024-04-22T06:16:48.300+0000] {dag.py:3437} INFO - Setting next_dagrun for example_branch_dop_operator_v3 to 2024-04-22T06:15:00+00:00, run_after=2024-04-22T06:16:00+00:00
[2024-04-22T06:16:48.346+0000] {processor.py:175} INFO - Processing /usr/local/python/3.10.13/lib/python3.10/site-packages/airflow/example_dags/example_branch_python_dop_operator_3.py took 0.105 seconds
[2024-04-22T06:17:30.709+0000] {processor.py:153} INFO - Started process (PID=45136) to work on /usr/local/python/3.10.13/lib/python3.10/site-packages/airflow/example_dags/example_branch_python_dop_operator_3.py
[2024-04-22T06:17:30.710+0000] {processor.py:743} INFO - Processing file /usr/local/python/3.10.13/lib/python3.10/site-packages/airflow/example_dags/example_branch_python_dop_operator_3.py for tasks to queue
[2024-04-22T06:17:30.710+0000] {logging_mixin.py:137} INFO - [2024-04-22T06:17:30.710+0000] {dagbag.py:538} INFO - Filling up the DagBag from /usr/local/python/3.10.13/lib/python3.10/site-packages/airflow/example_dags/example_branch_python_dop_operator_3.py
[2024-04-22T06:17:30.732+0000] {processor.py:753} INFO - DAG(s) dict_keys(['example_branch_dop_operator_v3']) retrieved from /usr/local/python/3.10.13/lib/python3.10/site-packages/airflow/example_dags/example_branch_python_dop_operator_3.py
[2024-04-22T06:17:30.753+0000] {logging_mixin.py:137} INFO - [2024-04-22T06:17:30.753+0000] {dag.py:2690} INFO - Sync 1 DAGs
[2024-04-22T06:17:30.783+0000] {logging_mixin.py:137} INFO - [2024-04-22T06:17:30.783+0000] {dag.py:3437} INFO - Setting next_dagrun for example_branch_dop_operator_v3 to 2024-04-22T06:16:00+00:00, run_after=2024-04-22T06:17:00+00:00
[2024-04-22T06:17:30.831+0000] {processor.py:175} INFO - Processing /usr/local/python/3.10.13/lib/python3.10/site-packages/airflow/example_dags/example_branch_python_dop_operator_3.py took 0.123 seconds
[2024-04-22T06:18:11.057+0000] {processor.py:153} INFO - Started process (PID=45475) to work on /usr/local/python/3.10.13/lib/python3.10/site-packages/airflow/example_dags/example_branch_python_dop_operator_3.py
[2024-04-22T06:18:11.058+0000] {processor.py:743} INFO - Processing file /usr/local/python/3.10.13/lib/python3.10/site-packages/airflow/example_dags/example_branch_python_dop_operator_3.py for tasks to queue
[2024-04-22T06:18:11.058+0000] {logging_mixin.py:137} INFO - [2024-04-22T06:18:11.058+0000] {dagbag.py:538} INFO - Filling up the DagBag from /usr/local/python/3.10.13/lib/python3.10/site-packages/airflow/example_dags/example_branch_python_dop_operator_3.py
[2024-04-22T06:18:11.080+0000] {processor.py:753} INFO - DAG(s) dict_keys(['example_branch_dop_operator_v3']) retrieved from /usr/local/python/3.10.13/lib/python3.10/site-packages/airflow/example_dags/example_branch_python_dop_operator_3.py
[2024-04-22T06:18:11.094+0000] {logging_mixin.py:137} INFO - [2024-04-22T06:18:11.093+0000] {dag.py:2690} INFO - Sync 1 DAGs
[2024-04-22T06:18:11.112+0000] {logging_mixin.py:137} INFO - [2024-04-22T06:18:11.112+0000] {dag.py:3437} INFO - Setting next_dagrun for example_branch_dop_operator_v3 to 2024-04-22T06:17:00+00:00, run_after=2024-04-22T06:18:00+00:00
[2024-04-22T06:18:11.162+0000] {processor.py:175} INFO - Processing /usr/local/python/3.10.13/lib/python3.10/site-packages/airflow/example_dags/example_branch_python_dop_operator_3.py took 0.107 seconds
[2024-04-22T06:18:52.823+0000] {processor.py:153} INFO - Started process (PID=45760) to work on /usr/local/python/3.10.13/lib/python3.10/site-packages/airflow/example_dags/example_branch_python_dop_operator_3.py
[2024-04-22T06:18:52.823+0000] {processor.py:743} INFO - Processing file /usr/local/python/3.10.13/lib/python3.10/site-packages/airflow/example_dags/example_branch_python_dop_operator_3.py for tasks to queue
[2024-04-22T06:18:52.824+0000] {logging_mixin.py:137} INFO - [2024-04-22T06:18:52.824+0000] {dagbag.py:538} INFO - Filling up the DagBag from /usr/local/python/3.10.13/lib/python3.10/site-packages/airflow/example_dags/example_branch_python_dop_operator_3.py
[2024-04-22T06:18:52.845+0000] {processor.py:753} INFO - DAG(s) dict_keys(['example_branch_dop_operator_v3']) retrieved from /usr/local/python/3.10.13/lib/python3.10/site-packages/airflow/example_dags/example_branch_python_dop_operator_3.py
[2024-04-22T06:18:52.859+0000] {logging_mixin.py:137} INFO - [2024-04-22T06:18:52.859+0000] {dag.py:2690} INFO - Sync 1 DAGs
[2024-04-22T06:18:52.878+0000] {logging_mixin.py:137} INFO - [2024-04-22T06:18:52.878+0000] {dag.py:3437} INFO - Setting next_dagrun for example_branch_dop_operator_v3 to 2024-04-22T06:17:00+00:00, run_after=2024-04-22T06:18:00+00:00
[2024-04-22T06:18:52.925+0000] {processor.py:175} INFO - Processing /usr/local/python/3.10.13/lib/python3.10/site-packages/airflow/example_dags/example_branch_python_dop_operator_3.py took 0.104 seconds
[2024-04-22T06:19:34.752+0000] {processor.py:153} INFO - Started process (PID=46038) to work on /usr/local/python/3.10.13/lib/python3.10/site-packages/airflow/example_dags/example_branch_python_dop_operator_3.py
[2024-04-22T06:19:34.753+0000] {processor.py:743} INFO - Processing file /usr/local/python/3.10.13/lib/python3.10/site-packages/airflow/example_dags/example_branch_python_dop_operator_3.py for tasks to queue
[2024-04-22T06:19:34.753+0000] {logging_mixin.py:137} INFO - [2024-04-22T06:19:34.753+0000] {dagbag.py:538} INFO - Filling up the DagBag from /usr/local/python/3.10.13/lib/python3.10/site-packages/airflow/example_dags/example_branch_python_dop_operator_3.py
[2024-04-22T06:19:34.776+0000] {processor.py:753} INFO - DAG(s) dict_keys(['example_branch_dop_operator_v3']) retrieved from /usr/local/python/3.10.13/lib/python3.10/site-packages/airflow/example_dags/example_branch_python_dop_operator_3.py
[2024-04-22T06:19:34.789+0000] {logging_mixin.py:137} INFO - [2024-04-22T06:19:34.789+0000] {dag.py:2690} INFO - Sync 1 DAGs
[2024-04-22T06:19:34.808+0000] {logging_mixin.py:137} INFO - [2024-04-22T06:19:34.808+0000] {dag.py:3437} INFO - Setting next_dagrun for example_branch_dop_operator_v3 to 2024-04-22T06:18:00+00:00, run_after=2024-04-22T06:19:00+00:00
[2024-04-22T06:19:34.857+0000] {processor.py:175} INFO - Processing /usr/local/python/3.10.13/lib/python3.10/site-packages/airflow/example_dags/example_branch_python_dop_operator_3.py took 0.107 seconds
[2024-04-22T06:20:18.423+0000] {processor.py:153} INFO - Started process (PID=46331) to work on /usr/local/python/3.10.13/lib/python3.10/site-packages/airflow/example_dags/example_branch_python_dop_operator_3.py
[2024-04-22T06:20:18.424+0000] {processor.py:743} INFO - Processing file /usr/local/python/3.10.13/lib/python3.10/site-packages/airflow/example_dags/example_branch_python_dop_operator_3.py for tasks to queue
[2024-04-22T06:20:18.425+0000] {logging_mixin.py:137} INFO - [2024-04-22T06:20:18.424+0000] {dagbag.py:538} INFO - Filling up the DagBag from /usr/local/python/3.10.13/lib/python3.10/site-packages/airflow/example_dags/example_branch_python_dop_operator_3.py
[2024-04-22T06:20:18.457+0000] {processor.py:753} INFO - DAG(s) dict_keys(['example_branch_dop_operator_v3']) retrieved from /usr/local/python/3.10.13/lib/python3.10/site-packages/airflow/example_dags/example_branch_python_dop_operator_3.py
[2024-04-22T06:20:18.483+0000] {logging_mixin.py:137} INFO - [2024-04-22T06:20:18.482+0000] {dag.py:2690} INFO - Sync 1 DAGs
[2024-04-22T06:20:18.522+0000] {logging_mixin.py:137} INFO - [2024-04-22T06:20:18.522+0000] {dag.py:3437} INFO - Setting next_dagrun for example_branch_dop_operator_v3 to 2024-04-22T06:19:00+00:00, run_after=2024-04-22T06:20:00+00:00
[2024-04-22T06:20:18.671+0000] {processor.py:175} INFO - Processing /usr/local/python/3.10.13/lib/python3.10/site-packages/airflow/example_dags/example_branch_python_dop_operator_3.py took 0.252 seconds
[2024-04-22T06:21:07.168+0000] {processor.py:153} INFO - Started process (PID=46669) to work on /usr/local/python/3.10.13/lib/python3.10/site-packages/airflow/example_dags/example_branch_python_dop_operator_3.py
[2024-04-22T06:21:07.169+0000] {processor.py:743} INFO - Processing file /usr/local/python/3.10.13/lib/python3.10/site-packages/airflow/example_dags/example_branch_python_dop_operator_3.py for tasks to queue
[2024-04-22T06:21:07.169+0000] {logging_mixin.py:137} INFO - [2024-04-22T06:21:07.169+0000] {dagbag.py:538} INFO - Filling up the DagBag from /usr/local/python/3.10.13/lib/python3.10/site-packages/airflow/example_dags/example_branch_python_dop_operator_3.py
[2024-04-22T06:21:07.192+0000] {processor.py:753} INFO - DAG(s) dict_keys(['example_branch_dop_operator_v3']) retrieved from /usr/local/python/3.10.13/lib/python3.10/site-packages/airflow/example_dags/example_branch_python_dop_operator_3.py
[2024-04-22T06:21:07.206+0000] {logging_mixin.py:137} INFO - [2024-04-22T06:21:07.206+0000] {dag.py:2690} INFO - Sync 1 DAGs
[2024-04-22T06:21:07.325+0000] {logging_mixin.py:137} INFO - [2024-04-22T06:21:07.325+0000] {dag.py:3437} INFO - Setting next_dagrun for example_branch_dop_operator_v3 to 2024-04-22T06:20:00+00:00, run_after=2024-04-22T06:21:00+00:00
[2024-04-22T06:21:07.374+0000] {processor.py:175} INFO - Processing /usr/local/python/3.10.13/lib/python3.10/site-packages/airflow/example_dags/example_branch_python_dop_operator_3.py took 0.210 seconds
[2024-04-22T06:21:53.249+0000] {processor.py:153} INFO - Started process (PID=46991) to work on /usr/local/python/3.10.13/lib/python3.10/site-packages/airflow/example_dags/example_branch_python_dop_operator_3.py
[2024-04-22T06:21:53.249+0000] {processor.py:743} INFO - Processing file /usr/local/python/3.10.13/lib/python3.10/site-packages/airflow/example_dags/example_branch_python_dop_operator_3.py for tasks to queue
[2024-04-22T06:21:53.250+0000] {logging_mixin.py:137} INFO - [2024-04-22T06:21:53.250+0000] {dagbag.py:538} INFO - Filling up the DagBag from /usr/local/python/3.10.13/lib/python3.10/site-packages/airflow/example_dags/example_branch_python_dop_operator_3.py
[2024-04-22T06:21:53.271+0000] {processor.py:753} INFO - DAG(s) dict_keys(['example_branch_dop_operator_v3']) retrieved from /usr/local/python/3.10.13/lib/python3.10/site-packages/airflow/example_dags/example_branch_python_dop_operator_3.py
[2024-04-22T06:21:53.285+0000] {logging_mixin.py:137} INFO - [2024-04-22T06:21:53.285+0000] {dag.py:2690} INFO - Sync 1 DAGs
[2024-04-22T06:21:53.398+0000] {logging_mixin.py:137} INFO - [2024-04-22T06:21:53.397+0000] {dag.py:3437} INFO - Setting next_dagrun for example_branch_dop_operator_v3 to 2024-04-22T06:20:00+00:00, run_after=2024-04-22T06:21:00+00:00
[2024-04-22T06:21:53.446+0000] {processor.py:175} INFO - Processing /usr/local/python/3.10.13/lib/python3.10/site-packages/airflow/example_dags/example_branch_python_dop_operator_3.py took 0.199 seconds
[2024-04-22T06:22:35.713+0000] {processor.py:153} INFO - Started process (PID=47360) to work on /usr/local/python/3.10.13/lib/python3.10/site-packages/airflow/example_dags/example_branch_python_dop_operator_3.py
[2024-04-22T06:22:35.713+0000] {processor.py:743} INFO - Processing file /usr/local/python/3.10.13/lib/python3.10/site-packages/airflow/example_dags/example_branch_python_dop_operator_3.py for tasks to queue
[2024-04-22T06:22:35.714+0000] {logging_mixin.py:137} INFO - [2024-04-22T06:22:35.714+0000] {dagbag.py:538} INFO - Filling up the DagBag from /usr/local/python/3.10.13/lib/python3.10/site-packages/airflow/example_dags/example_branch_python_dop_operator_3.py
[2024-04-22T06:22:35.736+0000] {processor.py:753} INFO - DAG(s) dict_keys(['example_branch_dop_operator_v3']) retrieved from /usr/local/python/3.10.13/lib/python3.10/site-packages/airflow/example_dags/example_branch_python_dop_operator_3.py
[2024-04-22T06:22:35.843+0000] {logging_mixin.py:137} INFO - [2024-04-22T06:22:35.843+0000] {dag.py:2690} INFO - Sync 1 DAGs
[2024-04-22T06:22:35.862+0000] {logging_mixin.py:137} INFO - [2024-04-22T06:22:35.862+0000] {dag.py:3437} INFO - Setting next_dagrun for example_branch_dop_operator_v3 to 2024-04-22T06:21:00+00:00, run_after=2024-04-22T06:22:00+00:00
[2024-04-22T06:22:35.909+0000] {processor.py:175} INFO - Processing /usr/local/python/3.10.13/lib/python3.10/site-packages/airflow/example_dags/example_branch_python_dop_operator_3.py took 0.199 seconds
[2024-04-22T06:23:19.126+0000] {processor.py:153} INFO - Started process (PID=47707) to work on /usr/local/python/3.10.13/lib/python3.10/site-packages/airflow/example_dags/example_branch_python_dop_operator_3.py
[2024-04-22T06:23:19.128+0000] {processor.py:743} INFO - Processing file /usr/local/python/3.10.13/lib/python3.10/site-packages/airflow/example_dags/example_branch_python_dop_operator_3.py for tasks to queue
[2024-04-22T06:23:19.129+0000] {logging_mixin.py:137} INFO - [2024-04-22T06:23:19.129+0000] {dagbag.py:538} INFO - Filling up the DagBag from /usr/local/python/3.10.13/lib/python3.10/site-packages/airflow/example_dags/example_branch_python_dop_operator_3.py
[2024-04-22T06:23:19.152+0000] {processor.py:753} INFO - DAG(s) dict_keys(['example_branch_dop_operator_v3']) retrieved from /usr/local/python/3.10.13/lib/python3.10/site-packages/airflow/example_dags/example_branch_python_dop_operator_3.py
[2024-04-22T06:23:19.264+0000] {logging_mixin.py:137} INFO - [2024-04-22T06:23:19.264+0000] {dag.py:2690} INFO - Sync 1 DAGs
[2024-04-22T06:23:19.282+0000] {logging_mixin.py:137} INFO - [2024-04-22T06:23:19.282+0000] {dag.py:3437} INFO - Setting next_dagrun for example_branch_dop_operator_v3 to 2024-04-22T06:22:00+00:00, run_after=2024-04-22T06:23:00+00:00
[2024-04-22T06:23:19.330+0000] {processor.py:175} INFO - Processing /usr/local/python/3.10.13/lib/python3.10/site-packages/airflow/example_dags/example_branch_python_dop_operator_3.py took 0.205 seconds
[2024-04-22T06:24:02.405+0000] {processor.py:153} INFO - Started process (PID=48180) to work on /usr/local/python/3.10.13/lib/python3.10/site-packages/airflow/example_dags/example_branch_python_dop_operator_3.py
[2024-04-22T06:24:02.405+0000] {processor.py:743} INFO - Processing file /usr/local/python/3.10.13/lib/python3.10/site-packages/airflow/example_dags/example_branch_python_dop_operator_3.py for tasks to queue
[2024-04-22T06:24:02.406+0000] {logging_mixin.py:137} INFO - [2024-04-22T06:24:02.406+0000] {dagbag.py:538} INFO - Filling up the DagBag from /usr/local/python/3.10.13/lib/python3.10/site-packages/airflow/example_dags/example_branch_python_dop_operator_3.py
[2024-04-22T06:24:02.517+0000] {processor.py:753} INFO - DAG(s) dict_keys(['example_branch_dop_operator_v3']) retrieved from /usr/local/python/3.10.13/lib/python3.10/site-packages/airflow/example_dags/example_branch_python_dop_operator_3.py
[2024-04-22T06:24:02.533+0000] {logging_mixin.py:137} INFO - [2024-04-22T06:24:02.533+0000] {dag.py:2690} INFO - Sync 1 DAGs
[2024-04-22T06:24:02.555+0000] {logging_mixin.py:137} INFO - [2024-04-22T06:24:02.555+0000] {dag.py:3437} INFO - Setting next_dagrun for example_branch_dop_operator_v3 to 2024-04-22T06:23:00+00:00, run_after=2024-04-22T06:24:00+00:00
[2024-04-22T06:24:02.601+0000] {processor.py:175} INFO - Processing /usr/local/python/3.10.13/lib/python3.10/site-packages/airflow/example_dags/example_branch_python_dop_operator_3.py took 0.199 seconds
[2024-04-22T06:24:53.540+0000] {processor.py:153} INFO - Started process (PID=48752) to work on /usr/local/python/3.10.13/lib/python3.10/site-packages/airflow/example_dags/example_branch_python_dop_operator_3.py
[2024-04-22T06:24:53.540+0000] {processor.py:743} INFO - Processing file /usr/local/python/3.10.13/lib/python3.10/site-packages/airflow/example_dags/example_branch_python_dop_operator_3.py for tasks to queue
[2024-04-22T06:24:53.541+0000] {logging_mixin.py:137} INFO - [2024-04-22T06:24:53.541+0000] {dagbag.py:538} INFO - Filling up the DagBag from /usr/local/python/3.10.13/lib/python3.10/site-packages/airflow/example_dags/example_branch_python_dop_operator_3.py
[2024-04-22T06:24:53.659+0000] {processor.py:753} INFO - DAG(s) dict_keys(['example_branch_dop_operator_v3']) retrieved from /usr/local/python/3.10.13/lib/python3.10/site-packages/airflow/example_dags/example_branch_python_dop_operator_3.py
[2024-04-22T06:24:53.671+0000] {logging_mixin.py:137} INFO - [2024-04-22T06:24:53.671+0000] {dag.py:2690} INFO - Sync 1 DAGs
[2024-04-22T06:24:53.689+0000] {logging_mixin.py:137} INFO - [2024-04-22T06:24:53.689+0000] {dag.py:3437} INFO - Setting next_dagrun for example_branch_dop_operator_v3 to 2024-04-22T06:23:00+00:00, run_after=2024-04-22T06:24:00+00:00
[2024-04-22T06:24:53.737+0000] {processor.py:175} INFO - Processing /usr/local/python/3.10.13/lib/python3.10/site-packages/airflow/example_dags/example_branch_python_dop_operator_3.py took 0.200 seconds
[2024-04-22T06:25:36.651+0000] {processor.py:153} INFO - Started process (PID=49245) to work on /usr/local/python/3.10.13/lib/python3.10/site-packages/airflow/example_dags/example_branch_python_dop_operator_3.py
[2024-04-22T06:25:36.652+0000] {processor.py:743} INFO - Processing file /usr/local/python/3.10.13/lib/python3.10/site-packages/airflow/example_dags/example_branch_python_dop_operator_3.py for tasks to queue
[2024-04-22T06:25:36.652+0000] {logging_mixin.py:137} INFO - [2024-04-22T06:25:36.652+0000] {dagbag.py:538} INFO - Filling up the DagBag from /usr/local/python/3.10.13/lib/python3.10/site-packages/airflow/example_dags/example_branch_python_dop_operator_3.py
[2024-04-22T06:25:36.674+0000] {processor.py:753} INFO - DAG(s) dict_keys(['example_branch_dop_operator_v3']) retrieved from /usr/local/python/3.10.13/lib/python3.10/site-packages/airflow/example_dags/example_branch_python_dop_operator_3.py
[2024-04-22T06:25:36.688+0000] {logging_mixin.py:137} INFO - [2024-04-22T06:25:36.688+0000] {dag.py:2690} INFO - Sync 1 DAGs
[2024-04-22T06:25:36.707+0000] {logging_mixin.py:137} INFO - [2024-04-22T06:25:36.707+0000] {dag.py:3437} INFO - Setting next_dagrun for example_branch_dop_operator_v3 to 2024-04-22T06:24:00+00:00, run_after=2024-04-22T06:25:00+00:00
[2024-04-22T06:25:36.754+0000] {processor.py:175} INFO - Processing /usr/local/python/3.10.13/lib/python3.10/site-packages/airflow/example_dags/example_branch_python_dop_operator_3.py took 0.105 seconds
[2024-04-22T06:26:15.904+0000] {processor.py:153} INFO - Started process (PID=49565) to work on /usr/local/python/3.10.13/lib/python3.10/site-packages/airflow/example_dags/example_branch_python_dop_operator_3.py
[2024-04-22T06:26:15.905+0000] {processor.py:743} INFO - Processing file /usr/local/python/3.10.13/lib/python3.10/site-packages/airflow/example_dags/example_branch_python_dop_operator_3.py for tasks to queue
[2024-04-22T06:26:15.906+0000] {logging_mixin.py:137} INFO - [2024-04-22T06:26:15.905+0000] {dagbag.py:538} INFO - Filling up the DagBag from /usr/local/python/3.10.13/lib/python3.10/site-packages/airflow/example_dags/example_branch_python_dop_operator_3.py
[2024-04-22T06:26:15.926+0000] {processor.py:753} INFO - DAG(s) dict_keys(['example_branch_dop_operator_v3']) retrieved from /usr/local/python/3.10.13/lib/python3.10/site-packages/airflow/example_dags/example_branch_python_dop_operator_3.py
[2024-04-22T06:26:15.940+0000] {logging_mixin.py:137} INFO - [2024-04-22T06:26:15.940+0000] {dag.py:2690} INFO - Sync 1 DAGs
[2024-04-22T06:26:15.962+0000] {logging_mixin.py:137} INFO - [2024-04-22T06:26:15.962+0000] {dag.py:3437} INFO - Setting next_dagrun for example_branch_dop_operator_v3 to 2024-04-22T06:25:00+00:00, run_after=2024-04-22T06:26:00+00:00
[2024-04-22T06:26:16.014+0000] {processor.py:175} INFO - Processing /usr/local/python/3.10.13/lib/python3.10/site-packages/airflow/example_dags/example_branch_python_dop_operator_3.py took 0.113 seconds
[2024-04-22T06:26:57.102+0000] {processor.py:153} INFO - Started process (PID=49955) to work on /usr/local/python/3.10.13/lib/python3.10/site-packages/airflow/example_dags/example_branch_python_dop_operator_3.py
[2024-04-22T06:26:57.103+0000] {processor.py:743} INFO - Processing file /usr/local/python/3.10.13/lib/python3.10/site-packages/airflow/example_dags/example_branch_python_dop_operator_3.py for tasks to queue
[2024-04-22T06:26:57.104+0000] {logging_mixin.py:137} INFO - [2024-04-22T06:26:57.103+0000] {dagbag.py:538} INFO - Filling up the DagBag from /usr/local/python/3.10.13/lib/python3.10/site-packages/airflow/example_dags/example_branch_python_dop_operator_3.py
[2024-04-22T06:26:57.126+0000] {processor.py:753} INFO - DAG(s) dict_keys(['example_branch_dop_operator_v3']) retrieved from /usr/local/python/3.10.13/lib/python3.10/site-packages/airflow/example_dags/example_branch_python_dop_operator_3.py
[2024-04-22T06:26:57.140+0000] {logging_mixin.py:137} INFO - [2024-04-22T06:26:57.140+0000] {dag.py:2690} INFO - Sync 1 DAGs
[2024-04-22T06:26:57.159+0000] {logging_mixin.py:137} INFO - [2024-04-22T06:26:57.159+0000] {dag.py:3437} INFO - Setting next_dagrun for example_branch_dop_operator_v3 to 2024-04-22T06:25:00+00:00, run_after=2024-04-22T06:26:00+00:00
[2024-04-22T06:26:57.205+0000] {processor.py:175} INFO - Processing /usr/local/python/3.10.13/lib/python3.10/site-packages/airflow/example_dags/example_branch_python_dop_operator_3.py took 0.105 seconds
[2024-04-22T06:27:38.039+0000] {processor.py:153} INFO - Started process (PID=50324) to work on /usr/local/python/3.10.13/lib/python3.10/site-packages/airflow/example_dags/example_branch_python_dop_operator_3.py
[2024-04-22T06:27:38.041+0000] {processor.py:743} INFO - Processing file /usr/local/python/3.10.13/lib/python3.10/site-packages/airflow/example_dags/example_branch_python_dop_operator_3.py for tasks to queue
[2024-04-22T06:27:38.042+0000] {logging_mixin.py:137} INFO - [2024-04-22T06:27:38.042+0000] {dagbag.py:538} INFO - Filling up the DagBag from /usr/local/python/3.10.13/lib/python3.10/site-packages/airflow/example_dags/example_branch_python_dop_operator_3.py
[2024-04-22T06:27:38.075+0000] {processor.py:753} INFO - DAG(s) dict_keys(['example_branch_dop_operator_v3']) retrieved from /usr/local/python/3.10.13/lib/python3.10/site-packages/airflow/example_dags/example_branch_python_dop_operator_3.py
[2024-04-22T06:27:38.095+0000] {logging_mixin.py:137} INFO - [2024-04-22T06:27:38.094+0000] {dag.py:2690} INFO - Sync 1 DAGs
[2024-04-22T06:27:38.128+0000] {logging_mixin.py:137} INFO - [2024-04-22T06:27:38.128+0000] {dag.py:3437} INFO - Setting next_dagrun for example_branch_dop_operator_v3 to 2024-04-22T06:26:00+00:00, run_after=2024-04-22T06:27:00+00:00
[2024-04-22T06:27:38.192+0000] {processor.py:175} INFO - Processing /usr/local/python/3.10.13/lib/python3.10/site-packages/airflow/example_dags/example_branch_python_dop_operator_3.py took 0.156 seconds
