[2024-04-22T06:13:32.934+0000] {processor.py:153} INFO - Started process (PID=43511) to work on /usr/local/python/3.10.13/lib/python3.10/site-packages/airflow/example_dags/example_branch_operator.py
[2024-04-22T06:13:32.935+0000] {processor.py:743} INFO - Processing file /usr/local/python/3.10.13/lib/python3.10/site-packages/airflow/example_dags/example_branch_operator.py for tasks to queue
[2024-04-22T06:13:32.935+0000] {logging_mixin.py:137} INFO - [2024-04-22T06:13:32.935+0000] {dagbag.py:538} INFO - Filling up the DagBag from /usr/local/python/3.10.13/lib/python3.10/site-packages/airflow/example_dags/example_branch_operator.py
[2024-04-22T06:13:32.950+0000] {processor.py:753} INFO - DAG(s) dict_keys(['example_branch_operator']) retrieved from /usr/local/python/3.10.13/lib/python3.10/site-packages/airflow/example_dags/example_branch_operator.py
[2024-04-22T06:13:33.103+0000] {logging_mixin.py:137} INFO - [2024-04-22T06:13:33.102+0000] {manager.py:504} INFO - Created Permission View: can delete on DAG:example_branch_operator
[2024-04-22T06:13:33.140+0000] {logging_mixin.py:137} INFO - [2024-04-22T06:13:33.140+0000] {manager.py:504} INFO - Created Permission View: can edit on DAG:example_branch_operator
[2024-04-22T06:13:33.178+0000] {logging_mixin.py:137} INFO - [2024-04-22T06:13:33.178+0000] {manager.py:504} INFO - Created Permission View: can read on DAG:example_branch_operator
[2024-04-22T06:13:33.179+0000] {logging_mixin.py:137} INFO - [2024-04-22T06:13:33.179+0000] {dag.py:2690} INFO - Sync 1 DAGs
[2024-04-22T06:13:33.191+0000] {logging_mixin.py:137} INFO - [2024-04-22T06:13:33.191+0000] {dag.py:2711} INFO - Creating ORM DAG for example_branch_operator
[2024-04-22T06:13:33.207+0000] {logging_mixin.py:137} INFO - [2024-04-22T06:13:33.207+0000] {dag.py:3437} INFO - Setting next_dagrun for example_branch_operator to 2024-04-21T00:00:00+00:00, run_after=2024-04-22T00:00:00+00:00
[2024-04-22T06:13:33.260+0000] {processor.py:175} INFO - Processing /usr/local/python/3.10.13/lib/python3.10/site-packages/airflow/example_dags/example_branch_operator.py took 0.328 seconds
[2024-04-22T06:14:14.822+0000] {processor.py:153} INFO - Started process (PID=43805) to work on /usr/local/python/3.10.13/lib/python3.10/site-packages/airflow/example_dags/example_branch_operator.py
[2024-04-22T06:14:14.823+0000] {processor.py:743} INFO - Processing file /usr/local/python/3.10.13/lib/python3.10/site-packages/airflow/example_dags/example_branch_operator.py for tasks to queue
[2024-04-22T06:14:14.824+0000] {logging_mixin.py:137} INFO - [2024-04-22T06:14:14.823+0000] {dagbag.py:538} INFO - Filling up the DagBag from /usr/local/python/3.10.13/lib/python3.10/site-packages/airflow/example_dags/example_branch_operator.py
[2024-04-22T06:14:14.838+0000] {processor.py:753} INFO - DAG(s) dict_keys(['example_branch_operator']) retrieved from /usr/local/python/3.10.13/lib/python3.10/site-packages/airflow/example_dags/example_branch_operator.py
[2024-04-22T06:14:14.853+0000] {logging_mixin.py:137} INFO - [2024-04-22T06:14:14.853+0000] {dag.py:2690} INFO - Sync 1 DAGs
[2024-04-22T06:14:14.873+0000] {logging_mixin.py:137} INFO - [2024-04-22T06:14:14.872+0000] {dag.py:3437} INFO - Setting next_dagrun for example_branch_operator to 2024-04-21T00:00:00+00:00, run_after=2024-04-22T00:00:00+00:00
[2024-04-22T06:14:14.923+0000] {processor.py:175} INFO - Processing /usr/local/python/3.10.13/lib/python3.10/site-packages/airflow/example_dags/example_branch_operator.py took 0.103 seconds
[2024-04-22T06:14:54.491+0000] {processor.py:153} INFO - Started process (PID=44064) to work on /usr/local/python/3.10.13/lib/python3.10/site-packages/airflow/example_dags/example_branch_operator.py
[2024-04-22T06:14:54.492+0000] {processor.py:743} INFO - Processing file /usr/local/python/3.10.13/lib/python3.10/site-packages/airflow/example_dags/example_branch_operator.py for tasks to queue
[2024-04-22T06:14:54.492+0000] {logging_mixin.py:137} INFO - [2024-04-22T06:14:54.492+0000] {dagbag.py:538} INFO - Filling up the DagBag from /usr/local/python/3.10.13/lib/python3.10/site-packages/airflow/example_dags/example_branch_operator.py
[2024-04-22T06:14:54.507+0000] {processor.py:753} INFO - DAG(s) dict_keys(['example_branch_operator']) retrieved from /usr/local/python/3.10.13/lib/python3.10/site-packages/airflow/example_dags/example_branch_operator.py
[2024-04-22T06:14:54.522+0000] {logging_mixin.py:137} INFO - [2024-04-22T06:14:54.522+0000] {dag.py:2690} INFO - Sync 1 DAGs
[2024-04-22T06:14:54.538+0000] {logging_mixin.py:137} INFO - [2024-04-22T06:14:54.538+0000] {dag.py:3437} INFO - Setting next_dagrun for example_branch_operator to 2024-04-21T00:00:00+00:00, run_after=2024-04-22T00:00:00+00:00
[2024-04-22T06:14:54.608+0000] {processor.py:175} INFO - Processing /usr/local/python/3.10.13/lib/python3.10/site-packages/airflow/example_dags/example_branch_operator.py took 0.119 seconds
[2024-04-22T06:15:34.455+0000] {processor.py:153} INFO - Started process (PID=44331) to work on /usr/local/python/3.10.13/lib/python3.10/site-packages/airflow/example_dags/example_branch_operator.py
[2024-04-22T06:15:34.456+0000] {processor.py:743} INFO - Processing file /usr/local/python/3.10.13/lib/python3.10/site-packages/airflow/example_dags/example_branch_operator.py for tasks to queue
[2024-04-22T06:15:34.457+0000] {logging_mixin.py:137} INFO - [2024-04-22T06:15:34.456+0000] {dagbag.py:538} INFO - Filling up the DagBag from /usr/local/python/3.10.13/lib/python3.10/site-packages/airflow/example_dags/example_branch_operator.py
[2024-04-22T06:15:34.471+0000] {processor.py:753} INFO - DAG(s) dict_keys(['example_branch_operator']) retrieved from /usr/local/python/3.10.13/lib/python3.10/site-packages/airflow/example_dags/example_branch_operator.py
[2024-04-22T06:15:34.486+0000] {logging_mixin.py:137} INFO - [2024-04-22T06:15:34.486+0000] {dag.py:2690} INFO - Sync 1 DAGs
[2024-04-22T06:15:34.502+0000] {logging_mixin.py:137} INFO - [2024-04-22T06:15:34.501+0000] {dag.py:3437} INFO - Setting next_dagrun for example_branch_operator to 2024-04-21T00:00:00+00:00, run_after=2024-04-22T00:00:00+00:00
[2024-04-22T06:15:34.549+0000] {processor.py:175} INFO - Processing /usr/local/python/3.10.13/lib/python3.10/site-packages/airflow/example_dags/example_branch_operator.py took 0.096 seconds
[2024-04-22T06:16:18.486+0000] {processor.py:153} INFO - Started process (PID=44639) to work on /usr/local/python/3.10.13/lib/python3.10/site-packages/airflow/example_dags/example_branch_operator.py
[2024-04-22T06:16:18.487+0000] {processor.py:743} INFO - Processing file /usr/local/python/3.10.13/lib/python3.10/site-packages/airflow/example_dags/example_branch_operator.py for tasks to queue
[2024-04-22T06:16:18.487+0000] {logging_mixin.py:137} INFO - [2024-04-22T06:16:18.487+0000] {dagbag.py:538} INFO - Filling up the DagBag from /usr/local/python/3.10.13/lib/python3.10/site-packages/airflow/example_dags/example_branch_operator.py
[2024-04-22T06:16:18.503+0000] {processor.py:753} INFO - DAG(s) dict_keys(['example_branch_operator']) retrieved from /usr/local/python/3.10.13/lib/python3.10/site-packages/airflow/example_dags/example_branch_operator.py
[2024-04-22T06:16:18.518+0000] {logging_mixin.py:137} INFO - [2024-04-22T06:16:18.517+0000] {dag.py:2690} INFO - Sync 1 DAGs
[2024-04-22T06:16:18.534+0000] {logging_mixin.py:137} INFO - [2024-04-22T06:16:18.534+0000] {dag.py:3437} INFO - Setting next_dagrun for example_branch_operator to 2024-04-21T00:00:00+00:00, run_after=2024-04-22T00:00:00+00:00
[2024-04-22T06:16:18.585+0000] {processor.py:175} INFO - Processing /usr/local/python/3.10.13/lib/python3.10/site-packages/airflow/example_dags/example_branch_operator.py took 0.101 seconds
[2024-04-22T06:17:00.392+0000] {processor.py:153} INFO - Started process (PID=44932) to work on /usr/local/python/3.10.13/lib/python3.10/site-packages/airflow/example_dags/example_branch_operator.py
[2024-04-22T06:17:00.393+0000] {processor.py:743} INFO - Processing file /usr/local/python/3.10.13/lib/python3.10/site-packages/airflow/example_dags/example_branch_operator.py for tasks to queue
[2024-04-22T06:17:00.394+0000] {logging_mixin.py:137} INFO - [2024-04-22T06:17:00.393+0000] {dagbag.py:538} INFO - Filling up the DagBag from /usr/local/python/3.10.13/lib/python3.10/site-packages/airflow/example_dags/example_branch_operator.py
[2024-04-22T06:17:00.407+0000] {processor.py:753} INFO - DAG(s) dict_keys(['example_branch_operator']) retrieved from /usr/local/python/3.10.13/lib/python3.10/site-packages/airflow/example_dags/example_branch_operator.py
[2024-04-22T06:17:00.422+0000] {logging_mixin.py:137} INFO - [2024-04-22T06:17:00.422+0000] {dag.py:2690} INFO - Sync 1 DAGs
[2024-04-22T06:17:00.439+0000] {logging_mixin.py:137} INFO - [2024-04-22T06:17:00.439+0000] {dag.py:3437} INFO - Setting next_dagrun for example_branch_operator to 2024-04-21T00:00:00+00:00, run_after=2024-04-22T00:00:00+00:00
[2024-04-22T06:17:00.485+0000] {processor.py:175} INFO - Processing /usr/local/python/3.10.13/lib/python3.10/site-packages/airflow/example_dags/example_branch_operator.py took 0.096 seconds
[2024-04-22T06:17:42.114+0000] {processor.py:153} INFO - Started process (PID=45215) to work on /usr/local/python/3.10.13/lib/python3.10/site-packages/airflow/example_dags/example_branch_operator.py
[2024-04-22T06:17:42.115+0000] {processor.py:743} INFO - Processing file /usr/local/python/3.10.13/lib/python3.10/site-packages/airflow/example_dags/example_branch_operator.py for tasks to queue
[2024-04-22T06:17:42.115+0000] {logging_mixin.py:137} INFO - [2024-04-22T06:17:42.115+0000] {dagbag.py:538} INFO - Filling up the DagBag from /usr/local/python/3.10.13/lib/python3.10/site-packages/airflow/example_dags/example_branch_operator.py
[2024-04-22T06:17:42.131+0000] {processor.py:753} INFO - DAG(s) dict_keys(['example_branch_operator']) retrieved from /usr/local/python/3.10.13/lib/python3.10/site-packages/airflow/example_dags/example_branch_operator.py
[2024-04-22T06:17:42.146+0000] {logging_mixin.py:137} INFO - [2024-04-22T06:17:42.145+0000] {dag.py:2690} INFO - Sync 1 DAGs
[2024-04-22T06:17:42.162+0000] {logging_mixin.py:137} INFO - [2024-04-22T06:17:42.162+0000] {dag.py:3437} INFO - Setting next_dagrun for example_branch_operator to 2024-04-21T00:00:00+00:00, run_after=2024-04-22T00:00:00+00:00
[2024-04-22T06:17:42.210+0000] {processor.py:175} INFO - Processing /usr/local/python/3.10.13/lib/python3.10/site-packages/airflow/example_dags/example_branch_operator.py took 0.098 seconds
[2024-04-22T06:18:23.587+0000] {processor.py:153} INFO - Started process (PID=45554) to work on /usr/local/python/3.10.13/lib/python3.10/site-packages/airflow/example_dags/example_branch_operator.py
[2024-04-22T06:18:23.588+0000] {processor.py:743} INFO - Processing file /usr/local/python/3.10.13/lib/python3.10/site-packages/airflow/example_dags/example_branch_operator.py for tasks to queue
[2024-04-22T06:18:23.589+0000] {logging_mixin.py:137} INFO - [2024-04-22T06:18:23.589+0000] {dagbag.py:538} INFO - Filling up the DagBag from /usr/local/python/3.10.13/lib/python3.10/site-packages/airflow/example_dags/example_branch_operator.py
[2024-04-22T06:18:23.603+0000] {processor.py:753} INFO - DAG(s) dict_keys(['example_branch_operator']) retrieved from /usr/local/python/3.10.13/lib/python3.10/site-packages/airflow/example_dags/example_branch_operator.py
[2024-04-22T06:18:23.618+0000] {logging_mixin.py:137} INFO - [2024-04-22T06:18:23.618+0000] {dag.py:2690} INFO - Sync 1 DAGs
[2024-04-22T06:18:23.634+0000] {logging_mixin.py:137} INFO - [2024-04-22T06:18:23.634+0000] {dag.py:3437} INFO - Setting next_dagrun for example_branch_operator to 2024-04-21T00:00:00+00:00, run_after=2024-04-22T00:00:00+00:00
[2024-04-22T06:18:23.686+0000] {processor.py:175} INFO - Processing /usr/local/python/3.10.13/lib/python3.10/site-packages/airflow/example_dags/example_branch_operator.py took 0.101 seconds
[2024-04-22T06:19:04.742+0000] {processor.py:153} INFO - Started process (PID=45839) to work on /usr/local/python/3.10.13/lib/python3.10/site-packages/airflow/example_dags/example_branch_operator.py
[2024-04-22T06:19:04.743+0000] {processor.py:743} INFO - Processing file /usr/local/python/3.10.13/lib/python3.10/site-packages/airflow/example_dags/example_branch_operator.py for tasks to queue
[2024-04-22T06:19:04.743+0000] {logging_mixin.py:137} INFO - [2024-04-22T06:19:04.743+0000] {dagbag.py:538} INFO - Filling up the DagBag from /usr/local/python/3.10.13/lib/python3.10/site-packages/airflow/example_dags/example_branch_operator.py
[2024-04-22T06:19:04.759+0000] {processor.py:753} INFO - DAG(s) dict_keys(['example_branch_operator']) retrieved from /usr/local/python/3.10.13/lib/python3.10/site-packages/airflow/example_dags/example_branch_operator.py
[2024-04-22T06:19:04.774+0000] {logging_mixin.py:137} INFO - [2024-04-22T06:19:04.773+0000] {dag.py:2690} INFO - Sync 1 DAGs
[2024-04-22T06:19:04.795+0000] {logging_mixin.py:137} INFO - [2024-04-22T06:19:04.795+0000] {dag.py:3437} INFO - Setting next_dagrun for example_branch_operator to 2024-04-21T00:00:00+00:00, run_after=2024-04-22T00:00:00+00:00
[2024-04-22T06:19:04.846+0000] {processor.py:175} INFO - Processing /usr/local/python/3.10.13/lib/python3.10/site-packages/airflow/example_dags/example_branch_operator.py took 0.106 seconds
[2024-04-22T06:19:45.507+0000] {processor.py:153} INFO - Started process (PID=46109) to work on /usr/local/python/3.10.13/lib/python3.10/site-packages/airflow/example_dags/example_branch_operator.py
[2024-04-22T06:19:45.507+0000] {processor.py:743} INFO - Processing file /usr/local/python/3.10.13/lib/python3.10/site-packages/airflow/example_dags/example_branch_operator.py for tasks to queue
[2024-04-22T06:19:45.508+0000] {logging_mixin.py:137} INFO - [2024-04-22T06:19:45.508+0000] {dagbag.py:538} INFO - Filling up the DagBag from /usr/local/python/3.10.13/lib/python3.10/site-packages/airflow/example_dags/example_branch_operator.py
[2024-04-22T06:19:45.524+0000] {processor.py:753} INFO - DAG(s) dict_keys(['example_branch_operator']) retrieved from /usr/local/python/3.10.13/lib/python3.10/site-packages/airflow/example_dags/example_branch_operator.py
[2024-04-22T06:19:45.539+0000] {logging_mixin.py:137} INFO - [2024-04-22T06:19:45.539+0000] {dag.py:2690} INFO - Sync 1 DAGs
[2024-04-22T06:19:45.555+0000] {logging_mixin.py:137} INFO - [2024-04-22T06:19:45.554+0000] {dag.py:3437} INFO - Setting next_dagrun for example_branch_operator to 2024-04-21T00:00:00+00:00, run_after=2024-04-22T00:00:00+00:00
[2024-04-22T06:19:45.600+0000] {processor.py:175} INFO - Processing /usr/local/python/3.10.13/lib/python3.10/site-packages/airflow/example_dags/example_branch_operator.py took 0.096 seconds
[2024-04-22T06:20:32.304+0000] {processor.py:153} INFO - Started process (PID=46443) to work on /usr/local/python/3.10.13/lib/python3.10/site-packages/airflow/example_dags/example_branch_operator.py
[2024-04-22T06:20:32.304+0000] {processor.py:743} INFO - Processing file /usr/local/python/3.10.13/lib/python3.10/site-packages/airflow/example_dags/example_branch_operator.py for tasks to queue
[2024-04-22T06:20:32.305+0000] {logging_mixin.py:137} INFO - [2024-04-22T06:20:32.305+0000] {dagbag.py:538} INFO - Filling up the DagBag from /usr/local/python/3.10.13/lib/python3.10/site-packages/airflow/example_dags/example_branch_operator.py
[2024-04-22T06:20:32.319+0000] {processor.py:753} INFO - DAG(s) dict_keys(['example_branch_operator']) retrieved from /usr/local/python/3.10.13/lib/python3.10/site-packages/airflow/example_dags/example_branch_operator.py
[2024-04-22T06:20:32.334+0000] {logging_mixin.py:137} INFO - [2024-04-22T06:20:32.334+0000] {dag.py:2690} INFO - Sync 1 DAGs
[2024-04-22T06:20:32.350+0000] {logging_mixin.py:137} INFO - [2024-04-22T06:20:32.350+0000] {dag.py:3437} INFO - Setting next_dagrun for example_branch_operator to 2024-04-21T00:00:00+00:00, run_after=2024-04-22T00:00:00+00:00
[2024-04-22T06:20:32.487+0000] {processor.py:175} INFO - Processing /usr/local/python/3.10.13/lib/python3.10/site-packages/airflow/example_dags/example_branch_operator.py took 0.186 seconds
[2024-04-22T06:21:27.838+0000] {processor.py:153} INFO - Started process (PID=46802) to work on /usr/local/python/3.10.13/lib/python3.10/site-packages/airflow/example_dags/example_branch_operator.py
[2024-04-22T06:21:27.839+0000] {processor.py:743} INFO - Processing file /usr/local/python/3.10.13/lib/python3.10/site-packages/airflow/example_dags/example_branch_operator.py for tasks to queue
[2024-04-22T06:21:27.839+0000] {logging_mixin.py:137} INFO - [2024-04-22T06:21:27.839+0000] {dagbag.py:538} INFO - Filling up the DagBag from /usr/local/python/3.10.13/lib/python3.10/site-packages/airflow/example_dags/example_branch_operator.py
[2024-04-22T06:21:27.855+0000] {processor.py:753} INFO - DAG(s) dict_keys(['example_branch_operator']) retrieved from /usr/local/python/3.10.13/lib/python3.10/site-packages/airflow/example_dags/example_branch_operator.py
[2024-04-22T06:21:27.875+0000] {logging_mixin.py:137} INFO - [2024-04-22T06:21:27.875+0000] {dag.py:2690} INFO - Sync 1 DAGs
[2024-04-22T06:21:28.009+0000] {logging_mixin.py:137} INFO - [2024-04-22T06:21:28.009+0000] {dag.py:3437} INFO - Setting next_dagrun for example_branch_operator to 2024-04-21T00:00:00+00:00, run_after=2024-04-22T00:00:00+00:00
[2024-04-22T06:21:28.054+0000] {processor.py:175} INFO - Processing /usr/local/python/3.10.13/lib/python3.10/site-packages/airflow/example_dags/example_branch_operator.py took 0.219 seconds
[2024-04-22T06:22:09.732+0000] {processor.py:153} INFO - Started process (PID=47111) to work on /usr/local/python/3.10.13/lib/python3.10/site-packages/airflow/example_dags/example_branch_operator.py
[2024-04-22T06:22:09.733+0000] {processor.py:743} INFO - Processing file /usr/local/python/3.10.13/lib/python3.10/site-packages/airflow/example_dags/example_branch_operator.py for tasks to queue
[2024-04-22T06:22:09.733+0000] {logging_mixin.py:137} INFO - [2024-04-22T06:22:09.733+0000] {dagbag.py:538} INFO - Filling up the DagBag from /usr/local/python/3.10.13/lib/python3.10/site-packages/airflow/example_dags/example_branch_operator.py
[2024-04-22T06:22:09.748+0000] {processor.py:753} INFO - DAG(s) dict_keys(['example_branch_operator']) retrieved from /usr/local/python/3.10.13/lib/python3.10/site-packages/airflow/example_dags/example_branch_operator.py
[2024-04-22T06:22:09.763+0000] {logging_mixin.py:137} INFO - [2024-04-22T06:22:09.763+0000] {dag.py:2690} INFO - Sync 1 DAGs
[2024-04-22T06:22:09.869+0000] {logging_mixin.py:137} INFO - [2024-04-22T06:22:09.869+0000] {dag.py:3437} INFO - Setting next_dagrun for example_branch_operator to 2024-04-21T00:00:00+00:00, run_after=2024-04-22T00:00:00+00:00
[2024-04-22T06:22:09.914+0000] {processor.py:175} INFO - Processing /usr/local/python/3.10.13/lib/python3.10/site-packages/airflow/example_dags/example_branch_operator.py took 0.184 seconds
[2024-04-22T06:23:03.479+0000] {processor.py:153} INFO - Started process (PID=47604) to work on /usr/local/python/3.10.13/lib/python3.10/site-packages/airflow/example_dags/example_branch_operator.py
[2024-04-22T06:23:03.480+0000] {processor.py:743} INFO - Processing file /usr/local/python/3.10.13/lib/python3.10/site-packages/airflow/example_dags/example_branch_operator.py for tasks to queue
[2024-04-22T06:23:03.481+0000] {logging_mixin.py:137} INFO - [2024-04-22T06:23:03.480+0000] {dagbag.py:538} INFO - Filling up the DagBag from /usr/local/python/3.10.13/lib/python3.10/site-packages/airflow/example_dags/example_branch_operator.py
[2024-04-22T06:23:03.500+0000] {processor.py:753} INFO - DAG(s) dict_keys(['example_branch_operator']) retrieved from /usr/local/python/3.10.13/lib/python3.10/site-packages/airflow/example_dags/example_branch_operator.py
[2024-04-22T06:23:03.606+0000] {logging_mixin.py:137} INFO - [2024-04-22T06:23:03.606+0000] {dag.py:2690} INFO - Sync 1 DAGs
[2024-04-22T06:23:03.621+0000] {logging_mixin.py:137} INFO - [2024-04-22T06:23:03.621+0000] {dag.py:3437} INFO - Setting next_dagrun for example_branch_operator to 2024-04-21T00:00:00+00:00, run_after=2024-04-22T00:00:00+00:00
[2024-04-22T06:23:03.671+0000] {processor.py:175} INFO - Processing /usr/local/python/3.10.13/lib/python3.10/site-packages/airflow/example_dags/example_branch_operator.py took 0.195 seconds
[2024-04-22T06:23:47.902+0000] {processor.py:153} INFO - Started process (PID=48040) to work on /usr/local/python/3.10.13/lib/python3.10/site-packages/airflow/example_dags/example_branch_operator.py
[2024-04-22T06:23:47.902+0000] {processor.py:743} INFO - Processing file /usr/local/python/3.10.13/lib/python3.10/site-packages/airflow/example_dags/example_branch_operator.py for tasks to queue
[2024-04-22T06:23:47.903+0000] {logging_mixin.py:137} INFO - [2024-04-22T06:23:47.903+0000] {dagbag.py:538} INFO - Filling up the DagBag from /usr/local/python/3.10.13/lib/python3.10/site-packages/airflow/example_dags/example_branch_operator.py
[2024-04-22T06:23:47.918+0000] {processor.py:753} INFO - DAG(s) dict_keys(['example_branch_operator']) retrieved from /usr/local/python/3.10.13/lib/python3.10/site-packages/airflow/example_dags/example_branch_operator.py
[2024-04-22T06:23:48.023+0000] {logging_mixin.py:137} INFO - [2024-04-22T06:23:48.022+0000] {dag.py:2690} INFO - Sync 1 DAGs
[2024-04-22T06:23:48.037+0000] {logging_mixin.py:137} INFO - [2024-04-22T06:23:48.037+0000] {dag.py:3437} INFO - Setting next_dagrun for example_branch_operator to 2024-04-21T00:00:00+00:00, run_after=2024-04-22T00:00:00+00:00
[2024-04-22T06:23:48.100+0000] {processor.py:175} INFO - Processing /usr/local/python/3.10.13/lib/python3.10/site-packages/airflow/example_dags/example_branch_operator.py took 0.200 seconds
[2024-04-22T06:24:43.916+0000] {processor.py:153} INFO - Started process (PID=48637) to work on /usr/local/python/3.10.13/lib/python3.10/site-packages/airflow/example_dags/example_branch_operator.py
[2024-04-22T06:24:43.917+0000] {processor.py:743} INFO - Processing file /usr/local/python/3.10.13/lib/python3.10/site-packages/airflow/example_dags/example_branch_operator.py for tasks to queue
[2024-04-22T06:24:43.917+0000] {logging_mixin.py:137} INFO - [2024-04-22T06:24:43.917+0000] {dagbag.py:538} INFO - Filling up the DagBag from /usr/local/python/3.10.13/lib/python3.10/site-packages/airflow/example_dags/example_branch_operator.py
[2024-04-22T06:24:44.060+0000] {processor.py:753} INFO - DAG(s) dict_keys(['example_branch_operator']) retrieved from /usr/local/python/3.10.13/lib/python3.10/site-packages/airflow/example_dags/example_branch_operator.py
[2024-04-22T06:24:44.073+0000] {logging_mixin.py:137} INFO - [2024-04-22T06:24:44.073+0000] {dag.py:2690} INFO - Sync 1 DAGs
[2024-04-22T06:24:44.088+0000] {logging_mixin.py:137} INFO - [2024-04-22T06:24:44.088+0000] {dag.py:3437} INFO - Setting next_dagrun for example_branch_operator to 2024-04-21T00:00:00+00:00, run_after=2024-04-22T00:00:00+00:00
[2024-04-22T06:24:44.139+0000] {processor.py:175} INFO - Processing /usr/local/python/3.10.13/lib/python3.10/site-packages/airflow/example_dags/example_branch_operator.py took 0.225 seconds
[2024-04-22T06:25:28.570+0000] {processor.py:153} INFO - Started process (PID=49127) to work on /usr/local/python/3.10.13/lib/python3.10/site-packages/airflow/example_dags/example_branch_operator.py
[2024-04-22T06:25:28.571+0000] {processor.py:743} INFO - Processing file /usr/local/python/3.10.13/lib/python3.10/site-packages/airflow/example_dags/example_branch_operator.py for tasks to queue
[2024-04-22T06:25:28.571+0000] {logging_mixin.py:137} INFO - [2024-04-22T06:25:28.571+0000] {dagbag.py:538} INFO - Filling up the DagBag from /usr/local/python/3.10.13/lib/python3.10/site-packages/airflow/example_dags/example_branch_operator.py
[2024-04-22T06:25:28.586+0000] {processor.py:753} INFO - DAG(s) dict_keys(['example_branch_operator']) retrieved from /usr/local/python/3.10.13/lib/python3.10/site-packages/airflow/example_dags/example_branch_operator.py
[2024-04-22T06:25:28.601+0000] {logging_mixin.py:137} INFO - [2024-04-22T06:25:28.601+0000] {dag.py:2690} INFO - Sync 1 DAGs
[2024-04-22T06:25:28.618+0000] {logging_mixin.py:137} INFO - [2024-04-22T06:25:28.618+0000] {dag.py:3437} INFO - Setting next_dagrun for example_branch_operator to 2024-04-21T00:00:00+00:00, run_after=2024-04-22T00:00:00+00:00
[2024-04-22T06:25:28.665+0000] {processor.py:175} INFO - Processing /usr/local/python/3.10.13/lib/python3.10/site-packages/airflow/example_dags/example_branch_operator.py took 0.097 seconds
[2024-04-22T06:26:11.905+0000] {processor.py:153} INFO - Started process (PID=49542) to work on /usr/local/python/3.10.13/lib/python3.10/site-packages/airflow/example_dags/example_branch_operator.py
[2024-04-22T06:26:11.906+0000] {processor.py:743} INFO - Processing file /usr/local/python/3.10.13/lib/python3.10/site-packages/airflow/example_dags/example_branch_operator.py for tasks to queue
[2024-04-22T06:26:11.906+0000] {logging_mixin.py:137} INFO - [2024-04-22T06:26:11.906+0000] {dagbag.py:538} INFO - Filling up the DagBag from /usr/local/python/3.10.13/lib/python3.10/site-packages/airflow/example_dags/example_branch_operator.py
[2024-04-22T06:26:11.921+0000] {processor.py:753} INFO - DAG(s) dict_keys(['example_branch_operator']) retrieved from /usr/local/python/3.10.13/lib/python3.10/site-packages/airflow/example_dags/example_branch_operator.py
[2024-04-22T06:26:11.936+0000] {logging_mixin.py:137} INFO - [2024-04-22T06:26:11.936+0000] {dag.py:2690} INFO - Sync 1 DAGs
[2024-04-22T06:26:11.953+0000] {logging_mixin.py:137} INFO - [2024-04-22T06:26:11.953+0000] {dag.py:3437} INFO - Setting next_dagrun for example_branch_operator to 2024-04-21T00:00:00+00:00, run_after=2024-04-22T00:00:00+00:00
[2024-04-22T06:26:12.017+0000] {processor.py:175} INFO - Processing /usr/local/python/3.10.13/lib/python3.10/site-packages/airflow/example_dags/example_branch_operator.py took 0.114 seconds
[2024-04-22T06:27:00.867+0000] {processor.py:153} INFO - Started process (PID=50034) to work on /usr/local/python/3.10.13/lib/python3.10/site-packages/airflow/example_dags/example_branch_operator.py
[2024-04-22T06:27:00.868+0000] {processor.py:743} INFO - Processing file /usr/local/python/3.10.13/lib/python3.10/site-packages/airflow/example_dags/example_branch_operator.py for tasks to queue
[2024-04-22T06:27:00.868+0000] {logging_mixin.py:137} INFO - [2024-04-22T06:27:00.868+0000] {dagbag.py:538} INFO - Filling up the DagBag from /usr/local/python/3.10.13/lib/python3.10/site-packages/airflow/example_dags/example_branch_operator.py
[2024-04-22T06:27:00.883+0000] {processor.py:753} INFO - DAG(s) dict_keys(['example_branch_operator']) retrieved from /usr/local/python/3.10.13/lib/python3.10/site-packages/airflow/example_dags/example_branch_operator.py
[2024-04-22T06:27:00.899+0000] {logging_mixin.py:137} INFO - [2024-04-22T06:27:00.898+0000] {dag.py:2690} INFO - Sync 1 DAGs
[2024-04-22T06:27:00.915+0000] {logging_mixin.py:137} INFO - [2024-04-22T06:27:00.915+0000] {dag.py:3437} INFO - Setting next_dagrun for example_branch_operator to 2024-04-21T00:00:00+00:00, run_after=2024-04-22T00:00:00+00:00
[2024-04-22T06:27:00.983+0000] {processor.py:175} INFO - Processing /usr/local/python/3.10.13/lib/python3.10/site-packages/airflow/example_dags/example_branch_operator.py took 0.119 seconds
[2024-04-22T06:27:42.413+0000] {processor.py:153} INFO - Started process (PID=50375) to work on /usr/local/python/3.10.13/lib/python3.10/site-packages/airflow/example_dags/example_branch_operator.py
[2024-04-22T06:27:42.414+0000] {processor.py:743} INFO - Processing file /usr/local/python/3.10.13/lib/python3.10/site-packages/airflow/example_dags/example_branch_operator.py for tasks to queue
[2024-04-22T06:27:42.415+0000] {logging_mixin.py:137} INFO - [2024-04-22T06:27:42.414+0000] {dagbag.py:538} INFO - Filling up the DagBag from /usr/local/python/3.10.13/lib/python3.10/site-packages/airflow/example_dags/example_branch_operator.py
[2024-04-22T06:27:42.430+0000] {processor.py:753} INFO - DAG(s) dict_keys(['example_branch_operator']) retrieved from /usr/local/python/3.10.13/lib/python3.10/site-packages/airflow/example_dags/example_branch_operator.py
[2024-04-22T06:27:42.445+0000] {logging_mixin.py:137} INFO - [2024-04-22T06:27:42.445+0000] {dag.py:2690} INFO - Sync 1 DAGs
[2024-04-22T06:27:42.462+0000] {logging_mixin.py:137} INFO - [2024-04-22T06:27:42.462+0000] {dag.py:3437} INFO - Setting next_dagrun for example_branch_operator to 2024-04-21T00:00:00+00:00, run_after=2024-04-22T00:00:00+00:00
[2024-04-22T06:27:42.507+0000] {processor.py:175} INFO - Processing /usr/local/python/3.10.13/lib/python3.10/site-packages/airflow/example_dags/example_branch_operator.py took 0.096 seconds
