[2024-04-22T06:12:58.991+0000] {processor.py:153} INFO - Started process (PID=43281) to work on /usr/local/python/3.10.13/lib/python3.10/site-packages/airflow/example_dags/example_task_group.py
[2024-04-22T06:12:58.991+0000] {processor.py:743} INFO - Processing file /usr/local/python/3.10.13/lib/python3.10/site-packages/airflow/example_dags/example_task_group.py for tasks to queue
[2024-04-22T06:12:58.992+0000] {logging_mixin.py:137} INFO - [2024-04-22T06:12:58.992+0000] {dagbag.py:538} INFO - Filling up the DagBag from /usr/local/python/3.10.13/lib/python3.10/site-packages/airflow/example_dags/example_task_group.py
[2024-04-22T06:12:59.006+0000] {processor.py:753} INFO - DAG(s) dict_keys(['example_task_group']) retrieved from /usr/local/python/3.10.13/lib/python3.10/site-packages/airflow/example_dags/example_task_group.py
[2024-04-22T06:12:59.159+0000] {logging_mixin.py:137} INFO - [2024-04-22T06:12:59.159+0000] {manager.py:504} INFO - Created Permission View: can delete on DAG:example_task_group
[2024-04-22T06:12:59.197+0000] {logging_mixin.py:137} INFO - [2024-04-22T06:12:59.197+0000] {manager.py:504} INFO - Created Permission View: can edit on DAG:example_task_group
[2024-04-22T06:12:59.234+0000] {logging_mixin.py:137} INFO - [2024-04-22T06:12:59.234+0000] {manager.py:504} INFO - Created Permission View: can read on DAG:example_task_group
[2024-04-22T06:12:59.234+0000] {logging_mixin.py:137} INFO - [2024-04-22T06:12:59.234+0000] {dag.py:2690} INFO - Sync 1 DAGs
[2024-04-22T06:12:59.242+0000] {logging_mixin.py:137} INFO - [2024-04-22T06:12:59.242+0000] {dag.py:2711} INFO - Creating ORM DAG for example_task_group
[2024-04-22T06:12:59.249+0000] {logging_mixin.py:137} INFO - [2024-04-22T06:12:59.249+0000] {dag.py:3437} INFO - Setting next_dagrun for example_task_group to 2024-04-21T06:12:59.249407+00:00, run_after=2024-04-22T06:12:59.249407+00:00
[2024-04-22T06:12:59.302+0000] {processor.py:175} INFO - Processing /usr/local/python/3.10.13/lib/python3.10/site-packages/airflow/example_dags/example_task_group.py took 0.313 seconds
[2024-04-22T06:13:45.966+0000] {processor.py:153} INFO - Started process (PID=43609) to work on /usr/local/python/3.10.13/lib/python3.10/site-packages/airflow/example_dags/example_task_group.py
[2024-04-22T06:13:45.967+0000] {processor.py:743} INFO - Processing file /usr/local/python/3.10.13/lib/python3.10/site-packages/airflow/example_dags/example_task_group.py for tasks to queue
[2024-04-22T06:13:45.968+0000] {logging_mixin.py:137} INFO - [2024-04-22T06:13:45.967+0000] {dagbag.py:538} INFO - Filling up the DagBag from /usr/local/python/3.10.13/lib/python3.10/site-packages/airflow/example_dags/example_task_group.py
[2024-04-22T06:13:45.987+0000] {processor.py:753} INFO - DAG(s) dict_keys(['example_task_group']) retrieved from /usr/local/python/3.10.13/lib/python3.10/site-packages/airflow/example_dags/example_task_group.py
[2024-04-22T06:13:46.003+0000] {logging_mixin.py:137} INFO - [2024-04-22T06:13:46.003+0000] {dag.py:2690} INFO - Sync 1 DAGs
[2024-04-22T06:13:46.018+0000] {logging_mixin.py:137} INFO - [2024-04-22T06:13:46.018+0000] {dag.py:3437} INFO - Setting next_dagrun for example_task_group to 2024-04-21T06:13:46.017924+00:00, run_after=2024-04-22T06:13:46.017924+00:00
[2024-04-22T06:13:46.066+0000] {processor.py:175} INFO - Processing /usr/local/python/3.10.13/lib/python3.10/site-packages/airflow/example_dags/example_task_group.py took 0.101 seconds
[2024-04-22T06:14:25.373+0000] {processor.py:153} INFO - Started process (PID=43876) to work on /usr/local/python/3.10.13/lib/python3.10/site-packages/airflow/example_dags/example_task_group.py
[2024-04-22T06:14:25.374+0000] {processor.py:743} INFO - Processing file /usr/local/python/3.10.13/lib/python3.10/site-packages/airflow/example_dags/example_task_group.py for tasks to queue
[2024-04-22T06:14:25.374+0000] {logging_mixin.py:137} INFO - [2024-04-22T06:14:25.374+0000] {dagbag.py:538} INFO - Filling up the DagBag from /usr/local/python/3.10.13/lib/python3.10/site-packages/airflow/example_dags/example_task_group.py
[2024-04-22T06:14:25.388+0000] {processor.py:753} INFO - DAG(s) dict_keys(['example_task_group']) retrieved from /usr/local/python/3.10.13/lib/python3.10/site-packages/airflow/example_dags/example_task_group.py
[2024-04-22T06:14:25.402+0000] {logging_mixin.py:137} INFO - [2024-04-22T06:14:25.402+0000] {dag.py:2690} INFO - Sync 1 DAGs
[2024-04-22T06:14:25.419+0000] {logging_mixin.py:137} INFO - [2024-04-22T06:14:25.419+0000] {dag.py:3437} INFO - Setting next_dagrun for example_task_group to 2024-04-21T06:14:25.418848+00:00, run_after=2024-04-22T06:14:25.418848+00:00
[2024-04-22T06:14:25.465+0000] {processor.py:175} INFO - Processing /usr/local/python/3.10.13/lib/python3.10/site-packages/airflow/example_dags/example_task_group.py took 0.094 seconds
[2024-04-22T06:15:04.622+0000] {processor.py:153} INFO - Started process (PID=44135) to work on /usr/local/python/3.10.13/lib/python3.10/site-packages/airflow/example_dags/example_task_group.py
[2024-04-22T06:15:04.623+0000] {processor.py:743} INFO - Processing file /usr/local/python/3.10.13/lib/python3.10/site-packages/airflow/example_dags/example_task_group.py for tasks to queue
[2024-04-22T06:15:04.623+0000] {logging_mixin.py:137} INFO - [2024-04-22T06:15:04.623+0000] {dagbag.py:538} INFO - Filling up the DagBag from /usr/local/python/3.10.13/lib/python3.10/site-packages/airflow/example_dags/example_task_group.py
[2024-04-22T06:15:04.637+0000] {processor.py:753} INFO - DAG(s) dict_keys(['example_task_group']) retrieved from /usr/local/python/3.10.13/lib/python3.10/site-packages/airflow/example_dags/example_task_group.py
[2024-04-22T06:15:04.651+0000] {logging_mixin.py:137} INFO - [2024-04-22T06:15:04.651+0000] {dag.py:2690} INFO - Sync 1 DAGs
[2024-04-22T06:15:04.667+0000] {logging_mixin.py:137} INFO - [2024-04-22T06:15:04.667+0000] {dag.py:3437} INFO - Setting next_dagrun for example_task_group to 2024-04-21T06:15:04.666960+00:00, run_after=2024-04-22T06:15:04.666960+00:00
[2024-04-22T06:15:04.718+0000] {processor.py:175} INFO - Processing /usr/local/python/3.10.13/lib/python3.10/site-packages/airflow/example_dags/example_task_group.py took 0.098 seconds
[2024-04-22T06:15:42.494+0000] {processor.py:153} INFO - Started process (PID=44393) to work on /usr/local/python/3.10.13/lib/python3.10/site-packages/airflow/example_dags/example_task_group.py
[2024-04-22T06:15:42.494+0000] {processor.py:743} INFO - Processing file /usr/local/python/3.10.13/lib/python3.10/site-packages/airflow/example_dags/example_task_group.py for tasks to queue
[2024-04-22T06:15:42.495+0000] {logging_mixin.py:137} INFO - [2024-04-22T06:15:42.495+0000] {dagbag.py:538} INFO - Filling up the DagBag from /usr/local/python/3.10.13/lib/python3.10/site-packages/airflow/example_dags/example_task_group.py
[2024-04-22T06:15:42.508+0000] {processor.py:753} INFO - DAG(s) dict_keys(['example_task_group']) retrieved from /usr/local/python/3.10.13/lib/python3.10/site-packages/airflow/example_dags/example_task_group.py
[2024-04-22T06:15:42.522+0000] {logging_mixin.py:137} INFO - [2024-04-22T06:15:42.521+0000] {dag.py:2690} INFO - Sync 1 DAGs
[2024-04-22T06:15:42.536+0000] {logging_mixin.py:137} INFO - [2024-04-22T06:15:42.536+0000] {dag.py:3437} INFO - Setting next_dagrun for example_task_group to 2024-04-21T06:15:42.536623+00:00, run_after=2024-04-22T06:15:42.536623+00:00
[2024-04-22T06:15:42.584+0000] {processor.py:175} INFO - Processing /usr/local/python/3.10.13/lib/python3.10/site-packages/airflow/example_dags/example_task_group.py took 0.092 seconds
[2024-04-22T06:16:24.047+0000] {processor.py:153} INFO - Started process (PID=44669) to work on /usr/local/python/3.10.13/lib/python3.10/site-packages/airflow/example_dags/example_task_group.py
[2024-04-22T06:16:24.048+0000] {processor.py:743} INFO - Processing file /usr/local/python/3.10.13/lib/python3.10/site-packages/airflow/example_dags/example_task_group.py for tasks to queue
[2024-04-22T06:16:24.049+0000] {logging_mixin.py:137} INFO - [2024-04-22T06:16:24.048+0000] {dagbag.py:538} INFO - Filling up the DagBag from /usr/local/python/3.10.13/lib/python3.10/site-packages/airflow/example_dags/example_task_group.py
[2024-04-22T06:16:24.062+0000] {processor.py:753} INFO - DAG(s) dict_keys(['example_task_group']) retrieved from /usr/local/python/3.10.13/lib/python3.10/site-packages/airflow/example_dags/example_task_group.py
[2024-04-22T06:16:24.076+0000] {logging_mixin.py:137} INFO - [2024-04-22T06:16:24.076+0000] {dag.py:2690} INFO - Sync 1 DAGs
[2024-04-22T06:16:24.091+0000] {logging_mixin.py:137} INFO - [2024-04-22T06:16:24.091+0000] {dag.py:3437} INFO - Setting next_dagrun for example_task_group to 2024-04-21T06:16:24.091463+00:00, run_after=2024-04-22T06:16:24.091463+00:00
[2024-04-22T06:16:24.137+0000] {processor.py:175} INFO - Processing /usr/local/python/3.10.13/lib/python3.10/site-packages/airflow/example_dags/example_task_group.py took 0.092 seconds
[2024-04-22T06:17:05.051+0000] {processor.py:153} INFO - Started process (PID=44955) to work on /usr/local/python/3.10.13/lib/python3.10/site-packages/airflow/example_dags/example_task_group.py
[2024-04-22T06:17:05.052+0000] {processor.py:743} INFO - Processing file /usr/local/python/3.10.13/lib/python3.10/site-packages/airflow/example_dags/example_task_group.py for tasks to queue
[2024-04-22T06:17:05.053+0000] {logging_mixin.py:137} INFO - [2024-04-22T06:17:05.053+0000] {dagbag.py:538} INFO - Filling up the DagBag from /usr/local/python/3.10.13/lib/python3.10/site-packages/airflow/example_dags/example_task_group.py
[2024-04-22T06:17:05.070+0000] {processor.py:753} INFO - DAG(s) dict_keys(['example_task_group']) retrieved from /usr/local/python/3.10.13/lib/python3.10/site-packages/airflow/example_dags/example_task_group.py
[2024-04-22T06:17:05.089+0000] {logging_mixin.py:137} INFO - [2024-04-22T06:17:05.089+0000] {dag.py:2690} INFO - Sync 1 DAGs
[2024-04-22T06:17:05.111+0000] {logging_mixin.py:137} INFO - [2024-04-22T06:17:05.111+0000] {dag.py:3437} INFO - Setting next_dagrun for example_task_group to 2024-04-21T06:17:05.110915+00:00, run_after=2024-04-22T06:17:05.110915+00:00
[2024-04-22T06:17:05.162+0000] {processor.py:175} INFO - Processing /usr/local/python/3.10.13/lib/python3.10/site-packages/airflow/example_dags/example_task_group.py took 0.114 seconds
[2024-04-22T06:17:44.467+0000] {processor.py:153} INFO - Started process (PID=45224) to work on /usr/local/python/3.10.13/lib/python3.10/site-packages/airflow/example_dags/example_task_group.py
[2024-04-22T06:17:44.468+0000] {processor.py:743} INFO - Processing file /usr/local/python/3.10.13/lib/python3.10/site-packages/airflow/example_dags/example_task_group.py for tasks to queue
[2024-04-22T06:17:44.468+0000] {logging_mixin.py:137} INFO - [2024-04-22T06:17:44.468+0000] {dagbag.py:538} INFO - Filling up the DagBag from /usr/local/python/3.10.13/lib/python3.10/site-packages/airflow/example_dags/example_task_group.py
[2024-04-22T06:17:44.481+0000] {processor.py:753} INFO - DAG(s) dict_keys(['example_task_group']) retrieved from /usr/local/python/3.10.13/lib/python3.10/site-packages/airflow/example_dags/example_task_group.py
[2024-04-22T06:17:44.495+0000] {logging_mixin.py:137} INFO - [2024-04-22T06:17:44.495+0000] {dag.py:2690} INFO - Sync 1 DAGs
[2024-04-22T06:17:44.511+0000] {logging_mixin.py:137} INFO - [2024-04-22T06:17:44.511+0000] {dag.py:3437} INFO - Setting next_dagrun for example_task_group to 2024-04-21T06:17:44.511275+00:00, run_after=2024-04-22T06:17:44.511275+00:00
[2024-04-22T06:17:44.578+0000] {processor.py:175} INFO - Processing /usr/local/python/3.10.13/lib/python3.10/site-packages/airflow/example_dags/example_task_group.py took 0.114 seconds
[2024-04-22T06:18:26.693+0000] {processor.py:153} INFO - Started process (PID=45570) to work on /usr/local/python/3.10.13/lib/python3.10/site-packages/airflow/example_dags/example_task_group.py
[2024-04-22T06:18:26.693+0000] {processor.py:743} INFO - Processing file /usr/local/python/3.10.13/lib/python3.10/site-packages/airflow/example_dags/example_task_group.py for tasks to queue
[2024-04-22T06:18:26.694+0000] {logging_mixin.py:137} INFO - [2024-04-22T06:18:26.694+0000] {dagbag.py:538} INFO - Filling up the DagBag from /usr/local/python/3.10.13/lib/python3.10/site-packages/airflow/example_dags/example_task_group.py
[2024-04-22T06:18:26.710+0000] {processor.py:753} INFO - DAG(s) dict_keys(['example_task_group']) retrieved from /usr/local/python/3.10.13/lib/python3.10/site-packages/airflow/example_dags/example_task_group.py
[2024-04-22T06:18:26.727+0000] {logging_mixin.py:137} INFO - [2024-04-22T06:18:26.727+0000] {dag.py:2690} INFO - Sync 1 DAGs
[2024-04-22T06:18:26.742+0000] {logging_mixin.py:137} INFO - [2024-04-22T06:18:26.742+0000] {dag.py:3437} INFO - Setting next_dagrun for example_task_group to 2024-04-21T06:18:26.742036+00:00, run_after=2024-04-22T06:18:26.742036+00:00
[2024-04-22T06:18:26.794+0000] {processor.py:175} INFO - Processing /usr/local/python/3.10.13/lib/python3.10/site-packages/airflow/example_dags/example_task_group.py took 0.104 seconds
[2024-04-22T06:19:08.063+0000] {processor.py:153} INFO - Started process (PID=45848) to work on /usr/local/python/3.10.13/lib/python3.10/site-packages/airflow/example_dags/example_task_group.py
[2024-04-22T06:19:08.064+0000] {processor.py:743} INFO - Processing file /usr/local/python/3.10.13/lib/python3.10/site-packages/airflow/example_dags/example_task_group.py for tasks to queue
[2024-04-22T06:19:08.064+0000] {logging_mixin.py:137} INFO - [2024-04-22T06:19:08.064+0000] {dagbag.py:538} INFO - Filling up the DagBag from /usr/local/python/3.10.13/lib/python3.10/site-packages/airflow/example_dags/example_task_group.py
[2024-04-22T06:19:08.078+0000] {processor.py:753} INFO - DAG(s) dict_keys(['example_task_group']) retrieved from /usr/local/python/3.10.13/lib/python3.10/site-packages/airflow/example_dags/example_task_group.py
[2024-04-22T06:19:08.092+0000] {logging_mixin.py:137} INFO - [2024-04-22T06:19:08.092+0000] {dag.py:2690} INFO - Sync 1 DAGs
[2024-04-22T06:19:08.107+0000] {logging_mixin.py:137} INFO - [2024-04-22T06:19:08.107+0000] {dag.py:3437} INFO - Setting next_dagrun for example_task_group to 2024-04-21T06:19:08.106880+00:00, run_after=2024-04-22T06:19:08.106880+00:00
[2024-04-22T06:19:08.152+0000] {processor.py:175} INFO - Processing /usr/local/python/3.10.13/lib/python3.10/site-packages/airflow/example_dags/example_task_group.py took 0.092 seconds
[2024-04-22T06:19:48.856+0000] {processor.py:153} INFO - Started process (PID=46130) to work on /usr/local/python/3.10.13/lib/python3.10/site-packages/airflow/example_dags/example_task_group.py
[2024-04-22T06:19:48.857+0000] {processor.py:743} INFO - Processing file /usr/local/python/3.10.13/lib/python3.10/site-packages/airflow/example_dags/example_task_group.py for tasks to queue
[2024-04-22T06:19:48.857+0000] {logging_mixin.py:137} INFO - [2024-04-22T06:19:48.857+0000] {dagbag.py:538} INFO - Filling up the DagBag from /usr/local/python/3.10.13/lib/python3.10/site-packages/airflow/example_dags/example_task_group.py
[2024-04-22T06:19:48.871+0000] {processor.py:753} INFO - DAG(s) dict_keys(['example_task_group']) retrieved from /usr/local/python/3.10.13/lib/python3.10/site-packages/airflow/example_dags/example_task_group.py
[2024-04-22T06:19:48.885+0000] {logging_mixin.py:137} INFO - [2024-04-22T06:19:48.885+0000] {dag.py:2690} INFO - Sync 1 DAGs
[2024-04-22T06:19:48.900+0000] {logging_mixin.py:137} INFO - [2024-04-22T06:19:48.900+0000] {dag.py:3437} INFO - Setting next_dagrun for example_task_group to 2024-04-21T06:19:48.899919+00:00, run_after=2024-04-22T06:19:48.899919+00:00
[2024-04-22T06:19:48.945+0000] {processor.py:175} INFO - Processing /usr/local/python/3.10.13/lib/python3.10/site-packages/airflow/example_dags/example_task_group.py took 0.091 seconds
[2024-04-22T06:20:23.393+0000] {processor.py:153} INFO - Started process (PID=46375) to work on /usr/local/python/3.10.13/lib/python3.10/site-packages/airflow/example_dags/example_task_group.py
[2024-04-22T06:20:23.394+0000] {processor.py:743} INFO - Processing file /usr/local/python/3.10.13/lib/python3.10/site-packages/airflow/example_dags/example_task_group.py for tasks to queue
[2024-04-22T06:20:23.394+0000] {logging_mixin.py:137} INFO - [2024-04-22T06:20:23.394+0000] {dagbag.py:538} INFO - Filling up the DagBag from /usr/local/python/3.10.13/lib/python3.10/site-packages/airflow/example_dags/example_task_group.py
[2024-04-22T06:20:23.409+0000] {processor.py:753} INFO - DAG(s) dict_keys(['example_task_group']) retrieved from /usr/local/python/3.10.13/lib/python3.10/site-packages/airflow/example_dags/example_task_group.py
[2024-04-22T06:20:23.424+0000] {logging_mixin.py:137} INFO - [2024-04-22T06:20:23.424+0000] {dag.py:2690} INFO - Sync 1 DAGs
[2024-04-22T06:20:23.439+0000] {logging_mixin.py:137} INFO - [2024-04-22T06:20:23.439+0000] {dag.py:3437} INFO - Setting next_dagrun for example_task_group to 2024-04-21T06:20:23.438856+00:00, run_after=2024-04-22T06:20:23.438856+00:00
[2024-04-22T06:20:23.489+0000] {processor.py:175} INFO - Processing /usr/local/python/3.10.13/lib/python3.10/site-packages/airflow/example_dags/example_task_group.py took 0.098 seconds
[2024-04-22T06:21:04.062+0000] {processor.py:153} INFO - Started process (PID=46654) to work on /usr/local/python/3.10.13/lib/python3.10/site-packages/airflow/example_dags/example_task_group.py
[2024-04-22T06:21:04.063+0000] {processor.py:743} INFO - Processing file /usr/local/python/3.10.13/lib/python3.10/site-packages/airflow/example_dags/example_task_group.py for tasks to queue
[2024-04-22T06:21:04.063+0000] {logging_mixin.py:137} INFO - [2024-04-22T06:21:04.063+0000] {dagbag.py:538} INFO - Filling up the DagBag from /usr/local/python/3.10.13/lib/python3.10/site-packages/airflow/example_dags/example_task_group.py
[2024-04-22T06:21:04.077+0000] {processor.py:753} INFO - DAG(s) dict_keys(['example_task_group']) retrieved from /usr/local/python/3.10.13/lib/python3.10/site-packages/airflow/example_dags/example_task_group.py
[2024-04-22T06:21:04.092+0000] {logging_mixin.py:137} INFO - [2024-04-22T06:21:04.092+0000] {dag.py:2690} INFO - Sync 1 DAGs
[2024-04-22T06:21:04.109+0000] {logging_mixin.py:137} INFO - [2024-04-22T06:21:04.109+0000] {dag.py:3437} INFO - Setting next_dagrun for example_task_group to 2024-04-21T06:21:04.109718+00:00, run_after=2024-04-22T06:21:04.109718+00:00
[2024-04-22T06:21:04.243+0000] {processor.py:175} INFO - Processing /usr/local/python/3.10.13/lib/python3.10/site-packages/airflow/example_dags/example_task_group.py took 0.183 seconds
[2024-04-22T06:21:49.332+0000] {processor.py:153} INFO - Started process (PID=46952) to work on /usr/local/python/3.10.13/lib/python3.10/site-packages/airflow/example_dags/example_task_group.py
[2024-04-22T06:21:49.332+0000] {processor.py:743} INFO - Processing file /usr/local/python/3.10.13/lib/python3.10/site-packages/airflow/example_dags/example_task_group.py for tasks to queue
[2024-04-22T06:21:49.333+0000] {logging_mixin.py:137} INFO - [2024-04-22T06:21:49.333+0000] {dagbag.py:538} INFO - Filling up the DagBag from /usr/local/python/3.10.13/lib/python3.10/site-packages/airflow/example_dags/example_task_group.py
[2024-04-22T06:21:49.346+0000] {processor.py:753} INFO - DAG(s) dict_keys(['example_task_group']) retrieved from /usr/local/python/3.10.13/lib/python3.10/site-packages/airflow/example_dags/example_task_group.py
[2024-04-22T06:21:49.360+0000] {logging_mixin.py:137} INFO - [2024-04-22T06:21:49.360+0000] {dag.py:2690} INFO - Sync 1 DAGs
[2024-04-22T06:21:49.465+0000] {logging_mixin.py:137} INFO - [2024-04-22T06:21:49.465+0000] {dag.py:3437} INFO - Setting next_dagrun for example_task_group to 2024-04-21T06:21:49.465306+00:00, run_after=2024-04-22T06:21:49.465306+00:00
[2024-04-22T06:21:49.511+0000] {processor.py:175} INFO - Processing /usr/local/python/3.10.13/lib/python3.10/site-packages/airflow/example_dags/example_task_group.py took 0.181 seconds
[2024-04-22T06:22:27.481+0000] {processor.py:153} INFO - Started process (PID=47280) to work on /usr/local/python/3.10.13/lib/python3.10/site-packages/airflow/example_dags/example_task_group.py
[2024-04-22T06:22:27.481+0000] {processor.py:743} INFO - Processing file /usr/local/python/3.10.13/lib/python3.10/site-packages/airflow/example_dags/example_task_group.py for tasks to queue
[2024-04-22T06:22:27.482+0000] {logging_mixin.py:137} INFO - [2024-04-22T06:22:27.482+0000] {dagbag.py:538} INFO - Filling up the DagBag from /usr/local/python/3.10.13/lib/python3.10/site-packages/airflow/example_dags/example_task_group.py
[2024-04-22T06:22:27.495+0000] {processor.py:753} INFO - DAG(s) dict_keys(['example_task_group']) retrieved from /usr/local/python/3.10.13/lib/python3.10/site-packages/airflow/example_dags/example_task_group.py
[2024-04-22T06:22:27.508+0000] {logging_mixin.py:137} INFO - [2024-04-22T06:22:27.508+0000] {dag.py:2690} INFO - Sync 1 DAGs
[2024-04-22T06:22:27.619+0000] {logging_mixin.py:137} INFO - [2024-04-22T06:22:27.618+0000] {dag.py:3437} INFO - Setting next_dagrun for example_task_group to 2024-04-21T06:22:27.618683+00:00, run_after=2024-04-22T06:22:27.618683+00:00
[2024-04-22T06:22:27.670+0000] {processor.py:175} INFO - Processing /usr/local/python/3.10.13/lib/python3.10/site-packages/airflow/example_dags/example_task_group.py took 0.192 seconds
[2024-04-22T06:23:09.903+0000] {processor.py:153} INFO - Started process (PID=47636) to work on /usr/local/python/3.10.13/lib/python3.10/site-packages/airflow/example_dags/example_task_group.py
[2024-04-22T06:23:09.904+0000] {processor.py:743} INFO - Processing file /usr/local/python/3.10.13/lib/python3.10/site-packages/airflow/example_dags/example_task_group.py for tasks to queue
[2024-04-22T06:23:09.905+0000] {logging_mixin.py:137} INFO - [2024-04-22T06:23:09.904+0000] {dagbag.py:538} INFO - Filling up the DagBag from /usr/local/python/3.10.13/lib/python3.10/site-packages/airflow/example_dags/example_task_group.py
[2024-04-22T06:23:09.918+0000] {processor.py:753} INFO - DAG(s) dict_keys(['example_task_group']) retrieved from /usr/local/python/3.10.13/lib/python3.10/site-packages/airflow/example_dags/example_task_group.py
[2024-04-22T06:23:10.022+0000] {logging_mixin.py:137} INFO - [2024-04-22T06:23:10.021+0000] {dag.py:2690} INFO - Sync 1 DAGs
[2024-04-22T06:23:10.035+0000] {logging_mixin.py:137} INFO - [2024-04-22T06:23:10.035+0000] {dag.py:3437} INFO - Setting next_dagrun for example_task_group to 2024-04-21T06:23:10.035519+00:00, run_after=2024-04-22T06:23:10.035519+00:00
[2024-04-22T06:23:10.081+0000] {processor.py:175} INFO - Processing /usr/local/python/3.10.13/lib/python3.10/site-packages/airflow/example_dags/example_task_group.py took 0.180 seconds
[2024-04-22T06:23:53.646+0000] {processor.py:153} INFO - Started process (PID=48073) to work on /usr/local/python/3.10.13/lib/python3.10/site-packages/airflow/example_dags/example_task_group.py
[2024-04-22T06:23:53.647+0000] {processor.py:743} INFO - Processing file /usr/local/python/3.10.13/lib/python3.10/site-packages/airflow/example_dags/example_task_group.py for tasks to queue
[2024-04-22T06:23:53.647+0000] {logging_mixin.py:137} INFO - [2024-04-22T06:23:53.647+0000] {dagbag.py:538} INFO - Filling up the DagBag from /usr/local/python/3.10.13/lib/python3.10/site-packages/airflow/example_dags/example_task_group.py
[2024-04-22T06:23:53.661+0000] {processor.py:753} INFO - DAG(s) dict_keys(['example_task_group']) retrieved from /usr/local/python/3.10.13/lib/python3.10/site-packages/airflow/example_dags/example_task_group.py
[2024-04-22T06:23:53.765+0000] {logging_mixin.py:137} INFO - [2024-04-22T06:23:53.765+0000] {dag.py:2690} INFO - Sync 1 DAGs
[2024-04-22T06:23:53.779+0000] {logging_mixin.py:137} INFO - [2024-04-22T06:23:53.778+0000] {dag.py:3437} INFO - Setting next_dagrun for example_task_group to 2024-04-21T06:23:53.778794+00:00, run_after=2024-04-22T06:23:53.778794+00:00
[2024-04-22T06:23:53.828+0000] {processor.py:175} INFO - Processing /usr/local/python/3.10.13/lib/python3.10/site-packages/airflow/example_dags/example_task_group.py took 0.184 seconds
[2024-04-22T06:24:35.800+0000] {processor.py:153} INFO - Started process (PID=48561) to work on /usr/local/python/3.10.13/lib/python3.10/site-packages/airflow/example_dags/example_task_group.py
[2024-04-22T06:24:35.800+0000] {processor.py:743} INFO - Processing file /usr/local/python/3.10.13/lib/python3.10/site-packages/airflow/example_dags/example_task_group.py for tasks to queue
[2024-04-22T06:24:35.801+0000] {logging_mixin.py:137} INFO - [2024-04-22T06:24:35.801+0000] {dagbag.py:538} INFO - Filling up the DagBag from /usr/local/python/3.10.13/lib/python3.10/site-packages/airflow/example_dags/example_task_group.py
[2024-04-22T06:24:35.909+0000] {processor.py:753} INFO - DAG(s) dict_keys(['example_task_group']) retrieved from /usr/local/python/3.10.13/lib/python3.10/site-packages/airflow/example_dags/example_task_group.py
[2024-04-22T06:24:35.923+0000] {logging_mixin.py:137} INFO - [2024-04-22T06:24:35.923+0000] {dag.py:2690} INFO - Sync 1 DAGs
[2024-04-22T06:24:35.937+0000] {logging_mixin.py:137} INFO - [2024-04-22T06:24:35.937+0000] {dag.py:3437} INFO - Setting next_dagrun for example_task_group to 2024-04-21T06:24:35.937243+00:00, run_after=2024-04-22T06:24:35.937243+00:00
[2024-04-22T06:24:35.986+0000] {processor.py:175} INFO - Processing /usr/local/python/3.10.13/lib/python3.10/site-packages/airflow/example_dags/example_task_group.py took 0.188 seconds
[2024-04-22T06:25:18.299+0000] {processor.py:153} INFO - Started process (PID=49017) to work on /usr/local/python/3.10.13/lib/python3.10/site-packages/airflow/example_dags/example_task_group.py
[2024-04-22T06:25:18.299+0000] {processor.py:743} INFO - Processing file /usr/local/python/3.10.13/lib/python3.10/site-packages/airflow/example_dags/example_task_group.py for tasks to queue
[2024-04-22T06:25:18.300+0000] {logging_mixin.py:137} INFO - [2024-04-22T06:25:18.300+0000] {dagbag.py:538} INFO - Filling up the DagBag from /usr/local/python/3.10.13/lib/python3.10/site-packages/airflow/example_dags/example_task_group.py
[2024-04-22T06:25:18.315+0000] {processor.py:753} INFO - DAG(s) dict_keys(['example_task_group']) retrieved from /usr/local/python/3.10.13/lib/python3.10/site-packages/airflow/example_dags/example_task_group.py
[2024-04-22T06:25:18.360+0000] {logging_mixin.py:137} INFO - [2024-04-22T06:25:18.360+0000] {dag.py:2690} INFO - Sync 1 DAGs
[2024-04-22T06:25:18.377+0000] {logging_mixin.py:137} INFO - [2024-04-22T06:25:18.377+0000] {dag.py:3437} INFO - Setting next_dagrun for example_task_group to 2024-04-21T06:25:18.377325+00:00, run_after=2024-04-22T06:25:18.377325+00:00
[2024-04-22T06:25:18.424+0000] {processor.py:175} INFO - Processing /usr/local/python/3.10.13/lib/python3.10/site-packages/airflow/example_dags/example_task_group.py took 0.128 seconds
[2024-04-22T06:25:55.067+0000] {processor.py:153} INFO - Started process (PID=49383) to work on /usr/local/python/3.10.13/lib/python3.10/site-packages/airflow/example_dags/example_task_group.py
[2024-04-22T06:25:55.067+0000] {processor.py:743} INFO - Processing file /usr/local/python/3.10.13/lib/python3.10/site-packages/airflow/example_dags/example_task_group.py for tasks to queue
[2024-04-22T06:25:55.068+0000] {logging_mixin.py:137} INFO - [2024-04-22T06:25:55.068+0000] {dagbag.py:538} INFO - Filling up the DagBag from /usr/local/python/3.10.13/lib/python3.10/site-packages/airflow/example_dags/example_task_group.py
[2024-04-22T06:25:55.081+0000] {processor.py:753} INFO - DAG(s) dict_keys(['example_task_group']) retrieved from /usr/local/python/3.10.13/lib/python3.10/site-packages/airflow/example_dags/example_task_group.py
[2024-04-22T06:25:55.096+0000] {logging_mixin.py:137} INFO - [2024-04-22T06:25:55.096+0000] {dag.py:2690} INFO - Sync 1 DAGs
[2024-04-22T06:25:55.111+0000] {logging_mixin.py:137} INFO - [2024-04-22T06:25:55.111+0000] {dag.py:3437} INFO - Setting next_dagrun for example_task_group to 2024-04-21T06:25:55.111122+00:00, run_after=2024-04-22T06:25:55.111122+00:00
[2024-04-22T06:25:55.155+0000] {processor.py:175} INFO - Processing /usr/local/python/3.10.13/lib/python3.10/site-packages/airflow/example_dags/example_task_group.py took 0.091 seconds
[2024-04-22T06:26:34.259+0000] {processor.py:153} INFO - Started process (PID=49753) to work on /usr/local/python/3.10.13/lib/python3.10/site-packages/airflow/example_dags/example_task_group.py
[2024-04-22T06:26:34.262+0000] {processor.py:743} INFO - Processing file /usr/local/python/3.10.13/lib/python3.10/site-packages/airflow/example_dags/example_task_group.py for tasks to queue
[2024-04-22T06:26:34.263+0000] {logging_mixin.py:137} INFO - [2024-04-22T06:26:34.262+0000] {dagbag.py:538} INFO - Filling up the DagBag from /usr/local/python/3.10.13/lib/python3.10/site-packages/airflow/example_dags/example_task_group.py
[2024-04-22T06:26:34.284+0000] {processor.py:753} INFO - DAG(s) dict_keys(['example_task_group']) retrieved from /usr/local/python/3.10.13/lib/python3.10/site-packages/airflow/example_dags/example_task_group.py
[2024-04-22T06:26:34.299+0000] {logging_mixin.py:137} INFO - [2024-04-22T06:26:34.299+0000] {dag.py:2690} INFO - Sync 1 DAGs
[2024-04-22T06:26:34.315+0000] {logging_mixin.py:137} INFO - [2024-04-22T06:26:34.315+0000] {dag.py:3437} INFO - Setting next_dagrun for example_task_group to 2024-04-21T06:26:34.314858+00:00, run_after=2024-04-22T06:26:34.314858+00:00
[2024-04-22T06:26:34.362+0000] {processor.py:175} INFO - Processing /usr/local/python/3.10.13/lib/python3.10/site-packages/airflow/example_dags/example_task_group.py took 0.106 seconds
[2024-04-22T06:27:17.336+0000] {processor.py:153} INFO - Started process (PID=50158) to work on /usr/local/python/3.10.13/lib/python3.10/site-packages/airflow/example_dags/example_task_group.py
[2024-04-22T06:27:17.336+0000] {processor.py:743} INFO - Processing file /usr/local/python/3.10.13/lib/python3.10/site-packages/airflow/example_dags/example_task_group.py for tasks to queue
[2024-04-22T06:27:17.337+0000] {logging_mixin.py:137} INFO - [2024-04-22T06:27:17.337+0000] {dagbag.py:538} INFO - Filling up the DagBag from /usr/local/python/3.10.13/lib/python3.10/site-packages/airflow/example_dags/example_task_group.py
[2024-04-22T06:27:17.350+0000] {processor.py:753} INFO - DAG(s) dict_keys(['example_task_group']) retrieved from /usr/local/python/3.10.13/lib/python3.10/site-packages/airflow/example_dags/example_task_group.py
[2024-04-22T06:27:17.365+0000] {logging_mixin.py:137} INFO - [2024-04-22T06:27:17.365+0000] {dag.py:2690} INFO - Sync 1 DAGs
[2024-04-22T06:27:17.385+0000] {logging_mixin.py:137} INFO - [2024-04-22T06:27:17.384+0000] {dag.py:3437} INFO - Setting next_dagrun for example_task_group to 2024-04-21T06:27:17.384773+00:00, run_after=2024-04-22T06:27:17.384773+00:00
[2024-04-22T06:27:17.441+0000] {processor.py:175} INFO - Processing /usr/local/python/3.10.13/lib/python3.10/site-packages/airflow/example_dags/example_task_group.py took 0.107 seconds
