[2024-04-22T06:13:31.450+0000] {processor.py:153} INFO - Started process (PID=43498) to work on /usr/local/python/3.10.13/lib/python3.10/site-packages/airflow/example_dags/example_branch_labels.py
[2024-04-22T06:13:31.451+0000] {processor.py:743} INFO - Processing file /usr/local/python/3.10.13/lib/python3.10/site-packages/airflow/example_dags/example_branch_labels.py for tasks to queue
[2024-04-22T06:13:31.451+0000] {logging_mixin.py:137} INFO - [2024-04-22T06:13:31.451+0000] {dagbag.py:538} INFO - Filling up the DagBag from /usr/local/python/3.10.13/lib/python3.10/site-packages/airflow/example_dags/example_branch_labels.py
[2024-04-22T06:13:31.464+0000] {processor.py:753} INFO - DAG(s) dict_keys(['example_branch_labels']) retrieved from /usr/local/python/3.10.13/lib/python3.10/site-packages/airflow/example_dags/example_branch_labels.py
[2024-04-22T06:13:31.616+0000] {logging_mixin.py:137} INFO - [2024-04-22T06:13:31.615+0000] {manager.py:504} INFO - Created Permission View: can delete on DAG:example_branch_labels
[2024-04-22T06:13:31.654+0000] {logging_mixin.py:137} INFO - [2024-04-22T06:13:31.654+0000] {manager.py:504} INFO - Created Permission View: can edit on DAG:example_branch_labels
[2024-04-22T06:13:31.689+0000] {logging_mixin.py:137} INFO - [2024-04-22T06:13:31.689+0000] {manager.py:504} INFO - Created Permission View: can read on DAG:example_branch_labels
[2024-04-22T06:13:31.690+0000] {logging_mixin.py:137} INFO - [2024-04-22T06:13:31.690+0000] {dag.py:2690} INFO - Sync 1 DAGs
[2024-04-22T06:13:31.698+0000] {logging_mixin.py:137} INFO - [2024-04-22T06:13:31.698+0000] {dag.py:2711} INFO - Creating ORM DAG for example_branch_labels
[2024-04-22T06:13:31.706+0000] {logging_mixin.py:137} INFO - [2024-04-22T06:13:31.706+0000] {dag.py:3437} INFO - Setting next_dagrun for example_branch_labels to 2024-04-21T00:00:00+00:00, run_after=2024-04-22T00:00:00+00:00
[2024-04-22T06:13:31.768+0000] {processor.py:175} INFO - Processing /usr/local/python/3.10.13/lib/python3.10/site-packages/airflow/example_dags/example_branch_labels.py took 0.321 seconds
[2024-04-22T06:14:13.649+0000] {processor.py:153} INFO - Started process (PID=43780) to work on /usr/local/python/3.10.13/lib/python3.10/site-packages/airflow/example_dags/example_branch_labels.py
[2024-04-22T06:14:13.649+0000] {processor.py:743} INFO - Processing file /usr/local/python/3.10.13/lib/python3.10/site-packages/airflow/example_dags/example_branch_labels.py for tasks to queue
[2024-04-22T06:14:13.650+0000] {logging_mixin.py:137} INFO - [2024-04-22T06:14:13.650+0000] {dagbag.py:538} INFO - Filling up the DagBag from /usr/local/python/3.10.13/lib/python3.10/site-packages/airflow/example_dags/example_branch_labels.py
[2024-04-22T06:14:13.663+0000] {processor.py:753} INFO - DAG(s) dict_keys(['example_branch_labels']) retrieved from /usr/local/python/3.10.13/lib/python3.10/site-packages/airflow/example_dags/example_branch_labels.py
[2024-04-22T06:14:13.678+0000] {logging_mixin.py:137} INFO - [2024-04-22T06:14:13.677+0000] {dag.py:2690} INFO - Sync 1 DAGs
[2024-04-22T06:14:13.693+0000] {logging_mixin.py:137} INFO - [2024-04-22T06:14:13.693+0000] {dag.py:3437} INFO - Setting next_dagrun for example_branch_labels to 2024-04-21T00:00:00+00:00, run_after=2024-04-22T00:00:00+00:00
[2024-04-22T06:14:13.740+0000] {processor.py:175} INFO - Processing /usr/local/python/3.10.13/lib/python3.10/site-packages/airflow/example_dags/example_branch_labels.py took 0.093 seconds
[2024-04-22T06:14:53.261+0000] {processor.py:153} INFO - Started process (PID=44057) to work on /usr/local/python/3.10.13/lib/python3.10/site-packages/airflow/example_dags/example_branch_labels.py
[2024-04-22T06:14:53.262+0000] {processor.py:743} INFO - Processing file /usr/local/python/3.10.13/lib/python3.10/site-packages/airflow/example_dags/example_branch_labels.py for tasks to queue
[2024-04-22T06:14:53.262+0000] {logging_mixin.py:137} INFO - [2024-04-22T06:14:53.262+0000] {dagbag.py:538} INFO - Filling up the DagBag from /usr/local/python/3.10.13/lib/python3.10/site-packages/airflow/example_dags/example_branch_labels.py
[2024-04-22T06:14:53.277+0000] {processor.py:753} INFO - DAG(s) dict_keys(['example_branch_labels']) retrieved from /usr/local/python/3.10.13/lib/python3.10/site-packages/airflow/example_dags/example_branch_labels.py
[2024-04-22T06:14:53.291+0000] {logging_mixin.py:137} INFO - [2024-04-22T06:14:53.291+0000] {dag.py:2690} INFO - Sync 1 DAGs
[2024-04-22T06:14:53.307+0000] {logging_mixin.py:137} INFO - [2024-04-22T06:14:53.307+0000] {dag.py:3437} INFO - Setting next_dagrun for example_branch_labels to 2024-04-21T00:00:00+00:00, run_after=2024-04-22T00:00:00+00:00
[2024-04-22T06:14:53.358+0000] {processor.py:175} INFO - Processing /usr/local/python/3.10.13/lib/python3.10/site-packages/airflow/example_dags/example_branch_labels.py took 0.099 seconds
[2024-04-22T06:15:33.320+0000] {processor.py:153} INFO - Started process (PID=44330) to work on /usr/local/python/3.10.13/lib/python3.10/site-packages/airflow/example_dags/example_branch_labels.py
[2024-04-22T06:15:33.321+0000] {processor.py:743} INFO - Processing file /usr/local/python/3.10.13/lib/python3.10/site-packages/airflow/example_dags/example_branch_labels.py for tasks to queue
[2024-04-22T06:15:33.321+0000] {logging_mixin.py:137} INFO - [2024-04-22T06:15:33.321+0000] {dagbag.py:538} INFO - Filling up the DagBag from /usr/local/python/3.10.13/lib/python3.10/site-packages/airflow/example_dags/example_branch_labels.py
[2024-04-22T06:15:33.335+0000] {processor.py:753} INFO - DAG(s) dict_keys(['example_branch_labels']) retrieved from /usr/local/python/3.10.13/lib/python3.10/site-packages/airflow/example_dags/example_branch_labels.py
[2024-04-22T06:15:33.349+0000] {logging_mixin.py:137} INFO - [2024-04-22T06:15:33.349+0000] {dag.py:2690} INFO - Sync 1 DAGs
[2024-04-22T06:15:33.365+0000] {logging_mixin.py:137} INFO - [2024-04-22T06:15:33.365+0000] {dag.py:3437} INFO - Setting next_dagrun for example_branch_labels to 2024-04-21T00:00:00+00:00, run_after=2024-04-22T00:00:00+00:00
[2024-04-22T06:15:33.410+0000] {processor.py:175} INFO - Processing /usr/local/python/3.10.13/lib/python3.10/site-packages/airflow/example_dags/example_branch_labels.py took 0.092 seconds
[2024-04-22T06:16:17.350+0000] {processor.py:153} INFO - Started process (PID=44638) to work on /usr/local/python/3.10.13/lib/python3.10/site-packages/airflow/example_dags/example_branch_labels.py
[2024-04-22T06:16:17.350+0000] {processor.py:743} INFO - Processing file /usr/local/python/3.10.13/lib/python3.10/site-packages/airflow/example_dags/example_branch_labels.py for tasks to queue
[2024-04-22T06:16:17.351+0000] {logging_mixin.py:137} INFO - [2024-04-22T06:16:17.351+0000] {dagbag.py:538} INFO - Filling up the DagBag from /usr/local/python/3.10.13/lib/python3.10/site-packages/airflow/example_dags/example_branch_labels.py
[2024-04-22T06:16:17.363+0000] {processor.py:753} INFO - DAG(s) dict_keys(['example_branch_labels']) retrieved from /usr/local/python/3.10.13/lib/python3.10/site-packages/airflow/example_dags/example_branch_labels.py
[2024-04-22T06:16:17.377+0000] {logging_mixin.py:137} INFO - [2024-04-22T06:16:17.377+0000] {dag.py:2690} INFO - Sync 1 DAGs
[2024-04-22T06:16:17.393+0000] {logging_mixin.py:137} INFO - [2024-04-22T06:16:17.393+0000] {dag.py:3437} INFO - Setting next_dagrun for example_branch_labels to 2024-04-21T00:00:00+00:00, run_after=2024-04-22T00:00:00+00:00
[2024-04-22T06:16:17.439+0000] {processor.py:175} INFO - Processing /usr/local/python/3.10.13/lib/python3.10/site-packages/airflow/example_dags/example_branch_labels.py took 0.092 seconds
[2024-04-22T06:16:59.159+0000] {processor.py:153} INFO - Started process (PID=44925) to work on /usr/local/python/3.10.13/lib/python3.10/site-packages/airflow/example_dags/example_branch_labels.py
[2024-04-22T06:16:59.160+0000] {processor.py:743} INFO - Processing file /usr/local/python/3.10.13/lib/python3.10/site-packages/airflow/example_dags/example_branch_labels.py for tasks to queue
[2024-04-22T06:16:59.161+0000] {logging_mixin.py:137} INFO - [2024-04-22T06:16:59.160+0000] {dagbag.py:538} INFO - Filling up the DagBag from /usr/local/python/3.10.13/lib/python3.10/site-packages/airflow/example_dags/example_branch_labels.py
[2024-04-22T06:16:59.173+0000] {processor.py:753} INFO - DAG(s) dict_keys(['example_branch_labels']) retrieved from /usr/local/python/3.10.13/lib/python3.10/site-packages/airflow/example_dags/example_branch_labels.py
[2024-04-22T06:16:59.189+0000] {logging_mixin.py:137} INFO - [2024-04-22T06:16:59.189+0000] {dag.py:2690} INFO - Sync 1 DAGs
[2024-04-22T06:16:59.207+0000] {logging_mixin.py:137} INFO - [2024-04-22T06:16:59.207+0000] {dag.py:3437} INFO - Setting next_dagrun for example_branch_labels to 2024-04-21T00:00:00+00:00, run_after=2024-04-22T00:00:00+00:00
[2024-04-22T06:16:59.255+0000] {processor.py:175} INFO - Processing /usr/local/python/3.10.13/lib/python3.10/site-packages/airflow/example_dags/example_branch_labels.py took 0.098 seconds
[2024-04-22T06:17:40.977+0000] {processor.py:153} INFO - Started process (PID=45202) to work on /usr/local/python/3.10.13/lib/python3.10/site-packages/airflow/example_dags/example_branch_labels.py
[2024-04-22T06:17:40.978+0000] {processor.py:743} INFO - Processing file /usr/local/python/3.10.13/lib/python3.10/site-packages/airflow/example_dags/example_branch_labels.py for tasks to queue
[2024-04-22T06:17:40.978+0000] {logging_mixin.py:137} INFO - [2024-04-22T06:17:40.978+0000] {dagbag.py:538} INFO - Filling up the DagBag from /usr/local/python/3.10.13/lib/python3.10/site-packages/airflow/example_dags/example_branch_labels.py
[2024-04-22T06:17:40.991+0000] {processor.py:753} INFO - DAG(s) dict_keys(['example_branch_labels']) retrieved from /usr/local/python/3.10.13/lib/python3.10/site-packages/airflow/example_dags/example_branch_labels.py
[2024-04-22T06:17:41.005+0000] {logging_mixin.py:137} INFO - [2024-04-22T06:17:41.005+0000] {dag.py:2690} INFO - Sync 1 DAGs
[2024-04-22T06:17:41.022+0000] {logging_mixin.py:137} INFO - [2024-04-22T06:17:41.022+0000] {dag.py:3437} INFO - Setting next_dagrun for example_branch_labels to 2024-04-21T00:00:00+00:00, run_after=2024-04-22T00:00:00+00:00
[2024-04-22T06:17:41.069+0000] {processor.py:175} INFO - Processing /usr/local/python/3.10.13/lib/python3.10/site-packages/airflow/example_dags/example_branch_labels.py took 0.095 seconds
[2024-04-22T06:18:22.443+0000] {processor.py:153} INFO - Started process (PID=45547) to work on /usr/local/python/3.10.13/lib/python3.10/site-packages/airflow/example_dags/example_branch_labels.py
[2024-04-22T06:18:22.443+0000] {processor.py:743} INFO - Processing file /usr/local/python/3.10.13/lib/python3.10/site-packages/airflow/example_dags/example_branch_labels.py for tasks to queue
[2024-04-22T06:18:22.444+0000] {logging_mixin.py:137} INFO - [2024-04-22T06:18:22.444+0000] {dagbag.py:538} INFO - Filling up the DagBag from /usr/local/python/3.10.13/lib/python3.10/site-packages/airflow/example_dags/example_branch_labels.py
[2024-04-22T06:18:22.457+0000] {processor.py:753} INFO - DAG(s) dict_keys(['example_branch_labels']) retrieved from /usr/local/python/3.10.13/lib/python3.10/site-packages/airflow/example_dags/example_branch_labels.py
[2024-04-22T06:18:22.471+0000] {logging_mixin.py:137} INFO - [2024-04-22T06:18:22.471+0000] {dag.py:2690} INFO - Sync 1 DAGs
[2024-04-22T06:18:22.487+0000] {logging_mixin.py:137} INFO - [2024-04-22T06:18:22.487+0000] {dag.py:3437} INFO - Setting next_dagrun for example_branch_labels to 2024-04-21T00:00:00+00:00, run_after=2024-04-22T00:00:00+00:00
[2024-04-22T06:18:22.534+0000] {processor.py:175} INFO - Processing /usr/local/python/3.10.13/lib/python3.10/site-packages/airflow/example_dags/example_branch_labels.py took 0.093 seconds
[2024-04-22T06:19:04.467+0000] {processor.py:153} INFO - Started process (PID=45832) to work on /usr/local/python/3.10.13/lib/python3.10/site-packages/airflow/example_dags/example_branch_labels.py
[2024-04-22T06:19:04.468+0000] {processor.py:743} INFO - Processing file /usr/local/python/3.10.13/lib/python3.10/site-packages/airflow/example_dags/example_branch_labels.py for tasks to queue
[2024-04-22T06:19:04.468+0000] {logging_mixin.py:137} INFO - [2024-04-22T06:19:04.468+0000] {dagbag.py:538} INFO - Filling up the DagBag from /usr/local/python/3.10.13/lib/python3.10/site-packages/airflow/example_dags/example_branch_labels.py
[2024-04-22T06:19:04.481+0000] {processor.py:753} INFO - DAG(s) dict_keys(['example_branch_labels']) retrieved from /usr/local/python/3.10.13/lib/python3.10/site-packages/airflow/example_dags/example_branch_labels.py
[2024-04-22T06:19:04.495+0000] {logging_mixin.py:137} INFO - [2024-04-22T06:19:04.495+0000] {dag.py:2690} INFO - Sync 1 DAGs
[2024-04-22T06:19:04.512+0000] {logging_mixin.py:137} INFO - [2024-04-22T06:19:04.511+0000] {dag.py:3437} INFO - Setting next_dagrun for example_branch_labels to 2024-04-21T00:00:00+00:00, run_after=2024-04-22T00:00:00+00:00
[2024-04-22T06:19:04.560+0000] {processor.py:175} INFO - Processing /usr/local/python/3.10.13/lib/python3.10/site-packages/airflow/example_dags/example_branch_labels.py took 0.095 seconds
[2024-04-22T06:19:45.300+0000] {processor.py:153} INFO - Started process (PID=46108) to work on /usr/local/python/3.10.13/lib/python3.10/site-packages/airflow/example_dags/example_branch_labels.py
[2024-04-22T06:19:45.301+0000] {processor.py:743} INFO - Processing file /usr/local/python/3.10.13/lib/python3.10/site-packages/airflow/example_dags/example_branch_labels.py for tasks to queue
[2024-04-22T06:19:45.302+0000] {logging_mixin.py:137} INFO - [2024-04-22T06:19:45.301+0000] {dagbag.py:538} INFO - Filling up the DagBag from /usr/local/python/3.10.13/lib/python3.10/site-packages/airflow/example_dags/example_branch_labels.py
[2024-04-22T06:19:45.314+0000] {processor.py:753} INFO - DAG(s) dict_keys(['example_branch_labels']) retrieved from /usr/local/python/3.10.13/lib/python3.10/site-packages/airflow/example_dags/example_branch_labels.py
[2024-04-22T06:19:45.328+0000] {logging_mixin.py:137} INFO - [2024-04-22T06:19:45.328+0000] {dag.py:2690} INFO - Sync 1 DAGs
[2024-04-22T06:19:45.344+0000] {logging_mixin.py:137} INFO - [2024-04-22T06:19:45.344+0000] {dag.py:3437} INFO - Setting next_dagrun for example_branch_labels to 2024-04-21T00:00:00+00:00, run_after=2024-04-22T00:00:00+00:00
[2024-04-22T06:19:45.391+0000] {processor.py:175} INFO - Processing /usr/local/python/3.10.13/lib/python3.10/site-packages/airflow/example_dags/example_branch_labels.py took 0.093 seconds
[2024-04-22T06:20:31.169+0000] {processor.py:153} INFO - Started process (PID=46436) to work on /usr/local/python/3.10.13/lib/python3.10/site-packages/airflow/example_dags/example_branch_labels.py
[2024-04-22T06:20:31.170+0000] {processor.py:743} INFO - Processing file /usr/local/python/3.10.13/lib/python3.10/site-packages/airflow/example_dags/example_branch_labels.py for tasks to queue
[2024-04-22T06:20:31.170+0000] {logging_mixin.py:137} INFO - [2024-04-22T06:20:31.170+0000] {dagbag.py:538} INFO - Filling up the DagBag from /usr/local/python/3.10.13/lib/python3.10/site-packages/airflow/example_dags/example_branch_labels.py
[2024-04-22T06:20:31.182+0000] {processor.py:753} INFO - DAG(s) dict_keys(['example_branch_labels']) retrieved from /usr/local/python/3.10.13/lib/python3.10/site-packages/airflow/example_dags/example_branch_labels.py
[2024-04-22T06:20:31.197+0000] {logging_mixin.py:137} INFO - [2024-04-22T06:20:31.197+0000] {dag.py:2690} INFO - Sync 1 DAGs
[2024-04-22T06:20:31.213+0000] {logging_mixin.py:137} INFO - [2024-04-22T06:20:31.212+0000] {dag.py:3437} INFO - Setting next_dagrun for example_branch_labels to 2024-04-21T00:00:00+00:00, run_after=2024-04-22T00:00:00+00:00
[2024-04-22T06:20:31.259+0000] {processor.py:175} INFO - Processing /usr/local/python/3.10.13/lib/python3.10/site-packages/airflow/example_dags/example_branch_labels.py took 0.093 seconds
[2024-04-22T06:21:15.552+0000] {processor.py:153} INFO - Started process (PID=46730) to work on /usr/local/python/3.10.13/lib/python3.10/site-packages/airflow/example_dags/example_branch_labels.py
[2024-04-22T06:21:15.552+0000] {processor.py:743} INFO - Processing file /usr/local/python/3.10.13/lib/python3.10/site-packages/airflow/example_dags/example_branch_labels.py for tasks to queue
[2024-04-22T06:21:15.553+0000] {logging_mixin.py:137} INFO - [2024-04-22T06:21:15.553+0000] {dagbag.py:538} INFO - Filling up the DagBag from /usr/local/python/3.10.13/lib/python3.10/site-packages/airflow/example_dags/example_branch_labels.py
[2024-04-22T06:21:15.565+0000] {processor.py:753} INFO - DAG(s) dict_keys(['example_branch_labels']) retrieved from /usr/local/python/3.10.13/lib/python3.10/site-packages/airflow/example_dags/example_branch_labels.py
[2024-04-22T06:21:15.579+0000] {logging_mixin.py:137} INFO - [2024-04-22T06:21:15.579+0000] {dag.py:2690} INFO - Sync 1 DAGs
[2024-04-22T06:21:15.596+0000] {logging_mixin.py:137} INFO - [2024-04-22T06:21:15.596+0000] {dag.py:3437} INFO - Setting next_dagrun for example_branch_labels to 2024-04-21T00:00:00+00:00, run_after=2024-04-22T00:00:00+00:00
[2024-04-22T06:21:15.746+0000] {processor.py:175} INFO - Processing /usr/local/python/3.10.13/lib/python3.10/site-packages/airflow/example_dags/example_branch_labels.py took 0.196 seconds
[2024-04-22T06:21:59.073+0000] {processor.py:153} INFO - Started process (PID=47016) to work on /usr/local/python/3.10.13/lib/python3.10/site-packages/airflow/example_dags/example_branch_labels.py
[2024-04-22T06:21:59.073+0000] {processor.py:743} INFO - Processing file /usr/local/python/3.10.13/lib/python3.10/site-packages/airflow/example_dags/example_branch_labels.py for tasks to queue
[2024-04-22T06:21:59.074+0000] {logging_mixin.py:137} INFO - [2024-04-22T06:21:59.074+0000] {dagbag.py:538} INFO - Filling up the DagBag from /usr/local/python/3.10.13/lib/python3.10/site-packages/airflow/example_dags/example_branch_labels.py
[2024-04-22T06:21:59.088+0000] {processor.py:753} INFO - DAG(s) dict_keys(['example_branch_labels']) retrieved from /usr/local/python/3.10.13/lib/python3.10/site-packages/airflow/example_dags/example_branch_labels.py
[2024-04-22T06:21:59.107+0000] {logging_mixin.py:137} INFO - [2024-04-22T06:21:59.107+0000] {dag.py:2690} INFO - Sync 1 DAGs
[2024-04-22T06:21:59.241+0000] {logging_mixin.py:137} INFO - [2024-04-22T06:21:59.241+0000] {dag.py:3437} INFO - Setting next_dagrun for example_branch_labels to 2024-04-21T00:00:00+00:00, run_after=2024-04-22T00:00:00+00:00
[2024-04-22T06:21:59.288+0000] {processor.py:175} INFO - Processing /usr/local/python/3.10.13/lib/python3.10/site-packages/airflow/example_dags/example_branch_labels.py took 0.217 seconds
[2024-04-22T06:22:50.909+0000] {processor.py:153} INFO - Started process (PID=47465) to work on /usr/local/python/3.10.13/lib/python3.10/site-packages/airflow/example_dags/example_branch_labels.py
[2024-04-22T06:22:50.909+0000] {processor.py:743} INFO - Processing file /usr/local/python/3.10.13/lib/python3.10/site-packages/airflow/example_dags/example_branch_labels.py for tasks to queue
[2024-04-22T06:22:50.910+0000] {logging_mixin.py:137} INFO - [2024-04-22T06:22:50.910+0000] {dagbag.py:538} INFO - Filling up the DagBag from /usr/local/python/3.10.13/lib/python3.10/site-packages/airflow/example_dags/example_branch_labels.py
[2024-04-22T06:22:50.928+0000] {processor.py:753} INFO - DAG(s) dict_keys(['example_branch_labels']) retrieved from /usr/local/python/3.10.13/lib/python3.10/site-packages/airflow/example_dags/example_branch_labels.py
[2024-04-22T06:22:50.948+0000] {logging_mixin.py:137} INFO - [2024-04-22T06:22:50.948+0000] {dag.py:2690} INFO - Sync 1 DAGs
[2024-04-22T06:22:51.073+0000] {logging_mixin.py:137} INFO - [2024-04-22T06:22:51.072+0000] {dag.py:3437} INFO - Setting next_dagrun for example_branch_labels to 2024-04-21T00:00:00+00:00, run_after=2024-04-22T00:00:00+00:00
[2024-04-22T06:22:51.120+0000] {processor.py:175} INFO - Processing /usr/local/python/3.10.13/lib/python3.10/site-packages/airflow/example_dags/example_branch_labels.py took 0.214 seconds
[2024-04-22T06:23:34.874+0000] {processor.py:153} INFO - Started process (PID=47898) to work on /usr/local/python/3.10.13/lib/python3.10/site-packages/airflow/example_dags/example_branch_labels.py
[2024-04-22T06:23:34.875+0000] {processor.py:743} INFO - Processing file /usr/local/python/3.10.13/lib/python3.10/site-packages/airflow/example_dags/example_branch_labels.py for tasks to queue
[2024-04-22T06:23:34.875+0000] {logging_mixin.py:137} INFO - [2024-04-22T06:23:34.875+0000] {dagbag.py:538} INFO - Filling up the DagBag from /usr/local/python/3.10.13/lib/python3.10/site-packages/airflow/example_dags/example_branch_labels.py
[2024-04-22T06:23:34.888+0000] {processor.py:753} INFO - DAG(s) dict_keys(['example_branch_labels']) retrieved from /usr/local/python/3.10.13/lib/python3.10/site-packages/airflow/example_dags/example_branch_labels.py
[2024-04-22T06:23:34.997+0000] {logging_mixin.py:137} INFO - [2024-04-22T06:23:34.997+0000] {dag.py:2690} INFO - Sync 1 DAGs
[2024-04-22T06:23:35.021+0000] {logging_mixin.py:137} INFO - [2024-04-22T06:23:35.021+0000] {dag.py:3437} INFO - Setting next_dagrun for example_branch_labels to 2024-04-21T00:00:00+00:00, run_after=2024-04-22T00:00:00+00:00
[2024-04-22T06:23:35.070+0000] {processor.py:175} INFO - Processing /usr/local/python/3.10.13/lib/python3.10/site-packages/airflow/example_dags/example_branch_labels.py took 0.198 seconds
[2024-04-22T06:24:31.253+0000] {processor.py:153} INFO - Started process (PID=48486) to work on /usr/local/python/3.10.13/lib/python3.10/site-packages/airflow/example_dags/example_branch_labels.py
[2024-04-22T06:24:31.254+0000] {processor.py:743} INFO - Processing file /usr/local/python/3.10.13/lib/python3.10/site-packages/airflow/example_dags/example_branch_labels.py for tasks to queue
[2024-04-22T06:24:31.255+0000] {logging_mixin.py:137} INFO - [2024-04-22T06:24:31.255+0000] {dagbag.py:538} INFO - Filling up the DagBag from /usr/local/python/3.10.13/lib/python3.10/site-packages/airflow/example_dags/example_branch_labels.py
[2024-04-22T06:24:31.364+0000] {processor.py:753} INFO - DAG(s) dict_keys(['example_branch_labels']) retrieved from /usr/local/python/3.10.13/lib/python3.10/site-packages/airflow/example_dags/example_branch_labels.py
[2024-04-22T06:24:31.376+0000] {logging_mixin.py:137} INFO - [2024-04-22T06:24:31.376+0000] {dag.py:2690} INFO - Sync 1 DAGs
[2024-04-22T06:24:31.391+0000] {logging_mixin.py:137} INFO - [2024-04-22T06:24:31.391+0000] {dag.py:3437} INFO - Setting next_dagrun for example_branch_labels to 2024-04-21T00:00:00+00:00, run_after=2024-04-22T00:00:00+00:00
[2024-04-22T06:24:31.436+0000] {processor.py:175} INFO - Processing /usr/local/python/3.10.13/lib/python3.10/site-packages/airflow/example_dags/example_branch_labels.py took 0.186 seconds
[2024-04-22T06:25:27.332+0000] {processor.py:153} INFO - Started process (PID=49107) to work on /usr/local/python/3.10.13/lib/python3.10/site-packages/airflow/example_dags/example_branch_labels.py
[2024-04-22T06:25:27.333+0000] {processor.py:743} INFO - Processing file /usr/local/python/3.10.13/lib/python3.10/site-packages/airflow/example_dags/example_branch_labels.py for tasks to queue
[2024-04-22T06:25:27.333+0000] {logging_mixin.py:137} INFO - [2024-04-22T06:25:27.333+0000] {dagbag.py:538} INFO - Filling up the DagBag from /usr/local/python/3.10.13/lib/python3.10/site-packages/airflow/example_dags/example_branch_labels.py
[2024-04-22T06:25:27.346+0000] {processor.py:753} INFO - DAG(s) dict_keys(['example_branch_labels']) retrieved from /usr/local/python/3.10.13/lib/python3.10/site-packages/airflow/example_dags/example_branch_labels.py
[2024-04-22T06:25:27.360+0000] {logging_mixin.py:137} INFO - [2024-04-22T06:25:27.360+0000] {dag.py:2690} INFO - Sync 1 DAGs
[2024-04-22T06:25:27.375+0000] {logging_mixin.py:137} INFO - [2024-04-22T06:25:27.375+0000] {dag.py:3437} INFO - Setting next_dagrun for example_branch_labels to 2024-04-21T00:00:00+00:00, run_after=2024-04-22T00:00:00+00:00
[2024-04-22T06:25:27.427+0000] {processor.py:175} INFO - Processing /usr/local/python/3.10.13/lib/python3.10/site-packages/airflow/example_dags/example_branch_labels.py took 0.098 seconds
[2024-04-22T06:26:10.634+0000] {processor.py:153} INFO - Started process (PID=49531) to work on /usr/local/python/3.10.13/lib/python3.10/site-packages/airflow/example_dags/example_branch_labels.py
[2024-04-22T06:26:10.635+0000] {processor.py:743} INFO - Processing file /usr/local/python/3.10.13/lib/python3.10/site-packages/airflow/example_dags/example_branch_labels.py for tasks to queue
[2024-04-22T06:26:10.635+0000] {logging_mixin.py:137} INFO - [2024-04-22T06:26:10.635+0000] {dagbag.py:538} INFO - Filling up the DagBag from /usr/local/python/3.10.13/lib/python3.10/site-packages/airflow/example_dags/example_branch_labels.py
[2024-04-22T06:26:10.649+0000] {processor.py:753} INFO - DAG(s) dict_keys(['example_branch_labels']) retrieved from /usr/local/python/3.10.13/lib/python3.10/site-packages/airflow/example_dags/example_branch_labels.py
[2024-04-22T06:26:10.663+0000] {logging_mixin.py:137} INFO - [2024-04-22T06:26:10.663+0000] {dag.py:2690} INFO - Sync 1 DAGs
[2024-04-22T06:26:10.680+0000] {logging_mixin.py:137} INFO - [2024-04-22T06:26:10.680+0000] {dag.py:3437} INFO - Setting next_dagrun for example_branch_labels to 2024-04-21T00:00:00+00:00, run_after=2024-04-22T00:00:00+00:00
[2024-04-22T06:26:10.739+0000] {processor.py:175} INFO - Processing /usr/local/python/3.10.13/lib/python3.10/site-packages/airflow/example_dags/example_branch_labels.py took 0.107 seconds
[2024-04-22T06:26:49.957+0000] {processor.py:153} INFO - Started process (PID=49893) to work on /usr/local/python/3.10.13/lib/python3.10/site-packages/airflow/example_dags/example_branch_labels.py
[2024-04-22T06:26:49.958+0000] {processor.py:743} INFO - Processing file /usr/local/python/3.10.13/lib/python3.10/site-packages/airflow/example_dags/example_branch_labels.py for tasks to queue
[2024-04-22T06:26:49.959+0000] {logging_mixin.py:137} INFO - [2024-04-22T06:26:49.958+0000] {dagbag.py:538} INFO - Filling up the DagBag from /usr/local/python/3.10.13/lib/python3.10/site-packages/airflow/example_dags/example_branch_labels.py
[2024-04-22T06:26:49.971+0000] {processor.py:753} INFO - DAG(s) dict_keys(['example_branch_labels']) retrieved from /usr/local/python/3.10.13/lib/python3.10/site-packages/airflow/example_dags/example_branch_labels.py
[2024-04-22T06:26:49.987+0000] {logging_mixin.py:137} INFO - [2024-04-22T06:26:49.987+0000] {dag.py:2690} INFO - Sync 1 DAGs
[2024-04-22T06:26:50.005+0000] {logging_mixin.py:137} INFO - [2024-04-22T06:26:50.005+0000] {dag.py:3437} INFO - Setting next_dagrun for example_branch_labels to 2024-04-21T00:00:00+00:00, run_after=2024-04-22T00:00:00+00:00
[2024-04-22T06:26:50.051+0000] {processor.py:175} INFO - Processing /usr/local/python/3.10.13/lib/python3.10/site-packages/airflow/example_dags/example_branch_labels.py took 0.096 seconds
[2024-04-22T06:27:31.335+0000] {processor.py:153} INFO - Started process (PID=50278) to work on /usr/local/python/3.10.13/lib/python3.10/site-packages/airflow/example_dags/example_branch_labels.py
[2024-04-22T06:27:31.336+0000] {processor.py:743} INFO - Processing file /usr/local/python/3.10.13/lib/python3.10/site-packages/airflow/example_dags/example_branch_labels.py for tasks to queue
[2024-04-22T06:27:31.336+0000] {logging_mixin.py:137} INFO - [2024-04-22T06:27:31.336+0000] {dagbag.py:538} INFO - Filling up the DagBag from /usr/local/python/3.10.13/lib/python3.10/site-packages/airflow/example_dags/example_branch_labels.py
[2024-04-22T06:27:31.349+0000] {processor.py:753} INFO - DAG(s) dict_keys(['example_branch_labels']) retrieved from /usr/local/python/3.10.13/lib/python3.10/site-packages/airflow/example_dags/example_branch_labels.py
[2024-04-22T06:27:31.363+0000] {logging_mixin.py:137} INFO - [2024-04-22T06:27:31.363+0000] {dag.py:2690} INFO - Sync 1 DAGs
[2024-04-22T06:27:31.379+0000] {logging_mixin.py:137} INFO - [2024-04-22T06:27:31.379+0000] {dag.py:3437} INFO - Setting next_dagrun for example_branch_labels to 2024-04-21T00:00:00+00:00, run_after=2024-04-22T00:00:00+00:00
[2024-04-22T06:27:31.430+0000] {processor.py:175} INFO - Processing /usr/local/python/3.10.13/lib/python3.10/site-packages/airflow/example_dags/example_branch_labels.py took 0.098 seconds
