[2024-04-22T06:13:02.989+0000] {processor.py:153} INFO - Started process (PID=43321) to work on /usr/local/python/3.10.13/lib/python3.10/site-packages/airflow/example_dags/example_python_operator.py
[2024-04-22T06:13:02.989+0000] {processor.py:743} INFO - Processing file /usr/local/python/3.10.13/lib/python3.10/site-packages/airflow/example_dags/example_python_operator.py for tasks to queue
[2024-04-22T06:13:02.990+0000] {logging_mixin.py:137} INFO - [2024-04-22T06:13:02.990+0000] {dagbag.py:538} INFO - Filling up the DagBag from /usr/local/python/3.10.13/lib/python3.10/site-packages/airflow/example_dags/example_python_operator.py
[2024-04-22T06:13:03.005+0000] {logging_mixin.py:137} INFO - [2024-04-22T06:13:03.005+0000] {taskmixin.py:205} WARNING - Dependency <Task(_PythonDecoratedOperator): print_the_context>, log_sql_query already registered for DAG: example_python_operator
[2024-04-22T06:13:03.006+0000] {logging_mixin.py:137} INFO - [2024-04-22T06:13:03.006+0000] {taskmixin.py:205} WARNING - Dependency <Task(_PythonDecoratedOperator): log_sql_query>, print_the_context already registered for DAG: example_python_operator
[2024-04-22T06:13:03.006+0000] {logging_mixin.py:137} INFO - [2024-04-22T06:13:03.006+0000] {taskmixin.py:205} WARNING - Dependency <Task(_PythonDecoratedOperator): print_the_context>, log_sql_query already registered for DAG: example_python_operator
[2024-04-22T06:13:03.007+0000] {logging_mixin.py:137} INFO - [2024-04-22T06:13:03.007+0000] {taskmixin.py:205} WARNING - Dependency <Task(_PythonDecoratedOperator): log_sql_query>, print_the_context already registered for DAG: example_python_operator
[2024-04-22T06:13:03.007+0000] {logging_mixin.py:137} INFO - [2024-04-22T06:13:03.007+0000] {taskmixin.py:205} WARNING - Dependency <Task(_PythonDecoratedOperator): print_the_context>, log_sql_query already registered for DAG: example_python_operator
[2024-04-22T06:13:03.007+0000] {logging_mixin.py:137} INFO - [2024-04-22T06:13:03.007+0000] {taskmixin.py:205} WARNING - Dependency <Task(_PythonDecoratedOperator): log_sql_query>, print_the_context already registered for DAG: example_python_operator
[2024-04-22T06:13:03.008+0000] {logging_mixin.py:137} INFO - [2024-04-22T06:13:03.008+0000] {taskmixin.py:205} WARNING - Dependency <Task(_PythonDecoratedOperator): print_the_context>, log_sql_query already registered for DAG: example_python_operator
[2024-04-22T06:13:03.008+0000] {logging_mixin.py:137} INFO - [2024-04-22T06:13:03.008+0000] {taskmixin.py:205} WARNING - Dependency <Task(_PythonDecoratedOperator): log_sql_query>, print_the_context already registered for DAG: example_python_operator
[2024-04-22T06:13:03.015+0000] {processor.py:753} INFO - DAG(s) dict_keys(['example_python_operator']) retrieved from /usr/local/python/3.10.13/lib/python3.10/site-packages/airflow/example_dags/example_python_operator.py
[2024-04-22T06:13:03.164+0000] {logging_mixin.py:137} INFO - [2024-04-22T06:13:03.163+0000] {manager.py:504} INFO - Created Permission View: can delete on DAG:example_python_operator
[2024-04-22T06:13:03.200+0000] {logging_mixin.py:137} INFO - [2024-04-22T06:13:03.200+0000] {manager.py:504} INFO - Created Permission View: can edit on DAG:example_python_operator
[2024-04-22T06:13:03.245+0000] {logging_mixin.py:137} INFO - [2024-04-22T06:13:03.245+0000] {manager.py:504} INFO - Created Permission View: can read on DAG:example_python_operator
[2024-04-22T06:13:03.245+0000] {logging_mixin.py:137} INFO - [2024-04-22T06:13:03.245+0000] {dag.py:2690} INFO - Sync 1 DAGs
[2024-04-22T06:13:03.253+0000] {logging_mixin.py:137} INFO - [2024-04-22T06:13:03.253+0000] {dag.py:2711} INFO - Creating ORM DAG for example_python_operator
[2024-04-22T06:13:03.260+0000] {logging_mixin.py:137} INFO - [2024-04-22T06:13:03.260+0000] {dag.py:3437} INFO - Setting next_dagrun for example_python_operator to None, run_after=None
[2024-04-22T06:13:03.312+0000] {processor.py:175} INFO - Processing /usr/local/python/3.10.13/lib/python3.10/site-packages/airflow/example_dags/example_python_operator.py took 0.325 seconds
[2024-04-22T06:13:49.574+0000] {processor.py:153} INFO - Started process (PID=43631) to work on /usr/local/python/3.10.13/lib/python3.10/site-packages/airflow/example_dags/example_python_operator.py
[2024-04-22T06:13:49.575+0000] {processor.py:743} INFO - Processing file /usr/local/python/3.10.13/lib/python3.10/site-packages/airflow/example_dags/example_python_operator.py for tasks to queue
[2024-04-22T06:13:49.576+0000] {logging_mixin.py:137} INFO - [2024-04-22T06:13:49.576+0000] {dagbag.py:538} INFO - Filling up the DagBag from /usr/local/python/3.10.13/lib/python3.10/site-packages/airflow/example_dags/example_python_operator.py
[2024-04-22T06:13:49.591+0000] {logging_mixin.py:137} INFO - [2024-04-22T06:13:49.591+0000] {taskmixin.py:205} WARNING - Dependency <Task(_PythonDecoratedOperator): print_the_context>, log_sql_query already registered for DAG: example_python_operator
[2024-04-22T06:13:49.591+0000] {logging_mixin.py:137} INFO - [2024-04-22T06:13:49.591+0000] {taskmixin.py:205} WARNING - Dependency <Task(_PythonDecoratedOperator): log_sql_query>, print_the_context already registered for DAG: example_python_operator
[2024-04-22T06:13:49.592+0000] {logging_mixin.py:137} INFO - [2024-04-22T06:13:49.592+0000] {taskmixin.py:205} WARNING - Dependency <Task(_PythonDecoratedOperator): print_the_context>, log_sql_query already registered for DAG: example_python_operator
[2024-04-22T06:13:49.592+0000] {logging_mixin.py:137} INFO - [2024-04-22T06:13:49.592+0000] {taskmixin.py:205} WARNING - Dependency <Task(_PythonDecoratedOperator): log_sql_query>, print_the_context already registered for DAG: example_python_operator
[2024-04-22T06:13:49.593+0000] {logging_mixin.py:137} INFO - [2024-04-22T06:13:49.593+0000] {taskmixin.py:205} WARNING - Dependency <Task(_PythonDecoratedOperator): print_the_context>, log_sql_query already registered for DAG: example_python_operator
[2024-04-22T06:13:49.593+0000] {logging_mixin.py:137} INFO - [2024-04-22T06:13:49.593+0000] {taskmixin.py:205} WARNING - Dependency <Task(_PythonDecoratedOperator): log_sql_query>, print_the_context already registered for DAG: example_python_operator
[2024-04-22T06:13:49.594+0000] {logging_mixin.py:137} INFO - [2024-04-22T06:13:49.594+0000] {taskmixin.py:205} WARNING - Dependency <Task(_PythonDecoratedOperator): print_the_context>, log_sql_query already registered for DAG: example_python_operator
[2024-04-22T06:13:49.594+0000] {logging_mixin.py:137} INFO - [2024-04-22T06:13:49.594+0000] {taskmixin.py:205} WARNING - Dependency <Task(_PythonDecoratedOperator): log_sql_query>, print_the_context already registered for DAG: example_python_operator
[2024-04-22T06:13:49.602+0000] {processor.py:753} INFO - DAG(s) dict_keys(['example_python_operator']) retrieved from /usr/local/python/3.10.13/lib/python3.10/site-packages/airflow/example_dags/example_python_operator.py
[2024-04-22T06:13:49.617+0000] {logging_mixin.py:137} INFO - [2024-04-22T06:13:49.617+0000] {dag.py:2690} INFO - Sync 1 DAGs
[2024-04-22T06:13:49.632+0000] {logging_mixin.py:137} INFO - [2024-04-22T06:13:49.632+0000] {dag.py:3437} INFO - Setting next_dagrun for example_python_operator to None, run_after=None
[2024-04-22T06:13:49.689+0000] {processor.py:175} INFO - Processing /usr/local/python/3.10.13/lib/python3.10/site-packages/airflow/example_dags/example_python_operator.py took 0.117 seconds
[2024-04-22T06:14:29.372+0000] {processor.py:153} INFO - Started process (PID=43898) to work on /usr/local/python/3.10.13/lib/python3.10/site-packages/airflow/example_dags/example_python_operator.py
[2024-04-22T06:14:29.373+0000] {processor.py:743} INFO - Processing file /usr/local/python/3.10.13/lib/python3.10/site-packages/airflow/example_dags/example_python_operator.py for tasks to queue
[2024-04-22T06:14:29.373+0000] {logging_mixin.py:137} INFO - [2024-04-22T06:14:29.373+0000] {dagbag.py:538} INFO - Filling up the DagBag from /usr/local/python/3.10.13/lib/python3.10/site-packages/airflow/example_dags/example_python_operator.py
[2024-04-22T06:14:29.390+0000] {logging_mixin.py:137} INFO - [2024-04-22T06:14:29.389+0000] {taskmixin.py:205} WARNING - Dependency <Task(_PythonDecoratedOperator): print_the_context>, log_sql_query already registered for DAG: example_python_operator
[2024-04-22T06:14:29.390+0000] {logging_mixin.py:137} INFO - [2024-04-22T06:14:29.390+0000] {taskmixin.py:205} WARNING - Dependency <Task(_PythonDecoratedOperator): log_sql_query>, print_the_context already registered for DAG: example_python_operator
[2024-04-22T06:14:29.391+0000] {logging_mixin.py:137} INFO - [2024-04-22T06:14:29.390+0000] {taskmixin.py:205} WARNING - Dependency <Task(_PythonDecoratedOperator): print_the_context>, log_sql_query already registered for DAG: example_python_operator
[2024-04-22T06:14:29.391+0000] {logging_mixin.py:137} INFO - [2024-04-22T06:14:29.391+0000] {taskmixin.py:205} WARNING - Dependency <Task(_PythonDecoratedOperator): log_sql_query>, print_the_context already registered for DAG: example_python_operator
[2024-04-22T06:14:29.391+0000] {logging_mixin.py:137} INFO - [2024-04-22T06:14:29.391+0000] {taskmixin.py:205} WARNING - Dependency <Task(_PythonDecoratedOperator): print_the_context>, log_sql_query already registered for DAG: example_python_operator
[2024-04-22T06:14:29.392+0000] {logging_mixin.py:137} INFO - [2024-04-22T06:14:29.391+0000] {taskmixin.py:205} WARNING - Dependency <Task(_PythonDecoratedOperator): log_sql_query>, print_the_context already registered for DAG: example_python_operator
[2024-04-22T06:14:29.392+0000] {logging_mixin.py:137} INFO - [2024-04-22T06:14:29.392+0000] {taskmixin.py:205} WARNING - Dependency <Task(_PythonDecoratedOperator): print_the_context>, log_sql_query already registered for DAG: example_python_operator
[2024-04-22T06:14:29.392+0000] {logging_mixin.py:137} INFO - [2024-04-22T06:14:29.392+0000] {taskmixin.py:205} WARNING - Dependency <Task(_PythonDecoratedOperator): log_sql_query>, print_the_context already registered for DAG: example_python_operator
[2024-04-22T06:14:29.399+0000] {processor.py:753} INFO - DAG(s) dict_keys(['example_python_operator']) retrieved from /usr/local/python/3.10.13/lib/python3.10/site-packages/airflow/example_dags/example_python_operator.py
[2024-04-22T06:14:29.416+0000] {logging_mixin.py:137} INFO - [2024-04-22T06:14:29.415+0000] {dag.py:2690} INFO - Sync 1 DAGs
[2024-04-22T06:14:29.440+0000] {logging_mixin.py:137} INFO - [2024-04-22T06:14:29.440+0000] {dag.py:3437} INFO - Setting next_dagrun for example_python_operator to None, run_after=None
[2024-04-22T06:14:29.492+0000] {processor.py:175} INFO - Processing /usr/local/python/3.10.13/lib/python3.10/site-packages/airflow/example_dags/example_python_operator.py took 0.122 seconds
[2024-04-22T06:15:08.291+0000] {processor.py:153} INFO - Started process (PID=44168) to work on /usr/local/python/3.10.13/lib/python3.10/site-packages/airflow/example_dags/example_python_operator.py
[2024-04-22T06:15:08.291+0000] {processor.py:743} INFO - Processing file /usr/local/python/3.10.13/lib/python3.10/site-packages/airflow/example_dags/example_python_operator.py for tasks to queue
[2024-04-22T06:15:08.292+0000] {logging_mixin.py:137} INFO - [2024-04-22T06:15:08.292+0000] {dagbag.py:538} INFO - Filling up the DagBag from /usr/local/python/3.10.13/lib/python3.10/site-packages/airflow/example_dags/example_python_operator.py
[2024-04-22T06:15:08.308+0000] {logging_mixin.py:137} INFO - [2024-04-22T06:15:08.308+0000] {taskmixin.py:205} WARNING - Dependency <Task(_PythonDecoratedOperator): print_the_context>, log_sql_query already registered for DAG: example_python_operator
[2024-04-22T06:15:08.308+0000] {logging_mixin.py:137} INFO - [2024-04-22T06:15:08.308+0000] {taskmixin.py:205} WARNING - Dependency <Task(_PythonDecoratedOperator): log_sql_query>, print_the_context already registered for DAG: example_python_operator
[2024-04-22T06:15:08.309+0000] {logging_mixin.py:137} INFO - [2024-04-22T06:15:08.309+0000] {taskmixin.py:205} WARNING - Dependency <Task(_PythonDecoratedOperator): print_the_context>, log_sql_query already registered for DAG: example_python_operator
[2024-04-22T06:15:08.309+0000] {logging_mixin.py:137} INFO - [2024-04-22T06:15:08.309+0000] {taskmixin.py:205} WARNING - Dependency <Task(_PythonDecoratedOperator): log_sql_query>, print_the_context already registered for DAG: example_python_operator
[2024-04-22T06:15:08.310+0000] {logging_mixin.py:137} INFO - [2024-04-22T06:15:08.309+0000] {taskmixin.py:205} WARNING - Dependency <Task(_PythonDecoratedOperator): print_the_context>, log_sql_query already registered for DAG: example_python_operator
[2024-04-22T06:15:08.310+0000] {logging_mixin.py:137} INFO - [2024-04-22T06:15:08.310+0000] {taskmixin.py:205} WARNING - Dependency <Task(_PythonDecoratedOperator): log_sql_query>, print_the_context already registered for DAG: example_python_operator
[2024-04-22T06:15:08.310+0000] {logging_mixin.py:137} INFO - [2024-04-22T06:15:08.310+0000] {taskmixin.py:205} WARNING - Dependency <Task(_PythonDecoratedOperator): print_the_context>, log_sql_query already registered for DAG: example_python_operator
[2024-04-22T06:15:08.311+0000] {logging_mixin.py:137} INFO - [2024-04-22T06:15:08.310+0000] {taskmixin.py:205} WARNING - Dependency <Task(_PythonDecoratedOperator): log_sql_query>, print_the_context already registered for DAG: example_python_operator
[2024-04-22T06:15:08.317+0000] {processor.py:753} INFO - DAG(s) dict_keys(['example_python_operator']) retrieved from /usr/local/python/3.10.13/lib/python3.10/site-packages/airflow/example_dags/example_python_operator.py
[2024-04-22T06:15:08.333+0000] {logging_mixin.py:137} INFO - [2024-04-22T06:15:08.332+0000] {dag.py:2690} INFO - Sync 1 DAGs
[2024-04-22T06:15:08.347+0000] {logging_mixin.py:137} INFO - [2024-04-22T06:15:08.347+0000] {dag.py:3437} INFO - Setting next_dagrun for example_python_operator to None, run_after=None
[2024-04-22T06:15:08.393+0000] {processor.py:175} INFO - Processing /usr/local/python/3.10.13/lib/python3.10/site-packages/airflow/example_dags/example_python_operator.py took 0.104 seconds
[2024-04-22T06:15:49.248+0000] {processor.py:153} INFO - Started process (PID=44442) to work on /usr/local/python/3.10.13/lib/python3.10/site-packages/airflow/example_dags/example_python_operator.py
[2024-04-22T06:15:49.249+0000] {processor.py:743} INFO - Processing file /usr/local/python/3.10.13/lib/python3.10/site-packages/airflow/example_dags/example_python_operator.py for tasks to queue
[2024-04-22T06:15:49.249+0000] {logging_mixin.py:137} INFO - [2024-04-22T06:15:49.249+0000] {dagbag.py:538} INFO - Filling up the DagBag from /usr/local/python/3.10.13/lib/python3.10/site-packages/airflow/example_dags/example_python_operator.py
[2024-04-22T06:15:49.265+0000] {logging_mixin.py:137} INFO - [2024-04-22T06:15:49.265+0000] {taskmixin.py:205} WARNING - Dependency <Task(_PythonDecoratedOperator): print_the_context>, log_sql_query already registered for DAG: example_python_operator
[2024-04-22T06:15:49.265+0000] {logging_mixin.py:137} INFO - [2024-04-22T06:15:49.265+0000] {taskmixin.py:205} WARNING - Dependency <Task(_PythonDecoratedOperator): log_sql_query>, print_the_context already registered for DAG: example_python_operator
[2024-04-22T06:15:49.266+0000] {logging_mixin.py:137} INFO - [2024-04-22T06:15:49.266+0000] {taskmixin.py:205} WARNING - Dependency <Task(_PythonDecoratedOperator): print_the_context>, log_sql_query already registered for DAG: example_python_operator
[2024-04-22T06:15:49.266+0000] {logging_mixin.py:137} INFO - [2024-04-22T06:15:49.266+0000] {taskmixin.py:205} WARNING - Dependency <Task(_PythonDecoratedOperator): log_sql_query>, print_the_context already registered for DAG: example_python_operator
[2024-04-22T06:15:49.267+0000] {logging_mixin.py:137} INFO - [2024-04-22T06:15:49.267+0000] {taskmixin.py:205} WARNING - Dependency <Task(_PythonDecoratedOperator): print_the_context>, log_sql_query already registered for DAG: example_python_operator
[2024-04-22T06:15:49.267+0000] {logging_mixin.py:137} INFO - [2024-04-22T06:15:49.267+0000] {taskmixin.py:205} WARNING - Dependency <Task(_PythonDecoratedOperator): log_sql_query>, print_the_context already registered for DAG: example_python_operator
[2024-04-22T06:15:49.268+0000] {logging_mixin.py:137} INFO - [2024-04-22T06:15:49.267+0000] {taskmixin.py:205} WARNING - Dependency <Task(_PythonDecoratedOperator): print_the_context>, log_sql_query already registered for DAG: example_python_operator
[2024-04-22T06:15:49.268+0000] {logging_mixin.py:137} INFO - [2024-04-22T06:15:49.268+0000] {taskmixin.py:205} WARNING - Dependency <Task(_PythonDecoratedOperator): log_sql_query>, print_the_context already registered for DAG: example_python_operator
[2024-04-22T06:15:49.274+0000] {processor.py:753} INFO - DAG(s) dict_keys(['example_python_operator']) retrieved from /usr/local/python/3.10.13/lib/python3.10/site-packages/airflow/example_dags/example_python_operator.py
[2024-04-22T06:15:49.289+0000] {logging_mixin.py:137} INFO - [2024-04-22T06:15:49.289+0000] {dag.py:2690} INFO - Sync 1 DAGs
[2024-04-22T06:15:49.306+0000] {logging_mixin.py:137} INFO - [2024-04-22T06:15:49.306+0000] {dag.py:3437} INFO - Setting next_dagrun for example_python_operator to None, run_after=None
[2024-04-22T06:15:49.351+0000] {processor.py:175} INFO - Processing /usr/local/python/3.10.13/lib/python3.10/site-packages/airflow/example_dags/example_python_operator.py took 0.106 seconds
[2024-04-22T06:16:31.633+0000] {processor.py:153} INFO - Started process (PID=44732) to work on /usr/local/python/3.10.13/lib/python3.10/site-packages/airflow/example_dags/example_python_operator.py
[2024-04-22T06:16:31.633+0000] {processor.py:743} INFO - Processing file /usr/local/python/3.10.13/lib/python3.10/site-packages/airflow/example_dags/example_python_operator.py for tasks to queue
[2024-04-22T06:16:31.634+0000] {logging_mixin.py:137} INFO - [2024-04-22T06:16:31.634+0000] {dagbag.py:538} INFO - Filling up the DagBag from /usr/local/python/3.10.13/lib/python3.10/site-packages/airflow/example_dags/example_python_operator.py
[2024-04-22T06:16:31.649+0000] {logging_mixin.py:137} INFO - [2024-04-22T06:16:31.649+0000] {taskmixin.py:205} WARNING - Dependency <Task(_PythonDecoratedOperator): print_the_context>, log_sql_query already registered for DAG: example_python_operator
[2024-04-22T06:16:31.650+0000] {logging_mixin.py:137} INFO - [2024-04-22T06:16:31.649+0000] {taskmixin.py:205} WARNING - Dependency <Task(_PythonDecoratedOperator): log_sql_query>, print_the_context already registered for DAG: example_python_operator
[2024-04-22T06:16:31.650+0000] {logging_mixin.py:137} INFO - [2024-04-22T06:16:31.650+0000] {taskmixin.py:205} WARNING - Dependency <Task(_PythonDecoratedOperator): print_the_context>, log_sql_query already registered for DAG: example_python_operator
[2024-04-22T06:16:31.650+0000] {logging_mixin.py:137} INFO - [2024-04-22T06:16:31.650+0000] {taskmixin.py:205} WARNING - Dependency <Task(_PythonDecoratedOperator): log_sql_query>, print_the_context already registered for DAG: example_python_operator
[2024-04-22T06:16:31.651+0000] {logging_mixin.py:137} INFO - [2024-04-22T06:16:31.651+0000] {taskmixin.py:205} WARNING - Dependency <Task(_PythonDecoratedOperator): print_the_context>, log_sql_query already registered for DAG: example_python_operator
[2024-04-22T06:16:31.651+0000] {logging_mixin.py:137} INFO - [2024-04-22T06:16:31.651+0000] {taskmixin.py:205} WARNING - Dependency <Task(_PythonDecoratedOperator): log_sql_query>, print_the_context already registered for DAG: example_python_operator
[2024-04-22T06:16:31.652+0000] {logging_mixin.py:137} INFO - [2024-04-22T06:16:31.652+0000] {taskmixin.py:205} WARNING - Dependency <Task(_PythonDecoratedOperator): print_the_context>, log_sql_query already registered for DAG: example_python_operator
[2024-04-22T06:16:31.652+0000] {logging_mixin.py:137} INFO - [2024-04-22T06:16:31.652+0000] {taskmixin.py:205} WARNING - Dependency <Task(_PythonDecoratedOperator): log_sql_query>, print_the_context already registered for DAG: example_python_operator
[2024-04-22T06:16:31.659+0000] {processor.py:753} INFO - DAG(s) dict_keys(['example_python_operator']) retrieved from /usr/local/python/3.10.13/lib/python3.10/site-packages/airflow/example_dags/example_python_operator.py
[2024-04-22T06:16:31.674+0000] {logging_mixin.py:137} INFO - [2024-04-22T06:16:31.674+0000] {dag.py:2690} INFO - Sync 1 DAGs
[2024-04-22T06:16:31.689+0000] {logging_mixin.py:137} INFO - [2024-04-22T06:16:31.689+0000] {dag.py:3437} INFO - Setting next_dagrun for example_python_operator to None, run_after=None
[2024-04-22T06:16:31.740+0000] {processor.py:175} INFO - Processing /usr/local/python/3.10.13/lib/python3.10/site-packages/airflow/example_dags/example_python_operator.py took 0.109 seconds
[2024-04-22T06:17:11.042+0000] {processor.py:153} INFO - Started process (PID=45003) to work on /usr/local/python/3.10.13/lib/python3.10/site-packages/airflow/example_dags/example_python_operator.py
[2024-04-22T06:17:11.043+0000] {processor.py:743} INFO - Processing file /usr/local/python/3.10.13/lib/python3.10/site-packages/airflow/example_dags/example_python_operator.py for tasks to queue
[2024-04-22T06:17:11.043+0000] {logging_mixin.py:137} INFO - [2024-04-22T06:17:11.043+0000] {dagbag.py:538} INFO - Filling up the DagBag from /usr/local/python/3.10.13/lib/python3.10/site-packages/airflow/example_dags/example_python_operator.py
[2024-04-22T06:17:11.059+0000] {logging_mixin.py:137} INFO - [2024-04-22T06:17:11.059+0000] {taskmixin.py:205} WARNING - Dependency <Task(_PythonDecoratedOperator): print_the_context>, log_sql_query already registered for DAG: example_python_operator
[2024-04-22T06:17:11.059+0000] {logging_mixin.py:137} INFO - [2024-04-22T06:17:11.059+0000] {taskmixin.py:205} WARNING - Dependency <Task(_PythonDecoratedOperator): log_sql_query>, print_the_context already registered for DAG: example_python_operator
[2024-04-22T06:17:11.060+0000] {logging_mixin.py:137} INFO - [2024-04-22T06:17:11.060+0000] {taskmixin.py:205} WARNING - Dependency <Task(_PythonDecoratedOperator): print_the_context>, log_sql_query already registered for DAG: example_python_operator
[2024-04-22T06:17:11.060+0000] {logging_mixin.py:137} INFO - [2024-04-22T06:17:11.060+0000] {taskmixin.py:205} WARNING - Dependency <Task(_PythonDecoratedOperator): log_sql_query>, print_the_context already registered for DAG: example_python_operator
[2024-04-22T06:17:11.060+0000] {logging_mixin.py:137} INFO - [2024-04-22T06:17:11.060+0000] {taskmixin.py:205} WARNING - Dependency <Task(_PythonDecoratedOperator): print_the_context>, log_sql_query already registered for DAG: example_python_operator
[2024-04-22T06:17:11.061+0000] {logging_mixin.py:137} INFO - [2024-04-22T06:17:11.061+0000] {taskmixin.py:205} WARNING - Dependency <Task(_PythonDecoratedOperator): log_sql_query>, print_the_context already registered for DAG: example_python_operator
[2024-04-22T06:17:11.061+0000] {logging_mixin.py:137} INFO - [2024-04-22T06:17:11.061+0000] {taskmixin.py:205} WARNING - Dependency <Task(_PythonDecoratedOperator): print_the_context>, log_sql_query already registered for DAG: example_python_operator
[2024-04-22T06:17:11.062+0000] {logging_mixin.py:137} INFO - [2024-04-22T06:17:11.061+0000] {taskmixin.py:205} WARNING - Dependency <Task(_PythonDecoratedOperator): log_sql_query>, print_the_context already registered for DAG: example_python_operator
[2024-04-22T06:17:11.069+0000] {processor.py:753} INFO - DAG(s) dict_keys(['example_python_operator']) retrieved from /usr/local/python/3.10.13/lib/python3.10/site-packages/airflow/example_dags/example_python_operator.py
[2024-04-22T06:17:11.085+0000] {logging_mixin.py:137} INFO - [2024-04-22T06:17:11.085+0000] {dag.py:2690} INFO - Sync 1 DAGs
[2024-04-22T06:17:11.100+0000] {logging_mixin.py:137} INFO - [2024-04-22T06:17:11.100+0000] {dag.py:3437} INFO - Setting next_dagrun for example_python_operator to None, run_after=None
[2024-04-22T06:17:11.147+0000] {processor.py:175} INFO - Processing /usr/local/python/3.10.13/lib/python3.10/site-packages/airflow/example_dags/example_python_operator.py took 0.107 seconds
[2024-04-22T06:17:48.479+0000] {processor.py:153} INFO - Started process (PID=45268) to work on /usr/local/python/3.10.13/lib/python3.10/site-packages/airflow/example_dags/example_python_operator.py
[2024-04-22T06:17:48.479+0000] {processor.py:743} INFO - Processing file /usr/local/python/3.10.13/lib/python3.10/site-packages/airflow/example_dags/example_python_operator.py for tasks to queue
[2024-04-22T06:17:48.480+0000] {logging_mixin.py:137} INFO - [2024-04-22T06:17:48.480+0000] {dagbag.py:538} INFO - Filling up the DagBag from /usr/local/python/3.10.13/lib/python3.10/site-packages/airflow/example_dags/example_python_operator.py
[2024-04-22T06:17:48.495+0000] {logging_mixin.py:137} INFO - [2024-04-22T06:17:48.495+0000] {taskmixin.py:205} WARNING - Dependency <Task(_PythonDecoratedOperator): print_the_context>, log_sql_query already registered for DAG: example_python_operator
[2024-04-22T06:17:48.495+0000] {logging_mixin.py:137} INFO - [2024-04-22T06:17:48.495+0000] {taskmixin.py:205} WARNING - Dependency <Task(_PythonDecoratedOperator): log_sql_query>, print_the_context already registered for DAG: example_python_operator
[2024-04-22T06:17:48.496+0000] {logging_mixin.py:137} INFO - [2024-04-22T06:17:48.496+0000] {taskmixin.py:205} WARNING - Dependency <Task(_PythonDecoratedOperator): print_the_context>, log_sql_query already registered for DAG: example_python_operator
[2024-04-22T06:17:48.496+0000] {logging_mixin.py:137} INFO - [2024-04-22T06:17:48.496+0000] {taskmixin.py:205} WARNING - Dependency <Task(_PythonDecoratedOperator): log_sql_query>, print_the_context already registered for DAG: example_python_operator
[2024-04-22T06:17:48.497+0000] {logging_mixin.py:137} INFO - [2024-04-22T06:17:48.497+0000] {taskmixin.py:205} WARNING - Dependency <Task(_PythonDecoratedOperator): print_the_context>, log_sql_query already registered for DAG: example_python_operator
[2024-04-22T06:17:48.497+0000] {logging_mixin.py:137} INFO - [2024-04-22T06:17:48.497+0000] {taskmixin.py:205} WARNING - Dependency <Task(_PythonDecoratedOperator): log_sql_query>, print_the_context already registered for DAG: example_python_operator
[2024-04-22T06:17:48.498+0000] {logging_mixin.py:137} INFO - [2024-04-22T06:17:48.497+0000] {taskmixin.py:205} WARNING - Dependency <Task(_PythonDecoratedOperator): print_the_context>, log_sql_query already registered for DAG: example_python_operator
[2024-04-22T06:17:48.498+0000] {logging_mixin.py:137} INFO - [2024-04-22T06:17:48.498+0000] {taskmixin.py:205} WARNING - Dependency <Task(_PythonDecoratedOperator): log_sql_query>, print_the_context already registered for DAG: example_python_operator
[2024-04-22T06:17:48.504+0000] {processor.py:753} INFO - DAG(s) dict_keys(['example_python_operator']) retrieved from /usr/local/python/3.10.13/lib/python3.10/site-packages/airflow/example_dags/example_python_operator.py
[2024-04-22T06:17:48.520+0000] {logging_mixin.py:137} INFO - [2024-04-22T06:17:48.520+0000] {dag.py:2690} INFO - Sync 1 DAGs
[2024-04-22T06:17:48.536+0000] {logging_mixin.py:137} INFO - [2024-04-22T06:17:48.536+0000] {dag.py:3437} INFO - Setting next_dagrun for example_python_operator to None, run_after=None
[2024-04-22T06:17:48.588+0000] {processor.py:175} INFO - Processing /usr/local/python/3.10.13/lib/python3.10/site-packages/airflow/example_dags/example_python_operator.py took 0.111 seconds
[2024-04-22T06:18:30.734+0000] {processor.py:153} INFO - Started process (PID=45612) to work on /usr/local/python/3.10.13/lib/python3.10/site-packages/airflow/example_dags/example_python_operator.py
[2024-04-22T06:18:30.735+0000] {processor.py:743} INFO - Processing file /usr/local/python/3.10.13/lib/python3.10/site-packages/airflow/example_dags/example_python_operator.py for tasks to queue
[2024-04-22T06:18:30.736+0000] {logging_mixin.py:137} INFO - [2024-04-22T06:18:30.735+0000] {dagbag.py:538} INFO - Filling up the DagBag from /usr/local/python/3.10.13/lib/python3.10/site-packages/airflow/example_dags/example_python_operator.py
[2024-04-22T06:18:30.758+0000] {logging_mixin.py:137} INFO - [2024-04-22T06:18:30.758+0000] {taskmixin.py:205} WARNING - Dependency <Task(_PythonDecoratedOperator): print_the_context>, log_sql_query already registered for DAG: example_python_operator
[2024-04-22T06:18:30.759+0000] {logging_mixin.py:137} INFO - [2024-04-22T06:18:30.759+0000] {taskmixin.py:205} WARNING - Dependency <Task(_PythonDecoratedOperator): log_sql_query>, print_the_context already registered for DAG: example_python_operator
[2024-04-22T06:18:30.760+0000] {logging_mixin.py:137} INFO - [2024-04-22T06:18:30.760+0000] {taskmixin.py:205} WARNING - Dependency <Task(_PythonDecoratedOperator): print_the_context>, log_sql_query already registered for DAG: example_python_operator
[2024-04-22T06:18:30.760+0000] {logging_mixin.py:137} INFO - [2024-04-22T06:18:30.760+0000] {taskmixin.py:205} WARNING - Dependency <Task(_PythonDecoratedOperator): log_sql_query>, print_the_context already registered for DAG: example_python_operator
[2024-04-22T06:18:30.761+0000] {logging_mixin.py:137} INFO - [2024-04-22T06:18:30.761+0000] {taskmixin.py:205} WARNING - Dependency <Task(_PythonDecoratedOperator): print_the_context>, log_sql_query already registered for DAG: example_python_operator
[2024-04-22T06:18:30.762+0000] {logging_mixin.py:137} INFO - [2024-04-22T06:18:30.762+0000] {taskmixin.py:205} WARNING - Dependency <Task(_PythonDecoratedOperator): log_sql_query>, print_the_context already registered for DAG: example_python_operator
[2024-04-22T06:18:30.763+0000] {logging_mixin.py:137} INFO - [2024-04-22T06:18:30.763+0000] {taskmixin.py:205} WARNING - Dependency <Task(_PythonDecoratedOperator): print_the_context>, log_sql_query already registered for DAG: example_python_operator
[2024-04-22T06:18:30.763+0000] {logging_mixin.py:137} INFO - [2024-04-22T06:18:30.763+0000] {taskmixin.py:205} WARNING - Dependency <Task(_PythonDecoratedOperator): log_sql_query>, print_the_context already registered for DAG: example_python_operator
[2024-04-22T06:18:30.773+0000] {processor.py:753} INFO - DAG(s) dict_keys(['example_python_operator']) retrieved from /usr/local/python/3.10.13/lib/python3.10/site-packages/airflow/example_dags/example_python_operator.py
[2024-04-22T06:18:30.797+0000] {logging_mixin.py:137} INFO - [2024-04-22T06:18:30.797+0000] {dag.py:2690} INFO - Sync 1 DAGs
[2024-04-22T06:18:30.819+0000] {logging_mixin.py:137} INFO - [2024-04-22T06:18:30.819+0000] {dag.py:3437} INFO - Setting next_dagrun for example_python_operator to None, run_after=None
[2024-04-22T06:18:30.868+0000] {processor.py:175} INFO - Processing /usr/local/python/3.10.13/lib/python3.10/site-packages/airflow/example_dags/example_python_operator.py took 0.137 seconds
[2024-04-22T06:19:12.431+0000] {processor.py:153} INFO - Started process (PID=45889) to work on /usr/local/python/3.10.13/lib/python3.10/site-packages/airflow/example_dags/example_python_operator.py
[2024-04-22T06:19:12.432+0000] {processor.py:743} INFO - Processing file /usr/local/python/3.10.13/lib/python3.10/site-packages/airflow/example_dags/example_python_operator.py for tasks to queue
[2024-04-22T06:19:12.433+0000] {logging_mixin.py:137} INFO - [2024-04-22T06:19:12.433+0000] {dagbag.py:538} INFO - Filling up the DagBag from /usr/local/python/3.10.13/lib/python3.10/site-packages/airflow/example_dags/example_python_operator.py
[2024-04-22T06:19:12.456+0000] {logging_mixin.py:137} INFO - [2024-04-22T06:19:12.456+0000] {taskmixin.py:205} WARNING - Dependency <Task(_PythonDecoratedOperator): print_the_context>, log_sql_query already registered for DAG: example_python_operator
[2024-04-22T06:19:12.456+0000] {logging_mixin.py:137} INFO - [2024-04-22T06:19:12.456+0000] {taskmixin.py:205} WARNING - Dependency <Task(_PythonDecoratedOperator): log_sql_query>, print_the_context already registered for DAG: example_python_operator
[2024-04-22T06:19:12.457+0000] {logging_mixin.py:137} INFO - [2024-04-22T06:19:12.457+0000] {taskmixin.py:205} WARNING - Dependency <Task(_PythonDecoratedOperator): print_the_context>, log_sql_query already registered for DAG: example_python_operator
[2024-04-22T06:19:12.458+0000] {logging_mixin.py:137} INFO - [2024-04-22T06:19:12.457+0000] {taskmixin.py:205} WARNING - Dependency <Task(_PythonDecoratedOperator): log_sql_query>, print_the_context already registered for DAG: example_python_operator
[2024-04-22T06:19:12.459+0000] {logging_mixin.py:137} INFO - [2024-04-22T06:19:12.458+0000] {taskmixin.py:205} WARNING - Dependency <Task(_PythonDecoratedOperator): print_the_context>, log_sql_query already registered for DAG: example_python_operator
[2024-04-22T06:19:12.459+0000] {logging_mixin.py:137} INFO - [2024-04-22T06:19:12.459+0000] {taskmixin.py:205} WARNING - Dependency <Task(_PythonDecoratedOperator): log_sql_query>, print_the_context already registered for DAG: example_python_operator
[2024-04-22T06:19:12.460+0000] {logging_mixin.py:137} INFO - [2024-04-22T06:19:12.460+0000] {taskmixin.py:205} WARNING - Dependency <Task(_PythonDecoratedOperator): print_the_context>, log_sql_query already registered for DAG: example_python_operator
[2024-04-22T06:19:12.460+0000] {logging_mixin.py:137} INFO - [2024-04-22T06:19:12.460+0000] {taskmixin.py:205} WARNING - Dependency <Task(_PythonDecoratedOperator): log_sql_query>, print_the_context already registered for DAG: example_python_operator
[2024-04-22T06:19:12.471+0000] {processor.py:753} INFO - DAG(s) dict_keys(['example_python_operator']) retrieved from /usr/local/python/3.10.13/lib/python3.10/site-packages/airflow/example_dags/example_python_operator.py
[2024-04-22T06:19:12.495+0000] {logging_mixin.py:137} INFO - [2024-04-22T06:19:12.495+0000] {dag.py:2690} INFO - Sync 1 DAGs
[2024-04-22T06:19:12.518+0000] {logging_mixin.py:137} INFO - [2024-04-22T06:19:12.518+0000] {dag.py:3437} INFO - Setting next_dagrun for example_python_operator to None, run_after=None
[2024-04-22T06:19:12.572+0000] {processor.py:175} INFO - Processing /usr/local/python/3.10.13/lib/python3.10/site-packages/airflow/example_dags/example_python_operator.py took 0.144 seconds
[2024-04-22T06:19:53.359+0000] {processor.py:153} INFO - Started process (PID=46170) to work on /usr/local/python/3.10.13/lib/python3.10/site-packages/airflow/example_dags/example_python_operator.py
[2024-04-22T06:19:53.359+0000] {processor.py:743} INFO - Processing file /usr/local/python/3.10.13/lib/python3.10/site-packages/airflow/example_dags/example_python_operator.py for tasks to queue
[2024-04-22T06:19:53.360+0000] {logging_mixin.py:137} INFO - [2024-04-22T06:19:53.360+0000] {dagbag.py:538} INFO - Filling up the DagBag from /usr/local/python/3.10.13/lib/python3.10/site-packages/airflow/example_dags/example_python_operator.py
[2024-04-22T06:19:53.376+0000] {logging_mixin.py:137} INFO - [2024-04-22T06:19:53.376+0000] {taskmixin.py:205} WARNING - Dependency <Task(_PythonDecoratedOperator): print_the_context>, log_sql_query already registered for DAG: example_python_operator
[2024-04-22T06:19:53.376+0000] {logging_mixin.py:137} INFO - [2024-04-22T06:19:53.376+0000] {taskmixin.py:205} WARNING - Dependency <Task(_PythonDecoratedOperator): log_sql_query>, print_the_context already registered for DAG: example_python_operator
[2024-04-22T06:19:53.376+0000] {logging_mixin.py:137} INFO - [2024-04-22T06:19:53.376+0000] {taskmixin.py:205} WARNING - Dependency <Task(_PythonDecoratedOperator): print_the_context>, log_sql_query already registered for DAG: example_python_operator
[2024-04-22T06:19:53.377+0000] {logging_mixin.py:137} INFO - [2024-04-22T06:19:53.377+0000] {taskmixin.py:205} WARNING - Dependency <Task(_PythonDecoratedOperator): log_sql_query>, print_the_context already registered for DAG: example_python_operator
[2024-04-22T06:19:53.377+0000] {logging_mixin.py:137} INFO - [2024-04-22T06:19:53.377+0000] {taskmixin.py:205} WARNING - Dependency <Task(_PythonDecoratedOperator): print_the_context>, log_sql_query already registered for DAG: example_python_operator
[2024-04-22T06:19:53.377+0000] {logging_mixin.py:137} INFO - [2024-04-22T06:19:53.377+0000] {taskmixin.py:205} WARNING - Dependency <Task(_PythonDecoratedOperator): log_sql_query>, print_the_context already registered for DAG: example_python_operator
[2024-04-22T06:19:53.378+0000] {logging_mixin.py:137} INFO - [2024-04-22T06:19:53.378+0000] {taskmixin.py:205} WARNING - Dependency <Task(_PythonDecoratedOperator): print_the_context>, log_sql_query already registered for DAG: example_python_operator
[2024-04-22T06:19:53.378+0000] {logging_mixin.py:137} INFO - [2024-04-22T06:19:53.378+0000] {taskmixin.py:205} WARNING - Dependency <Task(_PythonDecoratedOperator): log_sql_query>, print_the_context already registered for DAG: example_python_operator
[2024-04-22T06:19:53.385+0000] {processor.py:753} INFO - DAG(s) dict_keys(['example_python_operator']) retrieved from /usr/local/python/3.10.13/lib/python3.10/site-packages/airflow/example_dags/example_python_operator.py
[2024-04-22T06:19:53.400+0000] {logging_mixin.py:137} INFO - [2024-04-22T06:19:53.400+0000] {dag.py:2690} INFO - Sync 1 DAGs
[2024-04-22T06:19:53.415+0000] {logging_mixin.py:137} INFO - [2024-04-22T06:19:53.414+0000] {dag.py:3437} INFO - Setting next_dagrun for example_python_operator to None, run_after=None
[2024-04-22T06:19:53.552+0000] {processor.py:175} INFO - Processing /usr/local/python/3.10.13/lib/python3.10/site-packages/airflow/example_dags/example_python_operator.py took 0.195 seconds
[2024-04-22T06:20:38.816+0000] {processor.py:153} INFO - Started process (PID=46473) to work on /usr/local/python/3.10.13/lib/python3.10/site-packages/airflow/example_dags/example_python_operator.py
[2024-04-22T06:20:38.817+0000] {processor.py:743} INFO - Processing file /usr/local/python/3.10.13/lib/python3.10/site-packages/airflow/example_dags/example_python_operator.py for tasks to queue
[2024-04-22T06:20:38.818+0000] {logging_mixin.py:137} INFO - [2024-04-22T06:20:38.818+0000] {dagbag.py:538} INFO - Filling up the DagBag from /usr/local/python/3.10.13/lib/python3.10/site-packages/airflow/example_dags/example_python_operator.py
[2024-04-22T06:20:38.851+0000] {logging_mixin.py:137} INFO - [2024-04-22T06:20:38.851+0000] {taskmixin.py:205} WARNING - Dependency <Task(_PythonDecoratedOperator): print_the_context>, log_sql_query already registered for DAG: example_python_operator
[2024-04-22T06:20:38.852+0000] {logging_mixin.py:137} INFO - [2024-04-22T06:20:38.852+0000] {taskmixin.py:205} WARNING - Dependency <Task(_PythonDecoratedOperator): log_sql_query>, print_the_context already registered for DAG: example_python_operator
[2024-04-22T06:20:38.853+0000] {logging_mixin.py:137} INFO - [2024-04-22T06:20:38.853+0000] {taskmixin.py:205} WARNING - Dependency <Task(_PythonDecoratedOperator): print_the_context>, log_sql_query already registered for DAG: example_python_operator
[2024-04-22T06:20:38.853+0000] {logging_mixin.py:137} INFO - [2024-04-22T06:20:38.853+0000] {taskmixin.py:205} WARNING - Dependency <Task(_PythonDecoratedOperator): log_sql_query>, print_the_context already registered for DAG: example_python_operator
[2024-04-22T06:20:38.854+0000] {logging_mixin.py:137} INFO - [2024-04-22T06:20:38.854+0000] {taskmixin.py:205} WARNING - Dependency <Task(_PythonDecoratedOperator): print_the_context>, log_sql_query already registered for DAG: example_python_operator
[2024-04-22T06:20:38.854+0000] {logging_mixin.py:137} INFO - [2024-04-22T06:20:38.854+0000] {taskmixin.py:205} WARNING - Dependency <Task(_PythonDecoratedOperator): log_sql_query>, print_the_context already registered for DAG: example_python_operator
[2024-04-22T06:20:38.856+0000] {logging_mixin.py:137} INFO - [2024-04-22T06:20:38.855+0000] {taskmixin.py:205} WARNING - Dependency <Task(_PythonDecoratedOperator): print_the_context>, log_sql_query already registered for DAG: example_python_operator
[2024-04-22T06:20:38.856+0000] {logging_mixin.py:137} INFO - [2024-04-22T06:20:38.856+0000] {taskmixin.py:205} WARNING - Dependency <Task(_PythonDecoratedOperator): log_sql_query>, print_the_context already registered for DAG: example_python_operator
[2024-04-22T06:20:38.866+0000] {processor.py:753} INFO - DAG(s) dict_keys(['example_python_operator']) retrieved from /usr/local/python/3.10.13/lib/python3.10/site-packages/airflow/example_dags/example_python_operator.py
[2024-04-22T06:20:38.890+0000] {logging_mixin.py:137} INFO - [2024-04-22T06:20:38.890+0000] {dag.py:2690} INFO - Sync 1 DAGs
[2024-04-22T06:20:39.030+0000] {logging_mixin.py:137} INFO - [2024-04-22T06:20:39.029+0000] {dag.py:3437} INFO - Setting next_dagrun for example_python_operator to None, run_after=None
[2024-04-22T06:20:39.078+0000] {processor.py:175} INFO - Processing /usr/local/python/3.10.13/lib/python3.10/site-packages/airflow/example_dags/example_python_operator.py took 0.265 seconds
[2024-04-22T06:21:23.435+0000] {processor.py:153} INFO - Started process (PID=46780) to work on /usr/local/python/3.10.13/lib/python3.10/site-packages/airflow/example_dags/example_python_operator.py
[2024-04-22T06:21:23.436+0000] {processor.py:743} INFO - Processing file /usr/local/python/3.10.13/lib/python3.10/site-packages/airflow/example_dags/example_python_operator.py for tasks to queue
[2024-04-22T06:21:23.437+0000] {logging_mixin.py:137} INFO - [2024-04-22T06:21:23.436+0000] {dagbag.py:538} INFO - Filling up the DagBag from /usr/local/python/3.10.13/lib/python3.10/site-packages/airflow/example_dags/example_python_operator.py
[2024-04-22T06:21:23.452+0000] {logging_mixin.py:137} INFO - [2024-04-22T06:21:23.452+0000] {taskmixin.py:205} WARNING - Dependency <Task(_PythonDecoratedOperator): print_the_context>, log_sql_query already registered for DAG: example_python_operator
[2024-04-22T06:21:23.452+0000] {logging_mixin.py:137} INFO - [2024-04-22T06:21:23.452+0000] {taskmixin.py:205} WARNING - Dependency <Task(_PythonDecoratedOperator): log_sql_query>, print_the_context already registered for DAG: example_python_operator
[2024-04-22T06:21:23.453+0000] {logging_mixin.py:137} INFO - [2024-04-22T06:21:23.453+0000] {taskmixin.py:205} WARNING - Dependency <Task(_PythonDecoratedOperator): print_the_context>, log_sql_query already registered for DAG: example_python_operator
[2024-04-22T06:21:23.453+0000] {logging_mixin.py:137} INFO - [2024-04-22T06:21:23.453+0000] {taskmixin.py:205} WARNING - Dependency <Task(_PythonDecoratedOperator): log_sql_query>, print_the_context already registered for DAG: example_python_operator
[2024-04-22T06:21:23.454+0000] {logging_mixin.py:137} INFO - [2024-04-22T06:21:23.453+0000] {taskmixin.py:205} WARNING - Dependency <Task(_PythonDecoratedOperator): print_the_context>, log_sql_query already registered for DAG: example_python_operator
[2024-04-22T06:21:23.454+0000] {logging_mixin.py:137} INFO - [2024-04-22T06:21:23.454+0000] {taskmixin.py:205} WARNING - Dependency <Task(_PythonDecoratedOperator): log_sql_query>, print_the_context already registered for DAG: example_python_operator
[2024-04-22T06:21:23.454+0000] {logging_mixin.py:137} INFO - [2024-04-22T06:21:23.454+0000] {taskmixin.py:205} WARNING - Dependency <Task(_PythonDecoratedOperator): print_the_context>, log_sql_query already registered for DAG: example_python_operator
[2024-04-22T06:21:23.455+0000] {logging_mixin.py:137} INFO - [2024-04-22T06:21:23.454+0000] {taskmixin.py:205} WARNING - Dependency <Task(_PythonDecoratedOperator): log_sql_query>, print_the_context already registered for DAG: example_python_operator
[2024-04-22T06:21:23.461+0000] {processor.py:753} INFO - DAG(s) dict_keys(['example_python_operator']) retrieved from /usr/local/python/3.10.13/lib/python3.10/site-packages/airflow/example_dags/example_python_operator.py
[2024-04-22T06:21:23.477+0000] {logging_mixin.py:137} INFO - [2024-04-22T06:21:23.476+0000] {dag.py:2690} INFO - Sync 1 DAGs
[2024-04-22T06:21:23.588+0000] {logging_mixin.py:137} INFO - [2024-04-22T06:21:23.588+0000] {dag.py:3437} INFO - Setting next_dagrun for example_python_operator to None, run_after=None
[2024-04-22T06:21:23.640+0000] {processor.py:175} INFO - Processing /usr/local/python/3.10.13/lib/python3.10/site-packages/airflow/example_dags/example_python_operator.py took 0.206 seconds
[2024-04-22T06:22:05.732+0000] {processor.py:153} INFO - Started process (PID=47076) to work on /usr/local/python/3.10.13/lib/python3.10/site-packages/airflow/example_dags/example_python_operator.py
[2024-04-22T06:22:05.733+0000] {processor.py:743} INFO - Processing file /usr/local/python/3.10.13/lib/python3.10/site-packages/airflow/example_dags/example_python_operator.py for tasks to queue
[2024-04-22T06:22:05.733+0000] {logging_mixin.py:137} INFO - [2024-04-22T06:22:05.733+0000] {dagbag.py:538} INFO - Filling up the DagBag from /usr/local/python/3.10.13/lib/python3.10/site-packages/airflow/example_dags/example_python_operator.py
[2024-04-22T06:22:05.748+0000] {logging_mixin.py:137} INFO - [2024-04-22T06:22:05.748+0000] {taskmixin.py:205} WARNING - Dependency <Task(_PythonDecoratedOperator): print_the_context>, log_sql_query already registered for DAG: example_python_operator
[2024-04-22T06:22:05.749+0000] {logging_mixin.py:137} INFO - [2024-04-22T06:22:05.749+0000] {taskmixin.py:205} WARNING - Dependency <Task(_PythonDecoratedOperator): log_sql_query>, print_the_context already registered for DAG: example_python_operator
[2024-04-22T06:22:05.749+0000] {logging_mixin.py:137} INFO - [2024-04-22T06:22:05.749+0000] {taskmixin.py:205} WARNING - Dependency <Task(_PythonDecoratedOperator): print_the_context>, log_sql_query already registered for DAG: example_python_operator
[2024-04-22T06:22:05.750+0000] {logging_mixin.py:137} INFO - [2024-04-22T06:22:05.749+0000] {taskmixin.py:205} WARNING - Dependency <Task(_PythonDecoratedOperator): log_sql_query>, print_the_context already registered for DAG: example_python_operator
[2024-04-22T06:22:05.750+0000] {logging_mixin.py:137} INFO - [2024-04-22T06:22:05.750+0000] {taskmixin.py:205} WARNING - Dependency <Task(_PythonDecoratedOperator): print_the_context>, log_sql_query already registered for DAG: example_python_operator
[2024-04-22T06:22:05.750+0000] {logging_mixin.py:137} INFO - [2024-04-22T06:22:05.750+0000] {taskmixin.py:205} WARNING - Dependency <Task(_PythonDecoratedOperator): log_sql_query>, print_the_context already registered for DAG: example_python_operator
[2024-04-22T06:22:05.751+0000] {logging_mixin.py:137} INFO - [2024-04-22T06:22:05.751+0000] {taskmixin.py:205} WARNING - Dependency <Task(_PythonDecoratedOperator): print_the_context>, log_sql_query already registered for DAG: example_python_operator
[2024-04-22T06:22:05.751+0000] {logging_mixin.py:137} INFO - [2024-04-22T06:22:05.751+0000] {taskmixin.py:205} WARNING - Dependency <Task(_PythonDecoratedOperator): log_sql_query>, print_the_context already registered for DAG: example_python_operator
[2024-04-22T06:22:05.758+0000] {processor.py:753} INFO - DAG(s) dict_keys(['example_python_operator']) retrieved from /usr/local/python/3.10.13/lib/python3.10/site-packages/airflow/example_dags/example_python_operator.py
[2024-04-22T06:22:05.920+0000] {logging_mixin.py:137} INFO - [2024-04-22T06:22:05.920+0000] {dag.py:2690} INFO - Sync 1 DAGs
[2024-04-22T06:22:05.939+0000] {logging_mixin.py:137} INFO - [2024-04-22T06:22:05.939+0000] {dag.py:3437} INFO - Setting next_dagrun for example_python_operator to None, run_after=None
[2024-04-22T06:22:05.992+0000] {processor.py:175} INFO - Processing /usr/local/python/3.10.13/lib/python3.10/site-packages/airflow/example_dags/example_python_operator.py took 0.262 seconds
[2024-04-22T06:22:42.824+0000] {processor.py:153} INFO - Started process (PID=47401) to work on /usr/local/python/3.10.13/lib/python3.10/site-packages/airflow/example_dags/example_python_operator.py
[2024-04-22T06:22:42.825+0000] {processor.py:743} INFO - Processing file /usr/local/python/3.10.13/lib/python3.10/site-packages/airflow/example_dags/example_python_operator.py for tasks to queue
[2024-04-22T06:22:42.826+0000] {logging_mixin.py:137} INFO - [2024-04-22T06:22:42.826+0000] {dagbag.py:538} INFO - Filling up the DagBag from /usr/local/python/3.10.13/lib/python3.10/site-packages/airflow/example_dags/example_python_operator.py
[2024-04-22T06:22:42.846+0000] {logging_mixin.py:137} INFO - [2024-04-22T06:22:42.846+0000] {taskmixin.py:205} WARNING - Dependency <Task(_PythonDecoratedOperator): print_the_context>, log_sql_query already registered for DAG: example_python_operator
[2024-04-22T06:22:42.847+0000] {logging_mixin.py:137} INFO - [2024-04-22T06:22:42.847+0000] {taskmixin.py:205} WARNING - Dependency <Task(_PythonDecoratedOperator): log_sql_query>, print_the_context already registered for DAG: example_python_operator
[2024-04-22T06:22:42.848+0000] {logging_mixin.py:137} INFO - [2024-04-22T06:22:42.848+0000] {taskmixin.py:205} WARNING - Dependency <Task(_PythonDecoratedOperator): print_the_context>, log_sql_query already registered for DAG: example_python_operator
[2024-04-22T06:22:42.849+0000] {logging_mixin.py:137} INFO - [2024-04-22T06:22:42.848+0000] {taskmixin.py:205} WARNING - Dependency <Task(_PythonDecoratedOperator): log_sql_query>, print_the_context already registered for DAG: example_python_operator
[2024-04-22T06:22:42.850+0000] {logging_mixin.py:137} INFO - [2024-04-22T06:22:42.850+0000] {taskmixin.py:205} WARNING - Dependency <Task(_PythonDecoratedOperator): print_the_context>, log_sql_query already registered for DAG: example_python_operator
[2024-04-22T06:22:42.851+0000] {logging_mixin.py:137} INFO - [2024-04-22T06:22:42.851+0000] {taskmixin.py:205} WARNING - Dependency <Task(_PythonDecoratedOperator): log_sql_query>, print_the_context already registered for DAG: example_python_operator
[2024-04-22T06:22:42.853+0000] {logging_mixin.py:137} INFO - [2024-04-22T06:22:42.852+0000] {taskmixin.py:205} WARNING - Dependency <Task(_PythonDecoratedOperator): print_the_context>, log_sql_query already registered for DAG: example_python_operator
[2024-04-22T06:22:42.853+0000] {logging_mixin.py:137} INFO - [2024-04-22T06:22:42.853+0000] {taskmixin.py:205} WARNING - Dependency <Task(_PythonDecoratedOperator): log_sql_query>, print_the_context already registered for DAG: example_python_operator
[2024-04-22T06:22:42.863+0000] {processor.py:753} INFO - DAG(s) dict_keys(['example_python_operator']) retrieved from /usr/local/python/3.10.13/lib/python3.10/site-packages/airflow/example_dags/example_python_operator.py
[2024-04-22T06:22:43.029+0000] {logging_mixin.py:137} INFO - [2024-04-22T06:22:43.029+0000] {dag.py:2690} INFO - Sync 1 DAGs
[2024-04-22T06:22:43.043+0000] {logging_mixin.py:137} INFO - [2024-04-22T06:22:43.043+0000] {dag.py:3437} INFO - Setting next_dagrun for example_python_operator to None, run_after=None
[2024-04-22T06:22:43.090+0000] {processor.py:175} INFO - Processing /usr/local/python/3.10.13/lib/python3.10/site-packages/airflow/example_dags/example_python_operator.py took 0.269 seconds
[2024-04-22T06:23:26.875+0000] {processor.py:153} INFO - Started process (PID=47807) to work on /usr/local/python/3.10.13/lib/python3.10/site-packages/airflow/example_dags/example_python_operator.py
[2024-04-22T06:23:26.876+0000] {processor.py:743} INFO - Processing file /usr/local/python/3.10.13/lib/python3.10/site-packages/airflow/example_dags/example_python_operator.py for tasks to queue
[2024-04-22T06:23:26.877+0000] {logging_mixin.py:137} INFO - [2024-04-22T06:23:26.876+0000] {dagbag.py:538} INFO - Filling up the DagBag from /usr/local/python/3.10.13/lib/python3.10/site-packages/airflow/example_dags/example_python_operator.py
[2024-04-22T06:23:26.892+0000] {logging_mixin.py:137} INFO - [2024-04-22T06:23:26.892+0000] {taskmixin.py:205} WARNING - Dependency <Task(_PythonDecoratedOperator): print_the_context>, log_sql_query already registered for DAG: example_python_operator
[2024-04-22T06:23:26.892+0000] {logging_mixin.py:137} INFO - [2024-04-22T06:23:26.892+0000] {taskmixin.py:205} WARNING - Dependency <Task(_PythonDecoratedOperator): log_sql_query>, print_the_context already registered for DAG: example_python_operator
[2024-04-22T06:23:26.893+0000] {logging_mixin.py:137} INFO - [2024-04-22T06:23:26.893+0000] {taskmixin.py:205} WARNING - Dependency <Task(_PythonDecoratedOperator): print_the_context>, log_sql_query already registered for DAG: example_python_operator
[2024-04-22T06:23:26.893+0000] {logging_mixin.py:137} INFO - [2024-04-22T06:23:26.893+0000] {taskmixin.py:205} WARNING - Dependency <Task(_PythonDecoratedOperator): log_sql_query>, print_the_context already registered for DAG: example_python_operator
[2024-04-22T06:23:26.894+0000] {logging_mixin.py:137} INFO - [2024-04-22T06:23:26.894+0000] {taskmixin.py:205} WARNING - Dependency <Task(_PythonDecoratedOperator): print_the_context>, log_sql_query already registered for DAG: example_python_operator
[2024-04-22T06:23:26.894+0000] {logging_mixin.py:137} INFO - [2024-04-22T06:23:26.894+0000] {taskmixin.py:205} WARNING - Dependency <Task(_PythonDecoratedOperator): log_sql_query>, print_the_context already registered for DAG: example_python_operator
[2024-04-22T06:23:26.895+0000] {logging_mixin.py:137} INFO - [2024-04-22T06:23:26.895+0000] {taskmixin.py:205} WARNING - Dependency <Task(_PythonDecoratedOperator): print_the_context>, log_sql_query already registered for DAG: example_python_operator
[2024-04-22T06:23:26.895+0000] {logging_mixin.py:137} INFO - [2024-04-22T06:23:26.895+0000] {taskmixin.py:205} WARNING - Dependency <Task(_PythonDecoratedOperator): log_sql_query>, print_the_context already registered for DAG: example_python_operator
[2024-04-22T06:23:26.988+0000] {processor.py:753} INFO - DAG(s) dict_keys(['example_python_operator']) retrieved from /usr/local/python/3.10.13/lib/python3.10/site-packages/airflow/example_dags/example_python_operator.py
[2024-04-22T06:23:27.001+0000] {logging_mixin.py:137} INFO - [2024-04-22T06:23:27.001+0000] {dag.py:2690} INFO - Sync 1 DAGs
[2024-04-22T06:23:27.014+0000] {logging_mixin.py:137} INFO - [2024-04-22T06:23:27.014+0000] {dag.py:3437} INFO - Setting next_dagrun for example_python_operator to None, run_after=None
[2024-04-22T06:23:27.060+0000] {processor.py:175} INFO - Processing /usr/local/python/3.10.13/lib/python3.10/site-packages/airflow/example_dags/example_python_operator.py took 0.187 seconds
[2024-04-22T06:24:08.901+0000] {processor.py:153} INFO - Started process (PID=48268) to work on /usr/local/python/3.10.13/lib/python3.10/site-packages/airflow/example_dags/example_python_operator.py
[2024-04-22T06:24:08.902+0000] {processor.py:743} INFO - Processing file /usr/local/python/3.10.13/lib/python3.10/site-packages/airflow/example_dags/example_python_operator.py for tasks to queue
[2024-04-22T06:24:08.903+0000] {logging_mixin.py:137} INFO - [2024-04-22T06:24:08.903+0000] {dagbag.py:538} INFO - Filling up the DagBag from /usr/local/python/3.10.13/lib/python3.10/site-packages/airflow/example_dags/example_python_operator.py
[2024-04-22T06:24:09.006+0000] {logging_mixin.py:137} INFO - [2024-04-22T06:24:09.006+0000] {taskmixin.py:205} WARNING - Dependency <Task(_PythonDecoratedOperator): print_the_context>, log_sql_query already registered for DAG: example_python_operator
[2024-04-22T06:24:09.007+0000] {logging_mixin.py:137} INFO - [2024-04-22T06:24:09.007+0000] {taskmixin.py:205} WARNING - Dependency <Task(_PythonDecoratedOperator): log_sql_query>, print_the_context already registered for DAG: example_python_operator
[2024-04-22T06:24:09.007+0000] {logging_mixin.py:137} INFO - [2024-04-22T06:24:09.007+0000] {taskmixin.py:205} WARNING - Dependency <Task(_PythonDecoratedOperator): print_the_context>, log_sql_query already registered for DAG: example_python_operator
[2024-04-22T06:24:09.008+0000] {logging_mixin.py:137} INFO - [2024-04-22T06:24:09.007+0000] {taskmixin.py:205} WARNING - Dependency <Task(_PythonDecoratedOperator): log_sql_query>, print_the_context already registered for DAG: example_python_operator
[2024-04-22T06:24:09.008+0000] {logging_mixin.py:137} INFO - [2024-04-22T06:24:09.008+0000] {taskmixin.py:205} WARNING - Dependency <Task(_PythonDecoratedOperator): print_the_context>, log_sql_query already registered for DAG: example_python_operator
[2024-04-22T06:24:09.008+0000] {logging_mixin.py:137} INFO - [2024-04-22T06:24:09.008+0000] {taskmixin.py:205} WARNING - Dependency <Task(_PythonDecoratedOperator): log_sql_query>, print_the_context already registered for DAG: example_python_operator
[2024-04-22T06:24:09.009+0000] {logging_mixin.py:137} INFO - [2024-04-22T06:24:09.009+0000] {taskmixin.py:205} WARNING - Dependency <Task(_PythonDecoratedOperator): print_the_context>, log_sql_query already registered for DAG: example_python_operator
[2024-04-22T06:24:09.009+0000] {logging_mixin.py:137} INFO - [2024-04-22T06:24:09.009+0000] {taskmixin.py:205} WARNING - Dependency <Task(_PythonDecoratedOperator): log_sql_query>, print_the_context already registered for DAG: example_python_operator
[2024-04-22T06:24:09.016+0000] {processor.py:753} INFO - DAG(s) dict_keys(['example_python_operator']) retrieved from /usr/local/python/3.10.13/lib/python3.10/site-packages/airflow/example_dags/example_python_operator.py
[2024-04-22T06:24:09.029+0000] {logging_mixin.py:137} INFO - [2024-04-22T06:24:09.029+0000] {dag.py:2690} INFO - Sync 1 DAGs
[2024-04-22T06:24:09.042+0000] {logging_mixin.py:137} INFO - [2024-04-22T06:24:09.042+0000] {dag.py:3437} INFO - Setting next_dagrun for example_python_operator to None, run_after=None
[2024-04-22T06:24:09.089+0000] {processor.py:175} INFO - Processing /usr/local/python/3.10.13/lib/python3.10/site-packages/airflow/example_dags/example_python_operator.py took 0.190 seconds
[2024-04-22T06:24:51.478+0000] {processor.py:153} INFO - Started process (PID=48740) to work on /usr/local/python/3.10.13/lib/python3.10/site-packages/airflow/example_dags/example_python_operator.py
[2024-04-22T06:24:51.479+0000] {processor.py:743} INFO - Processing file /usr/local/python/3.10.13/lib/python3.10/site-packages/airflow/example_dags/example_python_operator.py for tasks to queue
[2024-04-22T06:24:51.479+0000] {logging_mixin.py:137} INFO - [2024-04-22T06:24:51.479+0000] {dagbag.py:538} INFO - Filling up the DagBag from /usr/local/python/3.10.13/lib/python3.10/site-packages/airflow/example_dags/example_python_operator.py
[2024-04-22T06:24:51.586+0000] {logging_mixin.py:137} INFO - [2024-04-22T06:24:51.586+0000] {taskmixin.py:205} WARNING - Dependency <Task(_PythonDecoratedOperator): print_the_context>, log_sql_query already registered for DAG: example_python_operator
[2024-04-22T06:24:51.587+0000] {logging_mixin.py:137} INFO - [2024-04-22T06:24:51.587+0000] {taskmixin.py:205} WARNING - Dependency <Task(_PythonDecoratedOperator): log_sql_query>, print_the_context already registered for DAG: example_python_operator
[2024-04-22T06:24:51.587+0000] {logging_mixin.py:137} INFO - [2024-04-22T06:24:51.587+0000] {taskmixin.py:205} WARNING - Dependency <Task(_PythonDecoratedOperator): print_the_context>, log_sql_query already registered for DAG: example_python_operator
[2024-04-22T06:24:51.588+0000] {logging_mixin.py:137} INFO - [2024-04-22T06:24:51.587+0000] {taskmixin.py:205} WARNING - Dependency <Task(_PythonDecoratedOperator): log_sql_query>, print_the_context already registered for DAG: example_python_operator
[2024-04-22T06:24:51.588+0000] {logging_mixin.py:137} INFO - [2024-04-22T06:24:51.588+0000] {taskmixin.py:205} WARNING - Dependency <Task(_PythonDecoratedOperator): print_the_context>, log_sql_query already registered for DAG: example_python_operator
[2024-04-22T06:24:51.588+0000] {logging_mixin.py:137} INFO - [2024-04-22T06:24:51.588+0000] {taskmixin.py:205} WARNING - Dependency <Task(_PythonDecoratedOperator): log_sql_query>, print_the_context already registered for DAG: example_python_operator
[2024-04-22T06:24:51.589+0000] {logging_mixin.py:137} INFO - [2024-04-22T06:24:51.589+0000] {taskmixin.py:205} WARNING - Dependency <Task(_PythonDecoratedOperator): print_the_context>, log_sql_query already registered for DAG: example_python_operator
[2024-04-22T06:24:51.589+0000] {logging_mixin.py:137} INFO - [2024-04-22T06:24:51.589+0000] {taskmixin.py:205} WARNING - Dependency <Task(_PythonDecoratedOperator): log_sql_query>, print_the_context already registered for DAG: example_python_operator
[2024-04-22T06:24:51.595+0000] {processor.py:753} INFO - DAG(s) dict_keys(['example_python_operator']) retrieved from /usr/local/python/3.10.13/lib/python3.10/site-packages/airflow/example_dags/example_python_operator.py
[2024-04-22T06:24:51.609+0000] {logging_mixin.py:137} INFO - [2024-04-22T06:24:51.609+0000] {dag.py:2690} INFO - Sync 1 DAGs
[2024-04-22T06:24:51.623+0000] {logging_mixin.py:137} INFO - [2024-04-22T06:24:51.622+0000] {dag.py:3437} INFO - Setting next_dagrun for example_python_operator to None, run_after=None
[2024-04-22T06:24:51.668+0000] {processor.py:175} INFO - Processing /usr/local/python/3.10.13/lib/python3.10/site-packages/airflow/example_dags/example_python_operator.py took 0.192 seconds
[2024-04-22T06:25:34.146+0000] {processor.py:153} INFO - Started process (PID=49209) to work on /usr/local/python/3.10.13/lib/python3.10/site-packages/airflow/example_dags/example_python_operator.py
[2024-04-22T06:25:34.147+0000] {processor.py:743} INFO - Processing file /usr/local/python/3.10.13/lib/python3.10/site-packages/airflow/example_dags/example_python_operator.py for tasks to queue
[2024-04-22T06:25:34.148+0000] {logging_mixin.py:137} INFO - [2024-04-22T06:25:34.147+0000] {dagbag.py:538} INFO - Filling up the DagBag from /usr/local/python/3.10.13/lib/python3.10/site-packages/airflow/example_dags/example_python_operator.py
[2024-04-22T06:25:34.167+0000] {logging_mixin.py:137} INFO - [2024-04-22T06:25:34.166+0000] {taskmixin.py:205} WARNING - Dependency <Task(_PythonDecoratedOperator): print_the_context>, log_sql_query already registered for DAG: example_python_operator
[2024-04-22T06:25:34.167+0000] {logging_mixin.py:137} INFO - [2024-04-22T06:25:34.167+0000] {taskmixin.py:205} WARNING - Dependency <Task(_PythonDecoratedOperator): log_sql_query>, print_the_context already registered for DAG: example_python_operator
[2024-04-22T06:25:34.167+0000] {logging_mixin.py:137} INFO - [2024-04-22T06:25:34.167+0000] {taskmixin.py:205} WARNING - Dependency <Task(_PythonDecoratedOperator): print_the_context>, log_sql_query already registered for DAG: example_python_operator
[2024-04-22T06:25:34.168+0000] {logging_mixin.py:137} INFO - [2024-04-22T06:25:34.168+0000] {taskmixin.py:205} WARNING - Dependency <Task(_PythonDecoratedOperator): log_sql_query>, print_the_context already registered for DAG: example_python_operator
[2024-04-22T06:25:34.168+0000] {logging_mixin.py:137} INFO - [2024-04-22T06:25:34.168+0000] {taskmixin.py:205} WARNING - Dependency <Task(_PythonDecoratedOperator): print_the_context>, log_sql_query already registered for DAG: example_python_operator
[2024-04-22T06:25:34.169+0000] {logging_mixin.py:137} INFO - [2024-04-22T06:25:34.168+0000] {taskmixin.py:205} WARNING - Dependency <Task(_PythonDecoratedOperator): log_sql_query>, print_the_context already registered for DAG: example_python_operator
[2024-04-22T06:25:34.169+0000] {logging_mixin.py:137} INFO - [2024-04-22T06:25:34.169+0000] {taskmixin.py:205} WARNING - Dependency <Task(_PythonDecoratedOperator): print_the_context>, log_sql_query already registered for DAG: example_python_operator
[2024-04-22T06:25:34.169+0000] {logging_mixin.py:137} INFO - [2024-04-22T06:25:34.169+0000] {taskmixin.py:205} WARNING - Dependency <Task(_PythonDecoratedOperator): log_sql_query>, print_the_context already registered for DAG: example_python_operator
[2024-04-22T06:25:34.176+0000] {processor.py:753} INFO - DAG(s) dict_keys(['example_python_operator']) retrieved from /usr/local/python/3.10.13/lib/python3.10/site-packages/airflow/example_dags/example_python_operator.py
[2024-04-22T06:25:34.195+0000] {logging_mixin.py:137} INFO - [2024-04-22T06:25:34.195+0000] {dag.py:2690} INFO - Sync 1 DAGs
[2024-04-22T06:25:34.219+0000] {logging_mixin.py:137} INFO - [2024-04-22T06:25:34.219+0000] {dag.py:3437} INFO - Setting next_dagrun for example_python_operator to None, run_after=None
[2024-04-22T06:25:34.276+0000] {processor.py:175} INFO - Processing /usr/local/python/3.10.13/lib/python3.10/site-packages/airflow/example_dags/example_python_operator.py took 0.132 seconds
[2024-04-22T06:26:15.202+0000] {processor.py:153} INFO - Started process (PID=49557) to work on /usr/local/python/3.10.13/lib/python3.10/site-packages/airflow/example_dags/example_python_operator.py
[2024-04-22T06:26:15.203+0000] {processor.py:743} INFO - Processing file /usr/local/python/3.10.13/lib/python3.10/site-packages/airflow/example_dags/example_python_operator.py for tasks to queue
[2024-04-22T06:26:15.204+0000] {logging_mixin.py:137} INFO - [2024-04-22T06:26:15.204+0000] {dagbag.py:538} INFO - Filling up the DagBag from /usr/local/python/3.10.13/lib/python3.10/site-packages/airflow/example_dags/example_python_operator.py
[2024-04-22T06:26:15.219+0000] {logging_mixin.py:137} INFO - [2024-04-22T06:26:15.219+0000] {taskmixin.py:205} WARNING - Dependency <Task(_PythonDecoratedOperator): print_the_context>, log_sql_query already registered for DAG: example_python_operator
[2024-04-22T06:26:15.219+0000] {logging_mixin.py:137} INFO - [2024-04-22T06:26:15.219+0000] {taskmixin.py:205} WARNING - Dependency <Task(_PythonDecoratedOperator): log_sql_query>, print_the_context already registered for DAG: example_python_operator
[2024-04-22T06:26:15.220+0000] {logging_mixin.py:137} INFO - [2024-04-22T06:26:15.220+0000] {taskmixin.py:205} WARNING - Dependency <Task(_PythonDecoratedOperator): print_the_context>, log_sql_query already registered for DAG: example_python_operator
[2024-04-22T06:26:15.220+0000] {logging_mixin.py:137} INFO - [2024-04-22T06:26:15.220+0000] {taskmixin.py:205} WARNING - Dependency <Task(_PythonDecoratedOperator): log_sql_query>, print_the_context already registered for DAG: example_python_operator
[2024-04-22T06:26:15.221+0000] {logging_mixin.py:137} INFO - [2024-04-22T06:26:15.221+0000] {taskmixin.py:205} WARNING - Dependency <Task(_PythonDecoratedOperator): print_the_context>, log_sql_query already registered for DAG: example_python_operator
[2024-04-22T06:26:15.221+0000] {logging_mixin.py:137} INFO - [2024-04-22T06:26:15.221+0000] {taskmixin.py:205} WARNING - Dependency <Task(_PythonDecoratedOperator): log_sql_query>, print_the_context already registered for DAG: example_python_operator
[2024-04-22T06:26:15.222+0000] {logging_mixin.py:137} INFO - [2024-04-22T06:26:15.222+0000] {taskmixin.py:205} WARNING - Dependency <Task(_PythonDecoratedOperator): print_the_context>, log_sql_query already registered for DAG: example_python_operator
[2024-04-22T06:26:15.222+0000] {logging_mixin.py:137} INFO - [2024-04-22T06:26:15.222+0000] {taskmixin.py:205} WARNING - Dependency <Task(_PythonDecoratedOperator): log_sql_query>, print_the_context already registered for DAG: example_python_operator
[2024-04-22T06:26:15.228+0000] {processor.py:753} INFO - DAG(s) dict_keys(['example_python_operator']) retrieved from /usr/local/python/3.10.13/lib/python3.10/site-packages/airflow/example_dags/example_python_operator.py
[2024-04-22T06:26:15.249+0000] {logging_mixin.py:137} INFO - [2024-04-22T06:26:15.249+0000] {dag.py:2690} INFO - Sync 1 DAGs
[2024-04-22T06:26:15.293+0000] {logging_mixin.py:137} INFO - [2024-04-22T06:26:15.293+0000] {dag.py:3437} INFO - Setting next_dagrun for example_python_operator to None, run_after=None
[2024-04-22T06:26:15.342+0000] {processor.py:175} INFO - Processing /usr/local/python/3.10.13/lib/python3.10/site-packages/airflow/example_dags/example_python_operator.py took 0.141 seconds
[2024-04-22T06:26:54.631+0000] {processor.py:153} INFO - Started process (PID=49941) to work on /usr/local/python/3.10.13/lib/python3.10/site-packages/airflow/example_dags/example_python_operator.py
[2024-04-22T06:26:54.632+0000] {processor.py:743} INFO - Processing file /usr/local/python/3.10.13/lib/python3.10/site-packages/airflow/example_dags/example_python_operator.py for tasks to queue
[2024-04-22T06:26:54.632+0000] {logging_mixin.py:137} INFO - [2024-04-22T06:26:54.632+0000] {dagbag.py:538} INFO - Filling up the DagBag from /usr/local/python/3.10.13/lib/python3.10/site-packages/airflow/example_dags/example_python_operator.py
[2024-04-22T06:26:54.647+0000] {logging_mixin.py:137} INFO - [2024-04-22T06:26:54.647+0000] {taskmixin.py:205} WARNING - Dependency <Task(_PythonDecoratedOperator): print_the_context>, log_sql_query already registered for DAG: example_python_operator
[2024-04-22T06:26:54.648+0000] {logging_mixin.py:137} INFO - [2024-04-22T06:26:54.648+0000] {taskmixin.py:205} WARNING - Dependency <Task(_PythonDecoratedOperator): log_sql_query>, print_the_context already registered for DAG: example_python_operator
[2024-04-22T06:26:54.648+0000] {logging_mixin.py:137} INFO - [2024-04-22T06:26:54.648+0000] {taskmixin.py:205} WARNING - Dependency <Task(_PythonDecoratedOperator): print_the_context>, log_sql_query already registered for DAG: example_python_operator
[2024-04-22T06:26:54.649+0000] {logging_mixin.py:137} INFO - [2024-04-22T06:26:54.648+0000] {taskmixin.py:205} WARNING - Dependency <Task(_PythonDecoratedOperator): log_sql_query>, print_the_context already registered for DAG: example_python_operator
[2024-04-22T06:26:54.649+0000] {logging_mixin.py:137} INFO - [2024-04-22T06:26:54.649+0000] {taskmixin.py:205} WARNING - Dependency <Task(_PythonDecoratedOperator): print_the_context>, log_sql_query already registered for DAG: example_python_operator
[2024-04-22T06:26:54.649+0000] {logging_mixin.py:137} INFO - [2024-04-22T06:26:54.649+0000] {taskmixin.py:205} WARNING - Dependency <Task(_PythonDecoratedOperator): log_sql_query>, print_the_context already registered for DAG: example_python_operator
[2024-04-22T06:26:54.650+0000] {logging_mixin.py:137} INFO - [2024-04-22T06:26:54.650+0000] {taskmixin.py:205} WARNING - Dependency <Task(_PythonDecoratedOperator): print_the_context>, log_sql_query already registered for DAG: example_python_operator
[2024-04-22T06:26:54.650+0000] {logging_mixin.py:137} INFO - [2024-04-22T06:26:54.650+0000] {taskmixin.py:205} WARNING - Dependency <Task(_PythonDecoratedOperator): log_sql_query>, print_the_context already registered for DAG: example_python_operator
[2024-04-22T06:26:54.657+0000] {processor.py:753} INFO - DAG(s) dict_keys(['example_python_operator']) retrieved from /usr/local/python/3.10.13/lib/python3.10/site-packages/airflow/example_dags/example_python_operator.py
[2024-04-22T06:26:54.674+0000] {logging_mixin.py:137} INFO - [2024-04-22T06:26:54.674+0000] {dag.py:2690} INFO - Sync 1 DAGs
[2024-04-22T06:26:54.689+0000] {logging_mixin.py:137} INFO - [2024-04-22T06:26:54.689+0000] {dag.py:3437} INFO - Setting next_dagrun for example_python_operator to None, run_after=None
[2024-04-22T06:26:54.735+0000] {processor.py:175} INFO - Processing /usr/local/python/3.10.13/lib/python3.10/site-packages/airflow/example_dags/example_python_operator.py took 0.106 seconds
[2024-04-22T06:27:35.564+0000] {processor.py:153} INFO - Started process (PID=50304) to work on /usr/local/python/3.10.13/lib/python3.10/site-packages/airflow/example_dags/example_python_operator.py
[2024-04-22T06:27:35.565+0000] {processor.py:743} INFO - Processing file /usr/local/python/3.10.13/lib/python3.10/site-packages/airflow/example_dags/example_python_operator.py for tasks to queue
[2024-04-22T06:27:35.565+0000] {logging_mixin.py:137} INFO - [2024-04-22T06:27:35.565+0000] {dagbag.py:538} INFO - Filling up the DagBag from /usr/local/python/3.10.13/lib/python3.10/site-packages/airflow/example_dags/example_python_operator.py
[2024-04-22T06:27:35.581+0000] {logging_mixin.py:137} INFO - [2024-04-22T06:27:35.580+0000] {taskmixin.py:205} WARNING - Dependency <Task(_PythonDecoratedOperator): print_the_context>, log_sql_query already registered for DAG: example_python_operator
[2024-04-22T06:27:35.581+0000] {logging_mixin.py:137} INFO - [2024-04-22T06:27:35.581+0000] {taskmixin.py:205} WARNING - Dependency <Task(_PythonDecoratedOperator): log_sql_query>, print_the_context already registered for DAG: example_python_operator
[2024-04-22T06:27:35.581+0000] {logging_mixin.py:137} INFO - [2024-04-22T06:27:35.581+0000] {taskmixin.py:205} WARNING - Dependency <Task(_PythonDecoratedOperator): print_the_context>, log_sql_query already registered for DAG: example_python_operator
[2024-04-22T06:27:35.582+0000] {logging_mixin.py:137} INFO - [2024-04-22T06:27:35.581+0000] {taskmixin.py:205} WARNING - Dependency <Task(_PythonDecoratedOperator): log_sql_query>, print_the_context already registered for DAG: example_python_operator
[2024-04-22T06:27:35.582+0000] {logging_mixin.py:137} INFO - [2024-04-22T06:27:35.582+0000] {taskmixin.py:205} WARNING - Dependency <Task(_PythonDecoratedOperator): print_the_context>, log_sql_query already registered for DAG: example_python_operator
[2024-04-22T06:27:35.582+0000] {logging_mixin.py:137} INFO - [2024-04-22T06:27:35.582+0000] {taskmixin.py:205} WARNING - Dependency <Task(_PythonDecoratedOperator): log_sql_query>, print_the_context already registered for DAG: example_python_operator
[2024-04-22T06:27:35.583+0000] {logging_mixin.py:137} INFO - [2024-04-22T06:27:35.583+0000] {taskmixin.py:205} WARNING - Dependency <Task(_PythonDecoratedOperator): print_the_context>, log_sql_query already registered for DAG: example_python_operator
[2024-04-22T06:27:35.583+0000] {logging_mixin.py:137} INFO - [2024-04-22T06:27:35.583+0000] {taskmixin.py:205} WARNING - Dependency <Task(_PythonDecoratedOperator): log_sql_query>, print_the_context already registered for DAG: example_python_operator
[2024-04-22T06:27:35.590+0000] {processor.py:753} INFO - DAG(s) dict_keys(['example_python_operator']) retrieved from /usr/local/python/3.10.13/lib/python3.10/site-packages/airflow/example_dags/example_python_operator.py
[2024-04-22T06:27:35.606+0000] {logging_mixin.py:137} INFO - [2024-04-22T06:27:35.606+0000] {dag.py:2690} INFO - Sync 1 DAGs
[2024-04-22T06:27:35.621+0000] {logging_mixin.py:137} INFO - [2024-04-22T06:27:35.621+0000] {dag.py:3437} INFO - Setting next_dagrun for example_python_operator to None, run_after=None
[2024-04-22T06:27:35.668+0000] {processor.py:175} INFO - Processing /usr/local/python/3.10.13/lib/python3.10/site-packages/airflow/example_dags/example_python_operator.py took 0.106 seconds
