[2024-04-22T06:13:05.899+0000] {processor.py:153} INFO - Started process (PID=43342) to work on /usr/local/python/3.10.13/lib/python3.10/site-packages/airflow/example_dags/example_subdag_operator.py
[2024-04-22T06:13:05.900+0000] {processor.py:743} INFO - Processing file /usr/local/python/3.10.13/lib/python3.10/site-packages/airflow/example_dags/example_subdag_operator.py for tasks to queue
[2024-04-22T06:13:05.900+0000] {logging_mixin.py:137} INFO - [2024-04-22T06:13:05.900+0000] {dagbag.py:538} INFO - Filling up the DagBag from /usr/local/python/3.10.13/lib/python3.10/site-packages/airflow/example_dags/example_subdag_operator.py
[2024-04-22T06:13:05.921+0000] {processor.py:753} INFO - DAG(s) dict_keys(['example_subdag_operator.section-1', 'example_subdag_operator.section-2', 'example_subdag_operator']) retrieved from /usr/local/python/3.10.13/lib/python3.10/site-packages/airflow/example_dags/example_subdag_operator.py
[2024-04-22T06:13:06.072+0000] {logging_mixin.py:137} INFO - [2024-04-22T06:13:06.072+0000] {manager.py:504} INFO - Created Permission View: can delete on DAG:example_subdag_operator
[2024-04-22T06:13:06.111+0000] {logging_mixin.py:137} INFO - [2024-04-22T06:13:06.111+0000] {manager.py:504} INFO - Created Permission View: can edit on DAG:example_subdag_operator
[2024-04-22T06:13:06.147+0000] {logging_mixin.py:137} INFO - [2024-04-22T06:13:06.147+0000] {manager.py:504} INFO - Created Permission View: can read on DAG:example_subdag_operator
[2024-04-22T06:13:06.147+0000] {logging_mixin.py:137} INFO - [2024-04-22T06:13:06.147+0000] {dag.py:2690} INFO - Sync 3 DAGs
[2024-04-22T06:13:06.155+0000] {logging_mixin.py:137} INFO - [2024-04-22T06:13:06.155+0000] {dag.py:2711} INFO - Creating ORM DAG for example_subdag_operator.section-2
[2024-04-22T06:13:06.156+0000] {logging_mixin.py:137} INFO - [2024-04-22T06:13:06.156+0000] {dag.py:2711} INFO - Creating ORM DAG for example_subdag_operator.section-1
[2024-04-22T06:13:06.156+0000] {logging_mixin.py:137} INFO - [2024-04-22T06:13:06.156+0000] {dag.py:2711} INFO - Creating ORM DAG for example_subdag_operator
[2024-04-22T06:13:06.163+0000] {logging_mixin.py:137} INFO - [2024-04-22T06:13:06.163+0000] {dag.py:3437} INFO - Setting next_dagrun for example_subdag_operator to 2022-01-01T00:00:00+00:00, run_after=2022-01-01T00:00:00+00:00
[2024-04-22T06:13:06.163+0000] {logging_mixin.py:137} INFO - [2024-04-22T06:13:06.163+0000] {dag.py:3437} INFO - Setting next_dagrun for example_subdag_operator.section-1 to None, run_after=None
[2024-04-22T06:13:06.164+0000] {logging_mixin.py:137} INFO - [2024-04-22T06:13:06.163+0000] {dag.py:3437} INFO - Setting next_dagrun for example_subdag_operator.section-2 to None, run_after=None
[2024-04-22T06:13:06.169+0000] {logging_mixin.py:137} INFO - [2024-04-22T06:13:06.169+0000] {dag.py:2690} INFO - Sync 2 DAGs
[2024-04-22T06:13:06.172+0000] {logging_mixin.py:137} INFO - [2024-04-22T06:13:06.172+0000] {dag.py:3437} INFO - Setting next_dagrun for example_subdag_operator.section-1 to None, run_after=None
[2024-04-22T06:13:06.174+0000] {logging_mixin.py:137} INFO - [2024-04-22T06:13:06.174+0000] {dag.py:3437} INFO - Setting next_dagrun for example_subdag_operator.section-2 to None, run_after=None
[2024-04-22T06:13:06.216+0000] {processor.py:175} INFO - Processing /usr/local/python/3.10.13/lib/python3.10/site-packages/airflow/example_dags/example_subdag_operator.py took 0.319 seconds
[2024-04-22T06:13:52.043+0000] {processor.py:153} INFO - Started process (PID=43639) to work on /usr/local/python/3.10.13/lib/python3.10/site-packages/airflow/example_dags/example_subdag_operator.py
[2024-04-22T06:13:52.044+0000] {processor.py:743} INFO - Processing file /usr/local/python/3.10.13/lib/python3.10/site-packages/airflow/example_dags/example_subdag_operator.py for tasks to queue
[2024-04-22T06:13:52.044+0000] {logging_mixin.py:137} INFO - [2024-04-22T06:13:52.044+0000] {dagbag.py:538} INFO - Filling up the DagBag from /usr/local/python/3.10.13/lib/python3.10/site-packages/airflow/example_dags/example_subdag_operator.py
[2024-04-22T06:13:52.066+0000] {processor.py:753} INFO - DAG(s) dict_keys(['example_subdag_operator.section-1', 'example_subdag_operator.section-2', 'example_subdag_operator']) retrieved from /usr/local/python/3.10.13/lib/python3.10/site-packages/airflow/example_dags/example_subdag_operator.py
[2024-04-22T06:13:52.080+0000] {logging_mixin.py:137} INFO - [2024-04-22T06:13:52.080+0000] {dag.py:2690} INFO - Sync 3 DAGs
[2024-04-22T06:13:52.095+0000] {logging_mixin.py:137} INFO - [2024-04-22T06:13:52.095+0000] {dag.py:3437} INFO - Setting next_dagrun for example_subdag_operator to 2022-01-01T00:00:00+00:00, run_after=2022-01-01T00:00:00+00:00
[2024-04-22T06:13:52.097+0000] {logging_mixin.py:137} INFO - [2024-04-22T06:13:52.097+0000] {dag.py:3437} INFO - Setting next_dagrun for example_subdag_operator.section-1 to None, run_after=None
[2024-04-22T06:13:52.098+0000] {logging_mixin.py:137} INFO - [2024-04-22T06:13:52.098+0000] {dag.py:3437} INFO - Setting next_dagrun for example_subdag_operator.section-2 to None, run_after=None
[2024-04-22T06:13:52.102+0000] {logging_mixin.py:137} INFO - [2024-04-22T06:13:52.102+0000] {dag.py:2690} INFO - Sync 2 DAGs
[2024-04-22T06:13:52.105+0000] {logging_mixin.py:137} INFO - [2024-04-22T06:13:52.105+0000] {dag.py:3437} INFO - Setting next_dagrun for example_subdag_operator.section-1 to None, run_after=None
[2024-04-22T06:13:52.105+0000] {logging_mixin.py:137} INFO - [2024-04-22T06:13:52.105+0000] {dag.py:3437} INFO - Setting next_dagrun for example_subdag_operator.section-2 to None, run_after=None
[2024-04-22T06:13:52.147+0000] {processor.py:175} INFO - Processing /usr/local/python/3.10.13/lib/python3.10/site-packages/airflow/example_dags/example_subdag_operator.py took 0.106 seconds
[2024-04-22T06:14:31.553+0000] {processor.py:153} INFO - Started process (PID=43912) to work on /usr/local/python/3.10.13/lib/python3.10/site-packages/airflow/example_dags/example_subdag_operator.py
[2024-04-22T06:14:31.554+0000] {processor.py:743} INFO - Processing file /usr/local/python/3.10.13/lib/python3.10/site-packages/airflow/example_dags/example_subdag_operator.py for tasks to queue
[2024-04-22T06:14:31.554+0000] {logging_mixin.py:137} INFO - [2024-04-22T06:14:31.554+0000] {dagbag.py:538} INFO - Filling up the DagBag from /usr/local/python/3.10.13/lib/python3.10/site-packages/airflow/example_dags/example_subdag_operator.py
[2024-04-22T06:14:31.575+0000] {processor.py:753} INFO - DAG(s) dict_keys(['example_subdag_operator.section-1', 'example_subdag_operator.section-2', 'example_subdag_operator']) retrieved from /usr/local/python/3.10.13/lib/python3.10/site-packages/airflow/example_dags/example_subdag_operator.py
[2024-04-22T06:14:31.588+0000] {logging_mixin.py:137} INFO - [2024-04-22T06:14:31.588+0000] {dag.py:2690} INFO - Sync 3 DAGs
[2024-04-22T06:14:31.603+0000] {logging_mixin.py:137} INFO - [2024-04-22T06:14:31.603+0000] {dag.py:3437} INFO - Setting next_dagrun for example_subdag_operator to 2022-01-01T00:00:00+00:00, run_after=2022-01-01T00:00:00+00:00
[2024-04-22T06:14:31.605+0000] {logging_mixin.py:137} INFO - [2024-04-22T06:14:31.605+0000] {dag.py:3437} INFO - Setting next_dagrun for example_subdag_operator.section-1 to None, run_after=None
[2024-04-22T06:14:31.606+0000] {logging_mixin.py:137} INFO - [2024-04-22T06:14:31.606+0000] {dag.py:3437} INFO - Setting next_dagrun for example_subdag_operator.section-2 to None, run_after=None
[2024-04-22T06:14:31.610+0000] {logging_mixin.py:137} INFO - [2024-04-22T06:14:31.610+0000] {dag.py:2690} INFO - Sync 2 DAGs
[2024-04-22T06:14:31.613+0000] {logging_mixin.py:137} INFO - [2024-04-22T06:14:31.613+0000] {dag.py:3437} INFO - Setting next_dagrun for example_subdag_operator.section-1 to None, run_after=None
[2024-04-22T06:14:31.613+0000] {logging_mixin.py:137} INFO - [2024-04-22T06:14:31.613+0000] {dag.py:3437} INFO - Setting next_dagrun for example_subdag_operator.section-2 to None, run_after=None
[2024-04-22T06:14:31.655+0000] {processor.py:175} INFO - Processing /usr/local/python/3.10.13/lib/python3.10/site-packages/airflow/example_dags/example_subdag_operator.py took 0.104 seconds
[2024-04-22T06:15:10.758+0000] {processor.py:153} INFO - Started process (PID=44182) to work on /usr/local/python/3.10.13/lib/python3.10/site-packages/airflow/example_dags/example_subdag_operator.py
[2024-04-22T06:15:10.758+0000] {processor.py:743} INFO - Processing file /usr/local/python/3.10.13/lib/python3.10/site-packages/airflow/example_dags/example_subdag_operator.py for tasks to queue
[2024-04-22T06:15:10.759+0000] {logging_mixin.py:137} INFO - [2024-04-22T06:15:10.759+0000] {dagbag.py:538} INFO - Filling up the DagBag from /usr/local/python/3.10.13/lib/python3.10/site-packages/airflow/example_dags/example_subdag_operator.py
[2024-04-22T06:15:10.780+0000] {processor.py:753} INFO - DAG(s) dict_keys(['example_subdag_operator.section-1', 'example_subdag_operator.section-2', 'example_subdag_operator']) retrieved from /usr/local/python/3.10.13/lib/python3.10/site-packages/airflow/example_dags/example_subdag_operator.py
[2024-04-22T06:15:10.793+0000] {logging_mixin.py:137} INFO - [2024-04-22T06:15:10.793+0000] {dag.py:2690} INFO - Sync 3 DAGs
[2024-04-22T06:15:10.808+0000] {logging_mixin.py:137} INFO - [2024-04-22T06:15:10.807+0000] {dag.py:3437} INFO - Setting next_dagrun for example_subdag_operator to 2022-01-01T00:00:00+00:00, run_after=2022-01-01T00:00:00+00:00
[2024-04-22T06:15:10.810+0000] {logging_mixin.py:137} INFO - [2024-04-22T06:15:10.810+0000] {dag.py:3437} INFO - Setting next_dagrun for example_subdag_operator.section-1 to None, run_after=None
[2024-04-22T06:15:10.810+0000] {logging_mixin.py:137} INFO - [2024-04-22T06:15:10.810+0000] {dag.py:3437} INFO - Setting next_dagrun for example_subdag_operator.section-2 to None, run_after=None
[2024-04-22T06:15:10.815+0000] {logging_mixin.py:137} INFO - [2024-04-22T06:15:10.815+0000] {dag.py:2690} INFO - Sync 2 DAGs
[2024-04-22T06:15:10.818+0000] {logging_mixin.py:137} INFO - [2024-04-22T06:15:10.818+0000] {dag.py:3437} INFO - Setting next_dagrun for example_subdag_operator.section-1 to None, run_after=None
[2024-04-22T06:15:10.818+0000] {logging_mixin.py:137} INFO - [2024-04-22T06:15:10.818+0000] {dag.py:3437} INFO - Setting next_dagrun for example_subdag_operator.section-2 to None, run_after=None
[2024-04-22T06:15:10.861+0000] {processor.py:175} INFO - Processing /usr/local/python/3.10.13/lib/python3.10/site-packages/airflow/example_dags/example_subdag_operator.py took 0.105 seconds
[2024-04-22T06:15:51.695+0000] {processor.py:153} INFO - Started process (PID=44456) to work on /usr/local/python/3.10.13/lib/python3.10/site-packages/airflow/example_dags/example_subdag_operator.py
[2024-04-22T06:15:51.696+0000] {processor.py:743} INFO - Processing file /usr/local/python/3.10.13/lib/python3.10/site-packages/airflow/example_dags/example_subdag_operator.py for tasks to queue
[2024-04-22T06:15:51.696+0000] {logging_mixin.py:137} INFO - [2024-04-22T06:15:51.696+0000] {dagbag.py:538} INFO - Filling up the DagBag from /usr/local/python/3.10.13/lib/python3.10/site-packages/airflow/example_dags/example_subdag_operator.py
[2024-04-22T06:15:51.716+0000] {processor.py:753} INFO - DAG(s) dict_keys(['example_subdag_operator.section-1', 'example_subdag_operator.section-2', 'example_subdag_operator']) retrieved from /usr/local/python/3.10.13/lib/python3.10/site-packages/airflow/example_dags/example_subdag_operator.py
[2024-04-22T06:15:51.729+0000] {logging_mixin.py:137} INFO - [2024-04-22T06:15:51.729+0000] {dag.py:2690} INFO - Sync 3 DAGs
[2024-04-22T06:15:51.744+0000] {logging_mixin.py:137} INFO - [2024-04-22T06:15:51.744+0000] {dag.py:3437} INFO - Setting next_dagrun for example_subdag_operator to 2022-01-01T00:00:00+00:00, run_after=2022-01-01T00:00:00+00:00
[2024-04-22T06:15:51.746+0000] {logging_mixin.py:137} INFO - [2024-04-22T06:15:51.746+0000] {dag.py:3437} INFO - Setting next_dagrun for example_subdag_operator.section-1 to None, run_after=None
[2024-04-22T06:15:51.747+0000] {logging_mixin.py:137} INFO - [2024-04-22T06:15:51.747+0000] {dag.py:3437} INFO - Setting next_dagrun for example_subdag_operator.section-2 to None, run_after=None
[2024-04-22T06:15:51.752+0000] {logging_mixin.py:137} INFO - [2024-04-22T06:15:51.752+0000] {dag.py:2690} INFO - Sync 2 DAGs
[2024-04-22T06:15:51.755+0000] {logging_mixin.py:137} INFO - [2024-04-22T06:15:51.755+0000] {dag.py:3437} INFO - Setting next_dagrun for example_subdag_operator.section-1 to None, run_after=None
[2024-04-22T06:15:51.755+0000] {logging_mixin.py:137} INFO - [2024-04-22T06:15:51.755+0000] {dag.py:3437} INFO - Setting next_dagrun for example_subdag_operator.section-2 to None, run_after=None
[2024-04-22T06:15:51.797+0000] {processor.py:175} INFO - Processing /usr/local/python/3.10.13/lib/python3.10/site-packages/airflow/example_dags/example_subdag_operator.py took 0.104 seconds
[2024-04-22T06:16:33.526+0000] {processor.py:153} INFO - Started process (PID=44740) to work on /usr/local/python/3.10.13/lib/python3.10/site-packages/airflow/example_dags/example_subdag_operator.py
[2024-04-22T06:16:33.527+0000] {processor.py:743} INFO - Processing file /usr/local/python/3.10.13/lib/python3.10/site-packages/airflow/example_dags/example_subdag_operator.py for tasks to queue
[2024-04-22T06:16:33.528+0000] {logging_mixin.py:137} INFO - [2024-04-22T06:16:33.528+0000] {dagbag.py:538} INFO - Filling up the DagBag from /usr/local/python/3.10.13/lib/python3.10/site-packages/airflow/example_dags/example_subdag_operator.py
[2024-04-22T06:16:33.548+0000] {processor.py:753} INFO - DAG(s) dict_keys(['example_subdag_operator.section-1', 'example_subdag_operator.section-2', 'example_subdag_operator']) retrieved from /usr/local/python/3.10.13/lib/python3.10/site-packages/airflow/example_dags/example_subdag_operator.py
[2024-04-22T06:16:33.562+0000] {logging_mixin.py:137} INFO - [2024-04-22T06:16:33.562+0000] {dag.py:2690} INFO - Sync 3 DAGs
[2024-04-22T06:16:33.577+0000] {logging_mixin.py:137} INFO - [2024-04-22T06:16:33.577+0000] {dag.py:3437} INFO - Setting next_dagrun for example_subdag_operator to 2022-01-01T00:00:00+00:00, run_after=2022-01-01T00:00:00+00:00
[2024-04-22T06:16:33.579+0000] {logging_mixin.py:137} INFO - [2024-04-22T06:16:33.579+0000] {dag.py:3437} INFO - Setting next_dagrun for example_subdag_operator.section-1 to None, run_after=None
[2024-04-22T06:16:33.580+0000] {logging_mixin.py:137} INFO - [2024-04-22T06:16:33.580+0000] {dag.py:3437} INFO - Setting next_dagrun for example_subdag_operator.section-2 to None, run_after=None
[2024-04-22T06:16:33.584+0000] {logging_mixin.py:137} INFO - [2024-04-22T06:16:33.584+0000] {dag.py:2690} INFO - Sync 2 DAGs
[2024-04-22T06:16:33.587+0000] {logging_mixin.py:137} INFO - [2024-04-22T06:16:33.587+0000] {dag.py:3437} INFO - Setting next_dagrun for example_subdag_operator.section-1 to None, run_after=None
[2024-04-22T06:16:33.587+0000] {logging_mixin.py:137} INFO - [2024-04-22T06:16:33.587+0000] {dag.py:3437} INFO - Setting next_dagrun for example_subdag_operator.section-2 to None, run_after=None
[2024-04-22T06:16:33.630+0000] {processor.py:175} INFO - Processing /usr/local/python/3.10.13/lib/python3.10/site-packages/airflow/example_dags/example_subdag_operator.py took 0.106 seconds
[2024-04-22T06:17:12.807+0000] {processor.py:153} INFO - Started process (PID=45011) to work on /usr/local/python/3.10.13/lib/python3.10/site-packages/airflow/example_dags/example_subdag_operator.py
[2024-04-22T06:17:12.808+0000] {processor.py:743} INFO - Processing file /usr/local/python/3.10.13/lib/python3.10/site-packages/airflow/example_dags/example_subdag_operator.py for tasks to queue
[2024-04-22T06:17:12.808+0000] {logging_mixin.py:137} INFO - [2024-04-22T06:17:12.808+0000] {dagbag.py:538} INFO - Filling up the DagBag from /usr/local/python/3.10.13/lib/python3.10/site-packages/airflow/example_dags/example_subdag_operator.py
[2024-04-22T06:17:12.829+0000] {processor.py:753} INFO - DAG(s) dict_keys(['example_subdag_operator.section-1', 'example_subdag_operator.section-2', 'example_subdag_operator']) retrieved from /usr/local/python/3.10.13/lib/python3.10/site-packages/airflow/example_dags/example_subdag_operator.py
[2024-04-22T06:17:12.842+0000] {logging_mixin.py:137} INFO - [2024-04-22T06:17:12.842+0000] {dag.py:2690} INFO - Sync 3 DAGs
[2024-04-22T06:17:12.857+0000] {logging_mixin.py:137} INFO - [2024-04-22T06:17:12.857+0000] {dag.py:3437} INFO - Setting next_dagrun for example_subdag_operator to 2022-01-01T00:00:00+00:00, run_after=2022-01-01T00:00:00+00:00
[2024-04-22T06:17:12.859+0000] {logging_mixin.py:137} INFO - [2024-04-22T06:17:12.859+0000] {dag.py:3437} INFO - Setting next_dagrun for example_subdag_operator.section-1 to None, run_after=None
[2024-04-22T06:17:12.860+0000] {logging_mixin.py:137} INFO - [2024-04-22T06:17:12.860+0000] {dag.py:3437} INFO - Setting next_dagrun for example_subdag_operator.section-2 to None, run_after=None
[2024-04-22T06:17:12.864+0000] {logging_mixin.py:137} INFO - [2024-04-22T06:17:12.864+0000] {dag.py:2690} INFO - Sync 2 DAGs
[2024-04-22T06:17:12.867+0000] {logging_mixin.py:137} INFO - [2024-04-22T06:17:12.867+0000] {dag.py:3437} INFO - Setting next_dagrun for example_subdag_operator.section-1 to None, run_after=None
[2024-04-22T06:17:12.868+0000] {logging_mixin.py:137} INFO - [2024-04-22T06:17:12.868+0000] {dag.py:3437} INFO - Setting next_dagrun for example_subdag_operator.section-2 to None, run_after=None
[2024-04-22T06:17:12.909+0000] {processor.py:175} INFO - Processing /usr/local/python/3.10.13/lib/python3.10/site-packages/airflow/example_dags/example_subdag_operator.py took 0.104 seconds
[2024-04-22T06:17:54.700+0000] {processor.py:153} INFO - Started process (PID=45327) to work on /usr/local/python/3.10.13/lib/python3.10/site-packages/airflow/example_dags/example_subdag_operator.py
[2024-04-22T06:17:54.701+0000] {processor.py:743} INFO - Processing file /usr/local/python/3.10.13/lib/python3.10/site-packages/airflow/example_dags/example_subdag_operator.py for tasks to queue
[2024-04-22T06:17:54.701+0000] {logging_mixin.py:137} INFO - [2024-04-22T06:17:54.701+0000] {dagbag.py:538} INFO - Filling up the DagBag from /usr/local/python/3.10.13/lib/python3.10/site-packages/airflow/example_dags/example_subdag_operator.py
[2024-04-22T06:17:54.731+0000] {processor.py:753} INFO - DAG(s) dict_keys(['example_subdag_operator.section-1', 'example_subdag_operator.section-2', 'example_subdag_operator']) retrieved from /usr/local/python/3.10.13/lib/python3.10/site-packages/airflow/example_dags/example_subdag_operator.py
[2024-04-22T06:17:54.744+0000] {logging_mixin.py:137} INFO - [2024-04-22T06:17:54.744+0000] {dag.py:2690} INFO - Sync 3 DAGs
[2024-04-22T06:17:54.759+0000] {logging_mixin.py:137} INFO - [2024-04-22T06:17:54.759+0000] {dag.py:3437} INFO - Setting next_dagrun for example_subdag_operator to 2022-01-01T00:00:00+00:00, run_after=2022-01-01T00:00:00+00:00
[2024-04-22T06:17:54.761+0000] {logging_mixin.py:137} INFO - [2024-04-22T06:17:54.761+0000] {dag.py:3437} INFO - Setting next_dagrun for example_subdag_operator.section-1 to None, run_after=None
[2024-04-22T06:17:54.762+0000] {logging_mixin.py:137} INFO - [2024-04-22T06:17:54.762+0000] {dag.py:3437} INFO - Setting next_dagrun for example_subdag_operator.section-2 to None, run_after=None
[2024-04-22T06:17:54.766+0000] {logging_mixin.py:137} INFO - [2024-04-22T06:17:54.766+0000] {dag.py:2690} INFO - Sync 2 DAGs
[2024-04-22T06:17:54.769+0000] {logging_mixin.py:137} INFO - [2024-04-22T06:17:54.769+0000] {dag.py:3437} INFO - Setting next_dagrun for example_subdag_operator.section-1 to None, run_after=None
[2024-04-22T06:17:54.769+0000] {logging_mixin.py:137} INFO - [2024-04-22T06:17:54.769+0000] {dag.py:3437} INFO - Setting next_dagrun for example_subdag_operator.section-2 to None, run_after=None
[2024-04-22T06:17:54.828+0000] {processor.py:175} INFO - Processing /usr/local/python/3.10.13/lib/python3.10/site-packages/airflow/example_dags/example_subdag_operator.py took 0.130 seconds
[2024-04-22T06:18:37.137+0000] {processor.py:153} INFO - Started process (PID=45642) to work on /usr/local/python/3.10.13/lib/python3.10/site-packages/airflow/example_dags/example_subdag_operator.py
[2024-04-22T06:18:37.137+0000] {processor.py:743} INFO - Processing file /usr/local/python/3.10.13/lib/python3.10/site-packages/airflow/example_dags/example_subdag_operator.py for tasks to queue
[2024-04-22T06:18:37.138+0000] {logging_mixin.py:137} INFO - [2024-04-22T06:18:37.138+0000] {dagbag.py:538} INFO - Filling up the DagBag from /usr/local/python/3.10.13/lib/python3.10/site-packages/airflow/example_dags/example_subdag_operator.py
[2024-04-22T06:18:37.158+0000] {processor.py:753} INFO - DAG(s) dict_keys(['example_subdag_operator.section-1', 'example_subdag_operator.section-2', 'example_subdag_operator']) retrieved from /usr/local/python/3.10.13/lib/python3.10/site-packages/airflow/example_dags/example_subdag_operator.py
[2024-04-22T06:18:37.171+0000] {logging_mixin.py:137} INFO - [2024-04-22T06:18:37.171+0000] {dag.py:2690} INFO - Sync 3 DAGs
[2024-04-22T06:18:37.185+0000] {logging_mixin.py:137} INFO - [2024-04-22T06:18:37.185+0000] {dag.py:3437} INFO - Setting next_dagrun for example_subdag_operator to 2022-01-01T00:00:00+00:00, run_after=2022-01-01T00:00:00+00:00
[2024-04-22T06:18:37.188+0000] {logging_mixin.py:137} INFO - [2024-04-22T06:18:37.188+0000] {dag.py:3437} INFO - Setting next_dagrun for example_subdag_operator.section-1 to None, run_after=None
[2024-04-22T06:18:37.188+0000] {logging_mixin.py:137} INFO - [2024-04-22T06:18:37.188+0000] {dag.py:3437} INFO - Setting next_dagrun for example_subdag_operator.section-2 to None, run_after=None
[2024-04-22T06:18:37.193+0000] {logging_mixin.py:137} INFO - [2024-04-22T06:18:37.193+0000] {dag.py:2690} INFO - Sync 2 DAGs
[2024-04-22T06:18:37.196+0000] {logging_mixin.py:137} INFO - [2024-04-22T06:18:37.196+0000] {dag.py:3437} INFO - Setting next_dagrun for example_subdag_operator.section-1 to None, run_after=None
[2024-04-22T06:18:37.196+0000] {logging_mixin.py:137} INFO - [2024-04-22T06:18:37.196+0000] {dag.py:3437} INFO - Setting next_dagrun for example_subdag_operator.section-2 to None, run_after=None
[2024-04-22T06:18:37.237+0000] {processor.py:175} INFO - Processing /usr/local/python/3.10.13/lib/python3.10/site-packages/airflow/example_dags/example_subdag_operator.py took 0.102 seconds
[2024-04-22T06:19:19.964+0000] {processor.py:153} INFO - Started process (PID=45951) to work on /usr/local/python/3.10.13/lib/python3.10/site-packages/airflow/example_dags/example_subdag_operator.py
[2024-04-22T06:19:19.965+0000] {processor.py:743} INFO - Processing file /usr/local/python/3.10.13/lib/python3.10/site-packages/airflow/example_dags/example_subdag_operator.py for tasks to queue
[2024-04-22T06:19:19.965+0000] {logging_mixin.py:137} INFO - [2024-04-22T06:19:19.965+0000] {dagbag.py:538} INFO - Filling up the DagBag from /usr/local/python/3.10.13/lib/python3.10/site-packages/airflow/example_dags/example_subdag_operator.py
[2024-04-22T06:19:19.986+0000] {processor.py:753} INFO - DAG(s) dict_keys(['example_subdag_operator.section-1', 'example_subdag_operator.section-2', 'example_subdag_operator']) retrieved from /usr/local/python/3.10.13/lib/python3.10/site-packages/airflow/example_dags/example_subdag_operator.py
[2024-04-22T06:19:19.999+0000] {logging_mixin.py:137} INFO - [2024-04-22T06:19:19.999+0000] {dag.py:2690} INFO - Sync 3 DAGs
[2024-04-22T06:19:20.014+0000] {logging_mixin.py:137} INFO - [2024-04-22T06:19:20.013+0000] {dag.py:3437} INFO - Setting next_dagrun for example_subdag_operator to 2022-01-01T00:00:00+00:00, run_after=2022-01-01T00:00:00+00:00
[2024-04-22T06:19:20.016+0000] {logging_mixin.py:137} INFO - [2024-04-22T06:19:20.016+0000] {dag.py:3437} INFO - Setting next_dagrun for example_subdag_operator.section-1 to None, run_after=None
[2024-04-22T06:19:20.016+0000] {logging_mixin.py:137} INFO - [2024-04-22T06:19:20.016+0000] {dag.py:3437} INFO - Setting next_dagrun for example_subdag_operator.section-2 to None, run_after=None
[2024-04-22T06:19:20.021+0000] {logging_mixin.py:137} INFO - [2024-04-22T06:19:20.021+0000] {dag.py:2690} INFO - Sync 2 DAGs
[2024-04-22T06:19:20.024+0000] {logging_mixin.py:137} INFO - [2024-04-22T06:19:20.024+0000] {dag.py:3437} INFO - Setting next_dagrun for example_subdag_operator.section-1 to None, run_after=None
[2024-04-22T06:19:20.024+0000] {logging_mixin.py:137} INFO - [2024-04-22T06:19:20.024+0000] {dag.py:3437} INFO - Setting next_dagrun for example_subdag_operator.section-2 to None, run_after=None
[2024-04-22T06:19:20.065+0000] {processor.py:175} INFO - Processing /usr/local/python/3.10.13/lib/python3.10/site-packages/airflow/example_dags/example_subdag_operator.py took 0.103 seconds
[2024-04-22T06:20:00.970+0000] {processor.py:153} INFO - Started process (PID=46226) to work on /usr/local/python/3.10.13/lib/python3.10/site-packages/airflow/example_dags/example_subdag_operator.py
[2024-04-22T06:20:00.971+0000] {processor.py:743} INFO - Processing file /usr/local/python/3.10.13/lib/python3.10/site-packages/airflow/example_dags/example_subdag_operator.py for tasks to queue
[2024-04-22T06:20:00.971+0000] {logging_mixin.py:137} INFO - [2024-04-22T06:20:00.971+0000] {dagbag.py:538} INFO - Filling up the DagBag from /usr/local/python/3.10.13/lib/python3.10/site-packages/airflow/example_dags/example_subdag_operator.py
[2024-04-22T06:20:00.992+0000] {processor.py:753} INFO - DAG(s) dict_keys(['example_subdag_operator.section-1', 'example_subdag_operator.section-2', 'example_subdag_operator']) retrieved from /usr/local/python/3.10.13/lib/python3.10/site-packages/airflow/example_dags/example_subdag_operator.py
[2024-04-22T06:20:01.005+0000] {logging_mixin.py:137} INFO - [2024-04-22T06:20:01.004+0000] {dag.py:2690} INFO - Sync 3 DAGs
[2024-04-22T06:20:01.019+0000] {logging_mixin.py:137} INFO - [2024-04-22T06:20:01.019+0000] {dag.py:3437} INFO - Setting next_dagrun for example_subdag_operator to 2022-01-01T00:00:00+00:00, run_after=2022-01-01T00:00:00+00:00
[2024-04-22T06:20:01.021+0000] {logging_mixin.py:137} INFO - [2024-04-22T06:20:01.021+0000] {dag.py:3437} INFO - Setting next_dagrun for example_subdag_operator.section-1 to None, run_after=None
[2024-04-22T06:20:01.022+0000] {logging_mixin.py:137} INFO - [2024-04-22T06:20:01.022+0000] {dag.py:3437} INFO - Setting next_dagrun for example_subdag_operator.section-2 to None, run_after=None
[2024-04-22T06:20:01.026+0000] {logging_mixin.py:137} INFO - [2024-04-22T06:20:01.026+0000] {dag.py:2690} INFO - Sync 2 DAGs
[2024-04-22T06:20:01.029+0000] {logging_mixin.py:137} INFO - [2024-04-22T06:20:01.029+0000] {dag.py:3437} INFO - Setting next_dagrun for example_subdag_operator.section-1 to None, run_after=None
[2024-04-22T06:20:01.030+0000] {logging_mixin.py:137} INFO - [2024-04-22T06:20:01.030+0000] {dag.py:3437} INFO - Setting next_dagrun for example_subdag_operator.section-2 to None, run_after=None
[2024-04-22T06:20:01.072+0000] {processor.py:175} INFO - Processing /usr/local/python/3.10.13/lib/python3.10/site-packages/airflow/example_dags/example_subdag_operator.py took 0.105 seconds
[2024-04-22T06:20:41.525+0000] {processor.py:153} INFO - Started process (PID=46506) to work on /usr/local/python/3.10.13/lib/python3.10/site-packages/airflow/example_dags/example_subdag_operator.py
[2024-04-22T06:20:41.526+0000] {processor.py:743} INFO - Processing file /usr/local/python/3.10.13/lib/python3.10/site-packages/airflow/example_dags/example_subdag_operator.py for tasks to queue
[2024-04-22T06:20:41.526+0000] {logging_mixin.py:137} INFO - [2024-04-22T06:20:41.526+0000] {dagbag.py:538} INFO - Filling up the DagBag from /usr/local/python/3.10.13/lib/python3.10/site-packages/airflow/example_dags/example_subdag_operator.py
[2024-04-22T06:20:41.547+0000] {processor.py:753} INFO - DAG(s) dict_keys(['example_subdag_operator.section-1', 'example_subdag_operator.section-2', 'example_subdag_operator']) retrieved from /usr/local/python/3.10.13/lib/python3.10/site-packages/airflow/example_dags/example_subdag_operator.py
[2024-04-22T06:20:41.559+0000] {logging_mixin.py:137} INFO - [2024-04-22T06:20:41.559+0000] {dag.py:2690} INFO - Sync 3 DAGs
[2024-04-22T06:20:41.574+0000] {logging_mixin.py:137} INFO - [2024-04-22T06:20:41.574+0000] {dag.py:3437} INFO - Setting next_dagrun for example_subdag_operator to 2022-01-01T00:00:00+00:00, run_after=2022-01-01T00:00:00+00:00
[2024-04-22T06:20:41.577+0000] {logging_mixin.py:137} INFO - [2024-04-22T06:20:41.577+0000] {dag.py:3437} INFO - Setting next_dagrun for example_subdag_operator.section-1 to None, run_after=None
[2024-04-22T06:20:41.578+0000] {logging_mixin.py:137} INFO - [2024-04-22T06:20:41.577+0000] {dag.py:3437} INFO - Setting next_dagrun for example_subdag_operator.section-2 to None, run_after=None
[2024-04-22T06:20:41.676+0000] {logging_mixin.py:137} INFO - [2024-04-22T06:20:41.676+0000] {dag.py:2690} INFO - Sync 2 DAGs
[2024-04-22T06:20:41.680+0000] {logging_mixin.py:137} INFO - [2024-04-22T06:20:41.679+0000] {dag.py:3437} INFO - Setting next_dagrun for example_subdag_operator.section-1 to None, run_after=None
[2024-04-22T06:20:41.680+0000] {logging_mixin.py:137} INFO - [2024-04-22T06:20:41.680+0000] {dag.py:3437} INFO - Setting next_dagrun for example_subdag_operator.section-2 to None, run_after=None
[2024-04-22T06:20:41.721+0000] {processor.py:175} INFO - Processing /usr/local/python/3.10.13/lib/python3.10/site-packages/airflow/example_dags/example_subdag_operator.py took 0.198 seconds
[2024-04-22T06:21:26.123+0000] {processor.py:153} INFO - Started process (PID=46800) to work on /usr/local/python/3.10.13/lib/python3.10/site-packages/airflow/example_dags/example_subdag_operator.py
[2024-04-22T06:21:26.123+0000] {processor.py:743} INFO - Processing file /usr/local/python/3.10.13/lib/python3.10/site-packages/airflow/example_dags/example_subdag_operator.py for tasks to queue
[2024-04-22T06:21:26.124+0000] {logging_mixin.py:137} INFO - [2024-04-22T06:21:26.124+0000] {dagbag.py:538} INFO - Filling up the DagBag from /usr/local/python/3.10.13/lib/python3.10/site-packages/airflow/example_dags/example_subdag_operator.py
[2024-04-22T06:21:26.144+0000] {processor.py:753} INFO - DAG(s) dict_keys(['example_subdag_operator.section-1', 'example_subdag_operator.section-2', 'example_subdag_operator']) retrieved from /usr/local/python/3.10.13/lib/python3.10/site-packages/airflow/example_dags/example_subdag_operator.py
[2024-04-22T06:21:26.158+0000] {logging_mixin.py:137} INFO - [2024-04-22T06:21:26.158+0000] {dag.py:2690} INFO - Sync 3 DAGs
[2024-04-22T06:21:26.265+0000] {logging_mixin.py:137} INFO - [2024-04-22T06:21:26.265+0000] {dag.py:3437} INFO - Setting next_dagrun for example_subdag_operator to 2022-01-01T00:00:00+00:00, run_after=2022-01-01T00:00:00+00:00
[2024-04-22T06:21:26.268+0000] {logging_mixin.py:137} INFO - [2024-04-22T06:21:26.268+0000] {dag.py:3437} INFO - Setting next_dagrun for example_subdag_operator.section-1 to None, run_after=None
[2024-04-22T06:21:26.268+0000] {logging_mixin.py:137} INFO - [2024-04-22T06:21:26.268+0000] {dag.py:3437} INFO - Setting next_dagrun for example_subdag_operator.section-2 to None, run_after=None
[2024-04-22T06:21:26.273+0000] {logging_mixin.py:137} INFO - [2024-04-22T06:21:26.273+0000] {dag.py:2690} INFO - Sync 2 DAGs
[2024-04-22T06:21:26.276+0000] {logging_mixin.py:137} INFO - [2024-04-22T06:21:26.276+0000] {dag.py:3437} INFO - Setting next_dagrun for example_subdag_operator.section-1 to None, run_after=None
[2024-04-22T06:21:26.276+0000] {logging_mixin.py:137} INFO - [2024-04-22T06:21:26.276+0000] {dag.py:3437} INFO - Setting next_dagrun for example_subdag_operator.section-2 to None, run_after=None
[2024-04-22T06:21:26.320+0000] {processor.py:175} INFO - Processing /usr/local/python/3.10.13/lib/python3.10/site-packages/airflow/example_dags/example_subdag_operator.py took 0.200 seconds
[2024-04-22T06:22:08.313+0000] {processor.py:153} INFO - Started process (PID=47094) to work on /usr/local/python/3.10.13/lib/python3.10/site-packages/airflow/example_dags/example_subdag_operator.py
[2024-04-22T06:22:08.314+0000] {processor.py:743} INFO - Processing file /usr/local/python/3.10.13/lib/python3.10/site-packages/airflow/example_dags/example_subdag_operator.py for tasks to queue
[2024-04-22T06:22:08.314+0000] {logging_mixin.py:137} INFO - [2024-04-22T06:22:08.314+0000] {dagbag.py:538} INFO - Filling up the DagBag from /usr/local/python/3.10.13/lib/python3.10/site-packages/airflow/example_dags/example_subdag_operator.py
[2024-04-22T06:22:08.334+0000] {processor.py:753} INFO - DAG(s) dict_keys(['example_subdag_operator.section-1', 'example_subdag_operator.section-2', 'example_subdag_operator']) retrieved from /usr/local/python/3.10.13/lib/python3.10/site-packages/airflow/example_dags/example_subdag_operator.py
[2024-04-22T06:22:08.347+0000] {logging_mixin.py:137} INFO - [2024-04-22T06:22:08.347+0000] {dag.py:2690} INFO - Sync 3 DAGs
[2024-04-22T06:22:08.462+0000] {logging_mixin.py:137} INFO - [2024-04-22T06:22:08.462+0000] {dag.py:3437} INFO - Setting next_dagrun for example_subdag_operator to 2022-01-01T00:00:00+00:00, run_after=2022-01-01T00:00:00+00:00
[2024-04-22T06:22:08.464+0000] {logging_mixin.py:137} INFO - [2024-04-22T06:22:08.464+0000] {dag.py:3437} INFO - Setting next_dagrun for example_subdag_operator.section-1 to None, run_after=None
[2024-04-22T06:22:08.465+0000] {logging_mixin.py:137} INFO - [2024-04-22T06:22:08.465+0000] {dag.py:3437} INFO - Setting next_dagrun for example_subdag_operator.section-2 to None, run_after=None
[2024-04-22T06:22:08.469+0000] {logging_mixin.py:137} INFO - [2024-04-22T06:22:08.469+0000] {dag.py:2690} INFO - Sync 2 DAGs
[2024-04-22T06:22:08.472+0000] {logging_mixin.py:137} INFO - [2024-04-22T06:22:08.472+0000] {dag.py:3437} INFO - Setting next_dagrun for example_subdag_operator.section-1 to None, run_after=None
[2024-04-22T06:22:08.472+0000] {logging_mixin.py:137} INFO - [2024-04-22T06:22:08.472+0000] {dag.py:3437} INFO - Setting next_dagrun for example_subdag_operator.section-2 to None, run_after=None
[2024-04-22T06:22:08.514+0000] {processor.py:175} INFO - Processing /usr/local/python/3.10.13/lib/python3.10/site-packages/airflow/example_dags/example_subdag_operator.py took 0.203 seconds
[2024-04-22T06:22:55.694+0000] {processor.py:153} INFO - Started process (PID=47526) to work on /usr/local/python/3.10.13/lib/python3.10/site-packages/airflow/example_dags/example_subdag_operator.py
[2024-04-22T06:22:55.695+0000] {processor.py:743} INFO - Processing file /usr/local/python/3.10.13/lib/python3.10/site-packages/airflow/example_dags/example_subdag_operator.py for tasks to queue
[2024-04-22T06:22:55.696+0000] {logging_mixin.py:137} INFO - [2024-04-22T06:22:55.695+0000] {dagbag.py:538} INFO - Filling up the DagBag from /usr/local/python/3.10.13/lib/python3.10/site-packages/airflow/example_dags/example_subdag_operator.py
[2024-04-22T06:22:55.720+0000] {processor.py:753} INFO - DAG(s) dict_keys(['example_subdag_operator.section-1', 'example_subdag_operator.section-2', 'example_subdag_operator']) retrieved from /usr/local/python/3.10.13/lib/python3.10/site-packages/airflow/example_dags/example_subdag_operator.py
[2024-04-22T06:22:55.827+0000] {logging_mixin.py:137} INFO - [2024-04-22T06:22:55.826+0000] {dag.py:2690} INFO - Sync 3 DAGs
[2024-04-22T06:22:55.842+0000] {logging_mixin.py:137} INFO - [2024-04-22T06:22:55.842+0000] {dag.py:3437} INFO - Setting next_dagrun for example_subdag_operator to 2022-01-01T00:00:00+00:00, run_after=2022-01-01T00:00:00+00:00
[2024-04-22T06:22:55.844+0000] {logging_mixin.py:137} INFO - [2024-04-22T06:22:55.844+0000] {dag.py:3437} INFO - Setting next_dagrun for example_subdag_operator.section-1 to None, run_after=None
[2024-04-22T06:22:55.845+0000] {logging_mixin.py:137} INFO - [2024-04-22T06:22:55.845+0000] {dag.py:3437} INFO - Setting next_dagrun for example_subdag_operator.section-2 to None, run_after=None
[2024-04-22T06:22:55.850+0000] {logging_mixin.py:137} INFO - [2024-04-22T06:22:55.850+0000] {dag.py:2690} INFO - Sync 2 DAGs
[2024-04-22T06:22:55.853+0000] {logging_mixin.py:137} INFO - [2024-04-22T06:22:55.853+0000] {dag.py:3437} INFO - Setting next_dagrun for example_subdag_operator.section-1 to None, run_after=None
[2024-04-22T06:22:55.853+0000] {logging_mixin.py:137} INFO - [2024-04-22T06:22:55.853+0000] {dag.py:3437} INFO - Setting next_dagrun for example_subdag_operator.section-2 to None, run_after=None
[2024-04-22T06:22:55.894+0000] {processor.py:175} INFO - Processing /usr/local/python/3.10.13/lib/python3.10/site-packages/airflow/example_dags/example_subdag_operator.py took 0.204 seconds
[2024-04-22T06:23:40.057+0000] {processor.py:153} INFO - Started process (PID=47939) to work on /usr/local/python/3.10.13/lib/python3.10/site-packages/airflow/example_dags/example_subdag_operator.py
[2024-04-22T06:23:40.058+0000] {processor.py:743} INFO - Processing file /usr/local/python/3.10.13/lib/python3.10/site-packages/airflow/example_dags/example_subdag_operator.py for tasks to queue
[2024-04-22T06:23:40.059+0000] {logging_mixin.py:137} INFO - [2024-04-22T06:23:40.059+0000] {dagbag.py:538} INFO - Filling up the DagBag from /usr/local/python/3.10.13/lib/python3.10/site-packages/airflow/example_dags/example_subdag_operator.py
[2024-04-22T06:23:40.092+0000] {processor.py:753} INFO - DAG(s) dict_keys(['example_subdag_operator.section-1', 'example_subdag_operator.section-2', 'example_subdag_operator']) retrieved from /usr/local/python/3.10.13/lib/python3.10/site-packages/airflow/example_dags/example_subdag_operator.py
[2024-04-22T06:23:40.211+0000] {logging_mixin.py:137} INFO - [2024-04-22T06:23:40.211+0000] {dag.py:2690} INFO - Sync 3 DAGs
[2024-04-22T06:23:40.226+0000] {logging_mixin.py:137} INFO - [2024-04-22T06:23:40.226+0000] {dag.py:3437} INFO - Setting next_dagrun for example_subdag_operator to 2022-01-01T00:00:00+00:00, run_after=2022-01-01T00:00:00+00:00
[2024-04-22T06:23:40.228+0000] {logging_mixin.py:137} INFO - [2024-04-22T06:23:40.228+0000] {dag.py:3437} INFO - Setting next_dagrun for example_subdag_operator.section-1 to None, run_after=None
[2024-04-22T06:23:40.229+0000] {logging_mixin.py:137} INFO - [2024-04-22T06:23:40.229+0000] {dag.py:3437} INFO - Setting next_dagrun for example_subdag_operator.section-2 to None, run_after=None
[2024-04-22T06:23:40.235+0000] {logging_mixin.py:137} INFO - [2024-04-22T06:23:40.234+0000] {dag.py:2690} INFO - Sync 2 DAGs
[2024-04-22T06:23:40.239+0000] {logging_mixin.py:137} INFO - [2024-04-22T06:23:40.239+0000] {dag.py:3437} INFO - Setting next_dagrun for example_subdag_operator.section-1 to None, run_after=None
[2024-04-22T06:23:40.239+0000] {logging_mixin.py:137} INFO - [2024-04-22T06:23:40.239+0000] {dag.py:3437} INFO - Setting next_dagrun for example_subdag_operator.section-2 to None, run_after=None
[2024-04-22T06:23:40.284+0000] {processor.py:175} INFO - Processing /usr/local/python/3.10.13/lib/python3.10/site-packages/airflow/example_dags/example_subdag_operator.py took 0.231 seconds
[2024-04-22T06:24:21.639+0000] {processor.py:153} INFO - Started process (PID=48396) to work on /usr/local/python/3.10.13/lib/python3.10/site-packages/airflow/example_dags/example_subdag_operator.py
[2024-04-22T06:24:21.640+0000] {processor.py:743} INFO - Processing file /usr/local/python/3.10.13/lib/python3.10/site-packages/airflow/example_dags/example_subdag_operator.py for tasks to queue
[2024-04-22T06:24:21.641+0000] {logging_mixin.py:137} INFO - [2024-04-22T06:24:21.641+0000] {dagbag.py:538} INFO - Filling up the DagBag from /usr/local/python/3.10.13/lib/python3.10/site-packages/airflow/example_dags/example_subdag_operator.py
[2024-04-22T06:24:21.750+0000] {processor.py:753} INFO - DAG(s) dict_keys(['example_subdag_operator.section-1', 'example_subdag_operator.section-2', 'example_subdag_operator']) retrieved from /usr/local/python/3.10.13/lib/python3.10/site-packages/airflow/example_dags/example_subdag_operator.py
[2024-04-22T06:24:21.763+0000] {logging_mixin.py:137} INFO - [2024-04-22T06:24:21.763+0000] {dag.py:2690} INFO - Sync 3 DAGs
[2024-04-22T06:24:21.777+0000] {logging_mixin.py:137} INFO - [2024-04-22T06:24:21.777+0000] {dag.py:3437} INFO - Setting next_dagrun for example_subdag_operator to 2022-01-01T00:00:00+00:00, run_after=2022-01-01T00:00:00+00:00
[2024-04-22T06:24:21.779+0000] {logging_mixin.py:137} INFO - [2024-04-22T06:24:21.779+0000] {dag.py:3437} INFO - Setting next_dagrun for example_subdag_operator.section-1 to None, run_after=None
[2024-04-22T06:24:21.780+0000] {logging_mixin.py:137} INFO - [2024-04-22T06:24:21.780+0000] {dag.py:3437} INFO - Setting next_dagrun for example_subdag_operator.section-2 to None, run_after=None
[2024-04-22T06:24:21.784+0000] {logging_mixin.py:137} INFO - [2024-04-22T06:24:21.784+0000] {dag.py:2690} INFO - Sync 2 DAGs
[2024-04-22T06:24:21.787+0000] {logging_mixin.py:137} INFO - [2024-04-22T06:24:21.787+0000] {dag.py:3437} INFO - Setting next_dagrun for example_subdag_operator.section-1 to None, run_after=None
[2024-04-22T06:24:21.787+0000] {logging_mixin.py:137} INFO - [2024-04-22T06:24:21.787+0000] {dag.py:3437} INFO - Setting next_dagrun for example_subdag_operator.section-2 to None, run_after=None
[2024-04-22T06:24:21.832+0000] {processor.py:175} INFO - Processing /usr/local/python/3.10.13/lib/python3.10/site-packages/airflow/example_dags/example_subdag_operator.py took 0.195 seconds
[2024-04-22T06:25:03.921+0000] {processor.py:153} INFO - Started process (PID=48864) to work on /usr/local/python/3.10.13/lib/python3.10/site-packages/airflow/example_dags/example_subdag_operator.py
[2024-04-22T06:25:03.922+0000] {processor.py:743} INFO - Processing file /usr/local/python/3.10.13/lib/python3.10/site-packages/airflow/example_dags/example_subdag_operator.py for tasks to queue
[2024-04-22T06:25:03.923+0000] {logging_mixin.py:137} INFO - [2024-04-22T06:25:03.923+0000] {dagbag.py:538} INFO - Filling up the DagBag from /usr/local/python/3.10.13/lib/python3.10/site-packages/airflow/example_dags/example_subdag_operator.py
[2024-04-22T06:25:04.044+0000] {processor.py:753} INFO - DAG(s) dict_keys(['example_subdag_operator.section-1', 'example_subdag_operator.section-2', 'example_subdag_operator']) retrieved from /usr/local/python/3.10.13/lib/python3.10/site-packages/airflow/example_dags/example_subdag_operator.py
[2024-04-22T06:25:04.055+0000] {logging_mixin.py:137} INFO - [2024-04-22T06:25:04.055+0000] {dag.py:2690} INFO - Sync 3 DAGs
[2024-04-22T06:25:04.069+0000] {logging_mixin.py:137} INFO - [2024-04-22T06:25:04.069+0000] {dag.py:3437} INFO - Setting next_dagrun for example_subdag_operator to 2022-01-01T00:00:00+00:00, run_after=2022-01-01T00:00:00+00:00
[2024-04-22T06:25:04.071+0000] {logging_mixin.py:137} INFO - [2024-04-22T06:25:04.071+0000] {dag.py:3437} INFO - Setting next_dagrun for example_subdag_operator.section-1 to None, run_after=None
[2024-04-22T06:25:04.072+0000] {logging_mixin.py:137} INFO - [2024-04-22T06:25:04.072+0000] {dag.py:3437} INFO - Setting next_dagrun for example_subdag_operator.section-2 to None, run_after=None
[2024-04-22T06:25:04.077+0000] {logging_mixin.py:137} INFO - [2024-04-22T06:25:04.077+0000] {dag.py:2690} INFO - Sync 2 DAGs
[2024-04-22T06:25:04.079+0000] {logging_mixin.py:137} INFO - [2024-04-22T06:25:04.079+0000] {dag.py:3437} INFO - Setting next_dagrun for example_subdag_operator.section-1 to None, run_after=None
[2024-04-22T06:25:04.080+0000] {logging_mixin.py:137} INFO - [2024-04-22T06:25:04.080+0000] {dag.py:3437} INFO - Setting next_dagrun for example_subdag_operator.section-2 to None, run_after=None
[2024-04-22T06:25:04.121+0000] {processor.py:175} INFO - Processing /usr/local/python/3.10.13/lib/python3.10/site-packages/airflow/example_dags/example_subdag_operator.py took 0.204 seconds
[2024-04-22T06:25:44.595+0000] {processor.py:153} INFO - Started process (PID=49283) to work on /usr/local/python/3.10.13/lib/python3.10/site-packages/airflow/example_dags/example_subdag_operator.py
[2024-04-22T06:25:44.596+0000] {processor.py:743} INFO - Processing file /usr/local/python/3.10.13/lib/python3.10/site-packages/airflow/example_dags/example_subdag_operator.py for tasks to queue
[2024-04-22T06:25:44.596+0000] {logging_mixin.py:137} INFO - [2024-04-22T06:25:44.596+0000] {dagbag.py:538} INFO - Filling up the DagBag from /usr/local/python/3.10.13/lib/python3.10/site-packages/airflow/example_dags/example_subdag_operator.py
[2024-04-22T06:25:44.618+0000] {processor.py:753} INFO - DAG(s) dict_keys(['example_subdag_operator.section-1', 'example_subdag_operator.section-2', 'example_subdag_operator']) retrieved from /usr/local/python/3.10.13/lib/python3.10/site-packages/airflow/example_dags/example_subdag_operator.py
[2024-04-22T06:25:44.631+0000] {logging_mixin.py:137} INFO - [2024-04-22T06:25:44.631+0000] {dag.py:2690} INFO - Sync 3 DAGs
[2024-04-22T06:25:44.646+0000] {logging_mixin.py:137} INFO - [2024-04-22T06:25:44.646+0000] {dag.py:3437} INFO - Setting next_dagrun for example_subdag_operator to 2022-01-01T00:00:00+00:00, run_after=2022-01-01T00:00:00+00:00
[2024-04-22T06:25:44.649+0000] {logging_mixin.py:137} INFO - [2024-04-22T06:25:44.649+0000] {dag.py:3437} INFO - Setting next_dagrun for example_subdag_operator.section-1 to None, run_after=None
[2024-04-22T06:25:44.650+0000] {logging_mixin.py:137} INFO - [2024-04-22T06:25:44.650+0000] {dag.py:3437} INFO - Setting next_dagrun for example_subdag_operator.section-2 to None, run_after=None
[2024-04-22T06:25:44.654+0000] {logging_mixin.py:137} INFO - [2024-04-22T06:25:44.654+0000] {dag.py:2690} INFO - Sync 2 DAGs
[2024-04-22T06:25:44.657+0000] {logging_mixin.py:137} INFO - [2024-04-22T06:25:44.657+0000] {dag.py:3437} INFO - Setting next_dagrun for example_subdag_operator.section-1 to None, run_after=None
[2024-04-22T06:25:44.657+0000] {logging_mixin.py:137} INFO - [2024-04-22T06:25:44.657+0000] {dag.py:3437} INFO - Setting next_dagrun for example_subdag_operator.section-2 to None, run_after=None
[2024-04-22T06:25:44.698+0000] {processor.py:175} INFO - Processing /usr/local/python/3.10.13/lib/python3.10/site-packages/airflow/example_dags/example_subdag_operator.py took 0.105 seconds
[2024-04-22T06:26:23.684+0000] {processor.py:153} INFO - Started process (PID=49655) to work on /usr/local/python/3.10.13/lib/python3.10/site-packages/airflow/example_dags/example_subdag_operator.py
[2024-04-22T06:26:23.685+0000] {processor.py:743} INFO - Processing file /usr/local/python/3.10.13/lib/python3.10/site-packages/airflow/example_dags/example_subdag_operator.py for tasks to queue
[2024-04-22T06:26:23.686+0000] {logging_mixin.py:137} INFO - [2024-04-22T06:26:23.685+0000] {dagbag.py:538} INFO - Filling up the DagBag from /usr/local/python/3.10.13/lib/python3.10/site-packages/airflow/example_dags/example_subdag_operator.py
[2024-04-22T06:26:23.707+0000] {processor.py:753} INFO - DAG(s) dict_keys(['example_subdag_operator.section-1', 'example_subdag_operator.section-2', 'example_subdag_operator']) retrieved from /usr/local/python/3.10.13/lib/python3.10/site-packages/airflow/example_dags/example_subdag_operator.py
[2024-04-22T06:26:23.721+0000] {logging_mixin.py:137} INFO - [2024-04-22T06:26:23.721+0000] {dag.py:2690} INFO - Sync 3 DAGs
[2024-04-22T06:26:23.737+0000] {logging_mixin.py:137} INFO - [2024-04-22T06:26:23.737+0000] {dag.py:3437} INFO - Setting next_dagrun for example_subdag_operator to 2022-01-01T00:00:00+00:00, run_after=2022-01-01T00:00:00+00:00
[2024-04-22T06:26:23.739+0000] {logging_mixin.py:137} INFO - [2024-04-22T06:26:23.739+0000] {dag.py:3437} INFO - Setting next_dagrun for example_subdag_operator.section-1 to None, run_after=None
[2024-04-22T06:26:23.740+0000] {logging_mixin.py:137} INFO - [2024-04-22T06:26:23.740+0000] {dag.py:3437} INFO - Setting next_dagrun for example_subdag_operator.section-2 to None, run_after=None
[2024-04-22T06:26:23.744+0000] {logging_mixin.py:137} INFO - [2024-04-22T06:26:23.744+0000] {dag.py:2690} INFO - Sync 2 DAGs
[2024-04-22T06:26:23.747+0000] {logging_mixin.py:137} INFO - [2024-04-22T06:26:23.747+0000] {dag.py:3437} INFO - Setting next_dagrun for example_subdag_operator.section-1 to None, run_after=None
[2024-04-22T06:26:23.747+0000] {logging_mixin.py:137} INFO - [2024-04-22T06:26:23.747+0000] {dag.py:3437} INFO - Setting next_dagrun for example_subdag_operator.section-2 to None, run_after=None
[2024-04-22T06:26:23.799+0000] {processor.py:175} INFO - Processing /usr/local/python/3.10.13/lib/python3.10/site-packages/airflow/example_dags/example_subdag_operator.py took 0.117 seconds
[2024-04-22T06:27:06.212+0000] {processor.py:153} INFO - Started process (PID=50073) to work on /usr/local/python/3.10.13/lib/python3.10/site-packages/airflow/example_dags/example_subdag_operator.py
[2024-04-22T06:27:06.212+0000] {processor.py:743} INFO - Processing file /usr/local/python/3.10.13/lib/python3.10/site-packages/airflow/example_dags/example_subdag_operator.py for tasks to queue
[2024-04-22T06:27:06.213+0000] {logging_mixin.py:137} INFO - [2024-04-22T06:27:06.213+0000] {dagbag.py:538} INFO - Filling up the DagBag from /usr/local/python/3.10.13/lib/python3.10/site-packages/airflow/example_dags/example_subdag_operator.py
[2024-04-22T06:27:06.234+0000] {processor.py:753} INFO - DAG(s) dict_keys(['example_subdag_operator.section-1', 'example_subdag_operator.section-2', 'example_subdag_operator']) retrieved from /usr/local/python/3.10.13/lib/python3.10/site-packages/airflow/example_dags/example_subdag_operator.py
[2024-04-22T06:27:06.248+0000] {logging_mixin.py:137} INFO - [2024-04-22T06:27:06.248+0000] {dag.py:2690} INFO - Sync 3 DAGs
[2024-04-22T06:27:06.264+0000] {logging_mixin.py:137} INFO - [2024-04-22T06:27:06.263+0000] {dag.py:3437} INFO - Setting next_dagrun for example_subdag_operator to 2022-01-01T00:00:00+00:00, run_after=2022-01-01T00:00:00+00:00
[2024-04-22T06:27:06.266+0000] {logging_mixin.py:137} INFO - [2024-04-22T06:27:06.266+0000] {dag.py:3437} INFO - Setting next_dagrun for example_subdag_operator.section-1 to None, run_after=None
[2024-04-22T06:27:06.267+0000] {logging_mixin.py:137} INFO - [2024-04-22T06:27:06.266+0000] {dag.py:3437} INFO - Setting next_dagrun for example_subdag_operator.section-2 to None, run_after=None
[2024-04-22T06:27:06.271+0000] {logging_mixin.py:137} INFO - [2024-04-22T06:27:06.271+0000] {dag.py:2690} INFO - Sync 2 DAGs
[2024-04-22T06:27:06.274+0000] {logging_mixin.py:137} INFO - [2024-04-22T06:27:06.274+0000] {dag.py:3437} INFO - Setting next_dagrun for example_subdag_operator.section-1 to None, run_after=None
[2024-04-22T06:27:06.274+0000] {logging_mixin.py:137} INFO - [2024-04-22T06:27:06.274+0000] {dag.py:3437} INFO - Setting next_dagrun for example_subdag_operator.section-2 to None, run_after=None
[2024-04-22T06:27:06.324+0000] {processor.py:175} INFO - Processing /usr/local/python/3.10.13/lib/python3.10/site-packages/airflow/example_dags/example_subdag_operator.py took 0.114 seconds
[2024-04-22T06:27:46.569+0000] {processor.py:153} INFO - Started process (PID=50402) to work on /usr/local/python/3.10.13/lib/python3.10/site-packages/airflow/example_dags/example_subdag_operator.py
[2024-04-22T06:27:46.570+0000] {processor.py:743} INFO - Processing file /usr/local/python/3.10.13/lib/python3.10/site-packages/airflow/example_dags/example_subdag_operator.py for tasks to queue
[2024-04-22T06:27:46.570+0000] {logging_mixin.py:137} INFO - [2024-04-22T06:27:46.570+0000] {dagbag.py:538} INFO - Filling up the DagBag from /usr/local/python/3.10.13/lib/python3.10/site-packages/airflow/example_dags/example_subdag_operator.py
[2024-04-22T06:27:46.591+0000] {processor.py:753} INFO - DAG(s) dict_keys(['example_subdag_operator.section-1', 'example_subdag_operator.section-2', 'example_subdag_operator']) retrieved from /usr/local/python/3.10.13/lib/python3.10/site-packages/airflow/example_dags/example_subdag_operator.py
[2024-04-22T06:27:46.605+0000] {logging_mixin.py:137} INFO - [2024-04-22T06:27:46.605+0000] {dag.py:2690} INFO - Sync 3 DAGs
[2024-04-22T06:27:46.619+0000] {logging_mixin.py:137} INFO - [2024-04-22T06:27:46.619+0000] {dag.py:3437} INFO - Setting next_dagrun for example_subdag_operator to 2022-01-01T00:00:00+00:00, run_after=2022-01-01T00:00:00+00:00
[2024-04-22T06:27:46.622+0000] {logging_mixin.py:137} INFO - [2024-04-22T06:27:46.621+0000] {dag.py:3437} INFO - Setting next_dagrun for example_subdag_operator.section-1 to None, run_after=None
[2024-04-22T06:27:46.622+0000] {logging_mixin.py:137} INFO - [2024-04-22T06:27:46.622+0000] {dag.py:3437} INFO - Setting next_dagrun for example_subdag_operator.section-2 to None, run_after=None
[2024-04-22T06:27:46.627+0000] {logging_mixin.py:137} INFO - [2024-04-22T06:27:46.627+0000] {dag.py:2690} INFO - Sync 2 DAGs
[2024-04-22T06:27:46.630+0000] {logging_mixin.py:137} INFO - [2024-04-22T06:27:46.630+0000] {dag.py:3437} INFO - Setting next_dagrun for example_subdag_operator.section-1 to None, run_after=None
[2024-04-22T06:27:46.630+0000] {logging_mixin.py:137} INFO - [2024-04-22T06:27:46.630+0000] {dag.py:3437} INFO - Setting next_dagrun for example_subdag_operator.section-2 to None, run_after=None
[2024-04-22T06:27:46.671+0000] {processor.py:175} INFO - Processing /usr/local/python/3.10.13/lib/python3.10/site-packages/airflow/example_dags/example_subdag_operator.py took 0.104 seconds
