[2024-04-22T06:13:15.410+0000] {processor.py:153} INFO - Started process (PID=43403) to work on /usr/local/python/3.10.13/lib/python3.10/site-packages/airflow/example_dags/example_dynamic_task_mapping.py
[2024-04-22T06:13:15.410+0000] {processor.py:743} INFO - Processing file /usr/local/python/3.10.13/lib/python3.10/site-packages/airflow/example_dags/example_dynamic_task_mapping.py for tasks to queue
[2024-04-22T06:13:15.411+0000] {logging_mixin.py:137} INFO - [2024-04-22T06:13:15.411+0000] {dagbag.py:538} INFO - Filling up the DagBag from /usr/local/python/3.10.13/lib/python3.10/site-packages/airflow/example_dags/example_dynamic_task_mapping.py
[2024-04-22T06:13:15.440+0000] {processor.py:753} INFO - DAG(s) dict_keys(['example_dynamic_task_mapping']) retrieved from /usr/local/python/3.10.13/lib/python3.10/site-packages/airflow/example_dags/example_dynamic_task_mapping.py
[2024-04-22T06:13:15.620+0000] {logging_mixin.py:137} INFO - [2024-04-22T06:13:15.620+0000] {manager.py:504} INFO - Created Permission View: can delete on DAG:example_dynamic_task_mapping
[2024-04-22T06:13:15.667+0000] {logging_mixin.py:137} INFO - [2024-04-22T06:13:15.667+0000] {manager.py:504} INFO - Created Permission View: can edit on DAG:example_dynamic_task_mapping
[2024-04-22T06:13:15.719+0000] {logging_mixin.py:137} INFO - [2024-04-22T06:13:15.719+0000] {manager.py:504} INFO - Created Permission View: can read on DAG:example_dynamic_task_mapping
[2024-04-22T06:13:15.719+0000] {logging_mixin.py:137} INFO - [2024-04-22T06:13:15.719+0000] {dag.py:2690} INFO - Sync 1 DAGs
[2024-04-22T06:13:15.728+0000] {logging_mixin.py:137} INFO - [2024-04-22T06:13:15.728+0000] {dag.py:2711} INFO - Creating ORM DAG for example_dynamic_task_mapping
[2024-04-22T06:13:15.735+0000] {logging_mixin.py:137} INFO - [2024-04-22T06:13:15.735+0000] {dag.py:3437} INFO - Setting next_dagrun for example_dynamic_task_mapping to 2022-03-04T00:00:00+00:00, run_after=2022-03-05T00:00:00+00:00
[2024-04-22T06:13:15.781+0000] {processor.py:175} INFO - Processing /usr/local/python/3.10.13/lib/python3.10/site-packages/airflow/example_dags/example_dynamic_task_mapping.py took 0.373 seconds
[2024-04-22T06:13:59.809+0000] {processor.py:153} INFO - Started process (PID=43701) to work on /usr/local/python/3.10.13/lib/python3.10/site-packages/airflow/example_dags/example_dynamic_task_mapping.py
[2024-04-22T06:13:59.810+0000] {processor.py:743} INFO - Processing file /usr/local/python/3.10.13/lib/python3.10/site-packages/airflow/example_dags/example_dynamic_task_mapping.py for tasks to queue
[2024-04-22T06:13:59.810+0000] {logging_mixin.py:137} INFO - [2024-04-22T06:13:59.810+0000] {dagbag.py:538} INFO - Filling up the DagBag from /usr/local/python/3.10.13/lib/python3.10/site-packages/airflow/example_dags/example_dynamic_task_mapping.py
[2024-04-22T06:13:59.831+0000] {processor.py:753} INFO - DAG(s) dict_keys(['example_dynamic_task_mapping']) retrieved from /usr/local/python/3.10.13/lib/python3.10/site-packages/airflow/example_dags/example_dynamic_task_mapping.py
[2024-04-22T06:13:59.844+0000] {logging_mixin.py:137} INFO - [2024-04-22T06:13:59.844+0000] {dag.py:2690} INFO - Sync 1 DAGs
[2024-04-22T06:13:59.859+0000] {logging_mixin.py:137} INFO - [2024-04-22T06:13:59.859+0000] {dag.py:3437} INFO - Setting next_dagrun for example_dynamic_task_mapping to 2022-03-04T00:00:00+00:00, run_after=2022-03-05T00:00:00+00:00
[2024-04-22T06:13:59.905+0000] {processor.py:175} INFO - Processing /usr/local/python/3.10.13/lib/python3.10/site-packages/airflow/example_dags/example_dynamic_task_mapping.py took 0.098 seconds
[2024-04-22T06:14:40.554+0000] {processor.py:153} INFO - Started process (PID=43970) to work on /usr/local/python/3.10.13/lib/python3.10/site-packages/airflow/example_dags/example_dynamic_task_mapping.py
[2024-04-22T06:14:40.554+0000] {processor.py:743} INFO - Processing file /usr/local/python/3.10.13/lib/python3.10/site-packages/airflow/example_dags/example_dynamic_task_mapping.py for tasks to queue
[2024-04-22T06:14:40.555+0000] {logging_mixin.py:137} INFO - [2024-04-22T06:14:40.555+0000] {dagbag.py:538} INFO - Filling up the DagBag from /usr/local/python/3.10.13/lib/python3.10/site-packages/airflow/example_dags/example_dynamic_task_mapping.py
[2024-04-22T06:14:40.575+0000] {processor.py:753} INFO - DAG(s) dict_keys(['example_dynamic_task_mapping']) retrieved from /usr/local/python/3.10.13/lib/python3.10/site-packages/airflow/example_dags/example_dynamic_task_mapping.py
[2024-04-22T06:14:40.588+0000] {logging_mixin.py:137} INFO - [2024-04-22T06:14:40.588+0000] {dag.py:2690} INFO - Sync 1 DAGs
[2024-04-22T06:14:40.603+0000] {logging_mixin.py:137} INFO - [2024-04-22T06:14:40.603+0000] {dag.py:3437} INFO - Setting next_dagrun for example_dynamic_task_mapping to 2022-03-04T00:00:00+00:00, run_after=2022-03-05T00:00:00+00:00
[2024-04-22T06:14:40.649+0000] {processor.py:175} INFO - Processing /usr/local/python/3.10.13/lib/python3.10/site-packages/airflow/example_dags/example_dynamic_task_mapping.py took 0.097 seconds
[2024-04-22T06:15:19.964+0000] {processor.py:153} INFO - Started process (PID=44239) to work on /usr/local/python/3.10.13/lib/python3.10/site-packages/airflow/example_dags/example_dynamic_task_mapping.py
[2024-04-22T06:15:19.964+0000] {processor.py:743} INFO - Processing file /usr/local/python/3.10.13/lib/python3.10/site-packages/airflow/example_dags/example_dynamic_task_mapping.py for tasks to queue
[2024-04-22T06:15:19.965+0000] {logging_mixin.py:137} INFO - [2024-04-22T06:15:19.965+0000] {dagbag.py:538} INFO - Filling up the DagBag from /usr/local/python/3.10.13/lib/python3.10/site-packages/airflow/example_dags/example_dynamic_task_mapping.py
[2024-04-22T06:15:19.985+0000] {processor.py:753} INFO - DAG(s) dict_keys(['example_dynamic_task_mapping']) retrieved from /usr/local/python/3.10.13/lib/python3.10/site-packages/airflow/example_dags/example_dynamic_task_mapping.py
[2024-04-22T06:15:19.998+0000] {logging_mixin.py:137} INFO - [2024-04-22T06:15:19.998+0000] {dag.py:2690} INFO - Sync 1 DAGs
[2024-04-22T06:15:20.013+0000] {logging_mixin.py:137} INFO - [2024-04-22T06:15:20.013+0000] {dag.py:3437} INFO - Setting next_dagrun for example_dynamic_task_mapping to 2022-03-04T00:00:00+00:00, run_after=2022-03-05T00:00:00+00:00
[2024-04-22T06:15:20.060+0000] {processor.py:175} INFO - Processing /usr/local/python/3.10.13/lib/python3.10/site-packages/airflow/example_dags/example_dynamic_task_mapping.py took 0.098 seconds
[2024-04-22T06:16:01.761+0000] {processor.py:153} INFO - Started process (PID=44519) to work on /usr/local/python/3.10.13/lib/python3.10/site-packages/airflow/example_dags/example_dynamic_task_mapping.py
[2024-04-22T06:16:01.762+0000] {processor.py:743} INFO - Processing file /usr/local/python/3.10.13/lib/python3.10/site-packages/airflow/example_dags/example_dynamic_task_mapping.py for tasks to queue
[2024-04-22T06:16:01.762+0000] {logging_mixin.py:137} INFO - [2024-04-22T06:16:01.762+0000] {dagbag.py:538} INFO - Filling up the DagBag from /usr/local/python/3.10.13/lib/python3.10/site-packages/airflow/example_dags/example_dynamic_task_mapping.py
[2024-04-22T06:16:01.781+0000] {processor.py:753} INFO - DAG(s) dict_keys(['example_dynamic_task_mapping']) retrieved from /usr/local/python/3.10.13/lib/python3.10/site-packages/airflow/example_dags/example_dynamic_task_mapping.py
[2024-04-22T06:16:01.795+0000] {logging_mixin.py:137} INFO - [2024-04-22T06:16:01.795+0000] {dag.py:2690} INFO - Sync 1 DAGs
[2024-04-22T06:16:01.810+0000] {logging_mixin.py:137} INFO - [2024-04-22T06:16:01.810+0000] {dag.py:3437} INFO - Setting next_dagrun for example_dynamic_task_mapping to 2022-03-04T00:00:00+00:00, run_after=2022-03-05T00:00:00+00:00
[2024-04-22T06:16:01.855+0000] {processor.py:175} INFO - Processing /usr/local/python/3.10.13/lib/python3.10/site-packages/airflow/example_dags/example_dynamic_task_mapping.py took 0.096 seconds
[2024-04-22T06:16:43.662+0000] {processor.py:153} INFO - Started process (PID=44810) to work on /usr/local/python/3.10.13/lib/python3.10/site-packages/airflow/example_dags/example_dynamic_task_mapping.py
[2024-04-22T06:16:43.663+0000] {processor.py:743} INFO - Processing file /usr/local/python/3.10.13/lib/python3.10/site-packages/airflow/example_dags/example_dynamic_task_mapping.py for tasks to queue
[2024-04-22T06:16:43.663+0000] {logging_mixin.py:137} INFO - [2024-04-22T06:16:43.663+0000] {dagbag.py:538} INFO - Filling up the DagBag from /usr/local/python/3.10.13/lib/python3.10/site-packages/airflow/example_dags/example_dynamic_task_mapping.py
[2024-04-22T06:16:43.682+0000] {processor.py:753} INFO - DAG(s) dict_keys(['example_dynamic_task_mapping']) retrieved from /usr/local/python/3.10.13/lib/python3.10/site-packages/airflow/example_dags/example_dynamic_task_mapping.py
[2024-04-22T06:16:43.696+0000] {logging_mixin.py:137} INFO - [2024-04-22T06:16:43.696+0000] {dag.py:2690} INFO - Sync 1 DAGs
[2024-04-22T06:16:43.712+0000] {logging_mixin.py:137} INFO - [2024-04-22T06:16:43.712+0000] {dag.py:3437} INFO - Setting next_dagrun for example_dynamic_task_mapping to 2022-03-04T00:00:00+00:00, run_after=2022-03-05T00:00:00+00:00
[2024-04-22T06:16:43.758+0000] {processor.py:175} INFO - Processing /usr/local/python/3.10.13/lib/python3.10/site-packages/airflow/example_dags/example_dynamic_task_mapping.py took 0.098 seconds
[2024-04-22T06:17:25.231+0000] {processor.py:153} INFO - Started process (PID=45095) to work on /usr/local/python/3.10.13/lib/python3.10/site-packages/airflow/example_dags/example_dynamic_task_mapping.py
[2024-04-22T06:17:25.232+0000] {processor.py:743} INFO - Processing file /usr/local/python/3.10.13/lib/python3.10/site-packages/airflow/example_dags/example_dynamic_task_mapping.py for tasks to queue
[2024-04-22T06:17:25.232+0000] {logging_mixin.py:137} INFO - [2024-04-22T06:17:25.232+0000] {dagbag.py:538} INFO - Filling up the DagBag from /usr/local/python/3.10.13/lib/python3.10/site-packages/airflow/example_dags/example_dynamic_task_mapping.py
[2024-04-22T06:17:25.252+0000] {processor.py:753} INFO - DAG(s) dict_keys(['example_dynamic_task_mapping']) retrieved from /usr/local/python/3.10.13/lib/python3.10/site-packages/airflow/example_dags/example_dynamic_task_mapping.py
[2024-04-22T06:17:25.266+0000] {logging_mixin.py:137} INFO - [2024-04-22T06:17:25.266+0000] {dag.py:2690} INFO - Sync 1 DAGs
[2024-04-22T06:17:25.281+0000] {logging_mixin.py:137} INFO - [2024-04-22T06:17:25.281+0000] {dag.py:3437} INFO - Setting next_dagrun for example_dynamic_task_mapping to 2022-03-04T00:00:00+00:00, run_after=2022-03-05T00:00:00+00:00
[2024-04-22T06:17:25.330+0000] {processor.py:175} INFO - Processing /usr/local/python/3.10.13/lib/python3.10/site-packages/airflow/example_dags/example_dynamic_task_mapping.py took 0.101 seconds
[2024-04-22T06:18:04.840+0000] {processor.py:153} INFO - Started process (PID=45427) to work on /usr/local/python/3.10.13/lib/python3.10/site-packages/airflow/example_dags/example_dynamic_task_mapping.py
[2024-04-22T06:18:04.841+0000] {processor.py:743} INFO - Processing file /usr/local/python/3.10.13/lib/python3.10/site-packages/airflow/example_dags/example_dynamic_task_mapping.py for tasks to queue
[2024-04-22T06:18:04.842+0000] {logging_mixin.py:137} INFO - [2024-04-22T06:18:04.842+0000] {dagbag.py:538} INFO - Filling up the DagBag from /usr/local/python/3.10.13/lib/python3.10/site-packages/airflow/example_dags/example_dynamic_task_mapping.py
[2024-04-22T06:18:04.869+0000] {processor.py:753} INFO - DAG(s) dict_keys(['example_dynamic_task_mapping']) retrieved from /usr/local/python/3.10.13/lib/python3.10/site-packages/airflow/example_dags/example_dynamic_task_mapping.py
[2024-04-22T06:18:04.892+0000] {logging_mixin.py:137} INFO - [2024-04-22T06:18:04.892+0000] {dag.py:2690} INFO - Sync 1 DAGs
[2024-04-22T06:18:04.912+0000] {logging_mixin.py:137} INFO - [2024-04-22T06:18:04.912+0000] {dag.py:3437} INFO - Setting next_dagrun for example_dynamic_task_mapping to 2022-03-04T00:00:00+00:00, run_after=2022-03-05T00:00:00+00:00
[2024-04-22T06:18:04.962+0000] {processor.py:175} INFO - Processing /usr/local/python/3.10.13/lib/python3.10/site-packages/airflow/example_dags/example_dynamic_task_mapping.py took 0.124 seconds
[2024-04-22T06:18:47.387+0000] {processor.py:153} INFO - Started process (PID=45713) to work on /usr/local/python/3.10.13/lib/python3.10/site-packages/airflow/example_dags/example_dynamic_task_mapping.py
[2024-04-22T06:18:47.387+0000] {processor.py:743} INFO - Processing file /usr/local/python/3.10.13/lib/python3.10/site-packages/airflow/example_dags/example_dynamic_task_mapping.py for tasks to queue
[2024-04-22T06:18:47.388+0000] {logging_mixin.py:137} INFO - [2024-04-22T06:18:47.388+0000] {dagbag.py:538} INFO - Filling up the DagBag from /usr/local/python/3.10.13/lib/python3.10/site-packages/airflow/example_dags/example_dynamic_task_mapping.py
[2024-04-22T06:18:47.407+0000] {processor.py:753} INFO - DAG(s) dict_keys(['example_dynamic_task_mapping']) retrieved from /usr/local/python/3.10.13/lib/python3.10/site-packages/airflow/example_dags/example_dynamic_task_mapping.py
[2024-04-22T06:18:47.426+0000] {logging_mixin.py:137} INFO - [2024-04-22T06:18:47.426+0000] {dag.py:2690} INFO - Sync 1 DAGs
[2024-04-22T06:18:47.450+0000] {logging_mixin.py:137} INFO - [2024-04-22T06:18:47.449+0000] {dag.py:3437} INFO - Setting next_dagrun for example_dynamic_task_mapping to 2022-03-04T00:00:00+00:00, run_after=2022-03-05T00:00:00+00:00
[2024-04-22T06:18:47.502+0000] {processor.py:175} INFO - Processing /usr/local/python/3.10.13/lib/python3.10/site-packages/airflow/example_dags/example_dynamic_task_mapping.py took 0.118 seconds
[2024-04-22T06:19:29.378+0000] {processor.py:153} INFO - Started process (PID=45991) to work on /usr/local/python/3.10.13/lib/python3.10/site-packages/airflow/example_dags/example_dynamic_task_mapping.py
[2024-04-22T06:19:29.378+0000] {processor.py:743} INFO - Processing file /usr/local/python/3.10.13/lib/python3.10/site-packages/airflow/example_dags/example_dynamic_task_mapping.py for tasks to queue
[2024-04-22T06:19:29.379+0000] {logging_mixin.py:137} INFO - [2024-04-22T06:19:29.379+0000] {dagbag.py:538} INFO - Filling up the DagBag from /usr/local/python/3.10.13/lib/python3.10/site-packages/airflow/example_dags/example_dynamic_task_mapping.py
[2024-04-22T06:19:29.408+0000] {processor.py:753} INFO - DAG(s) dict_keys(['example_dynamic_task_mapping']) retrieved from /usr/local/python/3.10.13/lib/python3.10/site-packages/airflow/example_dags/example_dynamic_task_mapping.py
[2024-04-22T06:19:29.431+0000] {logging_mixin.py:137} INFO - [2024-04-22T06:19:29.431+0000] {dag.py:2690} INFO - Sync 1 DAGs
[2024-04-22T06:19:29.448+0000] {logging_mixin.py:137} INFO - [2024-04-22T06:19:29.448+0000] {dag.py:3437} INFO - Setting next_dagrun for example_dynamic_task_mapping to 2022-03-04T00:00:00+00:00, run_after=2022-03-05T00:00:00+00:00
[2024-04-22T06:19:29.516+0000] {processor.py:175} INFO - Processing /usr/local/python/3.10.13/lib/python3.10/site-packages/airflow/example_dags/example_dynamic_task_mapping.py took 0.141 seconds
[2024-04-22T06:20:12.940+0000] {processor.py:153} INFO - Started process (PID=46302) to work on /usr/local/python/3.10.13/lib/python3.10/site-packages/airflow/example_dags/example_dynamic_task_mapping.py
[2024-04-22T06:20:12.941+0000] {processor.py:743} INFO - Processing file /usr/local/python/3.10.13/lib/python3.10/site-packages/airflow/example_dags/example_dynamic_task_mapping.py for tasks to queue
[2024-04-22T06:20:12.941+0000] {logging_mixin.py:137} INFO - [2024-04-22T06:20:12.941+0000] {dagbag.py:538} INFO - Filling up the DagBag from /usr/local/python/3.10.13/lib/python3.10/site-packages/airflow/example_dags/example_dynamic_task_mapping.py
[2024-04-22T06:20:12.961+0000] {processor.py:753} INFO - DAG(s) dict_keys(['example_dynamic_task_mapping']) retrieved from /usr/local/python/3.10.13/lib/python3.10/site-packages/airflow/example_dags/example_dynamic_task_mapping.py
[2024-04-22T06:20:12.974+0000] {logging_mixin.py:137} INFO - [2024-04-22T06:20:12.974+0000] {dag.py:2690} INFO - Sync 1 DAGs
[2024-04-22T06:20:12.989+0000] {logging_mixin.py:137} INFO - [2024-04-22T06:20:12.989+0000] {dag.py:3437} INFO - Setting next_dagrun for example_dynamic_task_mapping to 2022-03-04T00:00:00+00:00, run_after=2022-03-05T00:00:00+00:00
[2024-04-22T06:20:13.131+0000] {processor.py:175} INFO - Processing /usr/local/python/3.10.13/lib/python3.10/site-packages/airflow/example_dags/example_dynamic_task_mapping.py took 0.193 seconds
[2024-04-22T06:20:56.814+0000] {processor.py:153} INFO - Started process (PID=46599) to work on /usr/local/python/3.10.13/lib/python3.10/site-packages/airflow/example_dags/example_dynamic_task_mapping.py
[2024-04-22T06:20:56.815+0000] {processor.py:743} INFO - Processing file /usr/local/python/3.10.13/lib/python3.10/site-packages/airflow/example_dags/example_dynamic_task_mapping.py for tasks to queue
[2024-04-22T06:20:56.815+0000] {logging_mixin.py:137} INFO - [2024-04-22T06:20:56.815+0000] {dagbag.py:538} INFO - Filling up the DagBag from /usr/local/python/3.10.13/lib/python3.10/site-packages/airflow/example_dags/example_dynamic_task_mapping.py
[2024-04-22T06:20:56.835+0000] {processor.py:753} INFO - DAG(s) dict_keys(['example_dynamic_task_mapping']) retrieved from /usr/local/python/3.10.13/lib/python3.10/site-packages/airflow/example_dags/example_dynamic_task_mapping.py
[2024-04-22T06:20:56.849+0000] {logging_mixin.py:137} INFO - [2024-04-22T06:20:56.849+0000] {dag.py:2690} INFO - Sync 1 DAGs
[2024-04-22T06:20:56.975+0000] {logging_mixin.py:137} INFO - [2024-04-22T06:20:56.975+0000] {dag.py:3437} INFO - Setting next_dagrun for example_dynamic_task_mapping to 2022-03-04T00:00:00+00:00, run_after=2022-03-05T00:00:00+00:00
[2024-04-22T06:20:57.021+0000] {processor.py:175} INFO - Processing /usr/local/python/3.10.13/lib/python3.10/site-packages/airflow/example_dags/example_dynamic_task_mapping.py took 0.209 seconds
[2024-04-22T06:21:42.714+0000] {processor.py:153} INFO - Started process (PID=46921) to work on /usr/local/python/3.10.13/lib/python3.10/site-packages/airflow/example_dags/example_dynamic_task_mapping.py
[2024-04-22T06:21:42.715+0000] {processor.py:743} INFO - Processing file /usr/local/python/3.10.13/lib/python3.10/site-packages/airflow/example_dags/example_dynamic_task_mapping.py for tasks to queue
[2024-04-22T06:21:42.715+0000] {logging_mixin.py:137} INFO - [2024-04-22T06:21:42.715+0000] {dagbag.py:538} INFO - Filling up the DagBag from /usr/local/python/3.10.13/lib/python3.10/site-packages/airflow/example_dags/example_dynamic_task_mapping.py
[2024-04-22T06:21:42.736+0000] {processor.py:753} INFO - DAG(s) dict_keys(['example_dynamic_task_mapping']) retrieved from /usr/local/python/3.10.13/lib/python3.10/site-packages/airflow/example_dags/example_dynamic_task_mapping.py
[2024-04-22T06:21:42.754+0000] {logging_mixin.py:137} INFO - [2024-04-22T06:21:42.754+0000] {dag.py:2690} INFO - Sync 1 DAGs
[2024-04-22T06:21:42.864+0000] {logging_mixin.py:137} INFO - [2024-04-22T06:21:42.864+0000] {dag.py:3437} INFO - Setting next_dagrun for example_dynamic_task_mapping to 2022-03-04T00:00:00+00:00, run_after=2022-03-05T00:00:00+00:00
[2024-04-22T06:21:42.912+0000] {processor.py:175} INFO - Processing /usr/local/python/3.10.13/lib/python3.10/site-packages/airflow/example_dags/example_dynamic_task_mapping.py took 0.201 seconds
[2024-04-22T06:22:29.199+0000] {processor.py:153} INFO - Started process (PID=47292) to work on /usr/local/python/3.10.13/lib/python3.10/site-packages/airflow/example_dags/example_dynamic_task_mapping.py
[2024-04-22T06:22:29.200+0000] {processor.py:743} INFO - Processing file /usr/local/python/3.10.13/lib/python3.10/site-packages/airflow/example_dags/example_dynamic_task_mapping.py for tasks to queue
[2024-04-22T06:22:29.200+0000] {logging_mixin.py:137} INFO - [2024-04-22T06:22:29.200+0000] {dagbag.py:538} INFO - Filling up the DagBag from /usr/local/python/3.10.13/lib/python3.10/site-packages/airflow/example_dags/example_dynamic_task_mapping.py
[2024-04-22T06:22:29.221+0000] {processor.py:753} INFO - DAG(s) dict_keys(['example_dynamic_task_mapping']) retrieved from /usr/local/python/3.10.13/lib/python3.10/site-packages/airflow/example_dags/example_dynamic_task_mapping.py
[2024-04-22T06:22:29.322+0000] {logging_mixin.py:137} INFO - [2024-04-22T06:22:29.322+0000] {dag.py:2690} INFO - Sync 1 DAGs
[2024-04-22T06:22:29.342+0000] {logging_mixin.py:137} INFO - [2024-04-22T06:22:29.342+0000] {dag.py:3437} INFO - Setting next_dagrun for example_dynamic_task_mapping to 2022-03-04T00:00:00+00:00, run_after=2022-03-05T00:00:00+00:00
[2024-04-22T06:22:29.389+0000] {processor.py:175} INFO - Processing /usr/local/python/3.10.13/lib/python3.10/site-packages/airflow/example_dags/example_dynamic_task_mapping.py took 0.192 seconds
[2024-04-22T06:23:12.568+0000] {processor.py:153} INFO - Started process (PID=47649) to work on /usr/local/python/3.10.13/lib/python3.10/site-packages/airflow/example_dags/example_dynamic_task_mapping.py
[2024-04-22T06:23:12.569+0000] {processor.py:743} INFO - Processing file /usr/local/python/3.10.13/lib/python3.10/site-packages/airflow/example_dags/example_dynamic_task_mapping.py for tasks to queue
[2024-04-22T06:23:12.569+0000] {logging_mixin.py:137} INFO - [2024-04-22T06:23:12.569+0000] {dagbag.py:538} INFO - Filling up the DagBag from /usr/local/python/3.10.13/lib/python3.10/site-packages/airflow/example_dags/example_dynamic_task_mapping.py
[2024-04-22T06:23:12.590+0000] {processor.py:753} INFO - DAG(s) dict_keys(['example_dynamic_task_mapping']) retrieved from /usr/local/python/3.10.13/lib/python3.10/site-packages/airflow/example_dags/example_dynamic_task_mapping.py
[2024-04-22T06:23:12.693+0000] {logging_mixin.py:137} INFO - [2024-04-22T06:23:12.693+0000] {dag.py:2690} INFO - Sync 1 DAGs
[2024-04-22T06:23:12.708+0000] {logging_mixin.py:137} INFO - [2024-04-22T06:23:12.708+0000] {dag.py:3437} INFO - Setting next_dagrun for example_dynamic_task_mapping to 2022-03-04T00:00:00+00:00, run_after=2022-03-05T00:00:00+00:00
[2024-04-22T06:23:12.753+0000] {processor.py:175} INFO - Processing /usr/local/python/3.10.13/lib/python3.10/site-packages/airflow/example_dags/example_dynamic_task_mapping.py took 0.187 seconds
[2024-04-22T06:23:57.018+0000] {processor.py:153} INFO - Started process (PID=48125) to work on /usr/local/python/3.10.13/lib/python3.10/site-packages/airflow/example_dags/example_dynamic_task_mapping.py
[2024-04-22T06:23:57.018+0000] {processor.py:743} INFO - Processing file /usr/local/python/3.10.13/lib/python3.10/site-packages/airflow/example_dags/example_dynamic_task_mapping.py for tasks to queue
[2024-04-22T06:23:57.019+0000] {logging_mixin.py:137} INFO - [2024-04-22T06:23:57.019+0000] {dagbag.py:538} INFO - Filling up the DagBag from /usr/local/python/3.10.13/lib/python3.10/site-packages/airflow/example_dags/example_dynamic_task_mapping.py
[2024-04-22T06:23:57.126+0000] {processor.py:753} INFO - DAG(s) dict_keys(['example_dynamic_task_mapping']) retrieved from /usr/local/python/3.10.13/lib/python3.10/site-packages/airflow/example_dags/example_dynamic_task_mapping.py
[2024-04-22T06:23:57.138+0000] {logging_mixin.py:137} INFO - [2024-04-22T06:23:57.138+0000] {dag.py:2690} INFO - Sync 1 DAGs
[2024-04-22T06:23:57.151+0000] {logging_mixin.py:137} INFO - [2024-04-22T06:23:57.151+0000] {dag.py:3437} INFO - Setting next_dagrun for example_dynamic_task_mapping to 2022-03-04T00:00:00+00:00, run_after=2022-03-05T00:00:00+00:00
[2024-04-22T06:23:57.198+0000] {processor.py:175} INFO - Processing /usr/local/python/3.10.13/lib/python3.10/site-packages/airflow/example_dags/example_dynamic_task_mapping.py took 0.183 seconds
[2024-04-22T06:24:39.130+0000] {processor.py:153} INFO - Started process (PID=48586) to work on /usr/local/python/3.10.13/lib/python3.10/site-packages/airflow/example_dags/example_dynamic_task_mapping.py
[2024-04-22T06:24:39.131+0000] {processor.py:743} INFO - Processing file /usr/local/python/3.10.13/lib/python3.10/site-packages/airflow/example_dags/example_dynamic_task_mapping.py for tasks to queue
[2024-04-22T06:24:39.132+0000] {logging_mixin.py:137} INFO - [2024-04-22T06:24:39.132+0000] {dagbag.py:538} INFO - Filling up the DagBag from /usr/local/python/3.10.13/lib/python3.10/site-packages/airflow/example_dags/example_dynamic_task_mapping.py
[2024-04-22T06:24:39.248+0000] {processor.py:753} INFO - DAG(s) dict_keys(['example_dynamic_task_mapping']) retrieved from /usr/local/python/3.10.13/lib/python3.10/site-packages/airflow/example_dags/example_dynamic_task_mapping.py
[2024-04-22T06:24:39.260+0000] {logging_mixin.py:137} INFO - [2024-04-22T06:24:39.259+0000] {dag.py:2690} INFO - Sync 1 DAGs
[2024-04-22T06:24:39.273+0000] {logging_mixin.py:137} INFO - [2024-04-22T06:24:39.273+0000] {dag.py:3437} INFO - Setting next_dagrun for example_dynamic_task_mapping to 2022-03-04T00:00:00+00:00, run_after=2022-03-05T00:00:00+00:00
[2024-04-22T06:24:39.320+0000] {processor.py:175} INFO - Processing /usr/local/python/3.10.13/lib/python3.10/site-packages/airflow/example_dags/example_dynamic_task_mapping.py took 0.192 seconds
[2024-04-22T06:25:21.946+0000] {processor.py:153} INFO - Started process (PID=49042) to work on /usr/local/python/3.10.13/lib/python3.10/site-packages/airflow/example_dags/example_dynamic_task_mapping.py
[2024-04-22T06:25:21.947+0000] {processor.py:743} INFO - Processing file /usr/local/python/3.10.13/lib/python3.10/site-packages/airflow/example_dags/example_dynamic_task_mapping.py for tasks to queue
[2024-04-22T06:25:21.948+0000] {logging_mixin.py:137} INFO - [2024-04-22T06:25:21.948+0000] {dagbag.py:538} INFO - Filling up the DagBag from /usr/local/python/3.10.13/lib/python3.10/site-packages/airflow/example_dags/example_dynamic_task_mapping.py
[2024-04-22T06:25:21.969+0000] {processor.py:753} INFO - DAG(s) dict_keys(['example_dynamic_task_mapping']) retrieved from /usr/local/python/3.10.13/lib/python3.10/site-packages/airflow/example_dags/example_dynamic_task_mapping.py
[2024-04-22T06:25:21.983+0000] {logging_mixin.py:137} INFO - [2024-04-22T06:25:21.983+0000] {dag.py:2690} INFO - Sync 1 DAGs
[2024-04-22T06:25:21.998+0000] {logging_mixin.py:137} INFO - [2024-04-22T06:25:21.998+0000] {dag.py:3437} INFO - Setting next_dagrun for example_dynamic_task_mapping to 2022-03-04T00:00:00+00:00, run_after=2022-03-05T00:00:00+00:00
[2024-04-22T06:25:22.044+0000] {processor.py:175} INFO - Processing /usr/local/python/3.10.13/lib/python3.10/site-packages/airflow/example_dags/example_dynamic_task_mapping.py took 0.101 seconds
[2024-04-22T06:25:59.854+0000] {processor.py:153} INFO - Started process (PID=49439) to work on /usr/local/python/3.10.13/lib/python3.10/site-packages/airflow/example_dags/example_dynamic_task_mapping.py
[2024-04-22T06:25:59.855+0000] {processor.py:743} INFO - Processing file /usr/local/python/3.10.13/lib/python3.10/site-packages/airflow/example_dags/example_dynamic_task_mapping.py for tasks to queue
[2024-04-22T06:25:59.855+0000] {logging_mixin.py:137} INFO - [2024-04-22T06:25:59.855+0000] {dagbag.py:538} INFO - Filling up the DagBag from /usr/local/python/3.10.13/lib/python3.10/site-packages/airflow/example_dags/example_dynamic_task_mapping.py
[2024-04-22T06:25:59.875+0000] {processor.py:753} INFO - DAG(s) dict_keys(['example_dynamic_task_mapping']) retrieved from /usr/local/python/3.10.13/lib/python3.10/site-packages/airflow/example_dags/example_dynamic_task_mapping.py
[2024-04-22T06:25:59.888+0000] {logging_mixin.py:137} INFO - [2024-04-22T06:25:59.888+0000] {dag.py:2690} INFO - Sync 1 DAGs
[2024-04-22T06:25:59.903+0000] {logging_mixin.py:137} INFO - [2024-04-22T06:25:59.903+0000] {dag.py:3437} INFO - Setting next_dagrun for example_dynamic_task_mapping to 2022-03-04T00:00:00+00:00, run_after=2022-03-05T00:00:00+00:00
[2024-04-22T06:25:59.950+0000] {processor.py:175} INFO - Processing /usr/local/python/3.10.13/lib/python3.10/site-packages/airflow/example_dags/example_dynamic_task_mapping.py took 0.098 seconds
[2024-04-22T06:26:38.280+0000] {processor.py:153} INFO - Started process (PID=49794) to work on /usr/local/python/3.10.13/lib/python3.10/site-packages/airflow/example_dags/example_dynamic_task_mapping.py
[2024-04-22T06:26:38.281+0000] {processor.py:743} INFO - Processing file /usr/local/python/3.10.13/lib/python3.10/site-packages/airflow/example_dags/example_dynamic_task_mapping.py for tasks to queue
[2024-04-22T06:26:38.282+0000] {logging_mixin.py:137} INFO - [2024-04-22T06:26:38.281+0000] {dagbag.py:538} INFO - Filling up the DagBag from /usr/local/python/3.10.13/lib/python3.10/site-packages/airflow/example_dags/example_dynamic_task_mapping.py
[2024-04-22T06:26:38.310+0000] {processor.py:753} INFO - DAG(s) dict_keys(['example_dynamic_task_mapping']) retrieved from /usr/local/python/3.10.13/lib/python3.10/site-packages/airflow/example_dags/example_dynamic_task_mapping.py
[2024-04-22T06:26:38.326+0000] {logging_mixin.py:137} INFO - [2024-04-22T06:26:38.326+0000] {dag.py:2690} INFO - Sync 1 DAGs
[2024-04-22T06:26:38.341+0000] {logging_mixin.py:137} INFO - [2024-04-22T06:26:38.341+0000] {dag.py:3437} INFO - Setting next_dagrun for example_dynamic_task_mapping to 2022-03-04T00:00:00+00:00, run_after=2022-03-05T00:00:00+00:00
[2024-04-22T06:26:38.389+0000] {processor.py:175} INFO - Processing /usr/local/python/3.10.13/lib/python3.10/site-packages/airflow/example_dags/example_dynamic_task_mapping.py took 0.112 seconds
[2024-04-22T06:27:21.292+0000] {processor.py:153} INFO - Started process (PID=50197) to work on /usr/local/python/3.10.13/lib/python3.10/site-packages/airflow/example_dags/example_dynamic_task_mapping.py
[2024-04-22T06:27:21.293+0000] {processor.py:743} INFO - Processing file /usr/local/python/3.10.13/lib/python3.10/site-packages/airflow/example_dags/example_dynamic_task_mapping.py for tasks to queue
[2024-04-22T06:27:21.294+0000] {logging_mixin.py:137} INFO - [2024-04-22T06:27:21.294+0000] {dagbag.py:538} INFO - Filling up the DagBag from /usr/local/python/3.10.13/lib/python3.10/site-packages/airflow/example_dags/example_dynamic_task_mapping.py
[2024-04-22T06:27:21.312+0000] {processor.py:753} INFO - DAG(s) dict_keys(['example_dynamic_task_mapping']) retrieved from /usr/local/python/3.10.13/lib/python3.10/site-packages/airflow/example_dags/example_dynamic_task_mapping.py
[2024-04-22T06:27:21.327+0000] {logging_mixin.py:137} INFO - [2024-04-22T06:27:21.327+0000] {dag.py:2690} INFO - Sync 1 DAGs
[2024-04-22T06:27:21.341+0000] {logging_mixin.py:137} INFO - [2024-04-22T06:27:21.341+0000] {dag.py:3437} INFO - Setting next_dagrun for example_dynamic_task_mapping to 2022-03-04T00:00:00+00:00, run_after=2022-03-05T00:00:00+00:00
[2024-04-22T06:27:21.391+0000] {processor.py:175} INFO - Processing /usr/local/python/3.10.13/lib/python3.10/site-packages/airflow/example_dags/example_dynamic_task_mapping.py took 0.102 seconds
