[2024-04-22T06:13:08.463+0000] {processor.py:153} INFO - Started process (PID=43355) to work on /usr/local/python/3.10.13/lib/python3.10/site-packages/airflow/example_dags/example_sensors.py
[2024-04-22T06:13:08.464+0000] {processor.py:743} INFO - Processing file /usr/local/python/3.10.13/lib/python3.10/site-packages/airflow/example_dags/example_sensors.py for tasks to queue
[2024-04-22T06:13:08.464+0000] {logging_mixin.py:137} INFO - [2024-04-22T06:13:08.464+0000] {dagbag.py:538} INFO - Filling up the DagBag from /usr/local/python/3.10.13/lib/python3.10/site-packages/airflow/example_dags/example_sensors.py
[2024-04-22T06:13:08.481+0000] {processor.py:753} INFO - DAG(s) dict_keys(['example_sensors']) retrieved from /usr/local/python/3.10.13/lib/python3.10/site-packages/airflow/example_dags/example_sensors.py
[2024-04-22T06:13:08.659+0000] {logging_mixin.py:137} INFO - [2024-04-22T06:13:08.659+0000] {manager.py:504} INFO - Created Permission View: can delete on DAG:example_sensors
[2024-04-22T06:13:08.698+0000] {logging_mixin.py:137} INFO - [2024-04-22T06:13:08.698+0000] {manager.py:504} INFO - Created Permission View: can edit on DAG:example_sensors
[2024-04-22T06:13:08.733+0000] {logging_mixin.py:137} INFO - [2024-04-22T06:13:08.733+0000] {manager.py:504} INFO - Created Permission View: can read on DAG:example_sensors
[2024-04-22T06:13:08.734+0000] {logging_mixin.py:137} INFO - [2024-04-22T06:13:08.734+0000] {dag.py:2690} INFO - Sync 1 DAGs
[2024-04-22T06:13:08.742+0000] {logging_mixin.py:137} INFO - [2024-04-22T06:13:08.742+0000] {dag.py:2711} INFO - Creating ORM DAG for example_sensors
[2024-04-22T06:13:08.748+0000] {logging_mixin.py:137} INFO - [2024-04-22T06:13:08.748+0000] {dag.py:3437} INFO - Setting next_dagrun for example_sensors to None, run_after=None
[2024-04-22T06:13:08.800+0000] {processor.py:175} INFO - Processing /usr/local/python/3.10.13/lib/python3.10/site-packages/airflow/example_dags/example_sensors.py took 0.339 seconds
[2024-04-22T06:13:55.275+0000] {processor.py:153} INFO - Started process (PID=43672) to work on /usr/local/python/3.10.13/lib/python3.10/site-packages/airflow/example_dags/example_sensors.py
[2024-04-22T06:13:55.276+0000] {processor.py:743} INFO - Processing file /usr/local/python/3.10.13/lib/python3.10/site-packages/airflow/example_dags/example_sensors.py for tasks to queue
[2024-04-22T06:13:55.276+0000] {logging_mixin.py:137} INFO - [2024-04-22T06:13:55.276+0000] {dagbag.py:538} INFO - Filling up the DagBag from /usr/local/python/3.10.13/lib/python3.10/site-packages/airflow/example_dags/example_sensors.py
[2024-04-22T06:13:55.293+0000] {processor.py:753} INFO - DAG(s) dict_keys(['example_sensors']) retrieved from /usr/local/python/3.10.13/lib/python3.10/site-packages/airflow/example_dags/example_sensors.py
[2024-04-22T06:13:55.310+0000] {logging_mixin.py:137} INFO - [2024-04-22T06:13:55.310+0000] {dag.py:2690} INFO - Sync 1 DAGs
[2024-04-22T06:13:55.325+0000] {logging_mixin.py:137} INFO - [2024-04-22T06:13:55.324+0000] {dag.py:3437} INFO - Setting next_dagrun for example_sensors to None, run_after=None
[2024-04-22T06:13:55.375+0000] {processor.py:175} INFO - Processing /usr/local/python/3.10.13/lib/python3.10/site-packages/airflow/example_dags/example_sensors.py took 0.102 seconds
[2024-04-22T06:14:34.500+0000] {processor.py:153} INFO - Started process (PID=43940) to work on /usr/local/python/3.10.13/lib/python3.10/site-packages/airflow/example_dags/example_sensors.py
[2024-04-22T06:14:34.501+0000] {processor.py:743} INFO - Processing file /usr/local/python/3.10.13/lib/python3.10/site-packages/airflow/example_dags/example_sensors.py for tasks to queue
[2024-04-22T06:14:34.502+0000] {logging_mixin.py:137} INFO - [2024-04-22T06:14:34.501+0000] {dagbag.py:538} INFO - Filling up the DagBag from /usr/local/python/3.10.13/lib/python3.10/site-packages/airflow/example_dags/example_sensors.py
[2024-04-22T06:14:34.526+0000] {processor.py:753} INFO - DAG(s) dict_keys(['example_sensors']) retrieved from /usr/local/python/3.10.13/lib/python3.10/site-packages/airflow/example_dags/example_sensors.py
[2024-04-22T06:14:34.546+0000] {logging_mixin.py:137} INFO - [2024-04-22T06:14:34.546+0000] {dag.py:2690} INFO - Sync 1 DAGs
[2024-04-22T06:14:34.568+0000] {logging_mixin.py:137} INFO - [2024-04-22T06:14:34.568+0000] {dag.py:3437} INFO - Setting next_dagrun for example_sensors to None, run_after=None
[2024-04-22T06:14:34.616+0000] {processor.py:175} INFO - Processing /usr/local/python/3.10.13/lib/python3.10/site-packages/airflow/example_dags/example_sensors.py took 0.118 seconds
[2024-04-22T06:15:13.562+0000] {processor.py:153} INFO - Started process (PID=44191) to work on /usr/local/python/3.10.13/lib/python3.10/site-packages/airflow/example_dags/example_sensors.py
[2024-04-22T06:15:13.563+0000] {processor.py:743} INFO - Processing file /usr/local/python/3.10.13/lib/python3.10/site-packages/airflow/example_dags/example_sensors.py for tasks to queue
[2024-04-22T06:15:13.564+0000] {logging_mixin.py:137} INFO - [2024-04-22T06:15:13.564+0000] {dagbag.py:538} INFO - Filling up the DagBag from /usr/local/python/3.10.13/lib/python3.10/site-packages/airflow/example_dags/example_sensors.py
[2024-04-22T06:15:13.581+0000] {processor.py:753} INFO - DAG(s) dict_keys(['example_sensors']) retrieved from /usr/local/python/3.10.13/lib/python3.10/site-packages/airflow/example_dags/example_sensors.py
[2024-04-22T06:15:13.597+0000] {logging_mixin.py:137} INFO - [2024-04-22T06:15:13.597+0000] {dag.py:2690} INFO - Sync 1 DAGs
[2024-04-22T06:15:13.612+0000] {logging_mixin.py:137} INFO - [2024-04-22T06:15:13.612+0000] {dag.py:3437} INFO - Setting next_dagrun for example_sensors to None, run_after=None
[2024-04-22T06:15:13.662+0000] {processor.py:175} INFO - Processing /usr/local/python/3.10.13/lib/python3.10/site-packages/airflow/example_dags/example_sensors.py took 0.101 seconds
[2024-04-22T06:15:55.358+0000] {processor.py:153} INFO - Started process (PID=44471) to work on /usr/local/python/3.10.13/lib/python3.10/site-packages/airflow/example_dags/example_sensors.py
[2024-04-22T06:15:55.358+0000] {processor.py:743} INFO - Processing file /usr/local/python/3.10.13/lib/python3.10/site-packages/airflow/example_dags/example_sensors.py for tasks to queue
[2024-04-22T06:15:55.359+0000] {logging_mixin.py:137} INFO - [2024-04-22T06:15:55.359+0000] {dagbag.py:538} INFO - Filling up the DagBag from /usr/local/python/3.10.13/lib/python3.10/site-packages/airflow/example_dags/example_sensors.py
[2024-04-22T06:15:55.375+0000] {processor.py:753} INFO - DAG(s) dict_keys(['example_sensors']) retrieved from /usr/local/python/3.10.13/lib/python3.10/site-packages/airflow/example_dags/example_sensors.py
[2024-04-22T06:15:55.392+0000] {logging_mixin.py:137} INFO - [2024-04-22T06:15:55.391+0000] {dag.py:2690} INFO - Sync 1 DAGs
[2024-04-22T06:15:55.407+0000] {logging_mixin.py:137} INFO - [2024-04-22T06:15:55.407+0000] {dag.py:3437} INFO - Setting next_dagrun for example_sensors to None, run_after=None
[2024-04-22T06:15:55.455+0000] {processor.py:175} INFO - Processing /usr/local/python/3.10.13/lib/python3.10/site-packages/airflow/example_dags/example_sensors.py took 0.099 seconds
[2024-04-22T06:16:36.155+0000] {processor.py:153} INFO - Started process (PID=44749) to work on /usr/local/python/3.10.13/lib/python3.10/site-packages/airflow/example_dags/example_sensors.py
[2024-04-22T06:16:36.156+0000] {processor.py:743} INFO - Processing file /usr/local/python/3.10.13/lib/python3.10/site-packages/airflow/example_dags/example_sensors.py for tasks to queue
[2024-04-22T06:16:36.157+0000] {logging_mixin.py:137} INFO - [2024-04-22T06:16:36.156+0000] {dagbag.py:538} INFO - Filling up the DagBag from /usr/local/python/3.10.13/lib/python3.10/site-packages/airflow/example_dags/example_sensors.py
[2024-04-22T06:16:36.172+0000] {processor.py:753} INFO - DAG(s) dict_keys(['example_sensors']) retrieved from /usr/local/python/3.10.13/lib/python3.10/site-packages/airflow/example_dags/example_sensors.py
[2024-04-22T06:16:36.188+0000] {logging_mixin.py:137} INFO - [2024-04-22T06:16:36.188+0000] {dag.py:2690} INFO - Sync 1 DAGs
[2024-04-22T06:16:36.203+0000] {logging_mixin.py:137} INFO - [2024-04-22T06:16:36.203+0000] {dag.py:3437} INFO - Setting next_dagrun for example_sensors to None, run_after=None
[2024-04-22T06:16:36.251+0000] {processor.py:175} INFO - Processing /usr/local/python/3.10.13/lib/python3.10/site-packages/airflow/example_dags/example_sensors.py took 0.098 seconds
[2024-04-22T06:17:16.314+0000] {processor.py:153} INFO - Started process (PID=45026) to work on /usr/local/python/3.10.13/lib/python3.10/site-packages/airflow/example_dags/example_sensors.py
[2024-04-22T06:17:16.314+0000] {processor.py:743} INFO - Processing file /usr/local/python/3.10.13/lib/python3.10/site-packages/airflow/example_dags/example_sensors.py for tasks to queue
[2024-04-22T06:17:16.315+0000] {logging_mixin.py:137} INFO - [2024-04-22T06:17:16.315+0000] {dagbag.py:538} INFO - Filling up the DagBag from /usr/local/python/3.10.13/lib/python3.10/site-packages/airflow/example_dags/example_sensors.py
[2024-04-22T06:17:16.332+0000] {processor.py:753} INFO - DAG(s) dict_keys(['example_sensors']) retrieved from /usr/local/python/3.10.13/lib/python3.10/site-packages/airflow/example_dags/example_sensors.py
[2024-04-22T06:17:16.348+0000] {logging_mixin.py:137} INFO - [2024-04-22T06:17:16.348+0000] {dag.py:2690} INFO - Sync 1 DAGs
[2024-04-22T06:17:16.362+0000] {logging_mixin.py:137} INFO - [2024-04-22T06:17:16.362+0000] {dag.py:3437} INFO - Setting next_dagrun for example_sensors to None, run_after=None
[2024-04-22T06:17:16.414+0000] {processor.py:175} INFO - Processing /usr/local/python/3.10.13/lib/python3.10/site-packages/airflow/example_dags/example_sensors.py took 0.102 seconds
[2024-04-22T06:17:58.137+0000] {processor.py:153} INFO - Started process (PID=45390) to work on /usr/local/python/3.10.13/lib/python3.10/site-packages/airflow/example_dags/example_sensors.py
[2024-04-22T06:17:58.138+0000] {processor.py:743} INFO - Processing file /usr/local/python/3.10.13/lib/python3.10/site-packages/airflow/example_dags/example_sensors.py for tasks to queue
[2024-04-22T06:17:58.139+0000] {logging_mixin.py:137} INFO - [2024-04-22T06:17:58.139+0000] {dagbag.py:538} INFO - Filling up the DagBag from /usr/local/python/3.10.13/lib/python3.10/site-packages/airflow/example_dags/example_sensors.py
[2024-04-22T06:17:58.171+0000] {processor.py:753} INFO - DAG(s) dict_keys(['example_sensors']) retrieved from /usr/local/python/3.10.13/lib/python3.10/site-packages/airflow/example_dags/example_sensors.py
[2024-04-22T06:17:58.199+0000] {logging_mixin.py:137} INFO - [2024-04-22T06:17:58.199+0000] {dag.py:2690} INFO - Sync 1 DAGs
[2024-04-22T06:17:58.221+0000] {logging_mixin.py:137} INFO - [2024-04-22T06:17:58.221+0000] {dag.py:3437} INFO - Setting next_dagrun for example_sensors to None, run_after=None
[2024-04-22T06:17:58.274+0000] {processor.py:175} INFO - Processing /usr/local/python/3.10.13/lib/python3.10/site-packages/airflow/example_dags/example_sensors.py took 0.144 seconds
[2024-04-22T06:18:39.903+0000] {processor.py:153} INFO - Started process (PID=45676) to work on /usr/local/python/3.10.13/lib/python3.10/site-packages/airflow/example_dags/example_sensors.py
[2024-04-22T06:18:39.904+0000] {processor.py:743} INFO - Processing file /usr/local/python/3.10.13/lib/python3.10/site-packages/airflow/example_dags/example_sensors.py for tasks to queue
[2024-04-22T06:18:39.905+0000] {logging_mixin.py:137} INFO - [2024-04-22T06:18:39.904+0000] {dagbag.py:538} INFO - Filling up the DagBag from /usr/local/python/3.10.13/lib/python3.10/site-packages/airflow/example_dags/example_sensors.py
[2024-04-22T06:18:39.922+0000] {processor.py:753} INFO - DAG(s) dict_keys(['example_sensors']) retrieved from /usr/local/python/3.10.13/lib/python3.10/site-packages/airflow/example_dags/example_sensors.py
[2024-04-22T06:18:39.938+0000] {logging_mixin.py:137} INFO - [2024-04-22T06:18:39.938+0000] {dag.py:2690} INFO - Sync 1 DAGs
[2024-04-22T06:18:39.952+0000] {logging_mixin.py:137} INFO - [2024-04-22T06:18:39.952+0000] {dag.py:3437} INFO - Setting next_dagrun for example_sensors to None, run_after=None
[2024-04-22T06:18:39.998+0000] {processor.py:175} INFO - Processing /usr/local/python/3.10.13/lib/python3.10/site-packages/airflow/example_dags/example_sensors.py took 0.096 seconds
[2024-04-22T06:19:22.968+0000] {processor.py:153} INFO - Started process (PID=45960) to work on /usr/local/python/3.10.13/lib/python3.10/site-packages/airflow/example_dags/example_sensors.py
[2024-04-22T06:19:22.968+0000] {processor.py:743} INFO - Processing file /usr/local/python/3.10.13/lib/python3.10/site-packages/airflow/example_dags/example_sensors.py for tasks to queue
[2024-04-22T06:19:22.969+0000] {logging_mixin.py:137} INFO - [2024-04-22T06:19:22.969+0000] {dagbag.py:538} INFO - Filling up the DagBag from /usr/local/python/3.10.13/lib/python3.10/site-packages/airflow/example_dags/example_sensors.py
[2024-04-22T06:19:22.985+0000] {processor.py:753} INFO - DAG(s) dict_keys(['example_sensors']) retrieved from /usr/local/python/3.10.13/lib/python3.10/site-packages/airflow/example_dags/example_sensors.py
[2024-04-22T06:19:23.001+0000] {logging_mixin.py:137} INFO - [2024-04-22T06:19:23.001+0000] {dag.py:2690} INFO - Sync 1 DAGs
[2024-04-22T06:19:23.016+0000] {logging_mixin.py:137} INFO - [2024-04-22T06:19:23.016+0000] {dag.py:3437} INFO - Setting next_dagrun for example_sensors to None, run_after=None
[2024-04-22T06:19:23.062+0000] {processor.py:175} INFO - Processing /usr/local/python/3.10.13/lib/python3.10/site-packages/airflow/example_dags/example_sensors.py took 0.097 seconds
[2024-04-22T06:20:03.832+0000] {processor.py:153} INFO - Started process (PID=46241) to work on /usr/local/python/3.10.13/lib/python3.10/site-packages/airflow/example_dags/example_sensors.py
[2024-04-22T06:20:03.832+0000] {processor.py:743} INFO - Processing file /usr/local/python/3.10.13/lib/python3.10/site-packages/airflow/example_dags/example_sensors.py for tasks to queue
[2024-04-22T06:20:03.833+0000] {logging_mixin.py:137} INFO - [2024-04-22T06:20:03.833+0000] {dagbag.py:538} INFO - Filling up the DagBag from /usr/local/python/3.10.13/lib/python3.10/site-packages/airflow/example_dags/example_sensors.py
[2024-04-22T06:20:03.850+0000] {processor.py:753} INFO - DAG(s) dict_keys(['example_sensors']) retrieved from /usr/local/python/3.10.13/lib/python3.10/site-packages/airflow/example_dags/example_sensors.py
[2024-04-22T06:20:03.866+0000] {logging_mixin.py:137} INFO - [2024-04-22T06:20:03.866+0000] {dag.py:2690} INFO - Sync 1 DAGs
[2024-04-22T06:20:03.880+0000] {logging_mixin.py:137} INFO - [2024-04-22T06:20:03.880+0000] {dag.py:3437} INFO - Setting next_dagrun for example_sensors to None, run_after=None
[2024-04-22T06:20:04.012+0000] {processor.py:175} INFO - Processing /usr/local/python/3.10.13/lib/python3.10/site-packages/airflow/example_dags/example_sensors.py took 0.182 seconds
[2024-04-22T06:20:52.078+0000] {processor.py:153} INFO - Started process (PID=46576) to work on /usr/local/python/3.10.13/lib/python3.10/site-packages/airflow/example_dags/example_sensors.py
[2024-04-22T06:20:52.079+0000] {processor.py:743} INFO - Processing file /usr/local/python/3.10.13/lib/python3.10/site-packages/airflow/example_dags/example_sensors.py for tasks to queue
[2024-04-22T06:20:52.080+0000] {logging_mixin.py:137} INFO - [2024-04-22T06:20:52.079+0000] {dagbag.py:538} INFO - Filling up the DagBag from /usr/local/python/3.10.13/lib/python3.10/site-packages/airflow/example_dags/example_sensors.py
[2024-04-22T06:20:52.100+0000] {processor.py:753} INFO - DAG(s) dict_keys(['example_sensors']) retrieved from /usr/local/python/3.10.13/lib/python3.10/site-packages/airflow/example_dags/example_sensors.py
[2024-04-22T06:20:52.116+0000] {logging_mixin.py:137} INFO - [2024-04-22T06:20:52.116+0000] {dag.py:2690} INFO - Sync 1 DAGs
[2024-04-22T06:20:52.226+0000] {logging_mixin.py:137} INFO - [2024-04-22T06:20:52.226+0000] {dag.py:3437} INFO - Setting next_dagrun for example_sensors to None, run_after=None
[2024-04-22T06:20:52.273+0000] {processor.py:175} INFO - Processing /usr/local/python/3.10.13/lib/python3.10/site-packages/airflow/example_dags/example_sensors.py took 0.197 seconds
[2024-04-22T06:21:36.756+0000] {processor.py:153} INFO - Started process (PID=46871) to work on /usr/local/python/3.10.13/lib/python3.10/site-packages/airflow/example_dags/example_sensors.py
[2024-04-22T06:21:36.757+0000] {processor.py:743} INFO - Processing file /usr/local/python/3.10.13/lib/python3.10/site-packages/airflow/example_dags/example_sensors.py for tasks to queue
[2024-04-22T06:21:36.757+0000] {logging_mixin.py:137} INFO - [2024-04-22T06:21:36.757+0000] {dagbag.py:538} INFO - Filling up the DagBag from /usr/local/python/3.10.13/lib/python3.10/site-packages/airflow/example_dags/example_sensors.py
[2024-04-22T06:21:36.773+0000] {processor.py:753} INFO - DAG(s) dict_keys(['example_sensors']) retrieved from /usr/local/python/3.10.13/lib/python3.10/site-packages/airflow/example_dags/example_sensors.py
[2024-04-22T06:21:36.789+0000] {logging_mixin.py:137} INFO - [2024-04-22T06:21:36.789+0000] {dag.py:2690} INFO - Sync 1 DAGs
[2024-04-22T06:21:36.896+0000] {logging_mixin.py:137} INFO - [2024-04-22T06:21:36.896+0000] {dag.py:3437} INFO - Setting next_dagrun for example_sensors to None, run_after=None
[2024-04-22T06:21:36.943+0000] {processor.py:175} INFO - Processing /usr/local/python/3.10.13/lib/python3.10/site-packages/airflow/example_dags/example_sensors.py took 0.189 seconds
[2024-04-22T06:22:16.285+0000] {processor.py:153} INFO - Started process (PID=47179) to work on /usr/local/python/3.10.13/lib/python3.10/site-packages/airflow/example_dags/example_sensors.py
[2024-04-22T06:22:16.286+0000] {processor.py:743} INFO - Processing file /usr/local/python/3.10.13/lib/python3.10/site-packages/airflow/example_dags/example_sensors.py for tasks to queue
[2024-04-22T06:22:16.286+0000] {logging_mixin.py:137} INFO - [2024-04-22T06:22:16.286+0000] {dagbag.py:538} INFO - Filling up the DagBag from /usr/local/python/3.10.13/lib/python3.10/site-packages/airflow/example_dags/example_sensors.py
[2024-04-22T06:22:16.303+0000] {processor.py:753} INFO - DAG(s) dict_keys(['example_sensors']) retrieved from /usr/local/python/3.10.13/lib/python3.10/site-packages/airflow/example_dags/example_sensors.py
[2024-04-22T06:22:16.319+0000] {logging_mixin.py:137} INFO - [2024-04-22T06:22:16.319+0000] {dag.py:2690} INFO - Sync 1 DAGs
[2024-04-22T06:22:16.424+0000] {logging_mixin.py:137} INFO - [2024-04-22T06:22:16.424+0000] {dag.py:3437} INFO - Setting next_dagrun for example_sensors to None, run_after=None
[2024-04-22T06:22:16.474+0000] {processor.py:175} INFO - Processing /usr/local/python/3.10.13/lib/python3.10/site-packages/airflow/example_dags/example_sensors.py took 0.191 seconds
[2024-04-22T06:22:59.422+0000] {processor.py:153} INFO - Started process (PID=47550) to work on /usr/local/python/3.10.13/lib/python3.10/site-packages/airflow/example_dags/example_sensors.py
[2024-04-22T06:22:59.422+0000] {processor.py:743} INFO - Processing file /usr/local/python/3.10.13/lib/python3.10/site-packages/airflow/example_dags/example_sensors.py for tasks to queue
[2024-04-22T06:22:59.423+0000] {logging_mixin.py:137} INFO - [2024-04-22T06:22:59.423+0000] {dagbag.py:538} INFO - Filling up the DagBag from /usr/local/python/3.10.13/lib/python3.10/site-packages/airflow/example_dags/example_sensors.py
[2024-04-22T06:22:59.439+0000] {processor.py:753} INFO - DAG(s) dict_keys(['example_sensors']) retrieved from /usr/local/python/3.10.13/lib/python3.10/site-packages/airflow/example_dags/example_sensors.py
[2024-04-22T06:22:59.545+0000] {logging_mixin.py:137} INFO - [2024-04-22T06:22:59.545+0000] {dag.py:2690} INFO - Sync 1 DAGs
[2024-04-22T06:22:59.558+0000] {logging_mixin.py:137} INFO - [2024-04-22T06:22:59.558+0000] {dag.py:3437} INFO - Setting next_dagrun for example_sensors to None, run_after=None
[2024-04-22T06:22:59.603+0000] {processor.py:175} INFO - Processing /usr/local/python/3.10.13/lib/python3.10/site-packages/airflow/example_dags/example_sensors.py took 0.184 seconds
[2024-04-22T06:23:42.761+0000] {processor.py:153} INFO - Started process (PID=47978) to work on /usr/local/python/3.10.13/lib/python3.10/site-packages/airflow/example_dags/example_sensors.py
[2024-04-22T06:23:42.762+0000] {processor.py:743} INFO - Processing file /usr/local/python/3.10.13/lib/python3.10/site-packages/airflow/example_dags/example_sensors.py for tasks to queue
[2024-04-22T06:23:42.762+0000] {logging_mixin.py:137} INFO - [2024-04-22T06:23:42.762+0000] {dagbag.py:538} INFO - Filling up the DagBag from /usr/local/python/3.10.13/lib/python3.10/site-packages/airflow/example_dags/example_sensors.py
[2024-04-22T06:23:42.871+0000] {processor.py:753} INFO - DAG(s) dict_keys(['example_sensors']) retrieved from /usr/local/python/3.10.13/lib/python3.10/site-packages/airflow/example_dags/example_sensors.py
[2024-04-22T06:23:42.891+0000] {logging_mixin.py:137} INFO - [2024-04-22T06:23:42.891+0000] {dag.py:2690} INFO - Sync 1 DAGs
[2024-04-22T06:23:42.912+0000] {logging_mixin.py:137} INFO - [2024-04-22T06:23:42.912+0000] {dag.py:3437} INFO - Setting next_dagrun for example_sensors to None, run_after=None
[2024-04-22T06:23:42.963+0000] {processor.py:175} INFO - Processing /usr/local/python/3.10.13/lib/python3.10/site-packages/airflow/example_dags/example_sensors.py took 0.204 seconds
[2024-04-22T06:24:25.518+0000] {processor.py:153} INFO - Started process (PID=48447) to work on /usr/local/python/3.10.13/lib/python3.10/site-packages/airflow/example_dags/example_sensors.py
[2024-04-22T06:24:25.519+0000] {processor.py:743} INFO - Processing file /usr/local/python/3.10.13/lib/python3.10/site-packages/airflow/example_dags/example_sensors.py for tasks to queue
[2024-04-22T06:24:25.519+0000] {logging_mixin.py:137} INFO - [2024-04-22T06:24:25.519+0000] {dagbag.py:538} INFO - Filling up the DagBag from /usr/local/python/3.10.13/lib/python3.10/site-packages/airflow/example_dags/example_sensors.py
[2024-04-22T06:24:25.628+0000] {processor.py:753} INFO - DAG(s) dict_keys(['example_sensors']) retrieved from /usr/local/python/3.10.13/lib/python3.10/site-packages/airflow/example_dags/example_sensors.py
[2024-04-22T06:24:25.642+0000] {logging_mixin.py:137} INFO - [2024-04-22T06:24:25.642+0000] {dag.py:2690} INFO - Sync 1 DAGs
[2024-04-22T06:24:25.655+0000] {logging_mixin.py:137} INFO - [2024-04-22T06:24:25.655+0000] {dag.py:3437} INFO - Setting next_dagrun for example_sensors to None, run_after=None
[2024-04-22T06:24:25.701+0000] {processor.py:175} INFO - Processing /usr/local/python/3.10.13/lib/python3.10/site-packages/airflow/example_dags/example_sensors.py took 0.185 seconds
[2024-04-22T06:25:07.825+0000] {processor.py:153} INFO - Started process (PID=48908) to work on /usr/local/python/3.10.13/lib/python3.10/site-packages/airflow/example_dags/example_sensors.py
[2024-04-22T06:25:07.825+0000] {processor.py:743} INFO - Processing file /usr/local/python/3.10.13/lib/python3.10/site-packages/airflow/example_dags/example_sensors.py for tasks to queue
[2024-04-22T06:25:07.826+0000] {logging_mixin.py:137} INFO - [2024-04-22T06:25:07.826+0000] {dagbag.py:538} INFO - Filling up the DagBag from /usr/local/python/3.10.13/lib/python3.10/site-packages/airflow/example_dags/example_sensors.py
[2024-04-22T06:25:07.934+0000] {processor.py:753} INFO - DAG(s) dict_keys(['example_sensors']) retrieved from /usr/local/python/3.10.13/lib/python3.10/site-packages/airflow/example_dags/example_sensors.py
[2024-04-22T06:25:07.949+0000] {logging_mixin.py:137} INFO - [2024-04-22T06:25:07.949+0000] {dag.py:2690} INFO - Sync 1 DAGs
[2024-04-22T06:25:07.964+0000] {logging_mixin.py:137} INFO - [2024-04-22T06:25:07.964+0000] {dag.py:3437} INFO - Setting next_dagrun for example_sensors to None, run_after=None
[2024-04-22T06:25:08.021+0000] {processor.py:175} INFO - Processing /usr/local/python/3.10.13/lib/python3.10/site-packages/airflow/example_dags/example_sensors.py took 0.199 seconds
[2024-04-22T06:25:47.428+0000] {processor.py:153} INFO - Started process (PID=49316) to work on /usr/local/python/3.10.13/lib/python3.10/site-packages/airflow/example_dags/example_sensors.py
[2024-04-22T06:25:47.428+0000] {processor.py:743} INFO - Processing file /usr/local/python/3.10.13/lib/python3.10/site-packages/airflow/example_dags/example_sensors.py for tasks to queue
[2024-04-22T06:25:47.429+0000] {logging_mixin.py:137} INFO - [2024-04-22T06:25:47.429+0000] {dagbag.py:538} INFO - Filling up the DagBag from /usr/local/python/3.10.13/lib/python3.10/site-packages/airflow/example_dags/example_sensors.py
[2024-04-22T06:25:47.445+0000] {processor.py:753} INFO - DAG(s) dict_keys(['example_sensors']) retrieved from /usr/local/python/3.10.13/lib/python3.10/site-packages/airflow/example_dags/example_sensors.py
[2024-04-22T06:25:47.462+0000] {logging_mixin.py:137} INFO - [2024-04-22T06:25:47.462+0000] {dag.py:2690} INFO - Sync 1 DAGs
[2024-04-22T06:25:47.477+0000] {logging_mixin.py:137} INFO - [2024-04-22T06:25:47.477+0000] {dag.py:3437} INFO - Setting next_dagrun for example_sensors to None, run_after=None
[2024-04-22T06:25:47.526+0000] {processor.py:175} INFO - Processing /usr/local/python/3.10.13/lib/python3.10/site-packages/airflow/example_dags/example_sensors.py took 0.101 seconds
[2024-04-22T06:26:26.448+0000] {processor.py:153} INFO - Started process (PID=49667) to work on /usr/local/python/3.10.13/lib/python3.10/site-packages/airflow/example_dags/example_sensors.py
[2024-04-22T06:26:26.449+0000] {processor.py:743} INFO - Processing file /usr/local/python/3.10.13/lib/python3.10/site-packages/airflow/example_dags/example_sensors.py for tasks to queue
[2024-04-22T06:26:26.449+0000] {logging_mixin.py:137} INFO - [2024-04-22T06:26:26.449+0000] {dagbag.py:538} INFO - Filling up the DagBag from /usr/local/python/3.10.13/lib/python3.10/site-packages/airflow/example_dags/example_sensors.py
[2024-04-22T06:26:26.466+0000] {processor.py:753} INFO - DAG(s) dict_keys(['example_sensors']) retrieved from /usr/local/python/3.10.13/lib/python3.10/site-packages/airflow/example_dags/example_sensors.py
[2024-04-22T06:26:26.482+0000] {logging_mixin.py:137} INFO - [2024-04-22T06:26:26.482+0000] {dag.py:2690} INFO - Sync 1 DAGs
[2024-04-22T06:26:26.497+0000] {logging_mixin.py:137} INFO - [2024-04-22T06:26:26.497+0000] {dag.py:3437} INFO - Setting next_dagrun for example_sensors to None, run_after=None
[2024-04-22T06:26:26.544+0000] {processor.py:175} INFO - Processing /usr/local/python/3.10.13/lib/python3.10/site-packages/airflow/example_dags/example_sensors.py took 0.098 seconds
[2024-04-22T06:27:09.610+0000] {processor.py:153} INFO - Started process (PID=50116) to work on /usr/local/python/3.10.13/lib/python3.10/site-packages/airflow/example_dags/example_sensors.py
[2024-04-22T06:27:09.611+0000] {processor.py:743} INFO - Processing file /usr/local/python/3.10.13/lib/python3.10/site-packages/airflow/example_dags/example_sensors.py for tasks to queue
[2024-04-22T06:27:09.611+0000] {logging_mixin.py:137} INFO - [2024-04-22T06:27:09.611+0000] {dagbag.py:538} INFO - Filling up the DagBag from /usr/local/python/3.10.13/lib/python3.10/site-packages/airflow/example_dags/example_sensors.py
[2024-04-22T06:27:09.628+0000] {processor.py:753} INFO - DAG(s) dict_keys(['example_sensors']) retrieved from /usr/local/python/3.10.13/lib/python3.10/site-packages/airflow/example_dags/example_sensors.py
[2024-04-22T06:27:09.646+0000] {logging_mixin.py:137} INFO - [2024-04-22T06:27:09.646+0000] {dag.py:2690} INFO - Sync 1 DAGs
[2024-04-22T06:27:09.660+0000] {logging_mixin.py:137} INFO - [2024-04-22T06:27:09.660+0000] {dag.py:3437} INFO - Setting next_dagrun for example_sensors to None, run_after=None
[2024-04-22T06:27:09.706+0000] {processor.py:175} INFO - Processing /usr/local/python/3.10.13/lib/python3.10/site-packages/airflow/example_dags/example_sensors.py took 0.098 seconds
[2024-04-22T06:27:50.293+0000] {processor.py:153} INFO - Started process (PID=50441) to work on /usr/local/python/3.10.13/lib/python3.10/site-packages/airflow/example_dags/example_sensors.py
[2024-04-22T06:27:50.294+0000] {processor.py:743} INFO - Processing file /usr/local/python/3.10.13/lib/python3.10/site-packages/airflow/example_dags/example_sensors.py for tasks to queue
[2024-04-22T06:27:50.295+0000] {logging_mixin.py:137} INFO - [2024-04-22T06:27:50.294+0000] {dagbag.py:538} INFO - Filling up the DagBag from /usr/local/python/3.10.13/lib/python3.10/site-packages/airflow/example_dags/example_sensors.py
[2024-04-22T06:27:50.314+0000] {processor.py:753} INFO - DAG(s) dict_keys(['example_sensors']) retrieved from /usr/local/python/3.10.13/lib/python3.10/site-packages/airflow/example_dags/example_sensors.py
[2024-04-22T06:27:50.332+0000] {logging_mixin.py:137} INFO - [2024-04-22T06:27:50.332+0000] {dag.py:2690} INFO - Sync 1 DAGs
[2024-04-22T06:27:50.347+0000] {logging_mixin.py:137} INFO - [2024-04-22T06:27:50.347+0000] {dag.py:3437} INFO - Setting next_dagrun for example_sensors to None, run_after=None
[2024-04-22T06:27:50.396+0000] {processor.py:175} INFO - Processing /usr/local/python/3.10.13/lib/python3.10/site-packages/airflow/example_dags/example_sensors.py took 0.105 seconds
