[2024-04-22T06:13:18.423+0000] {processor.py:153} INFO - Started process (PID=43424) to work on /usr/local/python/3.10.13/lib/python3.10/site-packages/airflow/example_dags/example_dag_decorator.py
[2024-04-22T06:13:18.424+0000] {processor.py:743} INFO - Processing file /usr/local/python/3.10.13/lib/python3.10/site-packages/airflow/example_dags/example_dag_decorator.py for tasks to queue
[2024-04-22T06:13:18.424+0000] {logging_mixin.py:137} INFO - [2024-04-22T06:13:18.424+0000] {dagbag.py:538} INFO - Filling up the DagBag from /usr/local/python/3.10.13/lib/python3.10/site-packages/airflow/example_dags/example_dag_decorator.py
[2024-04-22T06:13:18.439+0000] {logging_mixin.py:137} INFO - [2024-04-22T06:13:18.439+0000] {taskmixin.py:205} WARNING - Dependency <Task(_PythonDecoratedOperator): prepare_email>, send_email already registered for DAG: example_dag_decorator
[2024-04-22T06:13:18.440+0000] {logging_mixin.py:137} INFO - [2024-04-22T06:13:18.440+0000] {taskmixin.py:205} WARNING - Dependency <Task(EmailOperator): send_email>, prepare_email already registered for DAG: example_dag_decorator
[2024-04-22T06:13:18.449+0000] {processor.py:753} INFO - DAG(s) dict_keys(['example_dag_decorator']) retrieved from /usr/local/python/3.10.13/lib/python3.10/site-packages/airflow/example_dags/example_dag_decorator.py
[2024-04-22T06:13:18.624+0000] {logging_mixin.py:137} INFO - [2024-04-22T06:13:18.624+0000] {manager.py:504} INFO - Created Permission View: can delete on DAG:example_dag_decorator
[2024-04-22T06:13:18.671+0000] {logging_mixin.py:137} INFO - [2024-04-22T06:13:18.670+0000] {manager.py:504} INFO - Created Permission View: can edit on DAG:example_dag_decorator
[2024-04-22T06:13:18.717+0000] {logging_mixin.py:137} INFO - [2024-04-22T06:13:18.717+0000] {manager.py:504} INFO - Created Permission View: can read on DAG:example_dag_decorator
[2024-04-22T06:13:18.717+0000] {logging_mixin.py:137} INFO - [2024-04-22T06:13:18.717+0000] {dag.py:2690} INFO - Sync 1 DAGs
[2024-04-22T06:13:18.726+0000] {logging_mixin.py:137} INFO - [2024-04-22T06:13:18.726+0000] {dag.py:2711} INFO - Creating ORM DAG for example_dag_decorator
[2024-04-22T06:13:18.733+0000] {logging_mixin.py:137} INFO - [2024-04-22T06:13:18.733+0000] {dag.py:3437} INFO - Setting next_dagrun for example_dag_decorator to None, run_after=None
[2024-04-22T06:13:18.789+0000] {processor.py:175} INFO - Processing /usr/local/python/3.10.13/lib/python3.10/site-packages/airflow/example_dags/example_dag_decorator.py took 0.368 seconds
[2024-04-22T06:14:03.311+0000] {processor.py:153} INFO - Started process (PID=43710) to work on /usr/local/python/3.10.13/lib/python3.10/site-packages/airflow/example_dags/example_dag_decorator.py
[2024-04-22T06:14:03.311+0000] {processor.py:743} INFO - Processing file /usr/local/python/3.10.13/lib/python3.10/site-packages/airflow/example_dags/example_dag_decorator.py for tasks to queue
[2024-04-22T06:14:03.312+0000] {logging_mixin.py:137} INFO - [2024-04-22T06:14:03.312+0000] {dagbag.py:538} INFO - Filling up the DagBag from /usr/local/python/3.10.13/lib/python3.10/site-packages/airflow/example_dags/example_dag_decorator.py
[2024-04-22T06:14:03.327+0000] {logging_mixin.py:137} INFO - [2024-04-22T06:14:03.327+0000] {taskmixin.py:205} WARNING - Dependency <Task(_PythonDecoratedOperator): prepare_email>, send_email already registered for DAG: example_dag_decorator
[2024-04-22T06:14:03.327+0000] {logging_mixin.py:137} INFO - [2024-04-22T06:14:03.327+0000] {taskmixin.py:205} WARNING - Dependency <Task(EmailOperator): send_email>, prepare_email already registered for DAG: example_dag_decorator
[2024-04-22T06:14:03.338+0000] {processor.py:753} INFO - DAG(s) dict_keys(['example_dag_decorator']) retrieved from /usr/local/python/3.10.13/lib/python3.10/site-packages/airflow/example_dags/example_dag_decorator.py
[2024-04-22T06:14:03.375+0000] {logging_mixin.py:137} INFO - [2024-04-22T06:14:03.375+0000] {dag.py:2690} INFO - Sync 1 DAGs
[2024-04-22T06:14:03.390+0000] {logging_mixin.py:137} INFO - [2024-04-22T06:14:03.390+0000] {dag.py:3437} INFO - Setting next_dagrun for example_dag_decorator to None, run_after=None
[2024-04-22T06:14:03.437+0000] {processor.py:175} INFO - Processing /usr/local/python/3.10.13/lib/python3.10/site-packages/airflow/example_dags/example_dag_decorator.py took 0.129 seconds
[2024-04-22T06:14:44.160+0000] {processor.py:153} INFO - Started process (PID=43991) to work on /usr/local/python/3.10.13/lib/python3.10/site-packages/airflow/example_dags/example_dag_decorator.py
[2024-04-22T06:14:44.161+0000] {processor.py:743} INFO - Processing file /usr/local/python/3.10.13/lib/python3.10/site-packages/airflow/example_dags/example_dag_decorator.py for tasks to queue
[2024-04-22T06:14:44.162+0000] {logging_mixin.py:137} INFO - [2024-04-22T06:14:44.162+0000] {dagbag.py:538} INFO - Filling up the DagBag from /usr/local/python/3.10.13/lib/python3.10/site-packages/airflow/example_dags/example_dag_decorator.py
[2024-04-22T06:14:44.177+0000] {logging_mixin.py:137} INFO - [2024-04-22T06:14:44.177+0000] {taskmixin.py:205} WARNING - Dependency <Task(_PythonDecoratedOperator): prepare_email>, send_email already registered for DAG: example_dag_decorator
[2024-04-22T06:14:44.177+0000] {logging_mixin.py:137} INFO - [2024-04-22T06:14:44.177+0000] {taskmixin.py:205} WARNING - Dependency <Task(EmailOperator): send_email>, prepare_email already registered for DAG: example_dag_decorator
[2024-04-22T06:14:44.187+0000] {processor.py:753} INFO - DAG(s) dict_keys(['example_dag_decorator']) retrieved from /usr/local/python/3.10.13/lib/python3.10/site-packages/airflow/example_dags/example_dag_decorator.py
[2024-04-22T06:14:44.231+0000] {logging_mixin.py:137} INFO - [2024-04-22T06:14:44.231+0000] {dag.py:2690} INFO - Sync 1 DAGs
[2024-04-22T06:14:44.250+0000] {logging_mixin.py:137} INFO - [2024-04-22T06:14:44.250+0000] {dag.py:3437} INFO - Setting next_dagrun for example_dag_decorator to None, run_after=None
[2024-04-22T06:14:44.298+0000] {processor.py:175} INFO - Processing /usr/local/python/3.10.13/lib/python3.10/site-packages/airflow/example_dags/example_dag_decorator.py took 0.140 seconds
[2024-04-22T06:15:22.873+0000] {processor.py:153} INFO - Started process (PID=44260) to work on /usr/local/python/3.10.13/lib/python3.10/site-packages/airflow/example_dags/example_dag_decorator.py
[2024-04-22T06:15:22.874+0000] {processor.py:743} INFO - Processing file /usr/local/python/3.10.13/lib/python3.10/site-packages/airflow/example_dags/example_dag_decorator.py for tasks to queue
[2024-04-22T06:15:22.874+0000] {logging_mixin.py:137} INFO - [2024-04-22T06:15:22.874+0000] {dagbag.py:538} INFO - Filling up the DagBag from /usr/local/python/3.10.13/lib/python3.10/site-packages/airflow/example_dags/example_dag_decorator.py
[2024-04-22T06:15:22.891+0000] {logging_mixin.py:137} INFO - [2024-04-22T06:15:22.890+0000] {taskmixin.py:205} WARNING - Dependency <Task(_PythonDecoratedOperator): prepare_email>, send_email already registered for DAG: example_dag_decorator
[2024-04-22T06:15:22.891+0000] {logging_mixin.py:137} INFO - [2024-04-22T06:15:22.891+0000] {taskmixin.py:205} WARNING - Dependency <Task(EmailOperator): send_email>, prepare_email already registered for DAG: example_dag_decorator
[2024-04-22T06:15:22.901+0000] {processor.py:753} INFO - DAG(s) dict_keys(['example_dag_decorator']) retrieved from /usr/local/python/3.10.13/lib/python3.10/site-packages/airflow/example_dags/example_dag_decorator.py
[2024-04-22T06:15:22.939+0000] {logging_mixin.py:137} INFO - [2024-04-22T06:15:22.939+0000] {dag.py:2690} INFO - Sync 1 DAGs
[2024-04-22T06:15:22.953+0000] {logging_mixin.py:137} INFO - [2024-04-22T06:15:22.953+0000] {dag.py:3437} INFO - Setting next_dagrun for example_dag_decorator to None, run_after=None
[2024-04-22T06:15:23.001+0000] {processor.py:175} INFO - Processing /usr/local/python/3.10.13/lib/python3.10/site-packages/airflow/example_dags/example_dag_decorator.py took 0.130 seconds
[2024-04-22T06:16:04.437+0000] {processor.py:153} INFO - Started process (PID=44540) to work on /usr/local/python/3.10.13/lib/python3.10/site-packages/airflow/example_dags/example_dag_decorator.py
[2024-04-22T06:16:04.438+0000] {processor.py:743} INFO - Processing file /usr/local/python/3.10.13/lib/python3.10/site-packages/airflow/example_dags/example_dag_decorator.py for tasks to queue
[2024-04-22T06:16:04.438+0000] {logging_mixin.py:137} INFO - [2024-04-22T06:16:04.438+0000] {dagbag.py:538} INFO - Filling up the DagBag from /usr/local/python/3.10.13/lib/python3.10/site-packages/airflow/example_dags/example_dag_decorator.py
[2024-04-22T06:16:04.455+0000] {logging_mixin.py:137} INFO - [2024-04-22T06:16:04.455+0000] {taskmixin.py:205} WARNING - Dependency <Task(_PythonDecoratedOperator): prepare_email>, send_email already registered for DAG: example_dag_decorator
[2024-04-22T06:16:04.455+0000] {logging_mixin.py:137} INFO - [2024-04-22T06:16:04.455+0000] {taskmixin.py:205} WARNING - Dependency <Task(EmailOperator): send_email>, prepare_email already registered for DAG: example_dag_decorator
[2024-04-22T06:16:04.466+0000] {processor.py:753} INFO - DAG(s) dict_keys(['example_dag_decorator']) retrieved from /usr/local/python/3.10.13/lib/python3.10/site-packages/airflow/example_dags/example_dag_decorator.py
[2024-04-22T06:16:04.505+0000] {logging_mixin.py:137} INFO - [2024-04-22T06:16:04.505+0000] {dag.py:2690} INFO - Sync 1 DAGs
[2024-04-22T06:16:04.519+0000] {logging_mixin.py:137} INFO - [2024-04-22T06:16:04.519+0000] {dag.py:3437} INFO - Setting next_dagrun for example_dag_decorator to None, run_after=None
[2024-04-22T06:16:04.567+0000] {processor.py:175} INFO - Processing /usr/local/python/3.10.13/lib/python3.10/site-packages/airflow/example_dags/example_dag_decorator.py took 0.132 seconds
[2024-04-22T06:16:46.311+0000] {processor.py:153} INFO - Started process (PID=44819) to work on /usr/local/python/3.10.13/lib/python3.10/site-packages/airflow/example_dags/example_dag_decorator.py
[2024-04-22T06:16:46.312+0000] {processor.py:743} INFO - Processing file /usr/local/python/3.10.13/lib/python3.10/site-packages/airflow/example_dags/example_dag_decorator.py for tasks to queue
[2024-04-22T06:16:46.313+0000] {logging_mixin.py:137} INFO - [2024-04-22T06:16:46.313+0000] {dagbag.py:538} INFO - Filling up the DagBag from /usr/local/python/3.10.13/lib/python3.10/site-packages/airflow/example_dags/example_dag_decorator.py
[2024-04-22T06:16:46.328+0000] {logging_mixin.py:137} INFO - [2024-04-22T06:16:46.328+0000] {taskmixin.py:205} WARNING - Dependency <Task(_PythonDecoratedOperator): prepare_email>, send_email already registered for DAG: example_dag_decorator
[2024-04-22T06:16:46.328+0000] {logging_mixin.py:137} INFO - [2024-04-22T06:16:46.328+0000] {taskmixin.py:205} WARNING - Dependency <Task(EmailOperator): send_email>, prepare_email already registered for DAG: example_dag_decorator
[2024-04-22T06:16:46.338+0000] {processor.py:753} INFO - DAG(s) dict_keys(['example_dag_decorator']) retrieved from /usr/local/python/3.10.13/lib/python3.10/site-packages/airflow/example_dags/example_dag_decorator.py
[2024-04-22T06:16:46.378+0000] {logging_mixin.py:137} INFO - [2024-04-22T06:16:46.378+0000] {dag.py:2690} INFO - Sync 1 DAGs
[2024-04-22T06:16:46.391+0000] {logging_mixin.py:137} INFO - [2024-04-22T06:16:46.391+0000] {dag.py:3437} INFO - Setting next_dagrun for example_dag_decorator to None, run_after=None
[2024-04-22T06:16:46.438+0000] {processor.py:175} INFO - Processing /usr/local/python/3.10.13/lib/python3.10/site-packages/airflow/example_dags/example_dag_decorator.py took 0.129 seconds
[2024-04-22T06:17:28.144+0000] {processor.py:153} INFO - Started process (PID=45122) to work on /usr/local/python/3.10.13/lib/python3.10/site-packages/airflow/example_dags/example_dag_decorator.py
[2024-04-22T06:17:28.144+0000] {processor.py:743} INFO - Processing file /usr/local/python/3.10.13/lib/python3.10/site-packages/airflow/example_dags/example_dag_decorator.py for tasks to queue
[2024-04-22T06:17:28.145+0000] {logging_mixin.py:137} INFO - [2024-04-22T06:17:28.145+0000] {dagbag.py:538} INFO - Filling up the DagBag from /usr/local/python/3.10.13/lib/python3.10/site-packages/airflow/example_dags/example_dag_decorator.py
[2024-04-22T06:17:28.160+0000] {logging_mixin.py:137} INFO - [2024-04-22T06:17:28.160+0000] {taskmixin.py:205} WARNING - Dependency <Task(_PythonDecoratedOperator): prepare_email>, send_email already registered for DAG: example_dag_decorator
[2024-04-22T06:17:28.160+0000] {logging_mixin.py:137} INFO - [2024-04-22T06:17:28.160+0000] {taskmixin.py:205} WARNING - Dependency <Task(EmailOperator): send_email>, prepare_email already registered for DAG: example_dag_decorator
[2024-04-22T06:17:28.170+0000] {processor.py:753} INFO - DAG(s) dict_keys(['example_dag_decorator']) retrieved from /usr/local/python/3.10.13/lib/python3.10/site-packages/airflow/example_dags/example_dag_decorator.py
[2024-04-22T06:17:28.208+0000] {logging_mixin.py:137} INFO - [2024-04-22T06:17:28.208+0000] {dag.py:2690} INFO - Sync 1 DAGs
[2024-04-22T06:17:28.222+0000] {logging_mixin.py:137} INFO - [2024-04-22T06:17:28.222+0000] {dag.py:3437} INFO - Setting next_dagrun for example_dag_decorator to None, run_after=None
[2024-04-22T06:17:28.365+0000] {processor.py:175} INFO - Processing /usr/local/python/3.10.13/lib/python3.10/site-packages/airflow/example_dags/example_dag_decorator.py took 0.224 seconds
[2024-04-22T06:18:08.443+0000] {processor.py:153} INFO - Started process (PID=45454) to work on /usr/local/python/3.10.13/lib/python3.10/site-packages/airflow/example_dags/example_dag_decorator.py
[2024-04-22T06:18:08.443+0000] {processor.py:743} INFO - Processing file /usr/local/python/3.10.13/lib/python3.10/site-packages/airflow/example_dags/example_dag_decorator.py for tasks to queue
[2024-04-22T06:18:08.444+0000] {logging_mixin.py:137} INFO - [2024-04-22T06:18:08.444+0000] {dagbag.py:538} INFO - Filling up the DagBag from /usr/local/python/3.10.13/lib/python3.10/site-packages/airflow/example_dags/example_dag_decorator.py
[2024-04-22T06:18:08.459+0000] {logging_mixin.py:137} INFO - [2024-04-22T06:18:08.459+0000] {taskmixin.py:205} WARNING - Dependency <Task(_PythonDecoratedOperator): prepare_email>, send_email already registered for DAG: example_dag_decorator
[2024-04-22T06:18:08.459+0000] {logging_mixin.py:137} INFO - [2024-04-22T06:18:08.459+0000] {taskmixin.py:205} WARNING - Dependency <Task(EmailOperator): send_email>, prepare_email already registered for DAG: example_dag_decorator
[2024-04-22T06:18:08.469+0000] {processor.py:753} INFO - DAG(s) dict_keys(['example_dag_decorator']) retrieved from /usr/local/python/3.10.13/lib/python3.10/site-packages/airflow/example_dags/example_dag_decorator.py
[2024-04-22T06:18:08.506+0000] {logging_mixin.py:137} INFO - [2024-04-22T06:18:08.506+0000] {dag.py:2690} INFO - Sync 1 DAGs
[2024-04-22T06:18:08.614+0000] {logging_mixin.py:137} INFO - [2024-04-22T06:18:08.614+0000] {dag.py:3437} INFO - Setting next_dagrun for example_dag_decorator to None, run_after=None
[2024-04-22T06:18:08.666+0000] {processor.py:175} INFO - Processing /usr/local/python/3.10.13/lib/python3.10/site-packages/airflow/example_dags/example_dag_decorator.py took 0.225 seconds
[2024-04-22T06:18:50.253+0000] {processor.py:153} INFO - Started process (PID=45746) to work on /usr/local/python/3.10.13/lib/python3.10/site-packages/airflow/example_dags/example_dag_decorator.py
[2024-04-22T06:18:50.254+0000] {processor.py:743} INFO - Processing file /usr/local/python/3.10.13/lib/python3.10/site-packages/airflow/example_dags/example_dag_decorator.py for tasks to queue
[2024-04-22T06:18:50.254+0000] {logging_mixin.py:137} INFO - [2024-04-22T06:18:50.254+0000] {dagbag.py:538} INFO - Filling up the DagBag from /usr/local/python/3.10.13/lib/python3.10/site-packages/airflow/example_dags/example_dag_decorator.py
[2024-04-22T06:18:50.272+0000] {logging_mixin.py:137} INFO - [2024-04-22T06:18:50.272+0000] {taskmixin.py:205} WARNING - Dependency <Task(_PythonDecoratedOperator): prepare_email>, send_email already registered for DAG: example_dag_decorator
[2024-04-22T06:18:50.272+0000] {logging_mixin.py:137} INFO - [2024-04-22T06:18:50.272+0000] {taskmixin.py:205} WARNING - Dependency <Task(EmailOperator): send_email>, prepare_email already registered for DAG: example_dag_decorator
[2024-04-22T06:18:50.282+0000] {processor.py:753} INFO - DAG(s) dict_keys(['example_dag_decorator']) retrieved from /usr/local/python/3.10.13/lib/python3.10/site-packages/airflow/example_dags/example_dag_decorator.py
[2024-04-22T06:18:50.319+0000] {logging_mixin.py:137} INFO - [2024-04-22T06:18:50.319+0000] {dag.py:2690} INFO - Sync 1 DAGs
[2024-04-22T06:18:50.421+0000] {logging_mixin.py:137} INFO - [2024-04-22T06:18:50.421+0000] {dag.py:3437} INFO - Setting next_dagrun for example_dag_decorator to None, run_after=None
[2024-04-22T06:18:50.467+0000] {processor.py:175} INFO - Processing /usr/local/python/3.10.13/lib/python3.10/site-packages/airflow/example_dags/example_dag_decorator.py took 0.216 seconds
[2024-04-22T06:19:32.142+0000] {processor.py:153} INFO - Started process (PID=46030) to work on /usr/local/python/3.10.13/lib/python3.10/site-packages/airflow/example_dags/example_dag_decorator.py
[2024-04-22T06:19:32.142+0000] {processor.py:743} INFO - Processing file /usr/local/python/3.10.13/lib/python3.10/site-packages/airflow/example_dags/example_dag_decorator.py for tasks to queue
[2024-04-22T06:19:32.143+0000] {logging_mixin.py:137} INFO - [2024-04-22T06:19:32.143+0000] {dagbag.py:538} INFO - Filling up the DagBag from /usr/local/python/3.10.13/lib/python3.10/site-packages/airflow/example_dags/example_dag_decorator.py
[2024-04-22T06:19:32.158+0000] {logging_mixin.py:137} INFO - [2024-04-22T06:19:32.158+0000] {taskmixin.py:205} WARNING - Dependency <Task(_PythonDecoratedOperator): prepare_email>, send_email already registered for DAG: example_dag_decorator
[2024-04-22T06:19:32.158+0000] {logging_mixin.py:137} INFO - [2024-04-22T06:19:32.158+0000] {taskmixin.py:205} WARNING - Dependency <Task(EmailOperator): send_email>, prepare_email already registered for DAG: example_dag_decorator
[2024-04-22T06:19:32.168+0000] {processor.py:753} INFO - DAG(s) dict_keys(['example_dag_decorator']) retrieved from /usr/local/python/3.10.13/lib/python3.10/site-packages/airflow/example_dags/example_dag_decorator.py
[2024-04-22T06:19:32.206+0000] {logging_mixin.py:137} INFO - [2024-04-22T06:19:32.206+0000] {dag.py:2690} INFO - Sync 1 DAGs
[2024-04-22T06:19:32.315+0000] {logging_mixin.py:137} INFO - [2024-04-22T06:19:32.315+0000] {dag.py:3437} INFO - Setting next_dagrun for example_dag_decorator to None, run_after=None
[2024-04-22T06:19:32.361+0000] {processor.py:175} INFO - Processing /usr/local/python/3.10.13/lib/python3.10/site-packages/airflow/example_dags/example_dag_decorator.py took 0.222 seconds
[2024-04-22T06:20:15.745+0000] {processor.py:153} INFO - Started process (PID=46323) to work on /usr/local/python/3.10.13/lib/python3.10/site-packages/airflow/example_dags/example_dag_decorator.py
[2024-04-22T06:20:15.745+0000] {processor.py:743} INFO - Processing file /usr/local/python/3.10.13/lib/python3.10/site-packages/airflow/example_dags/example_dag_decorator.py for tasks to queue
[2024-04-22T06:20:15.746+0000] {logging_mixin.py:137} INFO - [2024-04-22T06:20:15.746+0000] {dagbag.py:538} INFO - Filling up the DagBag from /usr/local/python/3.10.13/lib/python3.10/site-packages/airflow/example_dags/example_dag_decorator.py
[2024-04-22T06:20:15.762+0000] {logging_mixin.py:137} INFO - [2024-04-22T06:20:15.762+0000] {taskmixin.py:205} WARNING - Dependency <Task(_PythonDecoratedOperator): prepare_email>, send_email already registered for DAG: example_dag_decorator
[2024-04-22T06:20:15.762+0000] {logging_mixin.py:137} INFO - [2024-04-22T06:20:15.762+0000] {taskmixin.py:205} WARNING - Dependency <Task(EmailOperator): send_email>, prepare_email already registered for DAG: example_dag_decorator
[2024-04-22T06:20:15.772+0000] {processor.py:753} INFO - DAG(s) dict_keys(['example_dag_decorator']) retrieved from /usr/local/python/3.10.13/lib/python3.10/site-packages/airflow/example_dags/example_dag_decorator.py
[2024-04-22T06:20:15.907+0000] {logging_mixin.py:137} INFO - [2024-04-22T06:20:15.907+0000] {dag.py:2690} INFO - Sync 1 DAGs
[2024-04-22T06:20:15.920+0000] {logging_mixin.py:137} INFO - [2024-04-22T06:20:15.920+0000] {dag.py:3437} INFO - Setting next_dagrun for example_dag_decorator to None, run_after=None
[2024-04-22T06:20:15.976+0000] {processor.py:175} INFO - Processing /usr/local/python/3.10.13/lib/python3.10/site-packages/airflow/example_dags/example_dag_decorator.py took 0.234 seconds
[2024-04-22T06:21:00.735+0000] {processor.py:153} INFO - Started process (PID=46614) to work on /usr/local/python/3.10.13/lib/python3.10/site-packages/airflow/example_dags/example_dag_decorator.py
[2024-04-22T06:21:00.735+0000] {processor.py:743} INFO - Processing file /usr/local/python/3.10.13/lib/python3.10/site-packages/airflow/example_dags/example_dag_decorator.py for tasks to queue
[2024-04-22T06:21:00.736+0000] {logging_mixin.py:137} INFO - [2024-04-22T06:21:00.736+0000] {dagbag.py:538} INFO - Filling up the DagBag from /usr/local/python/3.10.13/lib/python3.10/site-packages/airflow/example_dags/example_dag_decorator.py
[2024-04-22T06:21:00.751+0000] {logging_mixin.py:137} INFO - [2024-04-22T06:21:00.751+0000] {taskmixin.py:205} WARNING - Dependency <Task(_PythonDecoratedOperator): prepare_email>, send_email already registered for DAG: example_dag_decorator
[2024-04-22T06:21:00.751+0000] {logging_mixin.py:137} INFO - [2024-04-22T06:21:00.751+0000] {taskmixin.py:205} WARNING - Dependency <Task(EmailOperator): send_email>, prepare_email already registered for DAG: example_dag_decorator
[2024-04-22T06:21:00.761+0000] {processor.py:753} INFO - DAG(s) dict_keys(['example_dag_decorator']) retrieved from /usr/local/python/3.10.13/lib/python3.10/site-packages/airflow/example_dags/example_dag_decorator.py
[2024-04-22T06:21:00.904+0000] {logging_mixin.py:137} INFO - [2024-04-22T06:21:00.904+0000] {dag.py:2690} INFO - Sync 1 DAGs
[2024-04-22T06:21:00.926+0000] {logging_mixin.py:137} INFO - [2024-04-22T06:21:00.926+0000] {dag.py:3437} INFO - Setting next_dagrun for example_dag_decorator to None, run_after=None
[2024-04-22T06:21:00.997+0000] {processor.py:175} INFO - Processing /usr/local/python/3.10.13/lib/python3.10/site-packages/airflow/example_dags/example_dag_decorator.py took 0.264 seconds
[2024-04-22T06:21:45.871+0000] {processor.py:153} INFO - Started process (PID=46936) to work on /usr/local/python/3.10.13/lib/python3.10/site-packages/airflow/example_dags/example_dag_decorator.py
[2024-04-22T06:21:45.872+0000] {processor.py:743} INFO - Processing file /usr/local/python/3.10.13/lib/python3.10/site-packages/airflow/example_dags/example_dag_decorator.py for tasks to queue
[2024-04-22T06:21:45.872+0000] {logging_mixin.py:137} INFO - [2024-04-22T06:21:45.872+0000] {dagbag.py:538} INFO - Filling up the DagBag from /usr/local/python/3.10.13/lib/python3.10/site-packages/airflow/example_dags/example_dag_decorator.py
[2024-04-22T06:21:45.890+0000] {logging_mixin.py:137} INFO - [2024-04-22T06:21:45.890+0000] {taskmixin.py:205} WARNING - Dependency <Task(_PythonDecoratedOperator): prepare_email>, send_email already registered for DAG: example_dag_decorator
[2024-04-22T06:21:45.891+0000] {logging_mixin.py:137} INFO - [2024-04-22T06:21:45.890+0000] {taskmixin.py:205} WARNING - Dependency <Task(EmailOperator): send_email>, prepare_email already registered for DAG: example_dag_decorator
[2024-04-22T06:21:45.901+0000] {processor.py:753} INFO - DAG(s) dict_keys(['example_dag_decorator']) retrieved from /usr/local/python/3.10.13/lib/python3.10/site-packages/airflow/example_dags/example_dag_decorator.py
[2024-04-22T06:21:46.039+0000] {logging_mixin.py:137} INFO - [2024-04-22T06:21:46.039+0000] {dag.py:2690} INFO - Sync 1 DAGs
[2024-04-22T06:21:46.058+0000] {logging_mixin.py:137} INFO - [2024-04-22T06:21:46.058+0000] {dag.py:3437} INFO - Setting next_dagrun for example_dag_decorator to None, run_after=None
[2024-04-22T06:21:46.116+0000] {processor.py:175} INFO - Processing /usr/local/python/3.10.13/lib/python3.10/site-packages/airflow/example_dags/example_dag_decorator.py took 0.248 seconds
[2024-04-22T06:22:33.143+0000] {processor.py:153} INFO - Started process (PID=47346) to work on /usr/local/python/3.10.13/lib/python3.10/site-packages/airflow/example_dags/example_dag_decorator.py
[2024-04-22T06:22:33.143+0000] {processor.py:743} INFO - Processing file /usr/local/python/3.10.13/lib/python3.10/site-packages/airflow/example_dags/example_dag_decorator.py for tasks to queue
[2024-04-22T06:22:33.144+0000] {logging_mixin.py:137} INFO - [2024-04-22T06:22:33.144+0000] {dagbag.py:538} INFO - Filling up the DagBag from /usr/local/python/3.10.13/lib/python3.10/site-packages/airflow/example_dags/example_dag_decorator.py
[2024-04-22T06:22:33.159+0000] {logging_mixin.py:137} INFO - [2024-04-22T06:22:33.159+0000] {taskmixin.py:205} WARNING - Dependency <Task(_PythonDecoratedOperator): prepare_email>, send_email already registered for DAG: example_dag_decorator
[2024-04-22T06:22:33.160+0000] {logging_mixin.py:137} INFO - [2024-04-22T06:22:33.159+0000] {taskmixin.py:205} WARNING - Dependency <Task(EmailOperator): send_email>, prepare_email already registered for DAG: example_dag_decorator
[2024-04-22T06:22:33.169+0000] {processor.py:753} INFO - DAG(s) dict_keys(['example_dag_decorator']) retrieved from /usr/local/python/3.10.13/lib/python3.10/site-packages/airflow/example_dags/example_dag_decorator.py
[2024-04-22T06:22:33.298+0000] {logging_mixin.py:137} INFO - [2024-04-22T06:22:33.298+0000] {dag.py:2690} INFO - Sync 1 DAGs
[2024-04-22T06:22:33.312+0000] {logging_mixin.py:137} INFO - [2024-04-22T06:22:33.312+0000] {dag.py:3437} INFO - Setting next_dagrun for example_dag_decorator to None, run_after=None
[2024-04-22T06:22:33.360+0000] {processor.py:175} INFO - Processing /usr/local/python/3.10.13/lib/python3.10/site-packages/airflow/example_dags/example_dag_decorator.py took 0.219 seconds
[2024-04-22T06:23:16.419+0000] {processor.py:153} INFO - Started process (PID=47693) to work on /usr/local/python/3.10.13/lib/python3.10/site-packages/airflow/example_dags/example_dag_decorator.py
[2024-04-22T06:23:16.420+0000] {processor.py:743} INFO - Processing file /usr/local/python/3.10.13/lib/python3.10/site-packages/airflow/example_dags/example_dag_decorator.py for tasks to queue
[2024-04-22T06:23:16.420+0000] {logging_mixin.py:137} INFO - [2024-04-22T06:23:16.420+0000] {dagbag.py:538} INFO - Filling up the DagBag from /usr/local/python/3.10.13/lib/python3.10/site-packages/airflow/example_dags/example_dag_decorator.py
[2024-04-22T06:23:16.435+0000] {logging_mixin.py:137} INFO - [2024-04-22T06:23:16.435+0000] {taskmixin.py:205} WARNING - Dependency <Task(_PythonDecoratedOperator): prepare_email>, send_email already registered for DAG: example_dag_decorator
[2024-04-22T06:23:16.436+0000] {logging_mixin.py:137} INFO - [2024-04-22T06:23:16.435+0000] {taskmixin.py:205} WARNING - Dependency <Task(EmailOperator): send_email>, prepare_email already registered for DAG: example_dag_decorator
[2024-04-22T06:23:16.538+0000] {processor.py:753} INFO - DAG(s) dict_keys(['example_dag_decorator']) retrieved from /usr/local/python/3.10.13/lib/python3.10/site-packages/airflow/example_dags/example_dag_decorator.py
[2024-04-22T06:23:16.576+0000] {logging_mixin.py:137} INFO - [2024-04-22T06:23:16.576+0000] {dag.py:2690} INFO - Sync 1 DAGs
[2024-04-22T06:23:16.589+0000] {logging_mixin.py:137} INFO - [2024-04-22T06:23:16.589+0000] {dag.py:3437} INFO - Setting next_dagrun for example_dag_decorator to None, run_after=None
[2024-04-22T06:23:16.636+0000] {processor.py:175} INFO - Processing /usr/local/python/3.10.13/lib/python3.10/site-packages/airflow/example_dags/example_dag_decorator.py took 0.219 seconds
[2024-04-22T06:23:59.783+0000] {processor.py:153} INFO - Started process (PID=48152) to work on /usr/local/python/3.10.13/lib/python3.10/site-packages/airflow/example_dags/example_dag_decorator.py
[2024-04-22T06:23:59.784+0000] {processor.py:743} INFO - Processing file /usr/local/python/3.10.13/lib/python3.10/site-packages/airflow/example_dags/example_dag_decorator.py for tasks to queue
[2024-04-22T06:23:59.784+0000] {logging_mixin.py:137} INFO - [2024-04-22T06:23:59.784+0000] {dagbag.py:538} INFO - Filling up the DagBag from /usr/local/python/3.10.13/lib/python3.10/site-packages/airflow/example_dags/example_dag_decorator.py
[2024-04-22T06:23:59.899+0000] {logging_mixin.py:137} INFO - [2024-04-22T06:23:59.899+0000] {taskmixin.py:205} WARNING - Dependency <Task(_PythonDecoratedOperator): prepare_email>, send_email already registered for DAG: example_dag_decorator
[2024-04-22T06:23:59.899+0000] {logging_mixin.py:137} INFO - [2024-04-22T06:23:59.899+0000] {taskmixin.py:205} WARNING - Dependency <Task(EmailOperator): send_email>, prepare_email already registered for DAG: example_dag_decorator
[2024-04-22T06:23:59.908+0000] {processor.py:753} INFO - DAG(s) dict_keys(['example_dag_decorator']) retrieved from /usr/local/python/3.10.13/lib/python3.10/site-packages/airflow/example_dags/example_dag_decorator.py
[2024-04-22T06:23:59.945+0000] {logging_mixin.py:137} INFO - [2024-04-22T06:23:59.944+0000] {dag.py:2690} INFO - Sync 1 DAGs
[2024-04-22T06:23:59.958+0000] {logging_mixin.py:137} INFO - [2024-04-22T06:23:59.958+0000] {dag.py:3437} INFO - Setting next_dagrun for example_dag_decorator to None, run_after=None
[2024-04-22T06:24:00.006+0000] {processor.py:175} INFO - Processing /usr/local/python/3.10.13/lib/python3.10/site-packages/airflow/example_dags/example_dag_decorator.py took 0.225 seconds
[2024-04-22T06:24:42.115+0000] {processor.py:153} INFO - Started process (PID=48628) to work on /usr/local/python/3.10.13/lib/python3.10/site-packages/airflow/example_dags/example_dag_decorator.py
[2024-04-22T06:24:42.115+0000] {processor.py:743} INFO - Processing file /usr/local/python/3.10.13/lib/python3.10/site-packages/airflow/example_dags/example_dag_decorator.py for tasks to queue
[2024-04-22T06:24:42.116+0000] {logging_mixin.py:137} INFO - [2024-04-22T06:24:42.116+0000] {dagbag.py:538} INFO - Filling up the DagBag from /usr/local/python/3.10.13/lib/python3.10/site-packages/airflow/example_dags/example_dag_decorator.py
[2024-04-22T06:24:42.227+0000] {logging_mixin.py:137} INFO - [2024-04-22T06:24:42.227+0000] {taskmixin.py:205} WARNING - Dependency <Task(_PythonDecoratedOperator): prepare_email>, send_email already registered for DAG: example_dag_decorator
[2024-04-22T06:24:42.227+0000] {logging_mixin.py:137} INFO - [2024-04-22T06:24:42.227+0000] {taskmixin.py:205} WARNING - Dependency <Task(EmailOperator): send_email>, prepare_email already registered for DAG: example_dag_decorator
[2024-04-22T06:24:42.236+0000] {processor.py:753} INFO - DAG(s) dict_keys(['example_dag_decorator']) retrieved from /usr/local/python/3.10.13/lib/python3.10/site-packages/airflow/example_dags/example_dag_decorator.py
[2024-04-22T06:24:42.280+0000] {logging_mixin.py:137} INFO - [2024-04-22T06:24:42.280+0000] {dag.py:2690} INFO - Sync 1 DAGs
[2024-04-22T06:24:42.293+0000] {logging_mixin.py:137} INFO - [2024-04-22T06:24:42.293+0000] {dag.py:3437} INFO - Setting next_dagrun for example_dag_decorator to None, run_after=None
[2024-04-22T06:24:42.344+0000] {processor.py:175} INFO - Processing /usr/local/python/3.10.13/lib/python3.10/site-packages/airflow/example_dags/example_dag_decorator.py took 0.231 seconds
[2024-04-22T06:25:24.863+0000] {processor.py:153} INFO - Started process (PID=49069) to work on /usr/local/python/3.10.13/lib/python3.10/site-packages/airflow/example_dags/example_dag_decorator.py
[2024-04-22T06:25:24.864+0000] {processor.py:743} INFO - Processing file /usr/local/python/3.10.13/lib/python3.10/site-packages/airflow/example_dags/example_dag_decorator.py for tasks to queue
[2024-04-22T06:25:24.864+0000] {logging_mixin.py:137} INFO - [2024-04-22T06:25:24.864+0000] {dagbag.py:538} INFO - Filling up the DagBag from /usr/local/python/3.10.13/lib/python3.10/site-packages/airflow/example_dags/example_dag_decorator.py
[2024-04-22T06:25:24.879+0000] {logging_mixin.py:137} INFO - [2024-04-22T06:25:24.879+0000] {taskmixin.py:205} WARNING - Dependency <Task(_PythonDecoratedOperator): prepare_email>, send_email already registered for DAG: example_dag_decorator
[2024-04-22T06:25:24.879+0000] {logging_mixin.py:137} INFO - [2024-04-22T06:25:24.879+0000] {taskmixin.py:205} WARNING - Dependency <Task(EmailOperator): send_email>, prepare_email already registered for DAG: example_dag_decorator
[2024-04-22T06:25:24.889+0000] {processor.py:753} INFO - DAG(s) dict_keys(['example_dag_decorator']) retrieved from /usr/local/python/3.10.13/lib/python3.10/site-packages/airflow/example_dags/example_dag_decorator.py
[2024-04-22T06:25:24.942+0000] {logging_mixin.py:137} INFO - [2024-04-22T06:25:24.942+0000] {dag.py:2690} INFO - Sync 1 DAGs
[2024-04-22T06:25:24.956+0000] {logging_mixin.py:137} INFO - [2024-04-22T06:25:24.956+0000] {dag.py:3437} INFO - Setting next_dagrun for example_dag_decorator to None, run_after=None
[2024-04-22T06:25:25.004+0000] {processor.py:175} INFO - Processing /usr/local/python/3.10.13/lib/python3.10/site-packages/airflow/example_dags/example_dag_decorator.py took 0.144 seconds
[2024-04-22T06:26:09.105+0000] {processor.py:153} INFO - Started process (PID=49526) to work on /usr/local/python/3.10.13/lib/python3.10/site-packages/airflow/example_dags/example_dag_decorator.py
[2024-04-22T06:26:09.105+0000] {processor.py:743} INFO - Processing file /usr/local/python/3.10.13/lib/python3.10/site-packages/airflow/example_dags/example_dag_decorator.py for tasks to queue
[2024-04-22T06:26:09.106+0000] {logging_mixin.py:137} INFO - [2024-04-22T06:26:09.106+0000] {dagbag.py:538} INFO - Filling up the DagBag from /usr/local/python/3.10.13/lib/python3.10/site-packages/airflow/example_dags/example_dag_decorator.py
[2024-04-22T06:26:09.121+0000] {logging_mixin.py:137} INFO - [2024-04-22T06:26:09.121+0000] {taskmixin.py:205} WARNING - Dependency <Task(_PythonDecoratedOperator): prepare_email>, send_email already registered for DAG: example_dag_decorator
[2024-04-22T06:26:09.121+0000] {logging_mixin.py:137} INFO - [2024-04-22T06:26:09.121+0000] {taskmixin.py:205} WARNING - Dependency <Task(EmailOperator): send_email>, prepare_email already registered for DAG: example_dag_decorator
[2024-04-22T06:26:09.131+0000] {processor.py:753} INFO - DAG(s) dict_keys(['example_dag_decorator']) retrieved from /usr/local/python/3.10.13/lib/python3.10/site-packages/airflow/example_dags/example_dag_decorator.py
[2024-04-22T06:26:09.170+0000] {logging_mixin.py:137} INFO - [2024-04-22T06:26:09.170+0000] {dag.py:2690} INFO - Sync 1 DAGs
[2024-04-22T06:26:09.184+0000] {logging_mixin.py:137} INFO - [2024-04-22T06:26:09.184+0000] {dag.py:3437} INFO - Setting next_dagrun for example_dag_decorator to None, run_after=None
[2024-04-22T06:26:09.235+0000] {processor.py:175} INFO - Processing /usr/local/python/3.10.13/lib/python3.10/site-packages/airflow/example_dags/example_dag_decorator.py took 0.132 seconds
[2024-04-22T06:26:47.446+0000] {processor.py:153} INFO - Started process (PID=49869) to work on /usr/local/python/3.10.13/lib/python3.10/site-packages/airflow/example_dags/example_dag_decorator.py
[2024-04-22T06:26:47.446+0000] {processor.py:743} INFO - Processing file /usr/local/python/3.10.13/lib/python3.10/site-packages/airflow/example_dags/example_dag_decorator.py for tasks to queue
[2024-04-22T06:26:47.447+0000] {logging_mixin.py:137} INFO - [2024-04-22T06:26:47.447+0000] {dagbag.py:538} INFO - Filling up the DagBag from /usr/local/python/3.10.13/lib/python3.10/site-packages/airflow/example_dags/example_dag_decorator.py
[2024-04-22T06:26:47.464+0000] {logging_mixin.py:137} INFO - [2024-04-22T06:26:47.464+0000] {taskmixin.py:205} WARNING - Dependency <Task(_PythonDecoratedOperator): prepare_email>, send_email already registered for DAG: example_dag_decorator
[2024-04-22T06:26:47.464+0000] {logging_mixin.py:137} INFO - [2024-04-22T06:26:47.464+0000] {taskmixin.py:205} WARNING - Dependency <Task(EmailOperator): send_email>, prepare_email already registered for DAG: example_dag_decorator
[2024-04-22T06:26:47.474+0000] {processor.py:753} INFO - DAG(s) dict_keys(['example_dag_decorator']) retrieved from /usr/local/python/3.10.13/lib/python3.10/site-packages/airflow/example_dags/example_dag_decorator.py
[2024-04-22T06:26:47.513+0000] {logging_mixin.py:137} INFO - [2024-04-22T06:26:47.513+0000] {dag.py:2690} INFO - Sync 1 DAGs
[2024-04-22T06:26:47.527+0000] {logging_mixin.py:137} INFO - [2024-04-22T06:26:47.527+0000] {dag.py:3437} INFO - Setting next_dagrun for example_dag_decorator to None, run_after=None
[2024-04-22T06:26:47.580+0000] {processor.py:175} INFO - Processing /usr/local/python/3.10.13/lib/python3.10/site-packages/airflow/example_dags/example_dag_decorator.py took 0.136 seconds
[2024-04-22T06:27:29.327+0000] {processor.py:153} INFO - Started process (PID=50266) to work on /usr/local/python/3.10.13/lib/python3.10/site-packages/airflow/example_dags/example_dag_decorator.py
[2024-04-22T06:27:29.328+0000] {processor.py:743} INFO - Processing file /usr/local/python/3.10.13/lib/python3.10/site-packages/airflow/example_dags/example_dag_decorator.py for tasks to queue
[2024-04-22T06:27:29.328+0000] {logging_mixin.py:137} INFO - [2024-04-22T06:27:29.328+0000] {dagbag.py:538} INFO - Filling up the DagBag from /usr/local/python/3.10.13/lib/python3.10/site-packages/airflow/example_dags/example_dag_decorator.py
[2024-04-22T06:27:29.343+0000] {logging_mixin.py:137} INFO - [2024-04-22T06:27:29.343+0000] {taskmixin.py:205} WARNING - Dependency <Task(_PythonDecoratedOperator): prepare_email>, send_email already registered for DAG: example_dag_decorator
[2024-04-22T06:27:29.343+0000] {logging_mixin.py:137} INFO - [2024-04-22T06:27:29.343+0000] {taskmixin.py:205} WARNING - Dependency <Task(EmailOperator): send_email>, prepare_email already registered for DAG: example_dag_decorator
[2024-04-22T06:27:29.353+0000] {processor.py:753} INFO - DAG(s) dict_keys(['example_dag_decorator']) retrieved from /usr/local/python/3.10.13/lib/python3.10/site-packages/airflow/example_dags/example_dag_decorator.py
[2024-04-22T06:27:29.391+0000] {logging_mixin.py:137} INFO - [2024-04-22T06:27:29.391+0000] {dag.py:2690} INFO - Sync 1 DAGs
[2024-04-22T06:27:29.405+0000] {logging_mixin.py:137} INFO - [2024-04-22T06:27:29.405+0000] {dag.py:3437} INFO - Setting next_dagrun for example_dag_decorator to None, run_after=None
[2024-04-22T06:27:29.450+0000] {processor.py:175} INFO - Processing /usr/local/python/3.10.13/lib/python3.10/site-packages/airflow/example_dags/example_dag_decorator.py took 0.125 seconds
