[2024-04-22T06:13:16.848+0000] {processor.py:153} INFO - Started process (PID=43416) to work on /usr/local/python/3.10.13/lib/python3.10/site-packages/airflow/example_dags/example_external_task_marker_dag.py
[2024-04-22T06:13:16.849+0000] {processor.py:743} INFO - Processing file /usr/local/python/3.10.13/lib/python3.10/site-packages/airflow/example_dags/example_external_task_marker_dag.py for tasks to queue
[2024-04-22T06:13:16.849+0000] {logging_mixin.py:137} INFO - [2024-04-22T06:13:16.849+0000] {dagbag.py:538} INFO - Filling up the DagBag from /usr/local/python/3.10.13/lib/python3.10/site-packages/airflow/example_dags/example_external_task_marker_dag.py
[2024-04-22T06:13:16.861+0000] {processor.py:753} INFO - DAG(s) dict_keys(['example_external_task_marker_parent', 'example_external_task_marker_child']) retrieved from /usr/local/python/3.10.13/lib/python3.10/site-packages/airflow/example_dags/example_external_task_marker_dag.py
[2024-04-22T06:13:17.002+0000] {logging_mixin.py:137} INFO - [2024-04-22T06:13:17.002+0000] {manager.py:504} INFO - Created Permission View: can delete on DAG:example_external_task_marker_parent
[2024-04-22T06:13:17.044+0000] {logging_mixin.py:137} INFO - [2024-04-22T06:13:17.044+0000] {manager.py:504} INFO - Created Permission View: can edit on DAG:example_external_task_marker_parent
[2024-04-22T06:13:17.080+0000] {logging_mixin.py:137} INFO - [2024-04-22T06:13:17.080+0000] {manager.py:504} INFO - Created Permission View: can read on DAG:example_external_task_marker_parent
[2024-04-22T06:13:17.163+0000] {logging_mixin.py:137} INFO - [2024-04-22T06:13:17.163+0000] {manager.py:504} INFO - Created Permission View: can delete on DAG:example_external_task_marker_child
[2024-04-22T06:13:17.205+0000] {logging_mixin.py:137} INFO - [2024-04-22T06:13:17.205+0000] {manager.py:504} INFO - Created Permission View: can edit on DAG:example_external_task_marker_child
[2024-04-22T06:13:17.241+0000] {logging_mixin.py:137} INFO - [2024-04-22T06:13:17.240+0000] {manager.py:504} INFO - Created Permission View: can read on DAG:example_external_task_marker_child
[2024-04-22T06:13:17.241+0000] {logging_mixin.py:137} INFO - [2024-04-22T06:13:17.241+0000] {dag.py:2690} INFO - Sync 2 DAGs
[2024-04-22T06:13:17.249+0000] {logging_mixin.py:137} INFO - [2024-04-22T06:13:17.249+0000] {dag.py:2711} INFO - Creating ORM DAG for example_external_task_marker_parent
[2024-04-22T06:13:17.249+0000] {logging_mixin.py:137} INFO - [2024-04-22T06:13:17.249+0000] {dag.py:2711} INFO - Creating ORM DAG for example_external_task_marker_child
[2024-04-22T06:13:17.256+0000] {logging_mixin.py:137} INFO - [2024-04-22T06:13:17.256+0000] {dag.py:3437} INFO - Setting next_dagrun for example_external_task_marker_child to None, run_after=None
[2024-04-22T06:13:17.257+0000] {logging_mixin.py:137} INFO - [2024-04-22T06:13:17.257+0000] {dag.py:3437} INFO - Setting next_dagrun for example_external_task_marker_parent to None, run_after=None
[2024-04-22T06:13:17.314+0000] {processor.py:175} INFO - Processing /usr/local/python/3.10.13/lib/python3.10/site-packages/airflow/example_dags/example_external_task_marker_dag.py took 0.468 seconds
[2024-04-22T06:14:01.044+0000] {processor.py:153} INFO - Started process (PID=43702) to work on /usr/local/python/3.10.13/lib/python3.10/site-packages/airflow/example_dags/example_external_task_marker_dag.py
[2024-04-22T06:14:01.045+0000] {processor.py:743} INFO - Processing file /usr/local/python/3.10.13/lib/python3.10/site-packages/airflow/example_dags/example_external_task_marker_dag.py for tasks to queue
[2024-04-22T06:14:01.046+0000] {logging_mixin.py:137} INFO - [2024-04-22T06:14:01.046+0000] {dagbag.py:538} INFO - Filling up the DagBag from /usr/local/python/3.10.13/lib/python3.10/site-packages/airflow/example_dags/example_external_task_marker_dag.py
[2024-04-22T06:14:01.057+0000] {processor.py:753} INFO - DAG(s) dict_keys(['example_external_task_marker_parent', 'example_external_task_marker_child']) retrieved from /usr/local/python/3.10.13/lib/python3.10/site-packages/airflow/example_dags/example_external_task_marker_dag.py
[2024-04-22T06:14:01.073+0000] {logging_mixin.py:137} INFO - [2024-04-22T06:14:01.073+0000] {dag.py:2690} INFO - Sync 2 DAGs
[2024-04-22T06:14:01.088+0000] {logging_mixin.py:137} INFO - [2024-04-22T06:14:01.088+0000] {dag.py:3437} INFO - Setting next_dagrun for example_external_task_marker_child to None, run_after=None
[2024-04-22T06:14:01.090+0000] {logging_mixin.py:137} INFO - [2024-04-22T06:14:01.090+0000] {dag.py:3437} INFO - Setting next_dagrun for example_external_task_marker_parent to None, run_after=None
[2024-04-22T06:14:01.135+0000] {processor.py:175} INFO - Processing /usr/local/python/3.10.13/lib/python3.10/site-packages/airflow/example_dags/example_external_task_marker_dag.py took 0.093 seconds
[2024-04-22T06:14:41.788+0000] {processor.py:153} INFO - Started process (PID=43977) to work on /usr/local/python/3.10.13/lib/python3.10/site-packages/airflow/example_dags/example_external_task_marker_dag.py
[2024-04-22T06:14:41.789+0000] {processor.py:743} INFO - Processing file /usr/local/python/3.10.13/lib/python3.10/site-packages/airflow/example_dags/example_external_task_marker_dag.py for tasks to queue
[2024-04-22T06:14:41.789+0000] {logging_mixin.py:137} INFO - [2024-04-22T06:14:41.789+0000] {dagbag.py:538} INFO - Filling up the DagBag from /usr/local/python/3.10.13/lib/python3.10/site-packages/airflow/example_dags/example_external_task_marker_dag.py
[2024-04-22T06:14:41.802+0000] {processor.py:753} INFO - DAG(s) dict_keys(['example_external_task_marker_child', 'example_external_task_marker_parent']) retrieved from /usr/local/python/3.10.13/lib/python3.10/site-packages/airflow/example_dags/example_external_task_marker_dag.py
[2024-04-22T06:14:41.817+0000] {logging_mixin.py:137} INFO - [2024-04-22T06:14:41.817+0000] {dag.py:2690} INFO - Sync 2 DAGs
[2024-04-22T06:14:41.832+0000] {logging_mixin.py:137} INFO - [2024-04-22T06:14:41.832+0000] {dag.py:3437} INFO - Setting next_dagrun for example_external_task_marker_child to None, run_after=None
[2024-04-22T06:14:41.835+0000] {logging_mixin.py:137} INFO - [2024-04-22T06:14:41.835+0000] {dag.py:3437} INFO - Setting next_dagrun for example_external_task_marker_parent to None, run_after=None
[2024-04-22T06:14:41.880+0000] {processor.py:175} INFO - Processing /usr/local/python/3.10.13/lib/python3.10/site-packages/airflow/example_dags/example_external_task_marker_dag.py took 0.094 seconds
[2024-04-22T06:15:21.206+0000] {processor.py:153} INFO - Started process (PID=44252) to work on /usr/local/python/3.10.13/lib/python3.10/site-packages/airflow/example_dags/example_external_task_marker_dag.py
[2024-04-22T06:15:21.207+0000] {processor.py:743} INFO - Processing file /usr/local/python/3.10.13/lib/python3.10/site-packages/airflow/example_dags/example_external_task_marker_dag.py for tasks to queue
[2024-04-22T06:15:21.207+0000] {logging_mixin.py:137} INFO - [2024-04-22T06:15:21.207+0000] {dagbag.py:538} INFO - Filling up the DagBag from /usr/local/python/3.10.13/lib/python3.10/site-packages/airflow/example_dags/example_external_task_marker_dag.py
[2024-04-22T06:15:21.220+0000] {processor.py:753} INFO - DAG(s) dict_keys(['example_external_task_marker_parent', 'example_external_task_marker_child']) retrieved from /usr/local/python/3.10.13/lib/python3.10/site-packages/airflow/example_dags/example_external_task_marker_dag.py
[2024-04-22T06:15:21.235+0000] {logging_mixin.py:137} INFO - [2024-04-22T06:15:21.235+0000] {dag.py:2690} INFO - Sync 2 DAGs
[2024-04-22T06:15:21.249+0000] {logging_mixin.py:137} INFO - [2024-04-22T06:15:21.249+0000] {dag.py:3437} INFO - Setting next_dagrun for example_external_task_marker_child to None, run_after=None
[2024-04-22T06:15:21.251+0000] {logging_mixin.py:137} INFO - [2024-04-22T06:15:21.251+0000] {dag.py:3437} INFO - Setting next_dagrun for example_external_task_marker_parent to None, run_after=None
[2024-04-22T06:15:21.299+0000] {processor.py:175} INFO - Processing /usr/local/python/3.10.13/lib/python3.10/site-packages/airflow/example_dags/example_external_task_marker_dag.py took 0.095 seconds
[2024-04-22T06:16:01.929+0000] {processor.py:153} INFO - Started process (PID=44520) to work on /usr/local/python/3.10.13/lib/python3.10/site-packages/airflow/example_dags/example_external_task_marker_dag.py
[2024-04-22T06:16:01.929+0000] {processor.py:743} INFO - Processing file /usr/local/python/3.10.13/lib/python3.10/site-packages/airflow/example_dags/example_external_task_marker_dag.py for tasks to queue
[2024-04-22T06:16:01.930+0000] {logging_mixin.py:137} INFO - [2024-04-22T06:16:01.930+0000] {dagbag.py:538} INFO - Filling up the DagBag from /usr/local/python/3.10.13/lib/python3.10/site-packages/airflow/example_dags/example_external_task_marker_dag.py
[2024-04-22T06:16:01.942+0000] {processor.py:753} INFO - DAG(s) dict_keys(['example_external_task_marker_parent', 'example_external_task_marker_child']) retrieved from /usr/local/python/3.10.13/lib/python3.10/site-packages/airflow/example_dags/example_external_task_marker_dag.py
[2024-04-22T06:16:01.957+0000] {logging_mixin.py:137} INFO - [2024-04-22T06:16:01.956+0000] {dag.py:2690} INFO - Sync 2 DAGs
[2024-04-22T06:16:01.972+0000] {logging_mixin.py:137} INFO - [2024-04-22T06:16:01.972+0000] {dag.py:3437} INFO - Setting next_dagrun for example_external_task_marker_child to None, run_after=None
[2024-04-22T06:16:01.975+0000] {logging_mixin.py:137} INFO - [2024-04-22T06:16:01.974+0000] {dag.py:3437} INFO - Setting next_dagrun for example_external_task_marker_parent to None, run_after=None
[2024-04-22T06:16:02.025+0000] {processor.py:175} INFO - Processing /usr/local/python/3.10.13/lib/python3.10/site-packages/airflow/example_dags/example_external_task_marker_dag.py took 0.099 seconds
[2024-04-22T06:16:44.895+0000] {processor.py:153} INFO - Started process (PID=44811) to work on /usr/local/python/3.10.13/lib/python3.10/site-packages/airflow/example_dags/example_external_task_marker_dag.py
[2024-04-22T06:16:44.896+0000] {processor.py:743} INFO - Processing file /usr/local/python/3.10.13/lib/python3.10/site-packages/airflow/example_dags/example_external_task_marker_dag.py for tasks to queue
[2024-04-22T06:16:44.896+0000] {logging_mixin.py:137} INFO - [2024-04-22T06:16:44.896+0000] {dagbag.py:538} INFO - Filling up the DagBag from /usr/local/python/3.10.13/lib/python3.10/site-packages/airflow/example_dags/example_external_task_marker_dag.py
[2024-04-22T06:16:44.908+0000] {processor.py:753} INFO - DAG(s) dict_keys(['example_external_task_marker_parent', 'example_external_task_marker_child']) retrieved from /usr/local/python/3.10.13/lib/python3.10/site-packages/airflow/example_dags/example_external_task_marker_dag.py
[2024-04-22T06:16:44.923+0000] {logging_mixin.py:137} INFO - [2024-04-22T06:16:44.922+0000] {dag.py:2690} INFO - Sync 2 DAGs
[2024-04-22T06:16:44.938+0000] {logging_mixin.py:137} INFO - [2024-04-22T06:16:44.938+0000] {dag.py:3437} INFO - Setting next_dagrun for example_external_task_marker_child to None, run_after=None
[2024-04-22T06:16:44.941+0000] {logging_mixin.py:137} INFO - [2024-04-22T06:16:44.941+0000] {dag.py:3437} INFO - Setting next_dagrun for example_external_task_marker_parent to None, run_after=None
[2024-04-22T06:16:44.985+0000] {processor.py:175} INFO - Processing /usr/local/python/3.10.13/lib/python3.10/site-packages/airflow/example_dags/example_external_task_marker_dag.py took 0.092 seconds
[2024-04-22T06:17:26.465+0000] {processor.py:153} INFO - Started process (PID=45096) to work on /usr/local/python/3.10.13/lib/python3.10/site-packages/airflow/example_dags/example_external_task_marker_dag.py
[2024-04-22T06:17:26.465+0000] {processor.py:743} INFO - Processing file /usr/local/python/3.10.13/lib/python3.10/site-packages/airflow/example_dags/example_external_task_marker_dag.py for tasks to queue
[2024-04-22T06:17:26.466+0000] {logging_mixin.py:137} INFO - [2024-04-22T06:17:26.466+0000] {dagbag.py:538} INFO - Filling up the DagBag from /usr/local/python/3.10.13/lib/python3.10/site-packages/airflow/example_dags/example_external_task_marker_dag.py
[2024-04-22T06:17:26.477+0000] {processor.py:753} INFO - DAG(s) dict_keys(['example_external_task_marker_parent', 'example_external_task_marker_child']) retrieved from /usr/local/python/3.10.13/lib/python3.10/site-packages/airflow/example_dags/example_external_task_marker_dag.py
[2024-04-22T06:17:26.492+0000] {logging_mixin.py:137} INFO - [2024-04-22T06:17:26.492+0000] {dag.py:2690} INFO - Sync 2 DAGs
[2024-04-22T06:17:26.509+0000] {logging_mixin.py:137} INFO - [2024-04-22T06:17:26.509+0000] {dag.py:3437} INFO - Setting next_dagrun for example_external_task_marker_child to None, run_after=None
[2024-04-22T06:17:26.513+0000] {logging_mixin.py:137} INFO - [2024-04-22T06:17:26.513+0000] {dag.py:3437} INFO - Setting next_dagrun for example_external_task_marker_parent to None, run_after=None
[2024-04-22T06:17:26.565+0000] {processor.py:175} INFO - Processing /usr/local/python/3.10.13/lib/python3.10/site-packages/airflow/example_dags/example_external_task_marker_dag.py took 0.103 seconds
[2024-04-22T06:18:06.073+0000] {processor.py:153} INFO - Started process (PID=45428) to work on /usr/local/python/3.10.13/lib/python3.10/site-packages/airflow/example_dags/example_external_task_marker_dag.py
[2024-04-22T06:18:06.074+0000] {processor.py:743} INFO - Processing file /usr/local/python/3.10.13/lib/python3.10/site-packages/airflow/example_dags/example_external_task_marker_dag.py for tasks to queue
[2024-04-22T06:18:06.074+0000] {logging_mixin.py:137} INFO - [2024-04-22T06:18:06.074+0000] {dagbag.py:538} INFO - Filling up the DagBag from /usr/local/python/3.10.13/lib/python3.10/site-packages/airflow/example_dags/example_external_task_marker_dag.py
[2024-04-22T06:18:06.086+0000] {processor.py:753} INFO - DAG(s) dict_keys(['example_external_task_marker_child', 'example_external_task_marker_parent']) retrieved from /usr/local/python/3.10.13/lib/python3.10/site-packages/airflow/example_dags/example_external_task_marker_dag.py
[2024-04-22T06:18:06.101+0000] {logging_mixin.py:137} INFO - [2024-04-22T06:18:06.101+0000] {dag.py:2690} INFO - Sync 2 DAGs
[2024-04-22T06:18:06.115+0000] {logging_mixin.py:137} INFO - [2024-04-22T06:18:06.115+0000] {dag.py:3437} INFO - Setting next_dagrun for example_external_task_marker_child to None, run_after=None
[2024-04-22T06:18:06.117+0000] {logging_mixin.py:137} INFO - [2024-04-22T06:18:06.117+0000] {dag.py:3437} INFO - Setting next_dagrun for example_external_task_marker_parent to None, run_after=None
[2024-04-22T06:18:06.162+0000] {processor.py:175} INFO - Processing /usr/local/python/3.10.13/lib/python3.10/site-packages/airflow/example_dags/example_external_task_marker_dag.py took 0.091 seconds
[2024-04-22T06:18:48.620+0000] {processor.py:153} INFO - Started process (PID=45720) to work on /usr/local/python/3.10.13/lib/python3.10/site-packages/airflow/example_dags/example_external_task_marker_dag.py
[2024-04-22T06:18:48.621+0000] {processor.py:743} INFO - Processing file /usr/local/python/3.10.13/lib/python3.10/site-packages/airflow/example_dags/example_external_task_marker_dag.py for tasks to queue
[2024-04-22T06:18:48.621+0000] {logging_mixin.py:137} INFO - [2024-04-22T06:18:48.621+0000] {dagbag.py:538} INFO - Filling up the DagBag from /usr/local/python/3.10.13/lib/python3.10/site-packages/airflow/example_dags/example_external_task_marker_dag.py
[2024-04-22T06:18:48.633+0000] {processor.py:753} INFO - DAG(s) dict_keys(['example_external_task_marker_child', 'example_external_task_marker_parent']) retrieved from /usr/local/python/3.10.13/lib/python3.10/site-packages/airflow/example_dags/example_external_task_marker_dag.py
[2024-04-22T06:18:48.653+0000] {logging_mixin.py:137} INFO - [2024-04-22T06:18:48.653+0000] {dag.py:2690} INFO - Sync 2 DAGs
[2024-04-22T06:18:48.679+0000] {logging_mixin.py:137} INFO - [2024-04-22T06:18:48.678+0000] {dag.py:3437} INFO - Setting next_dagrun for example_external_task_marker_child to None, run_after=None
[2024-04-22T06:18:48.682+0000] {logging_mixin.py:137} INFO - [2024-04-22T06:18:48.682+0000] {dag.py:3437} INFO - Setting next_dagrun for example_external_task_marker_parent to None, run_after=None
[2024-04-22T06:18:48.737+0000] {processor.py:175} INFO - Processing /usr/local/python/3.10.13/lib/python3.10/site-packages/airflow/example_dags/example_external_task_marker_dag.py took 0.119 seconds
[2024-04-22T06:19:30.621+0000] {processor.py:153} INFO - Started process (PID=46022) to work on /usr/local/python/3.10.13/lib/python3.10/site-packages/airflow/example_dags/example_external_task_marker_dag.py
[2024-04-22T06:19:30.622+0000] {processor.py:743} INFO - Processing file /usr/local/python/3.10.13/lib/python3.10/site-packages/airflow/example_dags/example_external_task_marker_dag.py for tasks to queue
[2024-04-22T06:19:30.622+0000] {logging_mixin.py:137} INFO - [2024-04-22T06:19:30.622+0000] {dagbag.py:538} INFO - Filling up the DagBag from /usr/local/python/3.10.13/lib/python3.10/site-packages/airflow/example_dags/example_external_task_marker_dag.py
[2024-04-22T06:19:30.635+0000] {processor.py:753} INFO - DAG(s) dict_keys(['example_external_task_marker_child', 'example_external_task_marker_parent']) retrieved from /usr/local/python/3.10.13/lib/python3.10/site-packages/airflow/example_dags/example_external_task_marker_dag.py
[2024-04-22T06:19:30.650+0000] {logging_mixin.py:137} INFO - [2024-04-22T06:19:30.650+0000] {dag.py:2690} INFO - Sync 2 DAGs
[2024-04-22T06:19:30.665+0000] {logging_mixin.py:137} INFO - [2024-04-22T06:19:30.665+0000] {dag.py:3437} INFO - Setting next_dagrun for example_external_task_marker_child to None, run_after=None
[2024-04-22T06:19:30.667+0000] {logging_mixin.py:137} INFO - [2024-04-22T06:19:30.667+0000] {dag.py:3437} INFO - Setting next_dagrun for example_external_task_marker_parent to None, run_after=None
[2024-04-22T06:19:30.712+0000] {processor.py:175} INFO - Processing /usr/local/python/3.10.13/lib/python3.10/site-packages/airflow/example_dags/example_external_task_marker_dag.py took 0.093 seconds
[2024-04-22T06:20:14.189+0000] {processor.py:153} INFO - Started process (PID=46315) to work on /usr/local/python/3.10.13/lib/python3.10/site-packages/airflow/example_dags/example_external_task_marker_dag.py
[2024-04-22T06:20:14.190+0000] {processor.py:743} INFO - Processing file /usr/local/python/3.10.13/lib/python3.10/site-packages/airflow/example_dags/example_external_task_marker_dag.py for tasks to queue
[2024-04-22T06:20:14.190+0000] {logging_mixin.py:137} INFO - [2024-04-22T06:20:14.190+0000] {dagbag.py:538} INFO - Filling up the DagBag from /usr/local/python/3.10.13/lib/python3.10/site-packages/airflow/example_dags/example_external_task_marker_dag.py
[2024-04-22T06:20:14.202+0000] {processor.py:753} INFO - DAG(s) dict_keys(['example_external_task_marker_parent', 'example_external_task_marker_child']) retrieved from /usr/local/python/3.10.13/lib/python3.10/site-packages/airflow/example_dags/example_external_task_marker_dag.py
[2024-04-22T06:20:14.218+0000] {logging_mixin.py:137} INFO - [2024-04-22T06:20:14.218+0000] {dag.py:2690} INFO - Sync 2 DAGs
[2024-04-22T06:20:14.233+0000] {logging_mixin.py:137} INFO - [2024-04-22T06:20:14.233+0000] {dag.py:3437} INFO - Setting next_dagrun for example_external_task_marker_child to None, run_after=None
[2024-04-22T06:20:14.235+0000] {logging_mixin.py:137} INFO - [2024-04-22T06:20:14.235+0000] {dag.py:3437} INFO - Setting next_dagrun for example_external_task_marker_parent to None, run_after=None
[2024-04-22T06:20:14.280+0000] {processor.py:175} INFO - Processing /usr/local/python/3.10.13/lib/python3.10/site-packages/airflow/example_dags/example_external_task_marker_dag.py took 0.093 seconds
[2024-04-22T06:20:58.162+0000] {processor.py:153} INFO - Started process (PID=46606) to work on /usr/local/python/3.10.13/lib/python3.10/site-packages/airflow/example_dags/example_external_task_marker_dag.py
[2024-04-22T06:20:58.163+0000] {processor.py:743} INFO - Processing file /usr/local/python/3.10.13/lib/python3.10/site-packages/airflow/example_dags/example_external_task_marker_dag.py for tasks to queue
[2024-04-22T06:20:58.163+0000] {logging_mixin.py:137} INFO - [2024-04-22T06:20:58.163+0000] {dagbag.py:538} INFO - Filling up the DagBag from /usr/local/python/3.10.13/lib/python3.10/site-packages/airflow/example_dags/example_external_task_marker_dag.py
[2024-04-22T06:20:58.175+0000] {processor.py:753} INFO - DAG(s) dict_keys(['example_external_task_marker_parent', 'example_external_task_marker_child']) retrieved from /usr/local/python/3.10.13/lib/python3.10/site-packages/airflow/example_dags/example_external_task_marker_dag.py
[2024-04-22T06:20:58.190+0000] {logging_mixin.py:137} INFO - [2024-04-22T06:20:58.190+0000] {dag.py:2690} INFO - Sync 2 DAGs
[2024-04-22T06:20:58.205+0000] {logging_mixin.py:137} INFO - [2024-04-22T06:20:58.204+0000] {dag.py:3437} INFO - Setting next_dagrun for example_external_task_marker_child to None, run_after=None
[2024-04-22T06:20:58.208+0000] {logging_mixin.py:137} INFO - [2024-04-22T06:20:58.207+0000] {dag.py:3437} INFO - Setting next_dagrun for example_external_task_marker_parent to None, run_after=None
[2024-04-22T06:20:58.339+0000] {processor.py:175} INFO - Processing /usr/local/python/3.10.13/lib/python3.10/site-packages/airflow/example_dags/example_external_task_marker_dag.py took 0.179 seconds
[2024-04-22T06:21:43.260+0000] {processor.py:153} INFO - Started process (PID=46922) to work on /usr/local/python/3.10.13/lib/python3.10/site-packages/airflow/example_dags/example_external_task_marker_dag.py
[2024-04-22T06:21:43.261+0000] {processor.py:743} INFO - Processing file /usr/local/python/3.10.13/lib/python3.10/site-packages/airflow/example_dags/example_external_task_marker_dag.py for tasks to queue
[2024-04-22T06:21:43.262+0000] {logging_mixin.py:137} INFO - [2024-04-22T06:21:43.262+0000] {dagbag.py:538} INFO - Filling up the DagBag from /usr/local/python/3.10.13/lib/python3.10/site-packages/airflow/example_dags/example_external_task_marker_dag.py
[2024-04-22T06:21:43.274+0000] {processor.py:753} INFO - DAG(s) dict_keys(['example_external_task_marker_child', 'example_external_task_marker_parent']) retrieved from /usr/local/python/3.10.13/lib/python3.10/site-packages/airflow/example_dags/example_external_task_marker_dag.py
[2024-04-22T06:21:43.288+0000] {logging_mixin.py:137} INFO - [2024-04-22T06:21:43.288+0000] {dag.py:2690} INFO - Sync 2 DAGs
[2024-04-22T06:21:43.391+0000] {logging_mixin.py:137} INFO - [2024-04-22T06:21:43.391+0000] {dag.py:3437} INFO - Setting next_dagrun for example_external_task_marker_child to None, run_after=None
[2024-04-22T06:21:43.393+0000] {logging_mixin.py:137} INFO - [2024-04-22T06:21:43.393+0000] {dag.py:3437} INFO - Setting next_dagrun for example_external_task_marker_parent to None, run_after=None
[2024-04-22T06:21:43.438+0000] {processor.py:175} INFO - Processing /usr/local/python/3.10.13/lib/python3.10/site-packages/airflow/example_dags/example_external_task_marker_dag.py took 0.180 seconds
[2024-04-22T06:22:30.437+0000] {processor.py:153} INFO - Started process (PID=47316) to work on /usr/local/python/3.10.13/lib/python3.10/site-packages/airflow/example_dags/example_external_task_marker_dag.py
[2024-04-22T06:22:30.438+0000] {processor.py:743} INFO - Processing file /usr/local/python/3.10.13/lib/python3.10/site-packages/airflow/example_dags/example_external_task_marker_dag.py for tasks to queue
[2024-04-22T06:22:30.439+0000] {logging_mixin.py:137} INFO - [2024-04-22T06:22:30.439+0000] {dagbag.py:538} INFO - Filling up the DagBag from /usr/local/python/3.10.13/lib/python3.10/site-packages/airflow/example_dags/example_external_task_marker_dag.py
[2024-04-22T06:22:30.451+0000] {processor.py:753} INFO - DAG(s) dict_keys(['example_external_task_marker_child', 'example_external_task_marker_parent']) retrieved from /usr/local/python/3.10.13/lib/python3.10/site-packages/airflow/example_dags/example_external_task_marker_dag.py
[2024-04-22T06:22:30.466+0000] {logging_mixin.py:137} INFO - [2024-04-22T06:22:30.466+0000] {dag.py:2690} INFO - Sync 2 DAGs
[2024-04-22T06:22:30.571+0000] {logging_mixin.py:137} INFO - [2024-04-22T06:22:30.571+0000] {dag.py:3437} INFO - Setting next_dagrun for example_external_task_marker_child to None, run_after=None
[2024-04-22T06:22:30.573+0000] {logging_mixin.py:137} INFO - [2024-04-22T06:22:30.573+0000] {dag.py:3437} INFO - Setting next_dagrun for example_external_task_marker_parent to None, run_after=None
[2024-04-22T06:22:30.634+0000] {processor.py:175} INFO - Processing /usr/local/python/3.10.13/lib/python3.10/site-packages/airflow/example_dags/example_external_task_marker_dag.py took 0.199 seconds
[2024-04-22T06:23:13.850+0000] {processor.py:153} INFO - Started process (PID=47679) to work on /usr/local/python/3.10.13/lib/python3.10/site-packages/airflow/example_dags/example_external_task_marker_dag.py
[2024-04-22T06:23:13.852+0000] {processor.py:743} INFO - Processing file /usr/local/python/3.10.13/lib/python3.10/site-packages/airflow/example_dags/example_external_task_marker_dag.py for tasks to queue
[2024-04-22T06:23:13.853+0000] {logging_mixin.py:137} INFO - [2024-04-22T06:23:13.853+0000] {dagbag.py:538} INFO - Filling up the DagBag from /usr/local/python/3.10.13/lib/python3.10/site-packages/airflow/example_dags/example_external_task_marker_dag.py
[2024-04-22T06:23:13.865+0000] {processor.py:753} INFO - DAG(s) dict_keys(['example_external_task_marker_parent', 'example_external_task_marker_child']) retrieved from /usr/local/python/3.10.13/lib/python3.10/site-packages/airflow/example_dags/example_external_task_marker_dag.py
[2024-04-22T06:23:13.972+0000] {logging_mixin.py:137} INFO - [2024-04-22T06:23:13.972+0000] {dag.py:2690} INFO - Sync 2 DAGs
[2024-04-22T06:23:13.988+0000] {logging_mixin.py:137} INFO - [2024-04-22T06:23:13.988+0000] {dag.py:3437} INFO - Setting next_dagrun for example_external_task_marker_child to None, run_after=None
[2024-04-22T06:23:13.990+0000] {logging_mixin.py:137} INFO - [2024-04-22T06:23:13.990+0000] {dag.py:3437} INFO - Setting next_dagrun for example_external_task_marker_parent to None, run_after=None
[2024-04-22T06:23:14.037+0000] {processor.py:175} INFO - Processing /usr/local/python/3.10.13/lib/python3.10/site-packages/airflow/example_dags/example_external_task_marker_dag.py took 0.190 seconds
[2024-04-22T06:23:58.100+0000] {processor.py:153} INFO - Started process (PID=48132) to work on /usr/local/python/3.10.13/lib/python3.10/site-packages/airflow/example_dags/example_external_task_marker_dag.py
[2024-04-22T06:23:58.101+0000] {processor.py:743} INFO - Processing file /usr/local/python/3.10.13/lib/python3.10/site-packages/airflow/example_dags/example_external_task_marker_dag.py for tasks to queue
[2024-04-22T06:23:58.101+0000] {logging_mixin.py:137} INFO - [2024-04-22T06:23:58.101+0000] {dagbag.py:538} INFO - Filling up the DagBag from /usr/local/python/3.10.13/lib/python3.10/site-packages/airflow/example_dags/example_external_task_marker_dag.py
[2024-04-22T06:23:58.113+0000] {processor.py:753} INFO - DAG(s) dict_keys(['example_external_task_marker_parent', 'example_external_task_marker_child']) retrieved from /usr/local/python/3.10.13/lib/python3.10/site-packages/airflow/example_dags/example_external_task_marker_dag.py
[2024-04-22T06:23:58.218+0000] {logging_mixin.py:137} INFO - [2024-04-22T06:23:58.218+0000] {dag.py:2690} INFO - Sync 2 DAGs
[2024-04-22T06:23:58.232+0000] {logging_mixin.py:137} INFO - [2024-04-22T06:23:58.232+0000] {dag.py:3437} INFO - Setting next_dagrun for example_external_task_marker_child to None, run_after=None
[2024-04-22T06:23:58.234+0000] {logging_mixin.py:137} INFO - [2024-04-22T06:23:58.234+0000] {dag.py:3437} INFO - Setting next_dagrun for example_external_task_marker_parent to None, run_after=None
[2024-04-22T06:23:58.279+0000] {processor.py:175} INFO - Processing /usr/local/python/3.10.13/lib/python3.10/site-packages/airflow/example_dags/example_external_task_marker_dag.py took 0.181 seconds
[2024-04-22T06:24:40.373+0000] {processor.py:153} INFO - Started process (PID=48608) to work on /usr/local/python/3.10.13/lib/python3.10/site-packages/airflow/example_dags/example_external_task_marker_dag.py
[2024-04-22T06:24:40.374+0000] {processor.py:743} INFO - Processing file /usr/local/python/3.10.13/lib/python3.10/site-packages/airflow/example_dags/example_external_task_marker_dag.py for tasks to queue
[2024-04-22T06:24:40.375+0000] {logging_mixin.py:137} INFO - [2024-04-22T06:24:40.375+0000] {dagbag.py:538} INFO - Filling up the DagBag from /usr/local/python/3.10.13/lib/python3.10/site-packages/airflow/example_dags/example_external_task_marker_dag.py
[2024-04-22T06:24:40.482+0000] {processor.py:753} INFO - DAG(s) dict_keys(['example_external_task_marker_child', 'example_external_task_marker_parent']) retrieved from /usr/local/python/3.10.13/lib/python3.10/site-packages/airflow/example_dags/example_external_task_marker_dag.py
[2024-04-22T06:24:40.495+0000] {logging_mixin.py:137} INFO - [2024-04-22T06:24:40.495+0000] {dag.py:2690} INFO - Sync 2 DAGs
[2024-04-22T06:24:40.508+0000] {logging_mixin.py:137} INFO - [2024-04-22T06:24:40.508+0000] {dag.py:3437} INFO - Setting next_dagrun for example_external_task_marker_child to None, run_after=None
[2024-04-22T06:24:40.510+0000] {logging_mixin.py:137} INFO - [2024-04-22T06:24:40.510+0000] {dag.py:3437} INFO - Setting next_dagrun for example_external_task_marker_parent to None, run_after=None
[2024-04-22T06:24:40.555+0000] {processor.py:175} INFO - Processing /usr/local/python/3.10.13/lib/python3.10/site-packages/airflow/example_dags/example_external_task_marker_dag.py took 0.184 seconds
[2024-04-22T06:25:23.179+0000] {processor.py:153} INFO - Started process (PID=49055) to work on /usr/local/python/3.10.13/lib/python3.10/site-packages/airflow/example_dags/example_external_task_marker_dag.py
[2024-04-22T06:25:23.180+0000] {processor.py:743} INFO - Processing file /usr/local/python/3.10.13/lib/python3.10/site-packages/airflow/example_dags/example_external_task_marker_dag.py for tasks to queue
[2024-04-22T06:25:23.180+0000] {logging_mixin.py:137} INFO - [2024-04-22T06:25:23.180+0000] {dagbag.py:538} INFO - Filling up the DagBag from /usr/local/python/3.10.13/lib/python3.10/site-packages/airflow/example_dags/example_external_task_marker_dag.py
[2024-04-22T06:25:23.192+0000] {processor.py:753} INFO - DAG(s) dict_keys(['example_external_task_marker_child', 'example_external_task_marker_parent']) retrieved from /usr/local/python/3.10.13/lib/python3.10/site-packages/airflow/example_dags/example_external_task_marker_dag.py
[2024-04-22T06:25:23.207+0000] {logging_mixin.py:137} INFO - [2024-04-22T06:25:23.207+0000] {dag.py:2690} INFO - Sync 2 DAGs
[2024-04-22T06:25:23.222+0000] {logging_mixin.py:137} INFO - [2024-04-22T06:25:23.222+0000] {dag.py:3437} INFO - Setting next_dagrun for example_external_task_marker_child to None, run_after=None
[2024-04-22T06:25:23.225+0000] {logging_mixin.py:137} INFO - [2024-04-22T06:25:23.225+0000] {dag.py:3437} INFO - Setting next_dagrun for example_external_task_marker_parent to None, run_after=None
[2024-04-22T06:25:23.271+0000] {processor.py:175} INFO - Processing /usr/local/python/3.10.13/lib/python3.10/site-packages/airflow/example_dags/example_external_task_marker_dag.py took 0.094 seconds
[2024-04-22T06:26:06.635+0000] {processor.py:153} INFO - Started process (PID=49497) to work on /usr/local/python/3.10.13/lib/python3.10/site-packages/airflow/example_dags/example_external_task_marker_dag.py
[2024-04-22T06:26:06.636+0000] {processor.py:743} INFO - Processing file /usr/local/python/3.10.13/lib/python3.10/site-packages/airflow/example_dags/example_external_task_marker_dag.py for tasks to queue
[2024-04-22T06:26:06.636+0000] {logging_mixin.py:137} INFO - [2024-04-22T06:26:06.636+0000] {dagbag.py:538} INFO - Filling up the DagBag from /usr/local/python/3.10.13/lib/python3.10/site-packages/airflow/example_dags/example_external_task_marker_dag.py
[2024-04-22T06:26:06.648+0000] {processor.py:753} INFO - DAG(s) dict_keys(['example_external_task_marker_parent', 'example_external_task_marker_child']) retrieved from /usr/local/python/3.10.13/lib/python3.10/site-packages/airflow/example_dags/example_external_task_marker_dag.py
[2024-04-22T06:26:06.665+0000] {logging_mixin.py:137} INFO - [2024-04-22T06:26:06.665+0000] {dag.py:2690} INFO - Sync 2 DAGs
[2024-04-22T06:26:06.681+0000] {logging_mixin.py:137} INFO - [2024-04-22T06:26:06.680+0000] {dag.py:3437} INFO - Setting next_dagrun for example_external_task_marker_child to None, run_after=None
[2024-04-22T06:26:06.683+0000] {logging_mixin.py:137} INFO - [2024-04-22T06:26:06.683+0000] {dag.py:3437} INFO - Setting next_dagrun for example_external_task_marker_parent to None, run_after=None
[2024-04-22T06:26:06.731+0000] {processor.py:175} INFO - Processing /usr/local/python/3.10.13/lib/python3.10/site-packages/airflow/example_dags/example_external_task_marker_dag.py took 0.098 seconds
[2024-04-22T06:26:45.632+0000] {processor.py:153} INFO - Started process (PID=49834) to work on /usr/local/python/3.10.13/lib/python3.10/site-packages/airflow/example_dags/example_external_task_marker_dag.py
[2024-04-22T06:26:45.633+0000] {processor.py:743} INFO - Processing file /usr/local/python/3.10.13/lib/python3.10/site-packages/airflow/example_dags/example_external_task_marker_dag.py for tasks to queue
[2024-04-22T06:26:45.633+0000] {logging_mixin.py:137} INFO - [2024-04-22T06:26:45.633+0000] {dagbag.py:538} INFO - Filling up the DagBag from /usr/local/python/3.10.13/lib/python3.10/site-packages/airflow/example_dags/example_external_task_marker_dag.py
[2024-04-22T06:26:45.645+0000] {processor.py:753} INFO - DAG(s) dict_keys(['example_external_task_marker_parent', 'example_external_task_marker_child']) retrieved from /usr/local/python/3.10.13/lib/python3.10/site-packages/airflow/example_dags/example_external_task_marker_dag.py
[2024-04-22T06:26:45.666+0000] {logging_mixin.py:137} INFO - [2024-04-22T06:26:45.666+0000] {dag.py:2690} INFO - Sync 2 DAGs
[2024-04-22T06:26:45.681+0000] {logging_mixin.py:137} INFO - [2024-04-22T06:26:45.681+0000] {dag.py:3437} INFO - Setting next_dagrun for example_external_task_marker_child to None, run_after=None
[2024-04-22T06:26:45.684+0000] {logging_mixin.py:137} INFO - [2024-04-22T06:26:45.683+0000] {dag.py:3437} INFO - Setting next_dagrun for example_external_task_marker_parent to None, run_after=None
[2024-04-22T06:26:45.729+0000] {processor.py:175} INFO - Processing /usr/local/python/3.10.13/lib/python3.10/site-packages/airflow/example_dags/example_external_task_marker_dag.py took 0.099 seconds
[2024-04-22T06:27:27.702+0000] {processor.py:153} INFO - Started process (PID=50232) to work on /usr/local/python/3.10.13/lib/python3.10/site-packages/airflow/example_dags/example_external_task_marker_dag.py
[2024-04-22T06:27:27.703+0000] {processor.py:743} INFO - Processing file /usr/local/python/3.10.13/lib/python3.10/site-packages/airflow/example_dags/example_external_task_marker_dag.py for tasks to queue
[2024-04-22T06:27:27.703+0000] {logging_mixin.py:137} INFO - [2024-04-22T06:27:27.703+0000] {dagbag.py:538} INFO - Filling up the DagBag from /usr/local/python/3.10.13/lib/python3.10/site-packages/airflow/example_dags/example_external_task_marker_dag.py
[2024-04-22T06:27:27.715+0000] {processor.py:753} INFO - DAG(s) dict_keys(['example_external_task_marker_child', 'example_external_task_marker_parent']) retrieved from /usr/local/python/3.10.13/lib/python3.10/site-packages/airflow/example_dags/example_external_task_marker_dag.py
[2024-04-22T06:27:27.730+0000] {logging_mixin.py:137} INFO - [2024-04-22T06:27:27.730+0000] {dag.py:2690} INFO - Sync 2 DAGs
[2024-04-22T06:27:27.745+0000] {logging_mixin.py:137} INFO - [2024-04-22T06:27:27.745+0000] {dag.py:3437} INFO - Setting next_dagrun for example_external_task_marker_child to None, run_after=None
[2024-04-22T06:27:27.747+0000] {logging_mixin.py:137} INFO - [2024-04-22T06:27:27.747+0000] {dag.py:3437} INFO - Setting next_dagrun for example_external_task_marker_parent to None, run_after=None
[2024-04-22T06:27:27.795+0000] {processor.py:175} INFO - Processing /usr/local/python/3.10.13/lib/python3.10/site-packages/airflow/example_dags/example_external_task_marker_dag.py took 0.095 seconds
