[2024-04-22T06:13:30.340+0000] {processor.py:153} INFO - Started process (PID=43491) to work on /usr/local/python/3.10.13/lib/python3.10/site-packages/airflow/example_dags/example_bash_operator.py
[2024-04-22T06:13:30.340+0000] {processor.py:743} INFO - Processing file /usr/local/python/3.10.13/lib/python3.10/site-packages/airflow/example_dags/example_bash_operator.py for tasks to queue
[2024-04-22T06:13:30.341+0000] {logging_mixin.py:137} INFO - [2024-04-22T06:13:30.341+0000] {dagbag.py:538} INFO - Filling up the DagBag from /usr/local/python/3.10.13/lib/python3.10/site-packages/airflow/example_dags/example_bash_operator.py
[2024-04-22T06:13:30.359+0000] {processor.py:753} INFO - DAG(s) dict_keys(['example_bash_operator']) retrieved from /usr/local/python/3.10.13/lib/python3.10/site-packages/airflow/example_dags/example_bash_operator.py
[2024-04-22T06:13:30.522+0000] {logging_mixin.py:137} INFO - [2024-04-22T06:13:30.522+0000] {manager.py:504} INFO - Created Permission View: can delete on DAG:example_bash_operator
[2024-04-22T06:13:30.576+0000] {logging_mixin.py:137} INFO - [2024-04-22T06:13:30.576+0000] {manager.py:504} INFO - Created Permission View: can edit on DAG:example_bash_operator
[2024-04-22T06:13:30.614+0000] {logging_mixin.py:137} INFO - [2024-04-22T06:13:30.613+0000] {manager.py:504} INFO - Created Permission View: can read on DAG:example_bash_operator
[2024-04-22T06:13:30.614+0000] {logging_mixin.py:137} INFO - [2024-04-22T06:13:30.614+0000] {dag.py:2690} INFO - Sync 1 DAGs
[2024-04-22T06:13:30.628+0000] {logging_mixin.py:137} INFO - [2024-04-22T06:13:30.628+0000] {dag.py:2711} INFO - Creating ORM DAG for example_bash_operator
[2024-04-22T06:13:30.639+0000] {logging_mixin.py:137} INFO - [2024-04-22T06:13:30.639+0000] {dag.py:3437} INFO - Setting next_dagrun for example_bash_operator to 2024-04-21T00:00:00+00:00, run_after=2024-04-22T00:00:00+00:00
[2024-04-22T06:13:30.693+0000] {processor.py:175} INFO - Processing /usr/local/python/3.10.13/lib/python3.10/site-packages/airflow/example_dags/example_bash_operator.py took 0.356 seconds
[2024-04-22T06:14:12.416+0000] {processor.py:153} INFO - Started process (PID=43779) to work on /usr/local/python/3.10.13/lib/python3.10/site-packages/airflow/example_dags/example_bash_operator.py
[2024-04-22T06:14:12.416+0000] {processor.py:743} INFO - Processing file /usr/local/python/3.10.13/lib/python3.10/site-packages/airflow/example_dags/example_bash_operator.py for tasks to queue
[2024-04-22T06:14:12.417+0000] {logging_mixin.py:137} INFO - [2024-04-22T06:14:12.417+0000] {dagbag.py:538} INFO - Filling up the DagBag from /usr/local/python/3.10.13/lib/python3.10/site-packages/airflow/example_dags/example_bash_operator.py
[2024-04-22T06:14:12.437+0000] {processor.py:753} INFO - DAG(s) dict_keys(['example_bash_operator']) retrieved from /usr/local/python/3.10.13/lib/python3.10/site-packages/airflow/example_dags/example_bash_operator.py
[2024-04-22T06:14:12.461+0000] {logging_mixin.py:137} INFO - [2024-04-22T06:14:12.461+0000] {dag.py:2690} INFO - Sync 1 DAGs
[2024-04-22T06:14:12.478+0000] {logging_mixin.py:137} INFO - [2024-04-22T06:14:12.478+0000] {dag.py:3437} INFO - Setting next_dagrun for example_bash_operator to 2024-04-21T00:00:00+00:00, run_after=2024-04-22T00:00:00+00:00
[2024-04-22T06:14:12.523+0000] {processor.py:175} INFO - Processing /usr/local/python/3.10.13/lib/python3.10/site-packages/airflow/example_dags/example_bash_operator.py took 0.110 seconds
[2024-04-22T06:14:52.023+0000] {processor.py:153} INFO - Started process (PID=44050) to work on /usr/local/python/3.10.13/lib/python3.10/site-packages/airflow/example_dags/example_bash_operator.py
[2024-04-22T06:14:52.023+0000] {processor.py:743} INFO - Processing file /usr/local/python/3.10.13/lib/python3.10/site-packages/airflow/example_dags/example_bash_operator.py for tasks to queue
[2024-04-22T06:14:52.024+0000] {logging_mixin.py:137} INFO - [2024-04-22T06:14:52.024+0000] {dagbag.py:538} INFO - Filling up the DagBag from /usr/local/python/3.10.13/lib/python3.10/site-packages/airflow/example_dags/example_bash_operator.py
[2024-04-22T06:14:52.043+0000] {processor.py:753} INFO - DAG(s) dict_keys(['example_bash_operator']) retrieved from /usr/local/python/3.10.13/lib/python3.10/site-packages/airflow/example_dags/example_bash_operator.py
[2024-04-22T06:14:52.069+0000] {logging_mixin.py:137} INFO - [2024-04-22T06:14:52.068+0000] {dag.py:2690} INFO - Sync 1 DAGs
[2024-04-22T06:14:52.084+0000] {logging_mixin.py:137} INFO - [2024-04-22T06:14:52.084+0000] {dag.py:3437} INFO - Setting next_dagrun for example_bash_operator to 2024-04-21T00:00:00+00:00, run_after=2024-04-22T00:00:00+00:00
[2024-04-22T06:14:52.131+0000] {processor.py:175} INFO - Processing /usr/local/python/3.10.13/lib/python3.10/site-packages/airflow/example_dags/example_bash_operator.py took 0.110 seconds
[2024-04-22T06:15:32.043+0000] {processor.py:153} INFO - Started process (PID=44323) to work on /usr/local/python/3.10.13/lib/python3.10/site-packages/airflow/example_dags/example_bash_operator.py
[2024-04-22T06:15:32.044+0000] {processor.py:743} INFO - Processing file /usr/local/python/3.10.13/lib/python3.10/site-packages/airflow/example_dags/example_bash_operator.py for tasks to queue
[2024-04-22T06:15:32.045+0000] {logging_mixin.py:137} INFO - [2024-04-22T06:15:32.045+0000] {dagbag.py:538} INFO - Filling up the DagBag from /usr/local/python/3.10.13/lib/python3.10/site-packages/airflow/example_dags/example_bash_operator.py
[2024-04-22T06:15:32.063+0000] {processor.py:753} INFO - DAG(s) dict_keys(['example_bash_operator']) retrieved from /usr/local/python/3.10.13/lib/python3.10/site-packages/airflow/example_dags/example_bash_operator.py
[2024-04-22T06:15:32.088+0000] {logging_mixin.py:137} INFO - [2024-04-22T06:15:32.088+0000] {dag.py:2690} INFO - Sync 1 DAGs
[2024-04-22T06:15:32.105+0000] {logging_mixin.py:137} INFO - [2024-04-22T06:15:32.105+0000] {dag.py:3437} INFO - Setting next_dagrun for example_bash_operator to 2024-04-21T00:00:00+00:00, run_after=2024-04-22T00:00:00+00:00
[2024-04-22T06:15:32.152+0000] {processor.py:175} INFO - Processing /usr/local/python/3.10.13/lib/python3.10/site-packages/airflow/example_dags/example_bash_operator.py took 0.111 seconds
[2024-04-22T06:16:16.118+0000] {processor.py:153} INFO - Started process (PID=44625) to work on /usr/local/python/3.10.13/lib/python3.10/site-packages/airflow/example_dags/example_bash_operator.py
[2024-04-22T06:16:16.119+0000] {processor.py:743} INFO - Processing file /usr/local/python/3.10.13/lib/python3.10/site-packages/airflow/example_dags/example_bash_operator.py for tasks to queue
[2024-04-22T06:16:16.119+0000] {logging_mixin.py:137} INFO - [2024-04-22T06:16:16.119+0000] {dagbag.py:538} INFO - Filling up the DagBag from /usr/local/python/3.10.13/lib/python3.10/site-packages/airflow/example_dags/example_bash_operator.py
[2024-04-22T06:16:16.149+0000] {processor.py:753} INFO - DAG(s) dict_keys(['example_bash_operator']) retrieved from /usr/local/python/3.10.13/lib/python3.10/site-packages/airflow/example_dags/example_bash_operator.py
[2024-04-22T06:16:16.191+0000] {logging_mixin.py:137} INFO - [2024-04-22T06:16:16.191+0000] {dag.py:2690} INFO - Sync 1 DAGs
[2024-04-22T06:16:16.209+0000] {logging_mixin.py:137} INFO - [2024-04-22T06:16:16.209+0000] {dag.py:3437} INFO - Setting next_dagrun for example_bash_operator to 2024-04-21T00:00:00+00:00, run_after=2024-04-22T00:00:00+00:00
[2024-04-22T06:16:16.256+0000] {processor.py:175} INFO - Processing /usr/local/python/3.10.13/lib/python3.10/site-packages/airflow/example_dags/example_bash_operator.py took 0.141 seconds
[2024-04-22T06:16:57.928+0000] {processor.py:153} INFO - Started process (PID=44912) to work on /usr/local/python/3.10.13/lib/python3.10/site-packages/airflow/example_dags/example_bash_operator.py
[2024-04-22T06:16:57.931+0000] {processor.py:743} INFO - Processing file /usr/local/python/3.10.13/lib/python3.10/site-packages/airflow/example_dags/example_bash_operator.py for tasks to queue
[2024-04-22T06:16:57.936+0000] {logging_mixin.py:137} INFO - [2024-04-22T06:16:57.936+0000] {dagbag.py:538} INFO - Filling up the DagBag from /usr/local/python/3.10.13/lib/python3.10/site-packages/airflow/example_dags/example_bash_operator.py
[2024-04-22T06:16:57.960+0000] {processor.py:753} INFO - DAG(s) dict_keys(['example_bash_operator']) retrieved from /usr/local/python/3.10.13/lib/python3.10/site-packages/airflow/example_dags/example_bash_operator.py
[2024-04-22T06:16:58.010+0000] {logging_mixin.py:137} INFO - [2024-04-22T06:16:58.010+0000] {dag.py:2690} INFO - Sync 1 DAGs
[2024-04-22T06:16:58.050+0000] {logging_mixin.py:137} INFO - [2024-04-22T06:16:58.050+0000] {dag.py:3437} INFO - Setting next_dagrun for example_bash_operator to 2024-04-21T00:00:00+00:00, run_after=2024-04-22T00:00:00+00:00
[2024-04-22T06:16:58.100+0000] {processor.py:175} INFO - Processing /usr/local/python/3.10.13/lib/python3.10/site-packages/airflow/example_dags/example_bash_operator.py took 0.175 seconds
[2024-04-22T06:17:39.743+0000] {processor.py:153} INFO - Started process (PID=45201) to work on /usr/local/python/3.10.13/lib/python3.10/site-packages/airflow/example_dags/example_bash_operator.py
[2024-04-22T06:17:39.744+0000] {processor.py:743} INFO - Processing file /usr/local/python/3.10.13/lib/python3.10/site-packages/airflow/example_dags/example_bash_operator.py for tasks to queue
[2024-04-22T06:17:39.745+0000] {logging_mixin.py:137} INFO - [2024-04-22T06:17:39.745+0000] {dagbag.py:538} INFO - Filling up the DagBag from /usr/local/python/3.10.13/lib/python3.10/site-packages/airflow/example_dags/example_bash_operator.py
[2024-04-22T06:17:39.763+0000] {processor.py:753} INFO - DAG(s) dict_keys(['example_bash_operator']) retrieved from /usr/local/python/3.10.13/lib/python3.10/site-packages/airflow/example_dags/example_bash_operator.py
[2024-04-22T06:17:39.788+0000] {logging_mixin.py:137} INFO - [2024-04-22T06:17:39.788+0000] {dag.py:2690} INFO - Sync 1 DAGs
[2024-04-22T06:17:39.806+0000] {logging_mixin.py:137} INFO - [2024-04-22T06:17:39.805+0000] {dag.py:3437} INFO - Setting next_dagrun for example_bash_operator to 2024-04-21T00:00:00+00:00, run_after=2024-04-22T00:00:00+00:00
[2024-04-22T06:17:39.855+0000] {processor.py:175} INFO - Processing /usr/local/python/3.10.13/lib/python3.10/site-packages/airflow/example_dags/example_bash_operator.py took 0.114 seconds
[2024-04-22T06:18:21.408+0000] {processor.py:153} INFO - Started process (PID=45546) to work on /usr/local/python/3.10.13/lib/python3.10/site-packages/airflow/example_dags/example_bash_operator.py
[2024-04-22T06:18:21.408+0000] {processor.py:743} INFO - Processing file /usr/local/python/3.10.13/lib/python3.10/site-packages/airflow/example_dags/example_bash_operator.py for tasks to queue
[2024-04-22T06:18:21.409+0000] {logging_mixin.py:137} INFO - [2024-04-22T06:18:21.409+0000] {dagbag.py:538} INFO - Filling up the DagBag from /usr/local/python/3.10.13/lib/python3.10/site-packages/airflow/example_dags/example_bash_operator.py
[2024-04-22T06:18:21.427+0000] {processor.py:753} INFO - DAG(s) dict_keys(['example_bash_operator']) retrieved from /usr/local/python/3.10.13/lib/python3.10/site-packages/airflow/example_dags/example_bash_operator.py
[2024-04-22T06:18:21.451+0000] {logging_mixin.py:137} INFO - [2024-04-22T06:18:21.451+0000] {dag.py:2690} INFO - Sync 1 DAGs
[2024-04-22T06:18:21.467+0000] {logging_mixin.py:137} INFO - [2024-04-22T06:18:21.467+0000] {dag.py:3437} INFO - Setting next_dagrun for example_bash_operator to 2024-04-21T00:00:00+00:00, run_after=2024-04-22T00:00:00+00:00
[2024-04-22T06:18:21.515+0000] {processor.py:175} INFO - Processing /usr/local/python/3.10.13/lib/python3.10/site-packages/airflow/example_dags/example_bash_operator.py took 0.109 seconds
[2024-04-22T06:19:03.232+0000] {processor.py:153} INFO - Started process (PID=45831) to work on /usr/local/python/3.10.13/lib/python3.10/site-packages/airflow/example_dags/example_bash_operator.py
[2024-04-22T06:19:03.233+0000] {processor.py:743} INFO - Processing file /usr/local/python/3.10.13/lib/python3.10/site-packages/airflow/example_dags/example_bash_operator.py for tasks to queue
[2024-04-22T06:19:03.234+0000] {logging_mixin.py:137} INFO - [2024-04-22T06:19:03.234+0000] {dagbag.py:538} INFO - Filling up the DagBag from /usr/local/python/3.10.13/lib/python3.10/site-packages/airflow/example_dags/example_bash_operator.py
[2024-04-22T06:19:03.253+0000] {processor.py:753} INFO - DAG(s) dict_keys(['example_bash_operator']) retrieved from /usr/local/python/3.10.13/lib/python3.10/site-packages/airflow/example_dags/example_bash_operator.py
[2024-04-22T06:19:03.278+0000] {logging_mixin.py:137} INFO - [2024-04-22T06:19:03.278+0000] {dag.py:2690} INFO - Sync 1 DAGs
[2024-04-22T06:19:03.294+0000] {logging_mixin.py:137} INFO - [2024-04-22T06:19:03.294+0000] {dag.py:3437} INFO - Setting next_dagrun for example_bash_operator to 2024-04-21T00:00:00+00:00, run_after=2024-04-22T00:00:00+00:00
[2024-04-22T06:19:03.343+0000] {processor.py:175} INFO - Processing /usr/local/python/3.10.13/lib/python3.10/site-packages/airflow/example_dags/example_bash_operator.py took 0.113 seconds
[2024-04-22T06:19:44.071+0000] {processor.py:153} INFO - Started process (PID=46102) to work on /usr/local/python/3.10.13/lib/python3.10/site-packages/airflow/example_dags/example_bash_operator.py
[2024-04-22T06:19:44.072+0000] {processor.py:743} INFO - Processing file /usr/local/python/3.10.13/lib/python3.10/site-packages/airflow/example_dags/example_bash_operator.py for tasks to queue
[2024-04-22T06:19:44.073+0000] {logging_mixin.py:137} INFO - [2024-04-22T06:19:44.072+0000] {dagbag.py:538} INFO - Filling up the DagBag from /usr/local/python/3.10.13/lib/python3.10/site-packages/airflow/example_dags/example_bash_operator.py
[2024-04-22T06:19:44.102+0000] {processor.py:753} INFO - DAG(s) dict_keys(['example_bash_operator']) retrieved from /usr/local/python/3.10.13/lib/python3.10/site-packages/airflow/example_dags/example_bash_operator.py
[2024-04-22T06:19:44.138+0000] {logging_mixin.py:137} INFO - [2024-04-22T06:19:44.138+0000] {dag.py:2690} INFO - Sync 1 DAGs
[2024-04-22T06:19:44.158+0000] {logging_mixin.py:137} INFO - [2024-04-22T06:19:44.158+0000] {dag.py:3437} INFO - Setting next_dagrun for example_bash_operator to 2024-04-21T00:00:00+00:00, run_after=2024-04-22T00:00:00+00:00
[2024-04-22T06:19:44.212+0000] {processor.py:175} INFO - Processing /usr/local/python/3.10.13/lib/python3.10/site-packages/airflow/example_dags/example_bash_operator.py took 0.145 seconds
[2024-04-22T06:20:29.804+0000] {processor.py:153} INFO - Started process (PID=46414) to work on /usr/local/python/3.10.13/lib/python3.10/site-packages/airflow/example_dags/example_bash_operator.py
[2024-04-22T06:20:29.805+0000] {processor.py:743} INFO - Processing file /usr/local/python/3.10.13/lib/python3.10/site-packages/airflow/example_dags/example_bash_operator.py for tasks to queue
[2024-04-22T06:20:29.806+0000] {logging_mixin.py:137} INFO - [2024-04-22T06:20:29.805+0000] {dagbag.py:538} INFO - Filling up the DagBag from /usr/local/python/3.10.13/lib/python3.10/site-packages/airflow/example_dags/example_bash_operator.py
[2024-04-22T06:20:29.831+0000] {processor.py:753} INFO - DAG(s) dict_keys(['example_bash_operator']) retrieved from /usr/local/python/3.10.13/lib/python3.10/site-packages/airflow/example_dags/example_bash_operator.py
[2024-04-22T06:20:29.864+0000] {logging_mixin.py:137} INFO - [2024-04-22T06:20:29.864+0000] {dag.py:2690} INFO - Sync 1 DAGs
[2024-04-22T06:20:29.882+0000] {logging_mixin.py:137} INFO - [2024-04-22T06:20:29.882+0000] {dag.py:3437} INFO - Setting next_dagrun for example_bash_operator to 2024-04-21T00:00:00+00:00, run_after=2024-04-22T00:00:00+00:00
[2024-04-22T06:20:30.019+0000] {processor.py:175} INFO - Processing /usr/local/python/3.10.13/lib/python3.10/site-packages/airflow/example_dags/example_bash_operator.py took 0.224 seconds
[2024-04-22T06:21:14.219+0000] {processor.py:153} INFO - Started process (PID=46723) to work on /usr/local/python/3.10.13/lib/python3.10/site-packages/airflow/example_dags/example_bash_operator.py
[2024-04-22T06:21:14.220+0000] {processor.py:743} INFO - Processing file /usr/local/python/3.10.13/lib/python3.10/site-packages/airflow/example_dags/example_bash_operator.py for tasks to queue
[2024-04-22T06:21:14.221+0000] {logging_mixin.py:137} INFO - [2024-04-22T06:21:14.220+0000] {dagbag.py:538} INFO - Filling up the DagBag from /usr/local/python/3.10.13/lib/python3.10/site-packages/airflow/example_dags/example_bash_operator.py
[2024-04-22T06:21:14.239+0000] {processor.py:753} INFO - DAG(s) dict_keys(['example_bash_operator']) retrieved from /usr/local/python/3.10.13/lib/python3.10/site-packages/airflow/example_dags/example_bash_operator.py
[2024-04-22T06:21:14.264+0000] {logging_mixin.py:137} INFO - [2024-04-22T06:21:14.264+0000] {dag.py:2690} INFO - Sync 1 DAGs
[2024-04-22T06:21:14.370+0000] {logging_mixin.py:137} INFO - [2024-04-22T06:21:14.370+0000] {dag.py:3437} INFO - Setting next_dagrun for example_bash_operator to 2024-04-21T00:00:00+00:00, run_after=2024-04-22T00:00:00+00:00
[2024-04-22T06:21:14.422+0000] {processor.py:175} INFO - Processing /usr/local/python/3.10.13/lib/python3.10/site-packages/airflow/example_dags/example_bash_operator.py took 0.204 seconds
[2024-04-22T06:21:58.499+0000] {processor.py:153} INFO - Started process (PID=47015) to work on /usr/local/python/3.10.13/lib/python3.10/site-packages/airflow/example_dags/example_bash_operator.py
[2024-04-22T06:21:58.499+0000] {processor.py:743} INFO - Processing file /usr/local/python/3.10.13/lib/python3.10/site-packages/airflow/example_dags/example_bash_operator.py for tasks to queue
[2024-04-22T06:21:58.500+0000] {logging_mixin.py:137} INFO - [2024-04-22T06:21:58.500+0000] {dagbag.py:538} INFO - Filling up the DagBag from /usr/local/python/3.10.13/lib/python3.10/site-packages/airflow/example_dags/example_bash_operator.py
[2024-04-22T06:21:58.517+0000] {processor.py:753} INFO - DAG(s) dict_keys(['example_bash_operator']) retrieved from /usr/local/python/3.10.13/lib/python3.10/site-packages/airflow/example_dags/example_bash_operator.py
[2024-04-22T06:21:58.544+0000] {logging_mixin.py:137} INFO - [2024-04-22T06:21:58.544+0000] {dag.py:2690} INFO - Sync 1 DAGs
[2024-04-22T06:21:58.649+0000] {logging_mixin.py:137} INFO - [2024-04-22T06:21:58.649+0000] {dag.py:3437} INFO - Setting next_dagrun for example_bash_operator to 2024-04-21T00:00:00+00:00, run_after=2024-04-22T00:00:00+00:00
[2024-04-22T06:21:58.701+0000] {processor.py:175} INFO - Processing /usr/local/python/3.10.13/lib/python3.10/site-packages/airflow/example_dags/example_bash_operator.py took 0.205 seconds
[2024-04-22T06:22:49.568+0000] {processor.py:153} INFO - Started process (PID=47455) to work on /usr/local/python/3.10.13/lib/python3.10/site-packages/airflow/example_dags/example_bash_operator.py
[2024-04-22T06:22:49.569+0000] {processor.py:743} INFO - Processing file /usr/local/python/3.10.13/lib/python3.10/site-packages/airflow/example_dags/example_bash_operator.py for tasks to queue
[2024-04-22T06:22:49.569+0000] {logging_mixin.py:137} INFO - [2024-04-22T06:22:49.569+0000] {dagbag.py:538} INFO - Filling up the DagBag from /usr/local/python/3.10.13/lib/python3.10/site-packages/airflow/example_dags/example_bash_operator.py
[2024-04-22T06:22:49.592+0000] {processor.py:753} INFO - DAG(s) dict_keys(['example_bash_operator']) retrieved from /usr/local/python/3.10.13/lib/python3.10/site-packages/airflow/example_dags/example_bash_operator.py
[2024-04-22T06:22:49.711+0000] {logging_mixin.py:137} INFO - [2024-04-22T06:22:49.711+0000] {dag.py:2690} INFO - Sync 1 DAGs
[2024-04-22T06:22:49.728+0000] {logging_mixin.py:137} INFO - [2024-04-22T06:22:49.728+0000] {dag.py:3437} INFO - Setting next_dagrun for example_bash_operator to 2024-04-21T00:00:00+00:00, run_after=2024-04-22T00:00:00+00:00
[2024-04-22T06:22:49.774+0000] {processor.py:175} INFO - Processing /usr/local/python/3.10.13/lib/python3.10/site-packages/airflow/example_dags/example_bash_operator.py took 0.209 seconds
[2024-04-22T06:23:33.489+0000] {processor.py:153} INFO - Started process (PID=47862) to work on /usr/local/python/3.10.13/lib/python3.10/site-packages/airflow/example_dags/example_bash_operator.py
[2024-04-22T06:23:33.490+0000] {processor.py:743} INFO - Processing file /usr/local/python/3.10.13/lib/python3.10/site-packages/airflow/example_dags/example_bash_operator.py for tasks to queue
[2024-04-22T06:23:33.490+0000] {logging_mixin.py:137} INFO - [2024-04-22T06:23:33.490+0000] {dagbag.py:538} INFO - Filling up the DagBag from /usr/local/python/3.10.13/lib/python3.10/site-packages/airflow/example_dags/example_bash_operator.py
[2024-04-22T06:23:33.515+0000] {processor.py:753} INFO - DAG(s) dict_keys(['example_bash_operator']) retrieved from /usr/local/python/3.10.13/lib/python3.10/site-packages/airflow/example_dags/example_bash_operator.py
[2024-04-22T06:23:33.661+0000] {logging_mixin.py:137} INFO - [2024-04-22T06:23:33.661+0000] {dag.py:2690} INFO - Sync 1 DAGs
[2024-04-22T06:23:33.676+0000] {logging_mixin.py:137} INFO - [2024-04-22T06:23:33.676+0000] {dag.py:3437} INFO - Setting next_dagrun for example_bash_operator to 2024-04-21T00:00:00+00:00, run_after=2024-04-22T00:00:00+00:00
[2024-04-22T06:23:33.733+0000] {processor.py:175} INFO - Processing /usr/local/python/3.10.13/lib/python3.10/site-packages/airflow/example_dags/example_bash_operator.py took 0.247 seconds
[2024-04-22T06:24:29.917+0000] {processor.py:153} INFO - Started process (PID=48473) to work on /usr/local/python/3.10.13/lib/python3.10/site-packages/airflow/example_dags/example_bash_operator.py
[2024-04-22T06:24:29.919+0000] {processor.py:743} INFO - Processing file /usr/local/python/3.10.13/lib/python3.10/site-packages/airflow/example_dags/example_bash_operator.py for tasks to queue
[2024-04-22T06:24:29.919+0000] {logging_mixin.py:137} INFO - [2024-04-22T06:24:29.919+0000] {dagbag.py:538} INFO - Filling up the DagBag from /usr/local/python/3.10.13/lib/python3.10/site-packages/airflow/example_dags/example_bash_operator.py
[2024-04-22T06:24:30.036+0000] {processor.py:753} INFO - DAG(s) dict_keys(['example_bash_operator']) retrieved from /usr/local/python/3.10.13/lib/python3.10/site-packages/airflow/example_dags/example_bash_operator.py
[2024-04-22T06:24:30.061+0000] {logging_mixin.py:137} INFO - [2024-04-22T06:24:30.061+0000] {dag.py:2690} INFO - Sync 1 DAGs
[2024-04-22T06:24:30.078+0000] {logging_mixin.py:137} INFO - [2024-04-22T06:24:30.078+0000] {dag.py:3437} INFO - Setting next_dagrun for example_bash_operator to 2024-04-21T00:00:00+00:00, run_after=2024-04-22T00:00:00+00:00
[2024-04-22T06:24:30.123+0000] {processor.py:175} INFO - Processing /usr/local/python/3.10.13/lib/python3.10/site-packages/airflow/example_dags/example_bash_operator.py took 0.209 seconds
[2024-04-22T06:25:12.919+0000] {processor.py:153} INFO - Started process (PID=48946) to work on /usr/local/python/3.10.13/lib/python3.10/site-packages/airflow/example_dags/example_bash_operator.py
[2024-04-22T06:25:12.920+0000] {processor.py:743} INFO - Processing file /usr/local/python/3.10.13/lib/python3.10/site-packages/airflow/example_dags/example_bash_operator.py for tasks to queue
[2024-04-22T06:25:13.023+0000] {logging_mixin.py:137} INFO - [2024-04-22T06:25:13.023+0000] {dagbag.py:538} INFO - Filling up the DagBag from /usr/local/python/3.10.13/lib/python3.10/site-packages/airflow/example_dags/example_bash_operator.py
[2024-04-22T06:25:13.044+0000] {processor.py:753} INFO - DAG(s) dict_keys(['example_bash_operator']) retrieved from /usr/local/python/3.10.13/lib/python3.10/site-packages/airflow/example_dags/example_bash_operator.py
[2024-04-22T06:25:13.082+0000] {logging_mixin.py:137} INFO - [2024-04-22T06:25:13.082+0000] {dag.py:2690} INFO - Sync 1 DAGs
[2024-04-22T06:25:13.103+0000] {logging_mixin.py:137} INFO - [2024-04-22T06:25:13.103+0000] {dag.py:3437} INFO - Setting next_dagrun for example_bash_operator to 2024-04-21T00:00:00+00:00, run_after=2024-04-22T00:00:00+00:00
[2024-04-22T06:25:13.154+0000] {processor.py:175} INFO - Processing /usr/local/python/3.10.13/lib/python3.10/site-packages/airflow/example_dags/example_bash_operator.py took 0.238 seconds
[2024-04-22T06:26:00.188+0000] {processor.py:153} INFO - Started process (PID=49440) to work on /usr/local/python/3.10.13/lib/python3.10/site-packages/airflow/example_dags/example_bash_operator.py
[2024-04-22T06:26:00.188+0000] {processor.py:743} INFO - Processing file /usr/local/python/3.10.13/lib/python3.10/site-packages/airflow/example_dags/example_bash_operator.py for tasks to queue
[2024-04-22T06:26:00.189+0000] {logging_mixin.py:137} INFO - [2024-04-22T06:26:00.189+0000] {dagbag.py:538} INFO - Filling up the DagBag from /usr/local/python/3.10.13/lib/python3.10/site-packages/airflow/example_dags/example_bash_operator.py
[2024-04-22T06:26:00.209+0000] {processor.py:753} INFO - DAG(s) dict_keys(['example_bash_operator']) retrieved from /usr/local/python/3.10.13/lib/python3.10/site-packages/airflow/example_dags/example_bash_operator.py
[2024-04-22T06:26:00.233+0000] {logging_mixin.py:137} INFO - [2024-04-22T06:26:00.233+0000] {dag.py:2690} INFO - Sync 1 DAGs
[2024-04-22T06:26:00.250+0000] {logging_mixin.py:137} INFO - [2024-04-22T06:26:00.250+0000] {dag.py:3437} INFO - Setting next_dagrun for example_bash_operator to 2024-04-21T00:00:00+00:00, run_after=2024-04-22T00:00:00+00:00
[2024-04-22T06:26:00.295+0000] {processor.py:175} INFO - Processing /usr/local/python/3.10.13/lib/python3.10/site-packages/airflow/example_dags/example_bash_operator.py took 0.110 seconds
[2024-04-22T06:26:40.748+0000] {processor.py:153} INFO - Started process (PID=49808) to work on /usr/local/python/3.10.13/lib/python3.10/site-packages/airflow/example_dags/example_bash_operator.py
[2024-04-22T06:26:40.749+0000] {processor.py:743} INFO - Processing file /usr/local/python/3.10.13/lib/python3.10/site-packages/airflow/example_dags/example_bash_operator.py for tasks to queue
[2024-04-22T06:26:40.749+0000] {logging_mixin.py:137} INFO - [2024-04-22T06:26:40.749+0000] {dagbag.py:538} INFO - Filling up the DagBag from /usr/local/python/3.10.13/lib/python3.10/site-packages/airflow/example_dags/example_bash_operator.py
[2024-04-22T06:26:40.768+0000] {processor.py:753} INFO - DAG(s) dict_keys(['example_bash_operator']) retrieved from /usr/local/python/3.10.13/lib/python3.10/site-packages/airflow/example_dags/example_bash_operator.py
[2024-04-22T06:26:40.793+0000] {logging_mixin.py:137} INFO - [2024-04-22T06:26:40.793+0000] {dag.py:2690} INFO - Sync 1 DAGs
[2024-04-22T06:26:40.811+0000] {logging_mixin.py:137} INFO - [2024-04-22T06:26:40.811+0000] {dag.py:3437} INFO - Setting next_dagrun for example_bash_operator to 2024-04-21T00:00:00+00:00, run_after=2024-04-22T00:00:00+00:00
[2024-04-22T06:26:40.860+0000] {processor.py:175} INFO - Processing /usr/local/python/3.10.13/lib/python3.10/site-packages/airflow/example_dags/example_bash_operator.py took 0.114 seconds
[2024-04-22T06:27:23.758+0000] {processor.py:153} INFO - Started process (PID=50218) to work on /usr/local/python/3.10.13/lib/python3.10/site-packages/airflow/example_dags/example_bash_operator.py
[2024-04-22T06:27:23.759+0000] {processor.py:743} INFO - Processing file /usr/local/python/3.10.13/lib/python3.10/site-packages/airflow/example_dags/example_bash_operator.py for tasks to queue
[2024-04-22T06:27:23.759+0000] {logging_mixin.py:137} INFO - [2024-04-22T06:27:23.759+0000] {dagbag.py:538} INFO - Filling up the DagBag from /usr/local/python/3.10.13/lib/python3.10/site-packages/airflow/example_dags/example_bash_operator.py
[2024-04-22T06:27:23.778+0000] {processor.py:753} INFO - DAG(s) dict_keys(['example_bash_operator']) retrieved from /usr/local/python/3.10.13/lib/python3.10/site-packages/airflow/example_dags/example_bash_operator.py
[2024-04-22T06:27:23.803+0000] {logging_mixin.py:137} INFO - [2024-04-22T06:27:23.803+0000] {dag.py:2690} INFO - Sync 1 DAGs
[2024-04-22T06:27:23.819+0000] {logging_mixin.py:137} INFO - [2024-04-22T06:27:23.819+0000] {dag.py:3437} INFO - Setting next_dagrun for example_bash_operator to 2024-04-21T00:00:00+00:00, run_after=2024-04-22T00:00:00+00:00
[2024-04-22T06:27:23.867+0000] {processor.py:175} INFO - Processing /usr/local/python/3.10.13/lib/python3.10/site-packages/airflow/example_dags/example_bash_operator.py took 0.111 seconds
