[2024-04-22T06:13:07.333+0000] {processor.py:153} INFO - Started process (PID=43347) to work on /usr/local/python/3.10.13/lib/python3.10/site-packages/airflow/example_dags/example_sensor_decorator.py
[2024-04-22T06:13:07.334+0000] {processor.py:743} INFO - Processing file /usr/local/python/3.10.13/lib/python3.10/site-packages/airflow/example_dags/example_sensor_decorator.py for tasks to queue
[2024-04-22T06:13:07.335+0000] {logging_mixin.py:137} INFO - [2024-04-22T06:13:07.334+0000] {dagbag.py:538} INFO - Filling up the DagBag from /usr/local/python/3.10.13/lib/python3.10/site-packages/airflow/example_dags/example_sensor_decorator.py
[2024-04-22T06:13:07.355+0000] {processor.py:753} INFO - DAG(s) dict_keys(['example_sensor_decorator']) retrieved from /usr/local/python/3.10.13/lib/python3.10/site-packages/airflow/example_dags/example_sensor_decorator.py
[2024-04-22T06:13:07.513+0000] {logging_mixin.py:137} INFO - [2024-04-22T06:13:07.512+0000] {manager.py:504} INFO - Created Permission View: can delete on DAG:example_sensor_decorator
[2024-04-22T06:13:07.573+0000] {logging_mixin.py:137} INFO - [2024-04-22T06:13:07.573+0000] {manager.py:504} INFO - Created Permission View: can edit on DAG:example_sensor_decorator
[2024-04-22T06:13:07.610+0000] {logging_mixin.py:137} INFO - [2024-04-22T06:13:07.610+0000] {manager.py:504} INFO - Created Permission View: can read on DAG:example_sensor_decorator
[2024-04-22T06:13:07.610+0000] {logging_mixin.py:137} INFO - [2024-04-22T06:13:07.610+0000] {dag.py:2690} INFO - Sync 1 DAGs
[2024-04-22T06:13:07.619+0000] {logging_mixin.py:137} INFO - [2024-04-22T06:13:07.619+0000] {dag.py:2711} INFO - Creating ORM DAG for example_sensor_decorator
[2024-04-22T06:13:07.626+0000] {logging_mixin.py:137} INFO - [2024-04-22T06:13:07.625+0000] {dag.py:3437} INFO - Setting next_dagrun for example_sensor_decorator to None, run_after=None
[2024-04-22T06:13:07.681+0000] {processor.py:175} INFO - Processing /usr/local/python/3.10.13/lib/python3.10/site-packages/airflow/example_dags/example_sensor_decorator.py took 0.349 seconds
[2024-04-22T06:13:52.766+0000] {processor.py:153} INFO - Started process (PID=43640) to work on /usr/local/python/3.10.13/lib/python3.10/site-packages/airflow/example_dags/example_sensor_decorator.py
[2024-04-22T06:13:52.767+0000] {processor.py:743} INFO - Processing file /usr/local/python/3.10.13/lib/python3.10/site-packages/airflow/example_dags/example_sensor_decorator.py for tasks to queue
[2024-04-22T06:13:52.768+0000] {logging_mixin.py:137} INFO - [2024-04-22T06:13:52.767+0000] {dagbag.py:538} INFO - Filling up the DagBag from /usr/local/python/3.10.13/lib/python3.10/site-packages/airflow/example_dags/example_sensor_decorator.py
[2024-04-22T06:13:52.788+0000] {processor.py:753} INFO - DAG(s) dict_keys(['example_sensor_decorator']) retrieved from /usr/local/python/3.10.13/lib/python3.10/site-packages/airflow/example_dags/example_sensor_decorator.py
[2024-04-22T06:13:52.803+0000] {logging_mixin.py:137} INFO - [2024-04-22T06:13:52.803+0000] {dag.py:2690} INFO - Sync 1 DAGs
[2024-04-22T06:13:52.818+0000] {logging_mixin.py:137} INFO - [2024-04-22T06:13:52.818+0000] {dag.py:3437} INFO - Setting next_dagrun for example_sensor_decorator to None, run_after=None
[2024-04-22T06:13:52.865+0000] {processor.py:175} INFO - Processing /usr/local/python/3.10.13/lib/python3.10/site-packages/airflow/example_dags/example_sensor_decorator.py took 0.101 seconds
[2024-04-22T06:14:32.786+0000] {processor.py:153} INFO - Started process (PID=43913) to work on /usr/local/python/3.10.13/lib/python3.10/site-packages/airflow/example_dags/example_sensor_decorator.py
[2024-04-22T06:14:32.787+0000] {processor.py:743} INFO - Processing file /usr/local/python/3.10.13/lib/python3.10/site-packages/airflow/example_dags/example_sensor_decorator.py for tasks to queue
[2024-04-22T06:14:32.788+0000] {logging_mixin.py:137} INFO - [2024-04-22T06:14:32.787+0000] {dagbag.py:538} INFO - Filling up the DagBag from /usr/local/python/3.10.13/lib/python3.10/site-packages/airflow/example_dags/example_sensor_decorator.py
[2024-04-22T06:14:32.814+0000] {processor.py:753} INFO - DAG(s) dict_keys(['example_sensor_decorator']) retrieved from /usr/local/python/3.10.13/lib/python3.10/site-packages/airflow/example_dags/example_sensor_decorator.py
[2024-04-22T06:14:32.833+0000] {logging_mixin.py:137} INFO - [2024-04-22T06:14:32.833+0000] {dag.py:2690} INFO - Sync 1 DAGs
[2024-04-22T06:14:32.857+0000] {logging_mixin.py:137} INFO - [2024-04-22T06:14:32.857+0000] {dag.py:3437} INFO - Setting next_dagrun for example_sensor_decorator to None, run_after=None
[2024-04-22T06:14:32.907+0000] {processor.py:175} INFO - Processing /usr/local/python/3.10.13/lib/python3.10/site-packages/airflow/example_dags/example_sensor_decorator.py took 0.123 seconds
[2024-04-22T06:15:11.053+0000] {processor.py:153} INFO - Started process (PID=44183) to work on /usr/local/python/3.10.13/lib/python3.10/site-packages/airflow/example_dags/example_sensor_decorator.py
[2024-04-22T06:15:11.054+0000] {processor.py:743} INFO - Processing file /usr/local/python/3.10.13/lib/python3.10/site-packages/airflow/example_dags/example_sensor_decorator.py for tasks to queue
[2024-04-22T06:15:11.055+0000] {logging_mixin.py:137} INFO - [2024-04-22T06:15:11.054+0000] {dagbag.py:538} INFO - Filling up the DagBag from /usr/local/python/3.10.13/lib/python3.10/site-packages/airflow/example_dags/example_sensor_decorator.py
[2024-04-22T06:15:11.075+0000] {processor.py:753} INFO - DAG(s) dict_keys(['example_sensor_decorator']) retrieved from /usr/local/python/3.10.13/lib/python3.10/site-packages/airflow/example_dags/example_sensor_decorator.py
[2024-04-22T06:15:11.088+0000] {logging_mixin.py:137} INFO - [2024-04-22T06:15:11.088+0000] {dag.py:2690} INFO - Sync 1 DAGs
[2024-04-22T06:15:11.104+0000] {logging_mixin.py:137} INFO - [2024-04-22T06:15:11.104+0000] {dag.py:3437} INFO - Setting next_dagrun for example_sensor_decorator to None, run_after=None
[2024-04-22T06:15:11.150+0000] {processor.py:175} INFO - Processing /usr/local/python/3.10.13/lib/python3.10/site-packages/airflow/example_dags/example_sensor_decorator.py took 0.099 seconds
[2024-04-22T06:15:52.850+0000] {processor.py:153} INFO - Started process (PID=44457) to work on /usr/local/python/3.10.13/lib/python3.10/site-packages/airflow/example_dags/example_sensor_decorator.py
[2024-04-22T06:15:52.851+0000] {processor.py:743} INFO - Processing file /usr/local/python/3.10.13/lib/python3.10/site-packages/airflow/example_dags/example_sensor_decorator.py for tasks to queue
[2024-04-22T06:15:52.852+0000] {logging_mixin.py:137} INFO - [2024-04-22T06:15:52.852+0000] {dagbag.py:538} INFO - Filling up the DagBag from /usr/local/python/3.10.13/lib/python3.10/site-packages/airflow/example_dags/example_sensor_decorator.py
[2024-04-22T06:15:52.878+0000] {processor.py:753} INFO - DAG(s) dict_keys(['example_sensor_decorator']) retrieved from /usr/local/python/3.10.13/lib/python3.10/site-packages/airflow/example_dags/example_sensor_decorator.py
[2024-04-22T06:15:52.899+0000] {logging_mixin.py:137} INFO - [2024-04-22T06:15:52.899+0000] {dag.py:2690} INFO - Sync 1 DAGs
[2024-04-22T06:15:52.918+0000] {logging_mixin.py:137} INFO - [2024-04-22T06:15:52.917+0000] {dag.py:3437} INFO - Setting next_dagrun for example_sensor_decorator to None, run_after=None
[2024-04-22T06:15:52.965+0000] {processor.py:175} INFO - Processing /usr/local/python/3.10.13/lib/python3.10/site-packages/airflow/example_dags/example_sensor_decorator.py took 0.118 seconds
[2024-04-22T06:16:34.495+0000] {processor.py:153} INFO - Started process (PID=44741) to work on /usr/local/python/3.10.13/lib/python3.10/site-packages/airflow/example_dags/example_sensor_decorator.py
[2024-04-22T06:16:34.496+0000] {processor.py:743} INFO - Processing file /usr/local/python/3.10.13/lib/python3.10/site-packages/airflow/example_dags/example_sensor_decorator.py for tasks to queue
[2024-04-22T06:16:34.497+0000] {logging_mixin.py:137} INFO - [2024-04-22T06:16:34.497+0000] {dagbag.py:538} INFO - Filling up the DagBag from /usr/local/python/3.10.13/lib/python3.10/site-packages/airflow/example_dags/example_sensor_decorator.py
[2024-04-22T06:16:34.516+0000] {processor.py:753} INFO - DAG(s) dict_keys(['example_sensor_decorator']) retrieved from /usr/local/python/3.10.13/lib/python3.10/site-packages/airflow/example_dags/example_sensor_decorator.py
[2024-04-22T06:16:34.530+0000] {logging_mixin.py:137} INFO - [2024-04-22T06:16:34.530+0000] {dag.py:2690} INFO - Sync 1 DAGs
[2024-04-22T06:16:34.545+0000] {logging_mixin.py:137} INFO - [2024-04-22T06:16:34.545+0000] {dag.py:3437} INFO - Setting next_dagrun for example_sensor_decorator to None, run_after=None
[2024-04-22T06:16:34.591+0000] {processor.py:175} INFO - Processing /usr/local/python/3.10.13/lib/python3.10/site-packages/airflow/example_dags/example_sensor_decorator.py took 0.097 seconds
[2024-04-22T06:17:14.042+0000] {processor.py:153} INFO - Started process (PID=45012) to work on /usr/local/python/3.10.13/lib/python3.10/site-packages/airflow/example_dags/example_sensor_decorator.py
[2024-04-22T06:17:14.043+0000] {processor.py:743} INFO - Processing file /usr/local/python/3.10.13/lib/python3.10/site-packages/airflow/example_dags/example_sensor_decorator.py for tasks to queue
[2024-04-22T06:17:14.043+0000] {logging_mixin.py:137} INFO - [2024-04-22T06:17:14.043+0000] {dagbag.py:538} INFO - Filling up the DagBag from /usr/local/python/3.10.13/lib/python3.10/site-packages/airflow/example_dags/example_sensor_decorator.py
[2024-04-22T06:17:14.062+0000] {processor.py:753} INFO - DAG(s) dict_keys(['example_sensor_decorator']) retrieved from /usr/local/python/3.10.13/lib/python3.10/site-packages/airflow/example_dags/example_sensor_decorator.py
[2024-04-22T06:17:14.076+0000] {logging_mixin.py:137} INFO - [2024-04-22T06:17:14.075+0000] {dag.py:2690} INFO - Sync 1 DAGs
[2024-04-22T06:17:14.091+0000] {logging_mixin.py:137} INFO - [2024-04-22T06:17:14.091+0000] {dag.py:3437} INFO - Setting next_dagrun for example_sensor_decorator to None, run_after=None
[2024-04-22T06:17:14.144+0000] {processor.py:175} INFO - Processing /usr/local/python/3.10.13/lib/python3.10/site-packages/airflow/example_dags/example_sensor_decorator.py took 0.104 seconds
[2024-04-22T06:17:55.933+0000] {processor.py:153} INFO - Started process (PID=45340) to work on /usr/local/python/3.10.13/lib/python3.10/site-packages/airflow/example_dags/example_sensor_decorator.py
[2024-04-22T06:17:55.934+0000] {processor.py:743} INFO - Processing file /usr/local/python/3.10.13/lib/python3.10/site-packages/airflow/example_dags/example_sensor_decorator.py for tasks to queue
[2024-04-22T06:17:55.935+0000] {logging_mixin.py:137} INFO - [2024-04-22T06:17:55.934+0000] {dagbag.py:538} INFO - Filling up the DagBag from /usr/local/python/3.10.13/lib/python3.10/site-packages/airflow/example_dags/example_sensor_decorator.py
[2024-04-22T06:17:55.954+0000] {processor.py:753} INFO - DAG(s) dict_keys(['example_sensor_decorator']) retrieved from /usr/local/python/3.10.13/lib/python3.10/site-packages/airflow/example_dags/example_sensor_decorator.py
[2024-04-22T06:17:55.967+0000] {logging_mixin.py:137} INFO - [2024-04-22T06:17:55.967+0000] {dag.py:2690} INFO - Sync 1 DAGs
[2024-04-22T06:17:55.981+0000] {logging_mixin.py:137} INFO - [2024-04-22T06:17:55.981+0000] {dag.py:3437} INFO - Setting next_dagrun for example_sensor_decorator to None, run_after=None
[2024-04-22T06:17:56.028+0000] {processor.py:175} INFO - Processing /usr/local/python/3.10.13/lib/python3.10/site-packages/airflow/example_dags/example_sensor_decorator.py took 0.096 seconds
[2024-04-22T06:18:37.587+0000] {processor.py:153} INFO - Started process (PID=45643) to work on /usr/local/python/3.10.13/lib/python3.10/site-packages/airflow/example_dags/example_sensor_decorator.py
[2024-04-22T06:18:37.587+0000] {processor.py:743} INFO - Processing file /usr/local/python/3.10.13/lib/python3.10/site-packages/airflow/example_dags/example_sensor_decorator.py for tasks to queue
[2024-04-22T06:18:37.588+0000] {logging_mixin.py:137} INFO - [2024-04-22T06:18:37.588+0000] {dagbag.py:538} INFO - Filling up the DagBag from /usr/local/python/3.10.13/lib/python3.10/site-packages/airflow/example_dags/example_sensor_decorator.py
[2024-04-22T06:18:37.608+0000] {processor.py:753} INFO - DAG(s) dict_keys(['example_sensor_decorator']) retrieved from /usr/local/python/3.10.13/lib/python3.10/site-packages/airflow/example_dags/example_sensor_decorator.py
[2024-04-22T06:18:37.624+0000] {logging_mixin.py:137} INFO - [2024-04-22T06:18:37.624+0000] {dag.py:2690} INFO - Sync 1 DAGs
[2024-04-22T06:18:37.644+0000] {logging_mixin.py:137} INFO - [2024-04-22T06:18:37.643+0000] {dag.py:3437} INFO - Setting next_dagrun for example_sensor_decorator to None, run_after=None
[2024-04-22T06:18:37.692+0000] {processor.py:175} INFO - Processing /usr/local/python/3.10.13/lib/python3.10/site-packages/airflow/example_dags/example_sensor_decorator.py took 0.108 seconds
[2024-04-22T06:19:21.205+0000] {processor.py:153} INFO - Started process (PID=45955) to work on /usr/local/python/3.10.13/lib/python3.10/site-packages/airflow/example_dags/example_sensor_decorator.py
[2024-04-22T06:19:21.206+0000] {processor.py:743} INFO - Processing file /usr/local/python/3.10.13/lib/python3.10/site-packages/airflow/example_dags/example_sensor_decorator.py for tasks to queue
[2024-04-22T06:19:21.207+0000] {logging_mixin.py:137} INFO - [2024-04-22T06:19:21.207+0000] {dagbag.py:538} INFO - Filling up the DagBag from /usr/local/python/3.10.13/lib/python3.10/site-packages/airflow/example_dags/example_sensor_decorator.py
[2024-04-22T06:19:21.236+0000] {processor.py:753} INFO - DAG(s) dict_keys(['example_sensor_decorator']) retrieved from /usr/local/python/3.10.13/lib/python3.10/site-packages/airflow/example_dags/example_sensor_decorator.py
[2024-04-22T06:19:21.254+0000] {logging_mixin.py:137} INFO - [2024-04-22T06:19:21.254+0000] {dag.py:2690} INFO - Sync 1 DAGs
[2024-04-22T06:19:21.272+0000] {logging_mixin.py:137} INFO - [2024-04-22T06:19:21.272+0000] {dag.py:3437} INFO - Setting next_dagrun for example_sensor_decorator to None, run_after=None
[2024-04-22T06:19:21.318+0000] {processor.py:175} INFO - Processing /usr/local/python/3.10.13/lib/python3.10/site-packages/airflow/example_dags/example_sensor_decorator.py took 0.116 seconds
[2024-04-22T06:20:02.202+0000] {processor.py:153} INFO - Started process (PID=46227) to work on /usr/local/python/3.10.13/lib/python3.10/site-packages/airflow/example_dags/example_sensor_decorator.py
[2024-04-22T06:20:02.203+0000] {processor.py:743} INFO - Processing file /usr/local/python/3.10.13/lib/python3.10/site-packages/airflow/example_dags/example_sensor_decorator.py for tasks to queue
[2024-04-22T06:20:02.203+0000] {logging_mixin.py:137} INFO - [2024-04-22T06:20:02.203+0000] {dagbag.py:538} INFO - Filling up the DagBag from /usr/local/python/3.10.13/lib/python3.10/site-packages/airflow/example_dags/example_sensor_decorator.py
[2024-04-22T06:20:02.223+0000] {processor.py:753} INFO - DAG(s) dict_keys(['example_sensor_decorator']) retrieved from /usr/local/python/3.10.13/lib/python3.10/site-packages/airflow/example_dags/example_sensor_decorator.py
[2024-04-22T06:20:02.236+0000] {logging_mixin.py:137} INFO - [2024-04-22T06:20:02.236+0000] {dag.py:2690} INFO - Sync 1 DAGs
[2024-04-22T06:20:02.250+0000] {logging_mixin.py:137} INFO - [2024-04-22T06:20:02.250+0000] {dag.py:3437} INFO - Setting next_dagrun for example_sensor_decorator to None, run_after=None
[2024-04-22T06:20:02.385+0000] {processor.py:175} INFO - Processing /usr/local/python/3.10.13/lib/python3.10/site-packages/airflow/example_dags/example_sensor_decorator.py took 0.185 seconds
[2024-04-22T06:20:42.860+0000] {processor.py:153} INFO - Started process (PID=46513) to work on /usr/local/python/3.10.13/lib/python3.10/site-packages/airflow/example_dags/example_sensor_decorator.py
[2024-04-22T06:20:42.861+0000] {processor.py:743} INFO - Processing file /usr/local/python/3.10.13/lib/python3.10/site-packages/airflow/example_dags/example_sensor_decorator.py for tasks to queue
[2024-04-22T06:20:42.861+0000] {logging_mixin.py:137} INFO - [2024-04-22T06:20:42.861+0000] {dagbag.py:538} INFO - Filling up the DagBag from /usr/local/python/3.10.13/lib/python3.10/site-packages/airflow/example_dags/example_sensor_decorator.py
[2024-04-22T06:20:42.881+0000] {processor.py:753} INFO - DAG(s) dict_keys(['example_sensor_decorator']) retrieved from /usr/local/python/3.10.13/lib/python3.10/site-packages/airflow/example_dags/example_sensor_decorator.py
[2024-04-22T06:20:42.894+0000] {logging_mixin.py:137} INFO - [2024-04-22T06:20:42.894+0000] {dag.py:2690} INFO - Sync 1 DAGs
[2024-04-22T06:20:42.999+0000] {logging_mixin.py:137} INFO - [2024-04-22T06:20:42.999+0000] {dag.py:3437} INFO - Setting next_dagrun for example_sensor_decorator to None, run_after=None
[2024-04-22T06:20:43.045+0000] {processor.py:175} INFO - Processing /usr/local/python/3.10.13/lib/python3.10/site-packages/airflow/example_dags/example_sensor_decorator.py took 0.187 seconds
[2024-04-22T06:21:27.441+0000] {processor.py:153} INFO - Started process (PID=46801) to work on /usr/local/python/3.10.13/lib/python3.10/site-packages/airflow/example_dags/example_sensor_decorator.py
[2024-04-22T06:21:27.442+0000] {processor.py:743} INFO - Processing file /usr/local/python/3.10.13/lib/python3.10/site-packages/airflow/example_dags/example_sensor_decorator.py for tasks to queue
[2024-04-22T06:21:27.443+0000] {logging_mixin.py:137} INFO - [2024-04-22T06:21:27.443+0000] {dagbag.py:538} INFO - Filling up the DagBag from /usr/local/python/3.10.13/lib/python3.10/site-packages/airflow/example_dags/example_sensor_decorator.py
[2024-04-22T06:21:27.471+0000] {processor.py:753} INFO - DAG(s) dict_keys(['example_sensor_decorator']) retrieved from /usr/local/python/3.10.13/lib/python3.10/site-packages/airflow/example_dags/example_sensor_decorator.py
[2024-04-22T06:21:27.488+0000] {logging_mixin.py:137} INFO - [2024-04-22T06:21:27.488+0000] {dag.py:2690} INFO - Sync 1 DAGs
[2024-04-22T06:21:27.596+0000] {logging_mixin.py:137} INFO - [2024-04-22T06:21:27.595+0000] {dag.py:3437} INFO - Setting next_dagrun for example_sensor_decorator to None, run_after=None
[2024-04-22T06:21:27.642+0000] {processor.py:175} INFO - Processing /usr/local/python/3.10.13/lib/python3.10/site-packages/airflow/example_dags/example_sensor_decorator.py took 0.204 seconds
[2024-04-22T06:22:08.836+0000] {processor.py:153} INFO - Started process (PID=47095) to work on /usr/local/python/3.10.13/lib/python3.10/site-packages/airflow/example_dags/example_sensor_decorator.py
[2024-04-22T06:22:08.837+0000] {processor.py:743} INFO - Processing file /usr/local/python/3.10.13/lib/python3.10/site-packages/airflow/example_dags/example_sensor_decorator.py for tasks to queue
[2024-04-22T06:22:08.837+0000] {logging_mixin.py:137} INFO - [2024-04-22T06:22:08.837+0000] {dagbag.py:538} INFO - Filling up the DagBag from /usr/local/python/3.10.13/lib/python3.10/site-packages/airflow/example_dags/example_sensor_decorator.py
[2024-04-22T06:22:08.856+0000] {processor.py:753} INFO - DAG(s) dict_keys(['example_sensor_decorator']) retrieved from /usr/local/python/3.10.13/lib/python3.10/site-packages/airflow/example_dags/example_sensor_decorator.py
[2024-04-22T06:22:08.870+0000] {logging_mixin.py:137} INFO - [2024-04-22T06:22:08.870+0000] {dag.py:2690} INFO - Sync 1 DAGs
[2024-04-22T06:22:08.969+0000] {logging_mixin.py:137} INFO - [2024-04-22T06:22:08.969+0000] {dag.py:3437} INFO - Setting next_dagrun for example_sensor_decorator to None, run_after=None
[2024-04-22T06:22:09.014+0000] {processor.py:175} INFO - Processing /usr/local/python/3.10.13/lib/python3.10/site-packages/airflow/example_dags/example_sensor_decorator.py took 0.180 seconds
[2024-04-22T06:22:56.814+0000] {processor.py:153} INFO - Started process (PID=47536) to work on /usr/local/python/3.10.13/lib/python3.10/site-packages/airflow/example_dags/example_sensor_decorator.py
[2024-04-22T06:22:56.815+0000] {processor.py:743} INFO - Processing file /usr/local/python/3.10.13/lib/python3.10/site-packages/airflow/example_dags/example_sensor_decorator.py for tasks to queue
[2024-04-22T06:22:56.816+0000] {logging_mixin.py:137} INFO - [2024-04-22T06:22:56.816+0000] {dagbag.py:538} INFO - Filling up the DagBag from /usr/local/python/3.10.13/lib/python3.10/site-packages/airflow/example_dags/example_sensor_decorator.py
[2024-04-22T06:22:56.837+0000] {processor.py:753} INFO - DAG(s) dict_keys(['example_sensor_decorator']) retrieved from /usr/local/python/3.10.13/lib/python3.10/site-packages/airflow/example_dags/example_sensor_decorator.py
[2024-04-22T06:22:56.980+0000] {logging_mixin.py:137} INFO - [2024-04-22T06:22:56.980+0000] {dag.py:2690} INFO - Sync 1 DAGs
[2024-04-22T06:22:57.006+0000] {logging_mixin.py:137} INFO - [2024-04-22T06:22:57.006+0000] {dag.py:3437} INFO - Setting next_dagrun for example_sensor_decorator to None, run_after=None
[2024-04-22T06:22:57.058+0000] {processor.py:175} INFO - Processing /usr/local/python/3.10.13/lib/python3.10/site-packages/airflow/example_dags/example_sensor_decorator.py took 0.246 seconds
[2024-04-22T06:23:40.729+0000] {processor.py:153} INFO - Started process (PID=47946) to work on /usr/local/python/3.10.13/lib/python3.10/site-packages/airflow/example_dags/example_sensor_decorator.py
[2024-04-22T06:23:40.729+0000] {processor.py:743} INFO - Processing file /usr/local/python/3.10.13/lib/python3.10/site-packages/airflow/example_dags/example_sensor_decorator.py for tasks to queue
[2024-04-22T06:23:40.730+0000] {logging_mixin.py:137} INFO - [2024-04-22T06:23:40.730+0000] {dagbag.py:538} INFO - Filling up the DagBag from /usr/local/python/3.10.13/lib/python3.10/site-packages/airflow/example_dags/example_sensor_decorator.py
[2024-04-22T06:23:40.878+0000] {processor.py:753} INFO - DAG(s) dict_keys(['example_sensor_decorator']) retrieved from /usr/local/python/3.10.13/lib/python3.10/site-packages/airflow/example_dags/example_sensor_decorator.py
[2024-04-22T06:23:40.893+0000] {logging_mixin.py:137} INFO - [2024-04-22T06:23:40.892+0000] {dag.py:2690} INFO - Sync 1 DAGs
[2024-04-22T06:23:40.906+0000] {logging_mixin.py:137} INFO - [2024-04-22T06:23:40.906+0000] {dag.py:3437} INFO - Setting next_dagrun for example_sensor_decorator to None, run_after=None
[2024-04-22T06:23:40.953+0000] {processor.py:175} INFO - Processing /usr/local/python/3.10.13/lib/python3.10/site-packages/airflow/example_dags/example_sensor_decorator.py took 0.226 seconds
[2024-04-22T06:24:22.880+0000] {processor.py:153} INFO - Started process (PID=48397) to work on /usr/local/python/3.10.13/lib/python3.10/site-packages/airflow/example_dags/example_sensor_decorator.py
[2024-04-22T06:24:22.881+0000] {processor.py:743} INFO - Processing file /usr/local/python/3.10.13/lib/python3.10/site-packages/airflow/example_dags/example_sensor_decorator.py for tasks to queue
[2024-04-22T06:24:22.882+0000] {logging_mixin.py:137} INFO - [2024-04-22T06:24:22.881+0000] {dagbag.py:538} INFO - Filling up the DagBag from /usr/local/python/3.10.13/lib/python3.10/site-packages/airflow/example_dags/example_sensor_decorator.py
[2024-04-22T06:24:23.001+0000] {processor.py:753} INFO - DAG(s) dict_keys(['example_sensor_decorator']) retrieved from /usr/local/python/3.10.13/lib/python3.10/site-packages/airflow/example_dags/example_sensor_decorator.py
[2024-04-22T06:24:23.036+0000] {logging_mixin.py:137} INFO - [2024-04-22T06:24:23.036+0000] {dag.py:2690} INFO - Sync 1 DAGs
[2024-04-22T06:24:23.079+0000] {logging_mixin.py:137} INFO - [2024-04-22T06:24:23.079+0000] {dag.py:3437} INFO - Setting next_dagrun for example_sensor_decorator to None, run_after=None
[2024-04-22T06:24:23.134+0000] {processor.py:175} INFO - Processing /usr/local/python/3.10.13/lib/python3.10/site-packages/airflow/example_dags/example_sensor_decorator.py took 0.256 seconds
[2024-04-22T06:25:05.253+0000] {processor.py:153} INFO - Started process (PID=48871) to work on /usr/local/python/3.10.13/lib/python3.10/site-packages/airflow/example_dags/example_sensor_decorator.py
[2024-04-22T06:25:05.253+0000] {processor.py:743} INFO - Processing file /usr/local/python/3.10.13/lib/python3.10/site-packages/airflow/example_dags/example_sensor_decorator.py for tasks to queue
[2024-04-22T06:25:05.254+0000] {logging_mixin.py:137} INFO - [2024-04-22T06:25:05.254+0000] {dagbag.py:538} INFO - Filling up the DagBag from /usr/local/python/3.10.13/lib/python3.10/site-packages/airflow/example_dags/example_sensor_decorator.py
[2024-04-22T06:25:05.423+0000] {processor.py:753} INFO - DAG(s) dict_keys(['example_sensor_decorator']) retrieved from /usr/local/python/3.10.13/lib/python3.10/site-packages/airflow/example_dags/example_sensor_decorator.py
[2024-04-22T06:25:05.441+0000] {logging_mixin.py:137} INFO - [2024-04-22T06:25:05.441+0000] {dag.py:2690} INFO - Sync 1 DAGs
[2024-04-22T06:25:05.464+0000] {logging_mixin.py:137} INFO - [2024-04-22T06:25:05.464+0000] {dag.py:3437} INFO - Setting next_dagrun for example_sensor_decorator to None, run_after=None
[2024-04-22T06:25:05.517+0000] {processor.py:175} INFO - Processing /usr/local/python/3.10.13/lib/python3.10/site-packages/airflow/example_dags/example_sensor_decorator.py took 0.267 seconds
[2024-04-22T06:25:44.954+0000] {processor.py:153} INFO - Started process (PID=49284) to work on /usr/local/python/3.10.13/lib/python3.10/site-packages/airflow/example_dags/example_sensor_decorator.py
[2024-04-22T06:25:44.955+0000] {processor.py:743} INFO - Processing file /usr/local/python/3.10.13/lib/python3.10/site-packages/airflow/example_dags/example_sensor_decorator.py for tasks to queue
[2024-04-22T06:25:44.955+0000] {logging_mixin.py:137} INFO - [2024-04-22T06:25:44.955+0000] {dagbag.py:538} INFO - Filling up the DagBag from /usr/local/python/3.10.13/lib/python3.10/site-packages/airflow/example_dags/example_sensor_decorator.py
[2024-04-22T06:25:44.975+0000] {processor.py:753} INFO - DAG(s) dict_keys(['example_sensor_decorator']) retrieved from /usr/local/python/3.10.13/lib/python3.10/site-packages/airflow/example_dags/example_sensor_decorator.py
[2024-04-22T06:25:44.989+0000] {logging_mixin.py:137} INFO - [2024-04-22T06:25:44.989+0000] {dag.py:2690} INFO - Sync 1 DAGs
[2024-04-22T06:25:45.004+0000] {logging_mixin.py:137} INFO - [2024-04-22T06:25:45.004+0000] {dag.py:3437} INFO - Setting next_dagrun for example_sensor_decorator to None, run_after=None
[2024-04-22T06:25:45.053+0000] {processor.py:175} INFO - Processing /usr/local/python/3.10.13/lib/python3.10/site-packages/airflow/example_dags/example_sensor_decorator.py took 0.101 seconds
[2024-04-22T06:26:24.201+0000] {processor.py:153} INFO - Started process (PID=49656) to work on /usr/local/python/3.10.13/lib/python3.10/site-packages/airflow/example_dags/example_sensor_decorator.py
[2024-04-22T06:26:24.202+0000] {processor.py:743} INFO - Processing file /usr/local/python/3.10.13/lib/python3.10/site-packages/airflow/example_dags/example_sensor_decorator.py for tasks to queue
[2024-04-22T06:26:24.202+0000] {logging_mixin.py:137} INFO - [2024-04-22T06:26:24.202+0000] {dagbag.py:538} INFO - Filling up the DagBag from /usr/local/python/3.10.13/lib/python3.10/site-packages/airflow/example_dags/example_sensor_decorator.py
[2024-04-22T06:26:24.222+0000] {processor.py:753} INFO - DAG(s) dict_keys(['example_sensor_decorator']) retrieved from /usr/local/python/3.10.13/lib/python3.10/site-packages/airflow/example_dags/example_sensor_decorator.py
[2024-04-22T06:26:24.237+0000] {logging_mixin.py:137} INFO - [2024-04-22T06:26:24.237+0000] {dag.py:2690} INFO - Sync 1 DAGs
[2024-04-22T06:26:24.253+0000] {logging_mixin.py:137} INFO - [2024-04-22T06:26:24.253+0000] {dag.py:3437} INFO - Setting next_dagrun for example_sensor_decorator to None, run_after=None
[2024-04-22T06:26:24.311+0000] {processor.py:175} INFO - Processing /usr/local/python/3.10.13/lib/python3.10/site-packages/airflow/example_dags/example_sensor_decorator.py took 0.112 seconds
[2024-04-22T06:27:07.454+0000] {processor.py:153} INFO - Started process (PID=50086) to work on /usr/local/python/3.10.13/lib/python3.10/site-packages/airflow/example_dags/example_sensor_decorator.py
[2024-04-22T06:27:07.455+0000] {processor.py:743} INFO - Processing file /usr/local/python/3.10.13/lib/python3.10/site-packages/airflow/example_dags/example_sensor_decorator.py for tasks to queue
[2024-04-22T06:27:07.456+0000] {logging_mixin.py:137} INFO - [2024-04-22T06:27:07.456+0000] {dagbag.py:538} INFO - Filling up the DagBag from /usr/local/python/3.10.13/lib/python3.10/site-packages/airflow/example_dags/example_sensor_decorator.py
[2024-04-22T06:27:07.488+0000] {processor.py:753} INFO - DAG(s) dict_keys(['example_sensor_decorator']) retrieved from /usr/local/python/3.10.13/lib/python3.10/site-packages/airflow/example_dags/example_sensor_decorator.py
[2024-04-22T06:27:07.510+0000] {logging_mixin.py:137} INFO - [2024-04-22T06:27:07.510+0000] {dag.py:2690} INFO - Sync 1 DAGs
[2024-04-22T06:27:07.534+0000] {logging_mixin.py:137} INFO - [2024-04-22T06:27:07.533+0000] {dag.py:3437} INFO - Setting next_dagrun for example_sensor_decorator to None, run_after=None
[2024-04-22T06:27:07.593+0000] {processor.py:175} INFO - Processing /usr/local/python/3.10.13/lib/python3.10/site-packages/airflow/example_dags/example_sensor_decorator.py took 0.142 seconds
[2024-04-22T06:27:47.823+0000] {processor.py:153} INFO - Started process (PID=50403) to work on /usr/local/python/3.10.13/lib/python3.10/site-packages/airflow/example_dags/example_sensor_decorator.py
[2024-04-22T06:27:47.824+0000] {processor.py:743} INFO - Processing file /usr/local/python/3.10.13/lib/python3.10/site-packages/airflow/example_dags/example_sensor_decorator.py for tasks to queue
[2024-04-22T06:27:47.824+0000] {logging_mixin.py:137} INFO - [2024-04-22T06:27:47.824+0000] {dagbag.py:538} INFO - Filling up the DagBag from /usr/local/python/3.10.13/lib/python3.10/site-packages/airflow/example_dags/example_sensor_decorator.py
[2024-04-22T06:27:47.844+0000] {processor.py:753} INFO - DAG(s) dict_keys(['example_sensor_decorator']) retrieved from /usr/local/python/3.10.13/lib/python3.10/site-packages/airflow/example_dags/example_sensor_decorator.py
[2024-04-22T06:27:47.859+0000] {logging_mixin.py:137} INFO - [2024-04-22T06:27:47.859+0000] {dag.py:2690} INFO - Sync 1 DAGs
[2024-04-22T06:27:47.875+0000] {logging_mixin.py:137} INFO - [2024-04-22T06:27:47.875+0000] {dag.py:3437} INFO - Setting next_dagrun for example_sensor_decorator to None, run_after=None
[2024-04-22T06:27:47.921+0000] {processor.py:175} INFO - Processing /usr/local/python/3.10.13/lib/python3.10/site-packages/airflow/example_dags/example_sensor_decorator.py took 0.100 seconds
