[2024-04-22T06:13:34.835+0000] {processor.py:153} INFO - Started process (PID=43538) to work on /usr/local/python/3.10.13/lib/python3.10/site-packages/airflow/example_dags/example_branch_operator_decorator.py
[2024-04-22T06:13:34.835+0000] {processor.py:743} INFO - Processing file /usr/local/python/3.10.13/lib/python3.10/site-packages/airflow/example_dags/example_branch_operator_decorator.py for tasks to queue
[2024-04-22T06:13:34.836+0000] {logging_mixin.py:137} INFO - [2024-04-22T06:13:34.836+0000] {dagbag.py:538} INFO - Filling up the DagBag from /usr/local/python/3.10.13/lib/python3.10/site-packages/airflow/example_dags/example_branch_operator_decorator.py
[2024-04-22T06:13:34.859+0000] {processor.py:753} INFO - DAG(s) dict_keys(['example_branch_python_operator_decorator']) retrieved from /usr/local/python/3.10.13/lib/python3.10/site-packages/airflow/example_dags/example_branch_operator_decorator.py
[2024-04-22T06:13:35.012+0000] {logging_mixin.py:137} INFO - [2024-04-22T06:13:35.012+0000] {manager.py:504} INFO - Created Permission View: can delete on DAG:example_branch_python_operator_decorator
[2024-04-22T06:13:35.050+0000] {logging_mixin.py:137} INFO - [2024-04-22T06:13:35.050+0000] {manager.py:504} INFO - Created Permission View: can edit on DAG:example_branch_python_operator_decorator
[2024-04-22T06:13:35.086+0000] {logging_mixin.py:137} INFO - [2024-04-22T06:13:35.086+0000] {manager.py:504} INFO - Created Permission View: can read on DAG:example_branch_python_operator_decorator
[2024-04-22T06:13:35.087+0000] {logging_mixin.py:137} INFO - [2024-04-22T06:13:35.086+0000] {dag.py:2690} INFO - Sync 1 DAGs
[2024-04-22T06:13:35.095+0000] {logging_mixin.py:137} INFO - [2024-04-22T06:13:35.095+0000] {dag.py:2711} INFO - Creating ORM DAG for example_branch_python_operator_decorator
[2024-04-22T06:13:35.104+0000] {logging_mixin.py:137} INFO - [2024-04-22T06:13:35.103+0000] {dag.py:3437} INFO - Setting next_dagrun for example_branch_python_operator_decorator to 2024-04-21T00:00:00+00:00, run_after=2024-04-22T00:00:00+00:00
[2024-04-22T06:13:35.158+0000] {processor.py:175} INFO - Processing /usr/local/python/3.10.13/lib/python3.10/site-packages/airflow/example_dags/example_branch_operator_decorator.py took 0.325 seconds
[2024-04-22T06:14:17.195+0000] {processor.py:153} INFO - Started process (PID=43819) to work on /usr/local/python/3.10.13/lib/python3.10/site-packages/airflow/example_dags/example_branch_operator_decorator.py
[2024-04-22T06:14:17.196+0000] {processor.py:743} INFO - Processing file /usr/local/python/3.10.13/lib/python3.10/site-packages/airflow/example_dags/example_branch_operator_decorator.py for tasks to queue
[2024-04-22T06:14:17.197+0000] {logging_mixin.py:137} INFO - [2024-04-22T06:14:17.196+0000] {dagbag.py:538} INFO - Filling up the DagBag from /usr/local/python/3.10.13/lib/python3.10/site-packages/airflow/example_dags/example_branch_operator_decorator.py
[2024-04-22T06:14:17.221+0000] {processor.py:753} INFO - DAG(s) dict_keys(['example_branch_python_operator_decorator']) retrieved from /usr/local/python/3.10.13/lib/python3.10/site-packages/airflow/example_dags/example_branch_operator_decorator.py
[2024-04-22T06:14:17.236+0000] {logging_mixin.py:137} INFO - [2024-04-22T06:14:17.236+0000] {dag.py:2690} INFO - Sync 1 DAGs
[2024-04-22T06:14:17.252+0000] {logging_mixin.py:137} INFO - [2024-04-22T06:14:17.252+0000] {dag.py:3437} INFO - Setting next_dagrun for example_branch_python_operator_decorator to 2024-04-21T00:00:00+00:00, run_after=2024-04-22T00:00:00+00:00
[2024-04-22T06:14:17.298+0000] {processor.py:175} INFO - Processing /usr/local/python/3.10.13/lib/python3.10/site-packages/airflow/example_dags/example_branch_operator_decorator.py took 0.105 seconds
[2024-04-22T06:14:56.682+0000] {processor.py:153} INFO - Started process (PID=44090) to work on /usr/local/python/3.10.13/lib/python3.10/site-packages/airflow/example_dags/example_branch_operator_decorator.py
[2024-04-22T06:14:56.683+0000] {processor.py:743} INFO - Processing file /usr/local/python/3.10.13/lib/python3.10/site-packages/airflow/example_dags/example_branch_operator_decorator.py for tasks to queue
[2024-04-22T06:14:56.683+0000] {logging_mixin.py:137} INFO - [2024-04-22T06:14:56.683+0000] {dagbag.py:538} INFO - Filling up the DagBag from /usr/local/python/3.10.13/lib/python3.10/site-packages/airflow/example_dags/example_branch_operator_decorator.py
[2024-04-22T06:14:56.709+0000] {processor.py:753} INFO - DAG(s) dict_keys(['example_branch_python_operator_decorator']) retrieved from /usr/local/python/3.10.13/lib/python3.10/site-packages/airflow/example_dags/example_branch_operator_decorator.py
[2024-04-22T06:14:56.724+0000] {logging_mixin.py:137} INFO - [2024-04-22T06:14:56.724+0000] {dag.py:2690} INFO - Sync 1 DAGs
[2024-04-22T06:14:56.740+0000] {logging_mixin.py:137} INFO - [2024-04-22T06:14:56.740+0000] {dag.py:3437} INFO - Setting next_dagrun for example_branch_python_operator_decorator to 2024-04-21T00:00:00+00:00, run_after=2024-04-22T00:00:00+00:00
[2024-04-22T06:14:56.789+0000] {processor.py:175} INFO - Processing /usr/local/python/3.10.13/lib/python3.10/site-packages/airflow/example_dags/example_branch_operator_decorator.py took 0.109 seconds
[2024-04-22T06:15:45.943+0000] {processor.py:153} INFO - Started process (PID=44426) to work on /usr/local/python/3.10.13/lib/python3.10/site-packages/airflow/example_dags/example_branch_operator_decorator.py
[2024-04-22T06:15:45.944+0000] {processor.py:743} INFO - Processing file /usr/local/python/3.10.13/lib/python3.10/site-packages/airflow/example_dags/example_branch_operator_decorator.py for tasks to queue
[2024-04-22T06:15:45.945+0000] {logging_mixin.py:137} INFO - [2024-04-22T06:15:45.945+0000] {dagbag.py:538} INFO - Filling up the DagBag from /usr/local/python/3.10.13/lib/python3.10/site-packages/airflow/example_dags/example_branch_operator_decorator.py
[2024-04-22T06:15:45.967+0000] {processor.py:753} INFO - DAG(s) dict_keys(['example_branch_python_operator_decorator']) retrieved from /usr/local/python/3.10.13/lib/python3.10/site-packages/airflow/example_dags/example_branch_operator_decorator.py
[2024-04-22T06:15:45.983+0000] {logging_mixin.py:137} INFO - [2024-04-22T06:15:45.983+0000] {dag.py:2690} INFO - Sync 1 DAGs
[2024-04-22T06:15:46.000+0000] {logging_mixin.py:137} INFO - [2024-04-22T06:15:46.000+0000] {dag.py:3437} INFO - Setting next_dagrun for example_branch_python_operator_decorator to 2024-04-21T00:00:00+00:00, run_after=2024-04-22T00:00:00+00:00
[2024-04-22T06:15:46.046+0000] {processor.py:175} INFO - Processing /usr/local/python/3.10.13/lib/python3.10/site-packages/airflow/example_dags/example_branch_operator_decorator.py took 0.105 seconds
[2024-04-22T06:16:29.223+0000] {processor.py:153} INFO - Started process (PID=44718) to work on /usr/local/python/3.10.13/lib/python3.10/site-packages/airflow/example_dags/example_branch_operator_decorator.py
[2024-04-22T06:16:29.224+0000] {processor.py:743} INFO - Processing file /usr/local/python/3.10.13/lib/python3.10/site-packages/airflow/example_dags/example_branch_operator_decorator.py for tasks to queue
[2024-04-22T06:16:29.224+0000] {logging_mixin.py:137} INFO - [2024-04-22T06:16:29.224+0000] {dagbag.py:538} INFO - Filling up the DagBag from /usr/local/python/3.10.13/lib/python3.10/site-packages/airflow/example_dags/example_branch_operator_decorator.py
[2024-04-22T06:16:29.247+0000] {processor.py:753} INFO - DAG(s) dict_keys(['example_branch_python_operator_decorator']) retrieved from /usr/local/python/3.10.13/lib/python3.10/site-packages/airflow/example_dags/example_branch_operator_decorator.py
[2024-04-22T06:16:29.261+0000] {logging_mixin.py:137} INFO - [2024-04-22T06:16:29.261+0000] {dag.py:2690} INFO - Sync 1 DAGs
[2024-04-22T06:16:29.278+0000] {logging_mixin.py:137} INFO - [2024-04-22T06:16:29.278+0000] {dag.py:3437} INFO - Setting next_dagrun for example_branch_python_operator_decorator to 2024-04-21T00:00:00+00:00, run_after=2024-04-22T00:00:00+00:00
[2024-04-22T06:16:29.324+0000] {processor.py:175} INFO - Processing /usr/local/python/3.10.13/lib/python3.10/site-packages/airflow/example_dags/example_branch_operator_decorator.py took 0.103 seconds
[2024-04-22T06:17:10.045+0000] {processor.py:153} INFO - Started process (PID=44996) to work on /usr/local/python/3.10.13/lib/python3.10/site-packages/airflow/example_dags/example_branch_operator_decorator.py
[2024-04-22T06:17:10.045+0000] {processor.py:743} INFO - Processing file /usr/local/python/3.10.13/lib/python3.10/site-packages/airflow/example_dags/example_branch_operator_decorator.py for tasks to queue
[2024-04-22T06:17:10.046+0000] {logging_mixin.py:137} INFO - [2024-04-22T06:17:10.046+0000] {dagbag.py:538} INFO - Filling up the DagBag from /usr/local/python/3.10.13/lib/python3.10/site-packages/airflow/example_dags/example_branch_operator_decorator.py
[2024-04-22T06:17:10.069+0000] {processor.py:753} INFO - DAG(s) dict_keys(['example_branch_python_operator_decorator']) retrieved from /usr/local/python/3.10.13/lib/python3.10/site-packages/airflow/example_dags/example_branch_operator_decorator.py
[2024-04-22T06:17:10.084+0000] {logging_mixin.py:137} INFO - [2024-04-22T06:17:10.084+0000] {dag.py:2690} INFO - Sync 1 DAGs
[2024-04-22T06:17:10.106+0000] {logging_mixin.py:137} INFO - [2024-04-22T06:17:10.106+0000] {dag.py:3437} INFO - Setting next_dagrun for example_branch_python_operator_decorator to 2024-04-21T00:00:00+00:00, run_after=2024-04-22T00:00:00+00:00
[2024-04-22T06:17:10.152+0000] {processor.py:175} INFO - Processing /usr/local/python/3.10.13/lib/python3.10/site-packages/airflow/example_dags/example_branch_operator_decorator.py took 0.109 seconds
[2024-04-22T06:17:50.855+0000] {processor.py:153} INFO - Started process (PID=45276) to work on /usr/local/python/3.10.13/lib/python3.10/site-packages/airflow/example_dags/example_branch_operator_decorator.py
[2024-04-22T06:17:50.856+0000] {processor.py:743} INFO - Processing file /usr/local/python/3.10.13/lib/python3.10/site-packages/airflow/example_dags/example_branch_operator_decorator.py for tasks to queue
[2024-04-22T06:17:50.856+0000] {logging_mixin.py:137} INFO - [2024-04-22T06:17:50.856+0000] {dagbag.py:538} INFO - Filling up the DagBag from /usr/local/python/3.10.13/lib/python3.10/site-packages/airflow/example_dags/example_branch_operator_decorator.py
[2024-04-22T06:17:50.879+0000] {processor.py:753} INFO - DAG(s) dict_keys(['example_branch_python_operator_decorator']) retrieved from /usr/local/python/3.10.13/lib/python3.10/site-packages/airflow/example_dags/example_branch_operator_decorator.py
[2024-04-22T06:17:50.894+0000] {logging_mixin.py:137} INFO - [2024-04-22T06:17:50.894+0000] {dag.py:2690} INFO - Sync 1 DAGs
[2024-04-22T06:17:50.910+0000] {logging_mixin.py:137} INFO - [2024-04-22T06:17:50.910+0000] {dag.py:3437} INFO - Setting next_dagrun for example_branch_python_operator_decorator to 2024-04-21T00:00:00+00:00, run_after=2024-04-22T00:00:00+00:00
[2024-04-22T06:17:50.956+0000] {processor.py:175} INFO - Processing /usr/local/python/3.10.13/lib/python3.10/site-packages/airflow/example_dags/example_branch_operator_decorator.py took 0.103 seconds
[2024-04-22T06:18:34.137+0000] {processor.py:153} INFO - Started process (PID=45627) to work on /usr/local/python/3.10.13/lib/python3.10/site-packages/airflow/example_dags/example_branch_operator_decorator.py
[2024-04-22T06:18:34.138+0000] {processor.py:743} INFO - Processing file /usr/local/python/3.10.13/lib/python3.10/site-packages/airflow/example_dags/example_branch_operator_decorator.py for tasks to queue
[2024-04-22T06:18:34.138+0000] {logging_mixin.py:137} INFO - [2024-04-22T06:18:34.138+0000] {dagbag.py:538} INFO - Filling up the DagBag from /usr/local/python/3.10.13/lib/python3.10/site-packages/airflow/example_dags/example_branch_operator_decorator.py
[2024-04-22T06:18:34.161+0000] {processor.py:753} INFO - DAG(s) dict_keys(['example_branch_python_operator_decorator']) retrieved from /usr/local/python/3.10.13/lib/python3.10/site-packages/airflow/example_dags/example_branch_operator_decorator.py
[2024-04-22T06:18:34.175+0000] {logging_mixin.py:137} INFO - [2024-04-22T06:18:34.175+0000] {dag.py:2690} INFO - Sync 1 DAGs
[2024-04-22T06:18:34.191+0000] {logging_mixin.py:137} INFO - [2024-04-22T06:18:34.190+0000] {dag.py:3437} INFO - Setting next_dagrun for example_branch_python_operator_decorator to 2024-04-21T00:00:00+00:00, run_after=2024-04-22T00:00:00+00:00
[2024-04-22T06:18:34.236+0000] {processor.py:175} INFO - Processing /usr/local/python/3.10.13/lib/python3.10/site-packages/airflow/example_dags/example_branch_operator_decorator.py took 0.101 seconds
[2024-04-22T06:19:16.131+0000] {processor.py:153} INFO - Started process (PID=45910) to work on /usr/local/python/3.10.13/lib/python3.10/site-packages/airflow/example_dags/example_branch_operator_decorator.py
[2024-04-22T06:19:16.132+0000] {processor.py:743} INFO - Processing file /usr/local/python/3.10.13/lib/python3.10/site-packages/airflow/example_dags/example_branch_operator_decorator.py for tasks to queue
[2024-04-22T06:19:16.133+0000] {logging_mixin.py:137} INFO - [2024-04-22T06:19:16.132+0000] {dagbag.py:538} INFO - Filling up the DagBag from /usr/local/python/3.10.13/lib/python3.10/site-packages/airflow/example_dags/example_branch_operator_decorator.py
[2024-04-22T06:19:16.156+0000] {processor.py:753} INFO - DAG(s) dict_keys(['example_branch_python_operator_decorator']) retrieved from /usr/local/python/3.10.13/lib/python3.10/site-packages/airflow/example_dags/example_branch_operator_decorator.py
[2024-04-22T06:19:16.171+0000] {logging_mixin.py:137} INFO - [2024-04-22T06:19:16.171+0000] {dag.py:2690} INFO - Sync 1 DAGs
[2024-04-22T06:19:16.186+0000] {logging_mixin.py:137} INFO - [2024-04-22T06:19:16.186+0000] {dag.py:3437} INFO - Setting next_dagrun for example_branch_python_operator_decorator to 2024-04-21T00:00:00+00:00, run_after=2024-04-22T00:00:00+00:00
[2024-04-22T06:19:16.266+0000] {processor.py:175} INFO - Processing /usr/local/python/3.10.13/lib/python3.10/site-packages/airflow/example_dags/example_branch_operator_decorator.py took 0.137 seconds
[2024-04-22T06:19:56.783+0000] {processor.py:153} INFO - Started process (PID=46185) to work on /usr/local/python/3.10.13/lib/python3.10/site-packages/airflow/example_dags/example_branch_operator_decorator.py
[2024-04-22T06:19:56.783+0000] {processor.py:743} INFO - Processing file /usr/local/python/3.10.13/lib/python3.10/site-packages/airflow/example_dags/example_branch_operator_decorator.py for tasks to queue
[2024-04-22T06:19:56.784+0000] {logging_mixin.py:137} INFO - [2024-04-22T06:19:56.784+0000] {dagbag.py:538} INFO - Filling up the DagBag from /usr/local/python/3.10.13/lib/python3.10/site-packages/airflow/example_dags/example_branch_operator_decorator.py
[2024-04-22T06:19:56.806+0000] {processor.py:753} INFO - DAG(s) dict_keys(['example_branch_python_operator_decorator']) retrieved from /usr/local/python/3.10.13/lib/python3.10/site-packages/airflow/example_dags/example_branch_operator_decorator.py
[2024-04-22T06:19:56.820+0000] {logging_mixin.py:137} INFO - [2024-04-22T06:19:56.820+0000] {dag.py:2690} INFO - Sync 1 DAGs
[2024-04-22T06:19:56.837+0000] {logging_mixin.py:137} INFO - [2024-04-22T06:19:56.837+0000] {dag.py:3437} INFO - Setting next_dagrun for example_branch_python_operator_decorator to 2024-04-21T00:00:00+00:00, run_after=2024-04-22T00:00:00+00:00
[2024-04-22T06:19:56.969+0000] {processor.py:175} INFO - Processing /usr/local/python/3.10.13/lib/python3.10/site-packages/airflow/example_dags/example_branch_operator_decorator.py took 0.188 seconds
[2024-04-22T06:20:45.430+0000] {processor.py:153} INFO - Started process (PID=46521) to work on /usr/local/python/3.10.13/lib/python3.10/site-packages/airflow/example_dags/example_branch_operator_decorator.py
[2024-04-22T06:20:45.431+0000] {processor.py:743} INFO - Processing file /usr/local/python/3.10.13/lib/python3.10/site-packages/airflow/example_dags/example_branch_operator_decorator.py for tasks to queue
[2024-04-22T06:20:45.431+0000] {logging_mixin.py:137} INFO - [2024-04-22T06:20:45.431+0000] {dagbag.py:538} INFO - Filling up the DagBag from /usr/local/python/3.10.13/lib/python3.10/site-packages/airflow/example_dags/example_branch_operator_decorator.py
[2024-04-22T06:20:45.453+0000] {processor.py:753} INFO - DAG(s) dict_keys(['example_branch_python_operator_decorator']) retrieved from /usr/local/python/3.10.13/lib/python3.10/site-packages/airflow/example_dags/example_branch_operator_decorator.py
[2024-04-22T06:20:45.468+0000] {logging_mixin.py:137} INFO - [2024-04-22T06:20:45.468+0000] {dag.py:2690} INFO - Sync 1 DAGs
[2024-04-22T06:20:45.574+0000] {logging_mixin.py:137} INFO - [2024-04-22T06:20:45.574+0000] {dag.py:3437} INFO - Setting next_dagrun for example_branch_python_operator_decorator to 2024-04-21T00:00:00+00:00, run_after=2024-04-22T00:00:00+00:00
[2024-04-22T06:20:45.623+0000] {processor.py:175} INFO - Processing /usr/local/python/3.10.13/lib/python3.10/site-packages/airflow/example_dags/example_branch_operator_decorator.py took 0.196 seconds
[2024-04-22T06:21:30.407+0000] {processor.py:153} INFO - Started process (PID=46823) to work on /usr/local/python/3.10.13/lib/python3.10/site-packages/airflow/example_dags/example_branch_operator_decorator.py
[2024-04-22T06:21:30.408+0000] {processor.py:743} INFO - Processing file /usr/local/python/3.10.13/lib/python3.10/site-packages/airflow/example_dags/example_branch_operator_decorator.py for tasks to queue
[2024-04-22T06:21:30.409+0000] {logging_mixin.py:137} INFO - [2024-04-22T06:21:30.409+0000] {dagbag.py:538} INFO - Filling up the DagBag from /usr/local/python/3.10.13/lib/python3.10/site-packages/airflow/example_dags/example_branch_operator_decorator.py
[2024-04-22T06:21:30.431+0000] {processor.py:753} INFO - DAG(s) dict_keys(['example_branch_python_operator_decorator']) retrieved from /usr/local/python/3.10.13/lib/python3.10/site-packages/airflow/example_dags/example_branch_operator_decorator.py
[2024-04-22T06:21:30.447+0000] {logging_mixin.py:137} INFO - [2024-04-22T06:21:30.447+0000] {dag.py:2690} INFO - Sync 1 DAGs
[2024-04-22T06:21:30.548+0000] {logging_mixin.py:137} INFO - [2024-04-22T06:21:30.548+0000] {dag.py:3437} INFO - Setting next_dagrun for example_branch_python_operator_decorator to 2024-04-21T00:00:00+00:00, run_after=2024-04-22T00:00:00+00:00
[2024-04-22T06:21:30.595+0000] {processor.py:175} INFO - Processing /usr/local/python/3.10.13/lib/python3.10/site-packages/airflow/example_dags/example_branch_operator_decorator.py took 0.190 seconds
[2024-04-22T06:22:22.801+0000] {processor.py:153} INFO - Started process (PID=47242) to work on /usr/local/python/3.10.13/lib/python3.10/site-packages/airflow/example_dags/example_branch_operator_decorator.py
[2024-04-22T06:22:22.802+0000] {processor.py:743} INFO - Processing file /usr/local/python/3.10.13/lib/python3.10/site-packages/airflow/example_dags/example_branch_operator_decorator.py for tasks to queue
[2024-04-22T06:22:22.802+0000] {logging_mixin.py:137} INFO - [2024-04-22T06:22:22.802+0000] {dagbag.py:538} INFO - Filling up the DagBag from /usr/local/python/3.10.13/lib/python3.10/site-packages/airflow/example_dags/example_branch_operator_decorator.py
[2024-04-22T06:22:22.826+0000] {processor.py:753} INFO - DAG(s) dict_keys(['example_branch_python_operator_decorator']) retrieved from /usr/local/python/3.10.13/lib/python3.10/site-packages/airflow/example_dags/example_branch_operator_decorator.py
[2024-04-22T06:22:22.951+0000] {logging_mixin.py:137} INFO - [2024-04-22T06:22:22.951+0000] {dag.py:2690} INFO - Sync 1 DAGs
[2024-04-22T06:22:22.973+0000] {logging_mixin.py:137} INFO - [2024-04-22T06:22:22.973+0000] {dag.py:3437} INFO - Setting next_dagrun for example_branch_python_operator_decorator to 2024-04-21T00:00:00+00:00, run_after=2024-04-22T00:00:00+00:00
[2024-04-22T06:22:23.038+0000] {processor.py:175} INFO - Processing /usr/local/python/3.10.13/lib/python3.10/site-packages/airflow/example_dags/example_branch_operator_decorator.py took 0.240 seconds
[2024-04-22T06:23:20.148+0000] {processor.py:153} INFO - Started process (PID=47723) to work on /usr/local/python/3.10.13/lib/python3.10/site-packages/airflow/example_dags/example_branch_operator_decorator.py
[2024-04-22T06:23:20.149+0000] {processor.py:743} INFO - Processing file /usr/local/python/3.10.13/lib/python3.10/site-packages/airflow/example_dags/example_branch_operator_decorator.py for tasks to queue
[2024-04-22T06:23:20.149+0000] {logging_mixin.py:137} INFO - [2024-04-22T06:23:20.149+0000] {dagbag.py:538} INFO - Filling up the DagBag from /usr/local/python/3.10.13/lib/python3.10/site-packages/airflow/example_dags/example_branch_operator_decorator.py
[2024-04-22T06:23:20.172+0000] {processor.py:753} INFO - DAG(s) dict_keys(['example_branch_python_operator_decorator']) retrieved from /usr/local/python/3.10.13/lib/python3.10/site-packages/airflow/example_dags/example_branch_operator_decorator.py
[2024-04-22T06:23:20.278+0000] {logging_mixin.py:137} INFO - [2024-04-22T06:23:20.278+0000] {dag.py:2690} INFO - Sync 1 DAGs
[2024-04-22T06:23:20.293+0000] {logging_mixin.py:137} INFO - [2024-04-22T06:23:20.292+0000] {dag.py:3437} INFO - Setting next_dagrun for example_branch_python_operator_decorator to 2024-04-21T00:00:00+00:00, run_after=2024-04-22T00:00:00+00:00
[2024-04-22T06:23:20.345+0000] {processor.py:175} INFO - Processing /usr/local/python/3.10.13/lib/python3.10/site-packages/airflow/example_dags/example_branch_operator_decorator.py took 0.199 seconds
[2024-04-22T06:24:16.790+0000] {processor.py:153} INFO - Started process (PID=48343) to work on /usr/local/python/3.10.13/lib/python3.10/site-packages/airflow/example_dags/example_branch_operator_decorator.py
[2024-04-22T06:24:16.790+0000] {processor.py:743} INFO - Processing file /usr/local/python/3.10.13/lib/python3.10/site-packages/airflow/example_dags/example_branch_operator_decorator.py for tasks to queue
[2024-04-22T06:24:16.791+0000] {logging_mixin.py:137} INFO - [2024-04-22T06:24:16.791+0000] {dagbag.py:538} INFO - Filling up the DagBag from /usr/local/python/3.10.13/lib/python3.10/site-packages/airflow/example_dags/example_branch_operator_decorator.py
[2024-04-22T06:24:16.906+0000] {processor.py:753} INFO - DAG(s) dict_keys(['example_branch_python_operator_decorator']) retrieved from /usr/local/python/3.10.13/lib/python3.10/site-packages/airflow/example_dags/example_branch_operator_decorator.py
[2024-04-22T06:24:16.919+0000] {logging_mixin.py:137} INFO - [2024-04-22T06:24:16.919+0000] {dag.py:2690} INFO - Sync 1 DAGs
[2024-04-22T06:24:16.934+0000] {logging_mixin.py:137} INFO - [2024-04-22T06:24:16.934+0000] {dag.py:3437} INFO - Setting next_dagrun for example_branch_python_operator_decorator to 2024-04-21T00:00:00+00:00, run_after=2024-04-22T00:00:00+00:00
[2024-04-22T06:24:16.981+0000] {processor.py:175} INFO - Processing /usr/local/python/3.10.13/lib/python3.10/site-packages/airflow/example_dags/example_branch_operator_decorator.py took 0.193 seconds
[2024-04-22T06:25:14.383+0000] {processor.py:153} INFO - Started process (PID=48962) to work on /usr/local/python/3.10.13/lib/python3.10/site-packages/airflow/example_dags/example_branch_operator_decorator.py
[2024-04-22T06:25:14.383+0000] {processor.py:743} INFO - Processing file /usr/local/python/3.10.13/lib/python3.10/site-packages/airflow/example_dags/example_branch_operator_decorator.py for tasks to queue
[2024-04-22T06:25:14.384+0000] {logging_mixin.py:137} INFO - [2024-04-22T06:25:14.384+0000] {dagbag.py:538} INFO - Filling up the DagBag from /usr/local/python/3.10.13/lib/python3.10/site-packages/airflow/example_dags/example_branch_operator_decorator.py
[2024-04-22T06:25:14.404+0000] {processor.py:753} INFO - DAG(s) dict_keys(['example_branch_python_operator_decorator']) retrieved from /usr/local/python/3.10.13/lib/python3.10/site-packages/airflow/example_dags/example_branch_operator_decorator.py
[2024-04-22T06:25:14.416+0000] {logging_mixin.py:137} INFO - [2024-04-22T06:25:14.416+0000] {dag.py:2690} INFO - Sync 1 DAGs
[2024-04-22T06:25:14.432+0000] {logging_mixin.py:137} INFO - [2024-04-22T06:25:14.432+0000] {dag.py:3437} INFO - Setting next_dagrun for example_branch_python_operator_decorator to 2024-04-21T00:00:00+00:00, run_after=2024-04-22T00:00:00+00:00
[2024-04-22T06:25:14.477+0000] {processor.py:175} INFO - Processing /usr/local/python/3.10.13/lib/python3.10/site-packages/airflow/example_dags/example_branch_operator_decorator.py took 0.187 seconds
[2024-04-22T06:26:01.461+0000] {processor.py:153} INFO - Started process (PID=49457) to work on /usr/local/python/3.10.13/lib/python3.10/site-packages/airflow/example_dags/example_branch_operator_decorator.py
[2024-04-22T06:26:01.462+0000] {processor.py:743} INFO - Processing file /usr/local/python/3.10.13/lib/python3.10/site-packages/airflow/example_dags/example_branch_operator_decorator.py for tasks to queue
[2024-04-22T06:26:01.462+0000] {logging_mixin.py:137} INFO - [2024-04-22T06:26:01.462+0000] {dagbag.py:538} INFO - Filling up the DagBag from /usr/local/python/3.10.13/lib/python3.10/site-packages/airflow/example_dags/example_branch_operator_decorator.py
[2024-04-22T06:26:01.485+0000] {processor.py:753} INFO - DAG(s) dict_keys(['example_branch_python_operator_decorator']) retrieved from /usr/local/python/3.10.13/lib/python3.10/site-packages/airflow/example_dags/example_branch_operator_decorator.py
[2024-04-22T06:26:01.500+0000] {logging_mixin.py:137} INFO - [2024-04-22T06:26:01.499+0000] {dag.py:2690} INFO - Sync 1 DAGs
[2024-04-22T06:26:01.518+0000] {logging_mixin.py:137} INFO - [2024-04-22T06:26:01.517+0000] {dag.py:3437} INFO - Setting next_dagrun for example_branch_python_operator_decorator to 2024-04-21T00:00:00+00:00, run_after=2024-04-22T00:00:00+00:00
[2024-04-22T06:26:01.570+0000] {processor.py:175} INFO - Processing /usr/local/python/3.10.13/lib/python3.10/site-packages/airflow/example_dags/example_branch_operator_decorator.py took 0.111 seconds
[2024-04-22T06:26:50.617+0000] {processor.py:153} INFO - Started process (PID=49906) to work on /usr/local/python/3.10.13/lib/python3.10/site-packages/airflow/example_dags/example_branch_operator_decorator.py
[2024-04-22T06:26:50.617+0000] {processor.py:743} INFO - Processing file /usr/local/python/3.10.13/lib/python3.10/site-packages/airflow/example_dags/example_branch_operator_decorator.py for tasks to queue
[2024-04-22T06:26:50.618+0000] {logging_mixin.py:137} INFO - [2024-04-22T06:26:50.618+0000] {dagbag.py:538} INFO - Filling up the DagBag from /usr/local/python/3.10.13/lib/python3.10/site-packages/airflow/example_dags/example_branch_operator_decorator.py
[2024-04-22T06:26:50.641+0000] {processor.py:753} INFO - DAG(s) dict_keys(['example_branch_python_operator_decorator']) retrieved from /usr/local/python/3.10.13/lib/python3.10/site-packages/airflow/example_dags/example_branch_operator_decorator.py
[2024-04-22T06:26:50.659+0000] {logging_mixin.py:137} INFO - [2024-04-22T06:26:50.659+0000] {dag.py:2690} INFO - Sync 1 DAGs
[2024-04-22T06:26:50.676+0000] {logging_mixin.py:137} INFO - [2024-04-22T06:26:50.675+0000] {dag.py:3437} INFO - Setting next_dagrun for example_branch_python_operator_decorator to 2024-04-21T00:00:00+00:00, run_after=2024-04-22T00:00:00+00:00
[2024-04-22T06:26:50.738+0000] {processor.py:175} INFO - Processing /usr/local/python/3.10.13/lib/python3.10/site-packages/airflow/example_dags/example_branch_operator_decorator.py took 0.123 seconds
[2024-04-22T06:27:32.570+0000] {processor.py:153} INFO - Started process (PID=50285) to work on /usr/local/python/3.10.13/lib/python3.10/site-packages/airflow/example_dags/example_branch_operator_decorator.py
[2024-04-22T06:27:32.571+0000] {processor.py:743} INFO - Processing file /usr/local/python/3.10.13/lib/python3.10/site-packages/airflow/example_dags/example_branch_operator_decorator.py for tasks to queue
[2024-04-22T06:27:32.571+0000] {logging_mixin.py:137} INFO - [2024-04-22T06:27:32.571+0000] {dagbag.py:538} INFO - Filling up the DagBag from /usr/local/python/3.10.13/lib/python3.10/site-packages/airflow/example_dags/example_branch_operator_decorator.py
[2024-04-22T06:27:32.594+0000] {processor.py:753} INFO - DAG(s) dict_keys(['example_branch_python_operator_decorator']) retrieved from /usr/local/python/3.10.13/lib/python3.10/site-packages/airflow/example_dags/example_branch_operator_decorator.py
[2024-04-22T06:27:32.609+0000] {logging_mixin.py:137} INFO - [2024-04-22T06:27:32.608+0000] {dag.py:2690} INFO - Sync 1 DAGs
[2024-04-22T06:27:32.624+0000] {logging_mixin.py:137} INFO - [2024-04-22T06:27:32.624+0000] {dag.py:3437} INFO - Setting next_dagrun for example_branch_python_operator_decorator to 2024-04-21T00:00:00+00:00, run_after=2024-04-22T00:00:00+00:00
[2024-04-22T06:27:32.673+0000] {processor.py:175} INFO - Processing /usr/local/python/3.10.13/lib/python3.10/site-packages/airflow/example_dags/example_branch_operator_decorator.py took 0.105 seconds
