[2024-04-22T06:13:33.395+0000] {processor.py:153} INFO - Started process (PID=43531) to work on /usr/local/python/3.10.13/lib/python3.10/site-packages/airflow/example_dags/example_branch_day_of_week_operator.py
[2024-04-22T06:13:33.400+0000] {processor.py:743} INFO - Processing file /usr/local/python/3.10.13/lib/python3.10/site-packages/airflow/example_dags/example_branch_day_of_week_operator.py for tasks to queue
[2024-04-22T06:13:33.401+0000] {logging_mixin.py:137} INFO - [2024-04-22T06:13:33.401+0000] {dagbag.py:538} INFO - Filling up the DagBag from /usr/local/python/3.10.13/lib/python3.10/site-packages/airflow/example_dags/example_branch_day_of_week_operator.py
[2024-04-22T06:13:33.417+0000] {processor.py:753} INFO - DAG(s) dict_keys(['example_weekday_branch_operator']) retrieved from /usr/local/python/3.10.13/lib/python3.10/site-packages/airflow/example_dags/example_branch_day_of_week_operator.py
[2024-04-22T06:13:33.582+0000] {logging_mixin.py:137} INFO - [2024-04-22T06:13:33.582+0000] {manager.py:504} INFO - Created Permission View: can delete on DAG:example_weekday_branch_operator
[2024-04-22T06:13:33.620+0000] {logging_mixin.py:137} INFO - [2024-04-22T06:13:33.620+0000] {manager.py:504} INFO - Created Permission View: can edit on DAG:example_weekday_branch_operator
[2024-04-22T06:13:33.656+0000] {logging_mixin.py:137} INFO - [2024-04-22T06:13:33.656+0000] {manager.py:504} INFO - Created Permission View: can read on DAG:example_weekday_branch_operator
[2024-04-22T06:13:33.656+0000] {logging_mixin.py:137} INFO - [2024-04-22T06:13:33.656+0000] {dag.py:2690} INFO - Sync 1 DAGs
[2024-04-22T06:13:33.665+0000] {logging_mixin.py:137} INFO - [2024-04-22T06:13:33.665+0000] {dag.py:2711} INFO - Creating ORM DAG for example_weekday_branch_operator
[2024-04-22T06:13:33.673+0000] {logging_mixin.py:137} INFO - [2024-04-22T06:13:33.673+0000] {dag.py:3437} INFO - Setting next_dagrun for example_weekday_branch_operator to 2024-04-21T00:00:00+00:00, run_after=2024-04-22T00:00:00+00:00
[2024-04-22T06:13:33.725+0000] {processor.py:175} INFO - Processing /usr/local/python/3.10.13/lib/python3.10/site-packages/airflow/example_dags/example_branch_day_of_week_operator.py took 0.332 seconds
[2024-04-22T06:14:16.057+0000] {processor.py:153} INFO - Started process (PID=43812) to work on /usr/local/python/3.10.13/lib/python3.10/site-packages/airflow/example_dags/example_branch_day_of_week_operator.py
[2024-04-22T06:14:16.058+0000] {processor.py:743} INFO - Processing file /usr/local/python/3.10.13/lib/python3.10/site-packages/airflow/example_dags/example_branch_day_of_week_operator.py for tasks to queue
[2024-04-22T06:14:16.059+0000] {logging_mixin.py:137} INFO - [2024-04-22T06:14:16.059+0000] {dagbag.py:538} INFO - Filling up the DagBag from /usr/local/python/3.10.13/lib/python3.10/site-packages/airflow/example_dags/example_branch_day_of_week_operator.py
[2024-04-22T06:14:16.073+0000] {processor.py:753} INFO - DAG(s) dict_keys(['example_weekday_branch_operator']) retrieved from /usr/local/python/3.10.13/lib/python3.10/site-packages/airflow/example_dags/example_branch_day_of_week_operator.py
[2024-04-22T06:14:16.088+0000] {logging_mixin.py:137} INFO - [2024-04-22T06:14:16.087+0000] {dag.py:2690} INFO - Sync 1 DAGs
[2024-04-22T06:14:16.104+0000] {logging_mixin.py:137} INFO - [2024-04-22T06:14:16.103+0000] {dag.py:3437} INFO - Setting next_dagrun for example_weekday_branch_operator to 2024-04-21T00:00:00+00:00, run_after=2024-04-22T00:00:00+00:00
[2024-04-22T06:14:16.151+0000] {processor.py:175} INFO - Processing /usr/local/python/3.10.13/lib/python3.10/site-packages/airflow/example_dags/example_branch_day_of_week_operator.py took 0.097 seconds
[2024-04-22T06:14:55.399+0000] {processor.py:153} INFO - Started process (PID=44083) to work on /usr/local/python/3.10.13/lib/python3.10/site-packages/airflow/example_dags/example_branch_day_of_week_operator.py
[2024-04-22T06:14:55.400+0000] {processor.py:743} INFO - Processing file /usr/local/python/3.10.13/lib/python3.10/site-packages/airflow/example_dags/example_branch_day_of_week_operator.py for tasks to queue
[2024-04-22T06:14:55.400+0000] {logging_mixin.py:137} INFO - [2024-04-22T06:14:55.400+0000] {dagbag.py:538} INFO - Filling up the DagBag from /usr/local/python/3.10.13/lib/python3.10/site-packages/airflow/example_dags/example_branch_day_of_week_operator.py
[2024-04-22T06:14:55.415+0000] {processor.py:753} INFO - DAG(s) dict_keys(['example_weekday_branch_operator']) retrieved from /usr/local/python/3.10.13/lib/python3.10/site-packages/airflow/example_dags/example_branch_day_of_week_operator.py
[2024-04-22T06:14:55.429+0000] {logging_mixin.py:137} INFO - [2024-04-22T06:14:55.429+0000] {dag.py:2690} INFO - Sync 1 DAGs
[2024-04-22T06:14:55.447+0000] {logging_mixin.py:137} INFO - [2024-04-22T06:14:55.447+0000] {dag.py:3437} INFO - Setting next_dagrun for example_weekday_branch_operator to 2024-04-21T00:00:00+00:00, run_after=2024-04-22T00:00:00+00:00
[2024-04-22T06:14:55.493+0000] {processor.py:175} INFO - Processing /usr/local/python/3.10.13/lib/python3.10/site-packages/airflow/example_dags/example_branch_day_of_week_operator.py took 0.097 seconds
[2024-04-22T06:15:44.808+0000] {processor.py:153} INFO - Started process (PID=44401) to work on /usr/local/python/3.10.13/lib/python3.10/site-packages/airflow/example_dags/example_branch_day_of_week_operator.py
[2024-04-22T06:15:44.809+0000] {processor.py:743} INFO - Processing file /usr/local/python/3.10.13/lib/python3.10/site-packages/airflow/example_dags/example_branch_day_of_week_operator.py for tasks to queue
[2024-04-22T06:15:44.809+0000] {logging_mixin.py:137} INFO - [2024-04-22T06:15:44.809+0000] {dagbag.py:538} INFO - Filling up the DagBag from /usr/local/python/3.10.13/lib/python3.10/site-packages/airflow/example_dags/example_branch_day_of_week_operator.py
[2024-04-22T06:15:44.823+0000] {processor.py:753} INFO - DAG(s) dict_keys(['example_weekday_branch_operator']) retrieved from /usr/local/python/3.10.13/lib/python3.10/site-packages/airflow/example_dags/example_branch_day_of_week_operator.py
[2024-04-22T06:15:44.836+0000] {logging_mixin.py:137} INFO - [2024-04-22T06:15:44.836+0000] {dag.py:2690} INFO - Sync 1 DAGs
[2024-04-22T06:15:44.852+0000] {logging_mixin.py:137} INFO - [2024-04-22T06:15:44.852+0000] {dag.py:3437} INFO - Setting next_dagrun for example_weekday_branch_operator to 2024-04-21T00:00:00+00:00, run_after=2024-04-22T00:00:00+00:00
[2024-04-22T06:15:44.899+0000] {processor.py:175} INFO - Processing /usr/local/python/3.10.13/lib/python3.10/site-packages/airflow/example_dags/example_branch_day_of_week_operator.py took 0.093 seconds
[2024-04-22T06:16:28.733+0000] {processor.py:153} INFO - Started process (PID=44711) to work on /usr/local/python/3.10.13/lib/python3.10/site-packages/airflow/example_dags/example_branch_day_of_week_operator.py
[2024-04-22T06:16:28.733+0000] {processor.py:743} INFO - Processing file /usr/local/python/3.10.13/lib/python3.10/site-packages/airflow/example_dags/example_branch_day_of_week_operator.py for tasks to queue
[2024-04-22T06:16:28.734+0000] {logging_mixin.py:137} INFO - [2024-04-22T06:16:28.734+0000] {dagbag.py:538} INFO - Filling up the DagBag from /usr/local/python/3.10.13/lib/python3.10/site-packages/airflow/example_dags/example_branch_day_of_week_operator.py
[2024-04-22T06:16:28.747+0000] {processor.py:753} INFO - DAG(s) dict_keys(['example_weekday_branch_operator']) retrieved from /usr/local/python/3.10.13/lib/python3.10/site-packages/airflow/example_dags/example_branch_day_of_week_operator.py
[2024-04-22T06:16:28.761+0000] {logging_mixin.py:137} INFO - [2024-04-22T06:16:28.761+0000] {dag.py:2690} INFO - Sync 1 DAGs
[2024-04-22T06:16:28.778+0000] {logging_mixin.py:137} INFO - [2024-04-22T06:16:28.777+0000] {dag.py:3437} INFO - Setting next_dagrun for example_weekday_branch_operator to 2024-04-21T00:00:00+00:00, run_after=2024-04-22T00:00:00+00:00
[2024-04-22T06:16:28.826+0000] {processor.py:175} INFO - Processing /usr/local/python/3.10.13/lib/python3.10/site-packages/airflow/example_dags/example_branch_day_of_week_operator.py took 0.095 seconds
[2024-04-22T06:17:08.907+0000] {processor.py:153} INFO - Started process (PID=44995) to work on /usr/local/python/3.10.13/lib/python3.10/site-packages/airflow/example_dags/example_branch_day_of_week_operator.py
[2024-04-22T06:17:08.908+0000] {processor.py:743} INFO - Processing file /usr/local/python/3.10.13/lib/python3.10/site-packages/airflow/example_dags/example_branch_day_of_week_operator.py for tasks to queue
[2024-04-22T06:17:08.908+0000] {logging_mixin.py:137} INFO - [2024-04-22T06:17:08.908+0000] {dagbag.py:538} INFO - Filling up the DagBag from /usr/local/python/3.10.13/lib/python3.10/site-packages/airflow/example_dags/example_branch_day_of_week_operator.py
[2024-04-22T06:17:08.922+0000] {processor.py:753} INFO - DAG(s) dict_keys(['example_weekday_branch_operator']) retrieved from /usr/local/python/3.10.13/lib/python3.10/site-packages/airflow/example_dags/example_branch_day_of_week_operator.py
[2024-04-22T06:17:08.936+0000] {logging_mixin.py:137} INFO - [2024-04-22T06:17:08.936+0000] {dag.py:2690} INFO - Sync 1 DAGs
[2024-04-22T06:17:08.952+0000] {logging_mixin.py:137} INFO - [2024-04-22T06:17:08.952+0000] {dag.py:3437} INFO - Setting next_dagrun for example_weekday_branch_operator to 2024-04-21T00:00:00+00:00, run_after=2024-04-22T00:00:00+00:00
[2024-04-22T06:17:09.000+0000] {processor.py:175} INFO - Processing /usr/local/python/3.10.13/lib/python3.10/site-packages/airflow/example_dags/example_branch_day_of_week_operator.py took 0.095 seconds
[2024-04-22T06:17:49.720+0000] {processor.py:153} INFO - Started process (PID=45269) to work on /usr/local/python/3.10.13/lib/python3.10/site-packages/airflow/example_dags/example_branch_day_of_week_operator.py
[2024-04-22T06:17:49.721+0000] {processor.py:743} INFO - Processing file /usr/local/python/3.10.13/lib/python3.10/site-packages/airflow/example_dags/example_branch_day_of_week_operator.py for tasks to queue
[2024-04-22T06:17:49.721+0000] {logging_mixin.py:137} INFO - [2024-04-22T06:17:49.721+0000] {dagbag.py:538} INFO - Filling up the DagBag from /usr/local/python/3.10.13/lib/python3.10/site-packages/airflow/example_dags/example_branch_day_of_week_operator.py
[2024-04-22T06:17:49.735+0000] {processor.py:753} INFO - DAG(s) dict_keys(['example_weekday_branch_operator']) retrieved from /usr/local/python/3.10.13/lib/python3.10/site-packages/airflow/example_dags/example_branch_day_of_week_operator.py
[2024-04-22T06:17:49.749+0000] {logging_mixin.py:137} INFO - [2024-04-22T06:17:49.749+0000] {dag.py:2690} INFO - Sync 1 DAGs
[2024-04-22T06:17:49.765+0000] {logging_mixin.py:137} INFO - [2024-04-22T06:17:49.765+0000] {dag.py:3437} INFO - Setting next_dagrun for example_weekday_branch_operator to 2024-04-21T00:00:00+00:00, run_after=2024-04-22T00:00:00+00:00
[2024-04-22T06:17:49.811+0000] {processor.py:175} INFO - Processing /usr/local/python/3.10.13/lib/python3.10/site-packages/airflow/example_dags/example_branch_day_of_week_operator.py took 0.094 seconds
[2024-04-22T06:18:33.199+0000] {processor.py:153} INFO - Started process (PID=45620) to work on /usr/local/python/3.10.13/lib/python3.10/site-packages/airflow/example_dags/example_branch_day_of_week_operator.py
[2024-04-22T06:18:33.199+0000] {processor.py:743} INFO - Processing file /usr/local/python/3.10.13/lib/python3.10/site-packages/airflow/example_dags/example_branch_day_of_week_operator.py for tasks to queue
[2024-04-22T06:18:33.200+0000] {logging_mixin.py:137} INFO - [2024-04-22T06:18:33.200+0000] {dagbag.py:538} INFO - Filling up the DagBag from /usr/local/python/3.10.13/lib/python3.10/site-packages/airflow/example_dags/example_branch_day_of_week_operator.py
[2024-04-22T06:18:33.213+0000] {processor.py:753} INFO - DAG(s) dict_keys(['example_weekday_branch_operator']) retrieved from /usr/local/python/3.10.13/lib/python3.10/site-packages/airflow/example_dags/example_branch_day_of_week_operator.py
[2024-04-22T06:18:33.228+0000] {logging_mixin.py:137} INFO - [2024-04-22T06:18:33.228+0000] {dag.py:2690} INFO - Sync 1 DAGs
[2024-04-22T06:18:33.243+0000] {logging_mixin.py:137} INFO - [2024-04-22T06:18:33.243+0000] {dag.py:3437} INFO - Setting next_dagrun for example_weekday_branch_operator to 2024-04-21T00:00:00+00:00, run_after=2024-04-22T00:00:00+00:00
[2024-04-22T06:18:33.291+0000] {processor.py:175} INFO - Processing /usr/local/python/3.10.13/lib/python3.10/site-packages/airflow/example_dags/example_branch_day_of_week_operator.py took 0.095 seconds
[2024-04-22T06:19:14.896+0000] {processor.py:153} INFO - Started process (PID=45903) to work on /usr/local/python/3.10.13/lib/python3.10/site-packages/airflow/example_dags/example_branch_day_of_week_operator.py
[2024-04-22T06:19:14.896+0000] {processor.py:743} INFO - Processing file /usr/local/python/3.10.13/lib/python3.10/site-packages/airflow/example_dags/example_branch_day_of_week_operator.py for tasks to queue
[2024-04-22T06:19:14.897+0000] {logging_mixin.py:137} INFO - [2024-04-22T06:19:14.897+0000] {dagbag.py:538} INFO - Filling up the DagBag from /usr/local/python/3.10.13/lib/python3.10/site-packages/airflow/example_dags/example_branch_day_of_week_operator.py
[2024-04-22T06:19:14.911+0000] {processor.py:753} INFO - DAG(s) dict_keys(['example_weekday_branch_operator']) retrieved from /usr/local/python/3.10.13/lib/python3.10/site-packages/airflow/example_dags/example_branch_day_of_week_operator.py
[2024-04-22T06:19:14.925+0000] {logging_mixin.py:137} INFO - [2024-04-22T06:19:14.925+0000] {dag.py:2690} INFO - Sync 1 DAGs
[2024-04-22T06:19:14.941+0000] {logging_mixin.py:137} INFO - [2024-04-22T06:19:14.940+0000] {dag.py:3437} INFO - Setting next_dagrun for example_weekday_branch_operator to 2024-04-21T00:00:00+00:00, run_after=2024-04-22T00:00:00+00:00
[2024-04-22T06:19:14.993+0000] {processor.py:175} INFO - Processing /usr/local/python/3.10.13/lib/python3.10/site-packages/airflow/example_dags/example_branch_day_of_week_operator.py took 0.099 seconds
[2024-04-22T06:19:55.646+0000] {processor.py:153} INFO - Started process (PID=46178) to work on /usr/local/python/3.10.13/lib/python3.10/site-packages/airflow/example_dags/example_branch_day_of_week_operator.py
[2024-04-22T06:19:55.647+0000] {processor.py:743} INFO - Processing file /usr/local/python/3.10.13/lib/python3.10/site-packages/airflow/example_dags/example_branch_day_of_week_operator.py for tasks to queue
[2024-04-22T06:19:55.647+0000] {logging_mixin.py:137} INFO - [2024-04-22T06:19:55.647+0000] {dagbag.py:538} INFO - Filling up the DagBag from /usr/local/python/3.10.13/lib/python3.10/site-packages/airflow/example_dags/example_branch_day_of_week_operator.py
[2024-04-22T06:19:55.660+0000] {processor.py:753} INFO - DAG(s) dict_keys(['example_weekday_branch_operator']) retrieved from /usr/local/python/3.10.13/lib/python3.10/site-packages/airflow/example_dags/example_branch_day_of_week_operator.py
[2024-04-22T06:19:55.674+0000] {logging_mixin.py:137} INFO - [2024-04-22T06:19:55.674+0000] {dag.py:2690} INFO - Sync 1 DAGs
[2024-04-22T06:19:55.690+0000] {logging_mixin.py:137} INFO - [2024-04-22T06:19:55.690+0000] {dag.py:3437} INFO - Setting next_dagrun for example_weekday_branch_operator to 2024-04-21T00:00:00+00:00, run_after=2024-04-22T00:00:00+00:00
[2024-04-22T06:19:55.735+0000] {processor.py:175} INFO - Processing /usr/local/python/3.10.13/lib/python3.10/site-packages/airflow/example_dags/example_branch_day_of_week_operator.py took 0.092 seconds
[2024-04-22T06:20:44.098+0000] {processor.py:153} INFO - Started process (PID=46514) to work on /usr/local/python/3.10.13/lib/python3.10/site-packages/airflow/example_dags/example_branch_day_of_week_operator.py
[2024-04-22T06:20:44.099+0000] {processor.py:743} INFO - Processing file /usr/local/python/3.10.13/lib/python3.10/site-packages/airflow/example_dags/example_branch_day_of_week_operator.py for tasks to queue
[2024-04-22T06:20:44.100+0000] {logging_mixin.py:137} INFO - [2024-04-22T06:20:44.099+0000] {dagbag.py:538} INFO - Filling up the DagBag from /usr/local/python/3.10.13/lib/python3.10/site-packages/airflow/example_dags/example_branch_day_of_week_operator.py
[2024-04-22T06:20:44.115+0000] {processor.py:753} INFO - DAG(s) dict_keys(['example_weekday_branch_operator']) retrieved from /usr/local/python/3.10.13/lib/python3.10/site-packages/airflow/example_dags/example_branch_day_of_week_operator.py
[2024-04-22T06:20:44.136+0000] {logging_mixin.py:137} INFO - [2024-04-22T06:20:44.135+0000] {dag.py:2690} INFO - Sync 1 DAGs
[2024-04-22T06:20:44.158+0000] {logging_mixin.py:137} INFO - [2024-04-22T06:20:44.157+0000] {dag.py:3437} INFO - Setting next_dagrun for example_weekday_branch_operator to 2024-04-21T00:00:00+00:00, run_after=2024-04-22T00:00:00+00:00
[2024-04-22T06:20:44.298+0000] {processor.py:175} INFO - Processing /usr/local/python/3.10.13/lib/python3.10/site-packages/airflow/example_dags/example_branch_day_of_week_operator.py took 0.203 seconds
[2024-04-22T06:21:29.173+0000] {processor.py:153} INFO - Started process (PID=46809) to work on /usr/local/python/3.10.13/lib/python3.10/site-packages/airflow/example_dags/example_branch_day_of_week_operator.py
[2024-04-22T06:21:29.174+0000] {processor.py:743} INFO - Processing file /usr/local/python/3.10.13/lib/python3.10/site-packages/airflow/example_dags/example_branch_day_of_week_operator.py for tasks to queue
[2024-04-22T06:21:29.174+0000] {logging_mixin.py:137} INFO - [2024-04-22T06:21:29.174+0000] {dagbag.py:538} INFO - Filling up the DagBag from /usr/local/python/3.10.13/lib/python3.10/site-packages/airflow/example_dags/example_branch_day_of_week_operator.py
[2024-04-22T06:21:29.188+0000] {processor.py:753} INFO - DAG(s) dict_keys(['example_weekday_branch_operator']) retrieved from /usr/local/python/3.10.13/lib/python3.10/site-packages/airflow/example_dags/example_branch_day_of_week_operator.py
[2024-04-22T06:21:29.202+0000] {logging_mixin.py:137} INFO - [2024-04-22T06:21:29.201+0000] {dag.py:2690} INFO - Sync 1 DAGs
[2024-04-22T06:21:29.308+0000] {logging_mixin.py:137} INFO - [2024-04-22T06:21:29.308+0000] {dag.py:3437} INFO - Setting next_dagrun for example_weekday_branch_operator to 2024-04-21T00:00:00+00:00, run_after=2024-04-22T00:00:00+00:00
[2024-04-22T06:21:29.356+0000] {processor.py:175} INFO - Processing /usr/local/python/3.10.13/lib/python3.10/site-packages/airflow/example_dags/example_branch_day_of_week_operator.py took 0.185 seconds
[2024-04-22T06:22:10.807+0000] {processor.py:153} INFO - Started process (PID=47115) to work on /usr/local/python/3.10.13/lib/python3.10/site-packages/airflow/example_dags/example_branch_day_of_week_operator.py
[2024-04-22T06:22:10.808+0000] {processor.py:743} INFO - Processing file /usr/local/python/3.10.13/lib/python3.10/site-packages/airflow/example_dags/example_branch_day_of_week_operator.py for tasks to queue
[2024-04-22T06:22:10.809+0000] {logging_mixin.py:137} INFO - [2024-04-22T06:22:10.809+0000] {dagbag.py:538} INFO - Filling up the DagBag from /usr/local/python/3.10.13/lib/python3.10/site-packages/airflow/example_dags/example_branch_day_of_week_operator.py
[2024-04-22T06:22:10.826+0000] {processor.py:753} INFO - DAG(s) dict_keys(['example_weekday_branch_operator']) retrieved from /usr/local/python/3.10.13/lib/python3.10/site-packages/airflow/example_dags/example_branch_day_of_week_operator.py
[2024-04-22T06:22:10.840+0000] {logging_mixin.py:137} INFO - [2024-04-22T06:22:10.840+0000] {dag.py:2690} INFO - Sync 1 DAGs
[2024-04-22T06:22:10.963+0000] {logging_mixin.py:137} INFO - [2024-04-22T06:22:10.963+0000] {dag.py:3437} INFO - Setting next_dagrun for example_weekday_branch_operator to 2024-04-21T00:00:00+00:00, run_after=2024-04-22T00:00:00+00:00
[2024-04-22T06:22:11.023+0000] {processor.py:175} INFO - Processing /usr/local/python/3.10.13/lib/python3.10/site-packages/airflow/example_dags/example_branch_day_of_week_operator.py took 0.218 seconds
[2024-04-22T06:23:04.717+0000] {processor.py:153} INFO - Started process (PID=47608) to work on /usr/local/python/3.10.13/lib/python3.10/site-packages/airflow/example_dags/example_branch_day_of_week_operator.py
[2024-04-22T06:23:04.718+0000] {processor.py:743} INFO - Processing file /usr/local/python/3.10.13/lib/python3.10/site-packages/airflow/example_dags/example_branch_day_of_week_operator.py for tasks to queue
[2024-04-22T06:23:04.718+0000] {logging_mixin.py:137} INFO - [2024-04-22T06:23:04.718+0000] {dagbag.py:538} INFO - Filling up the DagBag from /usr/local/python/3.10.13/lib/python3.10/site-packages/airflow/example_dags/example_branch_day_of_week_operator.py
[2024-04-22T06:23:04.734+0000] {processor.py:753} INFO - DAG(s) dict_keys(['example_weekday_branch_operator']) retrieved from /usr/local/python/3.10.13/lib/python3.10/site-packages/airflow/example_dags/example_branch_day_of_week_operator.py
[2024-04-22T06:23:04.870+0000] {logging_mixin.py:137} INFO - [2024-04-22T06:23:04.870+0000] {dag.py:2690} INFO - Sync 1 DAGs
[2024-04-22T06:23:04.890+0000] {logging_mixin.py:137} INFO - [2024-04-22T06:23:04.890+0000] {dag.py:3437} INFO - Setting next_dagrun for example_weekday_branch_operator to 2024-04-21T00:00:00+00:00, run_after=2024-04-22T00:00:00+00:00
[2024-04-22T06:23:04.942+0000] {processor.py:175} INFO - Processing /usr/local/python/3.10.13/lib/python3.10/site-packages/airflow/example_dags/example_branch_day_of_week_operator.py took 0.227 seconds
[2024-04-22T06:23:49.236+0000] {processor.py:153} INFO - Started process (PID=48047) to work on /usr/local/python/3.10.13/lib/python3.10/site-packages/airflow/example_dags/example_branch_day_of_week_operator.py
[2024-04-22T06:23:49.236+0000] {processor.py:743} INFO - Processing file /usr/local/python/3.10.13/lib/python3.10/site-packages/airflow/example_dags/example_branch_day_of_week_operator.py for tasks to queue
[2024-04-22T06:23:49.237+0000] {logging_mixin.py:137} INFO - [2024-04-22T06:23:49.237+0000] {dagbag.py:538} INFO - Filling up the DagBag from /usr/local/python/3.10.13/lib/python3.10/site-packages/airflow/example_dags/example_branch_day_of_week_operator.py
[2024-04-22T06:23:49.251+0000] {processor.py:753} INFO - DAG(s) dict_keys(['example_weekday_branch_operator']) retrieved from /usr/local/python/3.10.13/lib/python3.10/site-packages/airflow/example_dags/example_branch_day_of_week_operator.py
[2024-04-22T06:23:49.356+0000] {logging_mixin.py:137} INFO - [2024-04-22T06:23:49.356+0000] {dag.py:2690} INFO - Sync 1 DAGs
[2024-04-22T06:23:49.373+0000] {logging_mixin.py:137} INFO - [2024-04-22T06:23:49.373+0000] {dag.py:3437} INFO - Setting next_dagrun for example_weekday_branch_operator to 2024-04-21T00:00:00+00:00, run_after=2024-04-22T00:00:00+00:00
[2024-04-22T06:23:49.428+0000] {processor.py:175} INFO - Processing /usr/local/python/3.10.13/lib/python3.10/site-packages/airflow/example_dags/example_branch_day_of_week_operator.py took 0.195 seconds
[2024-04-22T06:24:45.253+0000] {processor.py:153} INFO - Started process (PID=48672) to work on /usr/local/python/3.10.13/lib/python3.10/site-packages/airflow/example_dags/example_branch_day_of_week_operator.py
[2024-04-22T06:24:45.254+0000] {processor.py:743} INFO - Processing file /usr/local/python/3.10.13/lib/python3.10/site-packages/airflow/example_dags/example_branch_day_of_week_operator.py for tasks to queue
[2024-04-22T06:24:45.255+0000] {logging_mixin.py:137} INFO - [2024-04-22T06:24:45.255+0000] {dagbag.py:538} INFO - Filling up the DagBag from /usr/local/python/3.10.13/lib/python3.10/site-packages/airflow/example_dags/example_branch_day_of_week_operator.py
[2024-04-22T06:24:45.365+0000] {processor.py:753} INFO - DAG(s) dict_keys(['example_weekday_branch_operator']) retrieved from /usr/local/python/3.10.13/lib/python3.10/site-packages/airflow/example_dags/example_branch_day_of_week_operator.py
[2024-04-22T06:24:45.376+0000] {logging_mixin.py:137} INFO - [2024-04-22T06:24:45.376+0000] {dag.py:2690} INFO - Sync 1 DAGs
[2024-04-22T06:24:45.397+0000] {logging_mixin.py:137} INFO - [2024-04-22T06:24:45.397+0000] {dag.py:3437} INFO - Setting next_dagrun for example_weekday_branch_operator to 2024-04-21T00:00:00+00:00, run_after=2024-04-22T00:00:00+00:00
[2024-04-22T06:24:45.452+0000] {processor.py:175} INFO - Processing /usr/local/python/3.10.13/lib/python3.10/site-packages/airflow/example_dags/example_branch_day_of_week_operator.py took 0.201 seconds
[2024-04-22T06:25:40.702+0000] {processor.py:153} INFO - Started process (PID=49267) to work on /usr/local/python/3.10.13/lib/python3.10/site-packages/airflow/example_dags/example_branch_day_of_week_operator.py
[2024-04-22T06:25:40.702+0000] {processor.py:743} INFO - Processing file /usr/local/python/3.10.13/lib/python3.10/site-packages/airflow/example_dags/example_branch_day_of_week_operator.py for tasks to queue
[2024-04-22T06:25:40.703+0000] {logging_mixin.py:137} INFO - [2024-04-22T06:25:40.703+0000] {dagbag.py:538} INFO - Filling up the DagBag from /usr/local/python/3.10.13/lib/python3.10/site-packages/airflow/example_dags/example_branch_day_of_week_operator.py
[2024-04-22T06:25:40.716+0000] {processor.py:753} INFO - DAG(s) dict_keys(['example_weekday_branch_operator']) retrieved from /usr/local/python/3.10.13/lib/python3.10/site-packages/airflow/example_dags/example_branch_day_of_week_operator.py
[2024-04-22T06:25:40.731+0000] {logging_mixin.py:137} INFO - [2024-04-22T06:25:40.730+0000] {dag.py:2690} INFO - Sync 1 DAGs
[2024-04-22T06:25:40.747+0000] {logging_mixin.py:137} INFO - [2024-04-22T06:25:40.747+0000] {dag.py:3437} INFO - Setting next_dagrun for example_weekday_branch_operator to 2024-04-21T00:00:00+00:00, run_after=2024-04-22T00:00:00+00:00
[2024-04-22T06:25:40.795+0000] {processor.py:175} INFO - Processing /usr/local/python/3.10.13/lib/python3.10/site-packages/airflow/example_dags/example_branch_day_of_week_operator.py took 0.095 seconds
[2024-04-22T06:26:20.776+0000] {processor.py:153} INFO - Started process (PID=49618) to work on /usr/local/python/3.10.13/lib/python3.10/site-packages/airflow/example_dags/example_branch_day_of_week_operator.py
[2024-04-22T06:26:20.777+0000] {processor.py:743} INFO - Processing file /usr/local/python/3.10.13/lib/python3.10/site-packages/airflow/example_dags/example_branch_day_of_week_operator.py for tasks to queue
[2024-04-22T06:26:20.777+0000] {logging_mixin.py:137} INFO - [2024-04-22T06:26:20.777+0000] {dagbag.py:538} INFO - Filling up the DagBag from /usr/local/python/3.10.13/lib/python3.10/site-packages/airflow/example_dags/example_branch_day_of_week_operator.py
[2024-04-22T06:26:20.791+0000] {processor.py:753} INFO - DAG(s) dict_keys(['example_weekday_branch_operator']) retrieved from /usr/local/python/3.10.13/lib/python3.10/site-packages/airflow/example_dags/example_branch_day_of_week_operator.py
[2024-04-22T06:26:20.807+0000] {logging_mixin.py:137} INFO - [2024-04-22T06:26:20.806+0000] {dag.py:2690} INFO - Sync 1 DAGs
[2024-04-22T06:26:20.824+0000] {logging_mixin.py:137} INFO - [2024-04-22T06:26:20.824+0000] {dag.py:3437} INFO - Setting next_dagrun for example_weekday_branch_operator to 2024-04-21T00:00:00+00:00, run_after=2024-04-22T00:00:00+00:00
[2024-04-22T06:26:20.878+0000] {processor.py:175} INFO - Processing /usr/local/python/3.10.13/lib/python3.10/site-packages/airflow/example_dags/example_branch_day_of_week_operator.py took 0.104 seconds
[2024-04-22T06:27:02.102+0000] {processor.py:153} INFO - Started process (PID=50050) to work on /usr/local/python/3.10.13/lib/python3.10/site-packages/airflow/example_dags/example_branch_day_of_week_operator.py
[2024-04-22T06:27:02.103+0000] {processor.py:743} INFO - Processing file /usr/local/python/3.10.13/lib/python3.10/site-packages/airflow/example_dags/example_branch_day_of_week_operator.py for tasks to queue
[2024-04-22T06:27:02.104+0000] {logging_mixin.py:137} INFO - [2024-04-22T06:27:02.103+0000] {dagbag.py:538} INFO - Filling up the DagBag from /usr/local/python/3.10.13/lib/python3.10/site-packages/airflow/example_dags/example_branch_day_of_week_operator.py
[2024-04-22T06:27:02.117+0000] {processor.py:753} INFO - DAG(s) dict_keys(['example_weekday_branch_operator']) retrieved from /usr/local/python/3.10.13/lib/python3.10/site-packages/airflow/example_dags/example_branch_day_of_week_operator.py
[2024-04-22T06:27:02.133+0000] {logging_mixin.py:137} INFO - [2024-04-22T06:27:02.133+0000] {dag.py:2690} INFO - Sync 1 DAGs
[2024-04-22T06:27:02.150+0000] {logging_mixin.py:137} INFO - [2024-04-22T06:27:02.150+0000] {dag.py:3437} INFO - Setting next_dagrun for example_weekday_branch_operator to 2024-04-21T00:00:00+00:00, run_after=2024-04-22T00:00:00+00:00
[2024-04-22T06:27:02.198+0000] {processor.py:175} INFO - Processing /usr/local/python/3.10.13/lib/python3.10/site-packages/airflow/example_dags/example_branch_day_of_week_operator.py took 0.098 seconds
[2024-04-22T06:27:43.649+0000] {processor.py:153} INFO - Started process (PID=50376) to work on /usr/local/python/3.10.13/lib/python3.10/site-packages/airflow/example_dags/example_branch_day_of_week_operator.py
[2024-04-22T06:27:43.650+0000] {processor.py:743} INFO - Processing file /usr/local/python/3.10.13/lib/python3.10/site-packages/airflow/example_dags/example_branch_day_of_week_operator.py for tasks to queue
[2024-04-22T06:27:43.650+0000] {logging_mixin.py:137} INFO - [2024-04-22T06:27:43.650+0000] {dagbag.py:538} INFO - Filling up the DagBag from /usr/local/python/3.10.13/lib/python3.10/site-packages/airflow/example_dags/example_branch_day_of_week_operator.py
[2024-04-22T06:27:43.664+0000] {processor.py:753} INFO - DAG(s) dict_keys(['example_weekday_branch_operator']) retrieved from /usr/local/python/3.10.13/lib/python3.10/site-packages/airflow/example_dags/example_branch_day_of_week_operator.py
[2024-04-22T06:27:43.679+0000] {logging_mixin.py:137} INFO - [2024-04-22T06:27:43.679+0000] {dag.py:2690} INFO - Sync 1 DAGs
[2024-04-22T06:27:43.695+0000] {logging_mixin.py:137} INFO - [2024-04-22T06:27:43.695+0000] {dag.py:3437} INFO - Setting next_dagrun for example_weekday_branch_operator to 2024-04-21T00:00:00+00:00, run_after=2024-04-22T00:00:00+00:00
[2024-04-22T06:27:43.743+0000] {processor.py:175} INFO - Processing /usr/local/python/3.10.13/lib/python3.10/site-packages/airflow/example_dags/example_branch_day_of_week_operator.py took 0.097 seconds
