[2024-04-22T06:13:01.867+0000] {processor.py:153} INFO - Started process (PID=43301) to work on /usr/local/python/3.10.13/lib/python3.10/site-packages/airflow/example_dags/example_short_circuit_operator.py
[2024-04-22T06:13:01.867+0000] {processor.py:743} INFO - Processing file /usr/local/python/3.10.13/lib/python3.10/site-packages/airflow/example_dags/example_short_circuit_operator.py for tasks to queue
[2024-04-22T06:13:01.868+0000] {logging_mixin.py:137} INFO - [2024-04-22T06:13:01.868+0000] {dagbag.py:538} INFO - Filling up the DagBag from /usr/local/python/3.10.13/lib/python3.10/site-packages/airflow/example_dags/example_short_circuit_operator.py
[2024-04-22T06:13:01.881+0000] {processor.py:753} INFO - DAG(s) dict_keys(['example_short_circuit_operator']) retrieved from /usr/local/python/3.10.13/lib/python3.10/site-packages/airflow/example_dags/example_short_circuit_operator.py
[2024-04-22T06:13:02.037+0000] {logging_mixin.py:137} INFO - [2024-04-22T06:13:02.037+0000] {manager.py:504} INFO - Created Permission View: can delete on DAG:example_short_circuit_operator
[2024-04-22T06:13:02.077+0000] {logging_mixin.py:137} INFO - [2024-04-22T06:13:02.077+0000] {manager.py:504} INFO - Created Permission View: can edit on DAG:example_short_circuit_operator
[2024-04-22T06:13:02.115+0000] {logging_mixin.py:137} INFO - [2024-04-22T06:13:02.114+0000] {manager.py:504} INFO - Created Permission View: can read on DAG:example_short_circuit_operator
[2024-04-22T06:13:02.115+0000] {logging_mixin.py:137} INFO - [2024-04-22T06:13:02.115+0000] {dag.py:2690} INFO - Sync 1 DAGs
[2024-04-22T06:13:02.124+0000] {logging_mixin.py:137} INFO - [2024-04-22T06:13:02.124+0000] {dag.py:2711} INFO - Creating ORM DAG for example_short_circuit_operator
[2024-04-22T06:13:02.133+0000] {logging_mixin.py:137} INFO - [2024-04-22T06:13:02.133+0000] {dag.py:3437} INFO - Setting next_dagrun for example_short_circuit_operator to 2024-04-21T06:13:02.133534+00:00, run_after=2024-04-22T06:13:02.133534+00:00
[2024-04-22T06:13:02.189+0000] {processor.py:175} INFO - Processing /usr/local/python/3.10.13/lib/python3.10/site-packages/airflow/example_dags/example_short_circuit_operator.py took 0.324 seconds
[2024-04-22T06:13:47.493+0000] {processor.py:153} INFO - Started process (PID=43617) to work on /usr/local/python/3.10.13/lib/python3.10/site-packages/airflow/example_dags/example_short_circuit_operator.py
[2024-04-22T06:13:47.494+0000] {processor.py:743} INFO - Processing file /usr/local/python/3.10.13/lib/python3.10/site-packages/airflow/example_dags/example_short_circuit_operator.py for tasks to queue
[2024-04-22T06:13:47.495+0000] {logging_mixin.py:137} INFO - [2024-04-22T06:13:47.494+0000] {dagbag.py:538} INFO - Filling up the DagBag from /usr/local/python/3.10.13/lib/python3.10/site-packages/airflow/example_dags/example_short_circuit_operator.py
[2024-04-22T06:13:47.509+0000] {processor.py:753} INFO - DAG(s) dict_keys(['example_short_circuit_operator']) retrieved from /usr/local/python/3.10.13/lib/python3.10/site-packages/airflow/example_dags/example_short_circuit_operator.py
[2024-04-22T06:13:47.533+0000] {logging_mixin.py:137} INFO - [2024-04-22T06:13:47.532+0000] {dag.py:2690} INFO - Sync 1 DAGs
[2024-04-22T06:13:47.547+0000] {logging_mixin.py:137} INFO - [2024-04-22T06:13:47.547+0000] {dag.py:3437} INFO - Setting next_dagrun for example_short_circuit_operator to 2024-04-21T06:13:47.547691+00:00, run_after=2024-04-22T06:13:47.547691+00:00
[2024-04-22T06:13:47.595+0000] {processor.py:175} INFO - Processing /usr/local/python/3.10.13/lib/python3.10/site-packages/airflow/example_dags/example_short_circuit_operator.py took 0.104 seconds
[2024-04-22T06:14:27.742+0000] {processor.py:153} INFO - Started process (PID=43890) to work on /usr/local/python/3.10.13/lib/python3.10/site-packages/airflow/example_dags/example_short_circuit_operator.py
[2024-04-22T06:14:27.742+0000] {processor.py:743} INFO - Processing file /usr/local/python/3.10.13/lib/python3.10/site-packages/airflow/example_dags/example_short_circuit_operator.py for tasks to queue
[2024-04-22T06:14:27.743+0000] {logging_mixin.py:137} INFO - [2024-04-22T06:14:27.743+0000] {dagbag.py:538} INFO - Filling up the DagBag from /usr/local/python/3.10.13/lib/python3.10/site-packages/airflow/example_dags/example_short_circuit_operator.py
[2024-04-22T06:14:27.757+0000] {processor.py:753} INFO - DAG(s) dict_keys(['example_short_circuit_operator']) retrieved from /usr/local/python/3.10.13/lib/python3.10/site-packages/airflow/example_dags/example_short_circuit_operator.py
[2024-04-22T06:14:27.772+0000] {logging_mixin.py:137} INFO - [2024-04-22T06:14:27.772+0000] {dag.py:2690} INFO - Sync 1 DAGs
[2024-04-22T06:14:27.787+0000] {logging_mixin.py:137} INFO - [2024-04-22T06:14:27.787+0000] {dag.py:3437} INFO - Setting next_dagrun for example_short_circuit_operator to 2024-04-21T06:14:27.787201+00:00, run_after=2024-04-22T06:14:27.787201+00:00
[2024-04-22T06:14:27.833+0000] {processor.py:175} INFO - Processing /usr/local/python/3.10.13/lib/python3.10/site-packages/airflow/example_dags/example_short_circuit_operator.py took 0.093 seconds
[2024-04-22T06:15:05.871+0000] {processor.py:153} INFO - Started process (PID=44154) to work on /usr/local/python/3.10.13/lib/python3.10/site-packages/airflow/example_dags/example_short_circuit_operator.py
[2024-04-22T06:15:05.871+0000] {processor.py:743} INFO - Processing file /usr/local/python/3.10.13/lib/python3.10/site-packages/airflow/example_dags/example_short_circuit_operator.py for tasks to queue
[2024-04-22T06:15:05.872+0000] {logging_mixin.py:137} INFO - [2024-04-22T06:15:05.872+0000] {dagbag.py:538} INFO - Filling up the DagBag from /usr/local/python/3.10.13/lib/python3.10/site-packages/airflow/example_dags/example_short_circuit_operator.py
[2024-04-22T06:15:05.886+0000] {processor.py:753} INFO - DAG(s) dict_keys(['example_short_circuit_operator']) retrieved from /usr/local/python/3.10.13/lib/python3.10/site-packages/airflow/example_dags/example_short_circuit_operator.py
[2024-04-22T06:15:05.900+0000] {logging_mixin.py:137} INFO - [2024-04-22T06:15:05.900+0000] {dag.py:2690} INFO - Sync 1 DAGs
[2024-04-22T06:15:05.915+0000] {logging_mixin.py:137} INFO - [2024-04-22T06:15:05.915+0000] {dag.py:3437} INFO - Setting next_dagrun for example_short_circuit_operator to 2024-04-21T06:15:05.915060+00:00, run_after=2024-04-22T06:15:05.915060+00:00
[2024-04-22T06:15:05.964+0000] {processor.py:175} INFO - Processing /usr/local/python/3.10.13/lib/python3.10/site-packages/airflow/example_dags/example_short_circuit_operator.py took 0.096 seconds
[2024-04-22T06:15:47.670+0000] {processor.py:153} INFO - Started process (PID=44440) to work on /usr/local/python/3.10.13/lib/python3.10/site-packages/airflow/example_dags/example_short_circuit_operator.py
[2024-04-22T06:15:47.671+0000] {processor.py:743} INFO - Processing file /usr/local/python/3.10.13/lib/python3.10/site-packages/airflow/example_dags/example_short_circuit_operator.py for tasks to queue
[2024-04-22T06:15:47.671+0000] {logging_mixin.py:137} INFO - [2024-04-22T06:15:47.671+0000] {dagbag.py:538} INFO - Filling up the DagBag from /usr/local/python/3.10.13/lib/python3.10/site-packages/airflow/example_dags/example_short_circuit_operator.py
[2024-04-22T06:15:47.685+0000] {processor.py:753} INFO - DAG(s) dict_keys(['example_short_circuit_operator']) retrieved from /usr/local/python/3.10.13/lib/python3.10/site-packages/airflow/example_dags/example_short_circuit_operator.py
[2024-04-22T06:15:47.699+0000] {logging_mixin.py:137} INFO - [2024-04-22T06:15:47.699+0000] {dag.py:2690} INFO - Sync 1 DAGs
[2024-04-22T06:15:47.714+0000] {logging_mixin.py:137} INFO - [2024-04-22T06:15:47.714+0000] {dag.py:3437} INFO - Setting next_dagrun for example_short_circuit_operator to 2024-04-21T06:15:47.714397+00:00, run_after=2024-04-22T06:15:47.714397+00:00
[2024-04-22T06:15:47.763+0000] {processor.py:175} INFO - Processing /usr/local/python/3.10.13/lib/python3.10/site-packages/airflow/example_dags/example_short_circuit_operator.py took 0.095 seconds
[2024-04-22T06:16:26.363+0000] {processor.py:153} INFO - Started process (PID=44703) to work on /usr/local/python/3.10.13/lib/python3.10/site-packages/airflow/example_dags/example_short_circuit_operator.py
[2024-04-22T06:16:26.363+0000] {processor.py:743} INFO - Processing file /usr/local/python/3.10.13/lib/python3.10/site-packages/airflow/example_dags/example_short_circuit_operator.py for tasks to queue
[2024-04-22T06:16:26.364+0000] {logging_mixin.py:137} INFO - [2024-04-22T06:16:26.364+0000] {dagbag.py:538} INFO - Filling up the DagBag from /usr/local/python/3.10.13/lib/python3.10/site-packages/airflow/example_dags/example_short_circuit_operator.py
[2024-04-22T06:16:26.377+0000] {processor.py:753} INFO - DAG(s) dict_keys(['example_short_circuit_operator']) retrieved from /usr/local/python/3.10.13/lib/python3.10/site-packages/airflow/example_dags/example_short_circuit_operator.py
[2024-04-22T06:16:26.392+0000] {logging_mixin.py:137} INFO - [2024-04-22T06:16:26.392+0000] {dag.py:2690} INFO - Sync 1 DAGs
[2024-04-22T06:16:26.408+0000] {logging_mixin.py:137} INFO - [2024-04-22T06:16:26.407+0000] {dag.py:3437} INFO - Setting next_dagrun for example_short_circuit_operator to 2024-04-21T06:16:26.407722+00:00, run_after=2024-04-22T06:16:26.407722+00:00
[2024-04-22T06:16:26.454+0000] {processor.py:175} INFO - Processing /usr/local/python/3.10.13/lib/python3.10/site-packages/airflow/example_dags/example_short_circuit_operator.py took 0.094 seconds
[2024-04-22T06:17:06.536+0000] {processor.py:153} INFO - Started process (PID=44963) to work on /usr/local/python/3.10.13/lib/python3.10/site-packages/airflow/example_dags/example_short_circuit_operator.py
[2024-04-22T06:17:06.537+0000] {processor.py:743} INFO - Processing file /usr/local/python/3.10.13/lib/python3.10/site-packages/airflow/example_dags/example_short_circuit_operator.py for tasks to queue
[2024-04-22T06:17:06.537+0000] {logging_mixin.py:137} INFO - [2024-04-22T06:17:06.537+0000] {dagbag.py:538} INFO - Filling up the DagBag from /usr/local/python/3.10.13/lib/python3.10/site-packages/airflow/example_dags/example_short_circuit_operator.py
[2024-04-22T06:17:06.551+0000] {processor.py:753} INFO - DAG(s) dict_keys(['example_short_circuit_operator']) retrieved from /usr/local/python/3.10.13/lib/python3.10/site-packages/airflow/example_dags/example_short_circuit_operator.py
[2024-04-22T06:17:06.565+0000] {logging_mixin.py:137} INFO - [2024-04-22T06:17:06.565+0000] {dag.py:2690} INFO - Sync 1 DAGs
[2024-04-22T06:17:06.580+0000] {logging_mixin.py:137} INFO - [2024-04-22T06:17:06.580+0000] {dag.py:3437} INFO - Setting next_dagrun for example_short_circuit_operator to 2024-04-21T06:17:06.580709+00:00, run_after=2024-04-22T06:17:06.580709+00:00
[2024-04-22T06:17:06.625+0000] {processor.py:175} INFO - Processing /usr/local/python/3.10.13/lib/python3.10/site-packages/airflow/example_dags/example_short_circuit_operator.py took 0.091 seconds
[2024-04-22T06:17:46.853+0000] {processor.py:153} INFO - Started process (PID=45232) to work on /usr/local/python/3.10.13/lib/python3.10/site-packages/airflow/example_dags/example_short_circuit_operator.py
[2024-04-22T06:17:46.856+0000] {processor.py:743} INFO - Processing file /usr/local/python/3.10.13/lib/python3.10/site-packages/airflow/example_dags/example_short_circuit_operator.py for tasks to queue
[2024-04-22T06:17:46.857+0000] {logging_mixin.py:137} INFO - [2024-04-22T06:17:46.857+0000] {dagbag.py:538} INFO - Filling up the DagBag from /usr/local/python/3.10.13/lib/python3.10/site-packages/airflow/example_dags/example_short_circuit_operator.py
[2024-04-22T06:17:46.880+0000] {processor.py:753} INFO - DAG(s) dict_keys(['example_short_circuit_operator']) retrieved from /usr/local/python/3.10.13/lib/python3.10/site-packages/airflow/example_dags/example_short_circuit_operator.py
[2024-04-22T06:17:46.900+0000] {logging_mixin.py:137} INFO - [2024-04-22T06:17:46.900+0000] {dag.py:2690} INFO - Sync 1 DAGs
[2024-04-22T06:17:46.915+0000] {logging_mixin.py:137} INFO - [2024-04-22T06:17:46.915+0000] {dag.py:3437} INFO - Setting next_dagrun for example_short_circuit_operator to 2024-04-21T06:17:46.915022+00:00, run_after=2024-04-22T06:17:46.915022+00:00
[2024-04-22T06:17:46.961+0000] {processor.py:175} INFO - Processing /usr/local/python/3.10.13/lib/python3.10/site-packages/airflow/example_dags/example_short_circuit_operator.py took 0.112 seconds
[2024-04-22T06:18:29.063+0000] {processor.py:153} INFO - Started process (PID=45597) to work on /usr/local/python/3.10.13/lib/python3.10/site-packages/airflow/example_dags/example_short_circuit_operator.py
[2024-04-22T06:18:29.064+0000] {processor.py:743} INFO - Processing file /usr/local/python/3.10.13/lib/python3.10/site-packages/airflow/example_dags/example_short_circuit_operator.py for tasks to queue
[2024-04-22T06:18:29.064+0000] {logging_mixin.py:137} INFO - [2024-04-22T06:18:29.064+0000] {dagbag.py:538} INFO - Filling up the DagBag from /usr/local/python/3.10.13/lib/python3.10/site-packages/airflow/example_dags/example_short_circuit_operator.py
[2024-04-22T06:18:29.077+0000] {processor.py:753} INFO - DAG(s) dict_keys(['example_short_circuit_operator']) retrieved from /usr/local/python/3.10.13/lib/python3.10/site-packages/airflow/example_dags/example_short_circuit_operator.py
[2024-04-22T06:18:29.092+0000] {logging_mixin.py:137} INFO - [2024-04-22T06:18:29.092+0000] {dag.py:2690} INFO - Sync 1 DAGs
[2024-04-22T06:18:29.107+0000] {logging_mixin.py:137} INFO - [2024-04-22T06:18:29.107+0000] {dag.py:3437} INFO - Setting next_dagrun for example_short_circuit_operator to 2024-04-21T06:18:29.107214+00:00, run_after=2024-04-22T06:18:29.107214+00:00
[2024-04-22T06:18:29.154+0000] {processor.py:175} INFO - Processing /usr/local/python/3.10.13/lib/python3.10/site-packages/airflow/example_dags/example_short_circuit_operator.py took 0.093 seconds
[2024-04-22T06:19:10.335+0000] {processor.py:153} INFO - Started process (PID=45881) to work on /usr/local/python/3.10.13/lib/python3.10/site-packages/airflow/example_dags/example_short_circuit_operator.py
[2024-04-22T06:19:10.335+0000] {processor.py:743} INFO - Processing file /usr/local/python/3.10.13/lib/python3.10/site-packages/airflow/example_dags/example_short_circuit_operator.py for tasks to queue
[2024-04-22T06:19:10.336+0000] {logging_mixin.py:137} INFO - [2024-04-22T06:19:10.336+0000] {dagbag.py:538} INFO - Filling up the DagBag from /usr/local/python/3.10.13/lib/python3.10/site-packages/airflow/example_dags/example_short_circuit_operator.py
[2024-04-22T06:19:10.349+0000] {processor.py:753} INFO - DAG(s) dict_keys(['example_short_circuit_operator']) retrieved from /usr/local/python/3.10.13/lib/python3.10/site-packages/airflow/example_dags/example_short_circuit_operator.py
[2024-04-22T06:19:10.363+0000] {logging_mixin.py:137} INFO - [2024-04-22T06:19:10.363+0000] {dag.py:2690} INFO - Sync 1 DAGs
[2024-04-22T06:19:10.378+0000] {logging_mixin.py:137} INFO - [2024-04-22T06:19:10.378+0000] {dag.py:3437} INFO - Setting next_dagrun for example_short_circuit_operator to 2024-04-21T06:19:10.378576+00:00, run_after=2024-04-22T06:19:10.378576+00:00
[2024-04-22T06:19:10.425+0000] {processor.py:175} INFO - Processing /usr/local/python/3.10.13/lib/python3.10/site-packages/airflow/example_dags/example_short_circuit_operator.py took 0.093 seconds
[2024-04-22T06:19:51.129+0000] {processor.py:153} INFO - Started process (PID=46156) to work on /usr/local/python/3.10.13/lib/python3.10/site-packages/airflow/example_dags/example_short_circuit_operator.py
[2024-04-22T06:19:51.129+0000] {processor.py:743} INFO - Processing file /usr/local/python/3.10.13/lib/python3.10/site-packages/airflow/example_dags/example_short_circuit_operator.py for tasks to queue
[2024-04-22T06:19:51.130+0000] {logging_mixin.py:137} INFO - [2024-04-22T06:19:51.130+0000] {dagbag.py:538} INFO - Filling up the DagBag from /usr/local/python/3.10.13/lib/python3.10/site-packages/airflow/example_dags/example_short_circuit_operator.py
[2024-04-22T06:19:51.143+0000] {processor.py:753} INFO - DAG(s) dict_keys(['example_short_circuit_operator']) retrieved from /usr/local/python/3.10.13/lib/python3.10/site-packages/airflow/example_dags/example_short_circuit_operator.py
[2024-04-22T06:19:51.158+0000] {logging_mixin.py:137} INFO - [2024-04-22T06:19:51.158+0000] {dag.py:2690} INFO - Sync 1 DAGs
[2024-04-22T06:19:51.173+0000] {logging_mixin.py:137} INFO - [2024-04-22T06:19:51.172+0000] {dag.py:3437} INFO - Setting next_dagrun for example_short_circuit_operator to 2024-04-21T06:19:51.172799+00:00, run_after=2024-04-22T06:19:51.172799+00:00
[2024-04-22T06:19:51.219+0000] {processor.py:175} INFO - Processing /usr/local/python/3.10.13/lib/python3.10/site-packages/airflow/example_dags/example_short_circuit_operator.py took 0.093 seconds
[2024-04-22T06:20:36.340+0000] {processor.py:153} INFO - Started process (PID=46465) to work on /usr/local/python/3.10.13/lib/python3.10/site-packages/airflow/example_dags/example_short_circuit_operator.py
[2024-04-22T06:20:36.341+0000] {processor.py:743} INFO - Processing file /usr/local/python/3.10.13/lib/python3.10/site-packages/airflow/example_dags/example_short_circuit_operator.py for tasks to queue
[2024-04-22T06:20:36.342+0000] {logging_mixin.py:137} INFO - [2024-04-22T06:20:36.342+0000] {dagbag.py:538} INFO - Filling up the DagBag from /usr/local/python/3.10.13/lib/python3.10/site-packages/airflow/example_dags/example_short_circuit_operator.py
[2024-04-22T06:20:36.355+0000] {processor.py:753} INFO - DAG(s) dict_keys(['example_short_circuit_operator']) retrieved from /usr/local/python/3.10.13/lib/python3.10/site-packages/airflow/example_dags/example_short_circuit_operator.py
[2024-04-22T06:20:36.370+0000] {logging_mixin.py:137} INFO - [2024-04-22T06:20:36.369+0000] {dag.py:2690} INFO - Sync 1 DAGs
[2024-04-22T06:20:36.384+0000] {logging_mixin.py:137} INFO - [2024-04-22T06:20:36.384+0000] {dag.py:3437} INFO - Setting next_dagrun for example_short_circuit_operator to 2024-04-21T06:20:36.384335+00:00, run_after=2024-04-22T06:20:36.384335+00:00
[2024-04-22T06:20:36.518+0000] {processor.py:175} INFO - Processing /usr/local/python/3.10.13/lib/python3.10/site-packages/airflow/example_dags/example_short_circuit_operator.py took 0.180 seconds
[2024-04-22T06:21:21.106+0000] {processor.py:153} INFO - Started process (PID=46753) to work on /usr/local/python/3.10.13/lib/python3.10/site-packages/airflow/example_dags/example_short_circuit_operator.py
[2024-04-22T06:21:21.106+0000] {processor.py:743} INFO - Processing file /usr/local/python/3.10.13/lib/python3.10/site-packages/airflow/example_dags/example_short_circuit_operator.py for tasks to queue
[2024-04-22T06:21:21.107+0000] {logging_mixin.py:137} INFO - [2024-04-22T06:21:21.107+0000] {dagbag.py:538} INFO - Filling up the DagBag from /usr/local/python/3.10.13/lib/python3.10/site-packages/airflow/example_dags/example_short_circuit_operator.py
[2024-04-22T06:21:21.120+0000] {processor.py:753} INFO - DAG(s) dict_keys(['example_short_circuit_operator']) retrieved from /usr/local/python/3.10.13/lib/python3.10/site-packages/airflow/example_dags/example_short_circuit_operator.py
[2024-04-22T06:21:21.135+0000] {logging_mixin.py:137} INFO - [2024-04-22T06:21:21.135+0000] {dag.py:2690} INFO - Sync 1 DAGs
[2024-04-22T06:21:21.238+0000] {logging_mixin.py:137} INFO - [2024-04-22T06:21:21.238+0000] {dag.py:3437} INFO - Setting next_dagrun for example_short_circuit_operator to 2024-04-21T06:21:21.238397+00:00, run_after=2024-04-22T06:21:21.238397+00:00
[2024-04-22T06:21:21.288+0000] {processor.py:175} INFO - Processing /usr/local/python/3.10.13/lib/python3.10/site-packages/airflow/example_dags/example_short_circuit_operator.py took 0.185 seconds
[2024-04-22T06:22:03.951+0000] {processor.py:153} INFO - Started process (PID=47068) to work on /usr/local/python/3.10.13/lib/python3.10/site-packages/airflow/example_dags/example_short_circuit_operator.py
[2024-04-22T06:22:03.952+0000] {processor.py:743} INFO - Processing file /usr/local/python/3.10.13/lib/python3.10/site-packages/airflow/example_dags/example_short_circuit_operator.py for tasks to queue
[2024-04-22T06:22:03.952+0000] {logging_mixin.py:137} INFO - [2024-04-22T06:22:03.952+0000] {dagbag.py:538} INFO - Filling up the DagBag from /usr/local/python/3.10.13/lib/python3.10/site-packages/airflow/example_dags/example_short_circuit_operator.py
[2024-04-22T06:22:03.965+0000] {processor.py:753} INFO - DAG(s) dict_keys(['example_short_circuit_operator']) retrieved from /usr/local/python/3.10.13/lib/python3.10/site-packages/airflow/example_dags/example_short_circuit_operator.py
[2024-04-22T06:22:03.980+0000] {logging_mixin.py:137} INFO - [2024-04-22T06:22:03.980+0000] {dag.py:2690} INFO - Sync 1 DAGs
[2024-04-22T06:22:04.090+0000] {logging_mixin.py:137} INFO - [2024-04-22T06:22:04.090+0000] {dag.py:3437} INFO - Setting next_dagrun for example_short_circuit_operator to 2024-04-21T06:22:04.090257+00:00, run_after=2024-04-22T06:22:04.090257+00:00
[2024-04-22T06:22:04.135+0000] {processor.py:175} INFO - Processing /usr/local/python/3.10.13/lib/python3.10/site-packages/airflow/example_dags/example_short_circuit_operator.py took 0.187 seconds
[2024-04-22T06:22:41.085+0000] {processor.py:153} INFO - Started process (PID=47389) to work on /usr/local/python/3.10.13/lib/python3.10/site-packages/airflow/example_dags/example_short_circuit_operator.py
[2024-04-22T06:22:41.086+0000] {processor.py:743} INFO - Processing file /usr/local/python/3.10.13/lib/python3.10/site-packages/airflow/example_dags/example_short_circuit_operator.py for tasks to queue
[2024-04-22T06:22:41.086+0000] {logging_mixin.py:137} INFO - [2024-04-22T06:22:41.086+0000] {dagbag.py:538} INFO - Filling up the DagBag from /usr/local/python/3.10.13/lib/python3.10/site-packages/airflow/example_dags/example_short_circuit_operator.py
[2024-04-22T06:22:41.099+0000] {processor.py:753} INFO - DAG(s) dict_keys(['example_short_circuit_operator']) retrieved from /usr/local/python/3.10.13/lib/python3.10/site-packages/airflow/example_dags/example_short_circuit_operator.py
[2024-04-22T06:22:41.115+0000] {logging_mixin.py:137} INFO - [2024-04-22T06:22:41.114+0000] {dag.py:2690} INFO - Sync 1 DAGs
[2024-04-22T06:22:41.223+0000] {logging_mixin.py:137} INFO - [2024-04-22T06:22:41.223+0000] {dag.py:3437} INFO - Setting next_dagrun for example_short_circuit_operator to 2024-04-21T06:22:41.223390+00:00, run_after=2024-04-22T06:22:41.223390+00:00
[2024-04-22T06:22:41.270+0000] {processor.py:175} INFO - Processing /usr/local/python/3.10.13/lib/python3.10/site-packages/airflow/example_dags/example_short_circuit_operator.py took 0.187 seconds
[2024-04-22T06:23:24.298+0000] {processor.py:153} INFO - Started process (PID=47792) to work on /usr/local/python/3.10.13/lib/python3.10/site-packages/airflow/example_dags/example_short_circuit_operator.py
[2024-04-22T06:23:24.299+0000] {processor.py:743} INFO - Processing file /usr/local/python/3.10.13/lib/python3.10/site-packages/airflow/example_dags/example_short_circuit_operator.py for tasks to queue
[2024-04-22T06:23:24.300+0000] {logging_mixin.py:137} INFO - [2024-04-22T06:23:24.299+0000] {dagbag.py:538} INFO - Filling up the DagBag from /usr/local/python/3.10.13/lib/python3.10/site-packages/airflow/example_dags/example_short_circuit_operator.py
[2024-04-22T06:23:24.313+0000] {processor.py:753} INFO - DAG(s) dict_keys(['example_short_circuit_operator']) retrieved from /usr/local/python/3.10.13/lib/python3.10/site-packages/airflow/example_dags/example_short_circuit_operator.py
[2024-04-22T06:23:24.417+0000] {logging_mixin.py:137} INFO - [2024-04-22T06:23:24.417+0000] {dag.py:2690} INFO - Sync 1 DAGs
[2024-04-22T06:23:24.431+0000] {logging_mixin.py:137} INFO - [2024-04-22T06:23:24.431+0000] {dag.py:3437} INFO - Setting next_dagrun for example_short_circuit_operator to 2024-04-21T06:23:24.431186+00:00, run_after=2024-04-22T06:23:24.431186+00:00
[2024-04-22T06:23:24.480+0000] {processor.py:175} INFO - Processing /usr/local/python/3.10.13/lib/python3.10/site-packages/airflow/example_dags/example_short_circuit_operator.py took 0.183 seconds
[2024-04-22T06:24:06.328+0000] {processor.py:153} INFO - Started process (PID=48245) to work on /usr/local/python/3.10.13/lib/python3.10/site-packages/airflow/example_dags/example_short_circuit_operator.py
[2024-04-22T06:24:06.329+0000] {processor.py:743} INFO - Processing file /usr/local/python/3.10.13/lib/python3.10/site-packages/airflow/example_dags/example_short_circuit_operator.py for tasks to queue
[2024-04-22T06:24:06.330+0000] {logging_mixin.py:137} INFO - [2024-04-22T06:24:06.330+0000] {dagbag.py:538} INFO - Filling up the DagBag from /usr/local/python/3.10.13/lib/python3.10/site-packages/airflow/example_dags/example_short_circuit_operator.py
[2024-04-22T06:24:06.439+0000] {processor.py:753} INFO - DAG(s) dict_keys(['example_short_circuit_operator']) retrieved from /usr/local/python/3.10.13/lib/python3.10/site-packages/airflow/example_dags/example_short_circuit_operator.py
[2024-04-22T06:24:06.453+0000] {logging_mixin.py:137} INFO - [2024-04-22T06:24:06.452+0000] {dag.py:2690} INFO - Sync 1 DAGs
[2024-04-22T06:24:06.467+0000] {logging_mixin.py:137} INFO - [2024-04-22T06:24:06.467+0000] {dag.py:3437} INFO - Setting next_dagrun for example_short_circuit_operator to 2024-04-21T06:24:06.466885+00:00, run_after=2024-04-22T06:24:06.466885+00:00
[2024-04-22T06:24:06.513+0000] {processor.py:175} INFO - Processing /usr/local/python/3.10.13/lib/python3.10/site-packages/airflow/example_dags/example_short_circuit_operator.py took 0.187 seconds
[2024-04-22T06:24:49.310+0000] {processor.py:153} INFO - Started process (PID=48714) to work on /usr/local/python/3.10.13/lib/python3.10/site-packages/airflow/example_dags/example_short_circuit_operator.py
[2024-04-22T06:24:49.310+0000] {processor.py:743} INFO - Processing file /usr/local/python/3.10.13/lib/python3.10/site-packages/airflow/example_dags/example_short_circuit_operator.py for tasks to queue
[2024-04-22T06:24:49.311+0000] {logging_mixin.py:137} INFO - [2024-04-22T06:24:49.311+0000] {dagbag.py:538} INFO - Filling up the DagBag from /usr/local/python/3.10.13/lib/python3.10/site-packages/airflow/example_dags/example_short_circuit_operator.py
[2024-04-22T06:24:49.429+0000] {processor.py:753} INFO - DAG(s) dict_keys(['example_short_circuit_operator']) retrieved from /usr/local/python/3.10.13/lib/python3.10/site-packages/airflow/example_dags/example_short_circuit_operator.py
[2024-04-22T06:24:49.443+0000] {logging_mixin.py:137} INFO - [2024-04-22T06:24:49.443+0000] {dag.py:2690} INFO - Sync 1 DAGs
[2024-04-22T06:24:49.457+0000] {logging_mixin.py:137} INFO - [2024-04-22T06:24:49.457+0000] {dag.py:3437} INFO - Setting next_dagrun for example_short_circuit_operator to 2024-04-21T06:24:49.456875+00:00, run_after=2024-04-22T06:24:49.456875+00:00
[2024-04-22T06:24:49.504+0000] {processor.py:175} INFO - Processing /usr/local/python/3.10.13/lib/python3.10/site-packages/airflow/example_dags/example_short_circuit_operator.py took 0.196 seconds
[2024-04-22T06:25:32.089+0000] {processor.py:153} INFO - Started process (PID=49185) to work on /usr/local/python/3.10.13/lib/python3.10/site-packages/airflow/example_dags/example_short_circuit_operator.py
[2024-04-22T06:25:32.090+0000] {processor.py:743} INFO - Processing file /usr/local/python/3.10.13/lib/python3.10/site-packages/airflow/example_dags/example_short_circuit_operator.py for tasks to queue
[2024-04-22T06:25:32.090+0000] {logging_mixin.py:137} INFO - [2024-04-22T06:25:32.090+0000] {dagbag.py:538} INFO - Filling up the DagBag from /usr/local/python/3.10.13/lib/python3.10/site-packages/airflow/example_dags/example_short_circuit_operator.py
[2024-04-22T06:25:32.103+0000] {processor.py:753} INFO - DAG(s) dict_keys(['example_short_circuit_operator']) retrieved from /usr/local/python/3.10.13/lib/python3.10/site-packages/airflow/example_dags/example_short_circuit_operator.py
[2024-04-22T06:25:32.118+0000] {logging_mixin.py:137} INFO - [2024-04-22T06:25:32.118+0000] {dag.py:2690} INFO - Sync 1 DAGs
[2024-04-22T06:25:32.135+0000] {logging_mixin.py:137} INFO - [2024-04-22T06:25:32.134+0000] {dag.py:3437} INFO - Setting next_dagrun for example_short_circuit_operator to 2024-04-21T06:25:32.134723+00:00, run_after=2024-04-22T06:25:32.134723+00:00
[2024-04-22T06:25:32.182+0000] {processor.py:175} INFO - Processing /usr/local/python/3.10.13/lib/python3.10/site-packages/airflow/example_dags/example_short_circuit_operator.py took 0.096 seconds
[2024-04-22T06:26:05.461+0000] {processor.py:153} INFO - Started process (PID=49473) to work on /usr/local/python/3.10.13/lib/python3.10/site-packages/airflow/example_dags/example_short_circuit_operator.py
[2024-04-22T06:26:05.461+0000] {processor.py:743} INFO - Processing file /usr/local/python/3.10.13/lib/python3.10/site-packages/airflow/example_dags/example_short_circuit_operator.py for tasks to queue
[2024-04-22T06:26:05.462+0000] {logging_mixin.py:137} INFO - [2024-04-22T06:26:05.462+0000] {dagbag.py:538} INFO - Filling up the DagBag from /usr/local/python/3.10.13/lib/python3.10/site-packages/airflow/example_dags/example_short_circuit_operator.py
[2024-04-22T06:26:05.476+0000] {processor.py:753} INFO - DAG(s) dict_keys(['example_short_circuit_operator']) retrieved from /usr/local/python/3.10.13/lib/python3.10/site-packages/airflow/example_dags/example_short_circuit_operator.py
[2024-04-22T06:26:05.491+0000] {logging_mixin.py:137} INFO - [2024-04-22T06:26:05.491+0000] {dag.py:2690} INFO - Sync 1 DAGs
[2024-04-22T06:26:05.506+0000] {logging_mixin.py:137} INFO - [2024-04-22T06:26:05.506+0000] {dag.py:3437} INFO - Setting next_dagrun for example_short_circuit_operator to 2024-04-21T06:26:05.506113+00:00, run_after=2024-04-22T06:26:05.506113+00:00
[2024-04-22T06:26:05.553+0000] {processor.py:175} INFO - Processing /usr/local/python/3.10.13/lib/python3.10/site-packages/airflow/example_dags/example_short_circuit_operator.py took 0.094 seconds
[2024-04-22T06:26:44.490+0000] {processor.py:153} INFO - Started process (PID=49828) to work on /usr/local/python/3.10.13/lib/python3.10/site-packages/airflow/example_dags/example_short_circuit_operator.py
[2024-04-22T06:26:44.491+0000] {processor.py:743} INFO - Processing file /usr/local/python/3.10.13/lib/python3.10/site-packages/airflow/example_dags/example_short_circuit_operator.py for tasks to queue
[2024-04-22T06:26:44.491+0000] {logging_mixin.py:137} INFO - [2024-04-22T06:26:44.491+0000] {dagbag.py:538} INFO - Filling up the DagBag from /usr/local/python/3.10.13/lib/python3.10/site-packages/airflow/example_dags/example_short_circuit_operator.py
[2024-04-22T06:26:44.505+0000] {processor.py:753} INFO - DAG(s) dict_keys(['example_short_circuit_operator']) retrieved from /usr/local/python/3.10.13/lib/python3.10/site-packages/airflow/example_dags/example_short_circuit_operator.py
[2024-04-22T06:26:44.519+0000] {logging_mixin.py:137} INFO - [2024-04-22T06:26:44.519+0000] {dag.py:2690} INFO - Sync 1 DAGs
[2024-04-22T06:26:44.535+0000] {logging_mixin.py:137} INFO - [2024-04-22T06:26:44.535+0000] {dag.py:3437} INFO - Setting next_dagrun for example_short_circuit_operator to 2024-04-21T06:26:44.534894+00:00, run_after=2024-04-22T06:26:44.534894+00:00
[2024-04-22T06:26:44.585+0000] {processor.py:175} INFO - Processing /usr/local/python/3.10.13/lib/python3.10/site-packages/airflow/example_dags/example_short_circuit_operator.py took 0.097 seconds
[2024-04-22T06:27:26.564+0000] {processor.py:153} INFO - Started process (PID=50231) to work on /usr/local/python/3.10.13/lib/python3.10/site-packages/airflow/example_dags/example_short_circuit_operator.py
[2024-04-22T06:27:26.565+0000] {processor.py:743} INFO - Processing file /usr/local/python/3.10.13/lib/python3.10/site-packages/airflow/example_dags/example_short_circuit_operator.py for tasks to queue
[2024-04-22T06:27:26.565+0000] {logging_mixin.py:137} INFO - [2024-04-22T06:27:26.565+0000] {dagbag.py:538} INFO - Filling up the DagBag from /usr/local/python/3.10.13/lib/python3.10/site-packages/airflow/example_dags/example_short_circuit_operator.py
[2024-04-22T06:27:26.579+0000] {processor.py:753} INFO - DAG(s) dict_keys(['example_short_circuit_operator']) retrieved from /usr/local/python/3.10.13/lib/python3.10/site-packages/airflow/example_dags/example_short_circuit_operator.py
[2024-04-22T06:27:26.594+0000] {logging_mixin.py:137} INFO - [2024-04-22T06:27:26.594+0000] {dag.py:2690} INFO - Sync 1 DAGs
[2024-04-22T06:27:26.609+0000] {logging_mixin.py:137} INFO - [2024-04-22T06:27:26.609+0000] {dag.py:3437} INFO - Setting next_dagrun for example_short_circuit_operator to 2024-04-21T06:27:26.609468+00:00, run_after=2024-04-22T06:27:26.609468+00:00
[2024-04-22T06:27:26.656+0000] {processor.py:175} INFO - Processing /usr/local/python/3.10.13/lib/python3.10/site-packages/airflow/example_dags/example_short_circuit_operator.py took 0.094 seconds
