[2024-04-22T06:13:13.950+0000] {processor.py:153} INFO - Started process (PID=43399) to work on /usr/local/python/3.10.13/lib/python3.10/site-packages/airflow/example_dags/example_latest_only_with_trigger.py
[2024-04-22T06:13:13.950+0000] {processor.py:743} INFO - Processing file /usr/local/python/3.10.13/lib/python3.10/site-packages/airflow/example_dags/example_latest_only_with_trigger.py for tasks to queue
[2024-04-22T06:13:13.951+0000] {logging_mixin.py:137} INFO - [2024-04-22T06:13:13.951+0000] {dagbag.py:538} INFO - Filling up the DagBag from /usr/local/python/3.10.13/lib/python3.10/site-packages/airflow/example_dags/example_latest_only_with_trigger.py
[2024-04-22T06:13:13.970+0000] {processor.py:753} INFO - DAG(s) dict_keys(['latest_only_with_trigger']) retrieved from /usr/local/python/3.10.13/lib/python3.10/site-packages/airflow/example_dags/example_latest_only_with_trigger.py
[2024-04-22T06:13:14.131+0000] {logging_mixin.py:137} INFO - [2024-04-22T06:13:14.131+0000] {manager.py:504} INFO - Created Permission View: can delete on DAG:latest_only_with_trigger
[2024-04-22T06:13:14.170+0000] {logging_mixin.py:137} INFO - [2024-04-22T06:13:14.170+0000] {manager.py:504} INFO - Created Permission View: can edit on DAG:latest_only_with_trigger
[2024-04-22T06:13:14.205+0000] {logging_mixin.py:137} INFO - [2024-04-22T06:13:14.205+0000] {manager.py:504} INFO - Created Permission View: can read on DAG:latest_only_with_trigger
[2024-04-22T06:13:14.206+0000] {logging_mixin.py:137} INFO - [2024-04-22T06:13:14.206+0000] {dag.py:2690} INFO - Sync 1 DAGs
[2024-04-22T06:13:14.214+0000] {logging_mixin.py:137} INFO - [2024-04-22T06:13:14.214+0000] {dag.py:2711} INFO - Creating ORM DAG for latest_only_with_trigger
[2024-04-22T06:13:14.221+0000] {logging_mixin.py:137} INFO - [2024-04-22T06:13:14.221+0000] {dag.py:3437} INFO - Setting next_dagrun for latest_only_with_trigger to 2024-04-22T02:13:14.221198+00:00, run_after=2024-04-22T06:13:14.221198+00:00
[2024-04-22T06:13:14.274+0000] {processor.py:175} INFO - Processing /usr/local/python/3.10.13/lib/python3.10/site-packages/airflow/example_dags/example_latest_only_with_trigger.py took 0.327 seconds
[2024-04-22T06:13:59.317+0000] {processor.py:153} INFO - Started process (PID=43694) to work on /usr/local/python/3.10.13/lib/python3.10/site-packages/airflow/example_dags/example_latest_only_with_trigger.py
[2024-04-22T06:13:59.319+0000] {processor.py:743} INFO - Processing file /usr/local/python/3.10.13/lib/python3.10/site-packages/airflow/example_dags/example_latest_only_with_trigger.py for tasks to queue
[2024-04-22T06:13:59.320+0000] {logging_mixin.py:137} INFO - [2024-04-22T06:13:59.320+0000] {dagbag.py:538} INFO - Filling up the DagBag from /usr/local/python/3.10.13/lib/python3.10/site-packages/airflow/example_dags/example_latest_only_with_trigger.py
[2024-04-22T06:13:59.337+0000] {processor.py:753} INFO - DAG(s) dict_keys(['latest_only_with_trigger']) retrieved from /usr/local/python/3.10.13/lib/python3.10/site-packages/airflow/example_dags/example_latest_only_with_trigger.py
[2024-04-22T06:13:59.356+0000] {logging_mixin.py:137} INFO - [2024-04-22T06:13:59.356+0000] {dag.py:2690} INFO - Sync 1 DAGs
[2024-04-22T06:13:59.371+0000] {logging_mixin.py:137} INFO - [2024-04-22T06:13:59.371+0000] {dag.py:3437} INFO - Setting next_dagrun for latest_only_with_trigger to 2024-04-22T02:13:59.371019+00:00, run_after=2024-04-22T06:13:59.371019+00:00
[2024-04-22T06:13:59.419+0000] {processor.py:175} INFO - Processing /usr/local/python/3.10.13/lib/python3.10/site-packages/airflow/example_dags/example_latest_only_with_trigger.py took 0.105 seconds
[2024-04-22T06:14:39.770+0000] {processor.py:153} INFO - Started process (PID=43969) to work on /usr/local/python/3.10.13/lib/python3.10/site-packages/airflow/example_dags/example_latest_only_with_trigger.py
[2024-04-22T06:14:39.771+0000] {processor.py:743} INFO - Processing file /usr/local/python/3.10.13/lib/python3.10/site-packages/airflow/example_dags/example_latest_only_with_trigger.py for tasks to queue
[2024-04-22T06:14:39.772+0000] {logging_mixin.py:137} INFO - [2024-04-22T06:14:39.772+0000] {dagbag.py:538} INFO - Filling up the DagBag from /usr/local/python/3.10.13/lib/python3.10/site-packages/airflow/example_dags/example_latest_only_with_trigger.py
[2024-04-22T06:14:39.784+0000] {processor.py:753} INFO - DAG(s) dict_keys(['latest_only_with_trigger']) retrieved from /usr/local/python/3.10.13/lib/python3.10/site-packages/airflow/example_dags/example_latest_only_with_trigger.py
[2024-04-22T06:14:39.798+0000] {logging_mixin.py:137} INFO - [2024-04-22T06:14:39.798+0000] {dag.py:2690} INFO - Sync 1 DAGs
[2024-04-22T06:14:39.813+0000] {logging_mixin.py:137} INFO - [2024-04-22T06:14:39.813+0000] {dag.py:3437} INFO - Setting next_dagrun for latest_only_with_trigger to 2024-04-22T02:14:39.813333+00:00, run_after=2024-04-22T06:14:39.813333+00:00
[2024-04-22T06:14:39.859+0000] {processor.py:175} INFO - Processing /usr/local/python/3.10.13/lib/python3.10/site-packages/airflow/example_dags/example_latest_only_with_trigger.py took 0.090 seconds
[2024-04-22T06:15:18.831+0000] {processor.py:153} INFO - Started process (PID=44238) to work on /usr/local/python/3.10.13/lib/python3.10/site-packages/airflow/example_dags/example_latest_only_with_trigger.py
[2024-04-22T06:15:18.832+0000] {processor.py:743} INFO - Processing file /usr/local/python/3.10.13/lib/python3.10/site-packages/airflow/example_dags/example_latest_only_with_trigger.py for tasks to queue
[2024-04-22T06:15:18.832+0000] {logging_mixin.py:137} INFO - [2024-04-22T06:15:18.832+0000] {dagbag.py:538} INFO - Filling up the DagBag from /usr/local/python/3.10.13/lib/python3.10/site-packages/airflow/example_dags/example_latest_only_with_trigger.py
[2024-04-22T06:15:18.845+0000] {processor.py:753} INFO - DAG(s) dict_keys(['latest_only_with_trigger']) retrieved from /usr/local/python/3.10.13/lib/python3.10/site-packages/airflow/example_dags/example_latest_only_with_trigger.py
[2024-04-22T06:15:18.858+0000] {logging_mixin.py:137} INFO - [2024-04-22T06:15:18.858+0000] {dag.py:2690} INFO - Sync 1 DAGs
[2024-04-22T06:15:18.873+0000] {logging_mixin.py:137} INFO - [2024-04-22T06:15:18.873+0000] {dag.py:3437} INFO - Setting next_dagrun for latest_only_with_trigger to 2024-04-22T02:15:18.873163+00:00, run_after=2024-04-22T06:15:18.873163+00:00
[2024-04-22T06:15:18.919+0000] {processor.py:175} INFO - Processing /usr/local/python/3.10.13/lib/python3.10/site-packages/airflow/example_dags/example_latest_only_with_trigger.py took 0.090 seconds
[2024-04-22T06:16:00.528+0000] {processor.py:153} INFO - Started process (PID=44518) to work on /usr/local/python/3.10.13/lib/python3.10/site-packages/airflow/example_dags/example_latest_only_with_trigger.py
[2024-04-22T06:16:00.528+0000] {processor.py:743} INFO - Processing file /usr/local/python/3.10.13/lib/python3.10/site-packages/airflow/example_dags/example_latest_only_with_trigger.py for tasks to queue
[2024-04-22T06:16:00.529+0000] {logging_mixin.py:137} INFO - [2024-04-22T06:16:00.529+0000] {dagbag.py:538} INFO - Filling up the DagBag from /usr/local/python/3.10.13/lib/python3.10/site-packages/airflow/example_dags/example_latest_only_with_trigger.py
[2024-04-22T06:16:00.541+0000] {processor.py:753} INFO - DAG(s) dict_keys(['latest_only_with_trigger']) retrieved from /usr/local/python/3.10.13/lib/python3.10/site-packages/airflow/example_dags/example_latest_only_with_trigger.py
[2024-04-22T06:16:00.554+0000] {logging_mixin.py:137} INFO - [2024-04-22T06:16:00.554+0000] {dag.py:2690} INFO - Sync 1 DAGs
[2024-04-22T06:16:00.569+0000] {logging_mixin.py:137} INFO - [2024-04-22T06:16:00.569+0000] {dag.py:3437} INFO - Setting next_dagrun for latest_only_with_trigger to 2024-04-22T02:16:00.569058+00:00, run_after=2024-04-22T06:16:00.569058+00:00
[2024-04-22T06:16:00.633+0000] {processor.py:175} INFO - Processing /usr/local/python/3.10.13/lib/python3.10/site-packages/airflow/example_dags/example_latest_only_with_trigger.py took 0.108 seconds
[2024-04-22T06:16:42.525+0000] {processor.py:153} INFO - Started process (PID=44803) to work on /usr/local/python/3.10.13/lib/python3.10/site-packages/airflow/example_dags/example_latest_only_with_trigger.py
[2024-04-22T06:16:42.526+0000] {processor.py:743} INFO - Processing file /usr/local/python/3.10.13/lib/python3.10/site-packages/airflow/example_dags/example_latest_only_with_trigger.py for tasks to queue
[2024-04-22T06:16:42.526+0000] {logging_mixin.py:137} INFO - [2024-04-22T06:16:42.526+0000] {dagbag.py:538} INFO - Filling up the DagBag from /usr/local/python/3.10.13/lib/python3.10/site-packages/airflow/example_dags/example_latest_only_with_trigger.py
[2024-04-22T06:16:42.538+0000] {processor.py:753} INFO - DAG(s) dict_keys(['latest_only_with_trigger']) retrieved from /usr/local/python/3.10.13/lib/python3.10/site-packages/airflow/example_dags/example_latest_only_with_trigger.py
[2024-04-22T06:16:42.552+0000] {logging_mixin.py:137} INFO - [2024-04-22T06:16:42.552+0000] {dag.py:2690} INFO - Sync 1 DAGs
[2024-04-22T06:16:42.568+0000] {logging_mixin.py:137} INFO - [2024-04-22T06:16:42.568+0000] {dag.py:3437} INFO - Setting next_dagrun for latest_only_with_trigger to 2024-04-22T02:16:42.568290+00:00, run_after=2024-04-22T06:16:42.568290+00:00
[2024-04-22T06:16:42.614+0000] {processor.py:175} INFO - Processing /usr/local/python/3.10.13/lib/python3.10/site-packages/airflow/example_dags/example_latest_only_with_trigger.py took 0.091 seconds
[2024-04-22T06:17:24.096+0000] {processor.py:153} INFO - Started process (PID=45082) to work on /usr/local/python/3.10.13/lib/python3.10/site-packages/airflow/example_dags/example_latest_only_with_trigger.py
[2024-04-22T06:17:24.097+0000] {processor.py:743} INFO - Processing file /usr/local/python/3.10.13/lib/python3.10/site-packages/airflow/example_dags/example_latest_only_with_trigger.py for tasks to queue
[2024-04-22T06:17:24.098+0000] {logging_mixin.py:137} INFO - [2024-04-22T06:17:24.097+0000] {dagbag.py:538} INFO - Filling up the DagBag from /usr/local/python/3.10.13/lib/python3.10/site-packages/airflow/example_dags/example_latest_only_with_trigger.py
[2024-04-22T06:17:24.109+0000] {processor.py:753} INFO - DAG(s) dict_keys(['latest_only_with_trigger']) retrieved from /usr/local/python/3.10.13/lib/python3.10/site-packages/airflow/example_dags/example_latest_only_with_trigger.py
[2024-04-22T06:17:24.123+0000] {logging_mixin.py:137} INFO - [2024-04-22T06:17:24.122+0000] {dag.py:2690} INFO - Sync 1 DAGs
[2024-04-22T06:17:24.138+0000] {logging_mixin.py:137} INFO - [2024-04-22T06:17:24.138+0000] {dag.py:3437} INFO - Setting next_dagrun for latest_only_with_trigger to 2024-04-22T02:17:24.137935+00:00, run_after=2024-04-22T06:17:24.137935+00:00
[2024-04-22T06:17:24.185+0000] {processor.py:175} INFO - Processing /usr/local/python/3.10.13/lib/python3.10/site-packages/airflow/example_dags/example_latest_only_with_trigger.py took 0.091 seconds
[2024-04-22T06:18:03.699+0000] {processor.py:153} INFO - Started process (PID=45420) to work on /usr/local/python/3.10.13/lib/python3.10/site-packages/airflow/example_dags/example_latest_only_with_trigger.py
[2024-04-22T06:18:03.700+0000] {processor.py:743} INFO - Processing file /usr/local/python/3.10.13/lib/python3.10/site-packages/airflow/example_dags/example_latest_only_with_trigger.py for tasks to queue
[2024-04-22T06:18:03.701+0000] {logging_mixin.py:137} INFO - [2024-04-22T06:18:03.701+0000] {dagbag.py:538} INFO - Filling up the DagBag from /usr/local/python/3.10.13/lib/python3.10/site-packages/airflow/example_dags/example_latest_only_with_trigger.py
[2024-04-22T06:18:03.714+0000] {processor.py:753} INFO - DAG(s) dict_keys(['latest_only_with_trigger']) retrieved from /usr/local/python/3.10.13/lib/python3.10/site-packages/airflow/example_dags/example_latest_only_with_trigger.py
[2024-04-22T06:18:03.729+0000] {logging_mixin.py:137} INFO - [2024-04-22T06:18:03.729+0000] {dag.py:2690} INFO - Sync 1 DAGs
[2024-04-22T06:18:03.745+0000] {logging_mixin.py:137} INFO - [2024-04-22T06:18:03.745+0000] {dag.py:3437} INFO - Setting next_dagrun for latest_only_with_trigger to 2024-04-22T02:18:03.745626+00:00, run_after=2024-04-22T06:18:03.745626+00:00
[2024-04-22T06:18:03.791+0000] {processor.py:175} INFO - Processing /usr/local/python/3.10.13/lib/python3.10/site-packages/airflow/example_dags/example_latest_only_with_trigger.py took 0.094 seconds
[2024-04-22T06:18:44.372+0000] {processor.py:153} INFO - Started process (PID=45698) to work on /usr/local/python/3.10.13/lib/python3.10/site-packages/airflow/example_dags/example_latest_only_with_trigger.py
[2024-04-22T06:18:44.372+0000] {processor.py:743} INFO - Processing file /usr/local/python/3.10.13/lib/python3.10/site-packages/airflow/example_dags/example_latest_only_with_trigger.py for tasks to queue
[2024-04-22T06:18:44.373+0000] {logging_mixin.py:137} INFO - [2024-04-22T06:18:44.373+0000] {dagbag.py:538} INFO - Filling up the DagBag from /usr/local/python/3.10.13/lib/python3.10/site-packages/airflow/example_dags/example_latest_only_with_trigger.py
[2024-04-22T06:18:44.385+0000] {processor.py:753} INFO - DAG(s) dict_keys(['latest_only_with_trigger']) retrieved from /usr/local/python/3.10.13/lib/python3.10/site-packages/airflow/example_dags/example_latest_only_with_trigger.py
[2024-04-22T06:18:44.405+0000] {logging_mixin.py:137} INFO - [2024-04-22T06:18:44.404+0000] {dag.py:2690} INFO - Sync 1 DAGs
[2024-04-22T06:18:44.420+0000] {logging_mixin.py:137} INFO - [2024-04-22T06:18:44.420+0000] {dag.py:3437} INFO - Setting next_dagrun for latest_only_with_trigger to 2024-04-22T02:18:44.419856+00:00, run_after=2024-04-22T06:18:44.419856+00:00
[2024-04-22T06:18:44.469+0000] {processor.py:175} INFO - Processing /usr/local/python/3.10.13/lib/python3.10/site-packages/airflow/example_dags/example_latest_only_with_trigger.py took 0.099 seconds
[2024-04-22T06:19:26.367+0000] {processor.py:153} INFO - Started process (PID=45982) to work on /usr/local/python/3.10.13/lib/python3.10/site-packages/airflow/example_dags/example_latest_only_with_trigger.py
[2024-04-22T06:19:26.368+0000] {processor.py:743} INFO - Processing file /usr/local/python/3.10.13/lib/python3.10/site-packages/airflow/example_dags/example_latest_only_with_trigger.py for tasks to queue
[2024-04-22T06:19:26.368+0000] {logging_mixin.py:137} INFO - [2024-04-22T06:19:26.368+0000] {dagbag.py:538} INFO - Filling up the DagBag from /usr/local/python/3.10.13/lib/python3.10/site-packages/airflow/example_dags/example_latest_only_with_trigger.py
[2024-04-22T06:19:26.380+0000] {processor.py:753} INFO - DAG(s) dict_keys(['latest_only_with_trigger']) retrieved from /usr/local/python/3.10.13/lib/python3.10/site-packages/airflow/example_dags/example_latest_only_with_trigger.py
[2024-04-22T06:19:26.394+0000] {logging_mixin.py:137} INFO - [2024-04-22T06:19:26.394+0000] {dag.py:2690} INFO - Sync 1 DAGs
[2024-04-22T06:19:26.409+0000] {logging_mixin.py:137} INFO - [2024-04-22T06:19:26.409+0000] {dag.py:3437} INFO - Setting next_dagrun for latest_only_with_trigger to 2024-04-22T02:19:26.408920+00:00, run_after=2024-04-22T06:19:26.408920+00:00
[2024-04-22T06:19:26.455+0000] {processor.py:175} INFO - Processing /usr/local/python/3.10.13/lib/python3.10/site-packages/airflow/example_dags/example_latest_only_with_trigger.py took 0.090 seconds
[2024-04-22T06:20:08.267+0000] {processor.py:153} INFO - Started process (PID=46267) to work on /usr/local/python/3.10.13/lib/python3.10/site-packages/airflow/example_dags/example_latest_only_with_trigger.py
[2024-04-22T06:20:08.269+0000] {processor.py:743} INFO - Processing file /usr/local/python/3.10.13/lib/python3.10/site-packages/airflow/example_dags/example_latest_only_with_trigger.py for tasks to queue
[2024-04-22T06:20:08.270+0000] {logging_mixin.py:137} INFO - [2024-04-22T06:20:08.270+0000] {dagbag.py:538} INFO - Filling up the DagBag from /usr/local/python/3.10.13/lib/python3.10/site-packages/airflow/example_dags/example_latest_only_with_trigger.py
[2024-04-22T06:20:08.293+0000] {processor.py:753} INFO - DAG(s) dict_keys(['latest_only_with_trigger']) retrieved from /usr/local/python/3.10.13/lib/python3.10/site-packages/airflow/example_dags/example_latest_only_with_trigger.py
[2024-04-22T06:20:08.316+0000] {logging_mixin.py:137} INFO - [2024-04-22T06:20:08.316+0000] {dag.py:2690} INFO - Sync 1 DAGs
[2024-04-22T06:20:08.350+0000] {logging_mixin.py:137} INFO - [2024-04-22T06:20:08.350+0000] {dag.py:3437} INFO - Setting next_dagrun for latest_only_with_trigger to 2024-04-22T02:20:08.350128+00:00, run_after=2024-04-22T06:20:08.350128+00:00
[2024-04-22T06:20:08.405+0000] {processor.py:175} INFO - Processing /usr/local/python/3.10.13/lib/python3.10/site-packages/airflow/example_dags/example_latest_only_with_trigger.py took 0.141 seconds
[2024-04-22T06:20:56.078+0000] {processor.py:153} INFO - Started process (PID=46592) to work on /usr/local/python/3.10.13/lib/python3.10/site-packages/airflow/example_dags/example_latest_only_with_trigger.py
[2024-04-22T06:20:56.078+0000] {processor.py:743} INFO - Processing file /usr/local/python/3.10.13/lib/python3.10/site-packages/airflow/example_dags/example_latest_only_with_trigger.py for tasks to queue
[2024-04-22T06:20:56.079+0000] {logging_mixin.py:137} INFO - [2024-04-22T06:20:56.079+0000] {dagbag.py:538} INFO - Filling up the DagBag from /usr/local/python/3.10.13/lib/python3.10/site-packages/airflow/example_dags/example_latest_only_with_trigger.py
[2024-04-22T06:20:56.091+0000] {processor.py:753} INFO - DAG(s) dict_keys(['latest_only_with_trigger']) retrieved from /usr/local/python/3.10.13/lib/python3.10/site-packages/airflow/example_dags/example_latest_only_with_trigger.py
[2024-04-22T06:20:56.105+0000] {logging_mixin.py:137} INFO - [2024-04-22T06:20:56.105+0000] {dag.py:2690} INFO - Sync 1 DAGs
[2024-04-22T06:20:56.126+0000] {logging_mixin.py:137} INFO - [2024-04-22T06:20:56.126+0000] {dag.py:3437} INFO - Setting next_dagrun for latest_only_with_trigger to 2024-04-22T02:20:56.125702+00:00, run_after=2024-04-22T06:20:56.125702+00:00
[2024-04-22T06:20:56.267+0000] {processor.py:175} INFO - Processing /usr/local/python/3.10.13/lib/python3.10/site-packages/airflow/example_dags/example_latest_only_with_trigger.py took 0.192 seconds
[2024-04-22T06:21:41.473+0000] {processor.py:153} INFO - Started process (PID=46893) to work on /usr/local/python/3.10.13/lib/python3.10/site-packages/airflow/example_dags/example_latest_only_with_trigger.py
[2024-04-22T06:21:41.473+0000] {processor.py:743} INFO - Processing file /usr/local/python/3.10.13/lib/python3.10/site-packages/airflow/example_dags/example_latest_only_with_trigger.py for tasks to queue
[2024-04-22T06:21:41.474+0000] {logging_mixin.py:137} INFO - [2024-04-22T06:21:41.474+0000] {dagbag.py:538} INFO - Filling up the DagBag from /usr/local/python/3.10.13/lib/python3.10/site-packages/airflow/example_dags/example_latest_only_with_trigger.py
[2024-04-22T06:21:41.485+0000] {processor.py:753} INFO - DAG(s) dict_keys(['latest_only_with_trigger']) retrieved from /usr/local/python/3.10.13/lib/python3.10/site-packages/airflow/example_dags/example_latest_only_with_trigger.py
[2024-04-22T06:21:41.499+0000] {logging_mixin.py:137} INFO - [2024-04-22T06:21:41.499+0000] {dag.py:2690} INFO - Sync 1 DAGs
[2024-04-22T06:21:41.601+0000] {logging_mixin.py:137} INFO - [2024-04-22T06:21:41.601+0000] {dag.py:3437} INFO - Setting next_dagrun for latest_only_with_trigger to 2024-04-22T02:21:41.601365+00:00, run_after=2024-04-22T06:21:41.601365+00:00
[2024-04-22T06:21:41.647+0000] {processor.py:175} INFO - Processing /usr/local/python/3.10.13/lib/python3.10/site-packages/airflow/example_dags/example_latest_only_with_trigger.py took 0.176 seconds
[2024-04-22T06:22:21.567+0000] {processor.py:153} INFO - Started process (PID=47217) to work on /usr/local/python/3.10.13/lib/python3.10/site-packages/airflow/example_dags/example_latest_only_with_trigger.py
[2024-04-22T06:22:21.568+0000] {processor.py:743} INFO - Processing file /usr/local/python/3.10.13/lib/python3.10/site-packages/airflow/example_dags/example_latest_only_with_trigger.py for tasks to queue
[2024-04-22T06:22:21.569+0000] {logging_mixin.py:137} INFO - [2024-04-22T06:22:21.569+0000] {dagbag.py:538} INFO - Filling up the DagBag from /usr/local/python/3.10.13/lib/python3.10/site-packages/airflow/example_dags/example_latest_only_with_trigger.py
[2024-04-22T06:22:21.581+0000] {processor.py:753} INFO - DAG(s) dict_keys(['latest_only_with_trigger']) retrieved from /usr/local/python/3.10.13/lib/python3.10/site-packages/airflow/example_dags/example_latest_only_with_trigger.py
[2024-04-22T06:22:21.595+0000] {logging_mixin.py:137} INFO - [2024-04-22T06:22:21.595+0000] {dag.py:2690} INFO - Sync 1 DAGs
[2024-04-22T06:22:21.705+0000] {logging_mixin.py:137} INFO - [2024-04-22T06:22:21.705+0000] {dag.py:3437} INFO - Setting next_dagrun for latest_only_with_trigger to 2024-04-22T02:22:21.705010+00:00, run_after=2024-04-22T06:22:21.705010+00:00
[2024-04-22T06:22:21.752+0000] {processor.py:175} INFO - Processing /usr/local/python/3.10.13/lib/python3.10/site-packages/airflow/example_dags/example_latest_only_with_trigger.py took 0.186 seconds
[2024-04-22T06:23:12.192+0000] {processor.py:153} INFO - Started process (PID=47648) to work on /usr/local/python/3.10.13/lib/python3.10/site-packages/airflow/example_dags/example_latest_only_with_trigger.py
[2024-04-22T06:23:12.193+0000] {processor.py:743} INFO - Processing file /usr/local/python/3.10.13/lib/python3.10/site-packages/airflow/example_dags/example_latest_only_with_trigger.py for tasks to queue
[2024-04-22T06:23:12.194+0000] {logging_mixin.py:137} INFO - [2024-04-22T06:23:12.194+0000] {dagbag.py:538} INFO - Filling up the DagBag from /usr/local/python/3.10.13/lib/python3.10/site-packages/airflow/example_dags/example_latest_only_with_trigger.py
[2024-04-22T06:23:12.216+0000] {processor.py:753} INFO - DAG(s) dict_keys(['latest_only_with_trigger']) retrieved from /usr/local/python/3.10.13/lib/python3.10/site-packages/airflow/example_dags/example_latest_only_with_trigger.py
[2024-04-22T06:23:12.346+0000] {logging_mixin.py:137} INFO - [2024-04-22T06:23:12.346+0000] {dag.py:2690} INFO - Sync 1 DAGs
[2024-04-22T06:23:12.360+0000] {logging_mixin.py:137} INFO - [2024-04-22T06:23:12.360+0000] {dag.py:3437} INFO - Setting next_dagrun for latest_only_with_trigger to 2024-04-22T02:23:12.360359+00:00, run_after=2024-04-22T06:23:12.360359+00:00
[2024-04-22T06:23:12.408+0000] {processor.py:175} INFO - Processing /usr/local/python/3.10.13/lib/python3.10/site-packages/airflow/example_dags/example_latest_only_with_trigger.py took 0.219 seconds
[2024-04-22T06:23:55.784+0000] {processor.py:153} INFO - Started process (PID=48110) to work on /usr/local/python/3.10.13/lib/python3.10/site-packages/airflow/example_dags/example_latest_only_with_trigger.py
[2024-04-22T06:23:55.785+0000] {processor.py:743} INFO - Processing file /usr/local/python/3.10.13/lib/python3.10/site-packages/airflow/example_dags/example_latest_only_with_trigger.py for tasks to queue
[2024-04-22T06:23:55.786+0000] {logging_mixin.py:137} INFO - [2024-04-22T06:23:55.785+0000] {dagbag.py:538} INFO - Filling up the DagBag from /usr/local/python/3.10.13/lib/python3.10/site-packages/airflow/example_dags/example_latest_only_with_trigger.py
[2024-04-22T06:23:55.798+0000] {processor.py:753} INFO - DAG(s) dict_keys(['latest_only_with_trigger']) retrieved from /usr/local/python/3.10.13/lib/python3.10/site-packages/airflow/example_dags/example_latest_only_with_trigger.py
[2024-04-22T06:23:55.905+0000] {logging_mixin.py:137} INFO - [2024-04-22T06:23:55.905+0000] {dag.py:2690} INFO - Sync 1 DAGs
[2024-04-22T06:23:55.918+0000] {logging_mixin.py:137} INFO - [2024-04-22T06:23:55.918+0000] {dag.py:3437} INFO - Setting next_dagrun for latest_only_with_trigger to 2024-04-22T02:23:55.918323+00:00, run_after=2024-04-22T06:23:55.918323+00:00
[2024-04-22T06:23:55.964+0000] {processor.py:175} INFO - Processing /usr/local/python/3.10.13/lib/python3.10/site-packages/airflow/example_dags/example_latest_only_with_trigger.py took 0.182 seconds
[2024-04-22T06:24:37.802+0000] {processor.py:153} INFO - Started process (PID=48584) to work on /usr/local/python/3.10.13/lib/python3.10/site-packages/airflow/example_dags/example_latest_only_with_trigger.py
[2024-04-22T06:24:37.803+0000] {processor.py:743} INFO - Processing file /usr/local/python/3.10.13/lib/python3.10/site-packages/airflow/example_dags/example_latest_only_with_trigger.py for tasks to queue
[2024-04-22T06:24:37.804+0000] {logging_mixin.py:137} INFO - [2024-04-22T06:24:37.804+0000] {dagbag.py:538} INFO - Filling up the DagBag from /usr/local/python/3.10.13/lib/python3.10/site-packages/airflow/example_dags/example_latest_only_with_trigger.py
[2024-04-22T06:24:37.919+0000] {processor.py:753} INFO - DAG(s) dict_keys(['latest_only_with_trigger']) retrieved from /usr/local/python/3.10.13/lib/python3.10/site-packages/airflow/example_dags/example_latest_only_with_trigger.py
[2024-04-22T06:24:37.934+0000] {logging_mixin.py:137} INFO - [2024-04-22T06:24:37.934+0000] {dag.py:2690} INFO - Sync 1 DAGs
[2024-04-22T06:24:37.950+0000] {logging_mixin.py:137} INFO - [2024-04-22T06:24:37.950+0000] {dag.py:3437} INFO - Setting next_dagrun for latest_only_with_trigger to 2024-04-22T02:24:37.950301+00:00, run_after=2024-04-22T06:24:37.950301+00:00
[2024-04-22T06:24:38.000+0000] {processor.py:175} INFO - Processing /usr/local/python/3.10.13/lib/python3.10/site-packages/airflow/example_dags/example_latest_only_with_trigger.py took 0.201 seconds
[2024-04-22T06:25:20.803+0000] {processor.py:153} INFO - Started process (PID=49031) to work on /usr/local/python/3.10.13/lib/python3.10/site-packages/airflow/example_dags/example_latest_only_with_trigger.py
[2024-04-22T06:25:20.804+0000] {processor.py:743} INFO - Processing file /usr/local/python/3.10.13/lib/python3.10/site-packages/airflow/example_dags/example_latest_only_with_trigger.py for tasks to queue
[2024-04-22T06:25:20.804+0000] {logging_mixin.py:137} INFO - [2024-04-22T06:25:20.804+0000] {dagbag.py:538} INFO - Filling up the DagBag from /usr/local/python/3.10.13/lib/python3.10/site-packages/airflow/example_dags/example_latest_only_with_trigger.py
[2024-04-22T06:25:20.817+0000] {processor.py:753} INFO - DAG(s) dict_keys(['latest_only_with_trigger']) retrieved from /usr/local/python/3.10.13/lib/python3.10/site-packages/airflow/example_dags/example_latest_only_with_trigger.py
[2024-04-22T06:25:20.831+0000] {logging_mixin.py:137} INFO - [2024-04-22T06:25:20.831+0000] {dag.py:2690} INFO - Sync 1 DAGs
[2024-04-22T06:25:20.846+0000] {logging_mixin.py:137} INFO - [2024-04-22T06:25:20.846+0000] {dag.py:3437} INFO - Setting next_dagrun for latest_only_with_trigger to 2024-04-22T02:25:20.846505+00:00, run_after=2024-04-22T06:25:20.846505+00:00
[2024-04-22T06:25:20.895+0000] {processor.py:175} INFO - Processing /usr/local/python/3.10.13/lib/python3.10/site-packages/airflow/example_dags/example_latest_only_with_trigger.py took 0.094 seconds
[2024-04-22T06:25:58.718+0000] {processor.py:153} INFO - Started process (PID=49436) to work on /usr/local/python/3.10.13/lib/python3.10/site-packages/airflow/example_dags/example_latest_only_with_trigger.py
[2024-04-22T06:25:58.719+0000] {processor.py:743} INFO - Processing file /usr/local/python/3.10.13/lib/python3.10/site-packages/airflow/example_dags/example_latest_only_with_trigger.py for tasks to queue
[2024-04-22T06:25:58.720+0000] {logging_mixin.py:137} INFO - [2024-04-22T06:25:58.720+0000] {dagbag.py:538} INFO - Filling up the DagBag from /usr/local/python/3.10.13/lib/python3.10/site-packages/airflow/example_dags/example_latest_only_with_trigger.py
[2024-04-22T06:25:58.734+0000] {processor.py:753} INFO - DAG(s) dict_keys(['latest_only_with_trigger']) retrieved from /usr/local/python/3.10.13/lib/python3.10/site-packages/airflow/example_dags/example_latest_only_with_trigger.py
[2024-04-22T06:25:58.748+0000] {logging_mixin.py:137} INFO - [2024-04-22T06:25:58.748+0000] {dag.py:2690} INFO - Sync 1 DAGs
[2024-04-22T06:25:58.763+0000] {logging_mixin.py:137} INFO - [2024-04-22T06:25:58.763+0000] {dag.py:3437} INFO - Setting next_dagrun for latest_only_with_trigger to 2024-04-22T02:25:58.763348+00:00, run_after=2024-04-22T06:25:58.763348+00:00
[2024-04-22T06:25:58.809+0000] {processor.py:175} INFO - Processing /usr/local/python/3.10.13/lib/python3.10/site-packages/airflow/example_dags/example_latest_only_with_trigger.py took 0.094 seconds
[2024-04-22T06:26:37.005+0000] {processor.py:153} INFO - Started process (PID=49775) to work on /usr/local/python/3.10.13/lib/python3.10/site-packages/airflow/example_dags/example_latest_only_with_trigger.py
[2024-04-22T06:26:37.006+0000] {processor.py:743} INFO - Processing file /usr/local/python/3.10.13/lib/python3.10/site-packages/airflow/example_dags/example_latest_only_with_trigger.py for tasks to queue
[2024-04-22T06:26:37.007+0000] {logging_mixin.py:137} INFO - [2024-04-22T06:26:37.007+0000] {dagbag.py:538} INFO - Filling up the DagBag from /usr/local/python/3.10.13/lib/python3.10/site-packages/airflow/example_dags/example_latest_only_with_trigger.py
[2024-04-22T06:26:37.026+0000] {processor.py:753} INFO - DAG(s) dict_keys(['latest_only_with_trigger']) retrieved from /usr/local/python/3.10.13/lib/python3.10/site-packages/airflow/example_dags/example_latest_only_with_trigger.py
[2024-04-22T06:26:37.048+0000] {logging_mixin.py:137} INFO - [2024-04-22T06:26:37.048+0000] {dag.py:2690} INFO - Sync 1 DAGs
[2024-04-22T06:26:37.069+0000] {logging_mixin.py:137} INFO - [2024-04-22T06:26:37.069+0000] {dag.py:3437} INFO - Setting next_dagrun for latest_only_with_trigger to 2024-04-22T02:26:37.068757+00:00, run_after=2024-04-22T06:26:37.068757+00:00
[2024-04-22T06:26:37.125+0000] {processor.py:175} INFO - Processing /usr/local/python/3.10.13/lib/python3.10/site-packages/airflow/example_dags/example_latest_only_with_trigger.py took 0.123 seconds
[2024-04-22T06:27:20.058+0000] {processor.py:153} INFO - Started process (PID=50196) to work on /usr/local/python/3.10.13/lib/python3.10/site-packages/airflow/example_dags/example_latest_only_with_trigger.py
[2024-04-22T06:27:20.059+0000] {processor.py:743} INFO - Processing file /usr/local/python/3.10.13/lib/python3.10/site-packages/airflow/example_dags/example_latest_only_with_trigger.py for tasks to queue
[2024-04-22T06:27:20.059+0000] {logging_mixin.py:137} INFO - [2024-04-22T06:27:20.059+0000] {dagbag.py:538} INFO - Filling up the DagBag from /usr/local/python/3.10.13/lib/python3.10/site-packages/airflow/example_dags/example_latest_only_with_trigger.py
[2024-04-22T06:27:20.073+0000] {processor.py:753} INFO - DAG(s) dict_keys(['latest_only_with_trigger']) retrieved from /usr/local/python/3.10.13/lib/python3.10/site-packages/airflow/example_dags/example_latest_only_with_trigger.py
[2024-04-22T06:27:20.091+0000] {logging_mixin.py:137} INFO - [2024-04-22T06:27:20.091+0000] {dag.py:2690} INFO - Sync 1 DAGs
[2024-04-22T06:27:20.106+0000] {logging_mixin.py:137} INFO - [2024-04-22T06:27:20.106+0000] {dag.py:3437} INFO - Setting next_dagrun for latest_only_with_trigger to 2024-04-22T02:27:20.106284+00:00, run_after=2024-04-22T06:27:20.106284+00:00
[2024-04-22T06:27:20.158+0000] {processor.py:175} INFO - Processing /usr/local/python/3.10.13/lib/python3.10/site-packages/airflow/example_dags/example_latest_only_with_trigger.py took 0.102 seconds
