[2024-04-22T06:13:24.881+0000] {processor.py:153} INFO - Started process (PID=43471) to work on /usr/local/python/3.10.13/lib/python3.10/site-packages/airflow/example_dags/example_datasets.py
[2024-04-22T06:13:24.881+0000] {processor.py:743} INFO - Processing file /usr/local/python/3.10.13/lib/python3.10/site-packages/airflow/example_dags/example_datasets.py for tasks to queue
[2024-04-22T06:13:24.882+0000] {logging_mixin.py:137} INFO - [2024-04-22T06:13:24.882+0000] {dagbag.py:538} INFO - Filling up the DagBag from /usr/local/python/3.10.13/lib/python3.10/site-packages/airflow/example_dags/example_datasets.py
[2024-04-22T06:13:24.895+0000] {processor.py:753} INFO - DAG(s) dict_keys(['dataset_consumes_1_never_scheduled', 'dataset_consumes_1', 'dataset_produces_2', 'dataset_consumes_unknown_never_scheduled', 'dataset_produces_1', 'dataset_consumes_1_and_2']) retrieved from /usr/local/python/3.10.13/lib/python3.10/site-packages/airflow/example_dags/example_datasets.py
[2024-04-22T06:13:25.035+0000] {logging_mixin.py:137} INFO - [2024-04-22T06:13:25.035+0000] {manager.py:504} INFO - Created Permission View: can delete on DAG:dataset_consumes_1_never_scheduled
[2024-04-22T06:13:25.075+0000] {logging_mixin.py:137} INFO - [2024-04-22T06:13:25.075+0000] {manager.py:504} INFO - Created Permission View: can edit on DAG:dataset_consumes_1_never_scheduled
[2024-04-22T06:13:25.113+0000] {logging_mixin.py:137} INFO - [2024-04-22T06:13:25.112+0000] {manager.py:504} INFO - Created Permission View: can read on DAG:dataset_consumes_1_never_scheduled
[2024-04-22T06:13:25.197+0000] {logging_mixin.py:137} INFO - [2024-04-22T06:13:25.197+0000] {manager.py:504} INFO - Created Permission View: can delete on DAG:dataset_consumes_1
[2024-04-22T06:13:25.240+0000] {logging_mixin.py:137} INFO - [2024-04-22T06:13:25.240+0000] {manager.py:504} INFO - Created Permission View: can edit on DAG:dataset_consumes_1
[2024-04-22T06:13:25.279+0000] {logging_mixin.py:137} INFO - [2024-04-22T06:13:25.279+0000] {manager.py:504} INFO - Created Permission View: can read on DAG:dataset_consumes_1
[2024-04-22T06:13:25.364+0000] {logging_mixin.py:137} INFO - [2024-04-22T06:13:25.364+0000] {manager.py:504} INFO - Created Permission View: can delete on DAG:dataset_produces_2
[2024-04-22T06:13:25.401+0000] {logging_mixin.py:137} INFO - [2024-04-22T06:13:25.401+0000] {manager.py:504} INFO - Created Permission View: can edit on DAG:dataset_produces_2
[2024-04-22T06:13:25.445+0000] {logging_mixin.py:137} INFO - [2024-04-22T06:13:25.445+0000] {manager.py:504} INFO - Created Permission View: can read on DAG:dataset_produces_2
[2024-04-22T06:13:25.533+0000] {logging_mixin.py:137} INFO - [2024-04-22T06:13:25.533+0000] {manager.py:504} INFO - Created Permission View: can delete on DAG:dataset_consumes_unknown_never_scheduled
[2024-04-22T06:13:25.582+0000] {logging_mixin.py:137} INFO - [2024-04-22T06:13:25.582+0000] {manager.py:504} INFO - Created Permission View: can edit on DAG:dataset_consumes_unknown_never_scheduled
[2024-04-22T06:13:25.622+0000] {logging_mixin.py:137} INFO - [2024-04-22T06:13:25.622+0000] {manager.py:504} INFO - Created Permission View: can read on DAG:dataset_consumes_unknown_never_scheduled
[2024-04-22T06:13:25.741+0000] {logging_mixin.py:137} INFO - [2024-04-22T06:13:25.741+0000] {manager.py:504} INFO - Created Permission View: can delete on DAG:dataset_produces_1
[2024-04-22T06:13:25.779+0000] {logging_mixin.py:137} INFO - [2024-04-22T06:13:25.779+0000] {manager.py:504} INFO - Created Permission View: can edit on DAG:dataset_produces_1
[2024-04-22T06:13:25.815+0000] {logging_mixin.py:137} INFO - [2024-04-22T06:13:25.815+0000] {manager.py:504} INFO - Created Permission View: can read on DAG:dataset_produces_1
[2024-04-22T06:13:25.902+0000] {logging_mixin.py:137} INFO - [2024-04-22T06:13:25.902+0000] {manager.py:504} INFO - Created Permission View: can delete on DAG:dataset_consumes_1_and_2
[2024-04-22T06:13:25.960+0000] {logging_mixin.py:137} INFO - [2024-04-22T06:13:25.960+0000] {manager.py:504} INFO - Created Permission View: can edit on DAG:dataset_consumes_1_and_2
[2024-04-22T06:13:26.000+0000] {logging_mixin.py:137} INFO - [2024-04-22T06:13:26.000+0000] {manager.py:504} INFO - Created Permission View: can read on DAG:dataset_consumes_1_and_2
[2024-04-22T06:13:26.001+0000] {logging_mixin.py:137} INFO - [2024-04-22T06:13:26.000+0000] {dag.py:2690} INFO - Sync 6 DAGs
[2024-04-22T06:13:26.018+0000] {logging_mixin.py:137} INFO - [2024-04-22T06:13:26.018+0000] {dag.py:2711} INFO - Creating ORM DAG for dataset_produces_1
[2024-04-22T06:13:26.018+0000] {logging_mixin.py:137} INFO - [2024-04-22T06:13:26.018+0000] {dag.py:2711} INFO - Creating ORM DAG for dataset_produces_2
[2024-04-22T06:13:26.019+0000] {logging_mixin.py:137} INFO - [2024-04-22T06:13:26.019+0000] {dag.py:2711} INFO - Creating ORM DAG for dataset_consumes_1
[2024-04-22T06:13:26.020+0000] {logging_mixin.py:137} INFO - [2024-04-22T06:13:26.019+0000] {dag.py:2711} INFO - Creating ORM DAG for dataset_consumes_1_never_scheduled
[2024-04-22T06:13:26.020+0000] {logging_mixin.py:137} INFO - [2024-04-22T06:13:26.020+0000] {dag.py:2711} INFO - Creating ORM DAG for dataset_consumes_1_and_2
[2024-04-22T06:13:26.021+0000] {logging_mixin.py:137} INFO - [2024-04-22T06:13:26.021+0000] {dag.py:2711} INFO - Creating ORM DAG for dataset_consumes_unknown_never_scheduled
[2024-04-22T06:13:26.035+0000] {logging_mixin.py:137} INFO - [2024-04-22T06:13:26.035+0000] {dag.py:3437} INFO - Setting next_dagrun for dataset_consumes_1 to None, run_after=None
[2024-04-22T06:13:26.036+0000] {logging_mixin.py:137} INFO - [2024-04-22T06:13:26.036+0000] {dag.py:3437} INFO - Setting next_dagrun for dataset_consumes_1_and_2 to None, run_after=None
[2024-04-22T06:13:26.039+0000] {logging_mixin.py:137} INFO - [2024-04-22T06:13:26.039+0000] {dag.py:3437} INFO - Setting next_dagrun for dataset_consumes_1_never_scheduled to None, run_after=None
[2024-04-22T06:13:26.040+0000] {logging_mixin.py:137} INFO - [2024-04-22T06:13:26.040+0000] {dag.py:3437} INFO - Setting next_dagrun for dataset_consumes_unknown_never_scheduled to None, run_after=None
[2024-04-22T06:13:26.043+0000] {logging_mixin.py:137} INFO - [2024-04-22T06:13:26.043+0000] {dag.py:3437} INFO - Setting next_dagrun for dataset_produces_1 to 2024-04-21T00:00:00+00:00, run_after=2024-04-22T00:00:00+00:00
[2024-04-22T06:13:26.048+0000] {logging_mixin.py:137} INFO - [2024-04-22T06:13:26.047+0000] {dag.py:3437} INFO - Setting next_dagrun for dataset_produces_2 to None, run_after=None
[2024-04-22T06:13:26.172+0000] {processor.py:175} INFO - Processing /usr/local/python/3.10.13/lib/python3.10/site-packages/airflow/example_dags/example_datasets.py took 1.293 seconds
[2024-04-22T06:14:09.755+0000] {processor.py:153} INFO - Started process (PID=43758) to work on /usr/local/python/3.10.13/lib/python3.10/site-packages/airflow/example_dags/example_datasets.py
[2024-04-22T06:14:09.755+0000] {processor.py:743} INFO - Processing file /usr/local/python/3.10.13/lib/python3.10/site-packages/airflow/example_dags/example_datasets.py for tasks to queue
[2024-04-22T06:14:09.756+0000] {logging_mixin.py:137} INFO - [2024-04-22T06:14:09.756+0000] {dagbag.py:538} INFO - Filling up the DagBag from /usr/local/python/3.10.13/lib/python3.10/site-packages/airflow/example_dags/example_datasets.py
[2024-04-22T06:14:09.777+0000] {processor.py:753} INFO - DAG(s) dict_keys(['dataset_consumes_unknown_never_scheduled', 'dataset_produces_1', 'dataset_produces_2', 'dataset_consumes_1_never_scheduled', 'dataset_consumes_1_and_2', 'dataset_consumes_1']) retrieved from /usr/local/python/3.10.13/lib/python3.10/site-packages/airflow/example_dags/example_datasets.py
[2024-04-22T06:14:09.829+0000] {logging_mixin.py:137} INFO - [2024-04-22T06:14:09.828+0000] {dag.py:2690} INFO - Sync 6 DAGs
[2024-04-22T06:14:09.848+0000] {logging_mixin.py:137} INFO - [2024-04-22T06:14:09.848+0000] {dag.py:3437} INFO - Setting next_dagrun for dataset_consumes_1 to None, run_after=None
[2024-04-22T06:14:09.852+0000] {logging_mixin.py:137} INFO - [2024-04-22T06:14:09.851+0000] {dag.py:3437} INFO - Setting next_dagrun for dataset_consumes_1_and_2 to None, run_after=None
[2024-04-22T06:14:09.853+0000] {logging_mixin.py:137} INFO - [2024-04-22T06:14:09.853+0000] {dag.py:3437} INFO - Setting next_dagrun for dataset_consumes_1_never_scheduled to None, run_after=None
[2024-04-22T06:14:09.854+0000] {logging_mixin.py:137} INFO - [2024-04-22T06:14:09.853+0000] {dag.py:3437} INFO - Setting next_dagrun for dataset_consumes_unknown_never_scheduled to None, run_after=None
[2024-04-22T06:14:09.856+0000] {logging_mixin.py:137} INFO - [2024-04-22T06:14:09.856+0000] {dag.py:3437} INFO - Setting next_dagrun for dataset_produces_1 to 2024-04-21T00:00:00+00:00, run_after=2024-04-22T00:00:00+00:00
[2024-04-22T06:14:09.857+0000] {logging_mixin.py:137} INFO - [2024-04-22T06:14:09.857+0000] {dag.py:3437} INFO - Setting next_dagrun for dataset_produces_2 to None, run_after=None
[2024-04-22T06:14:09.914+0000] {processor.py:175} INFO - Processing /usr/local/python/3.10.13/lib/python3.10/site-packages/airflow/example_dags/example_datasets.py took 0.161 seconds
[2024-04-22T06:14:49.769+0000] {processor.py:153} INFO - Started process (PID=44041) to work on /usr/local/python/3.10.13/lib/python3.10/site-packages/airflow/example_dags/example_datasets.py
[2024-04-22T06:14:49.770+0000] {processor.py:743} INFO - Processing file /usr/local/python/3.10.13/lib/python3.10/site-packages/airflow/example_dags/example_datasets.py for tasks to queue
[2024-04-22T06:14:49.771+0000] {logging_mixin.py:137} INFO - [2024-04-22T06:14:49.770+0000] {dagbag.py:538} INFO - Filling up the DagBag from /usr/local/python/3.10.13/lib/python3.10/site-packages/airflow/example_dags/example_datasets.py
[2024-04-22T06:14:49.785+0000] {processor.py:753} INFO - DAG(s) dict_keys(['dataset_consumes_1', 'dataset_produces_2', 'dataset_consumes_1_and_2', 'dataset_consumes_1_never_scheduled', 'dataset_produces_1', 'dataset_consumes_unknown_never_scheduled']) retrieved from /usr/local/python/3.10.13/lib/python3.10/site-packages/airflow/example_dags/example_datasets.py
[2024-04-22T06:14:49.808+0000] {logging_mixin.py:137} INFO - [2024-04-22T06:14:49.808+0000] {dag.py:2690} INFO - Sync 6 DAGs
[2024-04-22T06:14:49.823+0000] {logging_mixin.py:137} INFO - [2024-04-22T06:14:49.823+0000] {dag.py:3437} INFO - Setting next_dagrun for dataset_consumes_1 to None, run_after=None
[2024-04-22T06:14:49.826+0000] {logging_mixin.py:137} INFO - [2024-04-22T06:14:49.826+0000] {dag.py:3437} INFO - Setting next_dagrun for dataset_consumes_1_and_2 to None, run_after=None
[2024-04-22T06:14:49.826+0000] {logging_mixin.py:137} INFO - [2024-04-22T06:14:49.826+0000] {dag.py:3437} INFO - Setting next_dagrun for dataset_consumes_1_never_scheduled to None, run_after=None
[2024-04-22T06:14:49.827+0000] {logging_mixin.py:137} INFO - [2024-04-22T06:14:49.827+0000] {dag.py:3437} INFO - Setting next_dagrun for dataset_consumes_unknown_never_scheduled to None, run_after=None
[2024-04-22T06:14:49.829+0000] {logging_mixin.py:137} INFO - [2024-04-22T06:14:49.829+0000] {dag.py:3437} INFO - Setting next_dagrun for dataset_produces_1 to 2024-04-21T00:00:00+00:00, run_after=2024-04-22T00:00:00+00:00
[2024-04-22T06:14:49.830+0000] {logging_mixin.py:137} INFO - [2024-04-22T06:14:49.830+0000] {dag.py:3437} INFO - Setting next_dagrun for dataset_produces_2 to None, run_after=None
[2024-04-22T06:14:49.884+0000] {processor.py:175} INFO - Processing /usr/local/python/3.10.13/lib/python3.10/site-packages/airflow/example_dags/example_datasets.py took 0.117 seconds
[2024-04-22T06:15:29.178+0000] {processor.py:153} INFO - Started process (PID=44308) to work on /usr/local/python/3.10.13/lib/python3.10/site-packages/airflow/example_dags/example_datasets.py
[2024-04-22T06:15:29.179+0000] {processor.py:743} INFO - Processing file /usr/local/python/3.10.13/lib/python3.10/site-packages/airflow/example_dags/example_datasets.py for tasks to queue
[2024-04-22T06:15:29.180+0000] {logging_mixin.py:137} INFO - [2024-04-22T06:15:29.180+0000] {dagbag.py:538} INFO - Filling up the DagBag from /usr/local/python/3.10.13/lib/python3.10/site-packages/airflow/example_dags/example_datasets.py
[2024-04-22T06:15:29.193+0000] {processor.py:753} INFO - DAG(s) dict_keys(['dataset_consumes_1', 'dataset_produces_2', 'dataset_consumes_1_and_2', 'dataset_consumes_1_never_scheduled', 'dataset_consumes_unknown_never_scheduled', 'dataset_produces_1']) retrieved from /usr/local/python/3.10.13/lib/python3.10/site-packages/airflow/example_dags/example_datasets.py
[2024-04-22T06:15:29.218+0000] {logging_mixin.py:137} INFO - [2024-04-22T06:15:29.217+0000] {dag.py:2690} INFO - Sync 6 DAGs
[2024-04-22T06:15:29.233+0000] {logging_mixin.py:137} INFO - [2024-04-22T06:15:29.233+0000] {dag.py:3437} INFO - Setting next_dagrun for dataset_consumes_1 to None, run_after=None
[2024-04-22T06:15:29.236+0000] {logging_mixin.py:137} INFO - [2024-04-22T06:15:29.236+0000] {dag.py:3437} INFO - Setting next_dagrun for dataset_consumes_1_and_2 to None, run_after=None
[2024-04-22T06:15:29.236+0000] {logging_mixin.py:137} INFO - [2024-04-22T06:15:29.236+0000] {dag.py:3437} INFO - Setting next_dagrun for dataset_consumes_1_never_scheduled to None, run_after=None
[2024-04-22T06:15:29.237+0000] {logging_mixin.py:137} INFO - [2024-04-22T06:15:29.237+0000] {dag.py:3437} INFO - Setting next_dagrun for dataset_consumes_unknown_never_scheduled to None, run_after=None
[2024-04-22T06:15:29.239+0000] {logging_mixin.py:137} INFO - [2024-04-22T06:15:29.239+0000] {dag.py:3437} INFO - Setting next_dagrun for dataset_produces_1 to 2024-04-21T00:00:00+00:00, run_after=2024-04-22T00:00:00+00:00
[2024-04-22T06:15:29.240+0000] {logging_mixin.py:137} INFO - [2024-04-22T06:15:29.240+0000] {dag.py:3437} INFO - Setting next_dagrun for dataset_produces_2 to None, run_after=None
[2024-04-22T06:15:29.304+0000] {processor.py:175} INFO - Processing /usr/local/python/3.10.13/lib/python3.10/site-packages/airflow/example_dags/example_datasets.py took 0.129 seconds
[2024-04-22T06:16:13.208+0000] {processor.py:153} INFO - Started process (PID=44597) to work on /usr/local/python/3.10.13/lib/python3.10/site-packages/airflow/example_dags/example_datasets.py
[2024-04-22T06:16:13.209+0000] {processor.py:743} INFO - Processing file /usr/local/python/3.10.13/lib/python3.10/site-packages/airflow/example_dags/example_datasets.py for tasks to queue
[2024-04-22T06:16:13.210+0000] {logging_mixin.py:137} INFO - [2024-04-22T06:16:13.210+0000] {dagbag.py:538} INFO - Filling up the DagBag from /usr/local/python/3.10.13/lib/python3.10/site-packages/airflow/example_dags/example_datasets.py
[2024-04-22T06:16:13.224+0000] {processor.py:753} INFO - DAG(s) dict_keys(['dataset_consumes_1', 'dataset_consumes_1_never_scheduled', 'dataset_produces_2', 'dataset_consumes_unknown_never_scheduled', 'dataset_consumes_1_and_2', 'dataset_produces_1']) retrieved from /usr/local/python/3.10.13/lib/python3.10/site-packages/airflow/example_dags/example_datasets.py
[2024-04-22T06:16:13.246+0000] {logging_mixin.py:137} INFO - [2024-04-22T06:16:13.246+0000] {dag.py:2690} INFO - Sync 6 DAGs
[2024-04-22T06:16:13.262+0000] {logging_mixin.py:137} INFO - [2024-04-22T06:16:13.262+0000] {dag.py:3437} INFO - Setting next_dagrun for dataset_consumes_1 to None, run_after=None
[2024-04-22T06:16:13.264+0000] {logging_mixin.py:137} INFO - [2024-04-22T06:16:13.264+0000] {dag.py:3437} INFO - Setting next_dagrun for dataset_consumes_1_and_2 to None, run_after=None
[2024-04-22T06:16:13.265+0000] {logging_mixin.py:137} INFO - [2024-04-22T06:16:13.265+0000] {dag.py:3437} INFO - Setting next_dagrun for dataset_consumes_1_never_scheduled to None, run_after=None
[2024-04-22T06:16:13.266+0000] {logging_mixin.py:137} INFO - [2024-04-22T06:16:13.266+0000] {dag.py:3437} INFO - Setting next_dagrun for dataset_consumes_unknown_never_scheduled to None, run_after=None
[2024-04-22T06:16:13.268+0000] {logging_mixin.py:137} INFO - [2024-04-22T06:16:13.268+0000] {dag.py:3437} INFO - Setting next_dagrun for dataset_produces_1 to 2024-04-21T00:00:00+00:00, run_after=2024-04-22T00:00:00+00:00
[2024-04-22T06:16:13.269+0000] {logging_mixin.py:137} INFO - [2024-04-22T06:16:13.269+0000] {dag.py:3437} INFO - Setting next_dagrun for dataset_produces_2 to None, run_after=None
[2024-04-22T06:16:13.324+0000] {processor.py:175} INFO - Processing /usr/local/python/3.10.13/lib/python3.10/site-packages/airflow/example_dags/example_datasets.py took 0.117 seconds
[2024-04-22T06:16:54.808+0000] {processor.py:153} INFO - Started process (PID=44884) to work on /usr/local/python/3.10.13/lib/python3.10/site-packages/airflow/example_dags/example_datasets.py
[2024-04-22T06:16:54.808+0000] {processor.py:743} INFO - Processing file /usr/local/python/3.10.13/lib/python3.10/site-packages/airflow/example_dags/example_datasets.py for tasks to queue
[2024-04-22T06:16:54.809+0000] {logging_mixin.py:137} INFO - [2024-04-22T06:16:54.809+0000] {dagbag.py:538} INFO - Filling up the DagBag from /usr/local/python/3.10.13/lib/python3.10/site-packages/airflow/example_dags/example_datasets.py
[2024-04-22T06:16:54.822+0000] {processor.py:753} INFO - DAG(s) dict_keys(['dataset_consumes_unknown_never_scheduled', 'dataset_consumes_1_never_scheduled', 'dataset_consumes_1', 'dataset_produces_2', 'dataset_produces_1', 'dataset_consumes_1_and_2']) retrieved from /usr/local/python/3.10.13/lib/python3.10/site-packages/airflow/example_dags/example_datasets.py
[2024-04-22T06:16:54.845+0000] {logging_mixin.py:137} INFO - [2024-04-22T06:16:54.845+0000] {dag.py:2690} INFO - Sync 6 DAGs
[2024-04-22T06:16:54.862+0000] {logging_mixin.py:137} INFO - [2024-04-22T06:16:54.862+0000] {dag.py:3437} INFO - Setting next_dagrun for dataset_consumes_1 to None, run_after=None
[2024-04-22T06:16:54.866+0000] {logging_mixin.py:137} INFO - [2024-04-22T06:16:54.866+0000] {dag.py:3437} INFO - Setting next_dagrun for dataset_consumes_1_and_2 to None, run_after=None
[2024-04-22T06:16:54.867+0000] {logging_mixin.py:137} INFO - [2024-04-22T06:16:54.867+0000] {dag.py:3437} INFO - Setting next_dagrun for dataset_consumes_1_never_scheduled to None, run_after=None
[2024-04-22T06:16:54.869+0000] {logging_mixin.py:137} INFO - [2024-04-22T06:16:54.869+0000] {dag.py:3437} INFO - Setting next_dagrun for dataset_consumes_unknown_never_scheduled to None, run_after=None
[2024-04-22T06:16:54.873+0000] {logging_mixin.py:137} INFO - [2024-04-22T06:16:54.873+0000] {dag.py:3437} INFO - Setting next_dagrun for dataset_produces_1 to 2024-04-21T00:00:00+00:00, run_after=2024-04-22T00:00:00+00:00
[2024-04-22T06:16:54.874+0000] {logging_mixin.py:137} INFO - [2024-04-22T06:16:54.874+0000] {dag.py:3437} INFO - Setting next_dagrun for dataset_produces_2 to None, run_after=None
[2024-04-22T06:16:54.930+0000] {processor.py:175} INFO - Processing /usr/local/python/3.10.13/lib/python3.10/site-packages/airflow/example_dags/example_datasets.py took 0.125 seconds
[2024-04-22T06:17:36.860+0000] {processor.py:153} INFO - Started process (PID=45167) to work on /usr/local/python/3.10.13/lib/python3.10/site-packages/airflow/example_dags/example_datasets.py
[2024-04-22T06:17:36.861+0000] {processor.py:743} INFO - Processing file /usr/local/python/3.10.13/lib/python3.10/site-packages/airflow/example_dags/example_datasets.py for tasks to queue
[2024-04-22T06:17:36.861+0000] {logging_mixin.py:137} INFO - [2024-04-22T06:17:36.861+0000] {dagbag.py:538} INFO - Filling up the DagBag from /usr/local/python/3.10.13/lib/python3.10/site-packages/airflow/example_dags/example_datasets.py
[2024-04-22T06:17:36.876+0000] {processor.py:753} INFO - DAG(s) dict_keys(['dataset_consumes_1_and_2', 'dataset_produces_2', 'dataset_consumes_unknown_never_scheduled', 'dataset_consumes_1_never_scheduled', 'dataset_consumes_1', 'dataset_produces_1']) retrieved from /usr/local/python/3.10.13/lib/python3.10/site-packages/airflow/example_dags/example_datasets.py
[2024-04-22T06:17:36.898+0000] {logging_mixin.py:137} INFO - [2024-04-22T06:17:36.898+0000] {dag.py:2690} INFO - Sync 6 DAGs
[2024-04-22T06:17:36.914+0000] {logging_mixin.py:137} INFO - [2024-04-22T06:17:36.914+0000] {dag.py:3437} INFO - Setting next_dagrun for dataset_consumes_1 to None, run_after=None
[2024-04-22T06:17:36.916+0000] {logging_mixin.py:137} INFO - [2024-04-22T06:17:36.916+0000] {dag.py:3437} INFO - Setting next_dagrun for dataset_consumes_1_and_2 to None, run_after=None
[2024-04-22T06:17:36.917+0000] {logging_mixin.py:137} INFO - [2024-04-22T06:17:36.917+0000] {dag.py:3437} INFO - Setting next_dagrun for dataset_consumes_1_never_scheduled to None, run_after=None
[2024-04-22T06:17:36.917+0000] {logging_mixin.py:137} INFO - [2024-04-22T06:17:36.917+0000] {dag.py:3437} INFO - Setting next_dagrun for dataset_consumes_unknown_never_scheduled to None, run_after=None
[2024-04-22T06:17:36.920+0000] {logging_mixin.py:137} INFO - [2024-04-22T06:17:36.919+0000] {dag.py:3437} INFO - Setting next_dagrun for dataset_produces_1 to 2024-04-21T00:00:00+00:00, run_after=2024-04-22T00:00:00+00:00
[2024-04-22T06:17:36.920+0000] {logging_mixin.py:137} INFO - [2024-04-22T06:17:36.920+0000] {dag.py:3437} INFO - Setting next_dagrun for dataset_produces_2 to None, run_after=None
[2024-04-22T06:17:36.973+0000] {processor.py:175} INFO - Processing /usr/local/python/3.10.13/lib/python3.10/site-packages/airflow/example_dags/example_datasets.py took 0.115 seconds
[2024-04-22T06:18:18.503+0000] {processor.py:153} INFO - Started process (PID=45525) to work on /usr/local/python/3.10.13/lib/python3.10/site-packages/airflow/example_dags/example_datasets.py
[2024-04-22T06:18:18.503+0000] {processor.py:743} INFO - Processing file /usr/local/python/3.10.13/lib/python3.10/site-packages/airflow/example_dags/example_datasets.py for tasks to queue
[2024-04-22T06:18:18.504+0000] {logging_mixin.py:137} INFO - [2024-04-22T06:18:18.504+0000] {dagbag.py:538} INFO - Filling up the DagBag from /usr/local/python/3.10.13/lib/python3.10/site-packages/airflow/example_dags/example_datasets.py
[2024-04-22T06:18:18.518+0000] {processor.py:753} INFO - DAG(s) dict_keys(['dataset_consumes_1_and_2', 'dataset_produces_1', 'dataset_produces_2', 'dataset_consumes_1_never_scheduled', 'dataset_consumes_unknown_never_scheduled', 'dataset_consumes_1']) retrieved from /usr/local/python/3.10.13/lib/python3.10/site-packages/airflow/example_dags/example_datasets.py
[2024-04-22T06:18:18.541+0000] {logging_mixin.py:137} INFO - [2024-04-22T06:18:18.541+0000] {dag.py:2690} INFO - Sync 6 DAGs
[2024-04-22T06:18:18.559+0000] {logging_mixin.py:137} INFO - [2024-04-22T06:18:18.559+0000] {dag.py:3437} INFO - Setting next_dagrun for dataset_consumes_1 to None, run_after=None
[2024-04-22T06:18:18.561+0000] {logging_mixin.py:137} INFO - [2024-04-22T06:18:18.561+0000] {dag.py:3437} INFO - Setting next_dagrun for dataset_consumes_1_and_2 to None, run_after=None
[2024-04-22T06:18:18.562+0000] {logging_mixin.py:137} INFO - [2024-04-22T06:18:18.562+0000] {dag.py:3437} INFO - Setting next_dagrun for dataset_consumes_1_never_scheduled to None, run_after=None
[2024-04-22T06:18:18.562+0000] {logging_mixin.py:137} INFO - [2024-04-22T06:18:18.562+0000] {dag.py:3437} INFO - Setting next_dagrun for dataset_consumes_unknown_never_scheduled to None, run_after=None
[2024-04-22T06:18:18.564+0000] {logging_mixin.py:137} INFO - [2024-04-22T06:18:18.564+0000] {dag.py:3437} INFO - Setting next_dagrun for dataset_produces_1 to 2024-04-21T00:00:00+00:00, run_after=2024-04-22T00:00:00+00:00
[2024-04-22T06:18:18.565+0000] {logging_mixin.py:137} INFO - [2024-04-22T06:18:18.565+0000] {dag.py:3437} INFO - Setting next_dagrun for dataset_produces_2 to None, run_after=None
[2024-04-22T06:18:18.619+0000] {processor.py:175} INFO - Processing /usr/local/python/3.10.13/lib/python3.10/site-packages/airflow/example_dags/example_datasets.py took 0.119 seconds
[2024-04-22T06:19:00.323+0000] {processor.py:153} INFO - Started process (PID=45810) to work on /usr/local/python/3.10.13/lib/python3.10/site-packages/airflow/example_dags/example_datasets.py
[2024-04-22T06:19:00.323+0000] {processor.py:743} INFO - Processing file /usr/local/python/3.10.13/lib/python3.10/site-packages/airflow/example_dags/example_datasets.py for tasks to queue
[2024-04-22T06:19:00.324+0000] {logging_mixin.py:137} INFO - [2024-04-22T06:19:00.324+0000] {dagbag.py:538} INFO - Filling up the DagBag from /usr/local/python/3.10.13/lib/python3.10/site-packages/airflow/example_dags/example_datasets.py
[2024-04-22T06:19:00.339+0000] {processor.py:753} INFO - DAG(s) dict_keys(['dataset_consumes_1', 'dataset_produces_2', 'dataset_consumes_1_never_scheduled', 'dataset_consumes_1_and_2', 'dataset_produces_1', 'dataset_consumes_unknown_never_scheduled']) retrieved from /usr/local/python/3.10.13/lib/python3.10/site-packages/airflow/example_dags/example_datasets.py
[2024-04-22T06:19:00.362+0000] {logging_mixin.py:137} INFO - [2024-04-22T06:19:00.362+0000] {dag.py:2690} INFO - Sync 6 DAGs
[2024-04-22T06:19:00.378+0000] {logging_mixin.py:137} INFO - [2024-04-22T06:19:00.377+0000] {dag.py:3437} INFO - Setting next_dagrun for dataset_consumes_1 to None, run_after=None
[2024-04-22T06:19:00.380+0000] {logging_mixin.py:137} INFO - [2024-04-22T06:19:00.380+0000] {dag.py:3437} INFO - Setting next_dagrun for dataset_consumes_1_and_2 to None, run_after=None
[2024-04-22T06:19:00.380+0000] {logging_mixin.py:137} INFO - [2024-04-22T06:19:00.380+0000] {dag.py:3437} INFO - Setting next_dagrun for dataset_consumes_1_never_scheduled to None, run_after=None
[2024-04-22T06:19:00.381+0000] {logging_mixin.py:137} INFO - [2024-04-22T06:19:00.381+0000] {dag.py:3437} INFO - Setting next_dagrun for dataset_consumes_unknown_never_scheduled to None, run_after=None
[2024-04-22T06:19:00.383+0000] {logging_mixin.py:137} INFO - [2024-04-22T06:19:00.383+0000] {dag.py:3437} INFO - Setting next_dagrun for dataset_produces_1 to 2024-04-21T00:00:00+00:00, run_after=2024-04-22T00:00:00+00:00
[2024-04-22T06:19:00.384+0000] {logging_mixin.py:137} INFO - [2024-04-22T06:19:00.384+0000] {dag.py:3437} INFO - Setting next_dagrun for dataset_produces_2 to None, run_after=None
[2024-04-22T06:19:00.440+0000] {processor.py:175} INFO - Processing /usr/local/python/3.10.13/lib/python3.10/site-packages/airflow/example_dags/example_datasets.py took 0.120 seconds
[2024-04-22T06:19:40.615+0000] {processor.py:153} INFO - Started process (PID=46086) to work on /usr/local/python/3.10.13/lib/python3.10/site-packages/airflow/example_dags/example_datasets.py
[2024-04-22T06:19:40.615+0000] {processor.py:743} INFO - Processing file /usr/local/python/3.10.13/lib/python3.10/site-packages/airflow/example_dags/example_datasets.py for tasks to queue
[2024-04-22T06:19:40.616+0000] {logging_mixin.py:137} INFO - [2024-04-22T06:19:40.616+0000] {dagbag.py:538} INFO - Filling up the DagBag from /usr/local/python/3.10.13/lib/python3.10/site-packages/airflow/example_dags/example_datasets.py
[2024-04-22T06:19:40.630+0000] {processor.py:753} INFO - DAG(s) dict_keys(['dataset_consumes_1_and_2', 'dataset_consumes_unknown_never_scheduled', 'dataset_consumes_1_never_scheduled', 'dataset_produces_2', 'dataset_produces_1', 'dataset_consumes_1']) retrieved from /usr/local/python/3.10.13/lib/python3.10/site-packages/airflow/example_dags/example_datasets.py
[2024-04-22T06:19:40.654+0000] {logging_mixin.py:137} INFO - [2024-04-22T06:19:40.654+0000] {dag.py:2690} INFO - Sync 6 DAGs
[2024-04-22T06:19:40.670+0000] {logging_mixin.py:137} INFO - [2024-04-22T06:19:40.669+0000] {dag.py:3437} INFO - Setting next_dagrun for dataset_consumes_1 to None, run_after=None
[2024-04-22T06:19:40.672+0000] {logging_mixin.py:137} INFO - [2024-04-22T06:19:40.672+0000] {dag.py:3437} INFO - Setting next_dagrun for dataset_consumes_1_and_2 to None, run_after=None
[2024-04-22T06:19:40.673+0000] {logging_mixin.py:137} INFO - [2024-04-22T06:19:40.672+0000] {dag.py:3437} INFO - Setting next_dagrun for dataset_consumes_1_never_scheduled to None, run_after=None
[2024-04-22T06:19:40.673+0000] {logging_mixin.py:137} INFO - [2024-04-22T06:19:40.673+0000] {dag.py:3437} INFO - Setting next_dagrun for dataset_consumes_unknown_never_scheduled to None, run_after=None
[2024-04-22T06:19:40.675+0000] {logging_mixin.py:137} INFO - [2024-04-22T06:19:40.675+0000] {dag.py:3437} INFO - Setting next_dagrun for dataset_produces_1 to 2024-04-21T00:00:00+00:00, run_after=2024-04-22T00:00:00+00:00
[2024-04-22T06:19:40.676+0000] {logging_mixin.py:137} INFO - [2024-04-22T06:19:40.676+0000] {dag.py:3437} INFO - Setting next_dagrun for dataset_produces_2 to None, run_after=None
[2024-04-22T06:19:40.730+0000] {processor.py:175} INFO - Processing /usr/local/python/3.10.13/lib/python3.10/site-packages/airflow/example_dags/example_datasets.py took 0.117 seconds
[2024-04-22T06:20:26.080+0000] {processor.py:153} INFO - Started process (PID=46396) to work on /usr/local/python/3.10.13/lib/python3.10/site-packages/airflow/example_dags/example_datasets.py
[2024-04-22T06:20:26.081+0000] {processor.py:743} INFO - Processing file /usr/local/python/3.10.13/lib/python3.10/site-packages/airflow/example_dags/example_datasets.py for tasks to queue
[2024-04-22T06:20:26.081+0000] {logging_mixin.py:137} INFO - [2024-04-22T06:20:26.081+0000] {dagbag.py:538} INFO - Filling up the DagBag from /usr/local/python/3.10.13/lib/python3.10/site-packages/airflow/example_dags/example_datasets.py
[2024-04-22T06:20:26.095+0000] {processor.py:753} INFO - DAG(s) dict_keys(['dataset_produces_2', 'dataset_produces_1', 'dataset_consumes_1', 'dataset_consumes_unknown_never_scheduled', 'dataset_consumes_1_never_scheduled', 'dataset_consumes_1_and_2']) retrieved from /usr/local/python/3.10.13/lib/python3.10/site-packages/airflow/example_dags/example_datasets.py
[2024-04-22T06:20:26.118+0000] {logging_mixin.py:137} INFO - [2024-04-22T06:20:26.118+0000] {dag.py:2690} INFO - Sync 6 DAGs
[2024-04-22T06:20:26.134+0000] {logging_mixin.py:137} INFO - [2024-04-22T06:20:26.134+0000] {dag.py:3437} INFO - Setting next_dagrun for dataset_consumes_1 to None, run_after=None
[2024-04-22T06:20:26.137+0000] {logging_mixin.py:137} INFO - [2024-04-22T06:20:26.137+0000] {dag.py:3437} INFO - Setting next_dagrun for dataset_consumes_1_and_2 to None, run_after=None
[2024-04-22T06:20:26.138+0000] {logging_mixin.py:137} INFO - [2024-04-22T06:20:26.138+0000] {dag.py:3437} INFO - Setting next_dagrun for dataset_consumes_1_never_scheduled to None, run_after=None
[2024-04-22T06:20:26.138+0000] {logging_mixin.py:137} INFO - [2024-04-22T06:20:26.138+0000] {dag.py:3437} INFO - Setting next_dagrun for dataset_consumes_unknown_never_scheduled to None, run_after=None
[2024-04-22T06:20:26.140+0000] {logging_mixin.py:137} INFO - [2024-04-22T06:20:26.140+0000] {dag.py:3437} INFO - Setting next_dagrun for dataset_produces_1 to 2024-04-21T00:00:00+00:00, run_after=2024-04-22T00:00:00+00:00
[2024-04-22T06:20:26.141+0000] {logging_mixin.py:137} INFO - [2024-04-22T06:20:26.141+0000] {dag.py:3437} INFO - Setting next_dagrun for dataset_produces_2 to None, run_after=None
[2024-04-22T06:20:26.289+0000] {processor.py:175} INFO - Processing /usr/local/python/3.10.13/lib/python3.10/site-packages/airflow/example_dags/example_datasets.py took 0.211 seconds
[2024-04-22T06:21:10.828+0000] {processor.py:153} INFO - Started process (PID=46684) to work on /usr/local/python/3.10.13/lib/python3.10/site-packages/airflow/example_dags/example_datasets.py
[2024-04-22T06:21:10.828+0000] {processor.py:743} INFO - Processing file /usr/local/python/3.10.13/lib/python3.10/site-packages/airflow/example_dags/example_datasets.py for tasks to queue
[2024-04-22T06:21:10.829+0000] {logging_mixin.py:137} INFO - [2024-04-22T06:21:10.829+0000] {dagbag.py:538} INFO - Filling up the DagBag from /usr/local/python/3.10.13/lib/python3.10/site-packages/airflow/example_dags/example_datasets.py
[2024-04-22T06:21:10.843+0000] {processor.py:753} INFO - DAG(s) dict_keys(['dataset_consumes_1_never_scheduled', 'dataset_consumes_unknown_never_scheduled', 'dataset_produces_1', 'dataset_consumes_1', 'dataset_produces_2', 'dataset_consumes_1_and_2']) retrieved from /usr/local/python/3.10.13/lib/python3.10/site-packages/airflow/example_dags/example_datasets.py
[2024-04-22T06:21:10.866+0000] {logging_mixin.py:137} INFO - [2024-04-22T06:21:10.865+0000] {dag.py:2690} INFO - Sync 6 DAGs
[2024-04-22T06:21:10.967+0000] {logging_mixin.py:137} INFO - [2024-04-22T06:21:10.967+0000] {dag.py:3437} INFO - Setting next_dagrun for dataset_consumes_1 to None, run_after=None
[2024-04-22T06:21:10.969+0000] {logging_mixin.py:137} INFO - [2024-04-22T06:21:10.969+0000] {dag.py:3437} INFO - Setting next_dagrun for dataset_consumes_1_and_2 to None, run_after=None
[2024-04-22T06:21:10.970+0000] {logging_mixin.py:137} INFO - [2024-04-22T06:21:10.970+0000] {dag.py:3437} INFO - Setting next_dagrun for dataset_consumes_1_never_scheduled to None, run_after=None
[2024-04-22T06:21:10.971+0000] {logging_mixin.py:137} INFO - [2024-04-22T06:21:10.971+0000] {dag.py:3437} INFO - Setting next_dagrun for dataset_consumes_unknown_never_scheduled to None, run_after=None
[2024-04-22T06:21:10.973+0000] {logging_mixin.py:137} INFO - [2024-04-22T06:21:10.973+0000] {dag.py:3437} INFO - Setting next_dagrun for dataset_produces_1 to 2024-04-21T00:00:00+00:00, run_after=2024-04-22T00:00:00+00:00
[2024-04-22T06:21:10.974+0000] {logging_mixin.py:137} INFO - [2024-04-22T06:21:10.973+0000] {dag.py:3437} INFO - Setting next_dagrun for dataset_produces_2 to None, run_after=None
[2024-04-22T06:21:11.028+0000] {processor.py:175} INFO - Processing /usr/local/python/3.10.13/lib/python3.10/site-packages/airflow/example_dags/example_datasets.py took 0.202 seconds
[2024-04-22T06:21:55.472+0000] {processor.py:153} INFO - Started process (PID=47000) to work on /usr/local/python/3.10.13/lib/python3.10/site-packages/airflow/example_dags/example_datasets.py
[2024-04-22T06:21:55.473+0000] {processor.py:743} INFO - Processing file /usr/local/python/3.10.13/lib/python3.10/site-packages/airflow/example_dags/example_datasets.py for tasks to queue
[2024-04-22T06:21:55.473+0000] {logging_mixin.py:137} INFO - [2024-04-22T06:21:55.473+0000] {dagbag.py:538} INFO - Filling up the DagBag from /usr/local/python/3.10.13/lib/python3.10/site-packages/airflow/example_dags/example_datasets.py
[2024-04-22T06:21:55.487+0000] {processor.py:753} INFO - DAG(s) dict_keys(['dataset_produces_1', 'dataset_consumes_1', 'dataset_consumes_1_never_scheduled', 'dataset_consumes_1_and_2', 'dataset_produces_2', 'dataset_consumes_unknown_never_scheduled']) retrieved from /usr/local/python/3.10.13/lib/python3.10/site-packages/airflow/example_dags/example_datasets.py
[2024-04-22T06:21:55.510+0000] {logging_mixin.py:137} INFO - [2024-04-22T06:21:55.510+0000] {dag.py:2690} INFO - Sync 6 DAGs
[2024-04-22T06:21:55.627+0000] {logging_mixin.py:137} INFO - [2024-04-22T06:21:55.626+0000] {dag.py:3437} INFO - Setting next_dagrun for dataset_consumes_1 to None, run_after=None
[2024-04-22T06:21:55.630+0000] {logging_mixin.py:137} INFO - [2024-04-22T06:21:55.630+0000] {dag.py:3437} INFO - Setting next_dagrun for dataset_consumes_1_and_2 to None, run_after=None
[2024-04-22T06:21:55.631+0000] {logging_mixin.py:137} INFO - [2024-04-22T06:21:55.631+0000] {dag.py:3437} INFO - Setting next_dagrun for dataset_consumes_1_never_scheduled to None, run_after=None
[2024-04-22T06:21:55.632+0000] {logging_mixin.py:137} INFO - [2024-04-22T06:21:55.632+0000] {dag.py:3437} INFO - Setting next_dagrun for dataset_consumes_unknown_never_scheduled to None, run_after=None
[2024-04-22T06:21:55.636+0000] {logging_mixin.py:137} INFO - [2024-04-22T06:21:55.635+0000] {dag.py:3437} INFO - Setting next_dagrun for dataset_produces_1 to 2024-04-21T00:00:00+00:00, run_after=2024-04-22T00:00:00+00:00
[2024-04-22T06:21:55.637+0000] {logging_mixin.py:137} INFO - [2024-04-22T06:21:55.637+0000] {dag.py:3437} INFO - Setting next_dagrun for dataset_produces_2 to None, run_after=None
[2024-04-22T06:21:55.699+0000] {processor.py:175} INFO - Processing /usr/local/python/3.10.13/lib/python3.10/site-packages/airflow/example_dags/example_datasets.py took 0.229 seconds
[2024-04-22T06:22:46.361+0000] {processor.py:153} INFO - Started process (PID=47436) to work on /usr/local/python/3.10.13/lib/python3.10/site-packages/airflow/example_dags/example_datasets.py
[2024-04-22T06:22:46.361+0000] {processor.py:743} INFO - Processing file /usr/local/python/3.10.13/lib/python3.10/site-packages/airflow/example_dags/example_datasets.py for tasks to queue
[2024-04-22T06:22:46.363+0000] {logging_mixin.py:137} INFO - [2024-04-22T06:22:46.362+0000] {dagbag.py:538} INFO - Filling up the DagBag from /usr/local/python/3.10.13/lib/python3.10/site-packages/airflow/example_dags/example_datasets.py
[2024-04-22T06:22:46.376+0000] {processor.py:753} INFO - DAG(s) dict_keys(['dataset_consumes_1', 'dataset_consumes_unknown_never_scheduled', 'dataset_consumes_1_and_2', 'dataset_consumes_1_never_scheduled', 'dataset_produces_2', 'dataset_produces_1']) retrieved from /usr/local/python/3.10.13/lib/python3.10/site-packages/airflow/example_dags/example_datasets.py
[2024-04-22T06:22:46.399+0000] {logging_mixin.py:137} INFO - [2024-04-22T06:22:46.399+0000] {dag.py:2690} INFO - Sync 6 DAGs
[2024-04-22T06:22:46.541+0000] {logging_mixin.py:137} INFO - [2024-04-22T06:22:46.541+0000] {dag.py:3437} INFO - Setting next_dagrun for dataset_consumes_1 to None, run_after=None
[2024-04-22T06:22:46.545+0000] {logging_mixin.py:137} INFO - [2024-04-22T06:22:46.545+0000] {dag.py:3437} INFO - Setting next_dagrun for dataset_consumes_1_and_2 to None, run_after=None
[2024-04-22T06:22:46.546+0000] {logging_mixin.py:137} INFO - [2024-04-22T06:22:46.546+0000] {dag.py:3437} INFO - Setting next_dagrun for dataset_consumes_1_never_scheduled to None, run_after=None
[2024-04-22T06:22:46.547+0000] {logging_mixin.py:137} INFO - [2024-04-22T06:22:46.547+0000] {dag.py:3437} INFO - Setting next_dagrun for dataset_consumes_unknown_never_scheduled to None, run_after=None
[2024-04-22T06:22:46.551+0000] {logging_mixin.py:137} INFO - [2024-04-22T06:22:46.551+0000] {dag.py:3437} INFO - Setting next_dagrun for dataset_produces_1 to 2024-04-21T00:00:00+00:00, run_after=2024-04-22T00:00:00+00:00
[2024-04-22T06:22:46.552+0000] {logging_mixin.py:137} INFO - [2024-04-22T06:22:46.552+0000] {dag.py:3437} INFO - Setting next_dagrun for dataset_produces_2 to None, run_after=None
[2024-04-22T06:22:46.607+0000] {processor.py:175} INFO - Processing /usr/local/python/3.10.13/lib/python3.10/site-packages/airflow/example_dags/example_datasets.py took 0.248 seconds
[2024-04-22T06:23:30.483+0000] {processor.py:153} INFO - Started process (PID=47853) to work on /usr/local/python/3.10.13/lib/python3.10/site-packages/airflow/example_dags/example_datasets.py
[2024-04-22T06:23:30.484+0000] {processor.py:743} INFO - Processing file /usr/local/python/3.10.13/lib/python3.10/site-packages/airflow/example_dags/example_datasets.py for tasks to queue
[2024-04-22T06:23:30.485+0000] {logging_mixin.py:137} INFO - [2024-04-22T06:23:30.485+0000] {dagbag.py:538} INFO - Filling up the DagBag from /usr/local/python/3.10.13/lib/python3.10/site-packages/airflow/example_dags/example_datasets.py
[2024-04-22T06:23:30.498+0000] {processor.py:753} INFO - DAG(s) dict_keys(['dataset_produces_2', 'dataset_consumes_1_never_scheduled', 'dataset_consumes_unknown_never_scheduled', 'dataset_produces_1', 'dataset_consumes_1_and_2', 'dataset_consumes_1']) retrieved from /usr/local/python/3.10.13/lib/python3.10/site-packages/airflow/example_dags/example_datasets.py
[2024-04-22T06:23:30.606+0000] {logging_mixin.py:137} INFO - [2024-04-22T06:23:30.606+0000] {dag.py:2690} INFO - Sync 6 DAGs
[2024-04-22T06:23:30.620+0000] {logging_mixin.py:137} INFO - [2024-04-22T06:23:30.620+0000] {dag.py:3437} INFO - Setting next_dagrun for dataset_consumes_1 to None, run_after=None
[2024-04-22T06:23:30.623+0000] {logging_mixin.py:137} INFO - [2024-04-22T06:23:30.622+0000] {dag.py:3437} INFO - Setting next_dagrun for dataset_consumes_1_and_2 to None, run_after=None
[2024-04-22T06:23:30.623+0000] {logging_mixin.py:137} INFO - [2024-04-22T06:23:30.623+0000] {dag.py:3437} INFO - Setting next_dagrun for dataset_consumes_1_never_scheduled to None, run_after=None
[2024-04-22T06:23:30.624+0000] {logging_mixin.py:137} INFO - [2024-04-22T06:23:30.624+0000] {dag.py:3437} INFO - Setting next_dagrun for dataset_consumes_unknown_never_scheduled to None, run_after=None
[2024-04-22T06:23:30.626+0000] {logging_mixin.py:137} INFO - [2024-04-22T06:23:30.626+0000] {dag.py:3437} INFO - Setting next_dagrun for dataset_produces_1 to 2024-04-21T00:00:00+00:00, run_after=2024-04-22T00:00:00+00:00
[2024-04-22T06:23:30.627+0000] {logging_mixin.py:137} INFO - [2024-04-22T06:23:30.627+0000] {dag.py:3437} INFO - Setting next_dagrun for dataset_produces_2 to None, run_after=None
[2024-04-22T06:23:30.678+0000] {processor.py:175} INFO - Processing /usr/local/python/3.10.13/lib/python3.10/site-packages/airflow/example_dags/example_datasets.py took 0.197 seconds
[2024-04-22T06:24:13.343+0000] {processor.py:153} INFO - Started process (PID=48306) to work on /usr/local/python/3.10.13/lib/python3.10/site-packages/airflow/example_dags/example_datasets.py
[2024-04-22T06:24:13.344+0000] {processor.py:743} INFO - Processing file /usr/local/python/3.10.13/lib/python3.10/site-packages/airflow/example_dags/example_datasets.py for tasks to queue
[2024-04-22T06:24:13.344+0000] {logging_mixin.py:137} INFO - [2024-04-22T06:24:13.344+0000] {dagbag.py:538} INFO - Filling up the DagBag from /usr/local/python/3.10.13/lib/python3.10/site-packages/airflow/example_dags/example_datasets.py
[2024-04-22T06:24:13.452+0000] {processor.py:753} INFO - DAG(s) dict_keys(['dataset_consumes_unknown_never_scheduled', 'dataset_consumes_1_and_2', 'dataset_produces_1', 'dataset_consumes_1', 'dataset_consumes_1_never_scheduled', 'dataset_produces_2']) retrieved from /usr/local/python/3.10.13/lib/python3.10/site-packages/airflow/example_dags/example_datasets.py
[2024-04-22T06:24:13.473+0000] {logging_mixin.py:137} INFO - [2024-04-22T06:24:13.473+0000] {dag.py:2690} INFO - Sync 6 DAGs
[2024-04-22T06:24:13.488+0000] {logging_mixin.py:137} INFO - [2024-04-22T06:24:13.488+0000] {dag.py:3437} INFO - Setting next_dagrun for dataset_consumes_1 to None, run_after=None
[2024-04-22T06:24:13.490+0000] {logging_mixin.py:137} INFO - [2024-04-22T06:24:13.490+0000] {dag.py:3437} INFO - Setting next_dagrun for dataset_consumes_1_and_2 to None, run_after=None
[2024-04-22T06:24:13.491+0000] {logging_mixin.py:137} INFO - [2024-04-22T06:24:13.491+0000] {dag.py:3437} INFO - Setting next_dagrun for dataset_consumes_1_never_scheduled to None, run_after=None
[2024-04-22T06:24:13.491+0000] {logging_mixin.py:137} INFO - [2024-04-22T06:24:13.491+0000] {dag.py:3437} INFO - Setting next_dagrun for dataset_consumes_unknown_never_scheduled to None, run_after=None
[2024-04-22T06:24:13.493+0000] {logging_mixin.py:137} INFO - [2024-04-22T06:24:13.493+0000] {dag.py:3437} INFO - Setting next_dagrun for dataset_produces_1 to 2024-04-21T00:00:00+00:00, run_after=2024-04-22T00:00:00+00:00
[2024-04-22T06:24:13.494+0000] {logging_mixin.py:137} INFO - [2024-04-22T06:24:13.494+0000] {dag.py:3437} INFO - Setting next_dagrun for dataset_produces_2 to None, run_after=None
[2024-04-22T06:24:13.546+0000] {processor.py:175} INFO - Processing /usr/local/python/3.10.13/lib/python3.10/site-packages/airflow/example_dags/example_datasets.py took 0.205 seconds
[2024-04-22T06:24:57.441+0000] {processor.py:153} INFO - Started process (PID=48804) to work on /usr/local/python/3.10.13/lib/python3.10/site-packages/airflow/example_dags/example_datasets.py
[2024-04-22T06:24:57.441+0000] {processor.py:743} INFO - Processing file /usr/local/python/3.10.13/lib/python3.10/site-packages/airflow/example_dags/example_datasets.py for tasks to queue
[2024-04-22T06:24:57.442+0000] {logging_mixin.py:137} INFO - [2024-04-22T06:24:57.442+0000] {dagbag.py:538} INFO - Filling up the DagBag from /usr/local/python/3.10.13/lib/python3.10/site-packages/airflow/example_dags/example_datasets.py
[2024-04-22T06:24:57.549+0000] {processor.py:753} INFO - DAG(s) dict_keys(['dataset_produces_1', 'dataset_consumes_unknown_never_scheduled', 'dataset_consumes_1_never_scheduled', 'dataset_consumes_1_and_2', 'dataset_consumes_1', 'dataset_produces_2']) retrieved from /usr/local/python/3.10.13/lib/python3.10/site-packages/airflow/example_dags/example_datasets.py
[2024-04-22T06:24:57.570+0000] {logging_mixin.py:137} INFO - [2024-04-22T06:24:57.569+0000] {dag.py:2690} INFO - Sync 6 DAGs
[2024-04-22T06:24:57.584+0000] {logging_mixin.py:137} INFO - [2024-04-22T06:24:57.584+0000] {dag.py:3437} INFO - Setting next_dagrun for dataset_consumes_1 to None, run_after=None
[2024-04-22T06:24:57.587+0000] {logging_mixin.py:137} INFO - [2024-04-22T06:24:57.587+0000] {dag.py:3437} INFO - Setting next_dagrun for dataset_consumes_1_and_2 to None, run_after=None
[2024-04-22T06:24:57.587+0000] {logging_mixin.py:137} INFO - [2024-04-22T06:24:57.587+0000] {dag.py:3437} INFO - Setting next_dagrun for dataset_consumes_1_never_scheduled to None, run_after=None
[2024-04-22T06:24:57.588+0000] {logging_mixin.py:137} INFO - [2024-04-22T06:24:57.588+0000] {dag.py:3437} INFO - Setting next_dagrun for dataset_consumes_unknown_never_scheduled to None, run_after=None
[2024-04-22T06:24:57.590+0000] {logging_mixin.py:137} INFO - [2024-04-22T06:24:57.590+0000] {dag.py:3437} INFO - Setting next_dagrun for dataset_produces_1 to 2024-04-21T00:00:00+00:00, run_after=2024-04-22T00:00:00+00:00
[2024-04-22T06:24:57.591+0000] {logging_mixin.py:137} INFO - [2024-04-22T06:24:57.591+0000] {dag.py:3437} INFO - Setting next_dagrun for dataset_produces_2 to None, run_after=None
[2024-04-22T06:24:57.643+0000] {processor.py:175} INFO - Processing /usr/local/python/3.10.13/lib/python3.10/site-packages/airflow/example_dags/example_datasets.py took 0.204 seconds
[2024-04-22T06:25:39.417+0000] {processor.py:153} INFO - Started process (PID=49254) to work on /usr/local/python/3.10.13/lib/python3.10/site-packages/airflow/example_dags/example_datasets.py
[2024-04-22T06:25:39.418+0000] {processor.py:743} INFO - Processing file /usr/local/python/3.10.13/lib/python3.10/site-packages/airflow/example_dags/example_datasets.py for tasks to queue
[2024-04-22T06:25:39.418+0000] {logging_mixin.py:137} INFO - [2024-04-22T06:25:39.418+0000] {dagbag.py:538} INFO - Filling up the DagBag from /usr/local/python/3.10.13/lib/python3.10/site-packages/airflow/example_dags/example_datasets.py
[2024-04-22T06:25:39.432+0000] {processor.py:753} INFO - DAG(s) dict_keys(['dataset_produces_2', 'dataset_consumes_unknown_never_scheduled', 'dataset_consumes_1_and_2', 'dataset_consumes_1', 'dataset_produces_1', 'dataset_consumes_1_never_scheduled']) retrieved from /usr/local/python/3.10.13/lib/python3.10/site-packages/airflow/example_dags/example_datasets.py
[2024-04-22T06:25:39.455+0000] {logging_mixin.py:137} INFO - [2024-04-22T06:25:39.455+0000] {dag.py:2690} INFO - Sync 6 DAGs
[2024-04-22T06:25:39.471+0000] {logging_mixin.py:137} INFO - [2024-04-22T06:25:39.471+0000] {dag.py:3437} INFO - Setting next_dagrun for dataset_consumes_1 to None, run_after=None
[2024-04-22T06:25:39.474+0000] {logging_mixin.py:137} INFO - [2024-04-22T06:25:39.474+0000] {dag.py:3437} INFO - Setting next_dagrun for dataset_consumes_1_and_2 to None, run_after=None
[2024-04-22T06:25:39.474+0000] {logging_mixin.py:137} INFO - [2024-04-22T06:25:39.474+0000] {dag.py:3437} INFO - Setting next_dagrun for dataset_consumes_1_never_scheduled to None, run_after=None
[2024-04-22T06:25:39.475+0000] {logging_mixin.py:137} INFO - [2024-04-22T06:25:39.475+0000] {dag.py:3437} INFO - Setting next_dagrun for dataset_consumes_unknown_never_scheduled to None, run_after=None
[2024-04-22T06:25:39.477+0000] {logging_mixin.py:137} INFO - [2024-04-22T06:25:39.477+0000] {dag.py:3437} INFO - Setting next_dagrun for dataset_produces_1 to 2024-04-21T00:00:00+00:00, run_after=2024-04-22T00:00:00+00:00
[2024-04-22T06:25:39.478+0000] {logging_mixin.py:137} INFO - [2024-04-22T06:25:39.478+0000] {dag.py:3437} INFO - Setting next_dagrun for dataset_produces_2 to None, run_after=None
[2024-04-22T06:25:39.529+0000] {processor.py:175} INFO - Processing /usr/local/python/3.10.13/lib/python3.10/site-packages/airflow/example_dags/example_datasets.py took 0.115 seconds
[2024-04-22T06:26:19.543+0000] {processor.py:153} INFO - Started process (PID=49608) to work on /usr/local/python/3.10.13/lib/python3.10/site-packages/airflow/example_dags/example_datasets.py
[2024-04-22T06:26:19.544+0000] {processor.py:743} INFO - Processing file /usr/local/python/3.10.13/lib/python3.10/site-packages/airflow/example_dags/example_datasets.py for tasks to queue
[2024-04-22T06:26:19.544+0000] {logging_mixin.py:137} INFO - [2024-04-22T06:26:19.544+0000] {dagbag.py:538} INFO - Filling up the DagBag from /usr/local/python/3.10.13/lib/python3.10/site-packages/airflow/example_dags/example_datasets.py
[2024-04-22T06:26:19.558+0000] {processor.py:753} INFO - DAG(s) dict_keys(['dataset_produces_2', 'dataset_consumes_unknown_never_scheduled', 'dataset_consumes_1_never_scheduled', 'dataset_consumes_1_and_2', 'dataset_produces_1', 'dataset_consumes_1']) retrieved from /usr/local/python/3.10.13/lib/python3.10/site-packages/airflow/example_dags/example_datasets.py
[2024-04-22T06:26:19.581+0000] {logging_mixin.py:137} INFO - [2024-04-22T06:26:19.581+0000] {dag.py:2690} INFO - Sync 6 DAGs
[2024-04-22T06:26:19.597+0000] {logging_mixin.py:137} INFO - [2024-04-22T06:26:19.597+0000] {dag.py:3437} INFO - Setting next_dagrun for dataset_consumes_1 to None, run_after=None
[2024-04-22T06:26:19.599+0000] {logging_mixin.py:137} INFO - [2024-04-22T06:26:19.599+0000] {dag.py:3437} INFO - Setting next_dagrun for dataset_consumes_1_and_2 to None, run_after=None
[2024-04-22T06:26:19.600+0000] {logging_mixin.py:137} INFO - [2024-04-22T06:26:19.600+0000] {dag.py:3437} INFO - Setting next_dagrun for dataset_consumes_1_never_scheduled to None, run_after=None
[2024-04-22T06:26:19.601+0000] {logging_mixin.py:137} INFO - [2024-04-22T06:26:19.601+0000] {dag.py:3437} INFO - Setting next_dagrun for dataset_consumes_unknown_never_scheduled to None, run_after=None
[2024-04-22T06:26:19.603+0000] {logging_mixin.py:137} INFO - [2024-04-22T06:26:19.603+0000] {dag.py:3437} INFO - Setting next_dagrun for dataset_produces_1 to 2024-04-21T00:00:00+00:00, run_after=2024-04-22T00:00:00+00:00
[2024-04-22T06:26:19.604+0000] {logging_mixin.py:137} INFO - [2024-04-22T06:26:19.604+0000] {dag.py:3437} INFO - Setting next_dagrun for dataset_produces_2 to None, run_after=None
[2024-04-22T06:26:19.656+0000] {processor.py:175} INFO - Processing /usr/local/python/3.10.13/lib/python3.10/site-packages/airflow/example_dags/example_datasets.py took 0.115 seconds
[2024-04-22T06:27:00.403+0000] {processor.py:153} INFO - Started process (PID=50027) to work on /usr/local/python/3.10.13/lib/python3.10/site-packages/airflow/example_dags/example_datasets.py
[2024-04-22T06:27:00.404+0000] {processor.py:743} INFO - Processing file /usr/local/python/3.10.13/lib/python3.10/site-packages/airflow/example_dags/example_datasets.py for tasks to queue
[2024-04-22T06:27:00.404+0000] {logging_mixin.py:137} INFO - [2024-04-22T06:27:00.404+0000] {dagbag.py:538} INFO - Filling up the DagBag from /usr/local/python/3.10.13/lib/python3.10/site-packages/airflow/example_dags/example_datasets.py
[2024-04-22T06:27:00.418+0000] {processor.py:753} INFO - DAG(s) dict_keys(['dataset_produces_2', 'dataset_consumes_unknown_never_scheduled', 'dataset_consumes_1_and_2', 'dataset_consumes_1', 'dataset_consumes_1_never_scheduled', 'dataset_produces_1']) retrieved from /usr/local/python/3.10.13/lib/python3.10/site-packages/airflow/example_dags/example_datasets.py
[2024-04-22T06:27:00.452+0000] {logging_mixin.py:137} INFO - [2024-04-22T06:27:00.452+0000] {dag.py:2690} INFO - Sync 6 DAGs
[2024-04-22T06:27:00.476+0000] {logging_mixin.py:137} INFO - [2024-04-22T06:27:00.476+0000] {dag.py:3437} INFO - Setting next_dagrun for dataset_consumes_1 to None, run_after=None
[2024-04-22T06:27:00.479+0000] {logging_mixin.py:137} INFO - [2024-04-22T06:27:00.479+0000] {dag.py:3437} INFO - Setting next_dagrun for dataset_consumes_1_and_2 to None, run_after=None
[2024-04-22T06:27:00.480+0000] {logging_mixin.py:137} INFO - [2024-04-22T06:27:00.480+0000] {dag.py:3437} INFO - Setting next_dagrun for dataset_consumes_1_never_scheduled to None, run_after=None
[2024-04-22T06:27:00.481+0000] {logging_mixin.py:137} INFO - [2024-04-22T06:27:00.481+0000] {dag.py:3437} INFO - Setting next_dagrun for dataset_consumes_unknown_never_scheduled to None, run_after=None
[2024-04-22T06:27:00.485+0000] {logging_mixin.py:137} INFO - [2024-04-22T06:27:00.485+0000] {dag.py:3437} INFO - Setting next_dagrun for dataset_produces_1 to 2024-04-21T00:00:00+00:00, run_after=2024-04-22T00:00:00+00:00
[2024-04-22T06:27:00.486+0000] {logging_mixin.py:137} INFO - [2024-04-22T06:27:00.486+0000] {dag.py:3437} INFO - Setting next_dagrun for dataset_produces_2 to None, run_after=None
[2024-04-22T06:27:00.549+0000] {processor.py:175} INFO - Processing /usr/local/python/3.10.13/lib/python3.10/site-packages/airflow/example_dags/example_datasets.py took 0.148 seconds
[2024-04-22T06:27:41.177+0000] {processor.py:153} INFO - Started process (PID=50368) to work on /usr/local/python/3.10.13/lib/python3.10/site-packages/airflow/example_dags/example_datasets.py
[2024-04-22T06:27:41.178+0000] {processor.py:743} INFO - Processing file /usr/local/python/3.10.13/lib/python3.10/site-packages/airflow/example_dags/example_datasets.py for tasks to queue
[2024-04-22T06:27:41.178+0000] {logging_mixin.py:137} INFO - [2024-04-22T06:27:41.178+0000] {dagbag.py:538} INFO - Filling up the DagBag from /usr/local/python/3.10.13/lib/python3.10/site-packages/airflow/example_dags/example_datasets.py
[2024-04-22T06:27:41.192+0000] {processor.py:753} INFO - DAG(s) dict_keys(['dataset_consumes_1', 'dataset_consumes_1_and_2', 'dataset_consumes_unknown_never_scheduled', 'dataset_consumes_1_never_scheduled', 'dataset_produces_2', 'dataset_produces_1']) retrieved from /usr/local/python/3.10.13/lib/python3.10/site-packages/airflow/example_dags/example_datasets.py
[2024-04-22T06:27:41.215+0000] {logging_mixin.py:137} INFO - [2024-04-22T06:27:41.215+0000] {dag.py:2690} INFO - Sync 6 DAGs
[2024-04-22T06:27:41.231+0000] {logging_mixin.py:137} INFO - [2024-04-22T06:27:41.230+0000] {dag.py:3437} INFO - Setting next_dagrun for dataset_consumes_1 to None, run_after=None
[2024-04-22T06:27:41.233+0000] {logging_mixin.py:137} INFO - [2024-04-22T06:27:41.233+0000] {dag.py:3437} INFO - Setting next_dagrun for dataset_consumes_1_and_2 to None, run_after=None
[2024-04-22T06:27:41.233+0000] {logging_mixin.py:137} INFO - [2024-04-22T06:27:41.233+0000] {dag.py:3437} INFO - Setting next_dagrun for dataset_consumes_1_never_scheduled to None, run_after=None
[2024-04-22T06:27:41.234+0000] {logging_mixin.py:137} INFO - [2024-04-22T06:27:41.234+0000] {dag.py:3437} INFO - Setting next_dagrun for dataset_consumes_unknown_never_scheduled to None, run_after=None
[2024-04-22T06:27:41.236+0000] {logging_mixin.py:137} INFO - [2024-04-22T06:27:41.236+0000] {dag.py:3437} INFO - Setting next_dagrun for dataset_produces_1 to 2024-04-21T00:00:00+00:00, run_after=2024-04-22T00:00:00+00:00
[2024-04-22T06:27:41.237+0000] {logging_mixin.py:137} INFO - [2024-04-22T06:27:41.237+0000] {dag.py:3437} INFO - Setting next_dagrun for dataset_produces_2 to None, run_after=None
[2024-04-22T06:27:41.290+0000] {processor.py:175} INFO - Processing /usr/local/python/3.10.13/lib/python3.10/site-packages/airflow/example_dags/example_datasets.py took 0.116 seconds
