[2024-04-22T06:12:54.789+0000] {processor.py:153} INFO - Started process (PID=43266) to work on /usr/local/python/3.10.13/lib/python3.10/site-packages/airflow/example_dags/example_xcom.py
[2024-04-22T06:12:54.790+0000] {processor.py:743} INFO - Processing file /usr/local/python/3.10.13/lib/python3.10/site-packages/airflow/example_dags/example_xcom.py for tasks to queue
[2024-04-22T06:12:54.790+0000] {logging_mixin.py:137} INFO - [2024-04-22T06:12:54.790+0000] {dagbag.py:538} INFO - Filling up the DagBag from /usr/local/python/3.10.13/lib/python3.10/site-packages/airflow/example_dags/example_xcom.py
[2024-04-22T06:12:54.815+0000] {processor.py:753} INFO - DAG(s) dict_keys(['example_xcom']) retrieved from /usr/local/python/3.10.13/lib/python3.10/site-packages/airflow/example_dags/example_xcom.py
[2024-04-22T06:12:54.976+0000] {logging_mixin.py:137} INFO - [2024-04-22T06:12:54.976+0000] {manager.py:504} INFO - Created Permission View: can delete on DAG:example_xcom
[2024-04-22T06:12:55.023+0000] {logging_mixin.py:137} INFO - [2024-04-22T06:12:55.023+0000] {manager.py:504} INFO - Created Permission View: can edit on DAG:example_xcom
[2024-04-22T06:12:55.061+0000] {logging_mixin.py:137} INFO - [2024-04-22T06:12:55.061+0000] {manager.py:504} INFO - Created Permission View: can read on DAG:example_xcom
[2024-04-22T06:12:55.061+0000] {logging_mixin.py:137} INFO - [2024-04-22T06:12:55.061+0000] {dag.py:2690} INFO - Sync 1 DAGs
[2024-04-22T06:12:55.070+0000] {logging_mixin.py:137} INFO - [2024-04-22T06:12:55.070+0000] {dag.py:2711} INFO - Creating ORM DAG for example_xcom
[2024-04-22T06:12:55.077+0000] {logging_mixin.py:137} INFO - [2024-04-22T06:12:55.077+0000] {dag.py:3437} INFO - Setting next_dagrun for example_xcom to 2021-01-01T00:00:00+00:00, run_after=2021-01-01T00:00:00+00:00
[2024-04-22T06:12:55.129+0000] {processor.py:175} INFO - Processing /usr/local/python/3.10.13/lib/python3.10/site-packages/airflow/example_dags/example_xcom.py took 0.342 seconds
[2024-04-22T06:13:42.221+0000] {processor.py:153} INFO - Started process (PID=43569) to work on /usr/local/python/3.10.13/lib/python3.10/site-packages/airflow/example_dags/example_xcom.py
[2024-04-22T06:13:42.222+0000] {processor.py:743} INFO - Processing file /usr/local/python/3.10.13/lib/python3.10/site-packages/airflow/example_dags/example_xcom.py for tasks to queue
[2024-04-22T06:13:42.222+0000] {logging_mixin.py:137} INFO - [2024-04-22T06:13:42.222+0000] {dagbag.py:538} INFO - Filling up the DagBag from /usr/local/python/3.10.13/lib/python3.10/site-packages/airflow/example_dags/example_xcom.py
[2024-04-22T06:13:42.244+0000] {processor.py:753} INFO - DAG(s) dict_keys(['example_xcom']) retrieved from /usr/local/python/3.10.13/lib/python3.10/site-packages/airflow/example_dags/example_xcom.py
[2024-04-22T06:13:42.258+0000] {logging_mixin.py:137} INFO - [2024-04-22T06:13:42.258+0000] {dag.py:2690} INFO - Sync 1 DAGs
[2024-04-22T06:13:42.273+0000] {logging_mixin.py:137} INFO - [2024-04-22T06:13:42.273+0000] {dag.py:3437} INFO - Setting next_dagrun for example_xcom to 2021-01-01T00:00:00+00:00, run_after=2021-01-01T00:00:00+00:00
[2024-04-22T06:13:42.324+0000] {processor.py:175} INFO - Processing /usr/local/python/3.10.13/lib/python3.10/site-packages/airflow/example_dags/example_xcom.py took 0.105 seconds
[2024-04-22T06:14:22.457+0000] {processor.py:153} INFO - Started process (PID=43846) to work on /usr/local/python/3.10.13/lib/python3.10/site-packages/airflow/example_dags/example_xcom.py
[2024-04-22T06:14:22.458+0000] {processor.py:743} INFO - Processing file /usr/local/python/3.10.13/lib/python3.10/site-packages/airflow/example_dags/example_xcom.py for tasks to queue
[2024-04-22T06:14:22.459+0000] {logging_mixin.py:137} INFO - [2024-04-22T06:14:22.458+0000] {dagbag.py:538} INFO - Filling up the DagBag from /usr/local/python/3.10.13/lib/python3.10/site-packages/airflow/example_dags/example_xcom.py
[2024-04-22T06:14:22.489+0000] {processor.py:753} INFO - DAG(s) dict_keys(['example_xcom']) retrieved from /usr/local/python/3.10.13/lib/python3.10/site-packages/airflow/example_dags/example_xcom.py
[2024-04-22T06:14:22.509+0000] {logging_mixin.py:137} INFO - [2024-04-22T06:14:22.509+0000] {dag.py:2690} INFO - Sync 1 DAGs
[2024-04-22T06:14:22.524+0000] {logging_mixin.py:137} INFO - [2024-04-22T06:14:22.524+0000] {dag.py:3437} INFO - Setting next_dagrun for example_xcom to 2021-01-01T00:00:00+00:00, run_after=2021-01-01T00:00:00+00:00
[2024-04-22T06:14:22.571+0000] {processor.py:175} INFO - Processing /usr/local/python/3.10.13/lib/python3.10/site-packages/airflow/example_dags/example_xcom.py took 0.119 seconds
[2024-04-22T06:15:01.022+0000] {processor.py:153} INFO - Started process (PID=44114) to work on /usr/local/python/3.10.13/lib/python3.10/site-packages/airflow/example_dags/example_xcom.py
[2024-04-22T06:15:01.023+0000] {processor.py:743} INFO - Processing file /usr/local/python/3.10.13/lib/python3.10/site-packages/airflow/example_dags/example_xcom.py for tasks to queue
[2024-04-22T06:15:01.023+0000] {logging_mixin.py:137} INFO - [2024-04-22T06:15:01.023+0000] {dagbag.py:538} INFO - Filling up the DagBag from /usr/local/python/3.10.13/lib/python3.10/site-packages/airflow/example_dags/example_xcom.py
[2024-04-22T06:15:01.045+0000] {processor.py:753} INFO - DAG(s) dict_keys(['example_xcom']) retrieved from /usr/local/python/3.10.13/lib/python3.10/site-packages/airflow/example_dags/example_xcom.py
[2024-04-22T06:15:01.060+0000] {logging_mixin.py:137} INFO - [2024-04-22T06:15:01.060+0000] {dag.py:2690} INFO - Sync 1 DAGs
[2024-04-22T06:15:01.075+0000] {logging_mixin.py:137} INFO - [2024-04-22T06:15:01.075+0000] {dag.py:3437} INFO - Setting next_dagrun for example_xcom to 2021-01-01T00:00:00+00:00, run_after=2021-01-01T00:00:00+00:00
[2024-04-22T06:15:01.121+0000] {processor.py:175} INFO - Processing /usr/local/python/3.10.13/lib/python3.10/site-packages/airflow/example_dags/example_xcom.py took 0.101 seconds
[2024-04-22T06:15:39.626+0000] {processor.py:153} INFO - Started process (PID=44378) to work on /usr/local/python/3.10.13/lib/python3.10/site-packages/airflow/example_dags/example_xcom.py
[2024-04-22T06:15:39.627+0000] {processor.py:743} INFO - Processing file /usr/local/python/3.10.13/lib/python3.10/site-packages/airflow/example_dags/example_xcom.py for tasks to queue
[2024-04-22T06:15:39.628+0000] {logging_mixin.py:137} INFO - [2024-04-22T06:15:39.628+0000] {dagbag.py:538} INFO - Filling up the DagBag from /usr/local/python/3.10.13/lib/python3.10/site-packages/airflow/example_dags/example_xcom.py
[2024-04-22T06:15:39.649+0000] {processor.py:753} INFO - DAG(s) dict_keys(['example_xcom']) retrieved from /usr/local/python/3.10.13/lib/python3.10/site-packages/airflow/example_dags/example_xcom.py
[2024-04-22T06:15:39.664+0000] {logging_mixin.py:137} INFO - [2024-04-22T06:15:39.664+0000] {dag.py:2690} INFO - Sync 1 DAGs
[2024-04-22T06:15:39.679+0000] {logging_mixin.py:137} INFO - [2024-04-22T06:15:39.679+0000] {dag.py:3437} INFO - Setting next_dagrun for example_xcom to 2021-01-01T00:00:00+00:00, run_after=2021-01-01T00:00:00+00:00
[2024-04-22T06:15:39.725+0000] {processor.py:175} INFO - Processing /usr/local/python/3.10.13/lib/python3.10/site-packages/airflow/example_dags/example_xcom.py took 0.101 seconds
[2024-04-22T06:16:20.915+0000] {processor.py:153} INFO - Started process (PID=44660) to work on /usr/local/python/3.10.13/lib/python3.10/site-packages/airflow/example_dags/example_xcom.py
[2024-04-22T06:16:20.916+0000] {processor.py:743} INFO - Processing file /usr/local/python/3.10.13/lib/python3.10/site-packages/airflow/example_dags/example_xcom.py for tasks to queue
[2024-04-22T06:16:20.916+0000] {logging_mixin.py:137} INFO - [2024-04-22T06:16:20.916+0000] {dagbag.py:538} INFO - Filling up the DagBag from /usr/local/python/3.10.13/lib/python3.10/site-packages/airflow/example_dags/example_xcom.py
[2024-04-22T06:16:20.938+0000] {processor.py:753} INFO - DAG(s) dict_keys(['example_xcom']) retrieved from /usr/local/python/3.10.13/lib/python3.10/site-packages/airflow/example_dags/example_xcom.py
[2024-04-22T06:16:20.952+0000] {logging_mixin.py:137} INFO - [2024-04-22T06:16:20.952+0000] {dag.py:2690} INFO - Sync 1 DAGs
[2024-04-22T06:16:20.967+0000] {logging_mixin.py:137} INFO - [2024-04-22T06:16:20.967+0000] {dag.py:3437} INFO - Setting next_dagrun for example_xcom to 2021-01-01T00:00:00+00:00, run_after=2021-01-01T00:00:00+00:00
[2024-04-22T06:16:21.015+0000] {processor.py:175} INFO - Processing /usr/local/python/3.10.13/lib/python3.10/site-packages/airflow/example_dags/example_xcom.py took 0.102 seconds
[2024-04-22T06:17:01.873+0000] {processor.py:153} INFO - Started process (PID=44934) to work on /usr/local/python/3.10.13/lib/python3.10/site-packages/airflow/example_dags/example_xcom.py
[2024-04-22T06:17:01.873+0000] {processor.py:743} INFO - Processing file /usr/local/python/3.10.13/lib/python3.10/site-packages/airflow/example_dags/example_xcom.py for tasks to queue
[2024-04-22T06:17:01.874+0000] {logging_mixin.py:137} INFO - [2024-04-22T06:17:01.874+0000] {dagbag.py:538} INFO - Filling up the DagBag from /usr/local/python/3.10.13/lib/python3.10/site-packages/airflow/example_dags/example_xcom.py
[2024-04-22T06:17:01.894+0000] {processor.py:753} INFO - DAG(s) dict_keys(['example_xcom']) retrieved from /usr/local/python/3.10.13/lib/python3.10/site-packages/airflow/example_dags/example_xcom.py
[2024-04-22T06:17:01.909+0000] {logging_mixin.py:137} INFO - [2024-04-22T06:17:01.909+0000] {dag.py:2690} INFO - Sync 1 DAGs
[2024-04-22T06:17:01.924+0000] {logging_mixin.py:137} INFO - [2024-04-22T06:17:01.924+0000] {dag.py:3437} INFO - Setting next_dagrun for example_xcom to 2021-01-01T00:00:00+00:00, run_after=2021-01-01T00:00:00+00:00
[2024-04-22T06:17:01.971+0000] {processor.py:175} INFO - Processing /usr/local/python/3.10.13/lib/python3.10/site-packages/airflow/example_dags/example_xcom.py took 0.100 seconds
[2024-04-22T06:17:35.367+0000] {processor.py:153} INFO - Started process (PID=45153) to work on /usr/local/python/3.10.13/lib/python3.10/site-packages/airflow/example_dags/example_xcom.py
[2024-04-22T06:17:35.368+0000] {processor.py:743} INFO - Processing file /usr/local/python/3.10.13/lib/python3.10/site-packages/airflow/example_dags/example_xcom.py for tasks to queue
[2024-04-22T06:17:35.369+0000] {logging_mixin.py:137} INFO - [2024-04-22T06:17:35.369+0000] {dagbag.py:538} INFO - Filling up the DagBag from /usr/local/python/3.10.13/lib/python3.10/site-packages/airflow/example_dags/example_xcom.py
[2024-04-22T06:17:35.398+0000] {processor.py:753} INFO - DAG(s) dict_keys(['example_xcom']) retrieved from /usr/local/python/3.10.13/lib/python3.10/site-packages/airflow/example_dags/example_xcom.py
[2024-04-22T06:17:35.421+0000] {logging_mixin.py:137} INFO - [2024-04-22T06:17:35.421+0000] {dag.py:2690} INFO - Sync 1 DAGs
[2024-04-22T06:17:35.444+0000] {logging_mixin.py:137} INFO - [2024-04-22T06:17:35.443+0000] {dag.py:3437} INFO - Setting next_dagrun for example_xcom to 2021-01-01T00:00:00+00:00, run_after=2021-01-01T00:00:00+00:00
[2024-04-22T06:17:35.493+0000] {processor.py:175} INFO - Processing /usr/local/python/3.10.13/lib/python3.10/site-packages/airflow/example_dags/example_xcom.py took 0.129 seconds
[2024-04-22T06:18:14.998+0000] {processor.py:153} INFO - Started process (PID=45497) to work on /usr/local/python/3.10.13/lib/python3.10/site-packages/airflow/example_dags/example_xcom.py
[2024-04-22T06:18:14.999+0000] {processor.py:743} INFO - Processing file /usr/local/python/3.10.13/lib/python3.10/site-packages/airflow/example_dags/example_xcom.py for tasks to queue
[2024-04-22T06:18:14.999+0000] {logging_mixin.py:137} INFO - [2024-04-22T06:18:14.999+0000] {dagbag.py:538} INFO - Filling up the DagBag from /usr/local/python/3.10.13/lib/python3.10/site-packages/airflow/example_dags/example_xcom.py
[2024-04-22T06:18:15.026+0000] {processor.py:753} INFO - DAG(s) dict_keys(['example_xcom']) retrieved from /usr/local/python/3.10.13/lib/python3.10/site-packages/airflow/example_dags/example_xcom.py
[2024-04-22T06:18:15.042+0000] {logging_mixin.py:137} INFO - [2024-04-22T06:18:15.041+0000] {dag.py:2690} INFO - Sync 1 DAGs
[2024-04-22T06:18:15.056+0000] {logging_mixin.py:137} INFO - [2024-04-22T06:18:15.056+0000] {dag.py:3437} INFO - Setting next_dagrun for example_xcom to 2021-01-01T00:00:00+00:00, run_after=2021-01-01T00:00:00+00:00
[2024-04-22T06:18:15.104+0000] {processor.py:175} INFO - Processing /usr/local/python/3.10.13/lib/python3.10/site-packages/airflow/example_dags/example_xcom.py took 0.108 seconds
[2024-04-22T06:18:56.813+0000] {processor.py:153} INFO - Started process (PID=45776) to work on /usr/local/python/3.10.13/lib/python3.10/site-packages/airflow/example_dags/example_xcom.py
[2024-04-22T06:18:56.813+0000] {processor.py:743} INFO - Processing file /usr/local/python/3.10.13/lib/python3.10/site-packages/airflow/example_dags/example_xcom.py for tasks to queue
[2024-04-22T06:18:56.814+0000] {logging_mixin.py:137} INFO - [2024-04-22T06:18:56.814+0000] {dagbag.py:538} INFO - Filling up the DagBag from /usr/local/python/3.10.13/lib/python3.10/site-packages/airflow/example_dags/example_xcom.py
[2024-04-22T06:18:56.835+0000] {processor.py:753} INFO - DAG(s) dict_keys(['example_xcom']) retrieved from /usr/local/python/3.10.13/lib/python3.10/site-packages/airflow/example_dags/example_xcom.py
[2024-04-22T06:18:56.849+0000] {logging_mixin.py:137} INFO - [2024-04-22T06:18:56.849+0000] {dag.py:2690} INFO - Sync 1 DAGs
[2024-04-22T06:18:56.864+0000] {logging_mixin.py:137} INFO - [2024-04-22T06:18:56.864+0000] {dag.py:3437} INFO - Setting next_dagrun for example_xcom to 2021-01-01T00:00:00+00:00, run_after=2021-01-01T00:00:00+00:00
[2024-04-22T06:18:56.911+0000] {processor.py:175} INFO - Processing /usr/local/python/3.10.13/lib/python3.10/site-packages/airflow/example_dags/example_xcom.py took 0.101 seconds
[2024-04-22T06:19:37.512+0000] {processor.py:153} INFO - Started process (PID=46053) to work on /usr/local/python/3.10.13/lib/python3.10/site-packages/airflow/example_dags/example_xcom.py
[2024-04-22T06:19:37.513+0000] {processor.py:743} INFO - Processing file /usr/local/python/3.10.13/lib/python3.10/site-packages/airflow/example_dags/example_xcom.py for tasks to queue
[2024-04-22T06:19:37.513+0000] {logging_mixin.py:137} INFO - [2024-04-22T06:19:37.513+0000] {dagbag.py:538} INFO - Filling up the DagBag from /usr/local/python/3.10.13/lib/python3.10/site-packages/airflow/example_dags/example_xcom.py
[2024-04-22T06:19:37.534+0000] {processor.py:753} INFO - DAG(s) dict_keys(['example_xcom']) retrieved from /usr/local/python/3.10.13/lib/python3.10/site-packages/airflow/example_dags/example_xcom.py
[2024-04-22T06:19:37.548+0000] {logging_mixin.py:137} INFO - [2024-04-22T06:19:37.548+0000] {dag.py:2690} INFO - Sync 1 DAGs
[2024-04-22T06:19:37.563+0000] {logging_mixin.py:137} INFO - [2024-04-22T06:19:37.563+0000] {dag.py:3437} INFO - Setting next_dagrun for example_xcom to 2021-01-01T00:00:00+00:00, run_after=2021-01-01T00:00:00+00:00
[2024-04-22T06:19:37.701+0000] {processor.py:175} INFO - Processing /usr/local/python/3.10.13/lib/python3.10/site-packages/airflow/example_dags/example_xcom.py took 0.191 seconds
[2024-04-22T06:20:10.374+0000] {processor.py:153} INFO - Started process (PID=46294) to work on /usr/local/python/3.10.13/lib/python3.10/site-packages/airflow/example_dags/example_xcom.py
[2024-04-22T06:20:10.375+0000] {processor.py:743} INFO - Processing file /usr/local/python/3.10.13/lib/python3.10/site-packages/airflow/example_dags/example_xcom.py for tasks to queue
[2024-04-22T06:20:10.375+0000] {logging_mixin.py:137} INFO - [2024-04-22T06:20:10.375+0000] {dagbag.py:538} INFO - Filling up the DagBag from /usr/local/python/3.10.13/lib/python3.10/site-packages/airflow/example_dags/example_xcom.py
[2024-04-22T06:20:10.396+0000] {processor.py:753} INFO - DAG(s) dict_keys(['example_xcom']) retrieved from /usr/local/python/3.10.13/lib/python3.10/site-packages/airflow/example_dags/example_xcom.py
[2024-04-22T06:20:10.410+0000] {logging_mixin.py:137} INFO - [2024-04-22T06:20:10.410+0000] {dag.py:2690} INFO - Sync 1 DAGs
[2024-04-22T06:20:10.426+0000] {logging_mixin.py:137} INFO - [2024-04-22T06:20:10.425+0000] {dag.py:3437} INFO - Setting next_dagrun for example_xcom to 2021-01-01T00:00:00+00:00, run_after=2021-01-01T00:00:00+00:00
[2024-04-22T06:20:10.605+0000] {processor.py:175} INFO - Processing /usr/local/python/3.10.13/lib/python3.10/site-packages/airflow/example_dags/example_xcom.py took 0.233 seconds
[2024-04-22T06:20:48.992+0000] {processor.py:153} INFO - Started process (PID=46542) to work on /usr/local/python/3.10.13/lib/python3.10/site-packages/airflow/example_dags/example_xcom.py
[2024-04-22T06:20:48.993+0000] {processor.py:743} INFO - Processing file /usr/local/python/3.10.13/lib/python3.10/site-packages/airflow/example_dags/example_xcom.py for tasks to queue
[2024-04-22T06:20:48.993+0000] {logging_mixin.py:137} INFO - [2024-04-22T06:20:48.993+0000] {dagbag.py:538} INFO - Filling up the DagBag from /usr/local/python/3.10.13/lib/python3.10/site-packages/airflow/example_dags/example_xcom.py
[2024-04-22T06:20:49.014+0000] {processor.py:753} INFO - DAG(s) dict_keys(['example_xcom']) retrieved from /usr/local/python/3.10.13/lib/python3.10/site-packages/airflow/example_dags/example_xcom.py
[2024-04-22T06:20:49.035+0000] {logging_mixin.py:137} INFO - [2024-04-22T06:20:49.035+0000] {dag.py:2690} INFO - Sync 1 DAGs
[2024-04-22T06:20:49.177+0000] {logging_mixin.py:137} INFO - [2024-04-22T06:20:49.177+0000] {dag.py:3437} INFO - Setting next_dagrun for example_xcom to 2021-01-01T00:00:00+00:00, run_after=2021-01-01T00:00:00+00:00
[2024-04-22T06:20:49.237+0000] {processor.py:175} INFO - Processing /usr/local/python/3.10.13/lib/python3.10/site-packages/airflow/example_dags/example_xcom.py took 0.247 seconds
[2024-04-22T06:21:32.816+0000] {processor.py:153} INFO - Started process (PID=46850) to work on /usr/local/python/3.10.13/lib/python3.10/site-packages/airflow/example_dags/example_xcom.py
[2024-04-22T06:21:32.817+0000] {processor.py:743} INFO - Processing file /usr/local/python/3.10.13/lib/python3.10/site-packages/airflow/example_dags/example_xcom.py for tasks to queue
[2024-04-22T06:21:32.817+0000] {logging_mixin.py:137} INFO - [2024-04-22T06:21:32.817+0000] {dagbag.py:538} INFO - Filling up the DagBag from /usr/local/python/3.10.13/lib/python3.10/site-packages/airflow/example_dags/example_xcom.py
[2024-04-22T06:21:32.839+0000] {processor.py:753} INFO - DAG(s) dict_keys(['example_xcom']) retrieved from /usr/local/python/3.10.13/lib/python3.10/site-packages/airflow/example_dags/example_xcom.py
[2024-04-22T06:21:32.853+0000] {logging_mixin.py:137} INFO - [2024-04-22T06:21:32.853+0000] {dag.py:2690} INFO - Sync 1 DAGs
[2024-04-22T06:21:32.955+0000] {logging_mixin.py:137} INFO - [2024-04-22T06:21:32.955+0000] {dag.py:3437} INFO - Setting next_dagrun for example_xcom to 2021-01-01T00:00:00+00:00, run_after=2021-01-01T00:00:00+00:00
[2024-04-22T06:21:33.002+0000] {processor.py:175} INFO - Processing /usr/local/python/3.10.13/lib/python3.10/site-packages/airflow/example_dags/example_xcom.py took 0.188 seconds
[2024-04-22T06:22:13.392+0000] {processor.py:153} INFO - Started process (PID=47152) to work on /usr/local/python/3.10.13/lib/python3.10/site-packages/airflow/example_dags/example_xcom.py
[2024-04-22T06:22:13.393+0000] {processor.py:743} INFO - Processing file /usr/local/python/3.10.13/lib/python3.10/site-packages/airflow/example_dags/example_xcom.py for tasks to queue
[2024-04-22T06:22:13.394+0000] {logging_mixin.py:137} INFO - [2024-04-22T06:22:13.393+0000] {dagbag.py:538} INFO - Filling up the DagBag from /usr/local/python/3.10.13/lib/python3.10/site-packages/airflow/example_dags/example_xcom.py
[2024-04-22T06:22:13.421+0000] {processor.py:753} INFO - DAG(s) dict_keys(['example_xcom']) retrieved from /usr/local/python/3.10.13/lib/python3.10/site-packages/airflow/example_dags/example_xcom.py
[2024-04-22T06:22:13.547+0000] {logging_mixin.py:137} INFO - [2024-04-22T06:22:13.547+0000] {dag.py:2690} INFO - Sync 1 DAGs
[2024-04-22T06:22:13.561+0000] {logging_mixin.py:137} INFO - [2024-04-22T06:22:13.561+0000] {dag.py:3437} INFO - Setting next_dagrun for example_xcom to 2021-01-01T00:00:00+00:00, run_after=2021-01-01T00:00:00+00:00
[2024-04-22T06:22:13.616+0000] {processor.py:175} INFO - Processing /usr/local/python/3.10.13/lib/python3.10/site-packages/airflow/example_dags/example_xcom.py took 0.226 seconds
[2024-04-22T06:22:53.127+0000] {processor.py:153} INFO - Started process (PID=47494) to work on /usr/local/python/3.10.13/lib/python3.10/site-packages/airflow/example_dags/example_xcom.py
[2024-04-22T06:22:53.129+0000] {processor.py:743} INFO - Processing file /usr/local/python/3.10.13/lib/python3.10/site-packages/airflow/example_dags/example_xcom.py for tasks to queue
[2024-04-22T06:22:53.129+0000] {logging_mixin.py:137} INFO - [2024-04-22T06:22:53.129+0000] {dagbag.py:538} INFO - Filling up the DagBag from /usr/local/python/3.10.13/lib/python3.10/site-packages/airflow/example_dags/example_xcom.py
[2024-04-22T06:22:53.166+0000] {processor.py:753} INFO - DAG(s) dict_keys(['example_xcom']) retrieved from /usr/local/python/3.10.13/lib/python3.10/site-packages/airflow/example_dags/example_xcom.py
[2024-04-22T06:22:53.290+0000] {logging_mixin.py:137} INFO - [2024-04-22T06:22:53.290+0000] {dag.py:2690} INFO - Sync 1 DAGs
[2024-04-22T06:22:53.305+0000] {logging_mixin.py:137} INFO - [2024-04-22T06:22:53.305+0000] {dag.py:3437} INFO - Setting next_dagrun for example_xcom to 2021-01-01T00:00:00+00:00, run_after=2021-01-01T00:00:00+00:00
[2024-04-22T06:22:53.351+0000] {processor.py:175} INFO - Processing /usr/local/python/3.10.13/lib/python3.10/site-packages/airflow/example_dags/example_xcom.py took 0.227 seconds
[2024-04-22T06:23:37.447+0000] {processor.py:153} INFO - Started process (PID=47906) to work on /usr/local/python/3.10.13/lib/python3.10/site-packages/airflow/example_dags/example_xcom.py
[2024-04-22T06:23:37.451+0000] {processor.py:743} INFO - Processing file /usr/local/python/3.10.13/lib/python3.10/site-packages/airflow/example_dags/example_xcom.py for tasks to queue
[2024-04-22T06:23:37.452+0000] {logging_mixin.py:137} INFO - [2024-04-22T06:23:37.452+0000] {dagbag.py:538} INFO - Filling up the DagBag from /usr/local/python/3.10.13/lib/python3.10/site-packages/airflow/example_dags/example_xcom.py
[2024-04-22T06:23:37.585+0000] {processor.py:753} INFO - DAG(s) dict_keys(['example_xcom']) retrieved from /usr/local/python/3.10.13/lib/python3.10/site-packages/airflow/example_dags/example_xcom.py
[2024-04-22T06:23:37.604+0000] {logging_mixin.py:137} INFO - [2024-04-22T06:23:37.603+0000] {dag.py:2690} INFO - Sync 1 DAGs
[2024-04-22T06:23:37.625+0000] {logging_mixin.py:137} INFO - [2024-04-22T06:23:37.624+0000] {dag.py:3437} INFO - Setting next_dagrun for example_xcom to 2021-01-01T00:00:00+00:00, run_after=2021-01-01T00:00:00+00:00
[2024-04-22T06:23:37.674+0000] {processor.py:175} INFO - Processing /usr/local/python/3.10.13/lib/python3.10/site-packages/airflow/example_dags/example_xcom.py took 0.230 seconds
[2024-04-22T06:24:20.109+0000] {processor.py:153} INFO - Started process (PID=48388) to work on /usr/local/python/3.10.13/lib/python3.10/site-packages/airflow/example_dags/example_xcom.py
[2024-04-22T06:24:20.109+0000] {processor.py:743} INFO - Processing file /usr/local/python/3.10.13/lib/python3.10/site-packages/airflow/example_dags/example_xcom.py for tasks to queue
[2024-04-22T06:24:20.110+0000] {logging_mixin.py:137} INFO - [2024-04-22T06:24:20.110+0000] {dagbag.py:538} INFO - Filling up the DagBag from /usr/local/python/3.10.13/lib/python3.10/site-packages/airflow/example_dags/example_xcom.py
[2024-04-22T06:24:20.223+0000] {processor.py:753} INFO - DAG(s) dict_keys(['example_xcom']) retrieved from /usr/local/python/3.10.13/lib/python3.10/site-packages/airflow/example_dags/example_xcom.py
[2024-04-22T06:24:20.236+0000] {logging_mixin.py:137} INFO - [2024-04-22T06:24:20.236+0000] {dag.py:2690} INFO - Sync 1 DAGs
[2024-04-22T06:24:20.249+0000] {logging_mixin.py:137} INFO - [2024-04-22T06:24:20.249+0000] {dag.py:3437} INFO - Setting next_dagrun for example_xcom to 2021-01-01T00:00:00+00:00, run_after=2021-01-01T00:00:00+00:00
[2024-04-22T06:24:20.299+0000] {processor.py:175} INFO - Processing /usr/local/python/3.10.13/lib/python3.10/site-packages/airflow/example_dags/example_xcom.py took 0.192 seconds
[2024-04-22T06:25:01.924+0000] {processor.py:153} INFO - Started process (PID=48853) to work on /usr/local/python/3.10.13/lib/python3.10/site-packages/airflow/example_dags/example_xcom.py
[2024-04-22T06:25:01.925+0000] {processor.py:743} INFO - Processing file /usr/local/python/3.10.13/lib/python3.10/site-packages/airflow/example_dags/example_xcom.py for tasks to queue
[2024-04-22T06:25:01.925+0000] {logging_mixin.py:137} INFO - [2024-04-22T06:25:01.925+0000] {dagbag.py:538} INFO - Filling up the DagBag from /usr/local/python/3.10.13/lib/python3.10/site-packages/airflow/example_dags/example_xcom.py
[2024-04-22T06:25:02.054+0000] {processor.py:753} INFO - DAG(s) dict_keys(['example_xcom']) retrieved from /usr/local/python/3.10.13/lib/python3.10/site-packages/airflow/example_dags/example_xcom.py
[2024-04-22T06:25:02.073+0000] {logging_mixin.py:137} INFO - [2024-04-22T06:25:02.073+0000] {dag.py:2690} INFO - Sync 1 DAGs
[2024-04-22T06:25:02.095+0000] {logging_mixin.py:137} INFO - [2024-04-22T06:25:02.095+0000] {dag.py:3437} INFO - Setting next_dagrun for example_xcom to 2021-01-01T00:00:00+00:00, run_after=2021-01-01T00:00:00+00:00
[2024-04-22T06:25:02.151+0000] {processor.py:175} INFO - Processing /usr/local/python/3.10.13/lib/python3.10/site-packages/airflow/example_dags/example_xcom.py took 0.230 seconds
[2024-04-22T06:25:43.074+0000] {processor.py:153} INFO - Started process (PID=49275) to work on /usr/local/python/3.10.13/lib/python3.10/site-packages/airflow/example_dags/example_xcom.py
[2024-04-22T06:25:43.075+0000] {processor.py:743} INFO - Processing file /usr/local/python/3.10.13/lib/python3.10/site-packages/airflow/example_dags/example_xcom.py for tasks to queue
[2024-04-22T06:25:43.075+0000] {logging_mixin.py:137} INFO - [2024-04-22T06:25:43.075+0000] {dagbag.py:538} INFO - Filling up the DagBag from /usr/local/python/3.10.13/lib/python3.10/site-packages/airflow/example_dags/example_xcom.py
[2024-04-22T06:25:43.096+0000] {processor.py:753} INFO - DAG(s) dict_keys(['example_xcom']) retrieved from /usr/local/python/3.10.13/lib/python3.10/site-packages/airflow/example_dags/example_xcom.py
[2024-04-22T06:25:43.112+0000] {logging_mixin.py:137} INFO - [2024-04-22T06:25:43.112+0000] {dag.py:2690} INFO - Sync 1 DAGs
[2024-04-22T06:25:43.128+0000] {logging_mixin.py:137} INFO - [2024-04-22T06:25:43.128+0000] {dag.py:3437} INFO - Setting next_dagrun for example_xcom to 2021-01-01T00:00:00+00:00, run_after=2021-01-01T00:00:00+00:00
[2024-04-22T06:25:43.175+0000] {processor.py:175} INFO - Processing /usr/local/python/3.10.13/lib/python3.10/site-packages/airflow/example_dags/example_xcom.py took 0.103 seconds
[2024-04-22T06:26:21.177+0000] {processor.py:153} INFO - Started process (PID=49619) to work on /usr/local/python/3.10.13/lib/python3.10/site-packages/airflow/example_dags/example_xcom.py
[2024-04-22T06:26:21.178+0000] {processor.py:743} INFO - Processing file /usr/local/python/3.10.13/lib/python3.10/site-packages/airflow/example_dags/example_xcom.py for tasks to queue
[2024-04-22T06:26:21.178+0000] {logging_mixin.py:137} INFO - [2024-04-22T06:26:21.178+0000] {dagbag.py:538} INFO - Filling up the DagBag from /usr/local/python/3.10.13/lib/python3.10/site-packages/airflow/example_dags/example_xcom.py
[2024-04-22T06:26:21.202+0000] {processor.py:753} INFO - DAG(s) dict_keys(['example_xcom']) retrieved from /usr/local/python/3.10.13/lib/python3.10/site-packages/airflow/example_dags/example_xcom.py
[2024-04-22T06:26:21.218+0000] {logging_mixin.py:137} INFO - [2024-04-22T06:26:21.218+0000] {dag.py:2690} INFO - Sync 1 DAGs
[2024-04-22T06:26:21.232+0000] {logging_mixin.py:137} INFO - [2024-04-22T06:26:21.232+0000] {dag.py:3437} INFO - Setting next_dagrun for example_xcom to 2021-01-01T00:00:00+00:00, run_after=2021-01-01T00:00:00+00:00
[2024-04-22T06:26:21.277+0000] {processor.py:175} INFO - Processing /usr/local/python/3.10.13/lib/python3.10/site-packages/airflow/example_dags/example_xcom.py took 0.102 seconds
[2024-04-22T06:26:52.718+0000] {processor.py:153} INFO - Started process (PID=49929) to work on /usr/local/python/3.10.13/lib/python3.10/site-packages/airflow/example_dags/example_xcom.py
[2024-04-22T06:26:52.719+0000] {processor.py:743} INFO - Processing file /usr/local/python/3.10.13/lib/python3.10/site-packages/airflow/example_dags/example_xcom.py for tasks to queue
[2024-04-22T06:26:52.719+0000] {logging_mixin.py:137} INFO - [2024-04-22T06:26:52.719+0000] {dagbag.py:538} INFO - Filling up the DagBag from /usr/local/python/3.10.13/lib/python3.10/site-packages/airflow/example_dags/example_xcom.py
[2024-04-22T06:26:52.744+0000] {processor.py:753} INFO - DAG(s) dict_keys(['example_xcom']) retrieved from /usr/local/python/3.10.13/lib/python3.10/site-packages/airflow/example_dags/example_xcom.py
[2024-04-22T06:26:52.761+0000] {logging_mixin.py:137} INFO - [2024-04-22T06:26:52.761+0000] {dag.py:2690} INFO - Sync 1 DAGs
[2024-04-22T06:26:52.775+0000] {logging_mixin.py:137} INFO - [2024-04-22T06:26:52.775+0000] {dag.py:3437} INFO - Setting next_dagrun for example_xcom to 2021-01-01T00:00:00+00:00, run_after=2021-01-01T00:00:00+00:00
[2024-04-22T06:26:52.820+0000] {processor.py:175} INFO - Processing /usr/local/python/3.10.13/lib/python3.10/site-packages/airflow/example_dags/example_xcom.py took 0.104 seconds
[2024-04-22T06:27:25.328+0000] {processor.py:153} INFO - Started process (PID=50224) to work on /usr/local/python/3.10.13/lib/python3.10/site-packages/airflow/example_dags/example_xcom.py
[2024-04-22T06:27:25.329+0000] {processor.py:743} INFO - Processing file /usr/local/python/3.10.13/lib/python3.10/site-packages/airflow/example_dags/example_xcom.py for tasks to queue
[2024-04-22T06:27:25.329+0000] {logging_mixin.py:137} INFO - [2024-04-22T06:27:25.329+0000] {dagbag.py:538} INFO - Filling up the DagBag from /usr/local/python/3.10.13/lib/python3.10/site-packages/airflow/example_dags/example_xcom.py
[2024-04-22T06:27:25.350+0000] {processor.py:753} INFO - DAG(s) dict_keys(['example_xcom']) retrieved from /usr/local/python/3.10.13/lib/python3.10/site-packages/airflow/example_dags/example_xcom.py
[2024-04-22T06:27:25.364+0000] {logging_mixin.py:137} INFO - [2024-04-22T06:27:25.364+0000] {dag.py:2690} INFO - Sync 1 DAGs
[2024-04-22T06:27:25.379+0000] {logging_mixin.py:137} INFO - [2024-04-22T06:27:25.379+0000] {dag.py:3437} INFO - Setting next_dagrun for example_xcom to 2021-01-01T00:00:00+00:00, run_after=2021-01-01T00:00:00+00:00
[2024-04-22T06:27:25.427+0000] {processor.py:175} INFO - Processing /usr/local/python/3.10.13/lib/python3.10/site-packages/airflow/example_dags/example_xcom.py took 0.101 seconds
