[2024-04-22T06:12:49.006+0000] {processor.py:153} INFO - Started process (PID=43207) to work on /usr/local/python/3.10.13/lib/python3.10/site-packages/airflow/example_dags/tutorial_dag.py
[2024-04-22T06:12:49.007+0000] {processor.py:743} INFO - Processing file /usr/local/python/3.10.13/lib/python3.10/site-packages/airflow/example_dags/tutorial_dag.py for tasks to queue
[2024-04-22T06:12:49.007+0000] {logging_mixin.py:137} INFO - [2024-04-22T06:12:49.007+0000] {dagbag.py:538} INFO - Filling up the DagBag from /usr/local/python/3.10.13/lib/python3.10/site-packages/airflow/example_dags/tutorial_dag.py
[2024-04-22T06:12:49.019+0000] {processor.py:753} INFO - DAG(s) dict_keys(['tutorial_dag']) retrieved from /usr/local/python/3.10.13/lib/python3.10/site-packages/airflow/example_dags/tutorial_dag.py
[2024-04-22T06:12:49.181+0000] {logging_mixin.py:137} INFO - [2024-04-22T06:12:49.181+0000] {manager.py:504} INFO - Created Permission View: can delete on DAG:tutorial_dag
[2024-04-22T06:12:49.219+0000] {logging_mixin.py:137} INFO - [2024-04-22T06:12:49.219+0000] {manager.py:504} INFO - Created Permission View: can edit on DAG:tutorial_dag
[2024-04-22T06:12:49.255+0000] {logging_mixin.py:137} INFO - [2024-04-22T06:12:49.255+0000] {manager.py:504} INFO - Created Permission View: can read on DAG:tutorial_dag
[2024-04-22T06:12:49.256+0000] {logging_mixin.py:137} INFO - [2024-04-22T06:12:49.255+0000] {dag.py:2690} INFO - Sync 1 DAGs
[2024-04-22T06:12:49.267+0000] {logging_mixin.py:137} INFO - [2024-04-22T06:12:49.267+0000] {dag.py:2711} INFO - Creating ORM DAG for tutorial_dag
[2024-04-22T06:12:49.273+0000] {logging_mixin.py:137} INFO - [2024-04-22T06:12:49.273+0000] {dag.py:3437} INFO - Setting next_dagrun for tutorial_dag to None, run_after=None
[2024-04-22T06:12:49.326+0000] {processor.py:175} INFO - Processing /usr/local/python/3.10.13/lib/python3.10/site-packages/airflow/example_dags/tutorial_dag.py took 0.322 seconds
[2024-04-22T06:13:36.941+0000] {processor.py:153} INFO - Started process (PID=43546) to work on /usr/local/python/3.10.13/lib/python3.10/site-packages/airflow/example_dags/tutorial_dag.py
[2024-04-22T06:13:36.942+0000] {processor.py:743} INFO - Processing file /usr/local/python/3.10.13/lib/python3.10/site-packages/airflow/example_dags/tutorial_dag.py for tasks to queue
[2024-04-22T06:13:36.942+0000] {logging_mixin.py:137} INFO - [2024-04-22T06:13:36.942+0000] {dagbag.py:538} INFO - Filling up the DagBag from /usr/local/python/3.10.13/lib/python3.10/site-packages/airflow/example_dags/tutorial_dag.py
[2024-04-22T06:13:36.958+0000] {processor.py:753} INFO - DAG(s) dict_keys(['tutorial_dag']) retrieved from /usr/local/python/3.10.13/lib/python3.10/site-packages/airflow/example_dags/tutorial_dag.py
[2024-04-22T06:13:36.978+0000] {logging_mixin.py:137} INFO - [2024-04-22T06:13:36.978+0000] {dag.py:2690} INFO - Sync 1 DAGs
[2024-04-22T06:13:36.999+0000] {logging_mixin.py:137} INFO - [2024-04-22T06:13:36.999+0000] {dag.py:3437} INFO - Setting next_dagrun for tutorial_dag to None, run_after=None
[2024-04-22T06:13:37.062+0000] {processor.py:175} INFO - Processing /usr/local/python/3.10.13/lib/python3.10/site-packages/airflow/example_dags/tutorial_dag.py took 0.124 seconds
[2024-04-22T06:14:18.436+0000] {processor.py:153} INFO - Started process (PID=43826) to work on /usr/local/python/3.10.13/lib/python3.10/site-packages/airflow/example_dags/tutorial_dag.py
[2024-04-22T06:14:18.436+0000] {processor.py:743} INFO - Processing file /usr/local/python/3.10.13/lib/python3.10/site-packages/airflow/example_dags/tutorial_dag.py for tasks to queue
[2024-04-22T06:14:18.437+0000] {logging_mixin.py:137} INFO - [2024-04-22T06:14:18.437+0000] {dagbag.py:538} INFO - Filling up the DagBag from /usr/local/python/3.10.13/lib/python3.10/site-packages/airflow/example_dags/tutorial_dag.py
[2024-04-22T06:14:18.454+0000] {processor.py:753} INFO - DAG(s) dict_keys(['tutorial_dag']) retrieved from /usr/local/python/3.10.13/lib/python3.10/site-packages/airflow/example_dags/tutorial_dag.py
[2024-04-22T06:14:18.479+0000] {logging_mixin.py:137} INFO - [2024-04-22T06:14:18.479+0000] {dag.py:2690} INFO - Sync 1 DAGs
[2024-04-22T06:14:18.497+0000] {logging_mixin.py:137} INFO - [2024-04-22T06:14:18.497+0000] {dag.py:3437} INFO - Setting next_dagrun for tutorial_dag to None, run_after=None
[2024-04-22T06:14:18.542+0000] {processor.py:175} INFO - Processing /usr/local/python/3.10.13/lib/python3.10/site-packages/airflow/example_dags/tutorial_dag.py took 0.109 seconds
[2024-04-22T06:14:49.014+0000] {processor.py:153} INFO - Started process (PID=44034) to work on /usr/local/python/3.10.13/lib/python3.10/site-packages/airflow/example_dags/tutorial_dag.py
[2024-04-22T06:14:49.014+0000] {processor.py:743} INFO - Processing file /usr/local/python/3.10.13/lib/python3.10/site-packages/airflow/example_dags/tutorial_dag.py for tasks to queue
[2024-04-22T06:14:49.015+0000] {logging_mixin.py:137} INFO - [2024-04-22T06:14:49.015+0000] {dagbag.py:538} INFO - Filling up the DagBag from /usr/local/python/3.10.13/lib/python3.10/site-packages/airflow/example_dags/tutorial_dag.py
[2024-04-22T06:14:49.027+0000] {processor.py:753} INFO - DAG(s) dict_keys(['tutorial_dag']) retrieved from /usr/local/python/3.10.13/lib/python3.10/site-packages/airflow/example_dags/tutorial_dag.py
[2024-04-22T06:14:49.042+0000] {logging_mixin.py:137} INFO - [2024-04-22T06:14:49.042+0000] {dag.py:2690} INFO - Sync 1 DAGs
[2024-04-22T06:14:49.056+0000] {logging_mixin.py:137} INFO - [2024-04-22T06:14:49.056+0000] {dag.py:3437} INFO - Setting next_dagrun for tutorial_dag to None, run_after=None
[2024-04-22T06:14:49.105+0000] {processor.py:175} INFO - Processing /usr/local/python/3.10.13/lib/python3.10/site-packages/airflow/example_dags/tutorial_dag.py took 0.093 seconds
[2024-04-22T06:15:25.343+0000] {processor.py:153} INFO - Started process (PID=44286) to work on /usr/local/python/3.10.13/lib/python3.10/site-packages/airflow/example_dags/tutorial_dag.py
[2024-04-22T06:15:25.343+0000] {processor.py:743} INFO - Processing file /usr/local/python/3.10.13/lib/python3.10/site-packages/airflow/example_dags/tutorial_dag.py for tasks to queue
[2024-04-22T06:15:25.344+0000] {logging_mixin.py:137} INFO - [2024-04-22T06:15:25.344+0000] {dagbag.py:538} INFO - Filling up the DagBag from /usr/local/python/3.10.13/lib/python3.10/site-packages/airflow/example_dags/tutorial_dag.py
[2024-04-22T06:15:25.357+0000] {processor.py:753} INFO - DAG(s) dict_keys(['tutorial_dag']) retrieved from /usr/local/python/3.10.13/lib/python3.10/site-packages/airflow/example_dags/tutorial_dag.py
[2024-04-22T06:15:25.371+0000] {logging_mixin.py:137} INFO - [2024-04-22T06:15:25.371+0000] {dag.py:2690} INFO - Sync 1 DAGs
[2024-04-22T06:15:25.386+0000] {logging_mixin.py:137} INFO - [2024-04-22T06:15:25.386+0000] {dag.py:3437} INFO - Setting next_dagrun for tutorial_dag to None, run_after=None
[2024-04-22T06:15:25.432+0000] {processor.py:175} INFO - Processing /usr/local/python/3.10.13/lib/python3.10/site-packages/airflow/example_dags/tutorial_dag.py took 0.092 seconds
[2024-04-22T06:15:58.123+0000] {processor.py:153} INFO - Started process (PID=44504) to work on /usr/local/python/3.10.13/lib/python3.10/site-packages/airflow/example_dags/tutorial_dag.py
[2024-04-22T06:15:58.124+0000] {processor.py:743} INFO - Processing file /usr/local/python/3.10.13/lib/python3.10/site-packages/airflow/example_dags/tutorial_dag.py for tasks to queue
[2024-04-22T06:15:58.124+0000] {logging_mixin.py:137} INFO - [2024-04-22T06:15:58.124+0000] {dagbag.py:538} INFO - Filling up the DagBag from /usr/local/python/3.10.13/lib/python3.10/site-packages/airflow/example_dags/tutorial_dag.py
[2024-04-22T06:15:58.136+0000] {processor.py:753} INFO - DAG(s) dict_keys(['tutorial_dag']) retrieved from /usr/local/python/3.10.13/lib/python3.10/site-packages/airflow/example_dags/tutorial_dag.py
[2024-04-22T06:15:58.150+0000] {logging_mixin.py:137} INFO - [2024-04-22T06:15:58.150+0000] {dag.py:2690} INFO - Sync 1 DAGs
[2024-04-22T06:15:58.165+0000] {logging_mixin.py:137} INFO - [2024-04-22T06:15:58.165+0000] {dag.py:3437} INFO - Setting next_dagrun for tutorial_dag to None, run_after=None
[2024-04-22T06:15:58.210+0000] {processor.py:175} INFO - Processing /usr/local/python/3.10.13/lib/python3.10/site-packages/airflow/example_dags/tutorial_dag.py took 0.089 seconds
[2024-04-22T06:16:30.495+0000] {processor.py:153} INFO - Started process (PID=44719) to work on /usr/local/python/3.10.13/lib/python3.10/site-packages/airflow/example_dags/tutorial_dag.py
[2024-04-22T06:16:30.496+0000] {processor.py:743} INFO - Processing file /usr/local/python/3.10.13/lib/python3.10/site-packages/airflow/example_dags/tutorial_dag.py for tasks to queue
[2024-04-22T06:16:30.496+0000] {logging_mixin.py:137} INFO - [2024-04-22T06:16:30.496+0000] {dagbag.py:538} INFO - Filling up the DagBag from /usr/local/python/3.10.13/lib/python3.10/site-packages/airflow/example_dags/tutorial_dag.py
[2024-04-22T06:16:30.508+0000] {processor.py:753} INFO - DAG(s) dict_keys(['tutorial_dag']) retrieved from /usr/local/python/3.10.13/lib/python3.10/site-packages/airflow/example_dags/tutorial_dag.py
[2024-04-22T06:16:30.523+0000] {logging_mixin.py:137} INFO - [2024-04-22T06:16:30.523+0000] {dag.py:2690} INFO - Sync 1 DAGs
[2024-04-22T06:16:30.538+0000] {logging_mixin.py:137} INFO - [2024-04-22T06:16:30.538+0000] {dag.py:3437} INFO - Setting next_dagrun for tutorial_dag to None, run_after=None
[2024-04-22T06:16:30.589+0000] {processor.py:175} INFO - Processing /usr/local/python/3.10.13/lib/python3.10/site-packages/airflow/example_dags/tutorial_dag.py took 0.096 seconds
[2024-04-22T06:17:00.686+0000] {processor.py:153} INFO - Started process (PID=44933) to work on /usr/local/python/3.10.13/lib/python3.10/site-packages/airflow/example_dags/tutorial_dag.py
[2024-04-22T06:17:00.686+0000] {processor.py:743} INFO - Processing file /usr/local/python/3.10.13/lib/python3.10/site-packages/airflow/example_dags/tutorial_dag.py for tasks to queue
[2024-04-22T06:17:00.687+0000] {logging_mixin.py:137} INFO - [2024-04-22T06:17:00.687+0000] {dagbag.py:538} INFO - Filling up the DagBag from /usr/local/python/3.10.13/lib/python3.10/site-packages/airflow/example_dags/tutorial_dag.py
[2024-04-22T06:17:00.697+0000] {processor.py:753} INFO - DAG(s) dict_keys(['tutorial_dag']) retrieved from /usr/local/python/3.10.13/lib/python3.10/site-packages/airflow/example_dags/tutorial_dag.py
[2024-04-22T06:17:00.712+0000] {logging_mixin.py:137} INFO - [2024-04-22T06:17:00.712+0000] {dag.py:2690} INFO - Sync 1 DAGs
[2024-04-22T06:17:00.728+0000] {logging_mixin.py:137} INFO - [2024-04-22T06:17:00.728+0000] {dag.py:3437} INFO - Setting next_dagrun for tutorial_dag to None, run_after=None
[2024-04-22T06:17:00.775+0000] {processor.py:175} INFO - Processing /usr/local/python/3.10.13/lib/python3.10/site-packages/airflow/example_dags/tutorial_dag.py took 0.091 seconds
[2024-04-22T06:17:32.142+0000] {processor.py:153} INFO - Started process (PID=45144) to work on /usr/local/python/3.10.13/lib/python3.10/site-packages/airflow/example_dags/tutorial_dag.py
[2024-04-22T06:17:32.143+0000] {processor.py:743} INFO - Processing file /usr/local/python/3.10.13/lib/python3.10/site-packages/airflow/example_dags/tutorial_dag.py for tasks to queue
[2024-04-22T06:17:32.143+0000] {logging_mixin.py:137} INFO - [2024-04-22T06:17:32.143+0000] {dagbag.py:538} INFO - Filling up the DagBag from /usr/local/python/3.10.13/lib/python3.10/site-packages/airflow/example_dags/tutorial_dag.py
[2024-04-22T06:17:32.155+0000] {processor.py:753} INFO - DAG(s) dict_keys(['tutorial_dag']) retrieved from /usr/local/python/3.10.13/lib/python3.10/site-packages/airflow/example_dags/tutorial_dag.py
[2024-04-22T06:17:32.169+0000] {logging_mixin.py:137} INFO - [2024-04-22T06:17:32.169+0000] {dag.py:2690} INFO - Sync 1 DAGs
[2024-04-22T06:17:32.184+0000] {logging_mixin.py:137} INFO - [2024-04-22T06:17:32.184+0000] {dag.py:3437} INFO - Setting next_dagrun for tutorial_dag to None, run_after=None
[2024-04-22T06:17:32.230+0000] {processor.py:175} INFO - Processing /usr/local/python/3.10.13/lib/python3.10/site-packages/airflow/example_dags/tutorial_dag.py took 0.090 seconds
[2024-04-22T06:18:03.029+0000] {processor.py:153} INFO - Started process (PID=45412) to work on /usr/local/python/3.10.13/lib/python3.10/site-packages/airflow/example_dags/tutorial_dag.py
[2024-04-22T06:18:03.029+0000] {processor.py:743} INFO - Processing file /usr/local/python/3.10.13/lib/python3.10/site-packages/airflow/example_dags/tutorial_dag.py for tasks to queue
[2024-04-22T06:18:03.030+0000] {logging_mixin.py:137} INFO - [2024-04-22T06:18:03.030+0000] {dagbag.py:538} INFO - Filling up the DagBag from /usr/local/python/3.10.13/lib/python3.10/site-packages/airflow/example_dags/tutorial_dag.py
[2024-04-22T06:18:03.040+0000] {processor.py:753} INFO - DAG(s) dict_keys(['tutorial_dag']) retrieved from /usr/local/python/3.10.13/lib/python3.10/site-packages/airflow/example_dags/tutorial_dag.py
[2024-04-22T06:18:03.055+0000] {logging_mixin.py:137} INFO - [2024-04-22T06:18:03.055+0000] {dag.py:2690} INFO - Sync 1 DAGs
[2024-04-22T06:18:03.069+0000] {logging_mixin.py:137} INFO - [2024-04-22T06:18:03.069+0000] {dag.py:3437} INFO - Setting next_dagrun for tutorial_dag to None, run_after=None
[2024-04-22T06:18:03.115+0000] {processor.py:175} INFO - Processing /usr/local/python/3.10.13/lib/python3.10/site-packages/airflow/example_dags/tutorial_dag.py took 0.089 seconds
[2024-04-22T06:18:34.732+0000] {processor.py:153} INFO - Started process (PID=45628) to work on /usr/local/python/3.10.13/lib/python3.10/site-packages/airflow/example_dags/tutorial_dag.py
[2024-04-22T06:18:34.733+0000] {processor.py:743} INFO - Processing file /usr/local/python/3.10.13/lib/python3.10/site-packages/airflow/example_dags/tutorial_dag.py for tasks to queue
[2024-04-22T06:18:34.733+0000] {logging_mixin.py:137} INFO - [2024-04-22T06:18:34.733+0000] {dagbag.py:538} INFO - Filling up the DagBag from /usr/local/python/3.10.13/lib/python3.10/site-packages/airflow/example_dags/tutorial_dag.py
[2024-04-22T06:18:34.745+0000] {processor.py:753} INFO - DAG(s) dict_keys(['tutorial_dag']) retrieved from /usr/local/python/3.10.13/lib/python3.10/site-packages/airflow/example_dags/tutorial_dag.py
[2024-04-22T06:18:34.760+0000] {logging_mixin.py:137} INFO - [2024-04-22T06:18:34.760+0000] {dag.py:2690} INFO - Sync 1 DAGs
[2024-04-22T06:18:34.774+0000] {logging_mixin.py:137} INFO - [2024-04-22T06:18:34.774+0000] {dag.py:3437} INFO - Setting next_dagrun for tutorial_dag to None, run_after=None
[2024-04-22T06:18:34.819+0000] {processor.py:175} INFO - Processing /usr/local/python/3.10.13/lib/python3.10/site-packages/airflow/example_dags/tutorial_dag.py took 0.089 seconds
[2024-04-22T06:19:05.981+0000] {processor.py:153} INFO - Started process (PID=45840) to work on /usr/local/python/3.10.13/lib/python3.10/site-packages/airflow/example_dags/tutorial_dag.py
[2024-04-22T06:19:05.982+0000] {processor.py:743} INFO - Processing file /usr/local/python/3.10.13/lib/python3.10/site-packages/airflow/example_dags/tutorial_dag.py for tasks to queue
[2024-04-22T06:19:05.983+0000] {logging_mixin.py:137} INFO - [2024-04-22T06:19:05.983+0000] {dagbag.py:538} INFO - Filling up the DagBag from /usr/local/python/3.10.13/lib/python3.10/site-packages/airflow/example_dags/tutorial_dag.py
[2024-04-22T06:19:05.994+0000] {processor.py:753} INFO - DAG(s) dict_keys(['tutorial_dag']) retrieved from /usr/local/python/3.10.13/lib/python3.10/site-packages/airflow/example_dags/tutorial_dag.py
[2024-04-22T06:19:06.009+0000] {logging_mixin.py:137} INFO - [2024-04-22T06:19:06.009+0000] {dag.py:2690} INFO - Sync 1 DAGs
[2024-04-22T06:19:06.023+0000] {logging_mixin.py:137} INFO - [2024-04-22T06:19:06.023+0000] {dag.py:3437} INFO - Setting next_dagrun for tutorial_dag to None, run_after=None
[2024-04-22T06:19:06.070+0000] {processor.py:175} INFO - Processing /usr/local/python/3.10.13/lib/python3.10/site-packages/airflow/example_dags/tutorial_dag.py took 0.091 seconds
[2024-04-22T06:19:36.508+0000] {processor.py:153} INFO - Started process (PID=46052) to work on /usr/local/python/3.10.13/lib/python3.10/site-packages/airflow/example_dags/tutorial_dag.py
[2024-04-22T06:19:36.508+0000] {processor.py:743} INFO - Processing file /usr/local/python/3.10.13/lib/python3.10/site-packages/airflow/example_dags/tutorial_dag.py for tasks to queue
[2024-04-22T06:19:36.509+0000] {logging_mixin.py:137} INFO - [2024-04-22T06:19:36.509+0000] {dagbag.py:538} INFO - Filling up the DagBag from /usr/local/python/3.10.13/lib/python3.10/site-packages/airflow/example_dags/tutorial_dag.py
[2024-04-22T06:19:36.520+0000] {processor.py:753} INFO - DAG(s) dict_keys(['tutorial_dag']) retrieved from /usr/local/python/3.10.13/lib/python3.10/site-packages/airflow/example_dags/tutorial_dag.py
[2024-04-22T06:19:36.535+0000] {logging_mixin.py:137} INFO - [2024-04-22T06:19:36.534+0000] {dag.py:2690} INFO - Sync 1 DAGs
[2024-04-22T06:19:36.549+0000] {logging_mixin.py:137} INFO - [2024-04-22T06:19:36.549+0000] {dag.py:3437} INFO - Setting next_dagrun for tutorial_dag to None, run_after=None
[2024-04-22T06:19:36.600+0000] {processor.py:175} INFO - Processing /usr/local/python/3.10.13/lib/python3.10/site-packages/airflow/example_dags/tutorial_dag.py took 0.094 seconds
[2024-04-22T06:20:08.644+0000] {processor.py:153} INFO - Started process (PID=46268) to work on /usr/local/python/3.10.13/lib/python3.10/site-packages/airflow/example_dags/tutorial_dag.py
[2024-04-22T06:20:08.645+0000] {processor.py:743} INFO - Processing file /usr/local/python/3.10.13/lib/python3.10/site-packages/airflow/example_dags/tutorial_dag.py for tasks to queue
[2024-04-22T06:20:08.646+0000] {logging_mixin.py:137} INFO - [2024-04-22T06:20:08.646+0000] {dagbag.py:538} INFO - Filling up the DagBag from /usr/local/python/3.10.13/lib/python3.10/site-packages/airflow/example_dags/tutorial_dag.py
[2024-04-22T06:20:08.657+0000] {processor.py:753} INFO - DAG(s) dict_keys(['tutorial_dag']) retrieved from /usr/local/python/3.10.13/lib/python3.10/site-packages/airflow/example_dags/tutorial_dag.py
[2024-04-22T06:20:08.672+0000] {logging_mixin.py:137} INFO - [2024-04-22T06:20:08.672+0000] {dag.py:2690} INFO - Sync 1 DAGs
[2024-04-22T06:20:08.686+0000] {logging_mixin.py:137} INFO - [2024-04-22T06:20:08.686+0000] {dag.py:3437} INFO - Setting next_dagrun for tutorial_dag to None, run_after=None
[2024-04-22T06:20:08.731+0000] {processor.py:175} INFO - Processing /usr/local/python/3.10.13/lib/python3.10/site-packages/airflow/example_dags/tutorial_dag.py took 0.089 seconds
[2024-04-22T06:20:46.576+0000] {processor.py:153} INFO - Started process (PID=46534) to work on /usr/local/python/3.10.13/lib/python3.10/site-packages/airflow/example_dags/tutorial_dag.py
[2024-04-22T06:20:46.576+0000] {processor.py:743} INFO - Processing file /usr/local/python/3.10.13/lib/python3.10/site-packages/airflow/example_dags/tutorial_dag.py for tasks to queue
[2024-04-22T06:20:46.577+0000] {logging_mixin.py:137} INFO - [2024-04-22T06:20:46.577+0000] {dagbag.py:538} INFO - Filling up the DagBag from /usr/local/python/3.10.13/lib/python3.10/site-packages/airflow/example_dags/tutorial_dag.py
[2024-04-22T06:20:46.588+0000] {processor.py:753} INFO - DAG(s) dict_keys(['tutorial_dag']) retrieved from /usr/local/python/3.10.13/lib/python3.10/site-packages/airflow/example_dags/tutorial_dag.py
[2024-04-22T06:20:46.603+0000] {logging_mixin.py:137} INFO - [2024-04-22T06:20:46.603+0000] {dag.py:2690} INFO - Sync 1 DAGs
[2024-04-22T06:20:46.620+0000] {logging_mixin.py:137} INFO - [2024-04-22T06:20:46.620+0000] {dag.py:3437} INFO - Setting next_dagrun for tutorial_dag to None, run_after=None
[2024-04-22T06:20:46.762+0000] {processor.py:175} INFO - Processing /usr/local/python/3.10.13/lib/python3.10/site-packages/airflow/example_dags/tutorial_dag.py took 0.188 seconds
[2024-04-22T06:21:17.505+0000] {processor.py:153} INFO - Started process (PID=46733) to work on /usr/local/python/3.10.13/lib/python3.10/site-packages/airflow/example_dags/tutorial_dag.py
[2024-04-22T06:21:17.508+0000] {processor.py:743} INFO - Processing file /usr/local/python/3.10.13/lib/python3.10/site-packages/airflow/example_dags/tutorial_dag.py for tasks to queue
[2024-04-22T06:21:17.508+0000] {logging_mixin.py:137} INFO - [2024-04-22T06:21:17.508+0000] {dagbag.py:538} INFO - Filling up the DagBag from /usr/local/python/3.10.13/lib/python3.10/site-packages/airflow/example_dags/tutorial_dag.py
[2024-04-22T06:21:17.525+0000] {processor.py:753} INFO - DAG(s) dict_keys(['tutorial_dag']) retrieved from /usr/local/python/3.10.13/lib/python3.10/site-packages/airflow/example_dags/tutorial_dag.py
[2024-04-22T06:21:17.546+0000] {logging_mixin.py:137} INFO - [2024-04-22T06:21:17.546+0000] {dag.py:2690} INFO - Sync 1 DAGs
[2024-04-22T06:21:17.567+0000] {logging_mixin.py:137} INFO - [2024-04-22T06:21:17.567+0000] {dag.py:3437} INFO - Setting next_dagrun for tutorial_dag to None, run_after=None
[2024-04-22T06:21:17.705+0000] {processor.py:175} INFO - Processing /usr/local/python/3.10.13/lib/python3.10/site-packages/airflow/example_dags/tutorial_dag.py took 0.203 seconds
[2024-04-22T06:22:00.447+0000] {processor.py:153} INFO - Started process (PID=47023) to work on /usr/local/python/3.10.13/lib/python3.10/site-packages/airflow/example_dags/tutorial_dag.py
[2024-04-22T06:22:00.447+0000] {processor.py:743} INFO - Processing file /usr/local/python/3.10.13/lib/python3.10/site-packages/airflow/example_dags/tutorial_dag.py for tasks to queue
[2024-04-22T06:22:00.448+0000] {logging_mixin.py:137} INFO - [2024-04-22T06:22:00.448+0000] {dagbag.py:538} INFO - Filling up the DagBag from /usr/local/python/3.10.13/lib/python3.10/site-packages/airflow/example_dags/tutorial_dag.py
[2024-04-22T06:22:00.459+0000] {processor.py:753} INFO - DAG(s) dict_keys(['tutorial_dag']) retrieved from /usr/local/python/3.10.13/lib/python3.10/site-packages/airflow/example_dags/tutorial_dag.py
[2024-04-22T06:22:00.474+0000] {logging_mixin.py:137} INFO - [2024-04-22T06:22:00.474+0000] {dag.py:2690} INFO - Sync 1 DAGs
[2024-04-22T06:22:00.576+0000] {logging_mixin.py:137} INFO - [2024-04-22T06:22:00.575+0000] {dag.py:3437} INFO - Setting next_dagrun for tutorial_dag to None, run_after=None
[2024-04-22T06:22:00.623+0000] {processor.py:175} INFO - Processing /usr/local/python/3.10.13/lib/python3.10/site-packages/airflow/example_dags/tutorial_dag.py took 0.179 seconds
[2024-04-22T06:22:38.219+0000] {processor.py:153} INFO - Started process (PID=47368) to work on /usr/local/python/3.10.13/lib/python3.10/site-packages/airflow/example_dags/tutorial_dag.py
[2024-04-22T06:22:38.220+0000] {processor.py:743} INFO - Processing file /usr/local/python/3.10.13/lib/python3.10/site-packages/airflow/example_dags/tutorial_dag.py for tasks to queue
[2024-04-22T06:22:38.220+0000] {logging_mixin.py:137} INFO - [2024-04-22T06:22:38.220+0000] {dagbag.py:538} INFO - Filling up the DagBag from /usr/local/python/3.10.13/lib/python3.10/site-packages/airflow/example_dags/tutorial_dag.py
[2024-04-22T06:22:38.231+0000] {processor.py:753} INFO - DAG(s) dict_keys(['tutorial_dag']) retrieved from /usr/local/python/3.10.13/lib/python3.10/site-packages/airflow/example_dags/tutorial_dag.py
[2024-04-22T06:22:38.246+0000] {logging_mixin.py:137} INFO - [2024-04-22T06:22:38.246+0000] {dag.py:2690} INFO - Sync 1 DAGs
[2024-04-22T06:22:38.347+0000] {logging_mixin.py:137} INFO - [2024-04-22T06:22:38.347+0000] {dag.py:3437} INFO - Setting next_dagrun for tutorial_dag to None, run_after=None
[2024-04-22T06:22:38.396+0000] {processor.py:175} INFO - Processing /usr/local/python/3.10.13/lib/python3.10/site-packages/airflow/example_dags/tutorial_dag.py took 0.180 seconds
[2024-04-22T06:23:21.484+0000] {processor.py:153} INFO - Started process (PID=47740) to work on /usr/local/python/3.10.13/lib/python3.10/site-packages/airflow/example_dags/tutorial_dag.py
[2024-04-22T06:23:21.484+0000] {processor.py:743} INFO - Processing file /usr/local/python/3.10.13/lib/python3.10/site-packages/airflow/example_dags/tutorial_dag.py for tasks to queue
[2024-04-22T06:23:21.485+0000] {logging_mixin.py:137} INFO - [2024-04-22T06:23:21.485+0000] {dagbag.py:538} INFO - Filling up the DagBag from /usr/local/python/3.10.13/lib/python3.10/site-packages/airflow/example_dags/tutorial_dag.py
[2024-04-22T06:23:21.496+0000] {processor.py:753} INFO - DAG(s) dict_keys(['tutorial_dag']) retrieved from /usr/local/python/3.10.13/lib/python3.10/site-packages/airflow/example_dags/tutorial_dag.py
[2024-04-22T06:23:21.597+0000] {logging_mixin.py:137} INFO - [2024-04-22T06:23:21.597+0000] {dag.py:2690} INFO - Sync 1 DAGs
[2024-04-22T06:23:21.610+0000] {logging_mixin.py:137} INFO - [2024-04-22T06:23:21.610+0000] {dag.py:3437} INFO - Setting next_dagrun for tutorial_dag to None, run_after=None
[2024-04-22T06:23:21.656+0000] {processor.py:175} INFO - Processing /usr/local/python/3.10.13/lib/python3.10/site-packages/airflow/example_dags/tutorial_dag.py took 0.175 seconds
[2024-04-22T06:24:03.739+0000] {processor.py:153} INFO - Started process (PID=48199) to work on /usr/local/python/3.10.13/lib/python3.10/site-packages/airflow/example_dags/tutorial_dag.py
[2024-04-22T06:24:03.739+0000] {processor.py:743} INFO - Processing file /usr/local/python/3.10.13/lib/python3.10/site-packages/airflow/example_dags/tutorial_dag.py for tasks to queue
[2024-04-22T06:24:03.740+0000] {logging_mixin.py:137} INFO - [2024-04-22T06:24:03.740+0000] {dagbag.py:538} INFO - Filling up the DagBag from /usr/local/python/3.10.13/lib/python3.10/site-packages/airflow/example_dags/tutorial_dag.py
[2024-04-22T06:24:03.751+0000] {processor.py:753} INFO - DAG(s) dict_keys(['tutorial_dag']) retrieved from /usr/local/python/3.10.13/lib/python3.10/site-packages/airflow/example_dags/tutorial_dag.py
[2024-04-22T06:24:03.863+0000] {logging_mixin.py:137} INFO - [2024-04-22T06:24:03.863+0000] {dag.py:2690} INFO - Sync 1 DAGs
[2024-04-22T06:24:03.877+0000] {logging_mixin.py:137} INFO - [2024-04-22T06:24:03.877+0000] {dag.py:3437} INFO - Setting next_dagrun for tutorial_dag to None, run_after=None
[2024-04-22T06:24:03.924+0000] {processor.py:175} INFO - Processing /usr/local/python/3.10.13/lib/python3.10/site-packages/airflow/example_dags/tutorial_dag.py took 0.188 seconds
[2024-04-22T06:24:46.587+0000] {processor.py:153} INFO - Started process (PID=48698) to work on /usr/local/python/3.10.13/lib/python3.10/site-packages/airflow/example_dags/tutorial_dag.py
[2024-04-22T06:24:46.588+0000] {processor.py:743} INFO - Processing file /usr/local/python/3.10.13/lib/python3.10/site-packages/airflow/example_dags/tutorial_dag.py for tasks to queue
[2024-04-22T06:24:46.589+0000] {logging_mixin.py:137} INFO - [2024-04-22T06:24:46.589+0000] {dagbag.py:538} INFO - Filling up the DagBag from /usr/local/python/3.10.13/lib/python3.10/site-packages/airflow/example_dags/tutorial_dag.py
[2024-04-22T06:24:46.699+0000] {processor.py:753} INFO - DAG(s) dict_keys(['tutorial_dag']) retrieved from /usr/local/python/3.10.13/lib/python3.10/site-packages/airflow/example_dags/tutorial_dag.py
[2024-04-22T06:24:46.712+0000] {logging_mixin.py:137} INFO - [2024-04-22T06:24:46.711+0000] {dag.py:2690} INFO - Sync 1 DAGs
[2024-04-22T06:24:46.725+0000] {logging_mixin.py:137} INFO - [2024-04-22T06:24:46.725+0000] {dag.py:3437} INFO - Setting next_dagrun for tutorial_dag to None, run_after=None
[2024-04-22T06:24:46.775+0000] {processor.py:175} INFO - Processing /usr/local/python/3.10.13/lib/python3.10/site-packages/airflow/example_dags/tutorial_dag.py took 0.190 seconds
[2024-04-22T06:25:28.867+0000] {processor.py:153} INFO - Started process (PID=49134) to work on /usr/local/python/3.10.13/lib/python3.10/site-packages/airflow/example_dags/tutorial_dag.py
[2024-04-22T06:25:28.868+0000] {processor.py:743} INFO - Processing file /usr/local/python/3.10.13/lib/python3.10/site-packages/airflow/example_dags/tutorial_dag.py for tasks to queue
[2024-04-22T06:25:28.869+0000] {logging_mixin.py:137} INFO - [2024-04-22T06:25:28.869+0000] {dagbag.py:538} INFO - Filling up the DagBag from /usr/local/python/3.10.13/lib/python3.10/site-packages/airflow/example_dags/tutorial_dag.py
[2024-04-22T06:25:28.883+0000] {processor.py:753} INFO - DAG(s) dict_keys(['tutorial_dag']) retrieved from /usr/local/python/3.10.13/lib/python3.10/site-packages/airflow/example_dags/tutorial_dag.py
[2024-04-22T06:25:28.904+0000] {logging_mixin.py:137} INFO - [2024-04-22T06:25:28.904+0000] {dag.py:2690} INFO - Sync 1 DAGs
[2024-04-22T06:25:28.922+0000] {logging_mixin.py:137} INFO - [2024-04-22T06:25:28.922+0000] {dag.py:3437} INFO - Setting next_dagrun for tutorial_dag to None, run_after=None
[2024-04-22T06:25:28.974+0000] {processor.py:175} INFO - Processing /usr/local/python/3.10.13/lib/python3.10/site-packages/airflow/example_dags/tutorial_dag.py took 0.109 seconds
[2024-04-22T06:26:02.694+0000] {processor.py:153} INFO - Started process (PID=49458) to work on /usr/local/python/3.10.13/lib/python3.10/site-packages/airflow/example_dags/tutorial_dag.py
[2024-04-22T06:26:02.695+0000] {processor.py:743} INFO - Processing file /usr/local/python/3.10.13/lib/python3.10/site-packages/airflow/example_dags/tutorial_dag.py for tasks to queue
[2024-04-22T06:26:02.695+0000] {logging_mixin.py:137} INFO - [2024-04-22T06:26:02.695+0000] {dagbag.py:538} INFO - Filling up the DagBag from /usr/local/python/3.10.13/lib/python3.10/site-packages/airflow/example_dags/tutorial_dag.py
[2024-04-22T06:26:02.708+0000] {processor.py:753} INFO - DAG(s) dict_keys(['tutorial_dag']) retrieved from /usr/local/python/3.10.13/lib/python3.10/site-packages/airflow/example_dags/tutorial_dag.py
[2024-04-22T06:26:02.723+0000] {logging_mixin.py:137} INFO - [2024-04-22T06:26:02.723+0000] {dag.py:2690} INFO - Sync 1 DAGs
[2024-04-22T06:26:02.739+0000] {logging_mixin.py:137} INFO - [2024-04-22T06:26:02.739+0000] {dag.py:3437} INFO - Setting next_dagrun for tutorial_dag to None, run_after=None
[2024-04-22T06:26:02.787+0000] {processor.py:175} INFO - Processing /usr/local/python/3.10.13/lib/python3.10/site-packages/airflow/example_dags/tutorial_dag.py took 0.095 seconds
[2024-04-22T06:26:41.982+0000] {processor.py:153} INFO - Started process (PID=49809) to work on /usr/local/python/3.10.13/lib/python3.10/site-packages/airflow/example_dags/tutorial_dag.py
[2024-04-22T06:26:41.983+0000] {processor.py:743} INFO - Processing file /usr/local/python/3.10.13/lib/python3.10/site-packages/airflow/example_dags/tutorial_dag.py for tasks to queue
[2024-04-22T06:26:41.984+0000] {logging_mixin.py:137} INFO - [2024-04-22T06:26:41.983+0000] {dagbag.py:538} INFO - Filling up the DagBag from /usr/local/python/3.10.13/lib/python3.10/site-packages/airflow/example_dags/tutorial_dag.py
[2024-04-22T06:26:41.995+0000] {processor.py:753} INFO - DAG(s) dict_keys(['tutorial_dag']) retrieved from /usr/local/python/3.10.13/lib/python3.10/site-packages/airflow/example_dags/tutorial_dag.py
[2024-04-22T06:26:42.010+0000] {logging_mixin.py:137} INFO - [2024-04-22T06:26:42.010+0000] {dag.py:2690} INFO - Sync 1 DAGs
[2024-04-22T06:26:42.025+0000] {logging_mixin.py:137} INFO - [2024-04-22T06:26:42.025+0000] {dag.py:3437} INFO - Setting next_dagrun for tutorial_dag to None, run_after=None
[2024-04-22T06:26:42.072+0000] {processor.py:175} INFO - Processing /usr/local/python/3.10.13/lib/python3.10/site-packages/airflow/example_dags/tutorial_dag.py took 0.092 seconds
[2024-04-22T06:27:13.609+0000] {processor.py:153} INFO - Started process (PID=50138) to work on /usr/local/python/3.10.13/lib/python3.10/site-packages/airflow/example_dags/tutorial_dag.py
[2024-04-22T06:27:13.609+0000] {processor.py:743} INFO - Processing file /usr/local/python/3.10.13/lib/python3.10/site-packages/airflow/example_dags/tutorial_dag.py for tasks to queue
[2024-04-22T06:27:13.610+0000] {logging_mixin.py:137} INFO - [2024-04-22T06:27:13.610+0000] {dagbag.py:538} INFO - Filling up the DagBag from /usr/local/python/3.10.13/lib/python3.10/site-packages/airflow/example_dags/tutorial_dag.py
[2024-04-22T06:27:13.621+0000] {processor.py:753} INFO - DAG(s) dict_keys(['tutorial_dag']) retrieved from /usr/local/python/3.10.13/lib/python3.10/site-packages/airflow/example_dags/tutorial_dag.py
[2024-04-22T06:27:13.638+0000] {logging_mixin.py:137} INFO - [2024-04-22T06:27:13.638+0000] {dag.py:2690} INFO - Sync 1 DAGs
[2024-04-22T06:27:13.653+0000] {logging_mixin.py:137} INFO - [2024-04-22T06:27:13.653+0000] {dag.py:3437} INFO - Setting next_dagrun for tutorial_dag to None, run_after=None
[2024-04-22T06:27:13.701+0000] {processor.py:175} INFO - Processing /usr/local/python/3.10.13/lib/python3.10/site-packages/airflow/example_dags/tutorial_dag.py took 0.095 seconds
[2024-04-22T06:27:44.788+0000] {processor.py:153} INFO - Started process (PID=50389) to work on /usr/local/python/3.10.13/lib/python3.10/site-packages/airflow/example_dags/tutorial_dag.py
[2024-04-22T06:27:44.788+0000] {processor.py:743} INFO - Processing file /usr/local/python/3.10.13/lib/python3.10/site-packages/airflow/example_dags/tutorial_dag.py for tasks to queue
[2024-04-22T06:27:44.789+0000] {logging_mixin.py:137} INFO - [2024-04-22T06:27:44.789+0000] {dagbag.py:538} INFO - Filling up the DagBag from /usr/local/python/3.10.13/lib/python3.10/site-packages/airflow/example_dags/tutorial_dag.py
[2024-04-22T06:27:44.801+0000] {processor.py:753} INFO - DAG(s) dict_keys(['tutorial_dag']) retrieved from /usr/local/python/3.10.13/lib/python3.10/site-packages/airflow/example_dags/tutorial_dag.py
[2024-04-22T06:27:44.818+0000] {logging_mixin.py:137} INFO - [2024-04-22T06:27:44.818+0000] {dag.py:2690} INFO - Sync 1 DAGs
[2024-04-22T06:27:44.833+0000] {logging_mixin.py:137} INFO - [2024-04-22T06:27:44.833+0000] {dag.py:3437} INFO - Setting next_dagrun for tutorial_dag to None, run_after=None
[2024-04-22T06:27:44.883+0000] {processor.py:175} INFO - Processing /usr/local/python/3.10.13/lib/python3.10/site-packages/airflow/example_dags/tutorial_dag.py took 0.097 seconds
