[2024-04-22T06:12:51.877+0000] {processor.py:153} INFO - Started process (PID=43225) to work on /usr/local/python/3.10.13/lib/python3.10/site-packages/airflow/example_dags/tutorial_taskflow_api_virtualenv.py
[2024-04-22T06:12:51.877+0000] {processor.py:743} INFO - Processing file /usr/local/python/3.10.13/lib/python3.10/site-packages/airflow/example_dags/tutorial_taskflow_api_virtualenv.py for tasks to queue
[2024-04-22T06:12:51.878+0000] {logging_mixin.py:137} INFO - [2024-04-22T06:12:51.878+0000] {dagbag.py:538} INFO - Filling up the DagBag from /usr/local/python/3.10.13/lib/python3.10/site-packages/airflow/example_dags/tutorial_taskflow_api_virtualenv.py
[2024-04-22T06:12:51.898+0000] {processor.py:753} INFO - DAG(s) dict_keys(['tutorial_taskflow_api_virtualenv']) retrieved from /usr/local/python/3.10.13/lib/python3.10/site-packages/airflow/example_dags/tutorial_taskflow_api_virtualenv.py
[2024-04-22T06:12:52.053+0000] {logging_mixin.py:137} INFO - [2024-04-22T06:12:52.052+0000] {manager.py:504} INFO - Created Permission View: can delete on DAG:tutorial_taskflow_api_virtualenv
[2024-04-22T06:12:52.091+0000] {logging_mixin.py:137} INFO - [2024-04-22T06:12:52.091+0000] {manager.py:504} INFO - Created Permission View: can edit on DAG:tutorial_taskflow_api_virtualenv
[2024-04-22T06:12:52.128+0000] {logging_mixin.py:137} INFO - [2024-04-22T06:12:52.128+0000] {manager.py:504} INFO - Created Permission View: can read on DAG:tutorial_taskflow_api_virtualenv
[2024-04-22T06:12:52.128+0000] {logging_mixin.py:137} INFO - [2024-04-22T06:12:52.128+0000] {dag.py:2690} INFO - Sync 1 DAGs
[2024-04-22T06:12:52.136+0000] {logging_mixin.py:137} INFO - [2024-04-22T06:12:52.136+0000] {dag.py:2711} INFO - Creating ORM DAG for tutorial_taskflow_api_virtualenv
[2024-04-22T06:12:52.143+0000] {logging_mixin.py:137} INFO - [2024-04-22T06:12:52.143+0000] {dag.py:3437} INFO - Setting next_dagrun for tutorial_taskflow_api_virtualenv to None, run_after=None
[2024-04-22T06:12:52.194+0000] {processor.py:175} INFO - Processing /usr/local/python/3.10.13/lib/python3.10/site-packages/airflow/example_dags/tutorial_taskflow_api_virtualenv.py took 0.319 seconds
[2024-04-22T06:13:39.340+0000] {processor.py:153} INFO - Started process (PID=43560) to work on /usr/local/python/3.10.13/lib/python3.10/site-packages/airflow/example_dags/tutorial_taskflow_api_virtualenv.py
[2024-04-22T06:13:39.340+0000] {processor.py:743} INFO - Processing file /usr/local/python/3.10.13/lib/python3.10/site-packages/airflow/example_dags/tutorial_taskflow_api_virtualenv.py for tasks to queue
[2024-04-22T06:13:39.341+0000] {logging_mixin.py:137} INFO - [2024-04-22T06:13:39.341+0000] {dagbag.py:538} INFO - Filling up the DagBag from /usr/local/python/3.10.13/lib/python3.10/site-packages/airflow/example_dags/tutorial_taskflow_api_virtualenv.py
[2024-04-22T06:13:39.361+0000] {processor.py:753} INFO - DAG(s) dict_keys(['tutorial_taskflow_api_virtualenv']) retrieved from /usr/local/python/3.10.13/lib/python3.10/site-packages/airflow/example_dags/tutorial_taskflow_api_virtualenv.py
[2024-04-22T06:13:39.375+0000] {logging_mixin.py:137} INFO - [2024-04-22T06:13:39.375+0000] {dag.py:2690} INFO - Sync 1 DAGs
[2024-04-22T06:13:39.392+0000] {logging_mixin.py:137} INFO - [2024-04-22T06:13:39.392+0000] {dag.py:3437} INFO - Setting next_dagrun for tutorial_taskflow_api_virtualenv to None, run_after=None
[2024-04-22T06:13:39.479+0000] {processor.py:175} INFO - Processing /usr/local/python/3.10.13/lib/python3.10/site-packages/airflow/example_dags/tutorial_taskflow_api_virtualenv.py took 0.142 seconds
[2024-04-22T06:14:19.261+0000] {processor.py:153} INFO - Started process (PID=43828) to work on /usr/local/python/3.10.13/lib/python3.10/site-packages/airflow/example_dags/tutorial_taskflow_api_virtualenv.py
[2024-04-22T06:14:19.262+0000] {processor.py:743} INFO - Processing file /usr/local/python/3.10.13/lib/python3.10/site-packages/airflow/example_dags/tutorial_taskflow_api_virtualenv.py for tasks to queue
[2024-04-22T06:14:19.263+0000] {logging_mixin.py:137} INFO - [2024-04-22T06:14:19.263+0000] {dagbag.py:538} INFO - Filling up the DagBag from /usr/local/python/3.10.13/lib/python3.10/site-packages/airflow/example_dags/tutorial_taskflow_api_virtualenv.py
[2024-04-22T06:14:19.284+0000] {processor.py:753} INFO - DAG(s) dict_keys(['tutorial_taskflow_api_virtualenv']) retrieved from /usr/local/python/3.10.13/lib/python3.10/site-packages/airflow/example_dags/tutorial_taskflow_api_virtualenv.py
[2024-04-22T06:14:19.303+0000] {logging_mixin.py:137} INFO - [2024-04-22T06:14:19.303+0000] {dag.py:2690} INFO - Sync 1 DAGs
[2024-04-22T06:14:19.326+0000] {logging_mixin.py:137} INFO - [2024-04-22T06:14:19.326+0000] {dag.py:3437} INFO - Setting next_dagrun for tutorial_taskflow_api_virtualenv to None, run_after=None
[2024-04-22T06:14:19.374+0000] {processor.py:175} INFO - Processing /usr/local/python/3.10.13/lib/python3.10/site-packages/airflow/example_dags/tutorial_taskflow_api_virtualenv.py took 0.115 seconds
[2024-04-22T06:14:59.149+0000] {processor.py:153} INFO - Started process (PID=44105) to work on /usr/local/python/3.10.13/lib/python3.10/site-packages/airflow/example_dags/tutorial_taskflow_api_virtualenv.py
[2024-04-22T06:14:59.150+0000] {processor.py:743} INFO - Processing file /usr/local/python/3.10.13/lib/python3.10/site-packages/airflow/example_dags/tutorial_taskflow_api_virtualenv.py for tasks to queue
[2024-04-22T06:14:59.150+0000] {logging_mixin.py:137} INFO - [2024-04-22T06:14:59.150+0000] {dagbag.py:538} INFO - Filling up the DagBag from /usr/local/python/3.10.13/lib/python3.10/site-packages/airflow/example_dags/tutorial_taskflow_api_virtualenv.py
[2024-04-22T06:14:59.171+0000] {processor.py:753} INFO - DAG(s) dict_keys(['tutorial_taskflow_api_virtualenv']) retrieved from /usr/local/python/3.10.13/lib/python3.10/site-packages/airflow/example_dags/tutorial_taskflow_api_virtualenv.py
[2024-04-22T06:14:59.184+0000] {logging_mixin.py:137} INFO - [2024-04-22T06:14:59.184+0000] {dag.py:2690} INFO - Sync 1 DAGs
[2024-04-22T06:14:59.199+0000] {logging_mixin.py:137} INFO - [2024-04-22T06:14:59.199+0000] {dag.py:3437} INFO - Setting next_dagrun for tutorial_taskflow_api_virtualenv to None, run_after=None
[2024-04-22T06:14:59.250+0000] {processor.py:175} INFO - Processing /usr/local/python/3.10.13/lib/python3.10/site-packages/airflow/example_dags/tutorial_taskflow_api_virtualenv.py took 0.103 seconds
[2024-04-22T06:15:36.453+0000] {processor.py:153} INFO - Started process (PID=44357) to work on /usr/local/python/3.10.13/lib/python3.10/site-packages/airflow/example_dags/tutorial_taskflow_api_virtualenv.py
[2024-04-22T06:15:36.454+0000] {processor.py:743} INFO - Processing file /usr/local/python/3.10.13/lib/python3.10/site-packages/airflow/example_dags/tutorial_taskflow_api_virtualenv.py for tasks to queue
[2024-04-22T06:15:36.455+0000] {logging_mixin.py:137} INFO - [2024-04-22T06:15:36.454+0000] {dagbag.py:538} INFO - Filling up the DagBag from /usr/local/python/3.10.13/lib/python3.10/site-packages/airflow/example_dags/tutorial_taskflow_api_virtualenv.py
[2024-04-22T06:15:36.483+0000] {processor.py:753} INFO - DAG(s) dict_keys(['tutorial_taskflow_api_virtualenv']) retrieved from /usr/local/python/3.10.13/lib/python3.10/site-packages/airflow/example_dags/tutorial_taskflow_api_virtualenv.py
[2024-04-22T06:15:36.500+0000] {logging_mixin.py:137} INFO - [2024-04-22T06:15:36.500+0000] {dag.py:2690} INFO - Sync 1 DAGs
[2024-04-22T06:15:36.515+0000] {logging_mixin.py:137} INFO - [2024-04-22T06:15:36.515+0000] {dag.py:3437} INFO - Setting next_dagrun for tutorial_taskflow_api_virtualenv to None, run_after=None
[2024-04-22T06:15:36.564+0000] {processor.py:175} INFO - Processing /usr/local/python/3.10.13/lib/python3.10/site-packages/airflow/example_dags/tutorial_taskflow_api_virtualenv.py took 0.114 seconds
[2024-04-22T06:16:09.707+0000] {processor.py:153} INFO - Started process (PID=44582) to work on /usr/local/python/3.10.13/lib/python3.10/site-packages/airflow/example_dags/tutorial_taskflow_api_virtualenv.py
[2024-04-22T06:16:09.708+0000] {processor.py:743} INFO - Processing file /usr/local/python/3.10.13/lib/python3.10/site-packages/airflow/example_dags/tutorial_taskflow_api_virtualenv.py for tasks to queue
[2024-04-22T06:16:09.709+0000] {logging_mixin.py:137} INFO - [2024-04-22T06:16:09.709+0000] {dagbag.py:538} INFO - Filling up the DagBag from /usr/local/python/3.10.13/lib/python3.10/site-packages/airflow/example_dags/tutorial_taskflow_api_virtualenv.py
[2024-04-22T06:16:09.728+0000] {processor.py:753} INFO - DAG(s) dict_keys(['tutorial_taskflow_api_virtualenv']) retrieved from /usr/local/python/3.10.13/lib/python3.10/site-packages/airflow/example_dags/tutorial_taskflow_api_virtualenv.py
[2024-04-22T06:16:09.742+0000] {logging_mixin.py:137} INFO - [2024-04-22T06:16:09.742+0000] {dag.py:2690} INFO - Sync 1 DAGs
[2024-04-22T06:16:09.757+0000] {logging_mixin.py:137} INFO - [2024-04-22T06:16:09.757+0000] {dag.py:3437} INFO - Setting next_dagrun for tutorial_taskflow_api_virtualenv to None, run_after=None
[2024-04-22T06:16:09.806+0000] {processor.py:175} INFO - Processing /usr/local/python/3.10.13/lib/python3.10/site-packages/airflow/example_dags/tutorial_taskflow_api_virtualenv.py took 0.101 seconds
[2024-04-22T06:16:42.274+0000] {processor.py:153} INFO - Started process (PID=44802) to work on /usr/local/python/3.10.13/lib/python3.10/site-packages/airflow/example_dags/tutorial_taskflow_api_virtualenv.py
[2024-04-22T06:16:42.275+0000] {processor.py:743} INFO - Processing file /usr/local/python/3.10.13/lib/python3.10/site-packages/airflow/example_dags/tutorial_taskflow_api_virtualenv.py for tasks to queue
[2024-04-22T06:16:42.275+0000] {logging_mixin.py:137} INFO - [2024-04-22T06:16:42.275+0000] {dagbag.py:538} INFO - Filling up the DagBag from /usr/local/python/3.10.13/lib/python3.10/site-packages/airflow/example_dags/tutorial_taskflow_api_virtualenv.py
[2024-04-22T06:16:42.295+0000] {processor.py:753} INFO - DAG(s) dict_keys(['tutorial_taskflow_api_virtualenv']) retrieved from /usr/local/python/3.10.13/lib/python3.10/site-packages/airflow/example_dags/tutorial_taskflow_api_virtualenv.py
[2024-04-22T06:16:42.308+0000] {logging_mixin.py:137} INFO - [2024-04-22T06:16:42.308+0000] {dag.py:2690} INFO - Sync 1 DAGs
[2024-04-22T06:16:42.324+0000] {logging_mixin.py:137} INFO - [2024-04-22T06:16:42.323+0000] {dag.py:3437} INFO - Setting next_dagrun for tutorial_taskflow_api_virtualenv to None, run_after=None
[2024-04-22T06:16:42.369+0000] {processor.py:175} INFO - Processing /usr/local/python/3.10.13/lib/python3.10/site-packages/airflow/example_dags/tutorial_taskflow_api_virtualenv.py took 0.097 seconds
[2024-04-22T06:17:22.862+0000] {processor.py:153} INFO - Started process (PID=45075) to work on /usr/local/python/3.10.13/lib/python3.10/site-packages/airflow/example_dags/tutorial_taskflow_api_virtualenv.py
[2024-04-22T06:17:22.863+0000] {processor.py:743} INFO - Processing file /usr/local/python/3.10.13/lib/python3.10/site-packages/airflow/example_dags/tutorial_taskflow_api_virtualenv.py for tasks to queue
[2024-04-22T06:17:22.863+0000] {logging_mixin.py:137} INFO - [2024-04-22T06:17:22.863+0000] {dagbag.py:538} INFO - Filling up the DagBag from /usr/local/python/3.10.13/lib/python3.10/site-packages/airflow/example_dags/tutorial_taskflow_api_virtualenv.py
[2024-04-22T06:17:22.887+0000] {processor.py:753} INFO - DAG(s) dict_keys(['tutorial_taskflow_api_virtualenv']) retrieved from /usr/local/python/3.10.13/lib/python3.10/site-packages/airflow/example_dags/tutorial_taskflow_api_virtualenv.py
[2024-04-22T06:17:22.907+0000] {logging_mixin.py:137} INFO - [2024-04-22T06:17:22.906+0000] {dag.py:2690} INFO - Sync 1 DAGs
[2024-04-22T06:17:22.930+0000] {logging_mixin.py:137} INFO - [2024-04-22T06:17:22.930+0000] {dag.py:3437} INFO - Setting next_dagrun for tutorial_taskflow_api_virtualenv to None, run_after=None
[2024-04-22T06:17:22.979+0000] {processor.py:175} INFO - Processing /usr/local/python/3.10.13/lib/python3.10/site-packages/airflow/example_dags/tutorial_taskflow_api_virtualenv.py took 0.120 seconds
[2024-04-22T06:18:03.421+0000] {processor.py:153} INFO - Started process (PID=45419) to work on /usr/local/python/3.10.13/lib/python3.10/site-packages/airflow/example_dags/tutorial_taskflow_api_virtualenv.py
[2024-04-22T06:18:03.422+0000] {processor.py:743} INFO - Processing file /usr/local/python/3.10.13/lib/python3.10/site-packages/airflow/example_dags/tutorial_taskflow_api_virtualenv.py for tasks to queue
[2024-04-22T06:18:03.422+0000] {logging_mixin.py:137} INFO - [2024-04-22T06:18:03.422+0000] {dagbag.py:538} INFO - Filling up the DagBag from /usr/local/python/3.10.13/lib/python3.10/site-packages/airflow/example_dags/tutorial_taskflow_api_virtualenv.py
[2024-04-22T06:18:03.448+0000] {processor.py:753} INFO - DAG(s) dict_keys(['tutorial_taskflow_api_virtualenv']) retrieved from /usr/local/python/3.10.13/lib/python3.10/site-packages/airflow/example_dags/tutorial_taskflow_api_virtualenv.py
[2024-04-22T06:18:03.470+0000] {logging_mixin.py:137} INFO - [2024-04-22T06:18:03.470+0000] {dag.py:2690} INFO - Sync 1 DAGs
[2024-04-22T06:18:03.490+0000] {logging_mixin.py:137} INFO - [2024-04-22T06:18:03.490+0000] {dag.py:3437} INFO - Setting next_dagrun for tutorial_taskflow_api_virtualenv to None, run_after=None
[2024-04-22T06:18:03.539+0000] {processor.py:175} INFO - Processing /usr/local/python/3.10.13/lib/python3.10/site-packages/airflow/example_dags/tutorial_taskflow_api_virtualenv.py took 0.121 seconds
[2024-04-22T06:18:35.904+0000] {processor.py:153} INFO - Started process (PID=45641) to work on /usr/local/python/3.10.13/lib/python3.10/site-packages/airflow/example_dags/tutorial_taskflow_api_virtualenv.py
[2024-04-22T06:18:35.905+0000] {processor.py:743} INFO - Processing file /usr/local/python/3.10.13/lib/python3.10/site-packages/airflow/example_dags/tutorial_taskflow_api_virtualenv.py for tasks to queue
[2024-04-22T06:18:35.905+0000] {logging_mixin.py:137} INFO - [2024-04-22T06:18:35.905+0000] {dagbag.py:538} INFO - Filling up the DagBag from /usr/local/python/3.10.13/lib/python3.10/site-packages/airflow/example_dags/tutorial_taskflow_api_virtualenv.py
[2024-04-22T06:18:35.925+0000] {processor.py:753} INFO - DAG(s) dict_keys(['tutorial_taskflow_api_virtualenv']) retrieved from /usr/local/python/3.10.13/lib/python3.10/site-packages/airflow/example_dags/tutorial_taskflow_api_virtualenv.py
[2024-04-22T06:18:35.939+0000] {logging_mixin.py:137} INFO - [2024-04-22T06:18:35.939+0000] {dag.py:2690} INFO - Sync 1 DAGs
[2024-04-22T06:18:35.953+0000] {logging_mixin.py:137} INFO - [2024-04-22T06:18:35.953+0000] {dag.py:3437} INFO - Setting next_dagrun for tutorial_taskflow_api_virtualenv to None, run_after=None
[2024-04-22T06:18:36.002+0000] {processor.py:175} INFO - Processing /usr/local/python/3.10.13/lib/python3.10/site-packages/airflow/example_dags/tutorial_taskflow_api_virtualenv.py took 0.100 seconds
[2024-04-22T06:19:16.423+0000] {processor.py:153} INFO - Started process (PID=45911) to work on /usr/local/python/3.10.13/lib/python3.10/site-packages/airflow/example_dags/tutorial_taskflow_api_virtualenv.py
[2024-04-22T06:19:16.424+0000] {processor.py:743} INFO - Processing file /usr/local/python/3.10.13/lib/python3.10/site-packages/airflow/example_dags/tutorial_taskflow_api_virtualenv.py for tasks to queue
[2024-04-22T06:19:16.424+0000] {logging_mixin.py:137} INFO - [2024-04-22T06:19:16.424+0000] {dagbag.py:538} INFO - Filling up the DagBag from /usr/local/python/3.10.13/lib/python3.10/site-packages/airflow/example_dags/tutorial_taskflow_api_virtualenv.py
[2024-04-22T06:19:16.444+0000] {processor.py:753} INFO - DAG(s) dict_keys(['tutorial_taskflow_api_virtualenv']) retrieved from /usr/local/python/3.10.13/lib/python3.10/site-packages/airflow/example_dags/tutorial_taskflow_api_virtualenv.py
[2024-04-22T06:19:16.459+0000] {logging_mixin.py:137} INFO - [2024-04-22T06:19:16.459+0000] {dag.py:2690} INFO - Sync 1 DAGs
[2024-04-22T06:19:16.476+0000] {logging_mixin.py:137} INFO - [2024-04-22T06:19:16.476+0000] {dag.py:3437} INFO - Setting next_dagrun for tutorial_taskflow_api_virtualenv to None, run_after=None
[2024-04-22T06:19:16.528+0000] {processor.py:175} INFO - Processing /usr/local/python/3.10.13/lib/python3.10/site-packages/airflow/example_dags/tutorial_taskflow_api_virtualenv.py took 0.107 seconds
[2024-04-22T06:19:46.645+0000] {processor.py:153} INFO - Started process (PID=46122) to work on /usr/local/python/3.10.13/lib/python3.10/site-packages/airflow/example_dags/tutorial_taskflow_api_virtualenv.py
[2024-04-22T06:19:46.646+0000] {processor.py:743} INFO - Processing file /usr/local/python/3.10.13/lib/python3.10/site-packages/airflow/example_dags/tutorial_taskflow_api_virtualenv.py for tasks to queue
[2024-04-22T06:19:46.646+0000] {logging_mixin.py:137} INFO - [2024-04-22T06:19:46.646+0000] {dagbag.py:538} INFO - Filling up the DagBag from /usr/local/python/3.10.13/lib/python3.10/site-packages/airflow/example_dags/tutorial_taskflow_api_virtualenv.py
[2024-04-22T06:19:46.666+0000] {processor.py:753} INFO - DAG(s) dict_keys(['tutorial_taskflow_api_virtualenv']) retrieved from /usr/local/python/3.10.13/lib/python3.10/site-packages/airflow/example_dags/tutorial_taskflow_api_virtualenv.py
[2024-04-22T06:19:46.686+0000] {logging_mixin.py:137} INFO - [2024-04-22T06:19:46.686+0000] {dag.py:2690} INFO - Sync 1 DAGs
[2024-04-22T06:19:46.708+0000] {logging_mixin.py:137} INFO - [2024-04-22T06:19:46.708+0000] {dag.py:3437} INFO - Setting next_dagrun for tutorial_taskflow_api_virtualenv to None, run_after=None
[2024-04-22T06:19:46.857+0000] {processor.py:175} INFO - Processing /usr/local/python/3.10.13/lib/python3.10/site-packages/airflow/example_dags/tutorial_taskflow_api_virtualenv.py took 0.214 seconds
[2024-04-22T06:20:20.917+0000] {processor.py:153} INFO - Started process (PID=46367) to work on /usr/local/python/3.10.13/lib/python3.10/site-packages/airflow/example_dags/tutorial_taskflow_api_virtualenv.py
[2024-04-22T06:20:20.918+0000] {processor.py:743} INFO - Processing file /usr/local/python/3.10.13/lib/python3.10/site-packages/airflow/example_dags/tutorial_taskflow_api_virtualenv.py for tasks to queue
[2024-04-22T06:20:20.918+0000] {logging_mixin.py:137} INFO - [2024-04-22T06:20:20.918+0000] {dagbag.py:538} INFO - Filling up the DagBag from /usr/local/python/3.10.13/lib/python3.10/site-packages/airflow/example_dags/tutorial_taskflow_api_virtualenv.py
[2024-04-22T06:20:20.939+0000] {processor.py:753} INFO - DAG(s) dict_keys(['tutorial_taskflow_api_virtualenv']) retrieved from /usr/local/python/3.10.13/lib/python3.10/site-packages/airflow/example_dags/tutorial_taskflow_api_virtualenv.py
[2024-04-22T06:20:20.953+0000] {logging_mixin.py:137} INFO - [2024-04-22T06:20:20.953+0000] {dag.py:2690} INFO - Sync 1 DAGs
[2024-04-22T06:20:20.969+0000] {logging_mixin.py:137} INFO - [2024-04-22T06:20:20.969+0000] {dag.py:3437} INFO - Setting next_dagrun for tutorial_taskflow_api_virtualenv to None, run_after=None
[2024-04-22T06:20:21.106+0000] {processor.py:175} INFO - Processing /usr/local/python/3.10.13/lib/python3.10/site-packages/airflow/example_dags/tutorial_taskflow_api_virtualenv.py took 0.191 seconds
[2024-04-22T06:21:01.353+0000] {processor.py:153} INFO - Started process (PID=46640) to work on /usr/local/python/3.10.13/lib/python3.10/site-packages/airflow/example_dags/tutorial_taskflow_api_virtualenv.py
[2024-04-22T06:21:01.353+0000] {processor.py:743} INFO - Processing file /usr/local/python/3.10.13/lib/python3.10/site-packages/airflow/example_dags/tutorial_taskflow_api_virtualenv.py for tasks to queue
[2024-04-22T06:21:01.354+0000] {logging_mixin.py:137} INFO - [2024-04-22T06:21:01.354+0000] {dagbag.py:538} INFO - Filling up the DagBag from /usr/local/python/3.10.13/lib/python3.10/site-packages/airflow/example_dags/tutorial_taskflow_api_virtualenv.py
[2024-04-22T06:21:01.373+0000] {processor.py:753} INFO - DAG(s) dict_keys(['tutorial_taskflow_api_virtualenv']) retrieved from /usr/local/python/3.10.13/lib/python3.10/site-packages/airflow/example_dags/tutorial_taskflow_api_virtualenv.py
[2024-04-22T06:21:01.388+0000] {logging_mixin.py:137} INFO - [2024-04-22T06:21:01.388+0000] {dag.py:2690} INFO - Sync 1 DAGs
[2024-04-22T06:21:01.490+0000] {logging_mixin.py:137} INFO - [2024-04-22T06:21:01.490+0000] {dag.py:3437} INFO - Setting next_dagrun for tutorial_taskflow_api_virtualenv to None, run_after=None
[2024-04-22T06:21:01.551+0000] {processor.py:175} INFO - Processing /usr/local/python/3.10.13/lib/python3.10/site-packages/airflow/example_dags/tutorial_taskflow_api_virtualenv.py took 0.200 seconds
[2024-04-22T06:21:48.264+0000] {processor.py:153} INFO - Started process (PID=46944) to work on /usr/local/python/3.10.13/lib/python3.10/site-packages/airflow/example_dags/tutorial_taskflow_api_virtualenv.py
[2024-04-22T06:21:48.264+0000] {processor.py:743} INFO - Processing file /usr/local/python/3.10.13/lib/python3.10/site-packages/airflow/example_dags/tutorial_taskflow_api_virtualenv.py for tasks to queue
[2024-04-22T06:21:48.265+0000] {logging_mixin.py:137} INFO - [2024-04-22T06:21:48.265+0000] {dagbag.py:538} INFO - Filling up the DagBag from /usr/local/python/3.10.13/lib/python3.10/site-packages/airflow/example_dags/tutorial_taskflow_api_virtualenv.py
[2024-04-22T06:21:48.285+0000] {processor.py:753} INFO - DAG(s) dict_keys(['tutorial_taskflow_api_virtualenv']) retrieved from /usr/local/python/3.10.13/lib/python3.10/site-packages/airflow/example_dags/tutorial_taskflow_api_virtualenv.py
[2024-04-22T06:21:48.299+0000] {logging_mixin.py:137} INFO - [2024-04-22T06:21:48.298+0000] {dag.py:2690} INFO - Sync 1 DAGs
[2024-04-22T06:21:48.403+0000] {logging_mixin.py:137} INFO - [2024-04-22T06:21:48.402+0000] {dag.py:3437} INFO - Setting next_dagrun for tutorial_taskflow_api_virtualenv to None, run_after=None
[2024-04-22T06:21:48.448+0000] {processor.py:175} INFO - Processing /usr/local/python/3.10.13/lib/python3.10/site-packages/airflow/example_dags/tutorial_taskflow_api_virtualenv.py took 0.187 seconds
[2024-04-22T06:22:25.476+0000] {processor.py:153} INFO - Started process (PID=47260) to work on /usr/local/python/3.10.13/lib/python3.10/site-packages/airflow/example_dags/tutorial_taskflow_api_virtualenv.py
[2024-04-22T06:22:25.477+0000] {processor.py:743} INFO - Processing file /usr/local/python/3.10.13/lib/python3.10/site-packages/airflow/example_dags/tutorial_taskflow_api_virtualenv.py for tasks to queue
[2024-04-22T06:22:25.478+0000] {logging_mixin.py:137} INFO - [2024-04-22T06:22:25.478+0000] {dagbag.py:538} INFO - Filling up the DagBag from /usr/local/python/3.10.13/lib/python3.10/site-packages/airflow/example_dags/tutorial_taskflow_api_virtualenv.py
[2024-04-22T06:22:25.497+0000] {processor.py:753} INFO - DAG(s) dict_keys(['tutorial_taskflow_api_virtualenv']) retrieved from /usr/local/python/3.10.13/lib/python3.10/site-packages/airflow/example_dags/tutorial_taskflow_api_virtualenv.py
[2024-04-22T06:22:25.600+0000] {logging_mixin.py:137} INFO - [2024-04-22T06:22:25.600+0000] {dag.py:2690} INFO - Sync 1 DAGs
[2024-04-22T06:22:25.613+0000] {logging_mixin.py:137} INFO - [2024-04-22T06:22:25.613+0000] {dag.py:3437} INFO - Setting next_dagrun for tutorial_taskflow_api_virtualenv to None, run_after=None
[2024-04-22T06:22:25.666+0000] {processor.py:175} INFO - Processing /usr/local/python/3.10.13/lib/python3.10/site-packages/airflow/example_dags/tutorial_taskflow_api_virtualenv.py took 0.191 seconds
[2024-04-22T06:23:07.285+0000] {processor.py:153} INFO - Started process (PID=47616) to work on /usr/local/python/3.10.13/lib/python3.10/site-packages/airflow/example_dags/tutorial_taskflow_api_virtualenv.py
[2024-04-22T06:23:07.286+0000] {processor.py:743} INFO - Processing file /usr/local/python/3.10.13/lib/python3.10/site-packages/airflow/example_dags/tutorial_taskflow_api_virtualenv.py for tasks to queue
[2024-04-22T06:23:07.286+0000] {logging_mixin.py:137} INFO - [2024-04-22T06:23:07.286+0000] {dagbag.py:538} INFO - Filling up the DagBag from /usr/local/python/3.10.13/lib/python3.10/site-packages/airflow/example_dags/tutorial_taskflow_api_virtualenv.py
[2024-04-22T06:23:07.306+0000] {processor.py:753} INFO - DAG(s) dict_keys(['tutorial_taskflow_api_virtualenv']) retrieved from /usr/local/python/3.10.13/lib/python3.10/site-packages/airflow/example_dags/tutorial_taskflow_api_virtualenv.py
[2024-04-22T06:23:07.408+0000] {logging_mixin.py:137} INFO - [2024-04-22T06:23:07.408+0000] {dag.py:2690} INFO - Sync 1 DAGs
[2024-04-22T06:23:07.422+0000] {logging_mixin.py:137} INFO - [2024-04-22T06:23:07.422+0000] {dag.py:3437} INFO - Setting next_dagrun for tutorial_taskflow_api_virtualenv to None, run_after=None
[2024-04-22T06:23:07.472+0000] {processor.py:175} INFO - Processing /usr/local/python/3.10.13/lib/python3.10/site-packages/airflow/example_dags/tutorial_taskflow_api_virtualenv.py took 0.190 seconds
[2024-04-22T06:23:51.065+0000] {processor.py:153} INFO - Started process (PID=48059) to work on /usr/local/python/3.10.13/lib/python3.10/site-packages/airflow/example_dags/tutorial_taskflow_api_virtualenv.py
[2024-04-22T06:23:51.066+0000] {processor.py:743} INFO - Processing file /usr/local/python/3.10.13/lib/python3.10/site-packages/airflow/example_dags/tutorial_taskflow_api_virtualenv.py for tasks to queue
[2024-04-22T06:23:51.066+0000] {logging_mixin.py:137} INFO - [2024-04-22T06:23:51.066+0000] {dagbag.py:538} INFO - Filling up the DagBag from /usr/local/python/3.10.13/lib/python3.10/site-packages/airflow/example_dags/tutorial_taskflow_api_virtualenv.py
[2024-04-22T06:23:51.226+0000] {processor.py:753} INFO - DAG(s) dict_keys(['tutorial_taskflow_api_virtualenv']) retrieved from /usr/local/python/3.10.13/lib/python3.10/site-packages/airflow/example_dags/tutorial_taskflow_api_virtualenv.py
[2024-04-22T06:23:51.242+0000] {logging_mixin.py:137} INFO - [2024-04-22T06:23:51.242+0000] {dag.py:2690} INFO - Sync 1 DAGs
[2024-04-22T06:23:51.261+0000] {logging_mixin.py:137} INFO - [2024-04-22T06:23:51.261+0000] {dag.py:3437} INFO - Setting next_dagrun for tutorial_taskflow_api_virtualenv to None, run_after=None
[2024-04-22T06:23:51.318+0000] {processor.py:175} INFO - Processing /usr/local/python/3.10.13/lib/python3.10/site-packages/airflow/example_dags/tutorial_taskflow_api_virtualenv.py took 0.255 seconds
[2024-04-22T06:24:33.115+0000] {processor.py:153} INFO - Started process (PID=48510) to work on /usr/local/python/3.10.13/lib/python3.10/site-packages/airflow/example_dags/tutorial_taskflow_api_virtualenv.py
[2024-04-22T06:24:33.115+0000] {processor.py:743} INFO - Processing file /usr/local/python/3.10.13/lib/python3.10/site-packages/airflow/example_dags/tutorial_taskflow_api_virtualenv.py for tasks to queue
[2024-04-22T06:24:33.116+0000] {logging_mixin.py:137} INFO - [2024-04-22T06:24:33.116+0000] {dagbag.py:538} INFO - Filling up the DagBag from /usr/local/python/3.10.13/lib/python3.10/site-packages/airflow/example_dags/tutorial_taskflow_api_virtualenv.py
[2024-04-22T06:24:33.230+0000] {processor.py:753} INFO - DAG(s) dict_keys(['tutorial_taskflow_api_virtualenv']) retrieved from /usr/local/python/3.10.13/lib/python3.10/site-packages/airflow/example_dags/tutorial_taskflow_api_virtualenv.py
[2024-04-22T06:24:33.242+0000] {logging_mixin.py:137} INFO - [2024-04-22T06:24:33.241+0000] {dag.py:2690} INFO - Sync 1 DAGs
[2024-04-22T06:24:33.263+0000] {logging_mixin.py:137} INFO - [2024-04-22T06:24:33.263+0000] {dag.py:3437} INFO - Setting next_dagrun for tutorial_taskflow_api_virtualenv to None, run_after=None
[2024-04-22T06:24:33.316+0000] {processor.py:175} INFO - Processing /usr/local/python/3.10.13/lib/python3.10/site-packages/airflow/example_dags/tutorial_taskflow_api_virtualenv.py took 0.204 seconds
[2024-04-22T06:25:15.819+0000] {processor.py:153} INFO - Started process (PID=48992) to work on /usr/local/python/3.10.13/lib/python3.10/site-packages/airflow/example_dags/tutorial_taskflow_api_virtualenv.py
[2024-04-22T06:25:15.819+0000] {processor.py:743} INFO - Processing file /usr/local/python/3.10.13/lib/python3.10/site-packages/airflow/example_dags/tutorial_taskflow_api_virtualenv.py for tasks to queue
[2024-04-22T06:25:15.820+0000] {logging_mixin.py:137} INFO - [2024-04-22T06:25:15.820+0000] {dagbag.py:538} INFO - Filling up the DagBag from /usr/local/python/3.10.13/lib/python3.10/site-packages/airflow/example_dags/tutorial_taskflow_api_virtualenv.py
[2024-04-22T06:25:15.840+0000] {processor.py:753} INFO - DAG(s) dict_keys(['tutorial_taskflow_api_virtualenv']) retrieved from /usr/local/python/3.10.13/lib/python3.10/site-packages/airflow/example_dags/tutorial_taskflow_api_virtualenv.py
[2024-04-22T06:25:15.854+0000] {logging_mixin.py:137} INFO - [2024-04-22T06:25:15.854+0000] {dag.py:2690} INFO - Sync 1 DAGs
[2024-04-22T06:25:15.870+0000] {logging_mixin.py:137} INFO - [2024-04-22T06:25:15.870+0000] {dag.py:3437} INFO - Setting next_dagrun for tutorial_taskflow_api_virtualenv to None, run_after=None
[2024-04-22T06:25:15.918+0000] {processor.py:175} INFO - Processing /usr/local/python/3.10.13/lib/python3.10/site-packages/airflow/example_dags/tutorial_taskflow_api_virtualenv.py took 0.101 seconds
[2024-04-22T06:25:53.594+0000] {processor.py:153} INFO - Started process (PID=49362) to work on /usr/local/python/3.10.13/lib/python3.10/site-packages/airflow/example_dags/tutorial_taskflow_api_virtualenv.py
[2024-04-22T06:25:53.595+0000] {processor.py:743} INFO - Processing file /usr/local/python/3.10.13/lib/python3.10/site-packages/airflow/example_dags/tutorial_taskflow_api_virtualenv.py for tasks to queue
[2024-04-22T06:25:53.596+0000] {logging_mixin.py:137} INFO - [2024-04-22T06:25:53.595+0000] {dagbag.py:538} INFO - Filling up the DagBag from /usr/local/python/3.10.13/lib/python3.10/site-packages/airflow/example_dags/tutorial_taskflow_api_virtualenv.py
[2024-04-22T06:25:53.617+0000] {processor.py:753} INFO - DAG(s) dict_keys(['tutorial_taskflow_api_virtualenv']) retrieved from /usr/local/python/3.10.13/lib/python3.10/site-packages/airflow/example_dags/tutorial_taskflow_api_virtualenv.py
[2024-04-22T06:25:53.630+0000] {logging_mixin.py:137} INFO - [2024-04-22T06:25:53.630+0000] {dag.py:2690} INFO - Sync 1 DAGs
[2024-04-22T06:25:53.645+0000] {logging_mixin.py:137} INFO - [2024-04-22T06:25:53.645+0000] {dag.py:3437} INFO - Setting next_dagrun for tutorial_taskflow_api_virtualenv to None, run_after=None
[2024-04-22T06:25:53.691+0000] {processor.py:175} INFO - Processing /usr/local/python/3.10.13/lib/python3.10/site-packages/airflow/example_dags/tutorial_taskflow_api_virtualenv.py took 0.099 seconds
[2024-04-22T06:26:31.721+0000] {processor.py:153} INFO - Started process (PID=49712) to work on /usr/local/python/3.10.13/lib/python3.10/site-packages/airflow/example_dags/tutorial_taskflow_api_virtualenv.py
[2024-04-22T06:26:31.722+0000] {processor.py:743} INFO - Processing file /usr/local/python/3.10.13/lib/python3.10/site-packages/airflow/example_dags/tutorial_taskflow_api_virtualenv.py for tasks to queue
[2024-04-22T06:26:31.723+0000] {logging_mixin.py:137} INFO - [2024-04-22T06:26:31.723+0000] {dagbag.py:538} INFO - Filling up the DagBag from /usr/local/python/3.10.13/lib/python3.10/site-packages/airflow/example_dags/tutorial_taskflow_api_virtualenv.py
[2024-04-22T06:26:31.744+0000] {processor.py:753} INFO - DAG(s) dict_keys(['tutorial_taskflow_api_virtualenv']) retrieved from /usr/local/python/3.10.13/lib/python3.10/site-packages/airflow/example_dags/tutorial_taskflow_api_virtualenv.py
[2024-04-22T06:26:31.759+0000] {logging_mixin.py:137} INFO - [2024-04-22T06:26:31.758+0000] {dag.py:2690} INFO - Sync 1 DAGs
[2024-04-22T06:26:31.773+0000] {logging_mixin.py:137} INFO - [2024-04-22T06:26:31.773+0000] {dag.py:3437} INFO - Setting next_dagrun for tutorial_taskflow_api_virtualenv to None, run_after=None
[2024-04-22T06:26:31.823+0000] {processor.py:175} INFO - Processing /usr/local/python/3.10.13/lib/python3.10/site-packages/airflow/example_dags/tutorial_taskflow_api_virtualenv.py took 0.104 seconds
[2024-04-22T06:27:04.342+0000] {processor.py:153} INFO - Started process (PID=50065) to work on /usr/local/python/3.10.13/lib/python3.10/site-packages/airflow/example_dags/tutorial_taskflow_api_virtualenv.py
[2024-04-22T06:27:04.343+0000] {processor.py:743} INFO - Processing file /usr/local/python/3.10.13/lib/python3.10/site-packages/airflow/example_dags/tutorial_taskflow_api_virtualenv.py for tasks to queue
[2024-04-22T06:27:04.344+0000] {logging_mixin.py:137} INFO - [2024-04-22T06:27:04.344+0000] {dagbag.py:538} INFO - Filling up the DagBag from /usr/local/python/3.10.13/lib/python3.10/site-packages/airflow/example_dags/tutorial_taskflow_api_virtualenv.py
[2024-04-22T06:27:04.364+0000] {processor.py:753} INFO - DAG(s) dict_keys(['tutorial_taskflow_api_virtualenv']) retrieved from /usr/local/python/3.10.13/lib/python3.10/site-packages/airflow/example_dags/tutorial_taskflow_api_virtualenv.py
[2024-04-22T06:27:04.379+0000] {logging_mixin.py:137} INFO - [2024-04-22T06:27:04.379+0000] {dag.py:2690} INFO - Sync 1 DAGs
[2024-04-22T06:27:04.393+0000] {logging_mixin.py:137} INFO - [2024-04-22T06:27:04.393+0000] {dag.py:3437} INFO - Setting next_dagrun for tutorial_taskflow_api_virtualenv to None, run_after=None
[2024-04-22T06:27:04.441+0000] {processor.py:175} INFO - Processing /usr/local/python/3.10.13/lib/python3.10/site-packages/airflow/example_dags/tutorial_taskflow_api_virtualenv.py took 0.101 seconds
[2024-04-22T06:27:45.176+0000] {processor.py:153} INFO - Started process (PID=50394) to work on /usr/local/python/3.10.13/lib/python3.10/site-packages/airflow/example_dags/tutorial_taskflow_api_virtualenv.py
[2024-04-22T06:27:45.177+0000] {processor.py:743} INFO - Processing file /usr/local/python/3.10.13/lib/python3.10/site-packages/airflow/example_dags/tutorial_taskflow_api_virtualenv.py for tasks to queue
[2024-04-22T06:27:45.178+0000] {logging_mixin.py:137} INFO - [2024-04-22T06:27:45.177+0000] {dagbag.py:538} INFO - Filling up the DagBag from /usr/local/python/3.10.13/lib/python3.10/site-packages/airflow/example_dags/tutorial_taskflow_api_virtualenv.py
[2024-04-22T06:27:45.198+0000] {processor.py:753} INFO - DAG(s) dict_keys(['tutorial_taskflow_api_virtualenv']) retrieved from /usr/local/python/3.10.13/lib/python3.10/site-packages/airflow/example_dags/tutorial_taskflow_api_virtualenv.py
[2024-04-22T06:27:45.216+0000] {logging_mixin.py:137} INFO - [2024-04-22T06:27:45.215+0000] {dag.py:2690} INFO - Sync 1 DAGs
[2024-04-22T06:27:45.230+0000] {logging_mixin.py:137} INFO - [2024-04-22T06:27:45.230+0000] {dag.py:3437} INFO - Setting next_dagrun for tutorial_taskflow_api_virtualenv to None, run_after=None
[2024-04-22T06:27:45.278+0000] {processor.py:175} INFO - Processing /usr/local/python/3.10.13/lib/python3.10/site-packages/airflow/example_dags/tutorial_taskflow_api_virtualenv.py took 0.104 seconds
