[2024-04-22T06:12:47.547+0000] {processor.py:153} INFO - Started process (PID=43193) to work on /usr/local/python/3.10.13/lib/python3.10/site-packages/airflow/example_dags/tutorial.py
[2024-04-22T06:12:47.547+0000] {processor.py:743} INFO - Processing file /usr/local/python/3.10.13/lib/python3.10/site-packages/airflow/example_dags/tutorial.py for tasks to queue
[2024-04-22T06:12:47.548+0000] {logging_mixin.py:137} INFO - [2024-04-22T06:12:47.548+0000] {dagbag.py:538} INFO - Filling up the DagBag from /usr/local/python/3.10.13/lib/python3.10/site-packages/airflow/example_dags/tutorial.py
[2024-04-22T06:12:47.561+0000] {processor.py:753} INFO - DAG(s) dict_keys(['tutorial']) retrieved from /usr/local/python/3.10.13/lib/python3.10/site-packages/airflow/example_dags/tutorial.py
[2024-04-22T06:12:47.727+0000] {logging_mixin.py:137} INFO - [2024-04-22T06:12:47.727+0000] {manager.py:504} INFO - Created Permission View: can delete on DAG:tutorial
[2024-04-22T06:12:47.765+0000] {logging_mixin.py:137} INFO - [2024-04-22T06:12:47.765+0000] {manager.py:504} INFO - Created Permission View: can edit on DAG:tutorial
[2024-04-22T06:12:47.801+0000] {logging_mixin.py:137} INFO - [2024-04-22T06:12:47.801+0000] {manager.py:504} INFO - Created Permission View: can read on DAG:tutorial
[2024-04-22T06:12:47.801+0000] {logging_mixin.py:137} INFO - [2024-04-22T06:12:47.801+0000] {dag.py:2690} INFO - Sync 1 DAGs
[2024-04-22T06:12:47.810+0000] {logging_mixin.py:137} INFO - [2024-04-22T06:12:47.810+0000] {dag.py:2711} INFO - Creating ORM DAG for tutorial
[2024-04-22T06:12:47.817+0000] {logging_mixin.py:137} INFO - [2024-04-22T06:12:47.817+0000] {dag.py:3437} INFO - Setting next_dagrun for tutorial to 2024-04-21T06:12:47.817358+00:00, run_after=2024-04-22T06:12:47.817358+00:00
[2024-04-22T06:12:47.864+0000] {processor.py:175} INFO - Processing /usr/local/python/3.10.13/lib/python3.10/site-packages/airflow/example_dags/tutorial.py took 0.320 seconds
[2024-04-22T06:13:36.269+0000] {processor.py:153} INFO - Started process (PID=43539) to work on /usr/local/python/3.10.13/lib/python3.10/site-packages/airflow/example_dags/tutorial.py
[2024-04-22T06:13:36.270+0000] {processor.py:743} INFO - Processing file /usr/local/python/3.10.13/lib/python3.10/site-packages/airflow/example_dags/tutorial.py for tasks to queue
[2024-04-22T06:13:36.270+0000] {logging_mixin.py:137} INFO - [2024-04-22T06:13:36.270+0000] {dagbag.py:538} INFO - Filling up the DagBag from /usr/local/python/3.10.13/lib/python3.10/site-packages/airflow/example_dags/tutorial.py
[2024-04-22T06:13:36.282+0000] {processor.py:753} INFO - DAG(s) dict_keys(['tutorial']) retrieved from /usr/local/python/3.10.13/lib/python3.10/site-packages/airflow/example_dags/tutorial.py
[2024-04-22T06:13:36.298+0000] {logging_mixin.py:137} INFO - [2024-04-22T06:13:36.298+0000] {dag.py:2690} INFO - Sync 1 DAGs
[2024-04-22T06:13:36.312+0000] {logging_mixin.py:137} INFO - [2024-04-22T06:13:36.312+0000] {dag.py:3437} INFO - Setting next_dagrun for tutorial to 2024-04-21T06:13:36.312727+00:00, run_after=2024-04-22T06:13:36.312727+00:00
[2024-04-22T06:13:36.372+0000] {processor.py:175} INFO - Processing /usr/local/python/3.10.13/lib/python3.10/site-packages/airflow/example_dags/tutorial.py took 0.105 seconds
[2024-04-22T06:14:06.496+0000] {processor.py:153} INFO - Started process (PID=43749) to work on /usr/local/python/3.10.13/lib/python3.10/site-packages/airflow/example_dags/tutorial.py
[2024-04-22T06:14:06.497+0000] {processor.py:743} INFO - Processing file /usr/local/python/3.10.13/lib/python3.10/site-packages/airflow/example_dags/tutorial.py for tasks to queue
[2024-04-22T06:14:06.497+0000] {logging_mixin.py:137} INFO - [2024-04-22T06:14:06.497+0000] {dagbag.py:538} INFO - Filling up the DagBag from /usr/local/python/3.10.13/lib/python3.10/site-packages/airflow/example_dags/tutorial.py
[2024-04-22T06:14:06.509+0000] {processor.py:753} INFO - DAG(s) dict_keys(['tutorial']) retrieved from /usr/local/python/3.10.13/lib/python3.10/site-packages/airflow/example_dags/tutorial.py
[2024-04-22T06:14:06.524+0000] {logging_mixin.py:137} INFO - [2024-04-22T06:14:06.524+0000] {dag.py:2690} INFO - Sync 1 DAGs
[2024-04-22T06:14:06.541+0000] {logging_mixin.py:137} INFO - [2024-04-22T06:14:06.541+0000] {dag.py:3437} INFO - Setting next_dagrun for tutorial to 2024-04-21T06:14:06.540994+00:00, run_after=2024-04-22T06:14:06.540994+00:00
[2024-04-22T06:14:06.603+0000] {processor.py:175} INFO - Processing /usr/local/python/3.10.13/lib/python3.10/site-packages/airflow/example_dags/tutorial.py took 0.109 seconds
[2024-04-22T06:14:39.381+0000] {processor.py:153} INFO - Started process (PID=43968) to work on /usr/local/python/3.10.13/lib/python3.10/site-packages/airflow/example_dags/tutorial.py
[2024-04-22T06:14:39.382+0000] {processor.py:743} INFO - Processing file /usr/local/python/3.10.13/lib/python3.10/site-packages/airflow/example_dags/tutorial.py for tasks to queue
[2024-04-22T06:14:39.383+0000] {logging_mixin.py:137} INFO - [2024-04-22T06:14:39.382+0000] {dagbag.py:538} INFO - Filling up the DagBag from /usr/local/python/3.10.13/lib/python3.10/site-packages/airflow/example_dags/tutorial.py
[2024-04-22T06:14:39.395+0000] {processor.py:753} INFO - DAG(s) dict_keys(['tutorial']) retrieved from /usr/local/python/3.10.13/lib/python3.10/site-packages/airflow/example_dags/tutorial.py
[2024-04-22T06:14:39.410+0000] {logging_mixin.py:137} INFO - [2024-04-22T06:14:39.410+0000] {dag.py:2690} INFO - Sync 1 DAGs
[2024-04-22T06:14:39.426+0000] {logging_mixin.py:137} INFO - [2024-04-22T06:14:39.426+0000] {dag.py:3437} INFO - Setting next_dagrun for tutorial to 2024-04-21T06:14:39.426319+00:00, run_after=2024-04-22T06:14:39.426319+00:00
[2024-04-22T06:14:39.480+0000] {processor.py:175} INFO - Processing /usr/local/python/3.10.13/lib/python3.10/site-packages/airflow/example_dags/tutorial.py took 0.101 seconds
[2024-04-22T06:15:15.944+0000] {processor.py:153} INFO - Started process (PID=44223) to work on /usr/local/python/3.10.13/lib/python3.10/site-packages/airflow/example_dags/tutorial.py
[2024-04-22T06:15:15.944+0000] {processor.py:743} INFO - Processing file /usr/local/python/3.10.13/lib/python3.10/site-packages/airflow/example_dags/tutorial.py for tasks to queue
[2024-04-22T06:15:15.945+0000] {logging_mixin.py:137} INFO - [2024-04-22T06:15:15.945+0000] {dagbag.py:538} INFO - Filling up the DagBag from /usr/local/python/3.10.13/lib/python3.10/site-packages/airflow/example_dags/tutorial.py
[2024-04-22T06:15:15.957+0000] {processor.py:753} INFO - DAG(s) dict_keys(['tutorial']) retrieved from /usr/local/python/3.10.13/lib/python3.10/site-packages/airflow/example_dags/tutorial.py
[2024-04-22T06:15:15.972+0000] {logging_mixin.py:137} INFO - [2024-04-22T06:15:15.972+0000] {dag.py:2690} INFO - Sync 1 DAGs
[2024-04-22T06:15:15.988+0000] {logging_mixin.py:137} INFO - [2024-04-22T06:15:15.988+0000] {dag.py:3437} INFO - Setting next_dagrun for tutorial to 2024-04-21T06:15:15.988086+00:00, run_after=2024-04-22T06:15:15.988086+00:00
[2024-04-22T06:15:16.034+0000] {processor.py:175} INFO - Processing /usr/local/python/3.10.13/lib/python3.10/site-packages/airflow/example_dags/tutorial.py took 0.093 seconds
[2024-04-22T06:15:47.177+0000] {processor.py:153} INFO - Started process (PID=44427) to work on /usr/local/python/3.10.13/lib/python3.10/site-packages/airflow/example_dags/tutorial.py
[2024-04-22T06:15:47.178+0000] {processor.py:743} INFO - Processing file /usr/local/python/3.10.13/lib/python3.10/site-packages/airflow/example_dags/tutorial.py for tasks to queue
[2024-04-22T06:15:47.178+0000] {logging_mixin.py:137} INFO - [2024-04-22T06:15:47.178+0000] {dagbag.py:538} INFO - Filling up the DagBag from /usr/local/python/3.10.13/lib/python3.10/site-packages/airflow/example_dags/tutorial.py
[2024-04-22T06:15:47.190+0000] {processor.py:753} INFO - DAG(s) dict_keys(['tutorial']) retrieved from /usr/local/python/3.10.13/lib/python3.10/site-packages/airflow/example_dags/tutorial.py
[2024-04-22T06:15:47.206+0000] {logging_mixin.py:137} INFO - [2024-04-22T06:15:47.205+0000] {dag.py:2690} INFO - Sync 1 DAGs
[2024-04-22T06:15:47.220+0000] {logging_mixin.py:137} INFO - [2024-04-22T06:15:47.220+0000] {dag.py:3437} INFO - Setting next_dagrun for tutorial to 2024-04-21T06:15:47.220328+00:00, run_after=2024-04-22T06:15:47.220328+00:00
[2024-04-22T06:15:47.268+0000] {processor.py:175} INFO - Processing /usr/local/python/3.10.13/lib/python3.10/site-packages/airflow/example_dags/tutorial.py took 0.094 seconds
[2024-04-22T06:16:18.876+0000] {processor.py:153} INFO - Started process (PID=44646) to work on /usr/local/python/3.10.13/lib/python3.10/site-packages/airflow/example_dags/tutorial.py
[2024-04-22T06:16:18.876+0000] {processor.py:743} INFO - Processing file /usr/local/python/3.10.13/lib/python3.10/site-packages/airflow/example_dags/tutorial.py for tasks to queue
[2024-04-22T06:16:18.877+0000] {logging_mixin.py:137} INFO - [2024-04-22T06:16:18.877+0000] {dagbag.py:538} INFO - Filling up the DagBag from /usr/local/python/3.10.13/lib/python3.10/site-packages/airflow/example_dags/tutorial.py
[2024-04-22T06:16:18.888+0000] {processor.py:753} INFO - DAG(s) dict_keys(['tutorial']) retrieved from /usr/local/python/3.10.13/lib/python3.10/site-packages/airflow/example_dags/tutorial.py
[2024-04-22T06:16:18.903+0000] {logging_mixin.py:137} INFO - [2024-04-22T06:16:18.903+0000] {dag.py:2690} INFO - Sync 1 DAGs
[2024-04-22T06:16:18.918+0000] {logging_mixin.py:137} INFO - [2024-04-22T06:16:18.918+0000] {dag.py:3437} INFO - Setting next_dagrun for tutorial to 2024-04-21T06:16:18.918732+00:00, run_after=2024-04-22T06:16:18.918732+00:00
[2024-04-22T06:16:18.964+0000] {processor.py:175} INFO - Processing /usr/local/python/3.10.13/lib/python3.10/site-packages/airflow/example_dags/tutorial.py took 0.090 seconds
[2024-04-22T06:16:50.311+0000] {processor.py:153} INFO - Started process (PID=44861) to work on /usr/local/python/3.10.13/lib/python3.10/site-packages/airflow/example_dags/tutorial.py
[2024-04-22T06:16:50.311+0000] {processor.py:743} INFO - Processing file /usr/local/python/3.10.13/lib/python3.10/site-packages/airflow/example_dags/tutorial.py for tasks to queue
[2024-04-22T06:16:50.312+0000] {logging_mixin.py:137} INFO - [2024-04-22T06:16:50.312+0000] {dagbag.py:538} INFO - Filling up the DagBag from /usr/local/python/3.10.13/lib/python3.10/site-packages/airflow/example_dags/tutorial.py
[2024-04-22T06:16:50.324+0000] {processor.py:753} INFO - DAG(s) dict_keys(['tutorial']) retrieved from /usr/local/python/3.10.13/lib/python3.10/site-packages/airflow/example_dags/tutorial.py
[2024-04-22T06:16:50.339+0000] {logging_mixin.py:137} INFO - [2024-04-22T06:16:50.339+0000] {dag.py:2690} INFO - Sync 1 DAGs
[2024-04-22T06:16:50.354+0000] {logging_mixin.py:137} INFO - [2024-04-22T06:16:50.354+0000] {dag.py:3437} INFO - Setting next_dagrun for tutorial to 2024-04-21T06:16:50.354405+00:00, run_after=2024-04-22T06:16:50.354405+00:00
[2024-04-22T06:16:50.401+0000] {processor.py:175} INFO - Processing /usr/local/python/3.10.13/lib/python3.10/site-packages/airflow/example_dags/tutorial.py took 0.092 seconds
[2024-04-22T06:17:21.284+0000] {processor.py:153} INFO - Started process (PID=45073) to work on /usr/local/python/3.10.13/lib/python3.10/site-packages/airflow/example_dags/tutorial.py
[2024-04-22T06:17:21.285+0000] {processor.py:743} INFO - Processing file /usr/local/python/3.10.13/lib/python3.10/site-packages/airflow/example_dags/tutorial.py for tasks to queue
[2024-04-22T06:17:21.285+0000] {logging_mixin.py:137} INFO - [2024-04-22T06:17:21.285+0000] {dagbag.py:538} INFO - Filling up the DagBag from /usr/local/python/3.10.13/lib/python3.10/site-packages/airflow/example_dags/tutorial.py
[2024-04-22T06:17:21.297+0000] {processor.py:753} INFO - DAG(s) dict_keys(['tutorial']) retrieved from /usr/local/python/3.10.13/lib/python3.10/site-packages/airflow/example_dags/tutorial.py
[2024-04-22T06:17:21.312+0000] {logging_mixin.py:137} INFO - [2024-04-22T06:17:21.312+0000] {dag.py:2690} INFO - Sync 1 DAGs
[2024-04-22T06:17:21.327+0000] {logging_mixin.py:137} INFO - [2024-04-22T06:17:21.327+0000] {dag.py:3437} INFO - Setting next_dagrun for tutorial to 2024-04-21T06:17:21.327643+00:00, run_after=2024-04-22T06:17:21.327643+00:00
[2024-04-22T06:17:21.374+0000] {processor.py:175} INFO - Processing /usr/local/python/3.10.13/lib/python3.10/site-packages/airflow/example_dags/tutorial.py took 0.092 seconds
[2024-04-22T06:17:52.093+0000] {processor.py:153} INFO - Started process (PID=45292) to work on /usr/local/python/3.10.13/lib/python3.10/site-packages/airflow/example_dags/tutorial.py
[2024-04-22T06:17:52.093+0000] {processor.py:743} INFO - Processing file /usr/local/python/3.10.13/lib/python3.10/site-packages/airflow/example_dags/tutorial.py for tasks to queue
[2024-04-22T06:17:52.094+0000] {logging_mixin.py:137} INFO - [2024-04-22T06:17:52.094+0000] {dagbag.py:538} INFO - Filling up the DagBag from /usr/local/python/3.10.13/lib/python3.10/site-packages/airflow/example_dags/tutorial.py
[2024-04-22T06:17:52.106+0000] {processor.py:753} INFO - DAG(s) dict_keys(['tutorial']) retrieved from /usr/local/python/3.10.13/lib/python3.10/site-packages/airflow/example_dags/tutorial.py
[2024-04-22T06:17:52.121+0000] {logging_mixin.py:137} INFO - [2024-04-22T06:17:52.121+0000] {dag.py:2690} INFO - Sync 1 DAGs
[2024-04-22T06:17:52.136+0000] {logging_mixin.py:137} INFO - [2024-04-22T06:17:52.136+0000] {dag.py:3437} INFO - Setting next_dagrun for tutorial to 2024-04-21T06:17:52.136466+00:00, run_after=2024-04-22T06:17:52.136466+00:00
[2024-04-22T06:17:52.184+0000] {processor.py:175} INFO - Processing /usr/local/python/3.10.13/lib/python3.10/site-packages/airflow/example_dags/tutorial.py took 0.093 seconds
[2024-04-22T06:18:23.996+0000] {processor.py:153} INFO - Started process (PID=45555) to work on /usr/local/python/3.10.13/lib/python3.10/site-packages/airflow/example_dags/tutorial.py
[2024-04-22T06:18:23.997+0000] {processor.py:743} INFO - Processing file /usr/local/python/3.10.13/lib/python3.10/site-packages/airflow/example_dags/tutorial.py for tasks to queue
[2024-04-22T06:18:23.998+0000] {logging_mixin.py:137} INFO - [2024-04-22T06:18:23.998+0000] {dagbag.py:538} INFO - Filling up the DagBag from /usr/local/python/3.10.13/lib/python3.10/site-packages/airflow/example_dags/tutorial.py
[2024-04-22T06:18:24.010+0000] {processor.py:753} INFO - DAG(s) dict_keys(['tutorial']) retrieved from /usr/local/python/3.10.13/lib/python3.10/site-packages/airflow/example_dags/tutorial.py
[2024-04-22T06:18:24.026+0000] {logging_mixin.py:137} INFO - [2024-04-22T06:18:24.026+0000] {dag.py:2690} INFO - Sync 1 DAGs
[2024-04-22T06:18:24.041+0000] {logging_mixin.py:137} INFO - [2024-04-22T06:18:24.041+0000] {dag.py:3437} INFO - Setting next_dagrun for tutorial to 2024-04-21T06:18:24.041457+00:00, run_after=2024-04-22T06:18:24.041457+00:00
[2024-04-22T06:18:24.091+0000] {processor.py:175} INFO - Processing /usr/local/python/3.10.13/lib/python3.10/site-packages/airflow/example_dags/tutorial.py took 0.097 seconds
[2024-04-22T06:18:54.606+0000] {processor.py:153} INFO - Started process (PID=45768) to work on /usr/local/python/3.10.13/lib/python3.10/site-packages/airflow/example_dags/tutorial.py
[2024-04-22T06:18:54.607+0000] {processor.py:743} INFO - Processing file /usr/local/python/3.10.13/lib/python3.10/site-packages/airflow/example_dags/tutorial.py for tasks to queue
[2024-04-22T06:18:54.607+0000] {logging_mixin.py:137} INFO - [2024-04-22T06:18:54.607+0000] {dagbag.py:538} INFO - Filling up the DagBag from /usr/local/python/3.10.13/lib/python3.10/site-packages/airflow/example_dags/tutorial.py
[2024-04-22T06:18:54.619+0000] {processor.py:753} INFO - DAG(s) dict_keys(['tutorial']) retrieved from /usr/local/python/3.10.13/lib/python3.10/site-packages/airflow/example_dags/tutorial.py
[2024-04-22T06:18:54.634+0000] {logging_mixin.py:137} INFO - [2024-04-22T06:18:54.634+0000] {dag.py:2690} INFO - Sync 1 DAGs
[2024-04-22T06:18:54.649+0000] {logging_mixin.py:137} INFO - [2024-04-22T06:18:54.649+0000] {dag.py:3437} INFO - Setting next_dagrun for tutorial to 2024-04-21T06:18:54.649179+00:00, run_after=2024-04-22T06:18:54.649179+00:00
[2024-04-22T06:18:54.696+0000] {processor.py:175} INFO - Processing /usr/local/python/3.10.13/lib/python3.10/site-packages/airflow/example_dags/tutorial.py took 0.092 seconds
[2024-04-22T06:19:26.967+0000] {processor.py:153} INFO - Started process (PID=45983) to work on /usr/local/python/3.10.13/lib/python3.10/site-packages/airflow/example_dags/tutorial.py
[2024-04-22T06:19:26.968+0000] {processor.py:743} INFO - Processing file /usr/local/python/3.10.13/lib/python3.10/site-packages/airflow/example_dags/tutorial.py for tasks to queue
[2024-04-22T06:19:26.968+0000] {logging_mixin.py:137} INFO - [2024-04-22T06:19:26.968+0000] {dagbag.py:538} INFO - Filling up the DagBag from /usr/local/python/3.10.13/lib/python3.10/site-packages/airflow/example_dags/tutorial.py
[2024-04-22T06:19:26.981+0000] {processor.py:753} INFO - DAG(s) dict_keys(['tutorial']) retrieved from /usr/local/python/3.10.13/lib/python3.10/site-packages/airflow/example_dags/tutorial.py
[2024-04-22T06:19:26.996+0000] {logging_mixin.py:137} INFO - [2024-04-22T06:19:26.995+0000] {dag.py:2690} INFO - Sync 1 DAGs
[2024-04-22T06:19:27.010+0000] {logging_mixin.py:137} INFO - [2024-04-22T06:19:27.010+0000] {dag.py:3437} INFO - Setting next_dagrun for tutorial to 2024-04-21T06:19:27.010305+00:00, run_after=2024-04-22T06:19:27.010305+00:00
[2024-04-22T06:19:27.056+0000] {processor.py:175} INFO - Processing /usr/local/python/3.10.13/lib/python3.10/site-packages/airflow/example_dags/tutorial.py took 0.090 seconds
[2024-04-22T06:19:58.016+0000] {processor.py:153} INFO - Started process (PID=46192) to work on /usr/local/python/3.10.13/lib/python3.10/site-packages/airflow/example_dags/tutorial.py
[2024-04-22T06:19:58.017+0000] {processor.py:743} INFO - Processing file /usr/local/python/3.10.13/lib/python3.10/site-packages/airflow/example_dags/tutorial.py for tasks to queue
[2024-04-22T06:19:58.017+0000] {logging_mixin.py:137} INFO - [2024-04-22T06:19:58.017+0000] {dagbag.py:538} INFO - Filling up the DagBag from /usr/local/python/3.10.13/lib/python3.10/site-packages/airflow/example_dags/tutorial.py
[2024-04-22T06:19:58.029+0000] {processor.py:753} INFO - DAG(s) dict_keys(['tutorial']) retrieved from /usr/local/python/3.10.13/lib/python3.10/site-packages/airflow/example_dags/tutorial.py
[2024-04-22T06:19:58.044+0000] {logging_mixin.py:137} INFO - [2024-04-22T06:19:58.044+0000] {dag.py:2690} INFO - Sync 1 DAGs
[2024-04-22T06:19:58.059+0000] {logging_mixin.py:137} INFO - [2024-04-22T06:19:58.059+0000] {dag.py:3437} INFO - Setting next_dagrun for tutorial to 2024-04-21T06:19:58.059289+00:00, run_after=2024-04-22T06:19:58.059289+00:00
[2024-04-22T06:19:58.112+0000] {processor.py:175} INFO - Processing /usr/local/python/3.10.13/lib/python3.10/site-packages/airflow/example_dags/tutorial.py took 0.098 seconds
[2024-04-22T06:20:33.537+0000] {processor.py:153} INFO - Started process (PID=46444) to work on /usr/local/python/3.10.13/lib/python3.10/site-packages/airflow/example_dags/tutorial.py
[2024-04-22T06:20:33.538+0000] {processor.py:743} INFO - Processing file /usr/local/python/3.10.13/lib/python3.10/site-packages/airflow/example_dags/tutorial.py for tasks to queue
[2024-04-22T06:20:33.538+0000] {logging_mixin.py:137} INFO - [2024-04-22T06:20:33.538+0000] {dagbag.py:538} INFO - Filling up the DagBag from /usr/local/python/3.10.13/lib/python3.10/site-packages/airflow/example_dags/tutorial.py
[2024-04-22T06:20:33.550+0000] {processor.py:753} INFO - DAG(s) dict_keys(['tutorial']) retrieved from /usr/local/python/3.10.13/lib/python3.10/site-packages/airflow/example_dags/tutorial.py
[2024-04-22T06:20:33.565+0000] {logging_mixin.py:137} INFO - [2024-04-22T06:20:33.565+0000] {dag.py:2690} INFO - Sync 1 DAGs
[2024-04-22T06:20:33.579+0000] {logging_mixin.py:137} INFO - [2024-04-22T06:20:33.579+0000] {dag.py:3437} INFO - Setting next_dagrun for tutorial to 2024-04-21T06:20:33.579439+00:00, run_after=2024-04-22T06:20:33.579439+00:00
[2024-04-22T06:20:33.719+0000] {processor.py:175} INFO - Processing /usr/local/python/3.10.13/lib/python3.10/site-packages/airflow/example_dags/tutorial.py took 0.184 seconds
[2024-04-22T06:21:16.794+0000] {processor.py:153} INFO - Started process (PID=46731) to work on /usr/local/python/3.10.13/lib/python3.10/site-packages/airflow/example_dags/tutorial.py
[2024-04-22T06:21:16.794+0000] {processor.py:743} INFO - Processing file /usr/local/python/3.10.13/lib/python3.10/site-packages/airflow/example_dags/tutorial.py for tasks to queue
[2024-04-22T06:21:16.795+0000] {logging_mixin.py:137} INFO - [2024-04-22T06:21:16.795+0000] {dagbag.py:538} INFO - Filling up the DagBag from /usr/local/python/3.10.13/lib/python3.10/site-packages/airflow/example_dags/tutorial.py
[2024-04-22T06:21:16.807+0000] {processor.py:753} INFO - DAG(s) dict_keys(['tutorial']) retrieved from /usr/local/python/3.10.13/lib/python3.10/site-packages/airflow/example_dags/tutorial.py
[2024-04-22T06:21:16.824+0000] {logging_mixin.py:137} INFO - [2024-04-22T06:21:16.824+0000] {dag.py:2690} INFO - Sync 1 DAGs
[2024-04-22T06:21:16.839+0000] {logging_mixin.py:137} INFO - [2024-04-22T06:21:16.839+0000] {dag.py:3437} INFO - Setting next_dagrun for tutorial to 2024-04-21T06:21:16.839169+00:00, run_after=2024-04-22T06:21:16.839169+00:00
[2024-04-22T06:21:16.973+0000] {processor.py:175} INFO - Processing /usr/local/python/3.10.13/lib/python3.10/site-packages/airflow/example_dags/tutorial.py took 0.181 seconds
[2024-04-22T06:21:47.202+0000] {processor.py:153} INFO - Started process (PID=46943) to work on /usr/local/python/3.10.13/lib/python3.10/site-packages/airflow/example_dags/tutorial.py
[2024-04-22T06:21:47.203+0000] {processor.py:743} INFO - Processing file /usr/local/python/3.10.13/lib/python3.10/site-packages/airflow/example_dags/tutorial.py for tasks to queue
[2024-04-22T06:21:47.204+0000] {logging_mixin.py:137} INFO - [2024-04-22T06:21:47.204+0000] {dagbag.py:538} INFO - Filling up the DagBag from /usr/local/python/3.10.13/lib/python3.10/site-packages/airflow/example_dags/tutorial.py
[2024-04-22T06:21:47.215+0000] {processor.py:753} INFO - DAG(s) dict_keys(['tutorial']) retrieved from /usr/local/python/3.10.13/lib/python3.10/site-packages/airflow/example_dags/tutorial.py
[2024-04-22T06:21:47.230+0000] {logging_mixin.py:137} INFO - [2024-04-22T06:21:47.230+0000] {dag.py:2690} INFO - Sync 1 DAGs
[2024-04-22T06:21:47.334+0000] {logging_mixin.py:137} INFO - [2024-04-22T06:21:47.334+0000] {dag.py:3437} INFO - Setting next_dagrun for tutorial to 2024-04-21T06:21:47.334448+00:00, run_after=2024-04-22T06:21:47.334448+00:00
[2024-04-22T06:21:47.380+0000] {processor.py:175} INFO - Processing /usr/local/python/3.10.13/lib/python3.10/site-packages/airflow/example_dags/tutorial.py took 0.180 seconds
[2024-04-22T06:22:24.134+0000] {processor.py:153} INFO - Started process (PID=47259) to work on /usr/local/python/3.10.13/lib/python3.10/site-packages/airflow/example_dags/tutorial.py
[2024-04-22T06:22:24.135+0000] {processor.py:743} INFO - Processing file /usr/local/python/3.10.13/lib/python3.10/site-packages/airflow/example_dags/tutorial.py for tasks to queue
[2024-04-22T06:22:24.135+0000] {logging_mixin.py:137} INFO - [2024-04-22T06:22:24.135+0000] {dagbag.py:538} INFO - Filling up the DagBag from /usr/local/python/3.10.13/lib/python3.10/site-packages/airflow/example_dags/tutorial.py
[2024-04-22T06:22:24.147+0000] {processor.py:753} INFO - DAG(s) dict_keys(['tutorial']) retrieved from /usr/local/python/3.10.13/lib/python3.10/site-packages/airflow/example_dags/tutorial.py
[2024-04-22T06:22:24.161+0000] {logging_mixin.py:137} INFO - [2024-04-22T06:22:24.161+0000] {dag.py:2690} INFO - Sync 1 DAGs
[2024-04-22T06:22:24.291+0000] {logging_mixin.py:137} INFO - [2024-04-22T06:22:24.291+0000] {dag.py:3437} INFO - Setting next_dagrun for tutorial to 2024-04-21T06:22:24.290857+00:00, run_after=2024-04-22T06:22:24.290857+00:00
[2024-04-22T06:22:24.336+0000] {processor.py:175} INFO - Processing /usr/local/python/3.10.13/lib/python3.10/site-packages/airflow/example_dags/tutorial.py took 0.204 seconds
[2024-04-22T06:23:06.051+0000] {processor.py:153} INFO - Started process (PID=47615) to work on /usr/local/python/3.10.13/lib/python3.10/site-packages/airflow/example_dags/tutorial.py
[2024-04-22T06:23:06.051+0000] {processor.py:743} INFO - Processing file /usr/local/python/3.10.13/lib/python3.10/site-packages/airflow/example_dags/tutorial.py for tasks to queue
[2024-04-22T06:23:06.052+0000] {logging_mixin.py:137} INFO - [2024-04-22T06:23:06.052+0000] {dagbag.py:538} INFO - Filling up the DagBag from /usr/local/python/3.10.13/lib/python3.10/site-packages/airflow/example_dags/tutorial.py
[2024-04-22T06:23:06.064+0000] {processor.py:753} INFO - DAG(s) dict_keys(['tutorial']) retrieved from /usr/local/python/3.10.13/lib/python3.10/site-packages/airflow/example_dags/tutorial.py
[2024-04-22T06:23:06.169+0000] {logging_mixin.py:137} INFO - [2024-04-22T06:23:06.169+0000] {dag.py:2690} INFO - Sync 1 DAGs
[2024-04-22T06:23:06.182+0000] {logging_mixin.py:137} INFO - [2024-04-22T06:23:06.182+0000] {dag.py:3437} INFO - Setting next_dagrun for tutorial to 2024-04-21T06:23:06.182480+00:00, run_after=2024-04-22T06:23:06.182480+00:00
[2024-04-22T06:23:06.228+0000] {processor.py:175} INFO - Processing /usr/local/python/3.10.13/lib/python3.10/site-packages/airflow/example_dags/tutorial.py took 0.179 seconds
[2024-04-22T06:23:49.903+0000] {processor.py:153} INFO - Started process (PID=48048) to work on /usr/local/python/3.10.13/lib/python3.10/site-packages/airflow/example_dags/tutorial.py
[2024-04-22T06:23:49.904+0000] {processor.py:743} INFO - Processing file /usr/local/python/3.10.13/lib/python3.10/site-packages/airflow/example_dags/tutorial.py for tasks to queue
[2024-04-22T06:23:49.904+0000] {logging_mixin.py:137} INFO - [2024-04-22T06:23:49.904+0000] {dagbag.py:538} INFO - Filling up the DagBag from /usr/local/python/3.10.13/lib/python3.10/site-packages/airflow/example_dags/tutorial.py
[2024-04-22T06:23:49.916+0000] {processor.py:753} INFO - DAG(s) dict_keys(['tutorial']) retrieved from /usr/local/python/3.10.13/lib/python3.10/site-packages/airflow/example_dags/tutorial.py
[2024-04-22T06:23:50.017+0000] {logging_mixin.py:137} INFO - [2024-04-22T06:23:50.017+0000] {dag.py:2690} INFO - Sync 1 DAGs
[2024-04-22T06:23:50.031+0000] {logging_mixin.py:137} INFO - [2024-04-22T06:23:50.031+0000] {dag.py:3437} INFO - Setting next_dagrun for tutorial to 2024-04-21T06:23:50.031420+00:00, run_after=2024-04-22T06:23:50.031420+00:00
[2024-04-22T06:23:50.076+0000] {processor.py:175} INFO - Processing /usr/local/python/3.10.13/lib/python3.10/site-packages/airflow/example_dags/tutorial.py took 0.175 seconds
[2024-04-22T06:24:31.879+0000] {processor.py:153} INFO - Started process (PID=48502) to work on /usr/local/python/3.10.13/lib/python3.10/site-packages/airflow/example_dags/tutorial.py
[2024-04-22T06:24:31.880+0000] {processor.py:743} INFO - Processing file /usr/local/python/3.10.13/lib/python3.10/site-packages/airflow/example_dags/tutorial.py for tasks to queue
[2024-04-22T06:24:31.880+0000] {logging_mixin.py:137} INFO - [2024-04-22T06:24:31.880+0000] {dagbag.py:538} INFO - Filling up the DagBag from /usr/local/python/3.10.13/lib/python3.10/site-packages/airflow/example_dags/tutorial.py
[2024-04-22T06:24:31.989+0000] {processor.py:753} INFO - DAG(s) dict_keys(['tutorial']) retrieved from /usr/local/python/3.10.13/lib/python3.10/site-packages/airflow/example_dags/tutorial.py
[2024-04-22T06:24:32.002+0000] {logging_mixin.py:137} INFO - [2024-04-22T06:24:32.002+0000] {dag.py:2690} INFO - Sync 1 DAGs
[2024-04-22T06:24:32.016+0000] {logging_mixin.py:137} INFO - [2024-04-22T06:24:32.016+0000] {dag.py:3437} INFO - Setting next_dagrun for tutorial to 2024-04-21T06:24:32.016239+00:00, run_after=2024-04-22T06:24:32.016239+00:00
[2024-04-22T06:24:32.060+0000] {processor.py:175} INFO - Processing /usr/local/python/3.10.13/lib/python3.10/site-packages/airflow/example_dags/tutorial.py took 0.183 seconds
[2024-04-22T06:25:14.680+0000] {processor.py:153} INFO - Started process (PID=48966) to work on /usr/local/python/3.10.13/lib/python3.10/site-packages/airflow/example_dags/tutorial.py
[2024-04-22T06:25:14.681+0000] {processor.py:743} INFO - Processing file /usr/local/python/3.10.13/lib/python3.10/site-packages/airflow/example_dags/tutorial.py for tasks to queue
[2024-04-22T06:25:14.682+0000] {logging_mixin.py:137} INFO - [2024-04-22T06:25:14.681+0000] {dagbag.py:538} INFO - Filling up the DagBag from /usr/local/python/3.10.13/lib/python3.10/site-packages/airflow/example_dags/tutorial.py
[2024-04-22T06:25:14.694+0000] {processor.py:753} INFO - DAG(s) dict_keys(['tutorial']) retrieved from /usr/local/python/3.10.13/lib/python3.10/site-packages/airflow/example_dags/tutorial.py
[2024-04-22T06:25:14.708+0000] {logging_mixin.py:137} INFO - [2024-04-22T06:25:14.708+0000] {dag.py:2690} INFO - Sync 1 DAGs
[2024-04-22T06:25:14.725+0000] {logging_mixin.py:137} INFO - [2024-04-22T06:25:14.724+0000] {dag.py:3437} INFO - Setting next_dagrun for tutorial to 2024-04-21T06:25:14.724669+00:00, run_after=2024-04-22T06:25:14.724669+00:00
[2024-04-22T06:25:14.771+0000] {processor.py:175} INFO - Processing /usr/local/python/3.10.13/lib/python3.10/site-packages/airflow/example_dags/tutorial.py took 0.093 seconds
[2024-04-22T06:25:52.852+0000] {processor.py:153} INFO - Started process (PID=49358) to work on /usr/local/python/3.10.13/lib/python3.10/site-packages/airflow/example_dags/tutorial.py
[2024-04-22T06:25:52.853+0000] {processor.py:743} INFO - Processing file /usr/local/python/3.10.13/lib/python3.10/site-packages/airflow/example_dags/tutorial.py for tasks to queue
[2024-04-22T06:25:52.853+0000] {logging_mixin.py:137} INFO - [2024-04-22T06:25:52.853+0000] {dagbag.py:538} INFO - Filling up the DagBag from /usr/local/python/3.10.13/lib/python3.10/site-packages/airflow/example_dags/tutorial.py
[2024-04-22T06:25:52.866+0000] {processor.py:753} INFO - DAG(s) dict_keys(['tutorial']) retrieved from /usr/local/python/3.10.13/lib/python3.10/site-packages/airflow/example_dags/tutorial.py
[2024-04-22T06:25:52.880+0000] {logging_mixin.py:137} INFO - [2024-04-22T06:25:52.880+0000] {dag.py:2690} INFO - Sync 1 DAGs
[2024-04-22T06:25:52.896+0000] {logging_mixin.py:137} INFO - [2024-04-22T06:25:52.896+0000] {dag.py:3437} INFO - Setting next_dagrun for tutorial to 2024-04-21T06:25:52.896012+00:00, run_after=2024-04-22T06:25:52.896012+00:00
[2024-04-22T06:25:52.943+0000] {processor.py:175} INFO - Processing /usr/local/python/3.10.13/lib/python3.10/site-packages/airflow/example_dags/tutorial.py took 0.093 seconds
[2024-04-22T06:26:30.696+0000] {processor.py:153} INFO - Started process (PID=49711) to work on /usr/local/python/3.10.13/lib/python3.10/site-packages/airflow/example_dags/tutorial.py
[2024-04-22T06:26:30.697+0000] {processor.py:743} INFO - Processing file /usr/local/python/3.10.13/lib/python3.10/site-packages/airflow/example_dags/tutorial.py for tasks to queue
[2024-04-22T06:26:30.697+0000] {logging_mixin.py:137} INFO - [2024-04-22T06:26:30.697+0000] {dagbag.py:538} INFO - Filling up the DagBag from /usr/local/python/3.10.13/lib/python3.10/site-packages/airflow/example_dags/tutorial.py
[2024-04-22T06:26:30.712+0000] {processor.py:753} INFO - DAG(s) dict_keys(['tutorial']) retrieved from /usr/local/python/3.10.13/lib/python3.10/site-packages/airflow/example_dags/tutorial.py
[2024-04-22T06:26:30.727+0000] {logging_mixin.py:137} INFO - [2024-04-22T06:26:30.727+0000] {dag.py:2690} INFO - Sync 1 DAGs
[2024-04-22T06:26:30.742+0000] {logging_mixin.py:137} INFO - [2024-04-22T06:26:30.742+0000] {dag.py:3437} INFO - Setting next_dagrun for tutorial to 2024-04-21T06:26:30.742518+00:00, run_after=2024-04-22T06:26:30.742518+00:00
[2024-04-22T06:26:30.789+0000] {processor.py:175} INFO - Processing /usr/local/python/3.10.13/lib/python3.10/site-packages/airflow/example_dags/tutorial.py took 0.095 seconds
[2024-04-22T06:27:03.167+0000] {processor.py:153} INFO - Started process (PID=50060) to work on /usr/local/python/3.10.13/lib/python3.10/site-packages/airflow/example_dags/tutorial.py
[2024-04-22T06:27:03.167+0000] {processor.py:743} INFO - Processing file /usr/local/python/3.10.13/lib/python3.10/site-packages/airflow/example_dags/tutorial.py for tasks to queue
[2024-04-22T06:27:03.168+0000] {logging_mixin.py:137} INFO - [2024-04-22T06:27:03.168+0000] {dagbag.py:538} INFO - Filling up the DagBag from /usr/local/python/3.10.13/lib/python3.10/site-packages/airflow/example_dags/tutorial.py
[2024-04-22T06:27:03.179+0000] {processor.py:753} INFO - DAG(s) dict_keys(['tutorial']) retrieved from /usr/local/python/3.10.13/lib/python3.10/site-packages/airflow/example_dags/tutorial.py
[2024-04-22T06:27:03.195+0000] {logging_mixin.py:137} INFO - [2024-04-22T06:27:03.194+0000] {dag.py:2690} INFO - Sync 1 DAGs
[2024-04-22T06:27:03.209+0000] {logging_mixin.py:137} INFO - [2024-04-22T06:27:03.209+0000] {dag.py:3437} INFO - Setting next_dagrun for tutorial to 2024-04-21T06:27:03.209516+00:00, run_after=2024-04-22T06:27:03.209516+00:00
[2024-04-22T06:27:03.257+0000] {processor.py:175} INFO - Processing /usr/local/python/3.10.13/lib/python3.10/site-packages/airflow/example_dags/tutorial.py took 0.093 seconds
[2024-04-22T06:27:33.805+0000] {processor.py:153} INFO - Started process (PID=50292) to work on /usr/local/python/3.10.13/lib/python3.10/site-packages/airflow/example_dags/tutorial.py
[2024-04-22T06:27:33.806+0000] {processor.py:743} INFO - Processing file /usr/local/python/3.10.13/lib/python3.10/site-packages/airflow/example_dags/tutorial.py for tasks to queue
[2024-04-22T06:27:33.807+0000] {logging_mixin.py:137} INFO - [2024-04-22T06:27:33.807+0000] {dagbag.py:538} INFO - Filling up the DagBag from /usr/local/python/3.10.13/lib/python3.10/site-packages/airflow/example_dags/tutorial.py
[2024-04-22T06:27:33.819+0000] {processor.py:753} INFO - DAG(s) dict_keys(['tutorial']) retrieved from /usr/local/python/3.10.13/lib/python3.10/site-packages/airflow/example_dags/tutorial.py
[2024-04-22T06:27:33.837+0000] {logging_mixin.py:137} INFO - [2024-04-22T06:27:33.837+0000] {dag.py:2690} INFO - Sync 1 DAGs
[2024-04-22T06:27:33.860+0000] {logging_mixin.py:137} INFO - [2024-04-22T06:27:33.860+0000] {dag.py:3437} INFO - Setting next_dagrun for tutorial to 2024-04-21T06:27:33.859866+00:00, run_after=2024-04-22T06:27:33.859866+00:00
[2024-04-22T06:27:33.913+0000] {processor.py:175} INFO - Processing /usr/local/python/3.10.13/lib/python3.10/site-packages/airflow/example_dags/tutorial.py took 0.110 seconds
